0 -230 -117.5 -91 -61 -38 -11.5 -7 -68.746
9 -770 -114.5 -86 -52 -29 -7 -7 -67.828
19 -3962 -178 -131 -74 -37 -7 -7 -137.741
29 -5249 -155.5 -114 -39 -31 -7 -7 -267.231
39 -9684 -1378 -928 -63 -28 -7 -7 -758.91
49 -7773 -56 -43 -29 -17 -7 -7 -179.47
59 -9254 -936.5 -642 -252 -53 -7 -7 -686.35
69 -16419 -1282 -863 -176.5 -25 -7 -7 -989.858
79 -14238 -1141 -767 -42 -19 -7 -7 -1002.04
89 -8850 -436 -297 -34 -19 -7 -7 -409.715
99 -8093 -355.5 -251 -104 -42 -10 -10 -278.587
109 -11012 -1292 -874 -222.5 -38 -9 -9 -784.922
119 -5506 -311 -215 -42 -23 -13 -13 -309.026
129 -16439 -2767 -1876 -338.5 -94 -12 -12 -1292.02
139 -5195 -393.5 -274 -107 -35 -8 -8 -233.445
149 -14865 -3227 -2177 -325 -77 -9 -9 -1419.82
159 -5074 -740.5 -518 -222 -73 -7 -7 -448.845
169 -10982 -757.5 -528 -223 -69 -9 -9 -560.831
179 -11180 -448 -311 -121 -37 -8 -8 -252.413
189 -5681 -471.5 -330 -131 -47 -8 -8 -304.311
199 -13604 -1607 -1087 -183.5 -47 -8 -8 -965.016
209 -15473 -942.5 -654 -251 -77 -12 -12 -659.382
219 -4266 -407 -283 -107.5 -35 -8 -8 -229.557
229 -9497 -548 -377 -126 -35 -17 -17 -462.203
239 -4038 -395 -275 -110 -35 -10 -10 -244.077
249 -5075 -440 -305 -117 -35 -8 -8 -259.919
259 -6430 -476 -329 -125.5 -35 -8 -8 -346.853
269 -7093 -506 -349 -115.5 -35 -8 -8 -367.776
279 -8643 -470 -325 -117.5 -35 -9 -9 -365.379
289 -11820 -623 -427 -151 -35 -12 -12 -477.558
299 -11298 -534.5 -368 -139 -35 -9 -9 -384.613
309 -11508 -524 -361 -133 -35 -10 -10 -396.692
319 -9339 -608 -417 -134 -35 -8 -8 -483.518
329 -7199 -522.5 -360 -129.5 -35 -11 -11 -406.011
339 -5582 -473 -327 -126 -35 -10 -10 -304.966
349 -7558 -455 -315 -117.5 -35 -16 -16 -312.805
359 -6834 -399.5 -278 -96 -35 -8 -8 -220.672
369 -6674 -392 -273 -114 -35 -11 -11 -234.123
379 -6040 -416 -289 -122.5 -35 -21 -21 -245.003
389 -6058 -491 -339 -112 -35 -10 -10 -334.314
399 -7462 -524 -361 -133 -35 -10 -10 -366.75
409 -12610 -434 -301 -109 -35 -9 -9 -245.752
419 -6484 -645.5 -442 -148 -35 -8 -8 -398.01
429 -8200 -662 -453 -148 -35 -7 -7 -484.391
439 -7635 -698 -477 -150.5 -35 -7 -7 -526.203
449 -7223 -398 -277 -114 -35 -9 -9 -228.354
459 -9839 -464 -321 -109.5 -35 -19 -19 -311.963
469 -6342 -339.5 -238 -96.5 -35 -9 -9 -203.3
479 -5920 -416 -289 -124.5 -35 -7 -7 -242.533
489 -7989 -503 -347 -128.5 -35 -8 -8 -360.528
499 -7205 -461 -319 -123 -35 -7 -7 -363.292
509 -8973 -453.5 -314 -114 -35 -8 -8 -341.146
519 -7054 -446 -309 -115 -35 -8 -8 -340.839
529 -6265 -468.5 -324 -116.5 -35 -8 -8 -332.915
539 -10342 -471.5 -326 -121 -35 -8 -8 -366.697
549 -3567 -265.5 -188 -52.5 -33 -9 -9 -147.746
559 -3023 -250.5 -178 -55 -33 -9 -9 -140.846
569 -3309 -282 -199 -58.5 -33 -15 -15 -155.567
579 -6618 -252 -179 -47 -33 -8 -8 -159.078
589 -5862 -252 -179 -62.5 -33 -9 -9 -151.465
599 -5385 -246 -175 -54 -33 -12 -12 -148.515
609 -8000 -277.5 -196 -54 -33 -8 -8 -164.042
619 -4415 -219 -157 -39.5 -33 -12 -12 -143.344
629 -4814 -252 -179 -50 -33 -8 -8 -145.986
639 -8291 -288 -203 -59.5 -33 -7 -7 -186.294
649 -5877 -289.5 -204 -60 -33 -13 -13 -172.164
659 -10367 -259.5 -184 -52 -33 -8 -8 -140.976
669 -7496 -267 -189 -59.5 -33 -10 -10 -157.761
679 -2745 -243 -173 -50 -33 -14 -14 -141.982
689 -5667 -249 -177 -51 -33 -10 -10 -155.16
699 -1576 -264 -187 -59.5 -33 -8 -8 -142.306
709 -4027 -250.5 -178 -52 -33 -11 -11 -159.43
719 -6717 -219 -157 -47 -33 -10 -10 -148.259
729 -4633 -265.5 -188 -55 -33 -8 -8 -149.069
739 -5378 -279 -197 -55.5 -33 -10 -10 -177.345
749 -2670 -273 -193 -60 -33 -8 -8 -151.676
759 -7209 -274.5 -194 -57 -33 -8 -8 -155.97
769 -5350 -249 -177 -48 -33 -9 -9 -153.901
779 -2324 -256.5 -182 -54 -33 -7 -7 -144.78
789 -5107 -229.5 -164 -50 -33 -8 -8 -143.102
799 -2416 -243 -173 -41 -33 -8 -8 -131.26
809 -5011 -259.5 -184 -50.5 -33 -10 -10 -146.322
819 -6224 -246 -175 -45 -33 -7 -7 -143.572
829 -4363 -252 -179 -54 -33 -7 -7 -151.41
839 -5250 -246 -175 -56 -33 -8 -8 -156.397
849 -3469 -270 -191 -50.5 -33 -8 -8 -153.105
859 -3793 -256.5 -182 -51 -33 -9 -9 -151.686
869 -5455 -241.5 -172 -52.5 -33 -8 -8 -154.074
879 -1425 -249 -177 -43 -33 -9 -9 -136.888
889 -2488 -244.5 -174 -50 -33 -7 -7 -137.348
899 -8783 -265.5 -188 -67.5 -33 -8 -8 -167.513
909 -4720 -234 -167 -46.5 -33 -9 -9 -143.852
919 -3688 -286.5 -202 -61.5 -33 -12 -12 -166.466
929 -4375 -234 -167 -48.5 -33 -8 -8 -141.033
939 -4736 -246 -175 -48.5 -33 -10 -10 -149.971
949 -3106 -253.5 -180 -54 -33 -8 -8 -150.231
959 -2724 -261 -185 -47 -33 -13 -13 -142.54
969 -4142 -249 -177 -42.5 -33 -9 -9 -147.67
979 -5261 -237 -169 -53.5 -33 -9 -9 -150.563
989 -2935 -250.5 -178 -51.5 -33 -8 -8 -141.67
999 -4769 -228 -163 -53 -33 -8 -8 -146.362
1009 -4021 -261 -185 -62.5 -33 -9 -9 -162.704
1019 -3834 -237 -169 -43 -33 -9 -9 -138.084
1029 -7215 -259.5 -184 -57 -33 -9 -9 -154.076
1039 -4624 -274.5 -194 -56 -33 -7 -7 -160.49
1049 -3962 -244.5 -174 -52 -33 -13 -13 -141.743
1059 -6182 -259.5 -184 -55 -33 -8 -8 -146.935
1069 -7684 -268.5 -190 -67.5 -33 -12 -12 -167.03
1079 -4842 -283.5 -200 -54 -33 -13 -13 -158.743
1089 -6629 -348 -243 -97.5 -33 -11 -11 -187.293
1099 -3314 -388.5 -270 -101 -33 -8 -8 -191.539
1109 -8946 -357 -249 -95 -33 -9 -9 -186.606
1119 -4311 -361.5 -252 -102 -33 -8 -8 -187.017
1129 -3976 -373.5 -260 -109.5 -33 -11 -11 -188.815
1139 -2165 -369 -257 -107 -33 -7 -7 -192.609
1149 -3516 -387 -269 -113 -33 -10 -10 -204.665
1159 -6490 -375 -261 -116.5 -33 -14 -14 -194.31
1169 -4578 -381 -265 -105 -33 -7 -7 -184.91
1179 -5956 -363 -253 -112.5 -33 -8 -8 -203.006
1189 -7200 -393 -273 -97.5 -33 -7 -7 -205.521
1199 -6112 -372 -259 -112.5 -33 -9 -9 -207.841
1209 -3024 -346.5 -242 -120.5 -33 -10 -10 -196.659
1219 -2743 -373.5 -260 -109 -33 -9 -9 -200.121
1229 -7845 -351 -245 -101 -33 -8 -8 -194.022
1239 -2063 -394.5 -274 -111.5 -33 -8 -8 -195.952
1249 -5497 -364.5 -254 -100.5 -33 -8 -8 -199.464
1259 -8697 -337.5 -236 -102 -33 -8 -8 -204.161
1269 -4158 -378 -263 -109 -33 -8 -8 -202.134
1279 -4621 -348 -243 -100.5 -33 -9 -9 -185.716
1289 -7758 -355.5 -248 -108 -33 -8 -8 -188.23
1299 -6862 -348 -243 -89 -33 -12 -12 -187.885
1309 -7234 -351 -245 -95 -33 -8 -8 -208.572
1319 -2920 -370.5 -258 -103 -33 -14 -14 -189.204
1329 -3444 -349.5 -244 -102 -33 -10 -10 -197.42
1339 -4460 -364.5 -254 -113 -33 -8 -8 -201.343
1349 -1843 -372 -259 -121 -33 -10 -10 -190.371
1359 -3121 -375 -261 -107.5 -33 -8 -8 -187.706
1369 -5155 -343.5 -240 -94 -33 -8 -8 -191.62
1379 -8905 -358.5 -250 -103.5 -33 -9 -9 -208.475
1389 -7573 -384 -267 -109.5 -33 -10 -10 -215.597
1399 -7129 -354 -247 -110.5 -33 -7 -7 -194.229
1409 -5246 -354 -247 -105 -33 -11 -11 -187.531
1419 -7907 -372 -259 -104 -33 -9 -9 -208.871
1429 -2603 -255 -181 -49 -33 -10 -10 -143.531
1439 -3719 -267 -189 -61 -33 -8 -8 -149.143
1449 -4938 -244.5 -174 -47 -33 -11 -11 -136.399
1459 -1827 -270 -191 -50.5 -33 -9 -9 -144.277
1469 -4715 -289.5 -204 -57 -33 -8 -8 -155.308
1479 -2010 -222 -159 -40.5 -33 -9 -9 -126.116
1489 -3451 -378 -263 -79.5 -33 -8 -8 -196.912
1499 -4444 -339 -237 -64 -33 -8 -8 -187.741
1509 -5143 -345 -241 -67.5 -33 -8 -8 -192.24
1519 -2099 -354 -247 -61.5 -33 -8 -8 -189.167
1529 -6765 -348 -243 -62.5 -33 -9 -9 -191.623
1539 -6543 -360 -251 -71 -33 -9 -9 -205.576
1549 -1832 -253.5 -180 -47 -33 -9 -9 -138.196
1559 -4633 -373.5 -260 -66 -33 -8 -8 -192.626
1569 -3247 -208.5 -150 -52 -33 -11 -11 -126.567
1579 -2161 -247.5 -176 -50.5 -33 -10 -10 -139.562
1589 -3685 -246 -175 -56.5 -33 -8 -8 -135.618
1599 -2119 -246 -175 -60.5 -33 -12 -12 -138.695
1609 -3662 -264 -187 -51.5 -33 -9 -9 -152.423
1619 -3989 -253.5 -180 -46 -33 -8 -8 -135.019
1629 -6831 -423 -293 -110.5 -33 -10 -10 -214.072
1639 -1912 -276 -195 -62.5 -33 -7 -7 -143.981
1649 -8983 -468 -323 -122.5 -33 -8 -8 -235.624
1659 -9978 -258 -183 -46 -33 -8 -8 -168.276
1669 -1569 -453 -313 -132 -33 -8 -8 -215.021
1679 -3896 -340.5 -238 -101.5 -33 -9 -9 -175.547
1689 -1540 -345 -241 -100 -33 -9 -9 -180.899
1699 -3633 -361.5 -252 -99.5 -33 -8 -8 -187.826
1709 -2378 -443.5 -309 -131 -40 -15 -15 -230.477
1719 -6116 -497.5 -345 -141 -40 -15 -15 -243.844
1729 -3186 -473.5 -329 -142 -40 -8 -8 -241.762
1739 -4625 -346 -244 -87 -40 -11 -11 -183.607
1749 -3575 -369 -257 -106 -33 -9 -9 -203.135
1759 -5366 -321 -225 -91 -33 -12 -12 -180.386
1769 -3344 -340.5 -238 -92.5 -33 -8 -8 -179.085
1779 -1932 -375 -261 -100.5 -33 -8 -8 -182.793
1789 -3284 -369 -257 -104 -33 -7 -7 -183.677
1799 -2169 -357 -249 -92 -33 -9 -9 -175.238
1809 -2688 -375 -261 -97 -33 -8 -8 -179.903
1819 -1459 -318 -223 -77 -33 -7 -7 -156.457
1829 -3011 -355.5 -248 -95 -33 -7 -7 -179.434
1839 -6854 -320.5 -227 -97 -40 -16 -16 -181.625
1849 -4085 -355.5 -248 -106 -33 -7 -7 -187.465
1859 -3141 -372 -259 -96 -33 -8 -8 -182.081
1869 -8733 -358.5 -250 -102.5 -33 -8 -8 -202.194
1879 -1923 -360 -251 -106.5 -33 -9 -9 -178.001
1889 -1564 -309 -217 -82.5 -33 -8 -8 -164.027
1899 -4283 -351 -245 -99 -33 -9 -9 -181.631
1909 -4439 -361.5 -252 -103 -33 -11 -11 -189.282
1919 -3679 -361.5 -252 -101.5 -33 -8 -8 -184.412
1929 -1782 -364.5 -254 -99.5 -33 -10 -10 -184.504
1939 -6764 -228 -163 -45.5 -33 -8 -8 -138.361
1949 -6735 -214.5 -154 -50.5 -33 -11 -11 -138.194
1959 -2361 -252 -179 -41.5 -33 -10 -10 -138.789
1969 -3376 -346.5 -242 -90 -33 -7 -7 -182.654
1979 -4839 -376.5 -262 -108.5 -33 -10 -10 -194.452
1989 -8545 -355.5 -248 -96 -33 -9 -9 -187.607
1999 -2130 -342 -239 -99.5 -33 -8 -8 -172.509
2009 -8159 -340.5 -238 -94 -33 -9 -9 -189.509
2019 -4774 -318 -223 -87 -33 -7 -7 -182.44
2029 -4190 -249 -177 -63.5 -33 -7 -7 -150.268
2039 -2322 -273 -193 -55 -33 -9 -9 -147.453
2049 -3400 -264 -187 -55 -33 -8 -8 -145.089
2059 -4274 -241.5 -172 -58 -33 -9 -9 -145.209
2069 -6297 -237 -169 -53 -33 -9 -9 -142.275
2079 -2896 -354 -247 -100 -33 -7 -7 -182.242
2089 -5239 -325.5 -228 -98 -33 -11 -11 -180.721
2099 -9875 -337.5 -236 -99.5 -33 -9 -9 -189.088
2109 -5174 -336 -235 -88 -33 -8 -8 -177.674
2119 -6571 -358.5 -250 -101 -33 -10 -10 -190.238
2129 -5183 -343.5 -240 -93 -33 -8 -8 -184.945
2139 -4673 -348 -243 -105 -33 -7 -7 -180.433
2149 -3084 -346.5 -242 -97 -33 -7 -7 -178.677
2159 -3180 -370.5 -258 -103 -33 -8 -8 -193.925
2169 -4550 -361.5 -252 -91 -33 -7 -7 -192.584
2179 -3704 -343.5 -240 -88 -33 -9 -9 -177.79
2189 -2450 -333 -233 -92 -33 -9 -9 -162.437
2199 -4624 -330 -231 -97 -33 -7 -7 -171.423
2209 -4196 -349.5 -244 -104.5 -33 -8 -8 -181.423
2219 -2962 -396 -275 -93.5 -33 -7 -7 -183.25
2229 -1800 -337.5 -236 -98.5 -33 -10 -10 -175.878
2239 -2115 -339 -237 -94.5 -33 -8 -8 -176.969
2249 -6581 -351 -245 -90 -33 -8 -8 -187.791
2259 -2863 -381 -265 -108 -33 -9 -9 -192.101
2269 -4503 -354 -247 -93.5 -33 -8 -8 -186.149
2279 -8859 -377.5 -265 -106 -40 -13 -13 -203.532
2289 -2942 -345 -241 -98 -33 -7 -7 -180.398
2299 -2210 -349.5 -244 -95 -33 -8 -8 -184.97
2309 -3429 -361.5 -252 -103 -33 -9 -9 -189.677
2319 -5532 -327 -229 -87.5 -33 -9 -9 -187.549
2329 -4888 -357 -249 -89.5 -33 -9 -9 -185.085
2339 -7571 -370 -260 -105.5 -40 -7 -7 -201.529
2349 -6901 -395.5 -277 -114 -40 -7 -7 -221.102
2359 -3348 -385 -270 -108 -40 -18 -18 -207.039
2369 -3916 -337 -238 -93 -40 -16 -16 -191.539
2379 -4830 -367 -258 -108 -40 -8 -8 -192.327
2389 -3125 -327 -229 -92.5 -33 -7 -7 -173.389
2399 -6238 -370.5 -258 -112 -33 -9 -9 -208.513
2409 -6334 -315 -221 -92 -33 -8 -8 -173.749
2419 -2040 -354 -247 -96 -33 -9 -9 -178.228
2429 -3578 -346.5 -242 -96 -33 -7 -7 -181.472
2439 -2986 -330 -231 -85 -33 -7 -7 -167.595
2449 -2362 -334.5 -234 -96 -33 -8 -8 -178.036
2459 -5818 -357 -249 -87 -33 -8 -8 -193.969
2469 -2438 -324 -227 -78 -33 -7 -7 -167.75
2479 -3204 -346.5 -242 -104 -33 -8 -8 -179.676
2489 -4308 -343.5 -240 -92.5 -33 -9 -9 -173.31
2499 -2232 -346.5 -242 -94 -33 -7 -7 -175.102
2509 -2315 -349.5 -244 -99 -33 -10 -10 -179.398
2519 -5683 -382.5 -266 -104 -33 -8 -8 -204.315
2529 -1346 -348 -243 -95 -33 -7 -7 -170.021
2539 -2433 -334.5 -234 -100.5 -33 -9 -9 -173.053
2549 -3042 -339 -237 -100 -33 -7 -7 -180.711
2559 -8410 -334.5 -234 -91.5 -33 -9 -9 -186.909
2569 -4313 -382.5 -266 -98 -33 -10 -10 -190.402
2579 -1757 -343.5 -240 -93 -33 -10 -10 -175.648
2589 -4817 -364.5 -254 -103 -33 -8 -8 -195.791
2599 -3530 -348 -243 -106 -33 -8 -8 -196.861
2609 -3358 -334.5 -234 -98.5 -33 -7 -7 -190.667
2619 -3411 -370.5 -258 -110 -33 -7 -7 -188.873
2629 -9053 -388.5 -270 -115 -33 -9 -9 -209.8
2639 -4198 -346.5 -242 -98.5 -33 -8 -8 -184.343
2649 -3376 -361.5 -252 -100 -33 -8 -8 -187.318
2659 -2717 -379.5 -264 -102 -33 -8 -8 -187.146
2669 -6344 -361.5 -252 -99 -33 -8 -8 -190.567
2679 -2856 -336 -235 -94.5 -33 -8 -8 -178.253
2689 -2361 -309 -217 -91 -33 -8 -8 -175.036
2699 -2880 -366 -255 -94 -33 -8 -8 -183.518
2709 -3844 -352.5 -246 -97 -33 -8 -8 -192.577
2719 -5760 -391.5 -272 -113.5 -33 -11 -11 -202.191
2729 -2998 -333 -233 -101.5 -33 -9 -9 -177.532
2739 -1821 -336 -235 -100 -33 -7 -7 -172.763
2749 -3708 -399 -277 -99.5 -33 -7 -7 -206.536
2759 -10715 -450 -311 -123 -33 -8 -8 -240.122
2769 -5690 -484.5 -334 -124.5 -33 -7 -7 -240.593
2779 -3784 -460.5 -318 -125 -33 -8 -8 -223.507
2789 -3184 -426 -295 -120.5 -33 -10 -10 -215.242
2799 -3003 -391.5 -272 -103 -33 -8 -8 -194.359
2809 -1726 -376.5 -262 -100.5 -33 -10 -10 -183.26
2819 -5174 -417 -289 -124.5 -33 -15 -15 -220.216
2829 -6880 -390 -271 -109 -33 -8 -8 -229.661
2839 -5978 -396 -275 -113.5 -33 -7 -7 -218.048
2849 -4578 -502.5 -346 -134 -33 -8 -8 -247.111
2859 -5513 -482 -333 -123.5 -35 -10 -10 -364.099
2869 -11863 -468.5 -324 -122 -35 -8 -8 -350.583
2879 -7866 -477.5 -330 -126 -35 -14 -14 -330.228
2889 -5395 -488 -337 -121 -35 -8 -8 -346.717
2899 -11333 -446 -309 -122.5 -35 -10 -10 -339.603
2909 -12792 -446 -309 -117.5 -35 -7 -7 -358.069
2919 -6889 -615.5 -422 -154.5 -35 -9 -9 -410.167
2929 -9471 -722 -493 -179 -35 -7 -7 -501.129
2939 -8028 -777.5 -530 -204 -35 -13 -13 -472.294
2949 -7494 -264.5 -188 -37 -35 -7 -7 -306.905
2959 -8386 -248 -177 -37 -35 -7 -7 -314.715
2969 -10172 -260 -185 -37 -35 -7 -7 -282.779
2979 -8985 -335 -235 -37 -35 -8 -8 -329.231
2989 -8705 -374 -261 -37 -35 -7 -7 -320.411
2999 -6538 -414.5 -288 -37 -35 -7 -7 -351.36
3009 -10034 -396.5 -276 -37 -35 -7 -7 -325.56
3019 -8819 -408.5 -284 -37 -35 -8 -8 -369.161
3029 -9896 -805.5 -549 -110.5 -36 -7 -7 -524.519
3039 -7751 -750 -512 -91 -36 -7 -7 -566.161
3049 -8839 -756 -516 -92 -36 -11 -11 -514.204
3059 -8408 -759.5 -518 -81.5 -35 -7 -7 -502.384
3069 -7128 -531.5 -378 -184 -71 -7 -7 -363.677
3079 -11169 -1401 -964 -318 -90 -8 -8 -873.926
3089 -11623 -1046 -727 -272 -89 -7 -7 -713.736
3099 -11486 -2165 -1500 -496 -170 -19 -19 -1129.44
3109 -9485 -1289.5 -920 -464 -181 -7 -7 -671.984
3119 -9549 -844.5 -576 -264 -39 -8 -8 -429.756
3129 -9219 -379 -264 -70 -34 -17 -17 -282.734
3139 -11325 -343 -240 -67.5 -34 -7 -7 -350.05
3149 -12088 -100 -78 -35 -34 -12 -7 -193.227
3159 -11521 -1816 -1253 -419.5 -127 -25 -25 -1027.36
3169 -9459 -171 -122 -35 -24 -18 -18 -238.718
3179 -10536 -134.5 -101 -35 -34 -7 -7 -192.524
3189 -18097 -458.5 -318 -63 -37 -7 -7 -265.179
3199 -8331 -476.5 -330 -39 -37 -7 -7 -283.017
3209 -11443 -191.5 -134 -37 -19 -7 -7 -452.194
3219 -12795 -4882 -3261 -359.5 -19 -7 -7 -1855.08
3229 -20531 -3129 -2093 -33 -21 -10 -10 -1619.14
3239 -15948 -426.5 -291 -42 -20 -7 -7 -726.119
3249 -16647 -2534.5 -1700 -363 -31 -9 -9 -1384.63
3259 -10041 -502.5 -343 -47 -24 -7 -7 -595.955
3269 -11214 -687 -466 -47 -24 -7 -7 -697.61
3279 -15946 -3416.5 -2293 -928 -46 -7 -7 -1618.09
3289 -14515 -436 -306 -75 -46 -7 -7 -733.478
3299 -13323 -3459.5 -2322 -728.5 -47 -15 -15 -1526.63
3309 -12745 -720.5 -490 -109.5 -29 -8 -8 -879.63
3319 -10414 -303.5 -208 -70.5 -17 -8 -8 -213.068
3329 -10504 -262 -180 -58 -16 -11 -11 -181.951
3339 -12427 -610 -412 -145 -16 -8 -8 -699.742
3349 -9574 -1419.5 -953 -205.5 -20 -12 -12 -752.965
3359 -2778 -777 -575 -323.5 -171 -7 -7 -425.627
3369 -7382 -280.5 -206 -67 -57 -10 -10 -175.158
3379 -7858 -755 -553 -298 -149 -7 -7 -441.288
3389 -7442 -303 -221 -82 -57 -9 -9 -192.224
3399 -2281 -230.5 -171 -57 -52 -15 -15 -153.045
3409 -5906 -212.5 -159 -57 -52 -12 -12 -147.938
3419 -7359 -244.5 -182 -62 -57 -9 -9 -173.294
3429 -2472 -246 -183 -62 -57 -7 -7 -164.361
3439 -7635 -213 -158 -62 -48 -14 -14 -164.429
3449 -7827 -225 -166 -62 -48 -8 -8 -183.338
3459 -3044 -223.5 -165 -62 -48 -11 -11 -156.925
3469 -5106 -198 -148 -62 -48 -11 -11 -154.027
3479 -5508 -195 -146 -62 -48 -15 -15 -159.226
3489 -4689 -257.5 -186 -57 -43 -7 -7 -159.16
3499 -5101 -215.5 -158 -57 -43 -8 -8 -154.969
3509 -4158 -251.5 -182 -57 -43 -9 -9 -175.273
3519 -3535 -216 -160 -62 -48 -11 -11 -162.809
3529 -5773 -253.5 -185 -62 -48 -7 -7 -191.266
3539 -6332 -227.5 -166 -57 -43 -8 -8 -169.76
3549 -6320 -247 -179 -57 -43 -8 -8 -203.547
3559 -4835 -271.5 -198 -57 -51 -12 -12 -206.232
3569 -7853 -199.5 -150 -57 -51 -7 -7 -204.472
3579 -5903 -297 -215 -57 -51 -8 -8 -253.239
3589 -5518 -216 -161 -57 -51 -11 -11 -209.065
3599 -5674 -235.5 -174 -57 -51 -15 -15 -206.119
3609 -6902 -237 -175 -57 -51 -15 -15 -208.841
3619 -14270 -237 -175 -57 -51 -19 -19 -207.084
3629 -14522 -2642.5 -1857 -790 -286 -8 -8 -1304.72
3639 -7856 -268.5 -196 -57 -51 -19 -19 -240.327
3649 -6121 -198 -149 -57 -51 -10 -10 -193.463
3659 -5981 -261 -191 -57 -51 -16 -16 -237.343
3669 -9027 -2453 -1727 -740.5 -275 -17 -17 -1282.12
3679 -6990 -235.5 -174 -57 -51 -8 -8 -182.439
3689 -5206 -244.5 -180 -57 -51 -7 -7 -162.376
3699 -7333 -261 -191 -57 -51 -10 -10 -181.177
3709 -5587 -214.5 -160 -57 -51 -17 -17 -151.628
3719 -5124 -217.5 -162 -57 -51 -14 -14 -174.611
3729 -5625 -219 -163 -57 -51 -7 -7 -164.766
3739 -9310 -191.5 -142 -52 -43 -7 -7 -182.987
3749 -9558 -161.5 -122 -52 -43 -11 -11 -145.78
3759 -5968 -193.5 -146 -57 -51 -23 -23 -163.38
3769 -2672 -196.5 -148 -57 -51 -8 -8 -140.483
3779 -8489 -225 -167 -57 -51 -11 -11 -166.86
3789 -12703 -202 -149 -52 -43 -15 -15 -199.834
3799 -2089 -175.5 -131 -47 -42 -10 -10 -119.584
3809 -6833 -187 -140 -52 -46 -8 -8 -148.185
3819 -7474 -161.5 -123 -52 -46 -12 -12 -130.91
3829 -5081 -178 -134 -52 -46 -19 -19 -145.379
3839 -8772 -2397.5 -1677 -677 -236 -19 -19 -1191.9
3849 -3235 -189.5 -142 -52 -47 -16 -16 -153.419
3859 -23231 -4477.5 -3014 -452 -87 -15 -15 -1899.42
3869 -11523 -1758 -1208 -361.5 -108 -9 -9 -1036.28
3879 -16745 -4717.5 -3156 -786.5 -33 -12 -12 -1971.07
3889 -10377 -330.5 -231 -60 -32 -11 -11 -199.463
3899 -11091 -338 -236 -55 -32 -13 -13 -201.116
3909 -6316 -342.5 -239 -53 -32 -16 -16 -224.781
3919 -10339 -363.5 -253 -73.5 -32 -8 -8 -301.567
3929 -7488 -339.5 -237 -52.5 -32 -8 -8 -232.243
3939 -4729 -324 -227 -54 -33 -7 -7 -226.685
3949 -8545 -371 -258 -66 -32 -12 -12 -288.679
3959 -8341 -330 -231 -58.5 -33 -9 -9 -221.556
3969 -7568 -360.5 -251 -69.5 -32 -9 -9 -236.438
3979 -5033 -308 -216 -56.5 -32 -8 -8 -228.186
3989 -7419 -341 -238 -67.5 -32 -8 -8 -225.606
3999 -7923 -309.5 -217 -50.5 -32 -7 -7 -237.754
4009 -5395 -353 -246 -63 -32 -7 -7 -249.906
4019 -9808 -354.5 -247 -63 -32 -9 -9 -260.699
4029 -13693 -306.5 -215 -54.5 -32 -9 -9 -241.654
4039 -8232 -320 -224 -68.5 -32 -19 -19 -263.109
4049 -7954 -363.5 -253 -72 -32 -8 -8 -266.716
4059 -8131 -330.5 -231 -52 -32 -9 -9 -291.18
4069 -8926 -345.5 -241 -59.5 -32 -7 -7 -267.4
4079 -10606 -350 -244 -74.5 -32 -15 -15 -289.637
4089 -4006 -333.5 -233 -61 -32 -12 -12 -205.212
4099 -9904 -1166 -788 -100.5 -32 -7 -7 -676.404
4109 -10349 -481.5 -332 -65.5 -33 -11 -11 -474.205
4119 -13137 -645.5 -441 -80 -32 -8 -8 -475.263
4129 -12975 -2913.5 -1969 -400.5 -80 -10 -10 -1331.65
4139 -6751 -415 -295 -115 -55 -19 -19 -274.673
4149 -6316 -504.5 -359 -175.5 -68 -10 -10 -335.566
4159 -6834 -507 -358 -156.5 -60 -10 -10 -325.93
4169 -7593 -529.5 -374 -168.5 -63 -8 -8 -340.712
4179 -8517 -477 -338 -161.5 -60 -12 -12 -364.378
4189 -9161 -519 -366 -163 -60 -10 -10 -334.255
4199 -9921 -873 -608 -199 -78 -11 -11 -723.961
4209 -7034 -379 -266 -104 -40 -9 -9 -261.954
4219 -8291 -873 -595 -190 -39 -11 -11 -571.437
4229 -9650 -568 -393 -162 -43 -12 -12 -436.759
4239 -8446 -613 -423 -147 -43 -16 -16 -444.055
4249 -8241 -604 -417 -150 -43 -11 -11 -415.59
4259 -8035 -647.5 -446 -163.5 -43 -12 -12 -455.556
4269 -7146 -629.5 -434 -175.5 -43 -12 -12 -477.451
4279 -16626 -698.5 -480 -159 -43 -11 -11 -495.511
4289 -3902 -378 -265 -116.5 -39 -12 -12 -207.325
4299 -8164 -640.5 -440 -152 -39 -12 -12 -476.395
4309 -6469 -384 -269 -108.5 -39 -14 -14 -216.61
4319 -7315 -522 -361 -121 -39 -12 -12 -392.655
4329 -9049 -636 -437 -135.5 -39 -7 -7 -422.182
4339 -7432 -451.5 -314 -122 -39 -7 -7 -238.008
4349 -8808 -553.5 -382 -150 -39 -15 -15 -415.429
4359 -7888 -648 -445 -151.5 -39 -13 -13 -429.994
4369 -9906 -595.5 -410 -158.5 -39 -12 -12 -425.997
4379 -10414 -670.5 -469 -201.5 -66 -7 -7 -437.557
4389 -10838 -569 -391 -138.5 -35 -11 -11 -451.927
4399 -10980 -597.5 -410 -128 -35 -9 -9 -435.594
4409 -6540 -891.5 -606 -187 -35 -12 -12 -495.19
4419 -7583 -560 -385 -128 -35 -13 -13 -392.642
4429 -5395 -539 -371 -122 -35 -8 -8 -364.01
4439 -8220 -531.5 -366 -122 -35 -7 -7 -372.161
4449 -7144 -476 -329 -118.5 -35 -8 -8 -350.781
4459 -5691 -572 -393 -128.5 -35 -8 -8 -378.686
4469 -7993 -521 -359 -140.5 -35 -8 -8 -391.119
4479 -4560 -551 -379 -112 -35 -10 -10 -366.377
4489 -5383 -506 -349 -121.5 -35 -9 -9 -357.165
4499 -4388 -241.5 -172 -47 -33 -9 -9 -145.445
4509 -4661 -243 -173 -43 -33 -9 -9 -154.087
4519 -7859 -225 -161 -42 -33 -14 -14 -145.831
4529 -15395 -253.5 -180 -56 -33 -9 -9 -206.75
4539 -9883 -521 -359 -122.5 -35 -11 -11 -347.029
4549 -6293 -555.5 -382 -132 -35 -9 -9 -365.939
4559 -6006 -474.5 -328 -108 -35 -7 -7 -338.382
4569 -7848 -521 -359 -128 -35 -8 -8 -394.229
4579 -4340 -483.5 -334 -119.5 -35 -9 -9 -332.374
4589 -5756 -270 -191 -54.5 -33 -13 -13 -177.758
4599 -4388 -441.5 -306 -102 -35 -14 -14 -305.066
4609 -3416 -244.5 -174 -48 -33 -9 -9 -151.434
4619 -4658 -461 -319 -121 -35 -8 -8 -303.128
4629 -4630 -256.5 -182 -48.5 -33 -12 -12 -154.301
4639 -9221 -537.5 -370 -121 -35 -9 -9 -357.892
4649 -14886 -525.5 -362 -119.5 -35 -9 -9 -382.01
4659 -4480 -507.5 -350 -126 -35 -9 -9 -322.398
4669 -6959 -425 -295 -104.5 -35 -13 -13 -318.739
4679 -6418 -503 -347 -115.5 -35 -7 -7 -324.921
4689 -6050 -474.5 -328 -109 -35 -9 -9 -319.275
4699 -6432 -455 -315 -103.5 -35 -7 -7 -338.673
4709 -7778 -525.5 -362 -118 -35 -11 -11 -369.67
4719 -9809 -536 -369 -118 -35 -10 -10 -380.768
4729 -6698 -483.5 -334 -113 -35 -7 -7 -340.658
4739 -4973 -467 -323 -110 -35 -9 -9 -336.882
4749 -5288 -464 -321 -104 -35 -10 -10 -302.51
4759 -8119 -462.5 -320 -111 -35 -8 -8 -354.616
4769 -5282 -500 -345 -127 -35 -14 -14 -330.001
4779 -4666 -470 -325 -104 -35 -14 -14 -310.425
4789 -6933 -525.5 -362 -112 -35 -11 -11 -345.524
4799 -3963 -476 -329 -106 -35 -8 -8 -305.84
4809 -5308 -464 -321 -108 -35 -9 -9 -320.098
4819 -4840 -458 -317 -127.5 -35 -7 -7 -314.45
4829 -5594 -467 -323 -106.5 -35 -7 -7 -317.714
4839 -5286 -486.5 -336 -113 -35 -7 -7 -338.302
4849 -5943 -483.5 -334 -120.5 -35 -8 -8 -347.167
4859 -5298 -507.5 -350 -114.5 -35 -8 -8 -296.534
4869 -5033 -459.5 -318 -114.5 -35 -11 -11 -314.826
4879 -6663 -563 -387 -125 -35 -9 -9 -395.113
4889 -4941 -480.5 -332 -118 -35 -9 -9 -326.134
4899 -5746 -512 -353 -121.5 -35 -9 -9 -320.142
4909 -5172 -542 -373 -145 -35 -9 -9 -332.42
4919 -7531 -482 -333 -96.5 -35 -7 -7 -325.685
4929 -9796 -500 -345 -112 -35 -10 -10 -363.593
4939 -5199 -605 -415 -168 -35 -7 -7 -358.712
4949 -7968 -471.5 -326 -98 -35 -9 -9 -334.705
4959 -5382 -444.5 -308 -96 -35 -11 -11 -307.432
4969 -4698 -444.5 -308 -110.5 -35 -7 -7 -307.589
4979 -4575 -459.5 -318 -117.5 -35 -9 -9 -305.104
4989 -6328 -447.5 -310 -99 -35 -8 -8 -312.597
4999 -6766 -489.5 -338 -108.5 -35 -7 -7 -318.82
