0 -145 -101.5 -86 -69 -55 -39.5 -21 -71.203
9 -146 -101 -84 -65 -50 -33 -20 -68.117
19 -160 -101.5 -84 -64 -49 -31.5 -17 -67.945
29 -141 -96 -80 -62 -48 -32 -20 -65.543
39 -157 -109.5 -89 -64 -48 -27.5 -17 -69.789
49 -130 -90 -74 -55 -42 -26 -14 -60.055
59 -150 -76 -65 -53 -43 -32 -14 -56.28
69 -125 -72.5 -62 -50 -41 -30.5 -15 -52.734
79 -127 -65.5 -57 -48 -40 -31.5 -20 -52.719
89 -138 -67 -57 -45 -37 -27 -12 -53.102
99 -115 -68.5 -58 -46 -37 -26.5 -15 -50.122
109 -108 -65.5 -56 -44 -37 -27.5 -15 -47.325
119 -95 -62.5 -54 -45 -37 -28.5 -13 -46.298
129 -121 -78.5 -64 -42 -35 -20.5 -16 -48.321
139 -93 -60.5 -52 -40 -35 -26.5 -16 -44.485
149 -114 -65 -55 -41 -35 -25 -13 -47.848
159 -111 -65 -55 -41 -35 -25 -15 -47.285
169 -111 -55 -49 -41 -37 -31 -17 -46.583
179 -106 -50.5 -46 -39 -37 -32.5 -17 -44.735
189 -122 -122 -101 -61.5 -40 -12 -12 -69.804
199 -108 -87.5 -71 -58 -38 -21.5 -13 -55.276
209 -106 -89 -72 -56 -38 -21 -13 -54.645
219 -111 -87 -71 -49 -39 -23 -12 -51.848
229 -106 -81 -67 -48.5 -39 -25 -12 -50.893
239 -119 -87 -71 -48.5 -39 -23 -12 -51.902
249 -115 -103.5 -82 -45 -39 -17.5 -13 -52.994
259 -102 -88 -72 -45.5 -40 -24 -14 -52.641
269 -146 -120 -91 -43 -33 -12 -12 -59.846
279 -121 -73.5 -61 -42 -36 -23.5 -13 -50.208
289 -98 -55 -49 -43 -37 -31 -15 -45.161
299 -98 -56.5 -50 -44 -37 -30.5 -15 -44.739
309 -107 -66.5 -57 -48 -38 -28.5 -15 -47.426
319 -107 -64 -56 -48 -40 -32 -14 -46.915
329 -97 -65.5 -57 -43 -40 -31.5 -15 -46.918
339 -102 -64 -55 -51 -37 -28 -15 -48.117
349 -85 -79.5 -65 -46 -36 -21.5 -14 -47.758
359 -95 -64.5 -55 -46 -36 -26.5 -12 -46.651
369 -100 -79 -65 -51 -37 -23 -14 -49.944
379 -93 -78.5 -65 -51 -38 -24.5 -14 -50.408
389 -92 -66 -50 -33 -18 -14 -14 -35.252
399 -99 -67 -51 -36 -19 -14 -14 -36.872
409 -93 -67 -50 -33 -16 -13 -13 -35.145
419 -88 -67 -50 -36 -16 -14 -14 -36.192
429 -91 -67 -50 -36 -16 -13 -13 -35.243
439 -97 -67 -50 -37 -16 -13 -13 -36.766
449 -88 -67 -50 -36 -16 -14 -14 -35.322
459 -94 -66.5 -50 -36 -17 -13 -13 -34.975
469 -83 -63.5 -48 -35 -17 -14 -14 -34.533
479 -92 -64 -48 -36 -16 -14 -14 -33.927
489 -87 -59.5 -45 -31 -16 -14 -14 -32.888
499 -89 -59.5 -45 -29 -16 -14 -14 -32.874
509 -88 -58 -44 -33 -16 -14 -14 -32.484
519 -87 -67 -50 -31 -16 -13 -13 -33.085
529 -94 -59.5 -45 -30 -16 -14 -14 -32.742
539 -97 -59.5 -45 -30 -16 -13 -13 -32.797
549 -93 -58 -44 -27 -16 -13 -13 -32.124
559 -88 -59.5 -45 -36 -16 -14 -14 -34.102
569 -88 -66.5 -50 -36 -17 -14 -14 -35.473
579 -92 -67 -50 -35 -16 -15 -15 -33.105
589 -89 -65.5 -49 -33.5 -16 -15 -15 -32.957
599 -87 -67 -50 -36 -16 -15 -15 -34.971
609 -92 -67 -50 -34 -16 -16 -16 -33.645
619 -92 -67 -50 -34 -16 -14 -14 -34.355
629 -87 -52 -40 -27 -16 -14 -14 -31.495
639 -92 -59.5 -45 -35 -16 -14 -14 -34.007
649 -92 -62.5 -47 -31 -16 -14 -14 -32.899
659 -98 -67 -50 -35 -16 -15 -15 -34.156
669 -98 -62.5 -47 -31 -16 -14 -14 -32.658
679 -92 -67 -50 -34 -16 -14 -14 -33.596
689 -87 -49 -38 -31 -16 -15 -15 -32.094
699 -92 -49 -38 -31 -16 -14 -14 -31.918
709 -88 -67 -50 -35 -16 -14 -14 -33.518
719 -92 -67 -50 -35 -16 -15 -15 -33.671
729 -92 -46 -36 -31 -16 -14 -14 -31.286
739 -92 -55 -42 -26 -16 -15 -15 -31.351
749 -97 -49 -38 -25 -16 -14 -14 -30.281
759 -92 -67 -50 -35 -16 -14 -14 -33.416
769 -93 -58 -44 -35 -16 -14 -14 -32.343
779 -93 -67 -50 -33 -16 -14 -14 -32.56
789 -87 -55 -42 -35 -16 -14 -14 -32.742
799 -101 -56 -44 -40 -20 -15 -15 -35.681
809 -92 -58 -44 -27 -16 -15 -15 -32.475
819 -98 -58 -44 -31 -16 -15 -15 -32.766
829 -89 -64 -48 -27 -16 -14 -14 -30.723
839 -87 -55 -42 -22 -16 -15 -15 -29.137
849 -92 -57.5 -44 -27 -17 -14 -14 -31.048
859 -98 -47 -37 -27 -17 -15 -15 -30.46
869 -92 -47 -37 -33 -17 -15 -15 -30.784
879 -87 -47.5 -37 -27 -16 -14 -14 -30.335
889 -88 -67 -50 -27 -16 -15 -15 -32.324
899 -87 -66.5 -50 -27 -17 -15 -15 -31.98
909 -92 -45.5 -36 -27 -17 -15 -15 -30.918
919 -94 -66.5 -50 -27 -17 -15 -15 -33.264
929 -90 -68.5 -51 -27 -16 -13 -13 -33.708
939 -92 -67 -50 -27 -16 -13 -13 -31.819
949 -87 -66.5 -50 -27 -17 -15 -15 -32.227
959 -92 -46 -36 -24 -16 -15 -15 -29.428
969 -87 -46 -36 -24 -16 -14 -14 -29.374
979 -92 -67 -50 -24 -16 -15 -15 -30.575
989 -92 -67 -50 -27 -16 -14 -14 -31.663
999 -101 -66.5 -50 -27 -17 -15 -15 -31.235
1009 -105 -66.5 -50 -27 -17 -15 -15 -31.681
1019 -92 -46 -36 -27 -16 -15 -15 -29.568
1029 -92 -43 -34 -27 -16 -15 -15 -30.039
1039 -92 -41.5 -33 -25 -16 -15 -15 -28.914
1049 -92 -41.5 -33 -24 -16 -15 -15 -28.857
1059 -106 -53.5 -41 -27 -16 -14 -14 -30.091
1069 -82 -41 -33 -27 -17 -15 -15 -29.66
1079 -87 -53.5 -41 -24 -16 -15 -15 -29.944
1089 -87 -41.5 -33 -25 -16 -15 -15 -29.138
1099 -98 -41.5 -33 -27 -16 -15 -15 -29.292
1109 -87 -41.5 -33 -27 -16 -15 -15 -29.674
1119 -87 -41.5 -33 -27 -16 -13 -13 -29.12
1129 -92 -41 -33 -25 -17 -14 -14 -28.952
1139 -87 -41.5 -33 -24 -16 -16 -16 -28.388
1149 -87 -41 -33 -24 -17 -15 -15 -28.78
1159 -92 -41 -33 -24 -17 -13 -13 -28.341
1169 -87 -41.5 -33 -24 -16 -14 -14 -28.497
1179 -92 -41 -33 -24 -17 -13 -13 -29.032
1189 -87 -41 -33 -24 -17 -15 -15 -28.763
1199 -92 -41.5 -33 -27 -16 -15 -15 -28.741
1209 -110 -41 -33 -27 -17 -16 -16 -29.688
1219 -107 -41.5 -33 -27 -16 -15 -15 -29.211
1229 -92 -41.5 -33 -27 -16 -15 -15 -28.976
1239 -87 -41 -33 -24 -17 -15 -15 -28.83
1249 -92 -41.5 -33 -27 -16 -14 -14 -29.402
1259 -82 -41.5 -33 -24 -16 -15 -15 -28.395
1269 -75 -41 -33 -24 -17 -15 -15 -28.283
1279 -82 -41 -33 -24 -17 -15 -15 -28.658
1289 -82 -66.5 -50 -27 -17 -15 -15 -33.112
1299 -93 -53.5 -41 -27 -16 -14 -14 -30.625
1309 -87 -67 -50 -27 -16 -15 -15 -30.945
1319 -92 -53 -41 -27 -17 -16 -16 -30.688
1329 -92 -67 -50 -27 -16 -15 -15 -31.731
1339 -87 -53 -41 -27 -17 -16 -16 -30.881
1349 -92 -53 -41 -27 -17 -16 -16 -31.495
1359 -88 -66.5 -50 -27 -17 -15 -15 -32.267
1369 -96 -65 -49 -27 -17 -16 -16 -31.478
1379 -97 -66.5 -50 -27 -17 -15 -15 -32.575
1389 -83 -66.5 -50 -31 -17 -15 -15 -32.687
1399 -88 -66.5 -50 -27 -17 -14 -14 -31.48
1409 -92 -67 -50 -27 -16 -14 -14 -31.12
1419 -97 -56.5 -43 -27 -16 -15 -15 -31.333
1429 -87 -66.5 -50 -27 -17 -14 -14 -31.984
1439 -92 -66.5 -50 -27 -17 -14 -14 -31.783
1449 -82 -67 -50 -24 -16 -13 -13 -30.648
1459 -86 -66.5 -50 -27 -17 -15 -15 -34.061
1469 -89 -66.5 -50 -27 -17 -15 -15 -31.685
1479 -94 -72.5 -54 -27 -17 -14 -14 -33.872
1489 -94 -66.5 -50 -27 -17 -14 -14 -32.883
1499 -87 -72.5 -54 -27 -17 -16 -16 -34.638
1509 -92 -67 -50 -27 -16 -15 -15 -31.927
1519 -94 -66.5 -50 -27 -17 -15 -15 -32.724
1529 -92 -67 -50 -27 -16 -15 -15 -31.204
1539 -87 -46 -36 -27 -16 -15 -15 -29.207
1549 -87 -46 -36 -24 -16 -15 -15 -28.108
1559 -89 -66.5 -50 -27 -17 -14 -14 -32.249
1569 -92 -67 -50 -27 -16 -16 -16 -31.252
1579 -87 -46 -36 -27 -16 -15 -15 -29.229
1589 -87 -41.5 -33 -24 -16 -15 -15 -28.204
1599 -87 -41.5 -33 -24 -16 -13 -13 -28.498
1609 -105 -66.5 -50 -32 -17 -15 -15 -33.148
1619 -87 -41.5 -33 -24 -16 -14 -14 -28.519
1629 -89 -66.5 -50 -27 -17 -14 -14 -32.595
1639 -94 -66.5 -50 -27 -17 -15 -15 -32.306
1649 -87 -66.5 -50 -27 -17 -15 -15 -32.322
1659 -92 -61 -46 -27 -16 -14 -14 -31.325
1669 -100 -41.5 -33 -21 -16 -13 -13 -27.545
1679 -89 -67 -50 -27 -16 -14 -14 -31.804
1689 -87 -41.5 -33 -24 -16 -15 -15 -28.382
1699 -94 -66.5 -50 -27 -17 -15 -15 -31.938
1709 -87 -53.5 -41 -24 -16 -13 -13 -29.329
1719 -92 -67 -50 -27 -16 -15 -15 -32.546
1729 -92 -66.5 -50 -27.5 -17 -15 -15 -33.402
1739 -87 -41.5 -33 -24 -16 -15 -15 -27.584
1749 -95 -41.5 -33 -24 -16 -13 -13 -27.998
1759 -87 -41.5 -33 -24 -16 -14 -14 -28.81
1769 -92 -41.5 -33 -17 -16 -15 -15 -26.831
1779 -87 -67 -50 -27 -16 -15 -15 -31.264
1789 -87 -41.5 -33 -18 -16 -13 -13 -26.754
1799 -94 -66.5 -50 -28.5 -17 -16 -16 -33.074
1809 -61 -41.5 -33 -20 -16 -13 -13 -26.748
1819 -92 -41.5 -33 -17 -16 -12 -12 -26.465
1829 -87 -41.5 -33 -24 -16 -15 -15 -27.389
1839 -97 -67 -50 -27 -16 -16 -16 -32.07
1849 -89 -67 -50 -27 -16 -15 -15 -31.602
1859 -94 -66.5 -50 -27 -17 -16 -16 -32.646
1869 -82 -41.5 -33 -24 -16 -15 -15 -28.009
1879 -94 -66.5 -50 -27 -17 -15 -15 -32.79
1889 -93 -67 -50 -24 -16 -15 -15 -30.82
1899 -94 -66.5 -50 -27 -17 -15 -15 -32.131
1909 -87 -66.5 -50 -27 -17 -14 -14 -31.997
1919 -117 -66.5 -50 -27 -17 -14 -14 -31.801
1929 -89 -67 -50 -27 -16 -16 -16 -32.199
1939 -94 -67 -50 -27 -16 -15 -15 -31.838
1949 -94 -67 -50 -24 -16 -15 -15 -30.749
1959 -89 -66.5 -50 -27 -17 -13 -13 -32.259
1969 -94 -66.5 -50 -27 -17 -15 -15 -31.733
1979 -92 -67 -50 -27 -16 -14 -14 -31.318
1989 -94 -67 -50 -27 -16 -16 -16 -32.734
1999 -97 -67 -50 -27 -16 -14 -14 -32.026
2009 -94 -66.5 -50 -27 -17 -15 -15 -31.94
2019 -94 -67 -50 -24 -16 -14 -14 -30.482
2029 -94 -54.5 -42 -27 -17 -14 -14 -31.537
2039 -96 -46 -36 -24 -16 -15 -15 -28.835
2049 -94 -66.5 -50 -27 -17 -14 -14 -32.287
2059 -94 -59 -45 -27 -17 -14 -14 -31.512
2069 -92 -66.5 -50 -27 -17 -13 -13 -32.259
2079 -88 -67 -50 -24 -16 -14 -14 -30.163
2089 -87 -41.5 -33 -24 -16 -14 -14 -28.275
2099 -94 -66.5 -50 -32 -17 -14 -14 -33.23
2109 -87 -67 -50 -27 -16 -15 -15 -31.507
2119 -94 -67 -50 -27 -16 -15 -15 -31.609
2129 -92 -41.5 -33 -24 -16 -14 -14 -27.913
2139 -92 -41.5 -33 -24 -16 -14 -14 -28.22
2149 -92 -41.5 -33 -24 -16 -15 -15 -28.035
2159 -89 -65 -49 -27 -17 -15 -15 -31.619
2169 -92 -41.5 -33 -24 -16 -14 -14 -28.722
2179 -92 -41.5 -33 -24 -16 -14 -14 -28.107
2189 -87 -41.5 -33 -24 -16 -13 -13 -27.629
2199 -92 -68.5 -51 -24 -16 -15 -15 -31.006
2209 -92 -67 -50 -24 -16 -15 -15 -30.433
2219 -92 -68 -51 -27 -17 -15 -15 -33.927
2229 -94 -74 -55 -27 -17 -15 -15 -33.381
2239 -92 -41.5 -33 -24 -16 -15 -15 -27.599
2249 -94 -66.5 -50 -27 -17 -14 -14 -31.592
2259 -94 -66.5 -50 -27 -17 -16 -16 -32.603
2269 -89 -66.5 -50 -27 -17 -16 -16 -31.516
2279 -89 -66.5 -50 -27 -17 -15 -15 -32.088
2289 -87 -66.5 -50 -27 -17 -16 -16 -32.078
2299 -87 -66.5 -50 -29 -17 -14 -14 -32.309
2309 -92 -41.5 -33 -24 -16 -15 -15 -28.076
2319 -87 -41.5 -33 -24 -16 -14 -14 -28.388
2329 -92 -65 -49 -27 -17 -15 -15 -31.244
2339 -87 -67 -50 -27 -16 -16 -16 -31.854
2349 -97 -74 -55 -33 -17 -15 -15 -36.05
2359 -87 -41.5 -33 -24 -16 -13 -13 -28.136
2369 -92 -41.5 -33 -24 -16 -13 -13 -28.43
2379 -82 -41.5 -33 -24 -16 -13 -13 -28.279
2389 -87 -41.5 -33 -24 -16 -14 -14 -27.891
2399 -87 -41.5 -33 -24 -16 -14 -14 -28.622
2409 -87 -41.5 -33 -24 -16 -14 -14 -27.626
2419 -87 -41.5 -33 -17 -16 -14 -14 -26.309
2429 -82 -41.5 -33 -24 -16 -15 -15 -28.712
2439 -82 -41.5 -33 -25.5 -16 -14 -14 -28.95
2449 -82 -41.5 -33 -24 -16 -13 -13 -28.464
2459 -92 -41.5 -33 -24 -16 -14 -14 -28.537
2469 -92 -41.5 -33 -24 -16 -14 -14 -27.973
2479 -96 -68.5 -51 -24 -16 -14 -14 -32.653
2489 -97 -68.5 -51 -24 -16 -14 -14 -32.724
2499 -92 -64 -48 -34 -16 -14 -14 -33.453
2509 -98 -66.5 -50 -34 -17 -15 -15 -34.213
2519 -87 -66.5 -50 -34 -17 -15 -15 -34.348
2529 -92 -67 -50 -34 -16 -15 -15 -32.801
2539 -92 -67 -50 -34 -16 -16 -16 -32.666
2549 -87 -67 -50 -27 -16 -15 -15 -30.976
2559 -112 -66.5 -50 -27 -17 -14 -14 -32.427
2569 -92 -66.5 -50 -34 -17 -15 -15 -34.66
2579 -88 -66.5 -50 -34 -17 -15 -15 -33.637
2589 -92 -67 -50 -34 -16 -13 -13 -33.137
2599 -92 -67 -50 -34 -16 -13 -13 -34.242
2609 -83 -67 -50 -31 -16 -14 -14 -32.718
2619 -88 -67 -50 -31 -16 -15 -15 -32.229
2629 -88 -67 -50 -34 -16 -16 -16 -33.816
2639 -92 -67 -50 -27 -16 -15 -15 -30.775
2649 -87 -60.5 -46 -27 -17 -15 -15 -31.238
2659 -93 -61 -46 -27 -16 -15 -15 -30.791
2669 -87 -66.5 -50 -34 -17 -15 -15 -33.514
2679 -96 -66.5 -50 -34 -17 -15 -15 -34.517
2689 -92 -58 -44 -27 -16 -15 -15 -29.874
2699 -87 -64 -48 -31 -16 -15 -15 -31.391
2709 -87 -67 -50 -25 -16 -15 -15 -31.766
2719 -92 -63.5 -48 -25 -17 -14 -14 -32.238
2729 -87 -44.5 -35 -25 -16 -15 -15 -28.958
2739 -83 -63.5 -48 -31 -17 -15 -15 -31.647
2749 -78 -56.5 -43 -31 -16 -15 -15 -30.861
2759 -95 -64 -48 -31 -16 -15 -15 -31.677
2769 -87 -63.5 -48 -34 -17 -15 -15 -34.496
2779 -85 -64 -48 -25 -16 -15 -15 -31.712
2789 -92 -64 -48 -31 -16 -15 -15 -32.464
2799 -92 -66.5 -50 -31 -17 -15 -15 -32.159
2809 -108 -67 -50 -24 -16 -13 -13 -29.292
2819 -92 -63.5 -48 -31 -17 -14 -14 -32.434
2829 -92 -44.5 -35 -24 -16 -14 -14 -28.69
2839 -94 -67 -50 -24 -16 -15 -15 -29.776
2849 -97 -66.5 -50 -31 -17 -15 -15 -33.114
2859 -87 -66.5 -50 -31 -17 -15 -15 -32.891
2869 -92 -66.5 -50 -31 -17 -15 -15 -32.672
2879 -103 -64 -48 -25 -16 -15 -15 -31.459
2889 -92 -64 -48 -25 -16 -15 -15 -31.334
2899 -87 -64 -48 -25 -16 -15 -15 -31.175
2909 -101 -53.5 -41 -25 -16 -13 -13 -30.107
2919 -92 -64 -48 -25 -16 -15 -15 -31.464
2929 -92 -64 -48 -25 -16 -14 -14 -31.339
2939 -77 -64 -48 -25 -16 -14 -14 -30.959
2949 -77 -64 -48 -25 -16 -15 -15 -30.196
2959 -87 -64 -48 -26 -16 -14 -14 -31.922
2969 -92 -64 -48 -25 -16 -13 -13 -30.468
2979 -87 -64 -48 -25 -16 -13 -13 -31.424
2989 -92 -64 -48 -25 -16 -13 -13 -31.525
2999 -83 -66.5 -50 -25 -17 -15 -15 -31.482
3009 -87 -64 -48 -25 -16 -15 -15 -30.908
3019 -82 -64 -48 -25 -16 -14 -14 -31.132
3029 -87 -64 -48 -25 -16 -15 -15 -31.171
3039 -92 -53.5 -41 -25 -16 -14 -14 -29.14
3049 -82 -53.5 -41 -17 -16 -15 -15 -28.274
3059 -92 -64 -48 -25 -16 -15 -15 -30.606
3069 -87 -64 -48 -25 -16 -14 -14 -30.66
3079 -92 -64 -48 -25 -16 -15 -15 -30.817
3089 -82 -64 -48 -25 -16 -12 -12 -30.812
3099 -87 -64 -48 -25 -16 -14 -14 -31.112
3109 -92 -64 -48 -25 -16 -13 -13 -31.61
3119 -87 -53.5 -41 -25 -16 -14 -14 -30.598
3129 -92 -63.5 -48 -25 -17 -15 -15 -31.56
3139 -92 -53.5 -41 -18 -16 -14 -14 -28.053
3149 -87 -64 -48 -25 -16 -15 -15 -30.804
3159 -92 -64 -48 -25 -16 -15 -15 -30.873
3169 -82 -64 -48 -25 -16 -14 -14 -31.456
3179 -87 -63.5 -48 -25 -17 -15 -15 -31.86
3189 -87 -64 -48 -25 -16 -14 -14 -30.562
3199 -92 -64 -48 -25 -16 -15 -15 -31.241
3209 -87 -64 -48 -27 -16 -14 -14 -31.935
3219 -87 -64 -48 -25 -16 -13 -13 -31.301
3229 -87 -64 -48 -25 -16 -14 -14 -30.403
3239 -92 -64 -48 -25 -16 -15 -15 -31.552
3249 -92 -64 -48 -25 -16 -15 -15 -30.622
3259 -92 -64 -48 -25 -16 -15 -15 -31.586
3269 -84 -64 -48 -25 -16 -15 -15 -30.543
3279 -92 -64 -48 -28 -16 -15 -15 -31.798
3289 -92 -64 -48 -25 -16 -14 -14 -31.283
3299 -91 -64 -48 -25 -16 -15 -15 -31.645
3309 -87 -64 -48 -25 -16 -15 -15 -31.347
3319 -87 -64 -48 -25 -16 -15 -15 -30.832
3329 -82 -64 -48 -25 -16 -14 -14 -30.808
3339 -92 -53.5 -41 -25 -16 -15 -15 -30.064
3349 -76 -64 -48 -25 -16 -14 -14 -30.688
3359 -78 -64 -48 -25 -16 -14 -14 -30.851
3369 -92 -64 -48 -25 -16 -15 -15 -31.007
3379 -92 -64 -48 -25 -16 -12 -12 -31.122
3389 -92 -64 -48 -25 -16 -13 -13 -31.007
3399 -107 -64 -48 -31 -16 -15 -15 -31.926
3409 -89 -64 -48 -25 -16 -13 -13 -31.18
3419 -105 -64 -48 -25 -16 -15 -15 -30.654
3429 -83 -64 -48 -25 -16 -15 -15 -30.67
3439 -92 -62.5 -47 -25 -16 -13 -13 -30.831
3449 -92 -64 -48 -25 -16 -13 -13 -30.5
3459 -87 -64 -48 -25 -16 -14 -14 -30.09
3469 -87 -64 -48 -25 -16 -15 -15 -31.176
3479 -87 -64 -48 -25 -16 -14 -14 -31.442
3489 -92 -64 -48 -32 -16 -15 -15 -32.229
3499 -87 -64 -48 -25 -16 -14 -14 -31.352
3509 -87 -53.5 -41 -17.5 -16 -14 -14 -28.701
3519 -92 -53.5 -41 -25 -16 -12 -12 -29.731
3529 -88 -67 -50 -31 -16 -14 -14 -31.863
3539 -101 -66.5 -50 -31 -17 -14 -14 -32.325
3549 -87 -66.5 -50 -27 -17 -16 -16 -31.723
3559 -122 -61 -46 -27 -16 -15 -15 -31.959
3569 -92 -66.5 -50 -27 -17 -15 -15 -32.361
3579 -92 -67 -50 -24 -16 -16 -16 -29.665
3589 -92 -67 -50 -27 -16 -15 -15 -31.394
3599 -88 -67 -50 -24 -16 -15 -15 -30.719
3609 -92 -66.5 -50 -27 -17 -15 -15 -32.446
3619 -97 -66.5 -50 -27 -17 -15 -15 -32.878
3629 -88 -66.5 -50 -27 -17 -14 -14 -32.39
3639 -92 -67 -50 -27 -16 -15 -15 -30.456
3649 -92 -67 -50 -27 -16 -16 -16 -31.58
3659 -87 -64 -48 -27 -16 -15 -15 -30.369
3669 -92 -66.5 -50 -27 -17 -16 -16 -31.129
3679 -87 -67 -50 -27 -16 -14 -14 -31.033
3689 -78 -67 -50 -27 -16 -15 -15 -30.528
3699 -92 -67 -50 -27 -16 -15 -15 -31.113
3709 -87 -66.5 -50 -27 -17 -14 -14 -31.924
3719 -92 -64 -48 -27 -16 -14 -14 -31.532
3729 -92 -67 -50 -27 -16 -14 -14 -31.89
3739 -87 -65.5 -49 -27 -16 -15 -15 -31.458
3749 -88 -66.5 -50 -30 -17 -15 -15 -32.511
3759 -103 -67 -50 -27 -16 -14 -14 -30.919
3769 -83 -66.5 -50 -27 -17 -15 -15 -31.298
3779 -92 -67 -50 -27 -16 -15 -15 -30.572
3789 -92 -66.5 -50 -29.5 -17 -15 -15 -32.984
3799 -87 -65.5 -49 -27 -16 -16 -16 -30.219
3809 -107 -67 -50 -24 -16 -16 -16 -30.991
3819 -92 -67 -50 -24 -16 -15 -15 -30.713
3829 -92 -66.5 -50 -27 -17 -16 -16 -31.95
3839 -96 -68.5 -51 -27 -16 -15 -15 -33.874
3849 -92 -67 -50 -27 -16 -12 -12 -31.634
3859 -87 -66.5 -50 -27 -17 -14 -14 -31.805
3869 -92 -67 -50 -24 -16 -15 -15 -31.411
3879 -92 -66.5 -50 -27 -17 -15 -15 -31.794
3889 -87 -58 -44 -27 -16 -14 -14 -30.847
3899 -92 -67 -50 -24 -16 -15 -15 -30.237
3909 -88 -67 -50 -24 -16 -14 -14 -30.453
3919 -92 -67 -50 -24 -16 -16 -16 -31.293
3929 -97 -67 -50 -24 -16 -15 -15 -29.982
3939 -92 -66.5 -50 -27 -17 -15 -15 -32.377
3949 -92 -66.5 -50 -27 -17 -15 -15 -31.926
3959 -87 -67 -50 -27 -16 -15 -15 -31.887
3969 -83 -67 -50 -27 -16 -15 -15 -32.383
3979 -92 -67 -50 -24 -16 -15 -15 -30.099
3989 -92 -66.5 -50 -27 -17 -16 -16 -31.736
3999 -92 -67 -50 -27 -16 -14 -14 -31.966
4009 -88 -66.5 -50 -27 -17 -13 -13 -32.376
4019 -88 -66.5 -50 -27 -17 -13 -13 -32.383
4029 -92 -66.5 -50 -27 -17 -14 -14 -31.719
4039 -92 -67 -50 -26 -16 -13 -13 -31.154
4049 -92 -66.5 -50 -24 -17 -14 -14 -30.284
4059 -87 -64 -48 -27 -16 -16 -16 -31.125
4069 -88 -67 -50 -27 -16 -14 -14 -30.825
4079 -92 -67 -50 -27 -16 -16 -16 -31.524
4089 -94 -66.5 -50 -27 -17 -14 -14 -31.297
4099 -98 -66.5 -50 -27 -17 -15 -15 -31.01
4109 -92 -47 -37 -27 -17 -16 -16 -30.396
4119 -92 -67 -50 -27 -16 -13 -13 -31.129
4129 -98 -66.5 -50 -27 -17 -14 -14 -30.848
4139 -92 -66.5 -50 -27 -17 -15 -15 -32.657
4149 -92 -66.5 -50 -27 -17 -15 -15 -32.466
4159 -94 -67 -50 -27 -16 -16 -16 -30.75
4169 -87 -67 -50 -27 -16 -12 -12 -30.948
4179 -89 -66.5 -50 -27 -17 -16 -16 -31.043
4189 -93 -66.5 -50 -27 -17 -16 -16 -31.048
4199 -99 -67 -50 -27 -16 -14 -14 -31.402
4209 -87 -66.5 -50 -27 -17 -15 -15 -31.004
4219 -92 -66.5 -50 -27 -17 -15 -15 -31.1
4229 -92 -59.5 -45 -27 -16 -15 -15 -30.643
4239 -88 -67 -50 -24 -16 -16 -16 -29.818
4249 -88 -67 -50 -27 -16 -14 -14 -30.929
4259 -92 -67 -50 -24 -16 -13 -13 -30.549
4269 -104 -66.5 -50 -27 -17 -15 -15 -32.756
4279 -88 -66.5 -50 -27 -17 -16 -16 -32.836
4289 -98 -56.5 -43 -24 -16 -15 -15 -29.455
4299 -88 -67 -50 -24 -16 -16 -16 -30.399
4309 -92 -53.5 -41 -24 -16 -16 -16 -29.688
4319 -92 -67 -50 -24 -16 -14 -14 -29.732
4329 -82 -66.5 -50 -24 -17 -13 -13 -30.594
4339 -92 -67 -50 -24 -16 -15 -15 -30.467
4349 -117 -67 -50 -24 -16 -15 -15 -30.527
4359 -87 -66.5 -50 -24 -17 -15 -15 -30.549
4369 -88 -66.5 -50 -27 -17 -15 -15 -31.05
4379 -88 -66.5 -50 -27 -17 -15 -15 -31.183
4389 -87 -66.5 -50 -34 -17 -14 -14 -32.024
4399 -88 -66.5 -50 -27 -17 -15 -15 -30.843
4409 -88 -66.5 -50 -27 -17 -14 -14 -31.569
4419 -88 -66.5 -50 -27 -17 -15 -15 -30.963
4429 -82 -66.5 -50 -27 -17 -14 -14 -30.946
4439 -92 -67 -50 -27 -16 -15 -15 -30.912
4449 -87 -44.5 -35 -20 -16 -15 -15 -27.727
4459 -87 -44.5 -35 -20 -16 -14 -14 -27.881
4469 -92 -44.5 -35 -17 -16 -15 -15 -27.744
4479 -92 -44.5 -35 -23 -16 -13 -13 -28.856
4489 -92 -44.5 -35 -17 -16 -15 -15 -27.353
4499 -92 -44.5 -35 -17 -16 -15 -15 -27.66
4509 -101 -44.5 -35 -17 -16 -14 -14 -27.315
4519 -92 -44.5 -35 -20 -16 -15 -15 -27.994
4529 -87 -44.5 -35 -17 -16 -15 -15 -27.821
4539 -87 -44.5 -35 -17 -16 -14 -14 -27.361
4549 -92 -44.5 -35 -17 -16 -14 -14 -27.541
4559 -87 -44.5 -35 -17 -16 -15 -15 -27.412
4569 -66 -44 -35 -20 -17 -16 -16 -27.981
4579 -87 -44 -35 -23 -17 -16 -16 -28.167
4589 -92 -44.5 -35 -17 -16 -14 -14 -27.657
4599 -70 -44.5 -35 -17 -16 -15 -15 -27.88
4609 -87 -44.5 -35 -21.5 -16 -14 -14 -28.866
4619 -87 -44.5 -35 -23 -16 -15 -15 -28.484
4629 -92 -44 -35 -19 -17 -16 -16 -28.013
4639 -92 -44 -35 -23.5 -17 -16 -16 -28.985
4649 -87 -44 -35 -17 -17 -14 -14 -27.911
4659 -87 -44 -35 -17 -17 -13 -13 -27.912
4669 -87 -44.5 -35 -17 -16 -16 -16 -28.177
4679 -74 -44.5 -35 -17 -16 -14 -14 -27.522
4689 -87 -44.5 -35 -17 -16 -15 -15 -27.489
4699 -92 -44.5 -35 -20 -16 -13 -13 -28.325
4709 -92 -44 -35 -27 -17 -16 -16 -28.719
4719 -92 -44.5 -35 -17 -16 -15 -15 -27.617
4729 -87 -44.5 -35 -18.5 -16 -15 -15 -28.165
4739 -87 -44 -35 -20 -17 -15 -15 -28.089
4749 -92 -44 -35 -20 -17 -15 -15 -27.804
4759 -77 -44 -35 -18 -17 -15 -15 -28.018
4769 -87 -44 -35 -17 -17 -15 -15 -27.955
4779 -87 -44.5 -35 -20 -16 -15 -15 -28.494
4789 -87 -44 -35 -21 -17 -16 -16 -28.112
4799 -87 -44.5 -35 -17 -16 -15 -15 -27.946
4809 -87 -44 -35 -23 -17 -14 -14 -28.423
4819 -101 -44.5 -35 -17 -16 -14 -14 -27.889
4829 -87 -44.5 -35 -17 -16 -15 -15 -27.675
4839 -92 -44 -35 -20.5 -17 -14 -14 -28.566
4849 -87 -44.5 -35 -17 -16 -14 -14 -27.836
4859 -93 -44.5 -35 -17 -16 -15 -15 -28.029
4869 -87 -44.5 -35 -23 -16 -13 -13 -28.275
4879 -92 -44 -35 -19 -17 -16 -16 -27.984
4889 -87 -44.5 -35 -20 -16 -15 -15 -28.104
4899 -92 -44.5 -35 -17 -16 -15 -15 -27.14
4909 -92 -44.5 -35 -17 -16 -15 -15 -28.144
4919 -97 -44 -35 -19 -17 -14 -14 -28.306
4929 -82 -44.5 -35 -17 -16 -13 -13 -27.074
4939 -99 -44 -35 -18 -17 -15 -15 -28.058
4949 -92 -44 -35 -17 -17 -16 -16 -28.172
4959 -87 -44 -35 -21 -17 -14 -14 -28.686
4969 -87 -44 -35 -21 -17 -14 -14 -28.17
4979 -87 -44.5 -35 -18.5 -16 -16 -16 -28.287
4989 -92 -44.5 -35 -17 -16 -15 -15 -27.9
4999 -92 -44.5 -35 -17 -16 -16 -16 -27.578
