0 -335 -196.5 -155 -111 -72 -30.5 -11 -118.347
9 -3193 -173 -133 -85 -53 -13 -11 -113.694
19 -11927 -1306.5 -889 -120.5 -54 -11 -11 -768.51
29 -6932 -118.5 -95 -65 -48 -24.5 -11 -229.617
39 -10091 -941 -646 -162 -56 -19 -19 -641.048
49 -16769 -2682 -1814 -502.5 -78 -23 -23 -1245.15
59 -12228 -3794.5 -2606 -1398 -229 -10 -10 -1857.6
69 -8113 -1553.5 -1049 -102 -40 -11 -11 -809.122
79 -11218 -1238 -839 -42 -41 -12 -12 -668.667
89 -6789 -168 -123 -34 -33 -11 -11 -306.569
99 -7452 -71 -58 -34 -32 -19 -10 -221.208
109 -10162 -60 -51 -34 -33 -24 -11 -285.388
119 -4810 -55 -45 -34 -25 -15 -15 -147.466
129 -7695 -88.5 -70 -34 -33 -14.5 -11 -364.641
139 -12717 -45 -41 -34 -33 -29 -15 -305.808
149 -13466 -1294 -874 -44 -34 -11 -11 -696.475
159 -9384 -473.5 -329 -56 -40 -12 -12 -359.772
169 -11028 -785.5 -537 -143 -40 -12 -12 -533.992
179 -5430 -280 -200 -41 -40 -11 -11 -178.58
189 -3621 -285 -200 -39 -30 -12 -12 -167.508
199 -4691 -265.5 -187 -31 -30 -12 -12 -170.435
209 -2716 -253.5 -179 -31 -30 -12 -12 -165.635
219 -7705 -300 -210 -31 -30 -11 -11 -172.97
229 -4582 -253.5 -179 -31 -30 -16 -16 -169.996
239 -10501 -336 -234 -40 -30 -12 -12 -221.532
249 -4910 -279 -196 -35 -30 -12 -12 -164.653
259 -3315 -246 -174 -32 -30 -12 -12 -163.506
269 -7052 -284.5 -200 -45 -31 -17 -17 -173.844
279 -5288 -255 -180 -38 -30 -12 -12 -181.066
289 -9586 -281.5 -198 -39 -31 -18 -18 -196.488
299 -6320 -284.5 -200 -52 -31 -12 -12 -201.619
309 -6685 -303 -212 -33 -30 -12 -12 -222.996
319 -5606 -276 -194 -33 -30 -12 -12 -179.284
329 -10644 -319.5 -223 -39 -30 -12 -12 -315.974
339 -4504 -256 -181 -52 -31 -18 -18 -171.592
349 -4039 -256 -181 -52 -31 -18 -18 -169.889
359 -8541 -212.5 -152 -52 -31 -19 -19 -167.33
369 -4354 -266.5 -188 -52 -31 -16 -16 -182.784
379 -9841 -299.5 -210 -52 -31 -12 -12 -198.471
389 -4527 -250 -177 -52 -31 -16 -16 -177.792
399 -6409 -272.5 -192 -52 -31 -16 -16 -175.797
409 -13028 -393 -272 -43 -30 -13 -13 -343.205
419 -5768 -277 -195 -38 -31 -12 -12 -179.398
429 -8905 -265.5 -187 -38 -30 -12 -12 -184.341
439 -8251 -355.5 -247 -46 -30 -13 -13 -216.078
449 -8514 -349 -243 -49 -31 -14 -14 -199.394
459 -9673 -265 -187 -42 -31 -14 -14 -196.815
469 -13733 -328 -229 -49 -31 -14 -14 -243.743
479 -9293 -254.5 -180 -39 -31 -17 -17 -203.167
489 -3837 -265 -187 -39 -31 -19 -19 -164.575
499 -9580 -263.5 -186 -39 -31 -17 -17 -201.635
509 -5655 -329.5 -230 -39 -31 -16 -16 -196.289
519 -14785 -293.5 -206 -39 -31 -16 -16 -184.115
529 -5849 -217.5 -155 -31 -30 -13 -13 -166.994
539 -6515 -288 -202 -31 -30 -12 -12 -174.593
549 -4040 -271.5 -191 -31 -30 -12 -12 -160.731
559 -8478 -291 -204 -31 -30 -13 -13 -173.048
569 -16467 -292.5 -205 -31 -30 -17 -17 -202.658
579 -3501 -277.5 -195 -31 -30 -13 -13 -165.684
589 -8566 -256.5 -181 -31 -30 -13 -13 -186.915
599 -7942 -286.5 -201 -31 -30 -13 -13 -185.692
609 -9879 -277.5 -195 -31 -30 -12 -12 -206.621
619 -10927 -292.5 -205 -31 -30 -12 -12 -229.903
629 -5580 -283 -199 -39 -31 -11 -11 -189.947
639 -4632 -218.5 -156 -39 -31 -18 -18 -177.771
649 -10735 -255 -180 -46 -30 -13 -13 -187.58
659 -6468 -239.5 -170 -63 -31 -19 -19 -179.505
669 -18397 -270 -190 -31 -30 -12 -12 -296.474
679 -12843 -279 -196 -32 -30 -12 -12 -270.917
689 -9895 -336 -234 -41 -30 -12 -12 -287.577
699 -9061 -288 -202 -31 -30 -12 -12 -204.343
709 -5736 -268.5 -189 -31 -30 -12 -12 -169.005
719 -8381 -256.5 -181 -31 -30 -12 -12 -200.154
729 -6801 -275.5 -194 -63 -31 -13 -13 -186.012
739 -15103 -346.5 -241 -31 -30 -12 -12 -310.151
749 -5525 -36.5 -34 -33 -29 -26.5 -16 -49.452
759 -3376 -38 -35 -33 -29 -26 -17 -41.271
769 -2702 -40.5 -38 -34 -33 -30.5 -17 -49.86
779 -3807 -40.5 -38 -34 -33 -30.5 -17 -46.635
789 -7280 -40.5 -38 -34 -33 -30.5 -16 -65.015
799 -9726 -42 -39 -34 -33 -30 -12 -147.452
809 -13920 -42 -39 -34 -33 -30 -12 -222.386
819 -6616 -40.5 -38 -34 -33 -30.5 -13 -57.104
829 -7898 -42 -39 -38 -33 -30 -12 -122.02
839 -12996 -42 -39 -34 -33 -30 -13 -152.078
849 -18010 -41.5 -39 -38 -34 -31.5 -13 -279.093
859 -1504 -220.5 -158 -34 -33 -12 -12 -143.051
869 -2803 -40.5 -38 -34 -33 -30.5 -17 -47.535
879 -4621 -40.5 -38 -34 -33 -30.5 -11 -49.564
889 -2669 -40.5 -38 -34 -33 -30.5 -12 -46.845
899 -7945 -40.5 -38 -34 -33 -30.5 -12 -70.971
909 -4556 -40.5 -38 -34 -33 -30.5 -21 -50.976
919 -9733 -42 -39 -34 -33 -30 -13 -140.6
929 -12506 -42 -39 -34 -33 -30 -11 -62.48
939 -7513 -40.5 -38 -34 -33 -30.5 -12 -57.152
949 -10931 -42 -39 -38 -33 -30 -12 -348.845
959 -13527 -41.5 -39 -38 -34 -31.5 -12 -450.856
969 -12214 -41.5 -39 -38 -34 -31.5 -13 -444.463
979 -7441 -249 -176 -31 -30 -12 -12 -159.99
989 -2833 -249 -177 -34 -33 -18 -18 -160.913
999 -1925 -40.5 -38 -34 -33 -30.5 -12 -44.464
1009 -1975 -40.5 -38 -34 -33 -30.5 -13 -41.532
1019 -9461 -40.5 -38 -34 -33 -30.5 -13 -61.866
1029 -4671 -42 -39 -34 -33 -30 -12 -58.809
1039 -4056 -42 -39 -34 -33 -30 -12 -50.261
1049 -5794 -40.5 -38 -34 -33 -30.5 -12 -59.047
1059 -5560 -42 -39 -34 -33 -30 -11 -143.472
1069 -1226 -40.5 -38 -34 -33 -30.5 -12 -35.63
1079 -8354 -40.5 -38 -34 -33 -30.5 -12 -62.623
1089 -2167 -40.5 -38 -34 -33 -30.5 -12 -39.162
1099 -2496 -40.5 -38 -34 -33 -30.5 -12 -42.202
1109 -10292 -40.5 -38 -34 -33 -30.5 -12 -69.045
1119 -4351 -40.5 -38 -34 -33 -30.5 -12 -75.732
1129 -2656 -40.5 -38 -34 -33 -30.5 -12 -45.472
1139 -5897 -40.5 -38 -34 -33 -30.5 -12 -56.607
1149 -11075 -40.5 -38 -34 -33 -30.5 -12 -65.486
1159 -9257 -40.5 -38 -34 -33 -30.5 -12 -51.103
1169 -3992 -40.5 -38 -34 -33 -30.5 -12 -44.039
1179 -12711 -40.5 -38 -34 -33 -30.5 -12 -55.6
1189 -1852 -40.5 -38 -34 -33 -30.5 -12 -38.061
1199 -6966 -40.5 -38 -34 -33 -30.5 -12 -50.925
1209 -6451 -40.5 -38 -34 -33 -30.5 -11 -49.783
1219 -10571 -40.5 -38 -34 -33 -30.5 -12 -58.293
1229 -17351 -40.5 -38 -34 -33 -30.5 -12 -66.901
1239 -7273 -40.5 -38 -34 -33 -30.5 -12 -73.314
1249 -5813 -40.5 -38 -34 -33 -30.5 -12 -56.707
1259 -15300 -40.5 -38 -34 -33 -30.5 -12 -58.614
1269 -2116 -40.5 -38 -34 -33 -30.5 -12 -39.282
1279 -5929 -40.5 -38 -34 -33 -30.5 -12 -47.569
1289 -4135 -40.5 -38 -34 -33 -30.5 -12 -44.554
1299 -4636 -40.5 -38 -34 -33 -30.5 -11 -45.95
1309 -11286 -40.5 -38 -34 -33 -30.5 -12 -50.819
1319 -5730 -40.5 -38 -34 -33 -30.5 -12 -45.378
1329 -3009 -40.5 -38 -34 -33 -30.5 -12 -40.175
1339 -7271 -40.5 -38 -34 -33 -30.5 -12 -44.856
1349 -7666 -40.5 -38 -34 -33 -30.5 -12 -59.662
1359 -6409 -40.5 -38 -34 -33 -30.5 -12 -45.817
1369 -7734 -40.5 -38 -34 -33 -30.5 -12 -58.514
1379 -9717 -40.5 -38 -34 -33 -30.5 -12 -61.049
1389 -11867 -40.5 -38 -34 -33 -30.5 -12 -76.238
1399 -832 -40.5 -38 -34 -33 -30.5 -12 -33.484
1409 -2959 -40.5 -38 -34 -33 -30.5 -12 -42.601
1419 -3822 -40.5 -38 -34 -33 -30.5 -12 -43
1429 -6011 -40.5 -38 -34 -33 -30.5 -12 -51.453
1439 -8311 -40.5 -38 -34 -33 -30.5 -12 -50.353
1449 -2179 -40.5 -38 -34 -33 -30.5 -12 -38.52
1459 -2594 -40.5 -38 -34 -33 -30.5 -12 -36.852
1469 -4615 -40.5 -38 -34 -33 -30.5 -10 -52.334
1479 -5117 -40.5 -38 -34 -33 -30.5 -12 -48.84
1489 -5311 -40.5 -38 -34 -33 -30.5 -12 -47.798
1499 -6026 -40.5 -38 -34 -33 -30.5 -12 -48.396
1509 -4623 -40.5 -38 -34 -33 -30.5 -12 -40.012
1519 -2043 -40.5 -38 -34 -33 -30.5 -12 -35.707
1529 -4199 -40.5 -38 -34 -33 -30.5 -12 -43.791
1539 -4841 -40.5 -38 -34 -33 -30.5 -10 -39.833
1549 -3658 -40.5 -38 -34 -33 -30.5 -12 -44.414
1559 -5115 -40.5 -38 -34 -33 -30.5 -12 -46.181
1569 -5422 -40.5 -38 -34 -33 -30.5 -11 -47.017
1579 -9246 -40.5 -38 -34 -33 -30.5 -12 -47.364
1589 -10021 -40.5 -38 -34 -33 -30.5 -12 -45.341
1599 -1507 -40.5 -38 -34 -33 -30.5 -12 -36.5
1609 -12130 -40.5 -38 -34 -33 -30.5 -12 -69.553
1619 -5218 -40.5 -38 -34 -33 -30.5 -12 -43.176
1629 -4771 -40.5 -38 -34 -33 -30.5 -12 -43.142
1639 -4928 -40.5 -38 -34 -33 -30.5 -12 -39.385
1649 -4080 -40.5 -38 -34 -33 -30.5 -12 -38.941
1659 -4108 -40.5 -38 -34 -33 -30.5 -12 -42.382
1669 -7419 -40.5 -38 -34 -33 -30.5 -12 -51.445
1679 -2244 -40.5 -38 -34 -33 -30.5 -12 -39.498
1689 -6082 -40.5 -38 -34 -33 -30.5 -12 -51.938
1699 -4268 -40.5 -38 -34 -33 -30.5 -12 -43.559
1709 -5711 -40.5 -38 -34 -33 -30.5 -12 -46.856
1719 -4304 -40.5 -38 -34 -33 -30.5 -12 -39.979
1729 -11712 -40.5 -38 -34 -33 -30.5 -12 -52.512
1739 -6209 -40.5 -38 -34 -33 -30.5 -12 -44.865
1749 -3406 -40.5 -38 -34 -33 -30.5 -12 -39.342
1759 -2862 -40.5 -38 -34 -33 -30.5 -12 -38.052
1769 -1427 -40.5 -38 -34 -33 -30.5 -12 -35.848
1779 -6541 -40.5 -38 -34 -33 -30.5 -12 -43.584
1789 -1839 -40.5 -38 -34 -33 -30.5 -12 -38.862
1799 -1501 -40.5 -38 -34 -33 -30.5 -12 -36.421
1809 -9572 -40.5 -38 -34 -33 -30.5 -12 -54.852
1819 -6866 -40.5 -38 -34 -33 -30.5 -12 -52.178
1829 -4617 -40.5 -38 -34 -33 -30.5 -12 -46.952
1839 -1798 -40.5 -38 -34 -33 -30.5 -12 -44.569
1849 -7145 -40.5 -38 -34 -33 -30.5 -12 -53.17
1859 -7746 -40.5 -38 -34 -33 -30.5 -12 -50.296
1869 -5010 -40.5 -38 -34 -33 -30.5 -11 -50.065
1879 -4346 -40.5 -38 -34 -33 -30.5 -12 -39.665
1889 -3590 -40.5 -38 -34 -33 -30.5 -12 -42.982
1899 -4165 -40.5 -38 -34 -33 -30.5 -12 -38.997
1909 -829 -40.5 -38 -34 -33 -30.5 -12 -34.177
1919 -4653 -40.5 -38 -34 -33 -30.5 -12 -40.863
1929 -3824 -40.5 -38 -34 -33 -30.5 -12 -48.698
1939 -5313 -40.5 -38 -34 -33 -30.5 -12 -53.138
1949 -1650 -40.5 -38 -34 -33 -30.5 -12 -36.64
1959 -10000 -40.5 -38 -34 -33 -30.5 -12 -66.491
1969 -362 -40.5 -38 -34 -33 -30.5 -12 -32.35
1979 -1567 -40.5 -38 -34 -33 -30.5 -12 -37.633
1989 -7084 -40.5 -38 -34 -33 -30.5 -12 -43.246
1999 -1627 -40.5 -38 -34 -33 -30.5 -12 -35.469
2009 -4781 -40.5 -38 -34 -33 -30.5 -12 -51.843
2019 -4821 -40.5 -38 -34 -33 -30.5 -12 -39.201
2029 -1033 -40.5 -38 -34 -33 -30.5 -12 -35.073
2039 -4119 -40.5 -38 -34 -33 -30.5 -12 -42.576
2049 -2599 -40.5 -38 -34 -33 -30.5 -12 -37.721
2059 -624 -40.5 -38 -34 -33 -30.5 -12 -35.222
2069 -7557 -40.5 -38 -34 -33 -30.5 -12 -53.339
2079 -6326 -40.5 -38 -34 -33 -30.5 -12 -41.486
2089 -5957 -40.5 -38 -34 -33 -30.5 -12 -43.523
2099 -3266 -40.5 -38 -34 -33 -30.5 -12 -42.256
2109 -2842 -40.5 -38 -34 -33 -30.5 -12 -37.159
2119 -5018 -40.5 -38 -34 -33 -30.5 -12 -41.072
2129 -1171 -40.5 -38 -34 -33 -30.5 -12 -35.209
2139 -2739 -42 -39 -34 -33 -30 -12 -44.315
2149 -10129 -40.5 -38 -34 -33 -30.5 -12 -56.962
2159 -5165 -40.5 -38 -34 -33 -30.5 -12 -44.463
2169 -6102 -40.5 -38 -34 -33 -30.5 -12 -49.408
2179 -3091 -40.5 -38 -34 -33 -30.5 -12 -43.078
2189 -1478 -40.5 -38 -34 -33 -30.5 -12 -37.785
2199 -5668 -40.5 -38 -34 -33 -30.5 -12 -49.955
2209 -5251 -40.5 -38 -34 -33 -30.5 -12 -40.9
2219 -4439 -40.5 -38 -34 -33 -30.5 -12 -39.974
2229 -1239 -40.5 -38 -34 -33 -30.5 -12 -33.663
2239 -2016 -40.5 -38 -34 -33 -30.5 -12 -39.569
2249 -5684 -40.5 -38 -34 -33 -30.5 -11 -42.424
2259 -3443 -40.5 -38 -34 -33 -30.5 -12 -42.112
2269 -5116 -40.5 -38 -34 -33 -30.5 -12 -44.886
2279 -2281 -40.5 -38 -34 -33 -30.5 -12 -36.756
2289 -5205 -40.5 -38 -34 -33 -30.5 -11 -41.506
2299 -1263 -40.5 -38 -34 -33 -30.5 -12 -36.146
2309 -1542 -40.5 -38 -34 -33 -30.5 -12 -35.634
2319 -4741 -40.5 -38 -34 -33 -30.5 -12 -39.104
2329 -4494 -40.5 -38 -34 -33 -30.5 -12 -42.758
2339 -3452 -40.5 -38 -34 -33 -30.5 -12 -40.269
2349 -5385 -40.5 -38 -34 -33 -30.5 -11 -55.718
2359 -6496 -42 -39 -34 -33 -30 -12 -48.723
2369 -2751 -40.5 -38 -34 -33 -30.5 -12 -37.287
2379 -7656 -40.5 -38 -34 -33 -30.5 -12 -44.412
2389 -3445 -40.5 -38 -34 -33 -30.5 -12 -43.489
2399 -6816 -40.5 -38 -34 -33 -30.5 -12 -41.298
2409 -16760 -40.5 -38 -34 -33 -30.5 -12 -63.143
2419 -7482 -40.5 -38 -34 -33 -30.5 -12 -45.006
2429 -7778 -40.5 -38 -34 -33 -30.5 -12 -41.79
2439 -419 -40.5 -38 -34 -33 -30.5 -12 -33.114
2449 -5011 -40.5 -38 -34 -33 -30.5 -12 -44.316
2459 -1308 -40.5 -38 -34 -33 -30.5 -12 -36.806
2469 -2769 -40.5 -38 -34 -33 -30.5 -12 -44.378
2479 -7041 -40.5 -38 -34 -33 -30.5 -12 -51.361
2489 -4468 -40.5 -38 -34 -33 -30.5 -12 -41.335
2499 -5596 -42 -39 -34 -33 -30 -12 -46.35
2509 -2074 -40.5 -38 -34 -33 -30.5 -12 -40.965
2519 -4470 -40.5 -38 -34 -33 -30.5 -12 -39.286
2529 -6896 -40.5 -38 -34 -33 -30.5 -10 -45.833
2539 -5933 -40.5 -38 -34 -33 -30.5 -12 -46.168
2549 -763 -40.5 -38 -34 -33 -30.5 -12 -32.937
2559 -12084 -40.5 -38 -34 -33 -30.5 -12 -45.376
2569 -2582 -40.5 -38 -34 -33 -30.5 -12 -38.446
2579 -2438 -40.5 -38 -34 -33 -30.5 -12 -37.77
2589 -2017 -40.5 -38 -34 -33 -30.5 -12 -36.843
2599 -789 -40.5 -38 -34 -33 -30.5 -12 -34.723
2609 -1032 -40.5 -38 -34 -33 -30.5 -12 -34.689
2619 -2363 -40.5 -38 -34 -33 -30.5 -12 -42.578
2629 -5429 -40.5 -38 -34 -33 -30.5 -12 -41.711
2639 -935 -40.5 -38 -34 -33 -30.5 -12 -34.69
2649 -919 -40.5 -38 -34 -33 -30.5 -12 -34.387
2659 -2506 -40.5 -38 -34 -33 -30.5 -12 -37.422
2669 -1477 -40.5 -38 -34 -33 -30.5 -12 -33.86
2679 -5331 -40.5 -38 -34 -33 -30.5 -12 -42.177
2689 -1493 -42 -39 -34 -33 -30 -12 -36.183
2699 -2231 -40.5 -38 -34 -33 -30.5 -12 -39.063
2709 -1202 -40.5 -38 -34 -33 -30.5 -12 -35.172
2719 -4268 -40.5 -38 -34 -33 -30.5 -12 -37.469
2729 -2177 -40.5 -38 -34 -33 -30.5 -12 -34.718
2739 -1010 -40.5 -38 -34 -33 -30.5 -12 -35.126
2749 -7234 -40.5 -38 -34 -33 -30.5 -11 -46.344
2759 -464 -40.5 -38 -34 -33 -30.5 -12 -32.818
2769 -3068 -40.5 -38 -34 -33 -30.5 -12 -35.775
2779 -2006 -40.5 -38 -34 -33 -30.5 -12 -36.096
2789 -1221 -40.5 -38 -34 -33 -30.5 -12 -35.036
2799 -4067 -40.5 -38 -34 -33 -30.5 -11 -38.49
2809 -8345 -40.5 -38 -34 -33 -30.5 -12 -45.527
2819 -1277 -42 -39 -34 -33 -30 -12 -36.841
2829 -796 -40.5 -38 -34 -33 -30.5 -12 -33.661
2839 -4069 -40.5 -38 -34 -33 -30.5 -12 -40.526
2849 -1648 -40.5 -38 -34 -33 -30.5 -12 -35.802
2859 -1591 -40.5 -38 -34 -33 -30.5 -12 -37.239
2869 -924 -40.5 -38 -34 -33 -30.5 -12 -33.559
2879 -1553 -40.5 -38 -34 -33 -30.5 -12 -34.363
2889 -575 -40.5 -38 -34 -33 -30.5 -12 -32.889
2899 -4077 -40.5 -38 -34 -33 -30.5 -12 -42.614
2909 -1352 -40.5 -38 -34 -33 -30.5 -12 -34.31
2919 -713 -40.5 -38 -34 -33 -30.5 -12 -34.469
2929 -3822 -40.5 -38 -34 -33 -30.5 -12 -36.807
2939 -5776 -40.5 -38 -34 -33 -30.5 -12 -43.75
2949 -2123 -40.5 -38 -34 -33 -30.5 -12 -37.772
2959 -2725 -40.5 -38 -34 -33 -30.5 -12 -37.709
2969 -6562 -40.5 -38 -34 -33 -30.5 -12 -48.655
2979 -4459 -42 -39 -34 -33 -30 -12 -37.731
2989 -2965 -40.5 -38 -34 -33 -30.5 -11 -42.794
2999 -3992 -42 -39 -34 -33 -30 -12 -39.534
3009 -2762 -40.5 -38 -34 -33 -30.5 -12 -36.919
3019 -4387 -40.5 -38 -34 -33 -30.5 -12 -41.958
3029 -848 -40.5 -38 -34 -33 -30.5 -12 -34.642
3039 -715 -40.5 -38 -34 -33 -30.5 -12 -33.619
3049 -390 -40.5 -38 -34 -33 -30.5 -12 -33.206
3059 -781 -40.5 -38 -34 -33 -30.5 -12 -34.668
3069 -4237 -40.5 -38 -34 -33 -30.5 -12 -40.794
3079 -3056 -40.5 -38 -34 -33 -30.5 -12 -40.035
3089 -12929 -40.5 -38 -34 -33 -30.5 -12 -49.468
3099 -3128 -40.5 -38 -34 -33 -30.5 -12 -38.636
3109 -1858 -40.5 -38 -34 -33 -30.5 -12 -34.493
3119 -1777 -40.5 -38 -34 -33 -30.5 -12 -36.812
3129 -3686 -40.5 -38 -34 -33 -30.5 -12 -39.586
3139 -3046 -40.5 -38 -34 -33 -30.5 -12 -36.605
3149 -6736 -40.5 -38 -34 -33 -30.5 -12 -48.262
3159 -4351 -40.5 -38 -34 -33 -30.5 -12 -41.092
3169 -1613 -40.5 -38 -34 -33 -30.5 -12 -37.023
3179 -1929 -40.5 -38 -34 -33 -30.5 -12 -36.077
3189 -2477 -40.5 -38 -34 -33 -30.5 -10 -36.443
3199 -4298 -40.5 -38 -34 -33 -30.5 -12 -41.035
3209 -1033 -40.5 -38 -34 -33 -30.5 -12 -35.101
3219 -4407 -40.5 -38 -34 -33 -30.5 -12 -47.481
3229 -3053 -40.5 -38 -34 -33 -30.5 -12 -40.823
3239 -904 -40.5 -38 -34 -33 -30.5 -12 -34.092
3249 -3103 -40.5 -38 -34 -33 -30.5 -12 -36.541
3259 -6703 -40.5 -38 -34 -33 -30.5 -12 -43.138
3269 -2276 -40.5 -38 -34 -33 -30.5 -12 -42.415
3279 -7997 -40.5 -38 -34 -33 -30.5 -12 -39.839
3289 -5910 -40.5 -38 -34 -33 -30.5 -12 -47.425
3299 -2117 -40.5 -38 -34 -33 -30.5 -12 -34.816
3309 -4557 -40.5 -38 -34 -33 -30.5 -12 -40.775
3319 -2653 -40.5 -38 -34 -33 -30.5 -12 -37.441
3329 -762 -40.5 -38 -34 -33 -30.5 -12 -33.316
3339 -775 -40.5 -38 -34 -33 -30.5 -12 -34.76
3349 -4822 -40.5 -38 -34 -33 -30.5 -12 -40.123
3359 -7601 -40.5 -38 -34 -33 -30.5 -12 -48.503
3369 -489 -40.5 -38 -34 -33 -30.5 -12 -33.824
3379 -2603 -40.5 -38 -34 -33 -30.5 -12 -39.057
3389 -1907 -40.5 -38 -34 -33 -30.5 -12 -36.401
3399 -3205 -40.5 -38 -34 -33 -30.5 -12 -37.531
3409 -580 -40.5 -38 -34 -33 -30.5 -12 -32.492
3419 -677 -40.5 -38 -34 -33 -30.5 -11 -33.84
3429 -769 -40.5 -38 -34 -33 -30.5 -12 -33.561
3439 -793 -40.5 -38 -34 -33 -30.5 -12 -34.195
3449 -1987 -40.5 -38 -34 -33 -30.5 -12 -37.015
3459 -936 -40.5 -38 -34 -33 -30.5 -12 -34.22
3469 -6837 -40.5 -38 -34 -33 -30.5 -12 -40.292
3479 -1069 -40.5 -38 -34 -33 -30.5 -10 -37.238
3489 -2180 -40.5 -38 -34 -33 -30.5 -12 -36.976
3499 -544 -40.5 -38 -34 -33 -30.5 -12 -33.08
3509 -1035 -40.5 -38 -34 -33 -30.5 -12 -34.296
3519 -1364 -40.5 -38 -34 -33 -30.5 -12 -36.693
3529 -4881 -40.5 -38 -34 -33 -30.5 -12 -37.381
3539 -328 -40.5 -38 -34 -33 -30.5 -12 -32.541
3549 -407 -40.5 -38 -34 -33 -30.5 -12 -32.265
3559 -2934 -40.5 -38 -34 -33 -30.5 -12 -39.769
3569 -4349 -40.5 -38 -34 -33 -30.5 -12 -44.28
3579 -757 -40.5 -38 -34 -33 -30.5 -12 -33.434
3589 -2591 -40.5 -38 -34 -33 -30.5 -12 -37.115
3599 -641 -40.5 -38 -34 -33 -30.5 -12 -34.755
3609 -309 -40.5 -38 -34 -33 -30.5 -12 -32.523
3619 -647 -40.5 -38 -34 -33 -30.5 -12 -34.122
3629 -789 -40.5 -38 -34 -33 -30.5 -12 -33.492
3639 -2145 -40.5 -38 -34 -33 -30.5 -12 -34.488
3649 -5553 -40.5 -38 -34 -33 -30.5 -12 -39.297
3659 -731 -40.5 -38 -34 -33 -30.5 -12 -34.248
3669 -3703 -40.5 -38 -34 -33 -30.5 -12 -36.066
3679 -752 -40.5 -38 -34 -33 -30.5 -12 -35.064
3689 -1647 -40.5 -38 -34 -33 -30.5 -12 -36.199
3699 -1354 -40.5 -38 -34 -33 -30.5 -12 -36.392
3709 -4819 -40.5 -38 -34 -33 -30.5 -12 -38.599
3719 -7788 -40.5 -38 -34 -33 -30.5 -12 -41.058
3729 -1143 -40.5 -38 -34 -33 -30.5 -12 -35.159
3739 -2183 -40.5 -38 -34 -33 -30.5 -12 -37.499
3749 -3763 -40.5 -38 -34 -33 -30.5 -11 -36.36
3759 -557 -40.5 -38 -34 -33 -30.5 -12 -32.259
3769 -1365 -42 -39 -34 -33 -30 -12 -36.821
3779 -345 -40.5 -38 -34 -33 -30.5 -12 -32.81
3789 -1665 -40.5 -38 -34 -33 -30.5 -12 -33.803
3799 -1139 -40.5 -38 -34 -33 -30.5 -12 -35.706
3809 -4758 -40.5 -38 -34 -33 -30.5 -12 -39.089
3819 -6609 -40.5 -38 -34 -33 -30.5 -12 -47.238
3829 -1892 -40.5 -38 -34 -33 -30.5 -12 -33.807
3839 -566 -40.5 -38 -34 -33 -30.5 -12 -33.575
3849 -6403 -40.5 -38 -34 -33 -30.5 -12 -39.253
3859 -926 -40.5 -38 -34 -33 -30.5 -12 -32.838
3869 -2017 -40.5 -38 -34 -33 -30.5 -12 -35.849
3879 -4297 -40.5 -38 -34 -33 -30.5 -12 -40.411
3889 -3673 -40.5 -38 -34 -33 -30.5 -12 -42.03
3899 -441 -40.5 -38 -34 -33 -30.5 -12 -33.4
3909 -1858 -40.5 -38 -34 -33 -30.5 -12 -38.813
3919 -1417 -40.5 -38 -34 -33 -30.5 -12 -35.735
3929 -1520 -40.5 -38 -34 -33 -30.5 -12 -36.669
3939 -2037 -40.5 -38 -34 -33 -30.5 -11 -36.615
3949 -700 -40.5 -38 -34 -33 -30.5 -12 -33.509
3959 -1449 -40.5 -38 -34 -33 -30.5 -12 -34.035
3969 -4103 -40.5 -38 -34 -33 -30.5 -12 -37.593
3979 -222 -40.5 -38 -34 -33 -30.5 -12 -32.458
3989 -1351 -40.5 -38 -34 -33 -30.5 -12 -33.613
3999 -1031 -40.5 -38 -34 -33 -30.5 -12 -35.425
4009 -481 -40.5 -38 -34 -33 -30.5 -12 -32.267
4019 -1205 -40.5 -38 -34 -33 -30.5 -12 -35.651
4029 -1584 -40.5 -38 -34 -33 -30.5 -12 -38.456
4039 -520 -40.5 -38 -34 -33 -30.5 -12 -32.455
4049 -1023 -40.5 -38 -34 -33 -30.5 -12 -33.365
4059 -3113 -40.5 -38 -34 -33 -30.5 -12 -37.014
4069 -3127 -40.5 -38 -34 -33 -30.5 -12 -39.078
4079 -602 -40.5 -38 -34 -33 -30.5 -12 -33.808
4089 -997 -40.5 -38 -34 -33 -30.5 -12 -34.368
4099 -3944 -40.5 -38 -34 -33 -30.5 -12 -37.746
4109 -1654 -40.5 -38 -34 -33 -30.5 -12 -35.413
4119 -1840 -40.5 -38 -34 -33 -30.5 -12 -36.177
4129 -2424 -40.5 -38 -34 -33 -30.5 -12 -36.304
4139 -2403 -40.5 -38 -34 -33 -30.5 -12 -37.04
4149 -2106 -40.5 -38 -34 -33 -30.5 -12 -37.199
4159 -1359 -40.5 -38 -34 -33 -30.5 -12 -35.26
4169 -644 -40.5 -38 -34 -33 -30.5 -12 -33.196
4179 -1524 -42 -38 -34 -30 -26 -12 -34.055
4189 -1349 -40.5 -38 -34 -33 -30.5 -12 -33.907
4199 -493 -40.5 -38 -34 -33 -30.5 -12 -33.411
4209 -1592 -40.5 -38 -34 -33 -30.5 -12 -36.985
4219 -1394 -40.5 -38 -34 -33 -30.5 -12 -34.258
4229 -987 -40.5 -38 -34 -33 -30.5 -12 -37.454
4239 -405 -40.5 -38 -34 -33 -30.5 -12 -31.826
4249 -572 -40.5 -38 -34 -33 -30.5 -12 -33.018
4259 -889 -40.5 -38 -34 -33 -30.5 -12 -35.158
4269 -686 -40.5 -38 -34 -33 -30.5 -12 -33.557
4279 -2358 -40.5 -38 -34 -33 -30.5 -12 -40.844
4289 -2470 -40.5 -38 -34 -33 -30.5 -12 -35.781
4299 -1095 -40.5 -38 -34 -33 -30.5 -12 -33.24
4309 -967 -40.5 -38 -34 -33 -30.5 -12 -35.351
4319 -1399 -40.5 -38 -34 -33 -30.5 -12 -35.34
4329 -3711 -40.5 -38 -34 -33 -30.5 -12 -39.126
4339 -1082 -40.5 -38 -34 -33 -30.5 -12 -33.514
4349 -773 -40.5 -38 -34 -33 -30.5 -12 -34.211
4359 -11668 -40.5 -38 -34 -33 -30.5 -12 -54.955
4369 -7336 -40.5 -38 -34 -33 -30.5 -12 -41.106
4379 -574 -40.5 -38 -34 -33 -30.5 -12 -32.035
4389 -770 -40.5 -38 -34 -33 -30.5 -12 -33.55
4399 -1267 -40.5 -38 -34 -33 -30.5 -12 -35.284
4409 -3030 -40.5 -38 -34 -33 -30.5 -12 -39.235
4419 -6436 -40.5 -38 -34 -33 -30.5 -12 -40.08
4429 -7356 -40.5 -38 -34 -33 -30.5 -12 -42.614
4439 -2784 -40.5 -38 -34 -33 -30.5 -12 -37.669
4449 -5192 -40.5 -38 -34 -33 -30.5 -10 -39.387
4459 -3223 -40.5 -38 -34 -33 -30.5 -12 -37.016
4469 -687 -40.5 -38 -34 -33 -30.5 -12 -33.17
4479 -3440 -40.5 -38 -34 -33 -30.5 -12 -37.71
4489 -628 -40.5 -38 -34 -33 -30.5 -11 -34.39
4499 -2482 -40.5 -38 -34 -33 -30.5 -10 -37.217
4509 -757 -40.5 -38 -34 -33 -30.5 -12 -32.936
4519 -710 -40.5 -38 -34 -33 -30.5 -12 -33.106
4529 -819 -40.5 -38 -34 -33 -30.5 -12 -33.544
4539 -1054 -40.5 -38 -34 -33 -30.5 -12 -34.006
4549 -1165 -40.5 -38 -34 -33 -30.5 -12 -33.864
4559 -1543 -40.5 -38 -34 -33 -30.5 -12 -35.17
4569 -1733 -40.5 -38 -34 -33 -30.5 -12 -35.875
4579 -3337 -42 -39 -34 -33 -30 -12 -38.201
4589 -627 -40.5 -38 -34 -33 -30.5 -12 -33.365
4599 -8698 -40.5 -38 -34 -33 -30.5 -12 -41.679
4609 -968 -40.5 -38 -34 -33 -30.5 -12 -33.856
4619 -627 -40.5 -38 -34 -33 -30.5 -12 -32.366
4629 -539 -40.5 -38 -34 -33 -30.5 -12 -34.074
4639 -533 -40.5 -38 -34 -33 -30.5 -12 -32.449
4649 -657 -40.5 -38 -34 -33 -30.5 -12 -34.308
4659 -4280 -40.5 -38 -34 -33 -30.5 -12 -38.439
4669 -2349 -40.5 -38 -34 -33 -30.5 -12 -36.39
4679 -878 -40.5 -38 -34 -33 -30.5 -12 -33.38
4689 -3838 -40.5 -38 -34 -33 -30.5 -12 -38.865
4699 -416 -40.5 -38 -34 -33 -30.5 -12 -33.081
4709 -1211 -40.5 -38 -34 -33 -30.5 -12 -33.269
4719 -1273 -40.5 -38 -34 -33 -30.5 -12 -34.796
4729 -5629 -40.5 -38 -34 -33 -30.5 -12 -38.94
4739 -544 -40.5 -38 -34 -33 -30.5 -11 -34.233
4749 -980 -40.5 -38 -34 -33 -30.5 -13 -35.777
4759 -625 -40.5 -38 -34 -33 -30.5 -11 -33.722
4769 -7989 -40.5 -38 -34 -33 -30.5 -12 -41.612
4779 -2884 -40.5 -38 -34 -33 -30.5 -12 -39.593
4789 -1119 -40.5 -38 -34 -33 -30.5 -12 -35.405
4799 -385 -40.5 -38 -34 -33 -30.5 -12 -33.33
4809 -1061 -40.5 -38 -34 -33 -30.5 -12 -33.889
4819 -984 -40.5 -38 -34 -33 -30.5 -12 -36.067
4829 -7996 -40.5 -38 -34 -33 -30.5 -12 -42.742
4839 -976 -40.5 -38 -34 -33 -30.5 -12 -33.554
4849 -5364 -40.5 -38 -34 -33 -30.5 -12 -37.549
4859 -3121 -40.5 -38 -34 -33 -30.5 -12 -36.746
4869 -1425 -40.5 -38 -34 -33 -30.5 -12 -34.409
4879 -806 -40.5 -38 -34 -33 -30.5 -12 -33.153
4889 -856 -40.5 -38 -34 -33 -30.5 -12 -33.408
4899 -681 -40.5 -38 -34 -33 -30.5 -12 -34.897
4909 -2248 -40.5 -38 -34 -33 -30.5 -12 -36.916
4919 -13830 -40.5 -38 -34 -33 -30.5 -12 -48.288
4929 -1936 -40.5 -38 -34 -33 -30.5 -12 -37.201
4939 -5912 -40.5 -38 -34 -33 -30.5 -11 -38.933
4949 -1797 -40.5 -38 -34 -33 -30.5 -12 -37.021
4959 -3225 -40.5 -38 -34 -33 -30.5 -12 -37.125
4969 -5738 -40.5 -38 -34 -33 -30.5 -12 -39.604
4979 -1408 -40.5 -38 -34 -33 -30.5 -12 -36.239
4989 -699 -40.5 -38 -34 -33 -30.5 -12 -34.174
4999 -316 -40.5 -38 -34 -33 -30.5 -12 -32.623
