0 -61.392 -260 -7 -106.131 -16.6527 100
9 -60.972 -238 -7 -102.145 -19.7986 99.9
19 -64.896 -318 -7 -111.149 -18.6429 99.8001
29 -61.541 -289 -7 -105.177 -17.9046 99.7003
39 -61.701 -276 -7 -104.631 -18.7706 99.6006
49 -60.47 -288 -7 -103.574 -17.3662 99.501
59 -64.932 -274 -7 -109.822 -20.0418 99.4015
69 -63.87 -318 -7 -108.487 -19.2526 99.3021
79 -64.562 -271 -7 -110.3 -18.8243 99.2028
89 -60.765 -262 -7 -102.791 -18.7388 99.1036
99 -62.614 -249 -7 -106.157 -19.0708 99.0045
109 -60.477 -261 -7 -101.206 -19.7475 98.9055
119 -60.225 -303 -7 -102.143 -18.3075 98.8066
129 -60.889 -310 -7 -104.344 -17.4338 98.7078
139 -61.746 -259 -7 -104.55 -18.9424 98.6091
149 -59.274 -283 -7 -100.944 -17.6038 98.5105
159 -61.005 -243 -7 -101.894 -20.1161 98.4119
169 -62.252 -279 -7 -104.916 -19.5878 98.3135
179 -62.679 -243 -7 -105.801 -19.5571 98.2152
189 -61.335 -263 -7 -102.875 -19.7948 98.117
199 -60.182 -291 -7 -102.801 -17.563 98.0189
209 -60.492 -263 -7 -102.056 -18.9284 97.9209
219 -59.415 -246 -7 -101.394 -17.4359 97.8229
229 -60.288 -281 -7 -103.6 -16.9759 97.7251
239 -59.198 -229 -7 -99.4116 -18.9844 97.6274
249 -57.788 -241 -7 -97.5133 -18.0627 97.5298
259 -60.13 -293 -7 -101.297 -18.9633 97.4322
269 -61.109 -259 -7 -104.299 -17.9189 97.3348
279 -59.674 -262 -7 -99.829 -19.519 97.2375
289 -57.934 -253 -7 -97.1201 -18.7479 97.1402
299 -57.167 -260 -7 -96.4449 -17.8891 97.0431
309 -59.932 -242 -7 -101.243 -18.6208 96.9461
319 -57.529 -237 -7 -97.1387 -17.9193 96.8491
329 -60.084 -214 -7 -100.342 -19.8256 96.7523
339 -56.378 -276 -7 -95.8306 -16.9254 96.6555
349 -58.913 -350 -7 -99.5507 -18.2753 96.5589
359 -60.646 -247 -7 -102.569 -18.7231 96.4623
369 -60.206 -267 -7 -102.948 -17.4638 96.3658
379 -57.669 -234 -7 -96.4517 -18.8863 96.2695
389 -58.748 -251 -7 -99.7439 -17.7521 96.1732
399 -56.686 -245 -7 -95.8652 -17.5068 96.077
409 -57.123 -222 -7 -94.3194 -19.9266 95.9809
419 -57.536 -220 -7 -96.8091 -18.2629 95.885
429 -56.515 -216 -7 -95.7335 -17.2965 95.7891
439 -56.357 -237 -7 -95.4587 -17.2553 95.6933
449 -53.116 -257 -7 -90.4088 -15.8232 95.5976
459 -57.221 -287 -7 -96.6113 -17.8307 95.502
469 -58.946 -282 -7 -100.751 -17.1407 95.4065
479 -53.586 -287 -7 -91.4344 -15.7376 95.3111
489 -58.147 -251 -7 -98.4352 -17.8588 95.2158
499 -57.703 -269 -7 -96.9497 -18.4563 95.1206
509 -57.404 -233 -7 -95.6493 -19.1587 95.0254
519 -54.599 -211 -7 -91.592 -17.606 94.9304
529 -55.796 -213 -7 -92.9942 -18.5978 94.8355
539 -56.627 -225 -7 -94.3221 -18.9319 94.7407
549 -54.683 -248 -7 -94.1419 -15.2241 94.6459
559 -53.782 -254 -7 -90.3588 -17.2052 94.5513
569 -53.506 -294 -7 -90.6484 -16.3636 94.4567
579 -55.583 -270 -7 -94.4519 -16.7141 94.3623
589 -54.29 -256 -7 -91.1746 -17.4054 94.2679
599 -54.974 -279 -7 -92.2041 -17.7439 94.1736
609 -55.127 -277 -7 -93.034 -17.22 94.0795
619 -51.651 -235 -7 -85.6766 -17.6254 93.9854
629 -52.074 -235 -7 -88.2299 -15.9181 93.8914
639 -53.265 -200 -7 -89.0951 -17.4349 93.7975
649 -53.097 -234 -7 -87.8593 -18.3347 93.7037
659 -54.817 -240 -7 -92.0578 -17.5762 93.61
669 -53.789 -204 -7 -90.0718 -17.5062 93.5164
679 -53.848 -219 -7 -89.1005 -18.5955 93.4229
689 -55.215 -219 -7 -92.6283 -17.8017 93.3294
699 -55.082 -198 -7 -92.2851 -17.8789 93.2361
709 -52.943 -281 -7 -90.777 -15.109 93.1429
719 -54.263 -265 -7 -90.7001 -17.8259 93.0497
729 -53.333 -220 -7 -88.9813 -17.6847 92.9567
739 -51.53 -235 -7 -85.6742 -17.3858 92.8637
749 -53.142 -196 -7 -89.3436 -16.9404 92.7709
759 -51.8 -210 -7 -86.8027 -16.7973 92.6781
769 -50.507 -288 -7 -85.9382 -15.0758 92.5854
779 -51.827 -264 -7 -86.8137 -16.8403 92.4928
789 -52.071 -250 -7 -86.8953 -17.2467 92.4003
799 -51.042 -253 -7 -86.5528 -15.5312 92.3079
809 -53.552 -257 -7 -91.1004 -16.0036 92.2156
819 -51.854 -245 -7 -88.1584 -15.5496 92.1234
829 -52.646 -202 -7 -87.3066 -17.9854 92.0313
839 -51.772 -256 -7 -86.5828 -16.9612 91.9393
849 -48.938 -201 -7 -80.9409 -16.9351 91.8473
859 -49.936 -201 -7 -82.9673 -16.9047 91.7555
869 -51.22 -234 -7 -85.7871 -16.6529 91.6637
879 -52.378 -224 -7 -88.3816 -16.3744 91.5721
889 -51.017 -203 -7 -86.1747 -15.8593 91.4805
899 -51.718 -234 -7 -87.6142 -15.8218 91.389
909 -53.301 -196 -7 -88.8247 -17.7773 91.2976
919 -51.702 -226 -7 -87.0157 -16.3883 91.2063
929 -51.439 -217 -7 -87.0189 -15.8591 91.1151
939 -50.931 -241 -7 -86.2861 -15.5759 91.024
949 -49.641 -211 -7 -82.7354 -16.5466 90.933
959 -49.947 -218 -7 -84.5117 -15.3823 90.842
969 -48.439 -210 -7 -81.8135 -15.0645 90.7512
979 -48.969 -209 -7 -82.689 -15.249 90.6604
989 -50.217 -229 -7 -84.3593 -16.0747 90.5698
999 -50.084 -259 -7 -83.8045 -16.3635 90.4792
1009 -49.378 -198 -7 -82.371 -16.385 90.3887
1019 -49.894 -207 -7 -81.4425 -18.3455 90.2983
1029 -49.713 -175 -7 -82.1124 -17.3136 90.208
1039 -52.122 -211 -7 -86.317 -17.927 90.1178
1049 -49.086 -193 -7 -82.189 -15.983 90.0277
1059 -49.629 -218 -7 -83.8453 -15.4127 89.9377
1069 -48.775 -208 -7 -81.5614 -15.9886 89.8478
1079 -48.847 -218 -7 -81.9163 -15.7777 89.7579
1089 -49.304 -251 -7 -81.4696 -17.1384 89.6682
1099 -48.738 -219 -7 -82.2443 -15.2317 89.5785
1109 -47.943 -174 -7 -80.0358 -15.8502 89.4889
1119 -50.22 -235 -7 -83.5634 -16.8766 89.3994
1129 -48.447 -242 -7 -80.3927 -16.5013 89.31
1139 -49.072 -288 -7 -83.7349 -14.4091 89.2207
1149 -49.276 -217 -7 -83.4883 -15.0637 89.1315
1159 -48.973 -227 -7 -82.0792 -15.8668 89.0424
1169 -48.051 -180 -7 -78.4753 -17.6267 88.9533
1179 -49.029 -230 -7 -83.2355 -14.8225 88.8644
1189 -48.713 -232 -7 -82.0378 -15.3882 88.7755
1199 -45.45 -219 -7 -76.8086 -14.0914 88.6867
1209 -47.173 -210 -7 -78.3098 -16.0362 88.598
1219 -48.951 -157 -7 -79.0558 -18.8462 88.5094
1229 -48.28 -188 -7 -80.2672 -16.2928 88.4209
1239 -48.093 -201 -7 -80.2094 -15.9766 88.3325
1249 -48.525 -210 -7 -81.231 -15.819 88.2442
1259 -48.77 -190 -7 -81.4336 -16.1064 88.1559
1269 -48.375 -194 -7 -80.262 -16.488 88.0678
1279 -44.968 -204 -7 -74.9091 -15.0269 87.9797
1289 -47.497 -201 -7 -79.6875 -15.3065 87.8917
1299 -49.038 -221 -7 -82.8159 -15.2601 87.8038
1309 -48.606 -191 -7 -81.2099 -16.0021 87.716
1319 -46.87 -193 -7 -78.0844 -15.6556 87.6283
1329 -46.642 -188 -7 -77.1167 -16.1673 87.5407
1339 -46.447 -213 -7 -78.204 -14.69 87.4531
1349 -47.711 -194 -7 -79.308 -16.114 87.3657
1359 -47.729 -205 -7 -79.5736 -15.8844 87.2783
1369 -47.135 -208 -7 -79.4039 -14.8661 87.191
1379 -45.307 -183 -7 -76.2966 -14.3174 87.1039
1389 -47.451 -198 -7 -79.6519 -15.2501 87.0168
1399 -45.874 -222 -7 -76.7841 -14.9639 86.9297
1409 -47.294 -216 -7 -77.3997 -17.1883 86.8428
1419 -48.052 -184 -7 -79.3208 -16.7832 86.756
1429 -46.712 -201 -7 -78.8572 -14.5668 86.6692
1439 -45.269 -198 -7 -74.2838 -16.2542 86.5825
1449 -47.268 -203 -7 -78.9202 -15.6158 86.496
1459 -46.102 -245 -7 -76.415 -15.789 86.4095
1469 -46.047 -178 -7 -76.2556 -15.8384 86.323
1479 -46.733 -182 -7 -77.4412 -16.0248 86.2367
1489 -46.78 -183 -7 -77.2326 -16.3274 86.1505
1499 -44.846 -182 -7 -74.3825 -15.3095 86.0643
1509 -45.515 -191 -7 -76.6015 -14.4285 85.9783
1519 -44.598 -213 -7 -75.1676 -14.0284 85.8923
1529 -45.875 -224 -7 -76.7597 -14.9903 85.8064
1539 -44.595 -194 -7 -74.0478 -15.1422 85.7206
1549 -43.679 -159 -7 -71.9125 -15.4455 85.6349
1559 -44.67 -185 -7 -74.3494 -14.9906 85.5492
1569 -44.768 -174 -7 -73.9085 -15.6275 85.4637
1579 -45.64 -190 -7 -74.0302 -17.2498 85.3782
1589 -45.945 -188 -7 -76.6307 -15.2593 85.2929
1599 -45.373 -223 -7 -75.8567 -14.8893 85.2076
1609 -45.188 -177 -7 -74.0162 -16.3598 85.1223
1619 -44.938 -180 -7 -74.3504 -15.5256 85.0372
1629 -45.03 -196 -7 -74.3554 -15.7046 84.9522
1639 -44.891 -184 -7 -73.2918 -16.4902 84.8672
1649 -45.093 -191 -7 -73.9833 -16.2027 84.7824
1659 -42.478 -188 -7 -69.6642 -15.2918 84.6976
1669 -46.29 -215 -7 -75.4135 -17.1665 84.6129
1679 -43.44 -211 -7 -72.8151 -14.0649 84.5283
1689 -42.661 -221 -7 -70.2189 -15.1031 84.4437
1699 -44.495 -199 -7 -73.4272 -15.5628 84.3593
1709 -44.365 -234 -7 -73.5328 -15.1972 84.2749
1719 -44.824 -169 -7 -73.7466 -15.9014 84.1907
1729 -44.414 -181 -7 -74.2474 -14.5806 84.1065
1739 -44.441 -204 -7 -72.9733 -15.9087 84.0224
1749 -42.456 -150 -7 -69.3539 -15.5581 83.9384
1759 -43.353 -163 -7 -71.4026 -15.3034 83.8544
1769 -43.779 -185 -7 -72.5761 -14.9819 83.7706
1779 -44.832 -197 -7 -74.4336 -15.2304 83.6868
1789 -42.683 -200 -7 -70.2716 -15.0944 83.6031
1799 -43.121 -221 -7 -71.0005 -15.2415 83.5195
1809 -43.531 -209 -7 -72.7013 -14.3607 83.436
1819 -41.806 -217 -7 -68.9753 -14.6367 83.3525
1829 -44.297 -164 -7 -71.9067 -16.6873 83.2692
1839 -42.73 -165 -7 -70.5809 -14.8791 83.1859
1849 -44.593 -248 -7 -74.1374 -15.0486 83.1027
1859 -43.327 -203 -7 -70.7127 -15.9413 83.0196
1869 -43.03 -169 -7 -69.588 -16.472 82.9366
1879 -42.373 -181 -7 -69.3318 -15.4142 82.8537
1889 -42.688 -163 -7 -69.9394 -15.4366 82.7708
1899 -42.69 -203 -7 -70.6994 -14.6806 82.6881
1909 -43.051 -178 -7 -70.9045 -15.1975 82.6054
1919 -42.898 -210 -7 -71.0623 -14.7337 82.5228
1929 -42.217 -198 -7 -70.2192 -14.2148 82.4402
1939 -42.515 -183 -7 -70.3502 -14.6798 82.3578
1949 -43.651 -181 -7 -73.0841 -14.2179 82.2754
1959 -43.282 -162 -7 -69.3184 -17.2456 82.1932
1969 -41.386 -188 -7 -68.6657 -14.1063 82.111
1979 -42.959 -177 -7 -69.9504 -15.9676 82.0289
1989 -42.584 -178 -7 -69.2948 -15.8732 81.9468
1999 -44.018 -207 -7 -71.2785 -16.7575 81.8649
2009 -41.617 -187 -7 -66.8221 -16.4119 81.783
2019 -41.619 -207 -7 -68.3364 -14.9016 81.7012
2029 -42.04 -180 -7 -68.8446 -15.2354 81.6195
2039 -42.274 -194 -7 -69.3376 -15.2104 81.5379
2049 -43.178 -176 -7 -69.8445 -16.5115 81.4564
2059 -44.631 -184 -7 -72.3682 -16.8938 81.3749
2069 -41.317 -167 -7 -67.3442 -15.2898 81.2935
2079 -42.161 -194 -7 -69.179 -15.143 81.2123
2089 -42.905 -149 -7 -69.2365 -16.5735 81.131
2099 -42.916 -176 -7 -70.08 -15.752 81.0499
2109 -41.71 -199 -7 -67.9565 -15.4635 80.9689
2119 -40.524 -165 -7 -65.0056 -16.0424 80.8879
2129 -41.625 -179 -7 -68.2973 -14.9527 80.807
2139 -41.31 -164 -7 -67.399 -15.221 80.7262
2149 -41.532 -179 -7 -69.3202 -13.7438 80.6455
2159 -39.341 -166 -7 -63.2681 -15.4139 80.5648
2169 -41.424 -153 -7 -67.7081 -15.1399 80.4843
2179 -40.824 -167 -7 -66.5654 -15.0826 80.4038
2189 -41.981 -173 -7 -69.2195 -14.7425 80.3234
2199 -42.167 -151 -7 -67.9361 -16.3979 80.243
2209 -41.554 -192 -7 -68.0676 -15.0404 80.1628
2219 -40.916 -170 -7 -66.6435 -15.1885 80.0826
2229 -41.873 -198 -7 -68.6236 -15.1224 80.0026
2239 -39.998 -169 -7 -64.7557 -15.2403 79.9226
2249 -40.616 -138 -7 -65.6289 -15.6031 79.8426
2259 -41.246 -174 -7 -67.2455 -15.2465 79.7628
2269 -39.255 -185 -7 -62.3544 -16.1556 79.683
2279 -41.04 -149 -7 -66.0366 -16.0434 79.6033
2289 -39.963 -192 -7 -64.3286 -15.5974 79.5237
2299 -40.951 -177 -7 -66.5151 -15.3869 79.4442
2309 -39.931 -153 -7 -64.3781 -15.4839 79.3648
2319 -40.613 -157 -7 -66.1487 -15.0773 79.2854
2329 -39.691 -122 -7 -63.4572 -15.9248 79.2061
2339 -40.714 -148 -7 -65.6727 -15.7553 79.1269
2349 -40.235 -195 -7 -65.9955 -14.4745 79.0478
2359 -40.356 -142 -7 -65.1712 -15.5408 78.9687
2369 -40.006 -187 -7 -65.6605 -14.3515 78.8898
2379 -40.706 -158 -7 -66.299 -15.113 78.8109
2389 -40.788 -174 -7 -65.6988 -15.8772 78.7321
2399 -39.985 -211 -7 -64.9895 -14.9805 78.6533
2409 -37.6 -165 -7 -60.9265 -14.2735 78.5747
2419 -39.964 -158 -7 -64.4157 -15.5123 78.4961
2429 -38.72 -161 -7 -62.0512 -15.3888 78.4176
2439 -39.702 -154 -7 -63.0344 -16.3696 78.3392
2449 -40.671 -158 -7 -64.865 -16.477 78.2609
2459 -40.452 -168 -7 -66.3365 -14.5675 78.1826
2469 -39.008 -187 -7 -63.6047 -14.4113 78.1044
2479 -38.978 -186 -7 -62.2017 -15.7543 78.0263
2489 -39.52 -199 -7 -65.2212 -13.8188 77.9483
2499 -37.413 -152 -7 -59.5837 -15.2423 77.8703
2509 -37.687 -132 -7 -60.208 -15.166 77.7925
2519 -38.973 -160 -7 -62.2122 -15.7338 77.7147
2529 -39.272 -174 -7 -63.9302 -14.6138 77.637
2539 -37.611 -132 -7 -60.4012 -14.8208 77.5593
2549 -39.139 -182 -7 -62.6707 -15.6073 77.4818
2559 -38.302 -156 -7 -61.6172 -14.9868 77.4043
2569 -40.01 -157 -7 -64.4759 -15.5441 77.3269
2579 -39.072 -192 -7 -63.7421 -14.4019 77.2496
2589 -40.155 -163 -7 -64.0219 -16.2881 77.1723
2599 -39.376 -224 -7 -64.7222 -14.0298 77.0951
2609 -39.991 -173 -7 -64.5017 -15.4803 77.018
2619 -38.558 -170 -7 -62.277 -14.839 76.941
2629 -38.415 -168 -7 -62.0109 -14.8191 76.8641
2639 -38.549 -163 -7 -61.5753 -15.5227 76.7872
2649 -38.409 -175 -7 -61.445 -15.373 76.7104
2659 -37.645 -156 -7 -61.514 -13.776 76.6337
2669 -39.443 -228 -7 -64.6578 -14.2282 76.5571
2679 -38.074 -162 -7 -61.5984 -14.5496 76.4805
2689 -38.022 -184 -7 -60.8944 -15.1496 76.404
2699 -37.971 -132 -7 -60.3012 -15.6408 76.3276
2709 -38.502 -172 -7 -63.2904 -13.7136 76.2513
2719 -38.498 -162 -7 -62.6439 -14.3521 76.1751
2729 -39.145 -155 -7 -63.4138 -14.8762 76.0989
2739 -38.066 -214 -7 -62.5021 -13.6299 76.0228
2749 -38.797 -164 -7 -62.4953 -15.0987 75.9468
2759 -37.077 -152 -7 -59.455 -14.699 75.8708
2769 -37.501 -134 -7 -60.0692 -14.9328 75.7949
2779 -37.792 -177 -7 -60.1716 -15.4124 75.7191
2789 -38.583 -138 -7 -60.7705 -16.3955 75.6434
2799 -38.45 -160 -7 -62.7392 -14.1608 75.5678
2809 -38.221 -144 -7 -61.3115 -15.1305 75.4922
2819 -39.418 -152 -7 -63.7649 -15.0711 75.4167
2829 -36.821 -146 -7 -58.8251 -14.8169 75.3413
2839 -38.287 -163 -7 -60.986 -15.588 75.266
2849 -38.202 -154 -7 -61.771 -14.633 75.1907
2859 -37.776 -148 -7 -60.3355 -15.2165 75.1155
2869 -38.832 -193 -7 -62.6273 -15.0367 75.0404
2879 -37.061 -157 -7 -59.4316 -14.6904 74.9654
2889 -36.456 -145 -7 -58.7939 -14.1181 74.8904
2899 -36.801 -175 -7 -59.5599 -14.0421 74.8155
2909 -38.615 -192 -7 -62.5714 -14.6586 74.7407
2919 -37.232 -224 -7 -60.2648 -14.1992 74.6659
2929 -37.383 -164 -7 -59.6994 -15.0666 74.5913
2939 -37.889 -156 -7 -60.3212 -15.4568 74.5167
2949 -39.056 -185 -7 -62.4375 -15.6745 74.4422
2959 -37.97 -212 -7 -62.0368 -13.9032 74.3677
2969 -37.786 -182 -7 -60.5654 -15.0066 74.2934
2979 -37.259 -138 -7 -59.3436 -15.1744 74.2191
2989 -38.271 -178 -7 -61.6597 -14.8823 74.1448
2999 -37.637 -152 -7 -59.7113 -15.5627 74.0707
3009 -37.347 -167 -7 -59.3522 -15.3418 73.9966
3019 -37.681 -165 -7 -61.0337 -14.3283 73.9226
3029 -35.836 -198 -7 -56.5612 -15.1108 73.8487
3039 -37.461 -170 -7 -59.0115 -15.9105 73.7749
3049 -37.457 -148 -7 -60.4051 -14.5089 73.7011
3059 -36.913 -180 -7 -59.9035 -13.9225 73.6274
3069 -36.312 -143 -7 -57.8362 -14.7878 73.5538
3079 -38.131 -163 -7 -61.0085 -15.2535 73.4802
3089 -36.027 -145 -7 -56.964 -15.09 73.4067
3099 -36.653 -131 -7 -58.2878 -15.0182 73.3333
3109 -35.679 -148 -7 -56.4425 -14.9155 73.26
3119 -36.865 -143 -7 -58.3888 -15.3412 73.1867
3129 -35.427 -138 -7 -56.158 -14.696 73.1135
3139 -36.527 -147 -7 -58.5722 -14.4818 73.0404
3149 -35.742 -133 -7 -56.7549 -14.7291 72.9674
3159 -36.657 -131 -7 -58.3525 -14.9615 72.8944
3169 -36.151 -144 -7 -57.4653 -14.8367 72.8215
3179 -35.337 -151 -7 -56.9533 -13.7207 72.7487
3189 -35.642 -128 -7 -57.1521 -14.1319 72.676
3199 -35.835 -147 -7 -56.769 -14.901 72.6033
3209 -35.619 -146 -7 -57.453 -13.785 72.5307
3219 -36.757 -142 -7 -57.9232 -15.5908 72.4581
3229 -36.513 -144 -7 -58.5208 -14.5052 72.3857
3239 -36.182 -144 -7 -57.6723 -14.6917 72.3133
3249 -37.533 -137 -7 -59.7232 -15.3428 72.241
3259 -35.517 -133 -7 -56.7181 -14.3159 72.1687
3269 -36.552 -144 -7 -58.7909 -14.3131 72.0966
3279 -35.836 -137 -7 -56.315 -15.357 72.0245
3289 -35.808 -156 -7 -57.3967 -14.2193 71.9525
3299 -37.542 -152 -7 -59.5301 -15.5539 71.8805
3309 -36.233 -134 -7 -57.9902 -14.4758 71.8086
3319 -35.687 -128 -7 -56.1519 -15.2221 71.7368
3329 -36.554 -134 -7 -58.2097 -14.8983 71.6651
3339 -37.082 -157 -7 -60.3715 -13.7925 71.5934
3349 -36.209 -169 -7 -56.7164 -15.7016 71.5218
3359 -34.292 -113 -7 -53.6488 -14.9352 71.4503
3369 -35.528 -139 -7 -55.7104 -15.3456 71.3788
3379 -35.545 -159 -7 -56.8953 -14.1947 71.3075
3389 -36.572 -153 -7 -57.3057 -15.8383 71.2362
3399 -35.773 -198 -7 -56.9994 -14.5466 71.1649
3409 -35.919 -166 -7 -57.2073 -14.6307 71.0938
3419 -35.624 -134 -7 -56.2993 -14.9487 71.0227
3429 -34.901 -171 -7 -56.0139 -13.7881 70.9516
3439 -34.46 -139 -7 -54.2016 -14.7184 70.8807
3449 -35.214 -139 -7 -55.8113 -14.6167 70.8098
3459 -35.879 -131 -7 -56.172 -15.586 70.739
3469 -35.137 -152 -7 -54.9703 -15.3037 70.6683
3479 -35.181 -133 -7 -54.5539 -15.8081 70.5976
3489 -34.777 -140 -7 -55.1318 -14.4222 70.527
3499 -34.777 -170 -7 -55.2532 -14.3008 70.4565
3509 -34.002 -127 -7 -53.2605 -14.7435 70.386
3519 -34.509 -138 -7 -55.4005 -13.6175 70.3156
3529 -35.214 -131 -7 -55.8665 -14.5615 70.2453
3539 -34.766 -135 -7 -54.8708 -14.6612 70.1751
3549 -36.421 -137 -7 -57.5545 -15.2875 70.1049
3559 -34.478 -163 -7 -54.8801 -14.0759 70.0348
3569 -35.088 -129 -7 -55.4066 -14.7694 69.9648
3579 -33.982 -160 -7 -54.408 -13.556 69.8948
3589 -34.484 -142 -7 -54.8849 -14.0831 69.8249
3599 -34.697 -139 -7 -53.8605 -15.5335 69.7551
3609 -34.189 -150 -7 -53.6883 -14.6897 69.6853
3619 -35.128 -121 -7 -54.6351 -15.6209 69.6156
3629 -35.885 -168 -7 -57.7518 -14.0182 69.546
3639 -34.963 -117 -7 -54.6553 -15.2707 69.4765
3649 -35.051 -181 -7 -55.4182 -14.6838 69.407
3659 -34.414 -130 -7 -54.3785 -14.4495 69.3376
3669 -34.58 -117 -7 -54.3428 -14.8172 69.2682
3679 -35.038 -145 -7 -54.4865 -15.5895 69.199
3689 -34.913 -149 -7 -54.5014 -15.3246 69.1298
3699 -35.691 -137 -7 -56.8759 -14.5061 69.0606
3709 -33.177 -123 -7 -52.2823 -14.0717 68.9916
3719 -33.903 -152 -7 -53.1217 -14.6843 68.9226
3729 -34.545 -140 -7 -55.0202 -14.0698 68.8537
3739 -34.506 -159 -7 -54.3472 -14.6648 68.7848
3749 -34.574 -123 -7 -54.2449 -14.9031 68.716
3759 -34.831 -146 -7 -55.5483 -14.1137 68.6473
3769 -34.004 -139 -7 -53.6836 -14.3244 68.5787
3779 -34.524 -134 -7 -53.4205 -15.6275 68.5101
3789 -34.915 -128 -7 -54.5909 -15.2391 68.4416
3799 -33.969 -125 -7 -53.466 -14.472 68.3731
3809 -34.587 -149 -7 -54.5877 -14.5863 68.3048
3819 -34.116 -168 -7 -53.2138 -15.0182 68.2365
3829 -33.507 -133 -7 -52.0756 -14.9384 68.1682
3839 -34.041 -133 -7 -53.3907 -14.6913 68.1001
3849 -33.572 -141 -7 -52.7119 -14.4321 68.032
3859 -34.073 -123 -7 -53.8751 -14.2709 67.9639
3869 -34.073 -145 -7 -53.4089 -14.7371 67.896
3879 -33.206 -143 -7 -52.6621 -13.7499 67.8281
3889 -34.196 -133 -7 -54.2901 -14.1019 67.7602
3899 -32.426 -125 -7 -51.0304 -13.8216 67.6925
3909 -33.557 -157 -7 -53.7656 -13.3484 67.6248
3919 -33.018 -132 -7 -51.7326 -14.3034 67.5572
3929 -34.634 -134 -7 -54.2672 -15.0008 67.4896
3939 -34.055 -152 -7 -53.767 -14.343 67.4221
3949 -34.192 -131 -7 -52.8762 -15.5078 67.3547
3959 -34.585 -137 -7 -54.23 -14.94 67.2873
3969 -33.914 -154 -7 -53.8379 -13.9901 67.22
3979 -33.418 -137 -7 -52.589 -14.247 67.1528
3989 -32.605 -149 -7 -51.5699 -13.6401 67.0857
3999 -33.639 -136 -7 -52.5603 -14.7177 67.0186
4009 -33.874 -159 -7 -53.4129 -14.3351 66.9516
4019 -32.794 -115 -7 -50.398 -15.19 66.8846
4029 -33.8 -159 -7 -53.9868 -13.6132 66.8177
4039 -32.813 -128 -7 -51.355 -14.271 66.7509
4049 -32.76 -108 -7 -50.5239 -14.9961 66.6842
4059 -33.84 -138 -7 -52.3148 -15.3652 66.6175
4069 -33.302 -137 -7 -51.9196 -14.6844 66.5509
4079 -31.49 -114 -7 -49.518 -13.462 66.4843
4089 -34.169 -125 -7 -53.2141 -15.1239 66.4178
4099 -34.29 -126 -7 -53.4591 -15.1209 66.3514
4109 -33.088 -104 -7 -52.3648 -13.8112 66.2851
4119 -32.964 -129 -7 -52.205 -13.723 66.2188
4129 -32.601 -115 -7 -50.7571 -14.4449 66.1526
4139 -34.012 -122 -7 -52.4985 -15.5255 66.0864
4149 -33.332 -109 -7 -51.8788 -14.7852 66.0203
4159 -33.236 -122 -7 -51.7305 -14.7415 65.9543
4169 -33.625 -159 -7 -52.8047 -14.4453 65.8883
4179 -33.074 -128 -7 -51.5669 -14.5811 65.8225
4189 -32.178 -117 -7 -50.0446 -14.3114 65.7566
4199 -33.077 -131 -7 -51.725 -14.429 65.6909
4209 -31.874 -136 -7 -49.9103 -13.8377 65.6252
4219 -33.466 -113 -7 -52.2678 -14.6642 65.5596
4229 -32.908 -139 -7 -51.3551 -14.4609 65.494
4239 -33.445 -113 -7 -52.7266 -14.1634 65.4285
4249 -33.473 -145 -7 -51.7451 -15.2009 65.3631
4259 -33.472 -127 -7 -52.1601 -14.7839 65.2977
4269 -33.104 -140 -7 -51.3315 -14.8765 65.2324
4279 -33.491 -133 -7 -52.2723 -14.7097 65.1672
4289 -33.439 -128 -7 -51.9086 -14.9694 65.102
4299 -32.26 -125 -7 -50.9529 -13.5671 65.0369
4309 -32.499 -112 -7 -50.4539 -14.5441 64.9719
4319 -32.194 -128 -7 -50.7498 -13.6382 64.9069
4329 -33.36 -131 -7 -52.5714 -14.1486 64.842
4339 -32.308 -124 -7 -51.0549 -13.5611 64.7772
4349 -32.818 -107 -7 -50.8626 -14.7734 64.7124
4359 -32.548 -146 -7 -51.0152 -14.0808 64.6477
4369 -32.767 -138 -7 -50.9201 -14.6139 64.583
4379 -32.092 -127 -7 -49.7681 -14.4159 64.5184
4389 -32.582 -157 -7 -51.6623 -13.5017 64.4539
4399 -33.363 -148 -7 -51.4998 -15.2262 64.3895
4409 -33.024 -143 -7 -51.6466 -14.4014 64.3251
4419 -32.693 -109 -7 -50.3036 -15.0824 64.2608
4429 -31.979 -144 -7 -49.5381 -14.4199 64.1965
4439 -32.695 -114 -7 -50.5099 -14.8801 64.1323
4449 -33.228 -150 -7 -52.4674 -13.9886 64.0682
4459 -32.205 -122 -7 -50.2076 -14.2024 64.0041
4469 -31.681 -108 -7 -48.8937 -14.4683 63.9401
4479 -32.959 -142 -7 -51.7872 -14.1308 63.8761
4489 -32.014 -122 -7 -50.0955 -13.9325 63.8123
4499 -31.999 -168 -7 -49.276 -14.722 63.7485
4509 -32.862 -121 -7 -51.5963 -14.1277 63.6847
4519 -32.569 -133 -7 -50.2129 -14.9251 63.621
4529 -31.939 -102 -7 -49.2043 -14.6737 63.5574
4539 -32.268 -125 -7 -49.3465 -15.1895 63.4938
4549 -32.482 -160 -7 -51.1308 -13.8332 63.4304
4559 -32.905 -119 -7 -52.0787 -13.7313 63.3669
4569 -31.43 -111 -7 -48.5123 -14.3477 63.3036
4579 -32.28 -116 -7 -49.8028 -14.7572 63.2403
4589 -32.241 -128 -7 -49.5517 -14.9303 63.177
4599 -31.666 -128 -7 -49.2175 -14.1145 63.1138
4609 -32.87 -128 -7 -51.1741 -14.5659 63.0507
4619 -31.394 -114 -7 -48.5234 -14.2646 62.9877
4629 -31.337 -115 -7 -48.8124 -13.8616 62.9247
4639 -31.979 -133 -7 -49.8107 -14.1473 62.8618
4649 -31.466 -117 -7 -48.7985 -14.1335 62.7989
4659 -32.55 -124 -7 -50.4195 -14.6805 62.7361
4669 -31.771 -114 -7 -48.7207 -14.8213 62.6734
4679 -31.278 -172 -7 -48.9163 -13.6397 62.6107
4689 -31.99 -113 -7 -49.2074 -14.7726 62.5481
4699 -31.744 -126 -7 -49.2447 -14.2433 62.4855
4709 -32.058 -116 -7 -49.3945 -14.7215 62.423
4719 -31.693 -124 -7 -49.1637 -14.2223 62.3606
4729 -31.011 -159 -7 -48.8367 -13.1853 62.2983
4739 -31.742 -143 -7 -49.7626 -13.7214 62.236
4749 -32.542 -141 -7 -50.6109 -14.4731 62.1737
4759 -32.492 -129 -7 -51.2128 -13.7712 62.1116
4769 -32.263 -106 -7 -49.7813 -14.7447 62.0494
4779 -32.051 -109 -7 -48.906 -15.196 61.9874
4789 -31.263 -98 -7 -47.935 -14.591 61.9254
4799 -30.981 -113 -7 -48.0705 -13.8915 61.8635
4809 -30.688 -117 -7 -47.5269 -13.8491 61.8016
4819 -31.937 -141 -7 -48.7405 -15.1335 61.7398
4829 -32.515 -128 -7 -50.3101 -14.7199 61.6781
4839 -31.255 -148 -7 -48.4619 -14.0481 61.6164
4849 -31.272 -95 -7 -47.5724 -14.9716 61.5548
4859 -31.604 -127 -7 -50.154 -13.054 61.4932
4869 -31.575 -100 -7 -48.1754 -14.9746 61.4317
4879 -31.504 -107 -7 -48.0178 -14.9902 61.3703
4889 -32.063 -102 -7 -49.1269 -14.9991 61.3089
4899 -31.493 -121 -7 -48.3047 -14.6813 61.2476
4909 -30.907 -121 -7 -47.5441 -14.2699 61.1864
4919 -31.029 -124 -7 -49.0131 -13.0449 61.1252
4929 -30.495 -134 -7 -46.7191 -14.2709 61.0641
4939 -31.758 -102 -7 -48.7249 -14.7911 61.003
4949 -30.977 -107 -7 -47.3012 -14.6528 60.942
4959 -31.099 -118 -7 -47.8154 -14.3826 60.8811
4969 -30.718 -133 -7 -47.767 -13.669 60.8202
4979 -31.477 -102 -7 -48.0257 -14.9283 60.7594
4989 -31.186 -123 -7 -48.1697 -14.2023 60.6986
4999 -31.42 -146 -7 -49.2942 -13.5458 60.6379
5009 -30.664 -108 -7 -46.2823 -15.0457 60.5773
5019 -31.654 -126 -7 -48.4933 -14.8147 60.5167
5029 -30.064 -112 -7 -45.7045 -14.4235 60.4562
5039 -31.488 -160 -7 -49.562 -13.414 60.3957
5049 -30.662 -102 -7 -46.5445 -14.7795 60.3353
5059 -31.71 -139 -7 -48.6639 -14.7561 60.275
5069 -30.862 -106 -7 -47.6635 -14.0605 60.2147
5079 -31.237 -121 -7 -47.5564 -14.9176 60.1545
5089 -30.974 -123 -7 -47.2224 -14.7256 60.0943
5099 -30.793 -98 -7 -46.5588 -15.0272 60.0342
5109 -30.256 -137 -7 -46.0647 -14.4473 59.9742
5119 -30.409 -98 -7 -46.3989 -14.4191 59.9142
5129 -30.594 -97 -7 -46.3444 -14.8436 59.8543
5139 -29.937 -124 -7 -46.5715 -13.3025 59.7945
5149 -31.316 -119 -7 -47.9645 -14.6675 59.7347
5159 -31.522 -117 -7 -48.6644 -14.3796 59.6749
5169 -30.543 -147 -7 -47.6811 -13.4049 59.6153
5179 -31.143 -120 -7 -48.0911 -14.1949 59.5556
5189 -30.782 -127 -7 -47.3962 -14.1678 59.4961
5199 -30.177 -98 -7 -46.1952 -14.1588 59.4366
5209 -31.167 -114 -7 -47.6798 -14.6542 59.3772
5219 -30.247 -106 -7 -46.0418 -14.4522 59.3178
5229 -30.538 -124 -7 -46.4749 -14.6011 59.2585
5239 -31.024 -118 -7 -47.8452 -14.2028 59.1992
5249 -30.944 -113 -7 -47.8593 -14.0287 59.14
5259 -31.139 -102 -7 -47.218 -15.06 59.0809
5269 -30.758 -127 -7 -47.7606 -13.7554 59.0218
5279 -30.679 -103 -7 -47.4257 -13.9323 58.9628
5289 -30.19 -105 -7 -46.5697 -13.8103 58.9038
5299 -30.244 -93 -7 -45.9598 -14.5282 58.8449
5309 -30.28 -106 -7 -46.4445 -14.1155 58.786
5319 -29.579 -142 -7 -45.1678 -13.9902 58.7273
5329 -30.588 -111 -7 -47.1736 -14.0024 58.6685
5339 -29.872 -105 -7 -45.3388 -14.4052 58.6099
5349 -30.594 -101 -7 -46.5932 -14.5948 58.5513
5359 -30.438 -111 -7 -47.0703 -13.8057 58.4927
5369 -30.672 -123 -7 -47.5378 -13.8062 58.4342
5379 -30.831 -114 -7 -47.0656 -14.5964 58.3758
5389 -29.71 -115 -7 -45.2954 -14.1246 58.3174
5399 -30.4 -121 -7 -47.4529 -13.3471 58.2591
5409 -30.718 -165 -7 -47.0875 -14.3485 58.2008
5419 -29.56 -126 -7 -45.9086 -13.2114 58.1426
5429 -29.919 -120 -7 -45.3371 -14.5009 58.0845
5439 -30.691 -123 -7 -46.9105 -14.4715 58.0264
5449 -29.994 -107 -7 -46.0883 -13.8997 57.9684
5459 -29.695 -104 -7 -44.7508 -14.6392 57.9104
5469 -30.453 -121 -7 -46.5914 -14.3146 57.8525
5479 -30.177 -109 -7 -45.7281 -14.6259 57.7946
5489 -29.931 -100 -7 -45.3283 -14.5337 57.7368
5499 -30.85 -106 -7 -46.5213 -15.1787 57.6791
5509 -30.18 -126 -7 -46.2495 -14.1105 57.6214
5519 -30.291 -102 -7 -46.1261 -14.4559 57.5638
5529 -30.177 -116 -7 -46.4193 -13.9347 57.5062
5539 -30.707 -104 -7 -46.5833 -14.8307 57.4487
5549 -30.286 -111 -7 -46.6087 -13.9633 57.3913
5559 -30.224 -113 -7 -46.2729 -14.1751 57.3339
5569 -29.864 -155 -7 -45.5647 -14.1633 57.2766
5579 -30.17 -127 -7 -45.7721 -14.5679 57.2193
5589 -30.288 -118 -7 -46.1453 -14.4307 57.1621
5599 -30.312 -109 -7 -46.4102 -14.2138 57.1049
5609 -30.715 -108 -7 -46.4854 -14.9446 57.0478
5619 -29.982 -117 -7 -45.1344 -14.8296 56.9908
5629 -29.257 -119 -7 -45.312 -13.202 56.9338
5639 -30.599 -103 -7 -46.5143 -14.6837 56.8768
5649 -29.646 -93 -7 -44.7925 -14.4995 56.82
5659 -29.552 -98 -7 -45.183 -13.921 56.7631
5669 -29.457 -116 -7 -44.8574 -14.0566 56.7064
5679 -28.917 -107 -7 -43.833 -14.001 56.6497
5689 -29.631 -116 -7 -44.6445 -14.6175 56.593
5699 -30.587 -104 -7 -46.3705 -14.8035 56.5364
5709 -30.285 -111 -7 -46.5598 -14.0102 56.4799
5719 -29.752 -106 -7 -45.4377 -14.0663 56.4234
5729 -30.107 -108 -7 -44.8739 -15.3401 56.367
5739 -29.529 -107 -7 -44.5486 -14.5094 56.3106
5749 -30.045 -112 -7 -46.3393 -13.7507 56.2543
5759 -30.293 -118 -7 -45.7466 -14.8394 56.198
5769 -30.28 -117 -7 -45.6867 -14.8733 56.1418
5779 -30.398 -139 -7 -46.2543 -14.5417 56.0857
5789 -30.444 -117 -7 -45.8324 -15.0556 56.0296
5799 -29.349 -102 -7 -44.0184 -14.6796 55.9736
5809 -29.672 -117 -7 -45.552 -13.792 55.9176
5819 -28.586 -115 -7 -43.2605 -13.9115 55.8617
5829 -29.541 -128 -7 -44.742 -14.34 55.8058
5839 -29.987 -107 -7 -45.5388 -14.4352 55.75
5849 -28.897 -134 -7 -44.2773 -13.5167 55.6943
5859 -29.323 -100 -7 -44.5251 -14.1209 55.6386
5869 -29.628 -125 -7 -44.0958 -15.1602 55.5829
5879 -29.476 -95 -7 -43.9503 -15.0017 55.5274
5889 -30.553 -97 -7 -45.7615 -15.3445 55.4718
5899 -29.744 -105 -7 -44.7842 -14.7038 55.4164
5909 -28.817 -112 -7 -43.3094 -14.3246 55.361
5919 -30.402 -97 -7 -45.5099 -15.2941 55.3056
5929 -29.596 -103 -7 -44.8793 -14.3127 55.2503
5939 -29.713 -109 -7 -44.8841 -14.5419 55.195
5949 -28.734 -93 -7 -43.6915 -13.7765 55.1398
5959 -30.006 -99 -7 -45.0825 -14.9295 55.0847
5969 -29.544 -97 -7 -44.1922 -14.8958 55.0296
5979 -29.546 -93 -7 -44.8568 -14.2352 54.9746
5989 -29.658 -101 -7 -44.6496 -14.6664 54.9196
5999 -28.84 -84 -7 -43.1957 -14.4843 54.8647
6009 -29.556 -96 -7 -44.7166 -14.3954 54.8098
6019 -29.336 -99 -7 -44.3167 -14.3553 54.755
6029 -29.7 -111 -7 -45.3934 -14.0066 54.7003
6039 -29.424 -95 -7 -44.2685 -14.5795 54.6456
6049 -29.024 -122 -7 -43.3192 -14.7288 54.5909
6059 -30.899 -122 -7 -46.8794 -14.9186 54.5363
6069 -29.507 -95 -7 -44.3338 -14.6802 54.4818
6079 -29.321 -99 -7 -44.6637 -13.9783 54.4273
6089 -28.581 -107 -7 -43.2481 -13.9139 54.3729
6099 -29.442 -92 -7 -44.4573 -14.4267 54.3185
6109 -30.312 -107 -7 -46.2184 -14.4056 54.2642
6119 -29.727 -142 -7 -44.4071 -15.0469 54.2099
6129 -29.029 -120 -7 -44.0428 -14.0152 54.1557
6139 -29.764 -157 -7 -45.0145 -14.5135 54.1016
6149 -29.712 -107 -7 -45.6161 -13.8079 54.0475
6159 -28.466 -108 -7 -42.7735 -14.1585 53.9934
6169 -28.436 -92 -7 -43.157 -13.715 53.9394
6179 -29.284 -95 -7 -43.5856 -14.9824 53.8855
6189 -29.461 -141 -7 -44.686 -14.236 53.8316
6199 -29.077 -103 -7 -43.2562 -14.8978 53.7778
6209 -29.445 -141 -7 -44.641 -14.249 53.724
6219 -29.338 -102 -7 -44.1648 -14.5112 53.6703
6229 -28.917 -90 -7 -43.2921 -14.5419 53.6166
6239 -28.937 -87 -7 -43.0845 -14.7895 53.563
6249 -29.211 -104 -7 -44.1473 -14.2747 53.5094
6259 -29.572 -101 -7 -43.9078 -15.2362 53.4559
6269 -28.976 -107 -7 -43.8699 -14.0821 53.4024
6279 -28.393 -124 -7 -43.0217 -13.7643 53.349
6289 -29.977 -114 -7 -45.6317 -14.3223 53.2957
6299 -28.811 -94 -7 -42.7335 -14.8885 53.2424
6309 -28.867 -112 -7 -43.7986 -13.9354 53.1892
6319 -29.13 -100 -7 -43.6655 -14.5945 53.136
6329 -29.987 -103 -7 -45.3734 -14.6006 53.0828
6339 -28.641 -111 -7 -42.7658 -14.5162 53.0297
6349 -29.284 -103 -7 -43.7978 -14.7702 52.9767
6359 -28.746 -112 -7 -42.9116 -14.5804 52.9237
6369 -28.178 -95 -7 -42.6691 -13.6869 52.8708
6379 -28.612 -99 -7 -43.0784 -14.1456 52.8179
6389 -29.983 -118 -7 -44.4465 -15.5195 52.7651
6399 -29.138 -107 -7 -43.6452 -14.6308 52.7124
6409 -29.185 -104 -7 -43.4985 -14.8715 52.6596
6419 -29.529 -99 -7 -44.4564 -14.6016 52.607
6429 -28.509 -92 -7 -42.341 -14.677 52.5544
6439 -29.531 -120 -7 -44.9981 -14.0639 52.5018
6449 -28.729 -90 -7 -42.9025 -14.5555 52.4493
6459 -28.63 -111 -7 -42.973 -14.287 52.3969
6469 -29.097 -115 -7 -43.7203 -14.4737 52.3445
6479 -28.83 -104 -7 -43.2758 -14.3842 52.2921
6489 -28.553 -112 -7 -43.2842 -13.8218 52.2398
6499 -28.383 -129 -7 -43.3729 -13.3931 52.1876
6509 -28.812 -114 -7 -43.8165 -13.8075 52.1354
6519 -28.209 -96 -7 -41.9747 -14.4433 52.0833
6529 -29.433 -112 -7 -44.2879 -14.5781 52.0312
6539 -27.859 -106 -7 -41.9728 -13.7452 51.9792
6549 -27.69 -120 -7 -41.6376 -13.7424 51.9272
6559 -29.091 -82 -7 -42.6283 -15.5537 51.8753
6569 -28.505 -110 -7 -41.456 -15.554 51.8234
6579 -27.577 -89 -7 -41.0069 -14.1471 51.7716
6589 -29.033 -93 -7 -43.5699 -14.4961 51.7198
6599 -27.626 -103 -7 -41.6959 -13.5561 51.6681
6609 -28.896 -112 -7 -43.3981 -14.3939 51.6164
6619 -28.769 -80 -7 -43.0888 -14.4492 51.5648
6629 -28.897 -155 -7 -43.3737 -14.4203 51.5132
6639 -27.936 -98 -7 -41.4576 -14.4144 51.4617
6649 -27.262 -99 -7 -39.9393 -14.5847 51.4102
6659 -29.494 -101 -7 -44.3949 -14.5931 51.3588
6669 -29.025 -101 -7 -43.7751 -14.2749 51.3075
6679 -28.096 -88 -7 -41.7942 -14.3978 51.2562
6689 -27.915 -88 -7 -42.0112 -13.8188 51.2049
6699 -28.367 -94 -7 -42.1922 -14.5418 51.1537
6709 -28.839 -124 -7 -42.5563 -15.1217 51.1026
6719 -28.337 -103 -7 -42.5934 -14.0806 51.0515
6729 -28.649 -115 -7 -43.2472 -14.0508 51.0004
6739 -28.238 -108 -7 -42.5059 -13.9701 50.9494
6749 -27.85 -107 -7 -41.6616 -14.0384 50.8984
6759 -28.231 -102 -7 -42.6832 -13.7788 50.8476
6769 -27.637 -122 -7 -41.0652 -14.2088 50.7967
6779 -28.088 -80 -7 -41.4256 -14.7504 50.7459
6789 -28.308 -108 -7 -42.4628 -14.1532 50.6952
6799 -29.273 -100 -7 -43.357 -15.189 50.6445
6809 -27.961 -101 -7 -41.784 -14.138 50.5938
6819 -28.042 -103 -7 -41.5775 -14.5065 50.5432
6829 -28.019 -100 -7 -42.027 -14.011 50.4927
6839 -28.346 -96 -7 -43.1555 -13.5365 50.4422
6849 -28.799 -120 -7 -43.5277 -14.0703 50.3917
6859 -28.745 -105 -7 -42.5658 -14.9242 50.3414
6869 -28.893 -109 -7 -43.2679 -14.5181 50.291
6879 -27.561 -86 -7 -40.9214 -14.2006 50.2407
6889 -28.021 -113 -7 -41.1097 -14.9323 50.1905
6899 -29.172 -122 -7 -43.2668 -15.0772 50.1403
6909 -28.664 -82 -7 -42.6378 -14.6902 50.0902
6919 -28.501 -96 -7 -42.914 -14.088 50.0401
6929 -27.762 -91 -7 -41.2763 -14.2477 49.99
6939 -28.632 -89 -7 -42.4724 -14.7916 49.94
6949 -27.666 -84 -7 -40.8297 -14.5023 49.8901
6959 -28.235 -107 -7 -42.0136 -14.4564 49.8402
6969 -28.063 -87 -7 -41.7248 -14.4012 49.7904
6979 -28.215 -97 -7 -42.5898 -13.8402 49.7406
6989 -28.739 -113 -7 -43.0688 -14.4092 49.6908
6999 -28.038 -111 -7 -42.0135 -14.0625 49.6411
7009 -27.742 -90 -7 -40.8028 -14.6812 49.5915
7019 -28.793 -114 -7 -43.485 -14.101 49.5419
7029 -28.216 -92 -7 -41.6118 -14.8202 49.4924
7039 -27.081 -112 -7 -40.2208 -13.9412 49.4429
7049 -28.22 -88 -7 -42.137 -14.303 49.3934
7059 -28.269 -86 -7 -41.824 -14.714 49.344
7069 -27.649 -112 -7 -40.8543 -14.4437 49.2947
7079 -28.509 -97 -7 -41.2569 -15.7611 49.2454
7089 -28.465 -108 -7 -42.4973 -14.4327 49.1962
7099 -28.033 -91 -7 -41.6998 -14.3662 49.147
7109 -27.608 -103 -7 -41.1604 -14.0556 49.0978
7119 -27.823 -96 -7 -41.2769 -14.3691 49.0487
7129 -27.826 -91 -7 -41.4424 -14.2096 48.9997
7139 -27.883 -107 -7 -41.1156 -14.6504 48.9507
7149 -27.661 -95 -7 -40.8699 -14.4521 48.9017
7159 -28.318 -104 -7 -42.2246 -14.4114 48.8528
7169 -28.489 -82 -7 -41.4793 -15.4987 48.804
7179 -27.933 -86 -7 -40.8845 -14.9815 48.7552
7189 -27.551 -106 -7 -41.1785 -13.9235 48.7064
7199 -27.464 -119 -7 -40.7608 -14.1672 48.6577
7209 -27.985 -100 -7 -41.9699 -14.0001 48.609
7219 -27.253 -85 -7 -39.8481 -14.6579 48.5604
7229 -28.257 -101 -7 -42.0996 -14.4144 48.5119
7239 -27.566 -110 -7 -41.2076 -13.9244 48.4634
7249 -27.248 -87 -7 -39.8772 -14.6188 48.4149
7259 -28.362 -89 -7 -41.5513 -15.1727 48.3665
7269 -27.465 -78 -7 -40.4209 -14.5091 48.3181
7279 -27.91 -149 -7 -41.7541 -14.0659 48.2698
7289 -27.327 -90 -7 -40.6873 -13.9667 48.2215
7299 -27.703 -94 -7 -40.9911 -14.4149 48.1733
7309 -27.314 -104 -7 -40.8585 -13.7695 48.1251
7319 -28.558 -88 -7 -42.5028 -14.6132 48.077
7329 -27.542 -95 -7 -40.1545 -14.9295 48.0289
7339 -26.792 -94 -7 -40.1376 -13.4464 47.9809
7349 -28.133 -124 -7 -41.5312 -14.7348 47.9329
7359 -27.561 -84 -7 -40.6242 -14.4978 47.885
7369 -27.705 -90 -7 -40.1186 -15.2914 47.8371
7379 -27.293 -99 -7 -40.3433 -14.2427 47.7893
7389 -27.594 -78 -7 -40.0111 -15.1769 47.7415
7399 -27.713 -101 -7 -41.1513 -14.2747 47.6937
7409 -27.493 -107 -7 -40.8144 -14.1716 47.646
7419 -27.894 -87 -7 -41.1067 -14.6813 47.5984
7429 -27.586 -98 -7 -40.2024 -14.9696 47.5508
7439 -27.692 -119 -7 -41.1533 -14.2307 47.5032
7449 -27.068 -103 -7 -39.5219 -14.6141 47.4557
7459 -28.169 -118 -7 -41.3356 -15.0024 47.4083
7469 -27.015 -98 -7 -39.4731 -14.5569 47.3609
7479 -28.324 -107 -7 -41.8161 -14.8319 47.3135
7489 -28.122 -108 -7 -41.6084 -14.6356 47.2662
7499 -27.916 -94 -7 -41.2222 -14.6098 47.2189
7509 -27.93 -97 -7 -41.2138 -14.6462 47.1717
7519 -27.715 -88 -7 -40.5997 -14.8303 47.1245
7529 -27.502 -104 -7 -40.4299 -14.5741 47.0774
7539 -27.251 -84 -7 -39.9232 -14.5788 47.0303
7549 -27.252 -86 -7 -39.9028 -14.6012 46.9833
7559 -27.219 -90 -7 -40.196 -14.242 46.9363
7569 -27.055 -75 -7 -39.4944 -14.6156 46.8894
7579 -26.34 -77 -7 -38.7729 -13.9071 46.8425
7589 -27.788 -82 -7 -40.312 -15.264 46.7957
7599 -27.602 -102 -7 -41.0426 -14.1614 46.7489
7609 -27.534 -80 -7 -40.402 -14.666 46.7021
7619 -27.318 -98 -7 -39.8066 -14.8294 46.6554
7629 -27.55 -90 -7 -40.1564 -14.9436 46.6088
7639 -27.615 -112 -7 -40.5291 -14.7009 46.5621
7649 -26.586 -86 -7 -38.5596 -14.6124 46.5156
7659 -28.509 -84 -7 -41.9378 -15.0802 46.4691
7669 -26.934 -84 -7 -39.5103 -14.3577 46.4226
7679 -27.245 -82 -7 -39.6802 -14.8098 46.3762
7689 -27.71 -78 -7 -40.3159 -15.1041 46.3298
7699 -27.219 -80 -7 -39.5498 -14.8882 46.2835
7709 -27.592 -87 -7 -40.8197 -14.3643 46.2372
7719 -27.261 -78 -7 -39.3577 -15.1643 46.191
7729 -27.358 -92 -7 -40.002 -14.714 46.1448
7739 -27.538 -114 -7 -41.0872 -13.9888 46.0986
7749 -26.665 -89 -7 -39.08 -14.25 46.0525
7759 -27.718 -86 -7 -40.3202 -15.1158 46.0065
7769 -27.685 -88 -7 -39.9376 -15.4324 45.9605
7779 -26.711 -81 -7 -39.0016 -14.4204 45.9145
7789 -26.802 -88 -7 -39.0132 -14.5908 45.8686
7799 -27.925 -86 -7 -40.6102 -15.2398 45.8227
7809 -26.661 -94 -7 -38.7646 -14.5574 45.7769
7819 -27.174 -90 -7 -39.6859 -14.6621 45.7311
7829 -27.13 -85 -7 -39.7044 -14.5556 45.6854
7839 -26.868 -90 -7 -39.0671 -14.6689 45.6397
7849 -27.426 -82 -7 -39.8184 -15.0336 45.5941
7859 -26.442 -74 -7 -38.5309 -14.3531 45.5485
7869 -27.147 -107 -7 -40.2225 -14.0715 45.5029
7879 -26.782 -96 -7 -39.0568 -14.5072 45.4574
7889 -27.181 -86 -7 -39.5963 -14.7657 45.412
7899 -27.261 -116 -7 -39.8178 -14.7042 45.3665
7909 -26.964 -82 -7 -39.0868 -14.8412 45.3212
7919 -27.055 -110 -7 -39.7075 -14.4025 45.2759
7929 -27.804 -87 -7 -40.5861 -15.0219 45.2306
7939 -27.751 -113 -7 -40.5081 -14.9939 45.1854
7949 -26.758 -88 -7 -39.3843 -14.1317 45.1402
7959 -27.321 -81 -7 -39.9604 -14.6816 45.095
7969 -27.19 -87 -7 -40.4754 -13.9046 45.0499
7979 -26.648 -101 -7 -38.6306 -14.6654 45.0049
7989 -27.407 -83 -7 -40.2439 -14.5701 44.9599
7999 -27.187 -91 -7 -39.2828 -15.0912 44.9149
8009 -26.447 -84 -7 -38.4102 -14.4838 44.87
8019 -27.013 -101 -7 -39.6247 -14.4013 44.8251
8029 -26.507 -102 -7 -39.0532 -13.9608 44.7803
8039 -27.181 -84 -7 -39.4605 -14.9015 44.7355
8049 -27.882 -116 -7 -41.115 -14.649 44.6908
8059 -27.175 -99 -7 -39.7044 -14.6456 44.6461
8069 -26.467 -83 -7 -38.6924 -14.2416 44.6015
8079 -27.847 -119 -7 -40.8095 -14.8845 44.5569
8089 -27.843 -85 -7 -40.9549 -14.7311 44.5123
8099 -27.711 -96 -7 -40.5027 -14.9193 44.4678
8109 -27.145 -86 -7 -39.6459 -14.6441 44.4233
8119 -27.674 -78 -7 -40.17 -15.178 44.3789
8129 -27.079 -80 -7 -39.124 -15.034 44.3345
8139 -27.234 -92 -7 -39.4208 -15.0472 44.2902
8149 -26.875 -93 -7 -39.5864 -14.1636 44.2459
8159 -27.111 -91 -7 -39.7959 -14.4261 44.2016
8169 -26.171 -74 -7 -37.446 -14.896 44.1574
8179 -27.001 -76 -7 -39.5324 -14.4696 44.1133
8189 -27.303 -95 -7 -39.7594 -14.8466 44.0692
8199 -26.923 -104 -7 -39.3582 -14.4878 44.0251
8209 -26.615 -89 -7 -38.8997 -14.3303 43.9811
8219 -27.015 -97 -7 -38.788 -15.242 43.9371
8229 -27.209 -81 -7 -39.3609 -15.0571 43.8932
8239 -26.687 -86 -7 -38.9935 -14.3805 43.8493
8249 -26.644 -93 -7 -39.1493 -14.1387 43.8054
8259 -26.742 -87 -7 -38.6676 -14.8164 43.7616
8269 -26.705 -82 -7 -38.5692 -14.8408 43.7178
8279 -26.44 -100 -7 -38.9753 -13.9047 43.6741
8289 -26.47 -80 -7 -38.5452 -14.3948 43.6305
8299 -26.355 -81 -7 -38.4347 -14.2753 43.5868
8309 -26.669 -91 -7 -38.5404 -14.7976 43.5432
8319 -27.33 -78 -7 -39.8502 -14.8098 43.4997
8329 -26.883 -89 -7 -39.5196 -14.2464 43.4562
8339 -27.019 -102 -7 -39.2053 -14.8327 43.4127
8349 -26.482 -82 -7 -38.8465 -14.1175 43.3693
8359 -27.58 -81 -7 -39.841 -15.319 43.326
8369 -26.955 -86 -7 -39.02 -14.89 43.2826
8379 -26.798 -88 -7 -39.4289 -14.1671 43.2393
8389 -26.95 -88 -7 -38.9914 -14.9086 43.1961
8399 -26.235 -87 -7 -38.2909 -14.1791 43.1529
8409 -26.807 -97 -7 -39.577 -14.037 43.1098
8419 -26.418 -82 -7 -38.3628 -14.4732 43.0666
8429 -26.259 -98 -7 -38.4317 -14.0863 43.0236
8439 -25.863 -91 -7 -37.4724 -14.2536 42.9806
8449 -26.353 -81 -7 -38.1441 -14.5619 42.9376
8459 -26.377 -83 -7 -38.4422 -14.3118 42.8946
8469 -26.472 -87 -7 -38.2997 -14.6443 42.8517
8479 -27.016 -119 -7 -39.1185 -14.9135 42.8089
8489 -26.442 -73 -7 -38.1467 -14.7373 42.7661
8499 -27.044 -108 -7 -39.4531 -14.6349 42.7233
8509 -26.078 -81 -7 -37.8234 -14.3326 42.6806
8519 -26.42 -86 -7 -38.3925 -14.4475 42.6379
8529 -27.064 -81 -7 -39.4644 -14.6636 42.5953
8539 -26.684 -88 -7 -39.1482 -14.2198 42.5527
8549 -26.691 -82 -7 -38.8069 -14.5751 42.5101
8559 -26.989 -70 -7 -38.8264 -15.1516 42.4676
8569 -26.79 -83 -7 -38.3828 -15.1972 42.4252
8579 -26.963 -90 -7 -38.9277 -14.9983 42.3827
8589 -26.526 -74 -7 -38.2812 -14.7708 42.3403
8599 -26.82 -92 -7 -39.001 -14.639 42.298
8609 -26.977 -94 -7 -38.9918 -14.9622 42.2557
8619 -26.999 -87 -7 -39.2726 -14.7254 42.2135
8629 -26.673 -73 -7 -37.8208 -15.5252 42.1712
8639 -25.932 -91 -7 -37.7243 -14.1397 42.1291
8649 -26.916 -87 -7 -39.4015 -14.4305 42.0869
8659 -26.853 -88 -7 -39.4575 -14.2485 42.0448
8669 -26.429 -91 -7 -37.8553 -15.0027 42.0028
8679 -25.787 -76 -7 -36.7437 -14.8303 41.9608
8689 -26.869 -97 -7 -38.2809 -15.4571 41.9188
8699 -26.353 -85 -7 -38.1782 -14.5278 41.8769
8709 -25.985 -89 -7 -37.2405 -14.7295 41.835
8719 -25.758 -81 -7 -36.9484 -14.5676 41.7932
8729 -26.157 -84 -7 -37.6272 -14.6868 41.7514
8739 -26.045 -97 -7 -37.6788 -14.4112 41.7097
8749 -26.558 -93 -7 -38.2766 -14.8394 41.668
8759 -26.653 -78 -7 -38.3494 -14.9566 41.6263
8769 -26.761 -77 -7 -38.1712 -15.3508 41.5847
8779 -26.181 -106 -7 -37.8067 -14.5553 41.5431
8789 -26.887 -88 -7 -39.1137 -14.6603 41.5015
8799 -26.725 -86 -7 -38.8801 -14.5699 41.46
8809 -26.406 -111 -7 -38.3603 -14.4517 41.4186
8819 -26.532 -93 -7 -38.9277 -14.1363 41.3772
8829 -26.912 -102 -7 -38.9129 -14.9111 41.3358
8839 -26.848 -102 -7 -39.2615 -14.4345 41.2944
8849 -26.285 -81 -7 -37.846 -14.724 41.2531
8859 -26.385 -80 -7 -37.5798 -15.1902 41.2119
8869 -26.275 -79 -7 -38.0545 -14.4955 41.1707
8879 -26.61 -87 -7 -38.2614 -14.9586 41.1295
8889 -26.063 -81 -7 -37.3211 -14.8049 41.0884
8899 -26.097 -91 -7 -38.1536 -14.0404 41.0473
8909 -25.998 -88 -7 -37.8548 -14.1412 41.0062
8919 -25.808 -82 -7 -37.3843 -14.2317 40.9652
8929 -26.036 -98 -7 -37.4111 -14.6609 40.9243
8939 -25.79 -78 -7 -37.5095 -14.0705 40.8833
8949 -26.065 -81 -7 -37.3458 -14.7842 40.8425
8959 -25.644 -66 -7 -36.8542 -14.4338 40.8016
8969 -26.854 -103 -7 -38.8344 -14.8736 40.7608
8979 -26.663 -107 -7 -38.5356 -14.7904 40.7201
8989 -25.912 -81 -7 -37.1036 -14.7204 40.6793
8999 -25.987 -97 -7 -37.8978 -14.0762 40.6387
9009 -26.698 -76 -7 -38.2694 -15.1266 40.598
9019 -26.756 -124 -7 -39.2791 -14.2329 40.5574
9029 -25.626 -77 -7 -36.5882 -14.6638 40.5169
9039 -26.302 -82 -7 -37.6229 -14.9811 40.4764
9049 -26.091 -77 -7 -37.2715 -14.9105 40.4359
9059 -26.461 -98 -7 -38.3536 -14.5684 40.3954
9069 -25.965 -73 -7 -37.0235 -14.9065 40.355
9079 -25.817 -74 -7 -37.0368 -14.5972 40.3147
9089 -25.734 -101 -7 -37.4541 -14.0139 40.2744
9099 -25.429 -95 -7 -36.636 -14.222 40.2341
9109 -26.173 -82 -7 -37.9738 -14.3722 40.1939
9119 -26.896 -93 -7 -39.0616 -14.7304 40.1537
9129 -26.717 -83 -7 -38.4385 -14.9955 40.1135
9139 -26.425 -83 -7 -38.5489 -14.3011 40.0734
9149 -26.468 -91 -7 -38.6491 -14.2869 40.0333
9159 -26.542 -72 -7 -38.4295 -14.6545 39.9933
9169 -26.179 -78 -7 -37.6029 -14.7551 39.9533
9179 -25.934 -77 -7 -37.5039 -14.3641 39.9134
9189 -25.668 -91 -7 -36.7744 -14.5616 39.8734
9199 -26.162 -88 -7 -37.339 -14.985 39.8336
9209 -26.4 -87 -7 -38.1084 -14.6916 39.7937
9219 -26.095 -100 -7 -37.604 -14.586 39.7539
9229 -26.449 -69 -7 -37.6368 -15.2612 39.7142
9239 -25.895 -85 -7 -36.8231 -14.9669 39.6745
9249 -25.975 -73 -7 -37.695 -14.255 39.6348
9259 -26.82 -78 -7 -38.8511 -14.7889 39.5952
9269 -26.143 -78 -7 -37.2542 -15.0318 39.5556
9279 -25.888 -69 -7 -36.4619 -15.3141 39.516
9289 -26.848 -79 -7 -38.2503 -15.4457 39.4765
9299 -26.361 -85 -7 -37.6496 -15.0724 39.437
9309 -26.147 -72 -7 -37.7487 -14.5453 39.3976
9319 -26.443 -92 -7 -38.4241 -14.4619 39.3582
9329 -26.014 -82 -7 -37.0672 -14.9608 39.3188
9339 -25.851 -81 -7 -36.8901 -14.8119 39.2795
9349 -25.123 -91 -7 -36.3688 -13.8772 39.2402
9359 -25.825 -75 -7 -37.1767 -14.4733 39.201
9369 -25.825 -71 -7 -37.193 -14.457 39.1618
9379 -26.077 -82 -7 -37.883 -14.271 39.1226
9389 -26.412 -101 -7 -38.5145 -14.3095 39.0835
9399 -25.752 -72 -7 -37.0573 -14.4467 39.0444
9409 -26.47 -99 -7 -37.4825 -15.4575 39.0054
9419 -25.816 -83 -7 -37.4452 -14.1868 38.9664
9429 -25.314 -78 -7 -36.339 -14.289 38.9274
9439 -25.915 -87 -7 -37.7848 -14.0452 38.8885
9449 -25.964 -87 -7 -37.0408 -14.8872 38.8496
9459 -25.787 -88 -7 -37.282 -14.292 38.8107
9469 -26.038 -82 -7 -36.9549 -15.1211 38.7719
9479 -25.582 -71 -7 -36.6961 -14.4679 38.7332
9489 -26.14 -69 -7 -36.6405 -15.6395 38.6944
9499 -25.763 -78 -7 -36.7888 -14.7372 38.6557
9509 -25.687 -97 -7 -37.2126 -14.1614 38.6171
9519 -26.198 -86 -7 -37.8194 -14.5766 38.5785
9529 -26.215 -72 -7 -37.3302 -15.0998 38.5399
9539 -25.61 -87 -7 -36.7611 -14.4589 38.5013
9549 -25.969 -98 -7 -37.2474 -14.6906 38.4628
9559 -26.116 -91 -7 -37.1485 -15.0835 38.4244
9569 -25.614 -86 -7 -36.9859 -14.2421 38.3859
9579 -25.754 -84 -7 -37.1723 -14.3357 38.3476
9589 -25.758 -86 -7 -37.4347 -14.0813 38.3092
9599 -25.469 -96 -7 -36.6066 -14.3314 38.2709
9609 -25.767 -72 -7 -36.7614 -14.7726 38.2326
9619 -25.668 -85 -7 -36.8226 -14.5134 38.1944
9629 -26.601 -73 -7 -38.6169 -14.5851 38.1562
9639 -26.456 -78 -7 -38.0804 -14.8316 38.118
9649 -25.704 -75 -7 -36.9627 -14.4453 38.0799
9659 -26.293 -86 -7 -37.7588 -14.8272 38.0418
9669 -26.013 -103 -7 -37.4313 -14.5947 38.0038
9679 -25.739 -74 -7 -36.5944 -14.8836 37.9658
9689 -25.709 -78 -7 -36.5599 -14.8581 37.9278
9699 -25.771 -88 -7 -36.2778 -15.2642 37.8899
9709 -25.268 -88 -7 -35.9765 -14.5595 37.852
9719 -25.698 -93 -7 -37.0644 -14.3316 37.8142
9729 -25.638 -107 -7 -36.8026 -14.4734 37.7764
9739 -26.413 -87 -7 -37.3039 -15.5221 37.7386
9749 -26.051 -93 -7 -37.2898 -14.8122 37.7008
9759 -25.583 -79 -7 -36.4952 -14.6708 37.6631
9769 -25.405 -69 -7 -35.945 -14.865 37.6255
9779 -25.519 -75 -7 -36.533 -14.505 37.5878
9789 -25.627 -99 -7 -36.4331 -14.8209 37.5503
9799 -26.013 -92 -7 -37.029 -14.997 37.5127
9809 -25.322 -76 -7 -36.3213 -14.3227 37.4752
9819 -25.544 -79 -7 -36.3477 -14.7403 37.4377
9829 -25.806 -84 -7 -36.8356 -14.7764 37.4003
9839 -25.721 -77 -7 -36.524 -14.918 37.3629
9849 -25.267 -91 -7 -36.1073 -14.4267 37.3255
9859 -26.116 -92 -7 -37.1642 -15.0678 37.2882
9869 -26.376 -85 -7 -37.8115 -14.9405 37.2509
9879 -25.391 -72 -7 -36.6039 -14.1781 37.2137
9889 -25.557 -88 -7 -36.5627 -14.5513 37.1764
9899 -25.576 -80 -7 -36.8674 -14.2846 37.1393
9909 -26.471 -90 -7 -37.8194 -15.1226 37.1021
9919 -25.158 -72 -7 -35.632 -14.684 37.065
9929 -25.82 -78 -7 -36.8189 -14.8211 37.028
9939 -25.68 -69 -7 -36.6705 -14.6895 36.9909
9949 -25.666 -76 -7 -36.8554 -14.4766 36.9539
9959 -25.878 -87 -7 -36.8767 -14.8793 36.917
9969 -25.404 -66 -7 -36.0851 -14.7229 36.8801
9979 -25.89 -71 -7 -36.8202 -14.9598 36.8432
9989 -25.712 -78 -7 -36.6435 -14.7805 36.8063
9999 -25.464 -77 -7 -36.4755 -14.4525 36.7695
10009 -26.212 -71 -7 -37.5148 -14.9092 36.7328
10019 -25.335 -78 -7 -35.458 -15.212 36.696
10029 -25.919 -78 -7 -36.8549 -14.9831 36.6593
10039 -25.082 -84 -7 -36.0818 -14.0822 36.6227
10049 -24.953 -96 -7 -35.8333 -14.0727 36.5861
10059 -25.531 -74 -7 -36.2518 -14.8102 36.5495
10069 -25.023 -92 -7 -35.545 -14.501 36.5129
10079 -25.33 -72 -7 -36.1317 -14.5283 36.4764
10089 -25.242 -73 -7 -35.9166 -14.5674 36.4399
10099 -25.431 -70 -7 -35.8398 -15.0222 36.4035
10109 -25.595 -88 -7 -36.6172 -14.5728 36.3671
10119 -25.434 -70 -7 -35.6949 -15.1731 36.3307
10129 -24.908 -93 -7 -35.7629 -14.0531 36.2944
10139 -25.167 -80 -7 -36.0609 -14.2731 36.2581
10149 -25.789 -77 -7 -36.8356 -14.7424 36.2218
10159 -25.74 -106 -7 -36.5196 -14.9604 36.1856
10169 -25.721 -93 -7 -36.7504 -14.6916 36.1494
10179 -25.627 -81 -7 -35.9504 -15.3036 36.1133
10189 -25.506 -76 -7 -35.9355 -15.0765 36.0772
10199 -25.188 -99 -7 -35.3812 -14.9948 36.0411
10209 -25.43 -84 -7 -36.3327 -14.5273 36.0051
10219 -24.713 -65 -7 -34.7957 -14.6303 35.969
10229 -25.405 -78 -7 -36.5544 -14.2556 35.9331
10239 -25.228 -72 -7 -35.6766 -14.7794 35.8971
10249 -25.258 -67 -7 -35.0928 -15.4232 35.8613
10259 -25.671 -68 -7 -36.071 -15.271 35.8254
10269 -24.952 -75 -7 -35.3291 -14.5749 35.7896
10279 -24.782 -68 -7 -34.7647 -14.7993 35.7538
10289 -25.744 -88 -7 -36.5428 -14.9452 35.718
10299 -25.526 -83 -7 -36.5584 -14.4936 35.6823
10309 -25.933 -87 -7 -36.8784 -14.9876 35.6466
10319 -25.154 -87 -7 -35.6323 -14.6757 35.611
10329 -25.616 -81 -7 -36.8379 -14.3941 35.5754
10339 -25.014 -71 -7 -35.4196 -14.6084 35.5398
10349 -25.401 -85 -7 -36.0652 -14.7368 35.5042
10359 -25.602 -74 -7 -36.1563 -15.0477 35.4687
10369 -25.634 -74 -7 -36.2049 -15.0631 35.4333
10379 -25.225 -73 -7 -35.8629 -14.5871 35.3978
10389 -25.073 -72 -7 -35.3857 -14.7603 35.3624
10399 -25.547 -69 -7 -36.2581 -14.8359 35.3271
10409 -25.327 -89 -7 -36.1481 -14.5059 35.2918
10419 -25.335 -88 -7 -35.6042 -15.0658 35.2565
10429 -25.576 -72 -7 -35.7501 -15.4019 35.2212
10439 -24.894 -91 -7 -35.0708 -14.7172 35.186
10449 -26.253 -93 -7 -37.2855 -15.2205 35.1508
10459 -25.343 -74 -7 -35.7077 -14.9783 35.1156
10469 -26.158 -104 -7 -37.5419 -14.7741 35.0805
10479 -25.513 -79 -7 -36.4277 -14.5983 35.0455
10489 -25.752 -72 -7 -36.3685 -15.1355 35.0104
10499 -25.201 -80 -7 -35.3936 -15.0084 34.9754
10509 -25.667 -64 -7 -36.0192 -15.3148 34.9404
10519 -25.56 -70 -7 -36.2074 -14.9126 34.9055
10529 -25.769 -82 -7 -36.6405 -14.8975 34.8706
10539 -25.528 -96 -7 -36.1652 -14.8908 34.8357
10549 -25.273 -72 -7 -35.7499 -14.7961 34.8009
10559 -24.82 -73 -7 -34.9483 -14.6917 34.7661
10569 -25.141 -74 -7 -35.6062 -14.6758 34.7313
10579 -25.603 -93 -7 -36.259 -14.947 34.6966
10589 -25.54 -67 -7 -36.0458 -15.0342 34.6619
10599 -25.223 -76 -7 -35.8833 -14.5627 34.6272
10609 -24.964 -86 -7 -35.3632 -14.5648 34.5926
10619 -25.978 -77 -7 -36.7367 -15.2193 34.558
10629 -25.399 -74 -7 -35.655 -15.143 34.5234
10639 -25.161 -62 -7 -34.9602 -15.3618 34.4889
10649 -25.241 -74 -7 -35.7496 -14.7324 34.4544
10659 -25.072 -71 -7 -35.5166 -14.6274 34.42
10669 -25.41 -83 -7 -36.5109 -14.3091 34.3855
10679 -25.464 -88 -7 -36.4475 -14.4805 34.3512
10689 -25.485 -82 -7 -36.1556 -14.8144 34.3168
10699 -25.271 -75 -7 -35.8162 -14.7258 34.2825
10709 -25.482 -81 -7 -35.8611 -15.1029 34.2482
10719 -25.325 -79 -7 -35.4773 -15.1727 34.214
10729 -25.201 -70 -7 -35.3061 -15.0959 34.1797
10739 -25.616 -87 -7 -36.2495 -14.9825 34.1456
10749 -25.166 -76 -7 -36.0086 -14.3234 34.1114
10759 -24.7 -68 -7 -34.5229 -14.8771 34.0773
10769 -25.229 -71 -7 -35.3276 -15.1304 34.0432
10779 -25.306 -92 -7 -35.8691 -14.7429 34.0092
10789 -24.521 -81 -7 -34.6299 -14.4121 33.9752
10799 -24.965 -73 -7 -35.5366 -14.3934 33.9412
10809 -25.368 -62 -7 -35.9552 -14.7808 33.9073
10819 -26.024 -71 -7 -36.4497 -15.5983 33.8734
10829 -25.191 -78 -7 -35.6554 -14.7266 33.8395
10839 -25.468 -87 -7 -35.9904 -14.9456 33.8056
10849 -25.074 -88 -7 -35.4069 -14.7411 33.7718
10859 -24.867 -72 -7 -34.7141 -15.0199 33.7381
10869 -25.162 -93 -7 -35.3833 -14.9407 33.7043
10879 -25.261 -78 -7 -35.796 -14.726 33.6706
10889 -25.067 -96 -7 -35.2007 -14.9333 33.637
10899 -25.048 -87 -7 -35.6765 -14.4195 33.6033
10909 -25.455 -68 -7 -35.7935 -15.1165 33.5697
10919 -24.926 -93 -7 -35.4498 -14.4022 33.5361
10929 -24.698 -72 -7 -34.6342 -14.7618 33.5026
10939 -25.158 -64 -7 -35.189 -15.127 33.4691
10949 -25.746 -76 -7 -36.5167 -14.9753 33.4356
10959 -25.761 -81 -7 -36.0401 -15.4819 33.4022
10969 -24.958 -77 -7 -35.2801 -14.6359 33.3688
10979 -25.526 -69 -7 -35.9229 -15.1291 33.3354
10989 -25.252 -86 -7 -35.3488 -15.1552 33.3021
10999 -25.42 -59 -7 -35.1275 -15.7125 33.2688
11009 -25.183 -79 -7 -35.5759 -14.7901 33.2355
11019 -25.196 -73 -7 -35.387 -15.005 33.2023
11029 -25.19 -67 -7 -35.2702 -15.1098 33.1691
11039 -25.515 -78 -7 -35.9001 -15.1299 33.1359
11049 -25.329 -83 -7 -36.1473 -14.5107 33.1028
11059 -25.155 -66 -7 -35.3286 -14.9814 33.0697
11069 -25.136 -74 -7 -35.3806 -14.8914 33.0366
11079 -25.131 -69 -7 -34.9967 -15.2653 33.0036
11089 -25.15 -68 -7 -35.3132 -14.9868 32.9706
11099 -25.35 -73 -7 -35.6945 -15.0055 32.9376
11109 -24.639 -77 -7 -34.7823 -14.4957 32.9047
11119 -24.408 -72 -7 -34.2808 -14.5352 32.8718
11129 -25.637 -91 -7 -35.9488 -15.3252 32.8389
11139 -24.998 -74 -7 -35.3069 -14.6891 32.806
11149 -25.221 -63 -7 -35.5282 -14.9138 32.7732
11159 -24.751 -85 -7 -35.2521 -14.2499 32.7405
11169 -25.542 -71 -7 -35.9769 -15.1071 32.7077
11179 -24.584 -66 -7 -34.885 -14.283 32.675
11189 -24.718 -87 -7 -34.8848 -14.5512 32.6423
11199 -25.871 -88 -7 -36.5734 -15.1686 32.6097
11209 -25.184 -82 -7 -35.6139 -14.7541 32.5771
11219 -25.347 -74 -7 -35.6161 -15.0779 32.5445
11229 -25.27 -78 -7 -34.9188 -15.6212 32.512
11239 -24.868 -69 -7 -34.696 -15.04 32.4795
11249 -25.383 -68 -7 -35.7015 -15.0645 32.447
11259 -25.443 -82 -7 -35.5177 -15.3683 32.4145
11269 -25.103 -72 -7 -34.9447 -15.2613 32.3821
11279 -25.121 -68 -7 -35.4439 -14.7981 32.3497
11289 -24.605 -68 -7 -34.5705 -14.6395 32.3174
11299 -24.786 -77 -7 -35.1128 -14.4592 32.2851
11309 -25.062 -67 -7 -35.0589 -15.0651 32.2528
11319 -25.568 -66 -7 -35.7805 -15.3555 32.2205
11329 -25.279 -71 -7 -35.0859 -15.4721 32.1883
11339 -25.291 -83 -7 -36.0589 -14.5231 32.1561
11349 -25.394 -77 -7 -35.5878 -15.2002 32.124
11359 -25.453 -79 -7 -35.8779 -15.0281 32.0918
11369 -25.187 -73 -7 -35.4846 -14.8894 32.0597
11379 -25.336 -74 -7 -35.4131 -15.2589 32.0277
11389 -24.883 -77 -7 -34.8444 -14.9216 31.9957
11399 -25.135 -79 -7 -35.6614 -14.6086 31.9637
11409 -25.046 -73 -7 -35.141 -14.951 31.9317
11419 -24.811 -77 -7 -34.8589 -14.7631 31.8998
11429 -24.957 -72 -7 -34.9815 -14.9325 31.8679
11439 -25.102 -64 -7 -34.3043 -15.8997 31.836
11449 -24.805 -73 -7 -34.7143 -14.8957 31.8042
11459 -24.004 -68 -7 -33.5633 -14.4447 31.7724
11469 -24.61 -78 -7 -34.5779 -14.6421 31.7406
11479 -24.851 -79 -7 -35.0136 -14.6884 31.7088
11489 -24.528 -67 -7 -34.169 -14.887 31.6771
11499 -24.903 -63 -7 -34.6844 -15.1216 31.6455
11509 -25.07 -68 -7 -35.2047 -14.9353 31.6138
11519 -25.167 -65 -7 -34.9614 -15.3726 31.5822
11529 -24.877 -63 -7 -34.9593 -14.7947 31.5506
11539 -24.88 -69 -7 -35.0869 -14.6731 31.5191
11549 -25.458 -87 -7 -35.8275 -15.0885 31.4876
11559 -25.207 -80 -7 -35.6564 -14.7576 31.4561
11569 -24.703 -76 -7 -34.4876 -14.9184 31.4246
11579 -24.805 -75 -7 -34.7904 -14.8196 31.3932
11589 -25.413 -71 -7 -35.5649 -15.2611 31.3618
11599 -25.145 -82 -7 -35.2406 -15.0494 31.3304
11609 -25.051 -73 -7 -35.0263 -15.0757 31.2991
11619 -25.041 -67 -7 -34.7654 -15.3166 31.2678
11629 -24.908 -63 -7 -34.8025 -15.0135 31.2365
11639 -24.72 -78 -7 -35.0693 -14.3707 31.2053
11649 -24.806 -89 -7 -34.7988 -14.8132 31.1741
11659 -24.756 -61 -7 -34.6017 -14.9103 31.1429
11669 -24.122 -63 -7 -33.7998 -14.4442 31.1118
11679 -25.335 -72 -7 -35.2425 -15.4275 31.0807
11689 -25.246 -69 -7 -35.2896 -15.2024 31.0496
11699 -25.078 -75 -7 -35.3644 -14.7916 31.0185
11709 -24.641 -66 -7 -34.3075 -14.9745 30.9875
11719 -24.313 -101 -7 -34.2162 -14.4098 30.9565
11729 -24.662 -83 -7 -34.2408 -15.0832 30.9256
11739 -24.701 -71 -7 -34.6669 -14.7351 30.8946
11749 -25.243 -71 -7 -35.1264 -15.3596 30.8637
11759 -24.781 -69 -7 -34.4841 -15.0779 30.8329
11769 -25.213 -72 -7 -35.2332 -15.1928 30.8021
11779 -24.759 -69 -7 -34.423 -15.095 30.7712
11789 -24.649 -58 -7 -33.8881 -15.4099 30.7405
11799 -24.399 -77 -7 -34.4902 -14.3078 30.7097
11809 -24.755 -67 -7 -34.1752 -15.3348 30.679
11819 -24.918 -72 -7 -34.7428 -15.0932 30.6483
11829 -24.776 -79 -7 -35.0274 -14.5246 30.6177
11839 -25.073 -67 -7 -35.1412 -15.0048 30.5871
11849 -24.594 -72 -7 -34.5123 -14.6757 30.5565
11859 -25.158 -76 -7 -35.373 -14.943 30.5259
11869 -24.842 -66 -7 -34.3137 -15.3703 30.4954
11879 -24.614 -69 -7 -34.0963 -15.1317 30.4649
11889 -24.828 -65 -7 -34.6588 -14.9972 30.4345
11899 -24.963 -66 -7 -34.6003 -15.3257 30.404
11909 -24.515 -65 -7 -33.8825 -15.1475 30.3736
11919 -24.657 -67 -7 -34.3393 -14.9747 30.3432
11929 -24.415 -67 -7 -34.4869 -14.3431 30.3129
11939 -24.923 -73 -7 -35.0149 -14.8311 30.2826
11949 -25.419 -71 -7 -36.0762 -14.7618 30.2523
11959 -25.138 -72 -7 -35.181 -15.095 30.222
11969 -25.091 -73 -7 -34.9522 -15.2298 30.1918
11979 -24.977 -68 -7 -34.6067 -15.3473 30.1616
11989 -24.989 -70 -7 -34.7818 -15.1962 30.1315
11999 -24.744 -64 -7 -34.2271 -15.2609 30.1013
12009 -25.024 -87 -7 -34.7606 -15.2874 30.0712
12019 -25.003 -74 -7 -34.6905 -15.3155 30.0412
12029 -24.517 -64 -7 -33.7441 -15.2899 30.0111
12039 -24.748 -64 -7 -34.3015 -15.1945 29.9811
12049 -25.11 -62 -7 -34.9172 -15.3028 29.9511
12059 -24.814 -77 -7 -34.5318 -15.0962 29.9212
12069 -24.353 -66 -7 -33.7801 -14.9259 29.8913
12079 -24.92 -66 -7 -34.7468 -15.0932 29.8614
12089 -24.504 -78 -7 -34.2736 -14.7344 29.8315
12099 -24.466 -77 -7 -34.0648 -14.8672 29.8017
12109 -24.664 -69 -7 -34.3769 -14.9511 29.7719
12119 -25.381 -81 -7 -35.4699 -15.2921 29.7421
12129 -24.392 -81 -7 -34.045 -14.739 29.7124
12139 -25.201 -77 -7 -35.042 -15.36 29.6827
12149 -24.757 -62 -7 -34.1233 -15.3907 29.653
12159 -24.909 -61 -7 -34.767 -15.051 29.6233
12169 -24.253 -86 -7 -34.1404 -14.3656 29.5937
12179 -24.567 -67 -7 -34.0222 -15.1118 29.5641
12189 -25.142 -68 -7 -35.0528 -15.2312 29.5345
12199 -25.095 -71 -7 -35.5954 -14.5946 29.505
12209 -24.616 -72 -7 -34.3321 -14.8999 29.4755
12219 -24.457 -70 -7 -33.3691 -15.5449 29.446
12229 -25.085 -68 -7 -35.0011 -15.1689 29.4166
12239 -25.24 -61 -7 -34.8287 -15.6513 29.3872
12249 -24.973 -81 -7 -35.1619 -14.7841 29.3578
12259 -24.773 -83 -7 -34.7353 -14.8107 29.3284
12269 -25.331 -81 -7 -35.3407 -15.3213 29.2991
12279 -24.595 -67 -7 -34.049 -15.141 29.2698
12289 -24.827 -72 -7 -34.8372 -14.8168 29.2405
12299 -25.402 -72 -7 -35.2661 -15.5379 29.2113
12309 -24.111 -71 -7 -33.2069 -15.0151 29.1821
12319 -25.229 -71 -7 -34.8631 -15.5949 29.1529
12329 -24.864 -69 -7 -34.574 -15.154 29.1237
12339 -24.203 -84 -7 -34.0943 -14.3117 29.0946
12349 -24.747 -63 -7 -34.2313 -15.2627 29.0655
12359 -24.795 -67 -7 -34.3782 -15.2118 29.0364
12369 -24.564 -68 -7 -34.1958 -14.9322 29.0074
12379 -24.446 -66 -7 -34.1295 -14.7625 28.9784
12389 -24.682 -63 -7 -34.0725 -15.2915 28.9494
12399 -24.552 -69 -7 -34.2278 -14.8762 28.9205
12409 -24.935 -74 -7 -34.1405 -15.7295 28.8916
12419 -25.082 -71 -7 -35.0559 -15.1081 28.8627
12429 -24.666 -88 -7 -34.7493 -14.5827 28.8338
12439 -24.142 -86 -7 -33.9328 -14.3512 28.805
12449 -25.286 -64 -7 -35.3258 -15.2462 28.7762
12459 -24.434 -77 -7 -34.135 -14.733 28.7474
12469 -25.037 -69 -7 -34.8379 -15.2361 28.7186
12479 -24.883 -69 -7 -34.3619 -15.4041 28.6899
12489 -24.943 -71 -7 -34.3733 -15.5127 28.6612
12499 -24.693 -67 -7 -34.1304 -15.2556 28.6326
12509 -24.293 -69 -7 -33.7315 -14.8545 28.6039
12519 -24.913 -66 -7 -34.3835 -15.4425 28.5753
12529 -24.773 -75 -7 -34.395 -15.151 28.5468
12539 -24.572 -78 -7 -33.9873 -15.1567 28.5182
12549 -25.024 -81 -7 -34.6545 -15.3935 28.4897
12559 -24.613 -64 -7 -33.8727 -15.3533 28.4612
12569 -24.195 -82 -7 -33.7438 -14.6462 28.4327
12579 -24.563 -69 -7 -33.9142 -15.2118 28.4043
12589 -24.63 -69 -7 -33.6529 -15.6071 28.3759
12599 -24.636 -67 -7 -34.4474 -14.8246 28.3475
12609 -25.054 -77 -7 -34.6345 -15.4735 28.3192
12619 -24.791 -73 -7 -35.1796 -14.4024 28.2909
12629 -24.979 -77 -7 -34.1741 -15.7839 28.2626
12639 -24.62 -64 -7 -34.0615 -15.1785 28.2343
12649 -25.315 -79 -7 -35.3989 -15.2311 28.2061
12659 -24.912 -71 -7 -34.5083 -15.3157 28.1779
12669 -24.443 -66 -7 -33.7026 -15.1834 28.1497
12679 -24.498 -64 -7 -34.34 -14.656 28.1215
12689 -24.263 -66 -7 -33.6943 -14.8317 28.0934
12699 -25.209 -59 -7 -34.59 -15.828 28.0653
12709 -24.322 -76 -7 -34.2049 -14.4391 28.0373
12719 -24.852 -86 -7 -34.6814 -15.0226 28.0092
12729 -25.354 -61 -7 -34.5326 -16.1754 27.9812
12739 -24.873 -63 -7 -34.2749 -15.4711 27.9532
12749 -24.577 -67 -7 -34.0056 -15.1484 27.9253
12759 -24.496 -65 -7 -33.9426 -15.0494 27.8974
12769 -24.474 -61 -7 -34.0078 -14.9402 27.8695
12779 -24.711 -67 -7 -34.1788 -15.2432 27.8416
12789 -25.316 -64 -7 -34.7829 -15.8491 27.8137
12799 -24.541 -67 -7 -33.893 -15.189 27.7859
12809 -24.333 -74 -7 -33.5499 -15.1161 27.7581
12819 -24.568 -64 -7 -33.9725 -15.1635 27.7304
12829 -24.12 -76 -7 -33.2187 -15.0213 27.7027
12839 -24.456 -67 -7 -33.7198 -15.1922 27.675
12849 -24.227 -82 -7 -33.3224 -15.1316 27.6473
12859 -24.131 -92 -7 -33.6808 -14.5812 27.6196
12869 -24.695 -67 -7 -34.1744 -15.2156 27.592
12879 -24.677 -64 -7 -33.5292 -15.8248 27.5644
12889 -24.626 -72 -7 -34.4295 -14.8225 27.5369
12899 -24.176 -62 -7 -33.0671 -15.2849 27.5093
12909 -24.645 -82 -7 -34.1739 -15.1161 27.4818
12919 -24.68 -64 -7 -34.3013 -15.0587 27.4543
12929 -24.897 -62 -7 -34.2045 -15.5895 27.4269
12939 -23.819 -68 -7 -32.6534 -14.9846 27.3994
12949 -24.192 -69 -7 -33.5795 -14.8045 27.372
12959 -24.331 -71 -7 -33.4487 -15.2133 27.3447
12969 -24.045 -68 -7 -33.2325 -14.8575 27.3173
12979 -24.113 -72 -7 -33.0004 -15.2256 27.29
12989 -24.482 -69 -7 -33.8737 -15.0903 27.2627
12999 -25.037 -63 -7 -34.7973 -15.2767 27.2355
13009 -23.961 -74 -7 -33.1011 -14.8209 27.2082
13019 -24.981 -69 -7 -34.2645 -15.6975 27.181
13029 -24.981 -68 -7 -34.2054 -15.7566 27.1538
13039 -24.485 -74 -7 -33.7435 -15.2265 27.1267
13049 -24.668 -77 -7 -34.4818 -14.8542 27.0996
13059 -24.746 -77 -7 -34.1374 -15.3546 27.0725
13069 -24.667 -59 -7 -34.1449 -15.1891 27.0454
13079 -24.677 -62 -7 -34.1084 -15.2456 27.0183
13089 -24.647 -66 -7 -33.7981 -15.4959 26.9913
13099 -24.404 -71 -7 -33.9558 -14.8522 26.9643
13109 -24.41 -58 -7 -33.4902 -15.3298 26.9374
13119 -24.263 -73 -7 -33.0189 -15.5071 26.9104
13129 -24.22 -62 -7 -33.3045 -15.1355 26.8835
13139 -24.957 -74 -7 -34.2836 -15.6304 26.8566
13149 -24.099 -68 -7 -33.2908 -14.9072 26.8298
13159 -24.817 -57 -7 -33.9199 -15.7141 26.8029
13169 -23.947 -76 -7 -33.2458 -14.6482 26.7761
13179 -24.596 -63 -7 -34.0917 -15.1003 26.7494
13189 -24.329 -58 -7 -33.2883 -15.3697 26.7226
13199 -24.833 -66 -7 -34.0848 -15.5812 26.6959
13209 -24.034 -67 -7 -32.9572 -15.1108 26.6692
13219 -24.602 -71 -7 -34.041 -15.163 26.6425
13229 -24.273 -66 -7 -33.3583 -15.1877 26.6159
13239 -24.652 -68 -7 -34.0335 -15.2705 26.5893
13249 -24.373 -73 -7 -33.9248 -14.8212 26.5627
13259 -24.736 -67 -7 -33.8921 -15.5799 26.5361
13269 -24.797 -82 -7 -34.1592 -15.4348 26.5096
13279 -24.543 -76 -7 -33.8695 -15.2165 26.4831
13289 -24.142 -66 -7 -33.1093 -15.1747 26.4566
13299 -24.586 -59 -7 -33.401 -15.771 26.4301
13309 -24.303 -58 -7 -33.7007 -14.9053 26.4037
13319 -24.452 -71 -7 -33.9926 -14.9114 26.3773
13329 -24.902 -77 -7 -34.5832 -15.2208 26.3509
13339 -24.173 -64 -7 -33.1184 -15.2276 26.3246
13349 -24.393 -59 -7 -33.5654 -15.2206 26.2982
13359 -24.166 -68 -7 -33.566 -14.766 26.2719
13369 -24.721 -89 -7 -34.7307 -14.7113 26.2457
13379 -24.499 -57 -7 -33.4639 -15.5341 26.2194
13389 -24.689 -66 -7 -33.7842 -15.5938 26.1932
13399 -24.346 -66 -7 -33.7195 -14.9725 26.167
13409 -24.589 -62 -7 -33.9544 -15.2236 26.1409
13419 -24.782 -62 -7 -34.2155 -15.3485 26.1147
13429 -24.31 -66 -7 -33.6617 -14.9583 26.0886
13439 -24.889 -64 -7 -34.0683 -15.7097 26.0625
13449 -25.003 -62 -7 -34.2495 -15.7565 26.0364
13459 -24.677 -62 -7 -33.8165 -15.5375 26.0104
13469 -24.202 -66 -7 -33.3967 -15.0073 25.9844
13479 -24.569 -69 -7 -33.8803 -15.2577 25.9584
13489 -24.327 -67 -7 -33.2699 -15.3841 25.9325
13499 -24.041 -58 -7 -33.0199 -15.0621 25.9065
13509 -24.902 -63 -7 -34.4698 -15.3342 25.8806
13519 -24.187 -67 -7 -32.9065 -15.4675 25.8547
13529 -24.28 -58 -7 -33.0285 -15.5315 25.8289
13539 -24.202 -62 -7 -32.8774 -15.5266 25.8031
13549 -24.636 -56 -7 -33.0662 -16.2058 25.7772
13559 -24.987 -62 -7 -34.3348 -15.6392 25.7515
13569 -24.107 -81 -7 -33.4208 -14.7932 25.7257
13579 -24.398 -62 -7 -32.8582 -15.9378 25.7
13589 -24.684 -66 -7 -33.7925 -15.5755 25.6743
13599 -24.225 -62 -7 -33.3351 -15.1149 25.6486
13609 -24.038 -61 -7 -32.9436 -15.1324 25.623
13619 -23.765 -69 -7 -32.5913 -14.9387 25.5973
13629 -24.495 -73 -7 -33.6296 -15.3604 25.5718
13639 -24.48 -62 -7 -33.4791 -15.4809 25.5462
13649 -23.982 -74 -7 -32.9942 -14.9698 25.5206
13659 -24.502 -87 -7 -33.8052 -15.1988 25.4951
13669 -23.994 -62 -7 -32.9642 -15.0238 25.4696
13679 -24.875 -62 -7 -34.0173 -15.7327 25.4441
13689 -24.484 -63 -7 -33.5059 -15.4621 25.4187
13699 -24.579 -73 -7 -33.8967 -15.2613 25.3933
13709 -24.023 -76 -7 -33.3295 -14.7165 25.3679
13719 -24.512 -68 -7 -34.1565 -14.8675 25.3425
13729 -24.692 -76 -7 -34.0409 -15.3431 25.3172
13739 -24.098 -65 -7 -33.2426 -14.9534 25.2919
13749 -24.83 -66 -7 -34.1688 -15.4912 25.2666
13759 -24.344 -58 -7 -33.2779 -15.4101 25.2413
13769 -23.881 -67 -7 -33.2083 -14.5537 25.2161
13779 -24.405 -74 -7 -33.5057 -15.3043 25.1908
13789 -23.939 -59 -7 -32.857 -15.021 25.1657
13799 -24.016 -68 -7 -32.7573 -15.2747 25.1405
13809 -24.286 -72 -7 -33.7095 -14.8625 25.1154
13819 -23.973 -57 -7 -33.0277 -14.9183 25.0902
13829 -24.436 -62 -7 -33.414 -15.458 25.0651
13839 -24.256 -63 -7 -33.1599 -15.3521 25.0401
13849 -24.651 -59 -7 -34.1111 -15.1909 25.015
13859 -24.568 -65 -7 -33.2316 -15.9044 24.99
13869 -24.632 -68 -7 -33.6798 -15.5842 24.965
13879 -24.431 -61 -7 -32.9491 -15.9129 24.9401
13889 -23.937 -59 -7 -32.9772 -14.8968 24.9151
13899 -23.79 -68 -7 -32.9044 -14.6756 24.8902
13909 -24.534 -62 -7 -33.3296 -15.7384 24.8653
13919 -24.504 -63 -7 -33.0147 -15.9933 24.8405
13929 -24.114 -61 -7 -32.9966 -15.2314 24.8156
13939 -24.653 -64 -7 -33.4999 -15.8061 24.7908
13949 -23.771 -68 -7 -32.5188 -15.0232 24.766
13959 -24.115 -71 -7 -32.9214 -15.3086 24.7412
13969 -24.422 -62 -7 -33.0969 -15.7471 24.7165
13979 -24.546 -73 -7 -33.9209 -15.1711 24.6918
13989 -24.132 -64 -7 -33.147 -15.117 24.6671
13999 -24.469 -60 -7 -33.4581 -15.4799 24.6424
14009 -25.097 -77 -7 -34.2281 -15.9659 24.6178
14019 -24.312 -66 -7 -33.0027 -15.6213 24.5932
14029 -24.296 -59 -7 -32.8191 -15.7729 24.5686
14039 -24.747 -62 -7 -33.468 -16.026 24.544
14049 -24.468 -63 -7 -33.2797 -15.6563 24.5195
14059 -24.98 -63 -7 -33.9913 -15.9687 24.4949
14069 -24.306 -63 -7 -33.0778 -15.5342 24.4704
14079 -23.988 -63 -7 -32.7353 -15.2407 24.446
14089 -23.828 -57 -7 -32.2082 -15.4478 24.4215
14099 -24.343 -58 -7 -33.0294 -15.6566 24.3971
14109 -24.411 -81 -7 -33.6164 -15.2056 24.3727
14119 -23.832 -67 -7 -32.8226 -14.8414 24.3483
14129 -24.307 -66 -7 -32.9134 -15.7006 24.324
14139 -24.124 -64 -7 -33.4088 -14.8392 24.2997
14149 -23.713 -52 -7 -32.2939 -15.1321 24.2754
14159 -24.335 -96 -7 -33.596 -15.074 24.2511
14169 -24.197 -76 -7 -33.5246 -14.8694 24.2268
14179 -24.694 -61 -7 -33.8923 -15.4957 24.2026
14189 -24.188 -61 -7 -32.7527 -15.6233 24.1784
14199 -24.303 -56 -7 -33.0014 -15.6046 24.1542
14209 -24.475 -61 -7 -32.941 -16.009 24.1301
14219 -24.242 -57 -7 -33.0945 -15.3895 24.106
14229 -24.466 -86 -7 -33.9074 -15.0246 24.0818
14239 -24.788 -83 -7 -33.8913 -15.6847 24.0578
14249 -24.579 -64 -7 -33.3903 -15.7677 24.0337
14259 -23.969 -58 -7 -32.9541 -14.9839 24.0097
14269 -23.973 -63 -7 -32.4407 -15.5053 23.9857
14279 -23.801 -66 -7 -32.185 -15.417 23.9617
14289 -23.851 -58 -7 -32.5953 -15.1067 23.9377
14299 -24.68 -69 -7 -33.2462 -16.1138 23.9138
14309 -23.95 -59 -7 -33.0257 -14.8743 23.8899
14319 -24.331 -66 -7 -33.3506 -15.3114 23.866
14329 -24.029 -62 -7 -32.5822 -15.4758 23.8421
14339 -24.173 -63 -7 -32.7953 -15.5507 23.8183
14349 -24.717 -71 -7 -33.9738 -15.4602 23.7944
14359 -24.435 -64 -7 -33.161 -15.709 23.7707
14369 -24.331 -62 -7 -32.9949 -15.6671 23.7469
14379 -24.185 -59 -7 -32.8767 -15.4933 23.7231
14389 -24.27 -71 -7 -32.7186 -15.8214 23.6994
14399 -24.272 -67 -7 -33.1391 -15.4049 23.6757
14409 -24.126 -66 -7 -32.6234 -15.6286 23.652
14419 -24.298 -57 -7 -32.8674 -15.7286 23.6284
14429 -23.432 -64 -7 -32.2744 -14.5896 23.6048
14439 -24.196 -67 -7 -33.0056 -15.3864 23.5812
14449 -24.101 -58 -7 -32.671 -15.531 23.5576
14459 -24.286 -68 -7 -33.436 -15.136 23.534
14469 -23.979 -79 -7 -33.1681 -14.7899 23.5105
14479 -24.488 -69 -7 -33.0923 -15.8837 23.487
14489 -24.24 -62 -7 -32.8359 -15.6441 23.4635
14499 -24.33 -66 -7 -32.9453 -15.7147 23.44
14509 -23.852 -68 -7 -32.707 -14.997 23.4166
14519 -23.892 -61 -7 -32.8317 -14.9523 23.3932
14529 -24.325 -72 -7 -33.4784 -15.1716 23.3698
14539 -24.397 -58 -7 -32.9332 -15.8608 23.3464
14549 -24.111 -72 -7 -32.9066 -15.3154 23.3231
14559 -24.279 -62 -7 -32.9637 -15.5943 23.2997
14569 -24.356 -66 -7 -33.1496 -15.5624 23.2764
14579 -24.241 -72 -7 -33.1997 -15.2823 23.2532
14589 -24.329 -71 -7 -32.9803 -15.6777 23.2299
14599 -23.912 -72 -7 -32.53 -15.294 23.2067
14609 -23.598 -57 -7 -32.1709 -15.0251 23.1835
14619 -24.248 -60 -7 -33.2071 -15.2889 23.1603
14629 -23.738 -73 -7 -32.4808 -14.9952 23.1371
14639 -23.728 -86 -7 -32.6376 -14.8184 23.114
14649 -24.056 -62 -7 -33.2053 -14.9067 23.0909
14659 -24.53 -62 -7 -33.7481 -15.3119 23.0678
14669 -23.584 -61 -7 -32.4097 -14.7583 23.0447
14679 -24.28 -69 -7 -33.017 -15.543 23.0217
14689 -23.834 -71 -7 -32.5755 -15.0925 22.9986
14699 -24.075 -63 -7 -32.7218 -15.4282 22.9756
14709 -24.306 -82 -7 -33.3035 -15.3085 22.9527
14719 -24.534 -61 -7 -33.3432 -15.7248 22.9297
14729 -24.176 -61 -7 -33.1121 -15.2399 22.9068
14739 -24.393 -53 -7 -32.8805 -15.9055 22.8839
14749 -24.105 -63 -7 -33.0006 -15.2094 22.861
14759 -24.004 -63 -7 -32.5991 -15.4089 22.8381
14769 -24.396 -68 -7 -33.1844 -15.6076 22.8153
14779 -23.948 -62 -7 -32.3155 -15.5805 22.7925
14789 -23.307 -68 -7 -31.6842 -14.9298 22.7697
14799 -23.89 -68 -7 -32.6636 -15.1164 22.7469
14809 -24.737 -69 -7 -33.7935 -15.6805 22.7242
14819 -24.649 -77 -7 -33.3873 -15.9107 22.7014
14829 -24.351 -67 -7 -32.9259 -15.7761 22.6787
14839 -24.19 -64 -7 -33.1005 -15.2795 22.6561
14849 -24.495 -68 -7 -33.4945 -15.4955 22.6334
14859 -24.047 -62 -7 -32.8037 -15.2903 22.6108
14869 -23.641 -61 -7 -32.0662 -15.2158 22.5882
14879 -24.013 -69 -7 -32.8951 -15.1309 22.5656
14889 -24.403 -57 -7 -33.0829 -15.7231 22.543
14899 -24.38 -62 -7 -32.796 -15.964 22.5205
14909 -24.036 -66 -7 -32.6696 -15.4024 22.4979
14919 -24.365 -54 -7 -32.8167 -15.9133 22.4755
14929 -23.821 -67 -7 -32.4039 -15.2381 22.453
14939 -23.923 -77 -7 -32.5114 -15.3346 22.4305
14949 -24.337 -56 -7 -32.66 -16.014 22.4081
14959 -24.076 -71 -7 -33.0035 -15.1485 22.3857
14969 -24.609 -64 -7 -33.7073 -15.5107 22.3633
14979 -24.122 -71 -7 -32.8135 -15.4305 22.3409
14989 -24.075 -56 -7 -32.2342 -15.9158 22.3186
14999 -24.472 -68 -7 -33.0863 -15.8577 22.2963
15009 -24.221 -65 -7 -32.7508 -15.6912 22.274
15019 -24.288 -60 -7 -32.8745 -15.7015 22.2517
15029 -23.944 -73 -7 -32.5253 -15.3627 22.2295
15039 -24.192 -63 -7 -32.7168 -15.6672 22.2072
15049 -24.757 -72 -7 -33.3928 -16.1212 22.185
15059 -24.187 -62 -7 -32.7708 -15.6032 22.1628
15069 -23.728 -64 -7 -32.3797 -15.0763 22.1407
15079 -23.819 -62 -7 -32.5757 -15.0623 22.1185
15089 -24.183 -72 -7 -33.1151 -15.2509 22.0964
15099 -24.223 -60 -7 -33.1371 -15.3089 22.0743
15109 -23.983 -62 -7 -32.3652 -15.6008 22.0522
15119 -24.237 -67 -7 -33.1757 -15.2983 22.0302
15129 -24.35 -54 -7 -32.8518 -15.8482 22.0082
15139 -23.925 -73 -7 -32.4546 -15.3954 21.9861
15149 -24.193 -66 -7 -32.8954 -15.4906 21.9642
15159 -24.292 -61 -7 -32.8587 -15.7253 21.9422
15169 -24.344 -71 -7 -32.7202 -15.9678 21.9203
15179 -24.03 -62 -7 -32.5204 -15.5396 21.8983
15189 -23.556 -56 -7 -31.5661 -15.5459 21.8764
15199 -24.056 -62 -7 -32.3781 -15.7339 21.8546
15209 -24.381 -72 -7 -33.3831 -15.3789 21.8327
15219 -24.257 -67 -7 -32.8968 -15.6172 21.8109
15229 -23.975 -61 -7 -32.6731 -15.2769 21.7891
15239 -24.173 -58 -7 -32.2793 -16.0667 21.7673
15249 -24.432 -62 -7 -32.7484 -16.1156 21.7455
15259 -24.26 -58 -7 -32.6832 -15.8368 21.7238
15269 -24.246 -57 -7 -32.7904 -15.7016 21.702
15279 -24.212 -57 -7 -32.8444 -15.5796 21.6803
15289 -23.725 -57 -7 -32.0177 -15.4323 21.6587
15299 -24.307 -59 -7 -32.8368 -15.7772 21.637
15309 -23.873 -67 -7 -32.1336 -15.6124 21.6154
15319 -23.801 -71 -7 -31.7987 -15.8033 21.5937
15329 -24.101 -63 -7 -32.7551 -15.4469 21.5722
15339 -23.987 -64 -7 -32.1009 -15.8731 21.5506
15349 -23.898 -58 -7 -32.5966 -15.1994 21.529
15359 -23.911 -61 -7 -32.6037 -15.2183 21.5075
15369 -23.97 -62 -7 -32.4816 -15.4584 21.486
15379 -24.01 -59 -7 -32.5745 -15.4455 21.4645
15389 -24.332 -64 -7 -32.6687 -15.9953 21.443
15399 -24.137 -62 -7 -32.5126 -15.7614 21.4216
15409 -23.891 -63 -7 -32.3416 -15.4404 21.4002
15419 -23.844 -75 -7 -32.2782 -15.4098 21.3788
15429 -23.933 -65 -7 -32.2514 -15.6146 21.3574
15439 -23.501 -60 -7 -32.0904 -14.9116 21.336
15449 -24.016 -64 -7 -32.1132 -15.9188 21.3147
15459 -24.125 -76 -7 -32.7839 -15.4661 21.2934
15469 -23.673 -66 -7 -32.2103 -15.1357 21.2721
15479 -24.167 -64 -7 -32.8101 -15.5239 21.2508
15489 -23.664 -63 -7 -32.0579 -15.2701 21.2296
15499 -23.936 -59 -7 -32.4349 -15.4371 21.2083
15509 -24.209 -58 -7 -32.5193 -15.8987 21.1871
15519 -23.844 -52 -7 -32.2178 -15.4702 21.1659
15529 -23.654 -62 -7 -31.7184 -15.5896 21.1448
15539 -24.096 -66 -7 -32.8377 -15.3543 21.1236
15549 -24.053 -62 -7 -32.6726 -15.4334 21.1025
15559 -24.074 -66 -7 -32.6299 -15.5181 21.0814
15569 -23.891 -64 -7 -32.8698 -14.9122 21.0603
15579 -23.769 -61 -7 -32.0354 -15.5026 21.0393
15589 -24.381 -61 -7 -33.0857 -15.6763 21.0182
15599 -23.8 -58 -7 -31.9436 -15.6564 20.9972
15609 -23.837 -67 -7 -32.2948 -15.3792 20.9762
15619 -24.02 -71 -7 -32.1638 -15.8762 20.9552
15629 -24.1 -89 -7 -33.0275 -15.1725 20.9343
15639 -23.717 -53 -7 -31.8827 -15.5513 20.9133
15649 -24.311 -61 -7 -32.4088 -16.2132 20.8924
15659 -23.509 -61 -7 -31.5275 -15.4905 20.8715
15669 -23.719 -62 -7 -32.2655 -15.1725 20.8507
15679 -24.32 -74 -7 -33.3994 -15.2406 20.8298
15689 -23.991 -63 -7 -32.2443 -15.7377 20.809
15699 -24.029 -52 -7 -32.3972 -15.6608 20.7882
15709 -23.786 -63 -7 -31.9926 -15.5794 20.7674
15719 -24.047 -58 -7 -32.0415 -16.0525 20.7466
15729 -23.759 -66 -7 -32.2424 -15.2756 20.7259
15739 -24.482 -72 -7 -32.9107 -16.0533 20.7052
15749 -24.323 -52 -7 -32.6092 -16.0368 20.6844
15759 -23.749 -68 -7 -32.0815 -15.4165 20.6638
15769 -23.946 -66 -7 -32.4891 -15.4029 20.6431
15779 -24.158 -63 -7 -32.3729 -15.9431 20.6225
15789 -23.946 -61 -7 -32.649 -15.243 20.6018
15799 -23.843 -63 -7 -32.3328 -15.3532 20.5812
15809 -23.934 -62 -7 -32.2776 -15.5904 20.5607
15819 -24.579 -63 -7 -32.9419 -16.2161 20.5401
15829 -24.446 -55 -7 -33.111 -15.781 20.5196
15839 -23.709 -64 -7 -32.0732 -15.3448 20.499
15849 -23.898 -57 -7 -32.2484 -15.5476 20.4785
15859 -23.292 -62 -7 -31.667 -14.917 20.4581
15869 -23.818 -60 -7 -32.214 -15.422 20.4376
15879 -23.673 -56 -7 -32.0143 -15.3317 20.4172
15889 -23.637 -57 -7 -32.0353 -15.2387 20.3967
15899 -23.766 -57 -7 -32.0101 -15.5219 20.3763
15909 -23.765 -66 -7 -31.7416 -15.7884 20.356
15919 -24.058 -72 -7 -32.3174 -15.7986 20.3356
15929 -23.967 -68 -7 -32.6197 -15.3143 20.3153
15939 -23.896 -66 -7 -32.245 -15.547 20.295
15949 -24.136 -66 -7 -32.7896 -15.4824 20.2747
15959 -24.128 -63 -7 -32.6679 -15.5881 20.2544
15969 -23.688 -62 -7 -31.7124 -15.6636 20.2341
15979 -24.212 -56 -7 -32.5405 -15.8835 20.2139
15989 -24.046 -61 -7 -32.5023 -15.5897 20.1937
15999 -24.03 -62 -7 -32.2302 -15.8298 20.1735
16009 -23.624 -57 -7 -32.1201 -15.1279 20.1533
16019 -24.536 -57 -7 -32.8275 -16.2445 20.1332
16029 -24.375 -66 -7 -32.7641 -15.9859 20.113
16039 -23.997 -63 -7 -32.4509 -15.5431 20.0929
16049 -23.594 -73 -7 -32.0482 -15.1398 20.0728
16059 -24.26 -83 -7 -32.8254 -15.6946 20.0528
16069 -24.115 -57 -7 -32.5796 -15.6504 20.0327
16079 -24.12 -59 -7 -32.2126 -16.0274 20.0127
16089 -23.71 -61 -7 -31.9774 -15.4426 19.9927
16099 -23.636 -52 -7 -31.7623 -15.5097 19.9727
16109 -23.688 -62 -7 -31.941 -15.435 19.9527
16119 -24.013 -57 -7 -32.2193 -15.8067 19.9327
16129 -24.073 -63 -7 -31.9981 -16.1479 19.9128
16139 -24.127 -61 -7 -32.311 -15.943 19.8929
16149 -24.003 -61 -7 -32.5175 -15.4885 19.873
16159 -23.867 -61 -7 -32.1415 -15.5925 19.8531
16169 -23.414 -58 -7 -31.4897 -15.3383 19.8333
16179 -23.652 -62 -7 -31.9418 -15.3622 19.8134
16189 -24.125 -63 -7 -32.5464 -15.7036 19.7936
16199 -23.682 -57 -7 -31.969 -15.395 19.7738
16209 -24.02 -62 -7 -32.824 -15.216 19.7541
16219 -23.573 -72 -7 -31.9077 -15.2383 19.7343
16229 -23.733 -62 -7 -31.763 -15.703 19.7146
16239 -24.091 -68 -7 -32.6156 -15.5664 19.6949
16249 -24.163 -57 -7 -32.3525 -15.9735 19.6752
16259 -24.376 -64 -7 -32.6727 -16.0793 19.6555
16269 -23.746 -58 -7 -31.9265 -15.5655 19.6358
16279 -23.762 -61 -7 -31.9175 -15.6065 19.6162
16289 -24.052 -54 -7 -32.3366 -15.7674 19.5966
16299 -24.298 -67 -7 -32.626 -15.97 19.577
16309 -23.878 -53 -7 -31.7134 -16.0426 19.5574
16319 -24.34 -58 -7 -32.4814 -16.1986 19.5379
16329 -24.14 -58 -7 -31.9496 -16.3304 19.5183
16339 -23.86 -62 -7 -32.3245 -15.3955 19.4988
16349 -23.869 -57 -7 -31.95 -15.788 19.4793
16359 -24.104 -61 -7 -32.5713 -15.6367 19.4598
16369 -23.838 -58 -7 -31.9332 -15.7428 19.4404
16379 -24.406 -59 -7 -32.4192 -16.3928 19.4209
16389 -24.08 -64 -7 -32.6306 -15.5294 19.4015
16399 -24.399 -62 -7 -32.8373 -15.9607 19.3821
16409 -24.005 -68 -7 -32.4978 -15.5122 19.3627
16419 -24.022 -58 -7 -32.3108 -15.7332 19.3433
16429 -23.89 -56 -7 -32.4585 -15.3215 19.324
16439 -24.486 -66 -7 -32.9415 -16.0305 19.3047
16449 -23.703 -62 -7 -32.0434 -15.3626 19.2854
16459 -23.759 -61 -7 -31.9288 -15.5892 19.2661
16469 -24.264 -56 -7 -32.2115 -16.3165 19.2468
16479 -23.623 -49 -7 -31.4643 -15.7817 19.2276
16489 -24.081 -57 -7 -32.3263 -15.8357 19.2084
16499 -23.44 -48 -7 -31.2392 -15.6408 19.1891
16509 -23.519 -52 -7 -31.5439 -15.4941 19.17
16519 -23.779 -66 -7 -32.0605 -15.4975 19.1508
16529 -24.489 -58 -7 -32.6224 -16.3556 19.1316
16539 -24.321 -61 -7 -32.9535 -15.6885 19.1125
16549 -23.945 -67 -7 -31.7071 -16.1829 19.0934
16559 -23.951 -53 -7 -31.9075 -15.9945 19.0743
16569 -24.226 -67 -7 -32.5854 -15.8666 19.0552
16579 -23.852 -58 -7 -32.3794 -15.3246 19.0362
16589 -23.962 -64 -7 -32.1449 -15.7791 19.0171
16599 -23.657 -64 -7 -31.9382 -15.3758 18.9981
16609 -23.775 -68 -7 -32.1735 -15.3765 18.9791
16619 -24.15 -56 -7 -32.3767 -15.9233 18.9601
16629 -24.098 -80 -7 -32.4762 -15.7198 18.9412
16639 -23.782 -63 -7 -31.9874 -15.5766 18.9222
16649 -23.922 -54 -7 -31.7869 -16.0571 18.9033
16659 -23.671 -63 -7 -32.1377 -15.2043 18.8844
16669 -23.572 -59 -7 -31.8546 -15.2894 18.8655
16679 -23.778 -58 -7 -32.0341 -15.5219 18.8467
16689 -24.092 -60 -7 -32.1841 -15.9999 18.8278
16699 -23.69 -62 -7 -32.1321 -15.2479 18.809
16709 -23.896 -57 -7 -31.8703 -15.9217 18.7902
16719 -24.403 -52 -7 -32.1853 -16.6207 18.7714
16729 -24.332 -57 -7 -32.6091 -16.0549 18.7526
16739 -23.495 -62 -7 -31.3764 -15.6136 18.7339
16749 -23.788 -56 -7 -32.0467 -15.5293 18.7151
16759 -23.904 -57 -7 -31.956 -15.852 18.6964
16769 -23.849 -54 -7 -32.0248 -15.6732 18.6777
16779 -23.932 -56 -7 -31.9752 -15.8888 18.659
16789 -23.547 -56 -7 -31.3613 -15.7327 18.6404
16799 -23.719 -57 -7 -31.7676 -15.6704 18.6217
16809 -23.502 -56 -7 -31.5843 -15.4197 18.6031
16819 -24.059 -57 -7 -31.9195 -16.1985 18.5845
16829 -24.197 -98 -7 -32.3875 -16.0065 18.5659
16839 -23.985 -81 -7 -32.2915 -15.6785 18.5474
16849 -23.955 -57 -7 -32.1315 -15.7785 18.5288
16859 -23.914 -54 -7 -32.0062 -15.8218 18.5103
16869 -24.008 -61 -7 -32.1371 -15.8789 18.4918
16879 -23.846 -57 -7 -32.2174 -15.4746 18.4733
16889 -23.897 -57 -7 -32.0001 -15.7939 18.4548
16899 -23.838 -69 -7 -32.2084 -15.4676 18.4364
16909 -23.486 -62 -7 -31.0158 -15.9562 18.4179
16919 -23.984 -62 -7 -32.3729 -15.5951 18.3995
16929 -23.988 -61 -7 -32.2133 -15.7627 18.3811
16939 -24.176 -58 -7 -32.6437 -15.7083 18.3627
16949 -23.526 -64 -7 -31.9549 -15.0971 18.3444
16959 -24.066 -57 -7 -32.123 -16.009 18.326
16969 -23.816 -69 -7 -31.634 -15.998 18.3077
16979 -23.671 -58 -7 -32.029 -15.313 18.2894
16989 -23.68 -66 -7 -31.8284 -15.5316 18.2711
16999 -23.81 -62 -7 -31.6428 -15.9772 18.2528
17009 -23.531 -58 -7 -31.6396 -15.4224 18.2346
17019 -23.869 -63 -7 -32.208 -15.53 18.2163
17029 -23.646 -52 -7 -31.7372 -15.5548 18.1981
17039 -24.35 -61 -7 -32.643 -16.057 18.1799
17049 -23.715 -73 -7 -32.618 -14.812 18.1617
17059 -23.977 -57 -7 -32.0153 -15.9387 18.1436
17069 -24.254 -56 -7 -32.8389 -15.6691 18.1254
17079 -24.184 -68 -7 -32.4239 -15.9441 18.1073
17089 -23.682 -67 -7 -31.7229 -15.6411 18.0892
17099 -23.778 -61 -7 -31.9319 -15.6241 18.0711
17109 -23.74 -56 -7 -31.8235 -15.6565 18.053
17119 -23.917 -56 -7 -32.2076 -15.6264 18.035
17129 -23.911 -67 -7 -32.4564 -15.3656 18.017
17139 -24.195 -53 -7 -32.3248 -16.0652 17.9989
17149 -23.823 -66 -7 -31.9105 -15.7355 17.9809
17159 -23.51 -68 -7 -31.0732 -15.9468 17.963
17169 -23.391 -57 -7 -31.2067 -15.5753 17.945
17179 -23.236 -57 -7 -31.0911 -15.3809 17.927
17189 -23.865 -71 -7 -32.1051 -15.6249 17.9091
17199 -23.834 -57 -7 -31.7218 -15.9462 17.8912
17209 -24.342 -77 -7 -32.8414 -15.8426 17.8733
17219 -23.977 -57 -7 -31.9769 -15.9771 17.8554
17229 -23.901 -63 -7 -31.8503 -15.9517 17.8376
17239 -23.792 -64 -7 -31.7724 -15.8116 17.8198
17249 -23.797 -67 -7 -32.4264 -15.1676 17.8019
17259 -23.734 -61 -7 -31.8331 -15.6349 17.7841
17269 -23.719 -58 -7 -31.5701 -15.8679 17.7663
17279 -23.778 -58 -7 -31.9816 -15.5744 17.7486
17289 -23.903 -76 -7 -31.8907 -15.9153 17.7308
17299 -23.595 -57 -7 -31.6155 -15.5745 17.7131
17309 -23.543 -51 -7 -31.277 -15.809 17.6954
17319 -23.568 -61 -7 -31.6731 -15.4629 17.6777
17329 -23.624 -66 -7 -31.7129 -15.5351 17.66
17339 -23.804 -62 -7 -31.933 -15.675 17.6424
17349 -23.108 -52 -7 -30.7864 -15.4296 17.6247
17359 -24.059 -58 -7 -32.023 -16.095 17.6071
17369 -24.05 -61 -7 -31.9586 -16.1414 17.5895
17379 -23.926 -66 -7 -31.9455 -15.9065 17.5719
17389 -23.826 -58 -7 -31.6703 -15.9817 17.5543
17399 -24.218 -71 -7 -32.6401 -15.7959 17.5368
17409 -23.97 -54 -7 -31.6697 -16.2703 17.5192
17419 -23.832 -67 -7 -32.2108 -15.4532 17.5017
17429 -23.761 -59 -7 -31.9264 -15.5956 17.4842
17439 -23.544 -62 -7 -31.5667 -15.5213 17.4667
17449 -24.123 -67 -7 -32.4957 -15.7503 17.4493
17459 -23.269 -62 -7 -30.9385 -15.5995 17.4318
17469 -23.546 -52 -7 -31.4666 -15.6254 17.4144
17479 -23.862 -57 -7 -31.7783 -15.9457 17.397
17489 -23.54 -61 -7 -31.4578 -15.6222 17.3796
17499 -24.106 -57 -7 -32.1408 -16.0712 17.3622
17509 -24.147 -62 -7 -32.2029 -16.0911 17.3448
17519 -23.647 -52 -7 -31.4031 -15.8909 17.3275
17529 -23.857 -50 -7 -31.6843 -16.0297 17.3102
17539 -23.913 -54 -7 -31.7014 -16.1246 17.2928
17549 -23.758 -56 -7 -31.8166 -15.6994 17.2755
17559 -23.975 -57 -7 -32.0944 -15.8556 17.2583
17569 -23.645 -63 -7 -31.4774 -15.8126 17.241
17579 -23.859 -58 -7 -31.7608 -15.9572 17.2238
17589 -24.198 -63 -7 -32.2012 -16.1948 17.2065
17599 -23.39 -62 -7 -31.0656 -15.7144 17.1893
17609 -23.788 -61 -7 -32.072 -15.504 17.1722
17619 -23.434 -67 -7 -31.4289 -15.4391 17.155
17629 -23.843 -56 -7 -31.7978 -15.8882 17.1378
17639 -23.954 -56 -7 -31.9844 -15.9236 17.1207
17649 -23.512 -56 -7 -31.3446 -15.6794 17.1036
17659 -24.013 -68 -7 -32.4437 -15.5823 17.0865
17669 -23.78 -63 -7 -31.5409 -16.0191 17.0694
17679 -24.132 -66 -7 -32.2947 -15.9693 17.0523
17689 -23.859 -58 -7 -31.7278 -15.9902 17.0353
17699 -23.675 -53 -7 -31.6979 -15.6521 17.0182
17709 -23.825 -62 -7 -31.5019 -16.1481 17.0012
17719 -24.028 -63 -7 -31.7895 -16.2665 16.9842
17729 -23.75 -63 -7 -31.7404 -15.7596 16.9672
17739 -23.442 -62 -7 -31.2504 -15.6336 16.9503
17749 -23.495 -66 -7 -31.1076 -15.8824 16.9333
17759 -24.277 -62 -7 -32.3875 -16.1665 16.9164
17769 -23.638 -56 -7 -31.8546 -15.4214 16.8995
17779 -23.693 -67 -7 -31.6764 -15.7096 16.8826
17789 -23.596 -72 -7 -31.5412 -15.6508 16.8657
17799 -24.044 -52 -7 -31.6967 -16.3913 16.8488
17809 -23.819 -52 -7 -31.8203 -15.8177 16.832
17819 -23.775 -56 -7 -31.6054 -15.9446 16.8151
17829 -23.827 -59 -7 -31.5223 -16.1317 16.7983
17839 -24.243 -54 -7 -32.3408 -16.1452 16.7815
17849 -23.684 -62 -7 -31.8681 -15.4999 16.7647
17859 -23.398 -62 -7 -31.4131 -15.3829 16.748
17869 -23.785 -71 -7 -32.0455 -15.5245 16.7312
17879 -23.902 -61 -7 -31.7703 -16.0337 16.7145
17889 -23.842 -67 -7 -31.7956 -15.8884 16.6978
17899 -24.022 -61 -7 -32.254 -15.79 16.6811
17909 -23.899 -55 -7 -31.9151 -15.8829 16.6644
17919 -23.695 -67 -7 -31.4069 -15.9831 16.6477
17929 -24.321 -62 -7 -32.3301 -16.3119 16.6311
17939 -24.059 -51 -7 -32.0141 -16.1039 16.6144
17949 -23.43 -52 -7 -31.1185 -15.7415 16.5978
17959 -23.371 -58 -7 -31.4373 -15.3047 16.5812
17969 -24.208 -56 -7 -31.9447 -16.4713 16.5647
17979 -23.467 -56 -7 -31.3363 -15.5977 16.5481
17989 -24.46 -66 -7 -32.7258 -16.1942 16.5315
17999 -23.36 -61 -7 -31.4651 -15.2549 16.515
18009 -23.692 -56 -7 -31.6169 -15.7671 16.4985
18019 -23.795 -52 -7 -31.6619 -15.9281 16.482
18029 -24.093 -56 -7 -31.9799 -16.2061 16.4655
18039 -23.749 -61 -7 -31.7909 -15.7071 16.449
18049 -23.638 -61 -7 -31.6833 -15.5927 16.4326
18059 -23.698 -67 -7 -31.8698 -15.5262 16.4162
18069 -23.631 -63 -7 -31.5598 -15.7022 16.3997
18079 -23.91 -53 -7 -31.4433 -16.3767 16.3834
18089 -23.873 -57 -7 -31.6413 -16.1047 16.367
18099 -23.594 -57 -7 -31.3743 -15.8137 16.3506
18109 -23.427 -56 -7 -31.2215 -15.6325 16.3342
18119 -23.566 -52 -7 -31.2176 -15.9144 16.3179
18129 -23.634 -56 -7 -31.37 -15.898 16.3016
18139 -23.473 -52 -7 -30.9208 -16.0252 16.2853
18149 -23.836 -58 -7 -31.8326 -15.8394 16.269
18159 -23.802 -58 -7 -31.4582 -16.1458 16.2527
18169 -24.3 -67 -7 -32.476 -16.124 16.2365
18179 -23.633 -59 -7 -31.3671 -15.8989 16.2203
18189 -23.739 -58 -7 -31.6083 -15.8697 16.204
18199 -23.712 -58 -7 -31.734 -15.69 16.1878
18209 -24.33 -62 -7 -32.6505 -16.0095 16.1716
18219 -23.808 -52 -7 -31.7644 -15.8516 16.1555
18229 -23.823 -58 -7 -31.8368 -15.8092 16.1393
18239 -23.451 -59 -7 -31.5864 -15.3156 16.1232
18249 -23.965 -62 -7 -31.9821 -15.9479 16.1071
18259 -23.743 -59 -7 -31.7329 -15.7531 16.0909
18269 -23.893 -76 -7 -31.9154 -15.8706 16.0749
18279 -23.86 -57 -7 -31.6358 -16.0842 16.0588
18289 -24.067 -66 -7 -31.7945 -16.3395 16.0427
18299 -24.047 -61 -7 -31.9534 -16.1406 16.0267
18309 -24.065 -53 -7 -32.0473 -16.0827 16.0106
18319 -23.438 -48 -7 -30.7202 -16.1558 15.9946
18329 -24.17 -63 -7 -31.9861 -16.3539 15.9786
18339 -23.517 -57 -7 -31.1529 -15.8811 15.9627
18349 -23.606 -51 -7 -31.2175 -15.9945 15.9467
18359 -23.966 -57 -7 -32.0837 -15.8483 15.9308
18369 -24.139 -57 -7 -32.0728 -16.2052 15.9148
18379 -23.581 -48 -7 -31.35 -15.812 15.8989
18389 -23.368 -48 -7 -31.0589 -15.6771 15.883
18399 -23.721 -64 -7 -31.4708 -15.9712 15.8671
18409 -24.067 -68 -7 -32.1188 -16.0152 15.8513
18419 -23.736 -50 -7 -31.6704 -15.8016 15.8354
18429 -23.355 -58 -7 -30.9559 -15.7541 15.8196
18439 -23.74 -51 -7 -31.5003 -15.9797 15.8038
18449 -23.692 -49 -7 -31.505 -15.879 15.788
18459 -24.014 -63 -7 -32.0243 -16.0037 15.7722
18469 -23.815 -56 -7 -31.446 -16.184 15.7564
18479 -23.891 -52 -7 -31.5996 -16.1824 15.7406
18489 -23.338 -63 -7 -31.3003 -15.3757 15.7249
18499 -23.49 -51 -7 -31.194 -15.786 15.7092
18509 -23.415 -49 -7 -31.0888 -15.7412 15.6935
18519 -23.84 -53 -7 -31.8031 -15.8769 15.6778
18529 -23.941 -58 -7 -32.2152 -15.6668 15.6621
18539 -23.966 -58 -7 -31.8982 -16.0338 15.6464
18549 -23.92 -81 -7 -31.9616 -15.8784 15.6308
18559 -23.769 -52 -7 -31.6826 -15.8554 15.6151
18569 -23.651 -62 -7 -31.5867 -15.7153 15.5995
18579 -23.625 -53 -7 -31.2512 -15.9988 15.5839
18589 -23.732 -62 -7 -31.3715 -16.0925 15.5684
18599 -24.157 -73 -7 -32.3309 -15.9831 15.5528
18609 -23.739 -57 -7 -31.5055 -15.9725 15.5372
18619 -23.572 -62 -7 -31.4253 -15.7187 15.5217
18629 -23.615 -56 -7 -31.3867 -15.8433 15.5062
18639 -23.545 -58 -7 -31.6204 -15.4696 15.4907
18649 -23.863 -61 -7 -31.6132 -16.1128 15.4752
18659 -23.388 -56 -7 -31.0706 -15.7054 15.4597
18669 -23.556 -52 -7 -30.9853 -16.1267 15.4442
18679 -23.675 -68 -7 -31.4078 -15.9422 15.4288
18689 -23.607 -51 -7 -31.2653 -15.9487 15.4134
18699 -23.686 -67 -7 -31.7869 -15.5851 15.398
18709 -23.531 -62 -7 -31.4537 -15.6083 15.3826
18719 -23.863 -57 -7 -31.5974 -16.1286 15.3672
18729 -24.115 -57 -7 -32.1972 -16.0328 15.3518
18739 -23.76 -56 -7 -31.5493 -15.9707 15.3365
18749 -23.759 -68 -7 -31.7017 -15.8163 15.3211
18759 -23.845 -52 -7 -31.4772 -16.2128 15.3058
18769 -23.858 -57 -7 -31.9116 -15.8044 15.2905
18779 -24.207 -51 -7 -31.9087 -16.5053 15.2752
18789 -23.809 -56 -7 -31.6695 -15.9485 15.2599
18799 -23.723 -61 -7 -31.6734 -15.7726 15.2447
18809 -24.054 -52 -7 -31.8235 -16.2845 15.2294
18819 -23.543 -61 -7 -31.2108 -15.8752 15.2142
18829 -23.57 -57 -7 -31.5346 -15.6054 15.199
18839 -23.644 -62 -7 -31.3588 -15.9292 15.1838
18849 -23.547 -56 -7 -31.0357 -16.0583 15.1686
18859 -23.651 -57 -7 -31.5412 -15.7608 15.1534
18869 -23.645 -61 -7 -31.3524 -15.9376 15.1383
18879 -23.827 -54 -7 -32.0129 -15.6411 15.1231
18889 -24.285 -52 -7 -32.2346 -16.3354 15.108
18899 -23.474 -59 -7 -31.2844 -15.6636 15.0929
18909 -24.331 -62 -7 -32.722 -15.94 15.0778
18919 -23.484 -52 -7 -31.2739 -15.6941 15.0627
18929 -24.134 -61 -7 -31.6838 -16.5842 15.0477
18939 -23.984 -58 -7 -32.1001 -15.8679 15.0326
18949 -23.575 -63 -7 -31.6473 -15.5027 15.0176
18959 -23.329 -71 -7 -31.0205 -15.6375 15.0026
18969 -23.758 -53 -7 -31.5728 -15.9432 14.9876
18979 -24.058 -56 -7 -31.5819 -16.5341 14.9726
18989 -24.102 -58 -7 -31.8688 -16.3352 14.9576
18999 -23.429 -56 -7 -30.8356 -16.0224 14.9427
19009 -23.937 -53 -7 -31.6035 -16.2705 14.9277
19019 -23.682 -57 -7 -31.7202 -15.6438 14.9128
19029 -23.627 -51 -7 -31.1639 -16.0901 14.8979
19039 -23.801 -57 -7 -31.3979 -16.2041 14.883
19049 -23.475 -66 -7 -31.2273 -15.7227 14.8681
19059 -23.691 -61 -7 -31.7137 -15.6683 14.8532
19069 -23.559 -61 -7 -31.436 -15.682 14.8384
19079 -23.803 -56 -7 -31.2286 -16.3774 14.8235
19089 -23.858 -56 -7 -31.4266 -16.2894 14.8087
19099 -23.706 -57 -7 -31.4715 -15.9405 14.7939
19109 -23.872 -58 -7 -31.7545 -15.9895 14.7791
19119 -23.805 -56 -7 -31.5222 -16.0878 14.7643
19129 -23.395 -51 -7 -30.7592 -16.0308 14.7496
19139 -23.294 -57 -7 -30.8151 -15.7729 14.7348
19149 -23.531 -54 -7 -31.2553 -15.8067 14.7201
19159 -23.589 -52 -7 -31.5098 -15.6682 14.7054
19169 -23.751 -57 -7 -31.4752 -16.0268 14.6906
19179 -23.464 -54 -7 -31.0491 -15.8789 14.676
19189 -23.746 -51 -7 -31.3486 -16.1434 14.6613
19199 -24.019 -52 -7 -31.5476 -16.4904 14.6466
19209 -23.487 -61 -7 -31.2172 -15.7568 14.632
19219 -23.384 -59 -7 -30.7291 -16.0389 14.6173
19229 -23.326 -56 -7 -30.9986 -15.6534 14.6027
19239 -23.393 -57 -7 -30.8977 -15.8883 14.5881
19249 -23.652 -58 -7 -31.275 -16.029 14.5735
19259 -23.757 -60 -7 -31.6385 -15.8755 14.559
19269 -23.58 -60 -7 -30.9808 -16.1792 14.5444
19279 -23.491 -57 -7 -31.3749 -15.6071 14.5299
19289 -23.343 -62 -7 -31.0096 -15.6764 14.5153
19299 -23.59 -61 -7 -31.1007 -16.0793 14.5008
19309 -23.364 -62 -7 -31.1157 -15.6123 14.4863
19319 -23.607 -56 -7 -31.5673 -15.6467 14.4718
19329 -23.495 -55 -7 -30.8547 -16.1353 14.4574
19339 -24.04 -71 -7 -31.8503 -16.2297 14.4429
19349 -23.577 -53 -7 -31.3239 -15.8301 14.4285
19359 -23.468 -53 -7 -31.214 -15.722 14.414
19369 -23.329 -58 -7 -31.183 -15.475 14.3996
19379 -23.997 -56 -7 -31.419 -16.575 14.3852
19389 -23.709 -57 -7 -31.4664 -15.9516 14.3708
19399 -23.555 -56 -7 -31.3222 -15.7878 14.3565
19409 -23.736 -58 -7 -31.4703 -16.0017 14.3421
19419 -23.488 -61 -7 -31.1724 -15.8036 14.3278
19429 -23.976 -61 -7 -31.8678 -16.0842 14.3134
19439 -23.725 -56 -7 -31.6038 -15.8462 14.2991
19449 -23.571 -57 -7 -31.7049 -15.4371 14.2848
19459 -24.01 -69 -7 -31.975 -16.045 14.2705
19469 -23.439 -56 -7 -30.947 -15.931 14.2563
19479 -23.998 -61 -7 -31.8879 -16.1081 14.242
19489 -24.217 -56 -7 -31.7397 -16.6943 14.2278
19499 -23.52 -66 -7 -31.1259 -15.9141 14.2135
19509 -23.363 -64 -7 -31.2502 -15.4758 14.1993
19519 -23.443 -53 -7 -30.9152 -15.9708 14.1851
19529 -23.554 -53 -7 -31.1029 -16.0051 14.1709
19539 -23.855 -63 -7 -31.7652 -15.9448 14.1568
19549 -23.73 -51 -7 -31.2085 -16.2515 14.1426
19559 -24.022 -59 -7 -31.6199 -16.4241 14.1285
19569 -23.577 -62 -7 -31.2007 -15.9533 14.1143
19579 -23.201 -52 -7 -30.9607 -15.4413 14.1002
19589 -23.604 -66 -7 -31.4385 -15.7695 14.0861
19599 -24.039 -56 -7 -31.7746 -16.3034 14.072
19609 -23.307 -53 -7 -30.6931 -15.9209 14.058
19619 -23.588 -53 -7 -31.4157 -15.7603 14.0439
19629 -23.727 -49 -7 -31.3476 -16.1064 14.0299
19639 -23.331 -57 -7 -31.0479 -15.6141 14.0158
19649 -23.456 -84 -7 -31.3609 -15.5511 14.0018
19659 -23.4 -56 -7 -30.8758 -15.9242 13.9878
19669 -23.706 -51 -7 -31.2911 -16.1209 13.9738
19679 -23.957 -61 -7 -31.6502 -16.2638 13.9599
19689 -23.911 -66 -7 -31.6552 -16.1668 13.9459
19699 -23.363 -58 -7 -30.8145 -15.9115 13.9319
19709 -23.416 -49 -7 -30.6136 -16.2184 13.918
19719 -23.837 -57 -7 -31.1853 -16.4887 13.9041
19729 -23.509 -66 -7 -31.1652 -15.8528 13.8902
19739 -23.445 -53 -7 -30.6449 -16.2451 13.8763
19749 -23.073 -71 -7 -30.7135 -15.4325 13.8624
19759 -24.031 -57 -7 -31.358 -16.704 13.8486
19769 -23.515 -52 -7 -30.8972 -16.1328 13.8347
19779 -23.543 -61 -7 -30.9363 -16.1497 13.8209
19789 -23.047 -53 -7 -30.4943 -15.5997 13.8071
19799 -23.648 -56 -7 -31.2033 -16.0927 13.7933
19809 -23.77 -53 -7 -31.3855 -16.1545 13.7795
19819 -23.511 -47 -7 -30.8093 -16.2127 13.7657
19829 -23.32 -53 -7 -30.8193 -15.8207 13.7519
19839 -23.719 -57 -7 -31.0631 -16.3749 13.7382
19849 -23.381 -52 -7 -31.1422 -15.6198 13.7244
19859 -23.859 -66 -7 -31.7036 -16.0144 13.7107
19869 -23.857 -56 -7 -31.3879 -16.3261 13.697
19879 -23.729 -48 -7 -31.2964 -16.1616 13.6833
19889 -23.668 -56 -7 -31.0203 -16.3157 13.6696
19899 -23.704 -57 -7 -31.5346 -15.8734 13.6559
19909 -23.817 -52 -7 -31.2043 -16.4297 13.6423
19919 -23.341 -76 -7 -31.0875 -15.5945 13.6286
19929 -24.084 -63 -7 -31.8933 -16.2747 13.615
19939 -23.663 -59 -7 -31.5064 -15.8196 13.6014
19949 -23.61 -59 -7 -31.1632 -16.0568 13.5878
19959 -23.851 -52 -7 -31.1896 -16.5124 13.5742
19969 -23.456 -57 -7 -30.7947 -16.1173 13.5606
19979 -23.736 -52 -7 -31.1504 -16.3216 13.5471
19989 -23.433 -57 -7 -31.0207 -15.8453 13.5335
19999 -23.197 -58 -7 -30.9185 -15.4755 13.52
