0 -104.476 -404 -11 -165.856 -43.0956 100
9 -104.386 -448 -12 -169.047 -39.7248 99.9
19 -103.902 -383 -10 -165.32 -42.4839 99.8001
29 -106.234 -375 -11 -170.742 -41.726 99.7003
39 -101.766 -431 -11 -161.542 -41.9897 99.6006
49 -104.839 -343 -10 -165.593 -44.0851 99.501
59 -102.404 -423 -12 -161.713 -43.0948 99.4015
69 -107.121 -390 -11 -171.713 -42.5294 99.3021
79 -100.6 -378 -11 -158.03 -43.1698 99.2028
89 -100.387 -392 -10 -160.285 -40.4894 99.1036
99 -102.236 -343 -10 -161.131 -43.3413 99.0045
109 -98.964 -368 -11 -156.977 -40.9507 98.9055
119 -100.559 -380 -11 -159.869 -41.2487 98.8066
129 -99.17 -389 -10 -155.673 -42.667 98.7078
139 -98.858 -335 -11 -155.547 -42.1688 98.6091
149 -97.719 -392 -10 -153.807 -41.6307 98.5105
159 -101.145 -329 -10 -158.243 -44.0468 98.4119
169 -98.735 -372 -11 -158.203 -39.2669 98.3135
179 -103.022 -406 -11 -162.781 -43.2635 98.2152
189 -98.423 -384 -10 -157.481 -39.3653 98.117
199 -97.933 -363 -10 -154.813 -41.0526 98.0189
209 -99.567 -360 -14 -157.501 -41.6327 97.9209
219 -97.021 -344 -11 -150.902 -43.1401 97.8229
229 -97.623 -453 -11 -153.166 -42.0802 97.7251
239 -97.623 -391 -12 -154.051 -41.1946 97.6274
249 -98.752 -392 -10 -156.357 -41.147 97.5298
259 -94.485 -362 -10 -150.755 -38.215 97.4322
269 -95.923 -314 -11 -150.291 -41.5549 97.3348
279 -98.533 -351 -10 -155.195 -41.871 97.2375
289 -93.795 -297 -11 -146.579 -41.0109 97.1402
299 -98.421 -397 -11 -155.86 -40.982 97.0431
309 -99.584 -375 -11 -156.926 -42.2416 96.9461
319 -96.724 -320 -11 -152.005 -41.443 96.8491
329 -95.663 -330 -10 -149.514 -41.8123 96.7523
339 -91.969 -357 -10 -145.242 -38.6961 96.6555
349 -93.88 -330 -10 -147.694 -40.0661 96.5589
359 -97.239 -321 -10 -152.512 -41.9661 96.4623
369 -98.885 -313 -11 -153.818 -43.9519 96.3658
379 -95.702 -329 -10 -151.92 -39.4837 96.2695
389 -96.611 -352 -12 -151.651 -41.5708 96.1732
399 -95.392 -318 -11 -149.12 -41.6643 96.077
409 -92.502 -352 -10 -145.386 -39.6178 95.9809
419 -96.466 -392 -11 -150.144 -42.7875 95.885
429 -93.17 -329 -10 -144.859 -41.4811 95.7891
439 -96.975 -345 -11 -151.316 -42.6344 95.6933
449 -91.876 -367 -11 -143.551 -40.2014 95.5976
459 -92.29 -337 -10 -143.247 -41.3333 95.502
469 -95.043 -416 -10 -148.653 -41.433 95.4065
479 -94.237 -368 -11 -148.096 -40.3781 95.3111
489 -93.701 -375 -12 -145.229 -42.1731 95.2158
499 -91.414 -416 -11 -144.228 -38.6001 95.1206
509 -94.644 -324 -11 -146.081 -43.2072 95.0254
519 -90.897 -300 -11 -140.881 -40.9125 94.9304
529 -93.528 -367 -11 -146.43 -40.6259 94.8355
539 -91.367 -299 -11 -141.607 -41.1267 94.7407
549 -92.743 -290 -11 -143.066 -42.4201 94.6459
559 -92.488 -339 -10 -145.257 -39.7194 94.5513
569 -94.224 -329 -12 -146.513 -41.9355 94.4567
579 -94.062 -316 -11 -144.646 -43.4778 94.3623
589 -91.419 -329 -11 -144.953 -37.8854 94.2679
599 -90.315 -333 -11 -140.964 -39.6658 94.1736
609 -92.146 -348 -11 -142.625 -41.6674 94.0795
619 -90.606 -355 -11 -143.401 -37.8106 93.9854
629 -91.902 -373 -11 -140.382 -43.4217 93.8914
639 -89.919 -318 -11 -140.158 -39.6801 93.7975
649 -90.162 -333 -12 -139.795 -40.5287 93.7037
659 -90.073 -340 -12 -141.46 -38.6858 93.61
669 -91.327 -337 -11 -140.95 -41.7037 93.5164
679 -93.556 -311 -11 -147.65 -39.4621 93.4229
689 -90.425 -279 -11 -142.115 -38.7351 93.3294
699 -89.858 -351 -10 -138.656 -41.0602 93.2361
709 -88.838 -321 -11 -138.237 -39.4385 93.1429
719 -90.225 -307 -11 -138.621 -41.829 93.0497
729 -87.199 -289 -12 -136.171 -38.2268 92.9567
739 -89.704 -326 -10 -138.665 -40.7435 92.8637
749 -84.447 -301 -11 -131.174 -37.7204 92.7709
759 -89.958 -343 -10 -139.031 -40.885 92.6781
769 -88.826 -317 -10 -137.848 -39.8042 92.5854
779 -90.09 -335 -11 -140.69 -39.4899 92.4928
789 -88.606 -360 -10 -138.639 -38.5726 92.4003
799 -89.12 -313 -11 -137.126 -41.1143 92.3079
809 -86.604 -284 -10 -136.621 -36.5874 92.2156
819 -88.24 -274 -11 -136.475 -40.005 92.1234
829 -89.943 -322 -10 -139.163 -40.7232 92.0313
839 -87.314 -339 -11 -135.577 -39.0506 91.9393
849 -86.933 -312 -13 -134.207 -39.6589 91.8473
859 -86.069 -270 -11 -132.952 -39.1863 91.7555
869 -87.064 -307 -10 -136.618 -37.5096 91.6637
879 -85.661 -351 -10 -134.227 -37.0949 91.5721
889 -85.137 -325 -10 -132.651 -37.6231 91.4805
899 -89.573 -341 -11 -138.385 -40.7606 91.389
909 -85.847 -271 -10 -131.865 -39.829 91.2976
919 -87.048 -301 -11 -135.422 -38.6738 91.2063
929 -86.395 -335 -11 -135.664 -37.1264 91.1151
939 -85.671 -304 -12 -132.366 -38.9763 91.024
949 -86.461 -296 -10 -131.818 -41.1036 90.933
959 -84.966 -276 -11 -129.746 -40.1863 90.842
969 -84.521 -409 -10 -132.022 -37.0203 90.7512
979 -85.138 -293 -11 -130.427 -39.8488 90.6604
989 -87.739 -302 -10 -137.939 -37.539 90.5698
999 -84.466 -284 -10 -130.519 -38.4134 90.4792
1009 -85.773 -272 -10 -130.402 -41.1441 90.3887
1019 -83.966 -397 -10 -129.276 -38.6556 90.2983
1029 -83.53 -319 -11 -129.521 -37.5388 90.208
1039 -85.23 -312 -11 -130.87 -39.5896 90.1178
1049 -86.52 -311 -10 -133.618 -39.422 90.0277
1059 -82.586 -383 -11 -127.606 -37.5662 89.9377
1069 -83.043 -295 -11 -129.456 -36.63 89.8478
1079 -83.805 -283 -11 -129.821 -37.7885 89.7579
1089 -82.393 -273 -10 -126.35 -38.4359 89.6682
1099 -82.498 -278 -10 -123.808 -41.1883 89.5785
1109 -80.655 -284 -11 -123.814 -37.4958 89.4889
1119 -82.863 -398 -11 -129.936 -35.79 89.3994
1129 -82.278 -264 -10 -126.617 -37.9394 89.31
1139 -83.69 -271 -10 -126.552 -40.8279 89.2207
1149 -81.56 -315 -11 -126.784 -36.3356 89.1315
1159 -80.425 -303 -10 -123.899 -36.9508 89.0424
1169 -81.022 -264 -11 -124.118 -37.9259 88.9533
1179 -80.909 -303 -10 -125.219 -36.5992 88.8644
1189 -81.063 -310 -11 -125.691 -36.4354 88.7755
1199 -82.143 -302 -11 -125.478 -38.8079 88.6867
1209 -80.289 -278 -12 -120.673 -39.9047 88.598
1219 -79.388 -251 -11 -120.887 -37.8887 88.5094
1229 -81.52 -343 -12 -126.101 -36.9388 88.4209
1239 -79.505 -253 -11 -122.84 -36.1697 88.3325
1249 -80.845 -352 -11 -123.131 -38.5588 88.2442
1259 -82.355 -301 -12 -124.578 -40.1319 88.1559
1269 -77.576 -258 -11 -119.12 -36.032 88.0678
1279 -77.042 -265 -11 -116.469 -37.6154 87.9797
1289 -78.789 -398 -13 -121.582 -35.9962 87.8917
1299 -80.596 -287 -11 -122.504 -38.6884 87.8038
1309 -78.797 -260 -11 -119.187 -38.4069 87.716
1319 -78.662 -287 -12 -120.665 -36.6588 87.6283
1329 -81.225 -284 -10 -126.063 -36.3865 87.5407
1339 -83.155 -284 -11 -127.633 -38.6767 87.4531
1349 -77.297 -250 -11 -116.948 -37.6462 87.3657
1359 -80.555 -353 -12 -122.995 -38.1146 87.2783
1369 -80.289 -264 -10 -122.436 -38.142 87.191
1379 -79.972 -286 -10 -121.228 -38.7159 87.1039
1389 -79.291 -266 -11 -120.949 -37.6328 87.0168
1399 -77.22 -290 -11 -117.511 -36.9292 86.9297
1409 -77.533 -261 -10 -116.672 -38.3942 86.8428
1419 -78.011 -288 -11 -118.428 -37.5938 86.756
1429 -78.821 -305 -12 -119.586 -38.0559 86.6692
1439 -75.353 -276 -11 -113.374 -37.3322 86.5825
1449 -77.607 -298 -11 -118.782 -36.4317 86.496
1459 -75.749 -268 -11 -114.718 -36.7803 86.4095
1469 -77.047 -238 -11 -117.107 -36.987 86.323
1479 -76.257 -232 -10 -116.287 -36.2266 86.2367
1489 -78.592 -281 -10 -120.559 -36.6255 86.1505
1499 -78.912 -289 -10 -120.263 -37.5612 86.0643
1509 -77.385 -288 -10 -117.167 -37.6034 85.9783
1519 -76.261 -259 -10 -114.878 -37.6444 85.8923
1529 -76.094 -261 -10 -116.932 -35.2558 85.8064
1539 -76.102 -270 -11 -116.276 -35.9276 85.7206
1549 -75.798 -248 -13 -115.153 -36.4428 85.6349
1559 -76.91 -262 -11 -117.251 -36.5695 85.5492
1569 -74.557 -262 -10 -113.617 -35.4973 85.4637
1579 -76.335 -324 -11 -116.313 -36.3572 85.3782
1589 -77.584 -315 -11 -119.251 -35.9166 85.2929
1599 -78.185 -345 -10 -120.407 -35.9626 85.2076
1609 -74.898 -355 -11 -116.125 -33.6715 85.1223
1619 -79.617 -305 -11 -122.082 -37.1518 85.0372
1629 -75.003 -251 -10 -114.126 -35.8803 84.9522
1639 -75.599 -255 -11 -113.52 -37.6779 84.8672
1649 -74.945 -298 -10 -113.077 -36.8133 84.7824
1659 -75.544 -281 -11 -115.59 -35.4979 84.6976
1669 -72.884 -240 -11 -109.681 -36.0872 84.6129
1679 -75.593 -240 -12 -113.902 -37.2837 84.5283
1689 -77.129 -252 -11 -115.864 -38.3937 84.4437
1699 -76.304 -261 -12 -116.11 -36.4981 84.3593
1709 -76.581 -281 -12 -115.808 -37.354 84.2749
1719 -76.387 -272 -11 -115.179 -37.595 84.1907
1729 -76.077 -273 -12 -115.512 -36.6419 84.1065
1739 -73.905 -253 -10 -112.014 -35.7962 84.0224
1749 -74.628 -333 -10 -113.194 -36.0617 83.9384
1759 -71.758 -232 -10 -108.13 -35.3857 83.8544
1769 -75.15 -268 -12 -113.745 -36.5554 83.7706
1779 -72.98 -293 -10 -111.819 -34.1412 83.6868
1789 -75.294 -272 -10 -114.44 -36.1483 83.6031
1799 -74.5 -248 -10 -112.995 -36.0055 83.5195
1809 -75.126 -221 -11 -112.328 -37.9237 83.436
1819 -74.712 -252 -11 -112.282 -37.1419 83.3525
1829 -73.648 -331 -10 -113.586 -33.7098 83.2692
1839 -73.06 -236 -11 -110.265 -35.8553 83.1859
1849 -73.867 -271 -11 -109.522 -38.2123 83.1027
1859 -74.606 -340 -11 -113.491 -35.7205 83.0196
1869 -72.998 -237 -12 -109.813 -36.1834 82.9366
1879 -73.694 -304 -11 -110.087 -37.3009 82.8537
1889 -72.691 -311 -11 -109.577 -35.805 82.7708
1899 -72.067 -258 -11 -108.469 -35.6648 82.6881
1909 -70.925 -226 -10 -105.127 -36.7232 82.6054
1919 -73.046 -275 -10 -110.993 -35.0988 82.5228
1929 -72.332 -250 -11 -107.049 -37.615 82.4402
1939 -72.39 -242 -10 -109.096 -35.6836 82.3578
1949 -72.237 -242 -10 -108.147 -36.3265 82.2754
1959 -71.927 -237 -10 -107.562 -36.2917 82.1932
1969 -71.33 -264 -10 -107.324 -35.3361 82.111
1979 -72.629 -279 -11 -109.518 -35.7398 82.0289
1989 -70.73 -253 -10 -105.873 -35.587 81.9468
1999 -71.242 -225 -10 -105.205 -37.2794 81.8649
2009 -70.36 -252 -10 -105.594 -35.126 81.783
2019 -70.69 -222 -10 -105.514 -35.8657 81.7012
2029 -71.46 -277 -11 -106.554 -36.3661 81.6195
2039 -71.331 -249 -10 -106.763 -35.8986 81.5379
2049 -71.934 -217 -10 -105.777 -38.0908 81.4564
2059 -72.753 -217 -11 -107.32 -38.1862 81.3749
2069 -68.651 -207 -10 -102.788 -34.5138 81.2935
2079 -70.991 -234 -10 -106.283 -35.6994 81.2123
2089 -70.004 -303 -12 -104.379 -35.6287 81.131
2099 -72.602 -222 -11 -106.392 -38.8122 81.0499
2109 -69.422 -309 -10 -103.109 -35.7351 80.9689
2119 -69.233 -248 -11 -103.496 -34.9699 80.8879
2129 -69.924 -284 -11 -103.787 -36.0613 80.807
2139 -70.366 -229 -11 -104.459 -36.2728 80.7262
2149 -69.091 -306 -11 -102.127 -36.0548 80.6455
2159 -69.582 -274 -11 -104.613 -34.551 80.5648
2169 -69.346 -262 -12 -102.616 -36.076 80.4843
2179 -70.122 -250 -11 -105.25 -34.9937 80.4038
2189 -68.01 -222 -10 -100.869 -35.1511 80.3234
2199 -67.45 -230 -10 -99.6252 -35.2748 80.243
2209 -69.239 -201 -11 -101.922 -36.5562 80.1628
2219 -69.665 -210 -11 -102.951 -36.3792 80.0826
2229 -70.426 -242 -11 -105.452 -35.4002 80.0026
2239 -67.54 -210 -10 -98.4055 -36.6745 79.9226
2249 -69.962 -219 -10 -104.099 -35.8246 79.8426
2259 -69.859 -219 -11 -102.934 -36.7844 79.7628
2269 -68.843 -232 -11 -102.465 -35.221 79.683
2279 -66.266 -274 -12 -99.2648 -33.2672 79.6033
2289 -68.286 -224 -11 -100.232 -36.3396 79.5237
2299 -68.843 -223 -10 -102.235 -35.451 79.4442
2309 -68.386 -287 -10 -101.73 -35.0419 79.3648
2319 -69.763 -220 -12 -102.689 -36.837 79.2854
2329 -69.304 -220 -11 -101.755 -36.8533 79.2061
2339 -69.092 -223 -10 -102.268 -35.9159 79.1269
2349 -69.436 -221 -11 -102.424 -36.4481 79.0478
2359 -67.203 -221 -11 -98.505 -35.901 78.9687
2369 -69.377 -217 -11 -101.373 -37.3808 78.8898
2379 -68.621 -218 -11 -101.616 -35.6259 78.8109
2389 -65.458 -193 -12 -94.5716 -36.3444 78.7321
2399 -67.966 -208 -11 -98.616 -37.316 78.6533
2409 -68.667 -208 -11 -101.147 -36.1871 78.5747
2419 -67.831 -257 -11 -99.4211 -36.2409 78.4961
2429 -67.99 -247 -11 -100.474 -35.5056 78.4176
2439 -67.251 -223 -11 -99.1149 -35.3871 78.3392
2449 -67.092 -200 -12 -98.2554 -35.9286 78.2609
2459 -67.274 -194 -10 -97.9556 -36.5924 78.1826
2469 -68.829 -238 -10 -101.196 -36.4623 78.1044
2479 -68.065 -243 -11 -100.093 -36.0369 78.0263
2489 -65.75 -207 -10 -97.4837 -34.0163 77.9483
2499 -67.746 -239 -11 -99.0033 -36.4887 77.8703
2509 -66.651 -223 -11 -97.4509 -35.8511 77.7925
2519 -67.687 -249 -11 -101.172 -34.202 77.7147
2529 -67.422 -235 -11 -98.8295 -36.0145 77.637
2539 -66.949 -223 -10 -98.2838 -35.6142 77.5593
2549 -66.697 -229 -11 -97.6177 -35.7763 77.4818
2559 -68.647 -244 -11 -101.13 -36.1638 77.4043
2569 -67.481 -215 -10 -99.7745 -35.1875 77.3269
2579 -66.884 -257 -11 -98.0879 -35.6801 77.2496
2589 -65.902 -188 -11 -96.6277 -35.1763 77.1723
2599 -68.426 -243 -12 -98.8814 -37.9706 77.0951
2609 -66.392 -318 -10 -98.6283 -34.1557 77.018
2619 -67.584 -215 -11 -98.6963 -36.4717 76.941
2629 -66.536 -207 -12 -98.655 -34.417 76.8641
2639 -65.956 -228 -10 -96.2349 -35.6771 76.7872
2649 -65.408 -294 -11 -96.2252 -34.5908 76.7104
2659 -66.995 -237 -11 -97.2678 -36.7222 76.6337
2669 -65.819 -215 -10 -97.3542 -34.2838 76.5571
2679 -65.714 -266 -11 -96.1877 -35.2403 76.4805
2689 -66.779 -253 -10 -96.5589 -36.9991 76.404
2699 -65.659 -242 -10 -96.988 -34.33 76.3276
2709 -65.573 -205 -10 -94.923 -36.223 76.2513
2719 -67.161 -229 -11 -98.8934 -35.4286 76.1751
2729 -64.26 -357 -11 -97.0039 -31.5161 76.0989
2739 -65.105 -219 -11 -94.1697 -36.0403 76.0228
2749 -64.758 -235 -11 -95.2416 -34.2744 75.9468
2759 -65.155 -207 -11 -94.2206 -36.0894 75.8708
2769 -63.89 -221 -11 -92.4557 -35.3243 75.7949
2779 -65.216 -203 -10 -93.9177 -36.5143 75.7191
2789 -64.341 -219 -11 -93.2803 -35.4017 75.6434
2799 -65.601 -290 -10 -95.541 -35.661 75.5678
2809 -64.958 -213 -11 -96.716 -33.2 75.4922
2819 -66.456 -253 -12 -97.2356 -35.6764 75.4167
2829 -65.054 -244 -10 -95.5342 -34.5738 75.3413
2839 -65.197 -217 -10 -95.9522 -34.4418 75.266
2849 -65.431 -188 -11 -94.8053 -36.0567 75.1907
2859 -65.335 -249 -10 -95.4168 -35.2532 75.1155
2869 -64.293 -208 -11 -93.051 -35.535 75.0404
2879 -63.277 -199 -10 -91.2907 -35.2633 74.9654
2889 -62.954 -181 -10 -90.1474 -35.7606 74.8904
2899 -64.313 -189 -11 -92.8513 -35.7747 74.8155
2909 -66.497 -205 -10 -95.6309 -37.3631 74.7407
2919 -62.767 -201 -10 -90.8027 -34.7313 74.6659
2929 -65.062 -230 -11 -94.4564 -35.6676 74.5913
2939 -63.428 -186 -11 -91.211 -35.645 74.5167
2949 -63.266 -236 -12 -92.5073 -34.0247 74.4422
2959 -65.409 -197 -11 -94.6548 -36.1632 74.3677
2969 -65.546 -202 -11 -94.414 -36.678 74.2934
2979 -62.893 -204 -10 -90.692 -35.094 74.2191
2989 -63.894 -186 -11 -91.6358 -36.1522 74.1448
2999 -64.749 -221 -10 -93.0693 -36.4287 74.0707
3009 -64.013 -236 -11 -92.395 -35.631 73.9966
3019 -63.593 -169 -10 -90.846 -36.34 73.9226
3029 -64.024 -211 -10 -92.7318 -35.3162 73.8487
3039 -63.124 -175 -10 -90.727 -35.521 73.7749
3049 -63.225 -187 -10 -90.6198 -35.8302 73.7011
3059 -63.196 -199 -11 -92.6057 -33.7863 73.6274
3069 -63.583 -182 -11 -90.7402 -36.4258 73.5538
3079 -64.044 -185 -10 -92.6884 -35.3996 73.4802
3089 -62.45 -206 -11 -90.7734 -34.1266 73.4067
3099 -64.374 -231 -10 -93.284 -35.464 73.3333
3109 -61.899 -183 -10 -88.7172 -35.0808 73.26
3119 -63.211 -187 -11 -91.1781 -35.2439 73.1867
3129 -64.389 -215 -11 -93.7676 -35.0104 73.1135
3139 -64.447 -177 -11 -92.528 -36.366 73.0404
3149 -61.942 -166 -14 -87.7324 -36.1516 72.9674
3159 -62.605 -206 -11 -90.2782 -34.9318 72.8944
3169 -61.945 -199 -11 -87.4028 -36.4872 72.8215
3179 -62.438 -186 -11 -89.5814 -35.2946 72.7487
3189 -61.514 -222 -11 -88.6493 -34.3787 72.676
3199 -63.712 -197 -10 -91.5846 -35.8394 72.6033
3209 -62.037 -208 -12 -88.1638 -35.9102 72.5307
3219 -63.299 -264 -11 -92.5772 -34.0208 72.4581
3229 -62.935 -214 -12 -89.1133 -36.7567 72.3857
3239 -61.781 -185 -10 -88.3442 -35.2178 72.3133
3249 -61.605 -169 -11 -87.017 -36.193 72.241
3259 -61.312 -168 -11 -88.2042 -34.4198 72.1687
3269 -60.881 -174 -13 -87.0339 -34.7281 72.0966
3279 -61.991 -168 -11 -87.2666 -36.7154 72.0245
3289 -61.944 -224 -12 -89.0786 -34.8094 71.9525
3299 -61.187 -247 -11 -88.2192 -34.1548 71.8805
3309 -61.782 -205 -10 -89.622 -33.942 71.8086
3319 -62.046 -182 -10 -89.0424 -35.0496 71.7368
3329 -63.24 -237 -10 -90.337 -36.143 71.6651
3339 -60.509 -168 -10 -86.9702 -34.0478 71.5934
3349 -59.947 -183 -11 -85.4703 -34.4237 71.5218
3359 -60.702 -185 -10 -87.4125 -33.9915 71.4503
3369 -63.335 -218 -10 -92.0671 -34.6029 71.3788
3379 -61.24 -168 -11 -86.5855 -35.8945 71.3075
3389 -60.522 -212 -10 -87.6186 -33.4254 71.2362
3399 -62.13 -202 -10 -89.2248 -35.0352 71.1649
3409 -61.23 -189 -11 -87.3453 -35.1147 71.0938
3419 -61.261 -211 -11 -89.4554 -33.0666 71.0227
3429 -61.075 -177 -11 -87.3035 -34.8465 70.9516
3439 -62.419 -214 -11 -88.9721 -35.8659 70.8807
3449 -60.071 -180 -11 -86.7509 -33.3911 70.8098
3459 -59.438 -192 -10 -85.2604 -33.6156 70.739
3469 -61.236 -235 -11 -88.2326 -34.2394 70.6683
3479 -61.616 -204 -11 -88.0753 -35.1567 70.5976
3489 -60.545 -188 -11 -86.5076 -34.5824 70.527
3499 -61.6 -264 -11 -88.6845 -34.5155 70.4565
3509 -60.775 -180 -11 -85.3698 -36.1802 70.386
3519 -60.385 -203 -10 -86.2848 -34.4852 70.3156
3529 -61.446 -174 -10 -86.0907 -36.8013 70.2453
3539 -60.083 -181 -10 -86.263 -33.903 70.1751
3549 -61.412 -211 -10 -88.8678 -33.9562 70.1049
3559 -60.355 -177 -10 -86.1284 -34.5816 70.0348
3569 -60.168 -177 -11 -85.5522 -34.7838 69.9648
3579 -60.105 -173 -11 -85.268 -34.942 69.8948
3589 -59.59 -166 -11 -84.1876 -34.9924 69.8249
3599 -60.252 -199 -11 -85.7153 -34.7887 69.7551
3609 -59.559 -227 -11 -84.8329 -34.2851 69.6853
3619 -59.972 -201 -11 -86.6094 -33.3346 69.6156
3629 -60.838 -197 -10 -86.2338 -35.4422 69.546
3639 -58.988 -192 -11 -83.0839 -34.8921 69.4765
3649 -61.05 -243 -10 -86.732 -35.368 69.407
3659 -59.925 -168 -10 -84.302 -35.548 69.3376
3669 -59.967 -184 -11 -86.5716 -33.3624 69.2682
3679 -59.375 -166 -10 -82.71 -36.04 69.199
3689 -59.577 -192 -10 -84.6467 -34.5073 69.1298
3699 -60.45 -196 -11 -85.6969 -35.2031 69.0606
3709 -59.806 -176 -10 -84.8058 -34.8062 68.9916
3719 -60.73 -178 -10 -86.0741 -35.3859 68.9226
3729 -59.672 -174 -10 -84.3097 -35.0343 68.8537
3739 -58.948 -171 -10 -82.4343 -35.4617 68.7848
3749 -58.855 -194 -11 -82.1647 -35.5453 68.716
3759 -59.996 -219 -10 -85.7489 -34.2431 68.6473
3769 -59.98 -182 -11 -84.6906 -35.2694 68.5787
3779 -60.462 -185 -11 -84.7361 -36.1879 68.5101
3789 -59.01 -163 -10 -82.3388 -35.6812 68.4416
3799 -59.346 -174 -12 -82.6971 -35.9949 68.3731
3809 -58.19 -157 -10 -82.0375 -34.3425 68.3048
3819 -59.764 -192 -10 -83.5897 -35.9383 68.2365
3829 -59.778 -171 -12 -83.3785 -36.1775 68.1682
3839 -58.554 -184 -12 -82.9319 -34.1761 68.1001
3849 -57.864 -218 -11 -82.4847 -33.2433 68.032
3859 -59.695 -211 -10 -83.7 -35.69 67.9639
3869 -59.692 -174 -11 -83.8235 -35.5605 67.896
3879 -59.24 -197 -10 -83.9501 -34.5299 67.8281
3889 -59.052 -184 -12 -82.4631 -35.6409 67.7602
3899 -58.408 -153 -12 -81.0026 -35.8134 67.6925
3909 -60.729 -187 -11 -85.6271 -35.8309 67.6248
3919 -59.364 -168 -10 -83.0624 -35.6656 67.5572
3929 -58.68 -188 -10 -82.9204 -34.4396 67.4896
3939 -58.56 -141 -11 -81.5787 -35.5413 67.4221
3949 -58.622 -172 -10 -82.5684 -34.6756 67.3547
3959 -59.358 -220 -11 -84.6061 -34.1099 67.2873
3969 -59.277 -189 -11 -83.3796 -35.1744 67.22
3979 -59.967 -212 -13 -85.137 -34.797 67.1528
3989 -58.105 -169 -10 -82.2273 -33.9827 67.0857
3999 -58.654 -148 -10 -80.7354 -36.5726 67.0186
4009 -58.887 -192 -10 -83.4114 -34.3626 66.9516
4019 -56.902 -207 -10 -79.9776 -33.8264 66.8846
4029 -58.329 -254 -11 -82.7617 -33.8963 66.8177
4039 -58.504 -176 -11 -82.0195 -34.9885 66.7509
4049 -58.239 -160 -11 -81.0161 -35.4619 66.6842
4059 -59.652 -173 -10 -83.6844 -35.6196 66.6175
4069 -57.291 -166 -10 -80.4035 -34.1785 66.5509
4079 -59.192 -193 -10 -82.6586 -35.7254 66.4843
4089 -55.532 -184 -11 -77.3244 -33.7396 66.4178
4099 -58.152 -197 -10 -81.8719 -34.4321 66.3514
4109 -58.389 -197 -10 -81.8204 -34.9576 66.2851
4119 -57.585 -189 -12 -80.2765 -34.8935 66.2188
4129 -58.338 -170 -11 -82.1357 -34.5403 66.1526
4139 -58.118 -197 -10 -81.3683 -34.8677 66.0864
4149 -58.663 -168 -10 -82.7556 -34.5704 66.0203
4159 -58.299 -188 -12 -81.3873 -35.2107 65.9543
4169 -58.358 -206 -11 -81.6657 -35.0503 65.8883
4179 -58.609 -233 -11 -82.6894 -34.5286 65.8225
4189 -57.497 -175 -10 -80.5481 -34.4459 65.7566
4199 -58.356 -164 -10 -81.2432 -35.4688 65.6909
4209 -58.447 -185 -11 -81.3712 -35.5228 65.6252
4219 -59.174 -228 -10 -82.9436 -35.4044 65.5596
4229 -58.274 -182 -11 -81.4461 -35.1019 65.494
4239 -57.4 -167 -10 -78.9318 -35.8682 65.4285
4249 -57.693 -171 -10 -80.8425 -34.5435 65.3631
4259 -56.039 -229 -10 -79.043 -33.035 65.2977
4269 -57.642 -186 -11 -79.5887 -35.6953 65.2324
4279 -57.704 -177 -11 -79.8259 -35.5821 65.1672
4289 -57.526 -173 -10 -81.3312 -33.7208 65.102
4299 -56.271 -162 -10 -79.1251 -33.4169 65.0369
4309 -56.726 -201 -11 -78.9222 -34.5298 64.9719
4319 -57.508 -165 -10 -80.0457 -34.9703 64.9069
4329 -57.543 -176 -10 -80.6923 -34.3937 64.842
4339 -57.254 -160 -10 -79.351 -35.157 64.7772
4349 -57.018 -161 -11 -79.0958 -34.9402 64.7124
4359 -58.44 -175 -11 -81.1946 -35.6854 64.6477
4369 -56.555 -152 -11 -78.0014 -35.1086 64.583
4379 -56.386 -166 -10 -79.1282 -33.6438 64.5184
4389 -56.638 -173 -10 -79.0593 -34.2167 64.4539
4399 -57.3 -160 -11 -80.6691 -33.9309 64.3895
4409 -58.013 -165 -10 -80.3309 -35.6951 64.3251
4419 -56.12 -138 -10 -76.8229 -35.4171 64.2608
4429 -56.568 -193 -11 -79.4452 -33.6908 64.1965
4439 -56.693 -167 -10 -79.775 -33.611 64.1323
4449 -56.333 -163 -10 -78.1265 -34.5395 64.0682
4459 -56.678 -185 -11 -79.3169 -34.0391 64.0041
4469 -55.536 -147 -11 -76.5857 -34.4863 63.9401
4479 -55.898 -153 -11 -77.5014 -34.2946 63.8761
4489 -57.096 -163 -11 -77.8493 -36.3427 63.8123
4499 -55.502 -162 -11 -77.2136 -33.7904 63.7485
4509 -56.139 -179 -11 -77.6112 -34.6668 63.6847
4519 -54.635 -151 -11 -75.8687 -33.4013 63.621
4529 -56.463 -184 -11 -78.9919 -33.9341 63.5574
4539 -56.627 -164 -11 -78.4919 -34.7621 63.4938
4549 -55.498 -156 -11 -76.4965 -34.4995 63.4304
4559 -55.981 -153 -10 -78.4511 -33.5109 63.3669
4569 -55.227 -137 -11 -74.8371 -35.6169 63.3036
4579 -54.74 -168 -10 -74.9758 -34.5042 63.2403
4589 -55.916 -173 -10 -77.4342 -34.3978 63.177
4599 -55.992 -172 -10 -78.2492 -33.7348 63.1138
4609 -54.63 -158 -11 -75.0193 -34.2407 63.0507
4619 -56.18 -164 -11 -78.5595 -33.8005 62.9877
4629 -56.814 -176 -11 -78.6464 -34.9816 62.9247
4639 -55.854 -163 -12 -76.5068 -35.2012 62.8618
4649 -55.468 -144 -10 -75.7471 -35.1889 62.7989
4659 -56.396 -157 -11 -77.2292 -35.5628 62.7361
4669 -56.252 -158 -11 -77.5552 -34.9488 62.6734
4679 -56.781 -195 -10 -78.7648 -34.7972 62.6107
4689 -55.294 -196 -11 -76.989 -33.599 62.5481
4699 -55.638 -167 -11 -77.1876 -34.0884 62.4855
4709 -55.469 -159 -10 -75.9514 -34.9866 62.423
4719 -56.317 -187 -11 -78.407 -34.227 62.3606
4729 -54.599 -160 -10 -74.8015 -34.3965 62.2983
4739 -56.174 -158 -10 -76.9789 -35.3691 62.236
4749 -55.303 -164 -11 -76.7837 -33.8223 62.1737
4759 -56.6 -161 -10 -78.4523 -34.7477 62.1116
4769 -56.243 -178 -10 -76.8921 -35.5939 62.0494
4779 -54.299 -142 -11 -73.9295 -34.6685 61.9874
4789 -54.574 -169 -11 -74.8694 -34.2786 61.9254
4799 -55.293 -147 -10 -76.0708 -34.5152 61.8635
4809 -54.483 -204 -10 -75.6513 -33.3147 61.8016
4819 -56.818 -160 -11 -78.7002 -34.9358 61.7398
4829 -54.617 -148 -10 -74.485 -34.749 61.6781
4839 -54.99 -161 -10 -75.0412 -34.9388 61.6164
4849 -55.666 -158 -11 -76.6543 -34.6777 61.5548
4859 -54.832 -133 -10 -74.7588 -34.9052 61.4932
4869 -54.664 -178 -10 -74.877 -34.451 61.4317
4879 -55.204 -171 -10 -76.1435 -34.2645 61.3703
4889 -54.406 -163 -10 -74.8802 -33.9318 61.3089
4899 -54.209 -156 -10 -75.2949 -33.1231 61.2476
4909 -54.693 -164 -10 -74.4346 -34.9514 61.1864
4919 -55.316 -173 -11 -76.3108 -34.3212 61.1252
4929 -55.211 -162 -11 -75.2893 -35.1327 61.0641
4939 -54.944 -156 -11 -75.5549 -34.3331 61.003
4949 -54.533 -132 -10 -74.061 -35.005 60.942
4959 -54.363 -161 -10 -74.1754 -34.5506 60.8811
4969 -53.751 -151 -10 -73.9124 -33.5896 60.8202
4979 -55.96 -202 -11 -77.1655 -34.7545 60.7594
4989 -54.842 -162 -10 -75.3322 -34.3518 60.6986
4999 -54.406 -211 -12 -75.2766 -33.5354 60.6379
5009 -54.219 -147 -10 -73.3434 -35.0946 60.5773
5019 -55.187 -152 -10 -74.5687 -35.8053 60.5167
5029 -54.663 -158 -11 -73.7851 -35.5409 60.4562
5039 -54.737 -172 -12 -74.9007 -34.5733 60.3957
5049 -54.228 -163 -10 -74.6931 -33.7629 60.3353
5059 -55.429 -152 -10 -75.5921 -35.2659 60.275
5069 -54.397 -168 -11 -74.0689 -34.7251 60.2147
5079 -54.983 -168 -10 -75.4268 -34.5392 60.1545
5089 -54.803 -148 -11 -74.2692 -35.3368 60.0943
5099 -53.783 -133 -11 -72.8397 -34.7263 60.0342
5109 -53.991 -143 -10 -74.0625 -33.9195 59.9742
5119 -53.451 -154 -11 -71.8612 -35.0408 59.9142
5129 -55.151 -158 -10 -74.8789 -35.4231 59.8543
5139 -54.539 -182 -12 -73.9054 -35.1726 59.7945
5149 -54.454 -162 -11 -73.4141 -35.4939 59.7347
5159 -53.685 -142 -10 -72.9295 -34.4405 59.6749
5169 -54.081 -158 -10 -74.1584 -34.0036 59.6153
5179 -53.254 -147 -10 -71.7056 -34.8024 59.5556
5189 -53.561 -154 -11 -72.6088 -34.5132 59.4961
5199 -54.39 -176 -10 -74.8977 -33.8823 59.4366
5209 -53.807 -167 -11 -72.7402 -34.8738 59.3772
5219 -54.845 -148 -10 -74.0406 -35.6494 59.3178
5229 -53.935 -175 -12 -74.1602 -33.7098 59.2585
5239 -54 -186 -10 -73.5437 -34.4563 59.1992
5249 -53.035 -143 -10 -71.3627 -34.7073 59.14
5259 -54.214 -168 -11 -73.2727 -35.1553 59.0809
5269 -52.866 -151 -10 -71.4568 -34.2752 59.0218
5279 -53.966 -155 -11 -73.9291 -34.0029 58.9628
5289 -53.334 -148 -12 -72.1687 -34.4993 58.9038
5299 -53.331 -172 -11 -73.2268 -33.4352 58.8449
5309 -52.493 -132 -10 -71.2891 -33.6969 58.786
5319 -52.801 -152 -10 -70.911 -34.691 58.7273
5329 -52.091 -167 -10 -71.3604 -32.8216 58.6685
5339 -52.186 -187 -10 -72.2501 -32.1219 58.6099
5349 -52.019 -162 -11 -70.5337 -33.5043 58.5513
5359 -51.963 -177 -10 -71.5894 -32.3366 58.4927
5369 -52.572 -139 -11 -71.7559 -33.3881 58.4342
5379 -52.899 -166 -11 -72.2984 -33.4996 58.3758
5389 -50.942 -143 -10 -69.7213 -32.1627 58.3174
5399 -50.161 -156 -11 -69.5805 -30.7415 58.2591
5409 -48.96 -150 -10 -68.3196 -29.6004 58.2008
5419 -49.332 -132 -11 -68.252 -30.412 58.1426
5429 -46.624 -135 -10 -65.6895 -27.5585 58.0845
5439 -48.457 -171 -10 -68.5084 -28.4056 58.0264
5449 -47.038 -134 -11 -66.2871 -27.7889 57.9684
5459 -46.323 -125 -10 -64.7748 -27.8712 57.9104
5469 -46.272 -145 -10 -64.9898 -27.5542 57.8525
5479 -46.774 -154 -10 -65.986 -27.562 57.7946
5489 -46.034 -127 -10 -65.6906 -26.3774 57.7368
5499 -45.693 -134 -10 -64.5186 -26.8674 57.6791
5509 -47.309 -128 -10 -64.9296 -29.6884 57.6214
5519 -47.771 -155 -10 -66.872 -28.67 57.5638
5529 -46.562 -144 -10 -65.0544 -28.0696 57.5062
5539 -46.728 -129 -10 -65.2781 -28.1779 57.4487
5549 -46.803 -157 -10 -66.1698 -27.4362 57.3913
5559 -46.769 -148 -10 -65.5303 -28.0077 57.3339
5569 -46.674 -138 -10 -65.2283 -28.1197 57.2766
5579 -47.638 -179 -10 -67.7204 -27.5556 57.2193
5589 -46.391 -148 -10 -65.3019 -27.4801 57.1621
5599 -46.818 -156 -10 -66.1524 -27.4836 57.1049
5609 -48.228 -152 -10 -67.6469 -28.8091 57.0478
5619 -46.661 -122 -10 -65.8541 -27.4679 56.9908
5629 -45.822 -138 -10 -64.1743 -27.4697 56.9338
5639 -45.955 -128 -10 -63.4299 -28.4801 56.8768
5649 -45.345 -142 -10 -63.6902 -26.9998 56.82
5659 -45.772 -142 -10 -65.0015 -26.5425 56.7631
5669 -45.689 -123 -10 -64.6387 -26.7393 56.7064
5679 -46.173 -143 -10 -65.0629 -27.2831 56.6497
5689 -47.434 -127 -10 -66.6198 -28.2482 56.593
5699 -46.6 -163 -10 -65.9838 -27.2162 56.5364
5709 -46.249 -134 -10 -65.1268 -27.3712 56.4799
5719 -46.047 -129 -10 -64.1484 -27.9456 56.4234
5729 -46.2 -129 -10 -64.1544 -28.2456 56.367
5739 -45.424 -134 -10 -64.3625 -26.4855 56.3106
5749 -47.06 -146 -10 -65.8446 -28.2754 56.2543
5759 -47.133 -172 -10 -65.59 -28.676 56.198
5769 -46.37 -135 -10 -65.254 -27.486 56.1418
5779 -46.669 -132 -10 -65.4996 -27.8384 56.0857
5789 -47.124 -137 -10 -65.571 -28.677 56.0296
5799 -45.605 -117 -10 -63.8654 -27.3446 55.9736
5809 -45.646 -129 -10 -63.793 -27.499 55.9176
5819 -46.135 -155 -10 -65.422 -26.848 55.8617
5829 -45.201 -158 -10 -63.7088 -26.6932 55.8058
5839 -46.731 -159 -10 -65.7439 -27.7181 55.75
5849 -45.99 -128 -10 -64.2041 -27.7759 55.6943
5859 -46.328 -136 -10 -64.6329 -28.0231 55.6386
5869 -46.067 -155 -10 -64.4811 -27.6529 55.5829
5879 -45.533 -127 -10 -63.675 -27.391 55.5274
5889 -46.563 -137 -10 -65.3024 -27.8236 55.4718
5899 -46.601 -144 -10 -64.3901 -28.8119 55.4164
5909 -46.077 -140 -10 -65.3246 -26.8294 55.361
5919 -45.915 -137 -10 -64.8758 -26.9542 55.3056
5929 -46.441 -142 -10 -64.7634 -28.1186 55.2503
5939 -46.194 -123 -10 -63.9526 -28.4354 55.195
5949 -45.739 -138 -10 -63.7104 -27.7676 55.1398
5959 -45.328 -162 -10 -63.0944 -27.5616 55.0847
5969 -45.923 -143 -10 -63.9924 -27.8536 55.0296
5979 -44.85 -139 -10 -62.4543 -27.2457 54.9746
5989 -45.921 -112 -10 -64.3528 -27.4892 54.9196
5999 -44.949 -176 -10 -64.0759 -25.8221 54.8647
6009 -46.435 -127 -10 -64.2185 -28.6515 54.8098
6019 -44.903 -133 -10 -62.6094 -27.1966 54.755
6029 -44.795 -132 -10 -62.6686 -26.9214 54.7003
6039 -45.244 -122 -10 -63.2972 -27.1908 54.6456
6049 -46.099 -148 -10 -64.7892 -27.4088 54.5909
6059 -45.518 -135 -10 -63.1246 -27.9114 54.5363
6069 -46.032 -121 -10 -63.6934 -28.3706 54.4818
6079 -45.818 -118 -10 -63.6028 -28.0332 54.4273
6089 -45.942 -119 -10 -63.3808 -28.5032 54.3729
6099 -45.259 -148 -10 -63.7298 -26.7882 54.3185
6109 -45.877 -147 -10 -64.06 -27.694 54.2642
6119 -45.259 -118 -10 -62.5557 -27.9623 54.2099
6129 -45.657 -140 -10 -63.9598 -27.3542 54.1557
6139 -45.625 -143 -10 -64.0199 -27.2301 54.1016
6149 -44.952 -128 -10 -62.0025 -27.9015 54.0475
6159 -45.491 -117 -10 -62.7871 -28.1949 53.9934
6169 -45.124 -147 -10 -62.3779 -27.8701 53.9394
6179 -45.127 -140 -10 -63.1645 -27.0895 53.8855
6189 -44.076 -173 -10 -62.3781 -25.7739 53.8316
6199 -45.71 -134 -10 -63.323 -28.097 53.7778
6209 -44.536 -146 -10 -62.9884 -26.0836 53.724
6219 -45.703 -147 -10 -64.3352 -27.0708 53.6703
6229 -44.581 -119 -10 -61.5556 -27.6064 53.6166
6239 -46.186 -158 -10 -64.5644 -27.8076 53.563
6249 -45.685 -113 -10 -62.9852 -28.3848 53.5094
6259 -45.804 -117 -10 -63.1794 -28.4286 53.4559
6269 -45.142 -126 -10 -62.5156 -27.7684 53.4024
6279 -45.65 -128 -10 -63.8592 -27.4408 53.349
6289 -45.837 -129 -10 -64.1378 -27.5362 53.2957
6299 -45.312 -141 -10 -63.0658 -27.5582 53.2424
6309 -45.543 -137 -10 -63.2769 -27.8091 53.1892
6319 -44.895 -162 -10 -62.5388 -27.2512 53.136
6329 -44.339 -145 -10 -61.7161 -26.9619 53.0828
6339 -44.658 -125 -10 -62.0561 -27.2599 53.0297
6349 -44.719 -120 -10 -62.1852 -27.2528 52.9767
6359 -44.86 -143 -10 -62.3564 -27.3636 52.9237
6369 -45.216 -173 -10 -62.2446 -28.1874 52.8708
6379 -45.788 -119 -10 -63.2748 -28.3012 52.8179
6389 -44.09 -113 -10 -61.6983 -26.4817 52.7651
6399 -44.378 -131 -10 -61.3565 -27.3995 52.7124
6409 -45.69 -137 -10 -63.0035 -28.3765 52.6596
6419 -44.385 -123 -10 -61.9302 -26.8398 52.607
6429 -44.686 -122 -10 -61.5206 -27.8514 52.5544
6439 -45.221 -133 -10 -62.6103 -27.8317 52.5018
6449 -46.085 -168 -10 -63.8844 -28.2856 52.4493
6459 -44.243 -108 -10 -61.4959 -26.9901 52.3969
6469 -45.342 -126 -10 -62.2933 -28.3907 52.3445
6479 -45.631 -153 -10 -63.1209 -28.1411 52.2921
6489 -45.037 -152 -10 -62.7244 -27.3496 52.2398
6499 -44.271 -138 -10 -61.3257 -27.2163 52.1876
6509 -44.793 -109 -10 -61.7243 -27.8617 52.1354
6519 -44.936 -121 -10 -61.9667 -27.9053 52.0833
6529 -44.274 -140 -10 -61.3804 -27.1676 52.0312
6539 -44.878 -140 -10 -63.0974 -26.6586 51.9792
6549 -44.924 -119 -10 -62.1547 -27.6933 51.9272
6559 -43.483 -110 -10 -59.9869 -26.9791 51.8753
6569 -44.906 -123 -10 -62.5616 -27.2504 51.8234
6579 -44.692 -148 -10 -61.8471 -27.5369 51.7716
6589 -44.903 -130 -10 -61.2175 -28.5885 51.7198
6599 -44.935 -137 -10 -62.1562 -27.7138 51.6681
6609 -44.938 -125 -10 -61.3616 -28.5144 51.6164
6619 -44.472 -121 -10 -61.4789 -27.4651 51.5648
6629 -44.745 -161 -10 -61.6587 -27.8313 51.5132
6639 -44.864 -154 -10 -62.3098 -27.4182 51.4617
6649 -44.67 -123 -10 -61.5745 -27.7655 51.4102
6659 -45.089 -154 -10 -61.6559 -28.5221 51.3588
6669 -45.241 -112 -10 -62.1245 -28.3575 51.3075
6679 -43.208 -129 -10 -59.8492 -26.5668 51.2562
6689 -44.104 -130 -10 -61.8242 -26.3838 51.2049
6699 -43.644 -130 -10 -60.1444 -27.1436 51.1537
6709 -43.718 -103 -10 -60.4236 -27.0124 51.1026
6719 -44.288 -128 -10 -61.5515 -27.0245 51.0515
6729 -45.315 -139 -10 -62.7711 -27.8589 51.0004
6739 -43.722 -143 -10 -60.0971 -27.3469 50.9494
6749 -44.398 -138 -10 -61.3431 -27.4529 50.8984
6759 -44.235 -151 -10 -61.5184 -26.9516 50.8476
6769 -44.174 -118 -10 -60.5316 -27.8164 50.7967
6779 -44.011 -119 -10 -60.2595 -27.7625 50.7459
6789 -44.218 -133 -10 -60.8131 -27.6229 50.6952
6799 -43.619 -112 -10 -59.3554 -27.8826 50.6445
6809 -45.143 -126 -10 -62.4018 -27.8842 50.5938
6819 -43.461 -180 -10 -60.2977 -26.6243 50.5432
6829 -44.183 -129 -10 -61.9338 -26.4322 50.4927
6839 -44.748 -136 -10 -62.3879 -27.1081 50.4422
6849 -43.139 -110 -10 -58.8257 -27.4523 50.3917
6859 -43.538 -118 -10 -59.8599 -27.2161 50.3414
6869 -43.934 -108 -10 -60.1822 -27.6858 50.291
6879 -44.462 -117 -10 -60.9416 -27.9824 50.2407
6889 -44.525 -118 -10 -60.8723 -28.1777 50.1905
6899 -45.086 -126 -10 -62.5704 -27.6016 50.1403
6909 -44.197 -125 -10 -61.2717 -27.1223 50.0902
6919 -43.913 -123 -10 -60.7801 -27.0459 50.0401
6929 -43.532 -138 -10 -60.2848 -26.7792 49.99
6939 -42.84 -117 -10 -59.548 -26.132 49.94
6949 -44.02 -123 -10 -60.6297 -27.4103 49.8901
6959 -42.972 -144 -10 -59.8877 -26.0563 49.8402
6969 -43.66 -147 -10 -60.9402 -26.3798 49.7904
6979 -44.741 -107 -10 -60.9666 -28.5154 49.7406
6989 -43.698 -120 -10 -61.3535 -26.0425 49.6908
6999 -43.312 -112 -10 -60.1322 -26.4918 49.6411
7009 -43.862 -127 -10 -60.1798 -27.5442 49.5915
7019 -43.825 -139 -10 -60.3092 -27.3408 49.5419
7029 -43.544 -108 -10 -60.0796 -27.0084 49.4924
7039 -44.408 -143 -10 -61.2879 -27.5281 49.4429
7049 -43.11 -120 -10 -59.2788 -26.9412 49.3934
7059 -44.04 -124 -10 -60.346 -27.734 49.344
7069 -43.531 -112 -10 -60.3253 -26.7367 49.2947
7079 -43.055 -119 -10 -59.3286 -26.7814 49.2454
7089 -43.387 -128 -10 -59.3536 -27.4204 49.1962
7099 -42.897 -121 -10 -59.0128 -26.7812 49.147
7109 -43.437 -103 -10 -60.028 -26.846 49.0978
7119 -44.252 -113 -10 -61.4932 -27.0108 49.0487
7129 -43.664 -171 -10 -60.3884 -26.9396 48.9997
7139 -43.232 -107 -10 -59.5016 -26.9624 48.9507
7149 -43.291 -115 -10 -59.4007 -27.1813 48.9017
7159 -43.567 -129 -10 -60.071 -27.063 48.8528
7169 -44.014 -135 -10 -59.6593 -28.3687 48.804
7179 -43.063 -117 -10 -58.9621 -27.1639 48.7552
7189 -42.859 -116 -10 -59.2546 -26.4634 48.7064
7199 -42.754 -119 -10 -58.1873 -27.3207 48.6577
7209 -43.879 -139 -10 -60.7716 -26.9864 48.609
7219 -43.39 -107 -10 -59.3603 -27.4197 48.5604
7229 -43.449 -125 -10 -59.7991 -27.0989 48.5119
7239 -43.036 -131 -10 -59.5041 -26.5679 48.4634
7249 -43.052 -117 -10 -59.5053 -26.5987 48.4149
7259 -43.419 -138 -10 -60.282 -26.556 48.3665
7269 -44.082 -114 -10 -60.7554 -27.4086 48.3181
7279 -43.83 -112 -10 -60.5065 -27.1535 48.2698
7289 -42.832 -104 -10 -58.6779 -26.9861 48.2215
7299 -42.134 -118 -10 -57.7292 -26.5388 48.1733
7309 -43.743 -116 -10 -60.3204 -27.1656 48.1251
7319 -43.813 -138 -10 -61.0545 -26.5715 48.077
7329 -43.065 -102 -10 -59.3341 -26.7959 48.0289
7339 -42.954 -127 -10 -59.1472 -26.7608 47.9809
7349 -43.299 -123 -10 -59.3566 -27.2414 47.9329
7359 -42.395 -154 -10 -57.6092 -27.1808 47.885
7369 -41.719 -113 -10 -57.2781 -26.1599 47.8371
7379 -42.551 -129 -10 -57.3478 -27.7542 47.7893
7389 -41.997 -117 -10 -58.1127 -25.8813 47.7415
7399 -43.452 -113 -10 -59.4581 -27.4459 47.6937
7409 -43.09 -104 -10 -58.3274 -27.8526 47.646
7419 -42.996 -137 -10 -59.0915 -26.9005 47.5984
7429 -43.069 -115 -10 -59.0223 -27.1157 47.5508
7439 -43.775 -108 -10 -59.8727 -27.6773 47.5032
7449 -43.565 -107 -10 -59.0001 -28.1299 47.4557
7459 -42.598 -119 -10 -57.8754 -27.3206 47.4083
7469 -43.358 -112 -10 -59.4575 -27.2585 47.3609
7479 -42.084 -134 -10 -58.1492 -26.0188 47.3135
7489 -43.776 -123 -10 -60.1422 -27.4098 47.2662
7499 -43.538 -119 -10 -59.3326 -27.7434 47.2189
7509 -43.044 -114 -10 -59.6176 -26.4704 47.1717
7519 -42.396 -98 -10 -58.0519 -26.7401 47.1245
7529 -42.702 -108 -10 -58.8046 -26.5994 47.0774
7539 -42.893 -107 -10 -58.7748 -27.0112 47.0303
7549 -42.028 -127 -10 -57.6488 -26.4072 46.9833
7559 -42.472 -103 -10 -57.7455 -27.1985 46.9363
7569 -42.688 -111 -10 -58.2753 -27.1007 46.8894
7579 -42.482 -105 -10 -58.1091 -26.8549 46.8425
7589 -42.274 -112 -10 -58.1271 -26.4209 46.7957
7599 -43.909 -110 -10 -59.7062 -28.1118 46.7489
7609 -42.854 -102 -10 -58.1241 -27.5839 46.7021
7619 -42.531 -120 -10 -58.3816 -26.6804 46.6554
7629 -43.149 -105 -10 -58.7358 -27.5622 46.6088
7639 -43.027 -116 -10 -59.0044 -27.0496 46.5621
7649 -42.714 -132 -10 -58.058 -27.37 46.5156
7659 -42.472 -113 -10 -58.679 -26.265 46.4691
7669 -43.358 -112 -10 -58.7934 -27.9226 46.4226
7679 -41.872 -107 -10 -56.6919 -27.0521 46.3762
7689 -42.301 -114 -10 -57.141 -27.461 46.3298
7699 -43.159 -109 -10 -59.5326 -26.7854 46.2835
7709 -42.814 -139 -10 -59.1008 -26.5272 46.2372
7719 -42.044 -105 -10 -57.4231 -26.6649 46.191
7729 -42.686 -111 -10 -58.3 -27.072 46.1448
7739 -42.15 -127 -10 -58.7282 -25.5718 46.0986
7749 -42.872 -121 -10 -58.9988 -26.7452 46.0525
7759 -41.73 -119 -10 -57.8647 -25.5953 46.0065
7769 -43.331 -117 -10 -59.0757 -27.5863 45.9605
7779 -42.525 -112 -10 -58.2076 -26.8424 45.9145
7789 -41.457 -104 -10 -56.8917 -26.0223 45.8686
7799 -42.252 -113 -10 -57.787 -26.717 45.8227
7809 -42.104 -118 -10 -58.7939 -25.4141 45.7769
7819 -43.496 -107 -10 -59.7799 -27.2121 45.7311
7829 -42.571 -109 -10 -57.6553 -27.4867 45.6854
7839 -42.463 -123 -10 -58.4176 -26.5084 45.6397
7849 -41.583 -108 -10 -56.6297 -26.5363 45.5941
7859 -43.77 -107 -10 -60.1336 -27.4064 45.5485
7869 -42.286 -109 -10 -57.8709 -26.7011 45.5029
7879 -41.925 -111 -10 -57.1196 -26.7304 45.4574
7889 -42.756 -123 -10 -59.1951 -26.3169 45.412
7899 -42.151 -100 -10 -57.4796 -26.8224 45.3665
7909 -42.381 -110 -10 -58.1459 -26.6161 45.3212
7919 -41.127 -113 -10 -57.1569 -25.0971 45.2759
7929 -42.001 -102 -10 -57.4979 -26.5041 45.2306
7939 -42.448 -109 -10 -58.6561 -26.2399 45.1854
7949 -42.266 -116 -10 -57.8148 -26.7172 45.1402
7959 -43.22 -120 -10 -58.6786 -27.7614 45.095
7969 -41.732 -107 -10 -57.1811 -26.2829 45.0499
7979 -42.497 -154 -10 -59.1101 -25.8839 45.0049
7989 -41.266 -98 -10 -56.8359 -25.6961 44.9599
7999 -42.605 -124 -10 -57.9185 -27.2915 44.9149
8009 -42.115 -115 -10 -57.4198 -26.8102 44.87
8019 -41.496 -117 -10 -56.9661 -26.0259 44.8251
8029 -41.674 -97 -10 -56.7614 -26.5866 44.7803
8039 -41.615 -102 -10 -56.9967 -26.2333 44.7355
8049 -41.898 -110 -10 -57.904 -25.892 44.6908
8059 -41.695 -120 -10 -57.0154 -26.3746 44.6461
8069 -40.776 -146 -10 -56.0737 -25.4783 44.6015
8079 -42.175 -92 -10 -57.6144 -26.7356 44.5569
8089 -41.813 -98 -10 -57.0918 -26.5342 44.5123
8099 -42.239 -118 -10 -57.6274 -26.8506 44.4678
8109 -42.739 -102 -10 -57.5681 -27.9099 44.4233
8119 -41.749 -123 -10 -57.2871 -26.2109 44.3789
8129 -42.107 -103 -10 -57.4983 -26.7157 44.3345
8139 -41.69 -111 -10 -56.8544 -26.5256 44.2902
8149 -42.431 -120 -10 -58.6329 -26.2291 44.2459
8159 -41.821 -118 -10 -56.978 -26.664 44.2016
8169 -41.381 -108 -10 -56.7338 -26.0282 44.1574
8179 -42.671 -109 -10 -58.4223 -26.9197 44.1133
8189 -41.862 -108 -10 -57.4068 -26.3172 44.0692
8199 -42.449 -114 -10 -57.7916 -27.1064 44.0251
8209 -41.628 -121 -10 -57.0987 -26.1573 43.9811
8219 -42.604 -103 -10 -57.5628 -27.6452 43.9371
8229 -41.686 -108 -10 -57.0516 -26.3204 43.8932
8239 -42.638 -113 -10 -58.1886 -27.0874 43.8493
8249 -42.306 -112 -10 -57.3255 -27.2865 43.8054
8259 -41.213 -110 -10 -55.7753 -26.6507 43.7616
8269 -41.633 -107 -10 -56.9301 -26.3359 43.7178
8279 -41.839 -105 -10 -56.553 -27.125 43.6741
8289 -41.839 -84 -10 -56.0139 -27.6641 43.6305
8299 -42.399 -112 -10 -58.2325 -26.5655 43.5868
8309 -41.842 -107 -10 -56.7923 -26.8917 43.5432
8319 -40.503 -94 -10 -55.4464 -25.5596 43.4997
8329 -42.012 -92 -10 -57.4161 -26.6079 43.4562
8339 -41.074 -102 -10 -55.9441 -26.2039 43.4127
8349 -41.262 -102 -10 -56.5186 -26.0054 43.3693
8359 -41.855 -122 -10 -57.3097 -26.4003 43.326
8369 -42.096 -115 -10 -57.7114 -26.4806 43.2826
8379 -40.969 -99 -10 -56.0702 -25.8678 43.2393
8389 -41.507 -117 -10 -56.9604 -26.0536 43.1961
8399 -41.706 -103 -10 -56.9532 -26.4588 43.1529
8409 -41.212 -126 -10 -56.0322 -26.3918 43.1098
8419 -43.002 -109 -10 -59.118 -26.886 43.0666
8429 -41.521 -122 -10 -56.8598 -26.1822 43.0236
8439 -41.688 -124 -10 -56.6645 -26.7115 42.9806
8449 -41.787 -128 -10 -56.8219 -26.7521 42.9376
8459 -41.717 -102 -10 -56.9162 -26.5178 42.8946
8469 -40.851 -93 -10 -55.3636 -26.3384 42.8517
8479 -41.251 -96 -10 -56.138 -26.364 42.8089
8489 -41.419 -98 -10 -55.9719 -26.8661 42.7661
8499 -40.881 -108 -10 -55.7629 -25.9991 42.7233
8509 -40.765 -142 -10 -56.5103 -25.0197 42.6806
8519 -41.147 -102 -10 -55.8584 -26.4356 42.6379
8529 -41.891 -120 -10 -56.839 -26.943 42.5953
8539 -40.647 -113 -10 -55.7376 -25.5564 42.5527
8549 -41.052 -103 -10 -56.4469 -25.6571 42.5101
8559 -41.445 -144 -10 -56.2594 -26.6306 42.4676
8569 -42.333 -94 -10 -56.9414 -27.7246 42.4252
8579 -41.035 -100 -10 -56.0307 -26.0393 42.3827
8589 -41.323 -112 -10 -57.1062 -25.5398 42.3403
8599 -41.843 -118 -10 -56.5683 -27.1177 42.298
8609 -42.156 -118 -10 -57.3331 -26.9789 42.2557
8619 -40.689 -93 -10 -55.4324 -25.9456 42.2135
8629 -41.582 -99 -10 -56.6465 -26.5175 42.1712
8639 -41.897 -103 -10 -56.7312 -27.0628 42.1291
8649 -41.294 -103 -10 -56.1884 -26.3996 42.0869
8659 -41.87 -101 -10 -57.5298 -26.2102 42.0448
8669 -40.986 -121 -10 -56.6613 -25.3107 42.0028
8679 -41.793 -89 -10 -56.4823 -27.1037 41.9608
8689 -41.764 -95 -10 -56.686 -26.842 41.9188
8699 -40.808 -121 -10 -55.8039 -25.8121 41.8769
8709 -41.044 -107 -10 -55.5316 -26.5564 41.835
8719 -41.098 -114 -10 -55.091 -27.105 41.7932
8729 -41.231 -114 -10 -56.4772 -25.9848 41.7514
8739 -41.33 -124 -10 -56.3142 -26.3458 41.7097
8749 -40.654 -112 -10 -55.8971 -25.4109 41.668
8759 -41.656 -106 -10 -56.5962 -26.7158 41.6263
8769 -41.226 -99 -10 -56.3707 -26.0813 41.5847
8779 -41.133 -103 -10 -56.2237 -26.0423 41.5431
8789 -41.465 -98 -10 -56.4282 -26.5018 41.5015
8799 -41.663 -108 -10 -55.9423 -27.3837 41.46
8809 -42.084 -93 -10 -56.9961 -27.1719 41.4186
8819 -41.185 -101 -10 -56.4098 -25.9602 41.3772
8829 -40.333 -94 -10 -55.0054 -25.6606 41.3358
8839 -40.566 -97 -10 -54.8712 -26.2608 41.2944
8849 -41.478 -93 -10 -56.3045 -26.6515 41.2531
8859 -41.534 -112 -10 -56.1061 -26.9619 41.2119
8869 -40.741 -88 -10 -54.6598 -26.8222 41.1707
8879 -41.955 -123 -10 -56.54 -27.37 41.1295
8889 -41.253 -101 -10 -55.8409 -26.6651 41.0884
8899 -40.604 -126 -10 -55.4098 -25.7982 41.0473
8909 -40.704 -98 -10 -55.4438 -25.9642 41.0062
8919 -41.886 -103 -10 -56.6745 -27.0975 40.9652
8929 -40.844 -103 -10 -55.8717 -25.8163 40.9243
8939 -41.415 -94 -10 -55.974 -26.856 40.8833
8949 -40.411 -103 -10 -55.3535 -25.4685 40.8425
8959 -40.551 -114 -10 -55.0574 -26.0446 40.8016
8969 -40.618 -121 -10 -55.7544 -25.4816 40.7608
8979 -41.326 -88 -10 -55.6243 -27.0277 40.7201
8989 -41.212 -110 -10 -55.473 -26.951 40.6793
8999 -40.751 -110 -10 -55.1227 -26.3793 40.6387
9009 -40.92 -103 -10 -55.3555 -26.4845 40.598
9019 -42.294 -107 -10 -57.3447 -27.2433 40.5574
9029 -41.677 -103 -10 -56.4157 -26.9383 40.5169
9039 -40.316 -104 -10 -54.781 -25.851 40.4764
9049 -41.423 -112 -10 -56.5105 -26.3355 40.4359
9059 -40.819 -97 -10 -55.3772 -26.2608 40.3954
9069 -39.506 -93 -10 -53.5819 -25.4301 40.355
9079 -40.766 -95 -10 -54.9598 -26.5722 40.3147
9089 -40.121 -107 -10 -54.7581 -25.4839 40.2744
9099 -41.542 -107 -10 -56.9164 -26.1676 40.2341
9109 -41.011 -117 -10 -56.2453 -25.7767 40.1939
9119 -41.275 -93 -10 -55.7713 -26.7787 40.1537
9129 -41.565 -97 -10 -56.267 -26.863 40.1135
9139 -40.677 -94 -10 -55.4592 -25.8948 40.0734
9149 -40.579 -102 -10 -54.8633 -26.2947 40.0333
9159 -40.624 -93 -10 -55.467 -25.781 39.9933
9169 -40.831 -120 -10 -55.4167 -26.2453 39.9533
9179 -39.978 -125 -10 -55.1273 -24.8287 39.9134
9189 -40.096 -88 -10 -54.6545 -25.5375 39.8734
9199 -41.748 -93 -10 -55.9756 -27.5204 39.8336
9209 -41.213 -90 -10 -55.5416 -26.8844 39.7937
9219 -40.602 -93 -10 -54.9013 -26.3027 39.7539
9229 -41.167 -104 -10 -56.1876 -26.1464 39.7142
9239 -40.749 -92 -10 -54.4771 -27.0209 39.6745
9249 -40.997 -93 -10 -55.0686 -26.9254 39.6348
9259 -40.937 -123 -10 -55.317 -26.557 39.5952
9269 -40.048 -88 -10 -54.5758 -25.5202 39.5556
9279 -40.731 -118 -10 -55.2335 -26.2285 39.516
9289 -41.361 -97 -10 -56.1266 -26.5954 39.4765
9299 -41.375 -103 -10 -56.1887 -26.5613 39.437
9309 -40.122 -108 -10 -54.546 -25.698 39.3976
9319 -41.223 -111 -10 -55.2819 -27.1641 39.3582
9329 -41.642 -124 -10 -56.3033 -26.9807 39.3188
9339 -40.349 -118 -10 -54.4751 -26.2229 39.2795
9349 -41.404 -96 -10 -55.8306 -26.9774 39.2402
9359 -40.087 -132 -10 -54.4059 -25.7681 39.201
9369 -40.798 -99 -10 -55.6061 -25.9899 39.1618
9379 -41.055 -91 -10 -55.6544 -26.4556 39.1226
9389 -40.758 -127 -10 -55.1633 -26.3527 39.0835
9399 -40.536 -106 -10 -55.148 -25.924 39.0444
9409 -40.758 -107 -10 -55.3563 -26.1597 39.0054
9419 -40.865 -105 -10 -55.1991 -26.5309 38.9664
9429 -40.33 -87 -10 -53.9442 -26.7158 38.9274
9439 -40.185 -121 -10 -54.7532 -25.6168 38.8885
9449 -40.959 -127 -10 -55.4321 -26.4859 38.8496
9459 -40.286 -87 -10 -54.8758 -25.6962 38.8107
9469 -40.618 -112 -10 -55.9616 -25.2744 38.7719
9479 -40.118 -98 -10 -54.1569 -26.0791 38.7332
9489 -40.694 -93 -10 -55.093 -26.295 38.6944
9499 -40.026 -92 -10 -53.8688 -26.1832 38.6557
9509 -40.207 -102 -10 -55.1146 -25.2994 38.6171
9519 -39.963 -92 -10 -53.7056 -26.2204 38.5785
9529 -41.199 -102 -10 -55.1926 -27.2054 38.5399
9539 -40.715 -95 -10 -54.8617 -26.5683 38.5013
9549 -40.492 -90 -10 -54.7413 -26.2427 38.4628
9559 -40.227 -108 -10 -54.9505 -25.5035 38.4244
9569 -40.252 -113 -10 -54.9644 -25.5396 38.3859
9579 -40.938 -104 -10 -55.3881 -26.4879 38.3476
9589 -40.937 -98 -10 -55.1873 -26.6867 38.3092
9599 -40.431 -107 -10 -54.4345 -26.4275 38.2709
9609 -41.088 -97 -10 -55.5071 -26.6689 38.2326
9619 -40.683 -97 -10 -54.7606 -26.6054 38.1944
9629 -40.333 -89 -10 -54.078 -26.588 38.1562
9639 -40.383 -91 -10 -54.2336 -26.5324 38.118
9649 -40.285 -102 -10 -54.7915 -25.7785 38.0799
9659 -41.819 -111 -10 -55.8041 -27.8339 38.0418
9669 -40.503 -108 -10 -54.777 -26.229 38.0038
9679 -40.584 -92 -10 -54.8336 -26.3344 37.9658
9689 -40.435 -87 -10 -54.4572 -26.4128 37.9278
9699 -40.202 -93 -10 -54.4124 -25.9916 37.8899
9709 -40.152 -90 -10 -54.3577 -25.9463 37.852
9719 -40.82 -103 -10 -55.1506 -26.4894 37.8142
9729 -40.092 -108 -10 -54.8294 -25.3546 37.7764
9739 -40.821 -97 -10 -54.6935 -26.9485 37.7386
9749 -40.205 -101 -10 -54.2337 -26.1763 37.7008
9759 -41.224 -122 -10 -55.7058 -26.7422 37.6631
9769 -39.997 -99 -10 -53.9668 -26.0272 37.6255
9779 -39.744 -92 -10 -54.8123 -24.6757 37.5878
9789 -40.734 -98 -10 -54.8359 -26.6321 37.5503
9799 -40.012 -95 -10 -54.1087 -25.9153 37.5127
9809 -39.945 -81 -10 -53.6986 -26.1914 37.4752
9819 -40.47 -87 -10 -54.4657 -26.4743 37.4377
9829 -40.724 -107 -10 -55.1417 -26.3063 37.4003
9839 -40.344 -93 -10 -54.874 -25.814 37.3629
9849 -39.825 -103 -10 -54.0443 -25.6057 37.3255
9859 -40.344 -97 -10 -54.6347 -26.0533 37.2882
9869 -40.817 -112 -10 -54.9795 -26.6545 37.2509
9879 -40.221 -107 -10 -55.4316 -25.0104 37.2137
9889 -40.145 -92 -10 -54.6391 -25.6509 37.1764
9899 -40.406 -99 -10 -54.2551 -26.5569 37.1393
9909 -39.66 -105 -10 -53.6131 -25.7069 37.1021
9919 -39.787 -109 -10 -53.7085 -25.8655 37.065
9929 -39.747 -115 -10 -54.1979 -25.2961 37.028
9939 -39.69 -99 -10 -53.544 -25.836 36.9909
9949 -40.571 -96 -10 -54.3762 -26.7658 36.9539
9959 -39.114 -120 -10 -53.271 -24.957 36.917
9969 -40.1 -96 -10 -54.7504 -25.4496 36.8801
9979 -40.257 -108 -10 -54.0341 -26.4799 36.8432
9989 -39.847 -92 -10 -53.9076 -25.7864 36.8063
9999 -39.59 -113 -10 -53.8792 -25.3008 36.7695
10009 -39.654 -103 -10 -53.3847 -25.9233 36.7328
10019 -40.274 -79 -10 -53.7425 -26.8055 36.696
10029 -40.142 -103 -10 -54.5308 -25.7532 36.6593
10039 -39.746 -123 -10 -54.0467 -25.4453 36.6227
10049 -40.094 -102 -10 -54.1662 -26.0218 36.5861
10059 -39.724 -127 -10 -53.842 -25.606 36.5495
10069 -39.965 -113 -10 -53.9993 -25.9307 36.5129
10079 -40.05 -113 -10 -54.0606 -26.0394 36.4764
10089 -39.721 -113 -10 -53.6551 -25.7869 36.4399
10099 -40.438 -88 -10 -53.8647 -27.0113 36.4035
10109 -39.395 -108 -10 -53.41 -25.38 36.3671
10119 -40.029 -102 -10 -54.3627 -25.6953 36.3307
10129 -40.406 -84 -10 -54.1996 -26.6124 36.2944
10139 -40.713 -97 -10 -55.0389 -26.3871 36.2581
10149 -40.134 -97 -10 -54.0793 -26.1887 36.2218
10159 -39.96 -83 -10 -53.6574 -26.2626 36.1856
10169 -40.399 -106 -10 -54.0372 -26.7608 36.1494
10179 -39.198 -91 -10 -53.3842 -25.0118 36.1133
10189 -40.295 -83 -10 -54.3903 -26.1997 36.0772
10199 -40.546 -108 -10 -54.5582 -26.5338 36.0411
10209 -39.923 -97 -10 -53.7914 -26.0546 36.0051
10219 -39.849 -93 -10 -53.5973 -26.1007 35.969
10229 -39.127 -103 -10 -53.0084 -25.2456 35.9331
10239 -39.363 -88 -10 -53.0206 -25.7054 35.8971
10249 -39.415 -97 -10 -53.449 -25.381 35.8613
10259 -39.522 -92 -10 -53.9403 -25.1037 35.8254
10269 -39.85 -98 -10 -54.2719 -25.4281 35.7896
10279 -39.052 -98 -10 -53.3631 -24.7409 35.7538
10289 -40.077 -93 -10 -53.875 -26.279 35.718
10299 -39.201 -98 -10 -53.258 -25.144 35.6823
10309 -39.344 -94 -10 -53.1395 -25.5485 35.6466
10319 -40.022 -98 -10 -54.1051 -25.9389 35.611
10329 -39.834 -88 -10 -53.6867 -25.9813 35.5754
10339 -40.476 -101 -10 -54.0957 -26.8563 35.5398
10349 -39.994 -88 -10 -53.0511 -26.9369 35.5042
10359 -40.256 -101 -10 -54.0285 -26.4835 35.4687
10369 -39.967 -90 -10 -53.5371 -26.3969 35.4333
10379 -39.806 -96 -10 -53.5097 -26.1023 35.3978
10389 -39.757 -97 -10 -53.164 -26.35 35.3624
10399 -39.803 -101 -10 -54.0593 -25.5467 35.3271
10409 -40.142 -92 -10 -52.9887 -27.2953 35.2918
10419 -40.77 -93 -10 -54.6443 -26.8957 35.2565
10429 -39.549 -90 -10 -53.286 -25.812 35.2212
10439 -39.366 -79 -10 -53.103 -25.629 35.186
10449 -39.261 -86 -10 -53.0998 -25.4222 35.1508
10459 -39.201 -110 -10 -52.9817 -25.4203 35.1156
10469 -38.963 -86 -10 -52.4323 -25.4937 35.0805
10479 -39.526 -99 -10 -53.6289 -25.4231 35.0455
10489 -39.1 -96 -10 -52.7176 -25.4824 35.0104
10499 -39.953 -87 -10 -53.6709 -26.2351 34.9754
10509 -38.418 -92 -10 -52.3684 -24.4676 34.9404
10519 -39.032 -112 -10 -53.4826 -24.5814 34.9055
10529 -39.503 -96 -10 -53.2693 -25.7367 34.8706
10539 -40.189 -83 -10 -53.1677 -27.2103 34.8357
10549 -39.054 -105 -10 -52.8284 -25.2796 34.8009
10559 -40.163 -112 -10 -54.5436 -25.7824 34.7661
10569 -38.948 -88 -10 -52.9392 -24.9568 34.7313
10579 -40.079 -98 -10 -53.7467 -26.4113 34.6966
10589 -39.085 -91 -10 -52.7743 -25.3957 34.6619
10599 -39.573 -93 -10 -53.332 -25.814 34.6272
10609 -38.989 -84 -10 -52.4119 -25.5661 34.5926
10619 -39.248 -91 -10 -53.0916 -25.4044 34.558
10629 -39.213 -94 -10 -53.1304 -25.2956 34.5234
10639 -40.024 -83 -10 -53.1883 -26.8597 34.4889
10649 -39.697 -92 -10 -53.7715 -25.6225 34.4544
10659 -39.617 -83 -10 -53.1737 -26.0603 34.42
10669 -39.55 -103 -10 -53.7252 -25.3748 34.3855
10679 -39.838 -97 -10 -53.3713 -26.3047 34.3512
10689 -39.796 -87 -10 -53.1664 -26.4256 34.3168
10699 -39.822 -90 -10 -53.8514 -25.7926 34.2825
10709 -39.73 -82 -10 -53.5267 -25.9333 34.2482
10719 -38.803 -99 -10 -53.2469 -24.3591 34.214
10729 -40.039 -94 -10 -54.0399 -26.0381 34.1797
10739 -38.727 -88 -10 -52.8584 -24.5956 34.1456
10749 -39.311 -99 -10 -53.5652 -25.0568 34.1114
10759 -40.554 -93 -10 -54.2895 -26.8185 34.0773
10769 -39.99 -88 -10 -53.7968 -26.1832 34.0432
10779 -40.017 -89 -10 -53.3682 -26.6658 34.0092
10789 -40.277 -83 -10 -53.4783 -27.0757 33.9752
10799 -39.587 -102 -10 -53.5627 -25.6113 33.9412
10809 -39.607 -95 -10 -53.6876 -25.5264 33.9073
10819 -38.471 -91 -10 -51.9243 -25.0177 33.8734
10829 -39.354 -88 -10 -53.3993 -25.3087 33.8395
10839 -39.849 -93 -10 -53.2321 -26.4659 33.8056
10849 -39.213 -97 -10 -53.1063 -25.3197 33.7718
10859 -39.701 -117 -10 -53.8698 -25.5322 33.7381
10869 -39.397 -102 -10 -53.5731 -25.2209 33.7043
10879 -39.055 -92 -10 -53.5624 -24.5476 33.6706
10889 -38.486 -78 -10 -52.2347 -24.7373 33.637
10899 -39.375 -89 -10 -52.9769 -25.7731 33.6033
10909 -39.789 -94 -10 -52.6811 -26.8969 33.5697
10919 -39.316 -88 -10 -53.2757 -25.3563 33.5361
10929 -39.523 -97 -10 -53.343 -25.703 33.5026
10939 -39.323 -89 -10 -52.4447 -26.2013 33.4691
10949 -39.525 -95 -10 -53.0623 -25.9877 33.4356
10959 -39.389 -87 -10 -52.6317 -26.1463 33.4022
10969 -39.168 -82 -10 -52.7588 -25.5772 33.3688
10979 -38.874 -86 -10 -51.9624 -25.7856 33.3354
10989 -39.536 -93 -10 -53.6085 -25.4635 33.3021
10999 -39.071 -102 -10 -52.4094 -25.7326 33.2688
11009 -39.56 -98 -10 -53.0074 -26.1126 33.2355
11019 -39.532 -77 -10 -52.9817 -26.0823 33.2023
11029 -39.668 -83 -10 -52.9787 -26.3573 33.1691
11039 -39.356 -97 -10 -53.4089 -25.3031 33.1359
11049 -39.329 -93 -10 -52.9511 -25.7069 33.1028
11059 -38.815 -91 -10 -52.6652 -24.9648 33.0697
11069 -39.563 -103 -10 -53.1108 -26.0152 33.0366
11079 -39.867 -104 -10 -53.8464 -25.8876 33.0036
11089 -39.017 -88 -10 -52.4014 -25.6326 32.9706
11099 -38.751 -103 -10 -52.3851 -25.1169 32.9376
11109 -39.207 -93 -10 -52.6554 -25.7586 32.9047
11119 -39.699 -92 -10 -53.6169 -25.7811 32.8718
11129 -39.143 -89 -10 -53.2824 -25.0036 32.8389
11139 -39.566 -87 -10 -52.515 -26.617 32.806
11149 -39.185 -94 -10 -52.5936 -25.7764 32.7732
11159 -39.442 -79 -10 -52.969 -25.915 32.7405
11169 -39.238 -89 -10 -52.4624 -26.0136 32.7077
11179 -39.214 -87 -10 -52.6879 -25.7401 32.675
11189 -38.927 -98 -10 -52.832 -25.022 32.6423
11199 -39.053 -85 -10 -52.156 -25.95 32.6097
11209 -38.366 -100 -10 -52.2359 -24.4961 32.5771
11219 -39.116 -83 -10 -52.5754 -25.6566 32.5445
11229 -39.494 -78 -10 -52.6261 -26.3619 32.512
11239 -39.095 -87 -10 -52.8671 -25.3229 32.4795
11249 -39.283 -84 -10 -52.8179 -25.7481 32.447
11259 -39.657 -98 -10 -53.3743 -25.9397 32.4145
11269 -38.403 -92 -10 -52.2426 -24.5634 32.3821
11279 -39.503 -123 -10 -53.0679 -25.9381 32.3497
11289 -38.982 -87 -10 -52.6679 -25.2961 32.3174
11299 -38.636 -97 -10 -52.5495 -24.7225 32.2851
11309 -39.04 -92 -10 -52.2062 -25.8738 32.2528
11319 -38.76 -88 -10 -52.5166 -25.0034 32.2205
11329 -39.191 -88 -10 -52.8567 -25.5253 32.1883
11339 -39.232 -88 -10 -52.939 -25.525 32.1561
11349 -39.352 -93 -10 -52.5108 -26.1932 32.124
11359 -38.585 -85 -10 -52.3243 -24.8457 32.0918
11369 -38.785 -82 -10 -52.314 -25.256 32.0597
11379 -39.221 -92 -10 -52.8884 -25.5536 32.0277
11389 -38.834 -86 -10 -52.6551 -25.0129 31.9957
11399 -38.562 -87 -10 -51.9202 -25.2038 31.9637
11409 -38.334 -117 -10 -52.8457 -23.8223 31.9317
11419 -38.44 -82 -10 -51.801 -25.079 31.8998
11429 -38.484 -112 -10 -51.8977 -25.0703 31.8679
11439 -39.113 -99 -10 -52.8773 -25.3487 31.836
11449 -38.511 -81 -10 -51.6481 -25.3739 31.8042
11459 -39.574 -94 -10 -52.7024 -26.4456 31.7724
11469 -39.235 -84 -10 -52.5472 -25.9228 31.7406
11479 -39.196 -91 -10 -52.8701 -25.5219 31.7088
11489 -39.003 -87 -10 -52.8447 -25.1613 31.6771
11499 -39.051 -82 -10 -52.022 -26.08 31.6455
11509 -38.997 -92 -10 -52.2981 -25.6959 31.6138
11519 -38.92 -99 -10 -52.481 -25.359 31.5822
11529 -39.225 -82 -10 -52.7794 -25.6706 31.5506
11539 -39.257 -85 -10 -52.7612 -25.7528 31.5191
11549 -39.158 -88 -10 -52.2563 -26.0597 31.4876
11559 -38.721 -90 -10 -52.1417 -25.3003 31.4561
11569 -39.087 -81 -10 -52.2908 -25.8832 31.4246
11579 -39.118 -94 -10 -52.7701 -25.4659 31.3932
11589 -39.11 -88 -10 -52.5131 -25.7069 31.3618
11599 -38.523 -103 -10 -52.5627 -24.4833 31.3304
11609 -39.428 -102 -10 -52.5148 -26.3412 31.2991
11619 -39.443 -85 -10 -53.0042 -25.8818 31.2678
11629 -38.952 -90 -10 -52.1969 -25.7071 31.2365
11639 -39.326 -83 -10 -52.2072 -26.4448 31.2053
11649 -39.058 -97 -10 -52.7807 -25.3353 31.1741
11659 -38.707 -98 -10 -52.1727 -25.2413 31.1429
11669 -37.972 -97 -10 -51.8212 -24.1228 31.1118
11679 -38.855 -81 -10 -52.0177 -25.6923 31.0807
11689 -39.058 -87 -10 -52.3379 -25.7781 31.0496
11699 -38.54 -113 -10 -52.0442 -25.0358 31.0185
11709 -38.398 -84 -10 -52.056 -24.74 30.9875
11719 -38.216 -86 -10 -52.0473 -24.3847 30.9565
11729 -39.622 -87 -10 -52.3508 -26.8932 30.9256
11739 -37.967 -74 -10 -51.3648 -24.5692 30.8946
11749 -39.079 -87 -10 -52.5405 -25.6175 30.8637
11759 -38.589 -92 -10 -51.9685 -25.2095 30.8329
11769 -39.261 -88 -10 -52.3607 -26.1613 30.8021
11779 -38.063 -80 -10 -51.6659 -24.4601 30.7712
11789 -37.817 -82 -10 -51.4351 -24.1989 30.7405
11799 -38.438 -84 -10 -51.6167 -25.2593 30.7097
11809 -39.11 -94 -10 -52.3453 -25.8747 30.679
11819 -38.538 -84 -10 -51.4785 -25.5975 30.6483
11829 -38.228 -82 -10 -51.6365 -24.8195 30.6177
11839 -38.814 -81 -10 -51.7791 -25.8489 30.5871
11849 -38.715 -87 -10 -52.157 -25.273 30.5565
11859 -38.708 -83 -10 -52.4201 -24.9959 30.5259
11869 -39.117 -87 -10 -52.4334 -25.8006 30.4954
11879 -38.992 -82 -10 -52.3751 -25.6089 30.4649
11889 -37.871 -84 -10 -51.6744 -24.0676 30.4345
11899 -39.11 -85 -10 -52.5767 -25.6433 30.404
11909 -38.825 -83 -10 -51.9188 -25.7312 30.3736
11919 -39.564 -95 -10 -52.8993 -26.2287 30.3432
11929 -38.658 -94 -10 -52.338 -24.978 30.3129
11939 -38.756 -97 -10 -52.1028 -25.4092 30.2826
11949 -38.795 -88 -10 -52.084 -25.506 30.2523
11959 -38.305 -83 -10 -51.7347 -24.8753 30.222
11969 -38.642 -79 -10 -52.0727 -25.2113 30.1918
11979 -39.514 -82 -10 -52.4247 -26.6033 30.1616
11989 -38.306 -83 -10 -51.5684 -25.0436 30.1315
11999 -39.591 -86 -10 -52.5017 -26.6803 30.1013
12009 -38.194 -110 -10 -51.5933 -24.7947 30.0712
12019 -39.399 -88 -10 -53.3637 -25.4343 30.0412
12029 -38.287 -88 -10 -51.6249 -24.9491 30.0111
12039 -38.272 -101 -10 -51.5061 -25.0379 29.9811
12049 -38.504 -93 -10 -52.4006 -24.6074 29.9511
12059 -38.327 -83 -10 -51.4855 -25.1685 29.9212
12069 -38.128 -93 -10 -51.5075 -24.7485 29.8913
12079 -39.654 -88 -10 -52.8203 -26.4877 29.8614
12089 -38.351 -92 -10 -51.6189 -25.0831 29.8315
12099 -38.811 -82 -10 -51.6726 -25.9494 29.8017
12109 -38.706 -91 -10 -51.9762 -25.4358 29.7719
12119 -38.805 -98 -10 -52.2825 -25.3275 29.7421
12129 -38.026 -92 -10 -51.6131 -24.4389 29.7124
12139 -38.926 -78 -10 -51.8356 -26.0164 29.6827
12149 -38.557 -77 -10 -51.9542 -25.1598 29.653
12159 -38.583 -78 -10 -51.1309 -26.0351 29.6233
12169 -38.236 -83 -10 -51.0634 -25.4086 29.5937
12179 -38.056 -75 -10 -51.3311 -24.7809 29.5641
12189 -38.341 -98 -10 -51.9786 -24.7034 29.5345
12199 -38.435 -103 -10 -52.0177 -24.8523 29.505
12209 -39.175 -99 -10 -51.9072 -26.4428 29.4755
12219 -38.208 -79 -10 -51.3649 -25.0511 29.446
12229 -38.767 -87 -10 -52.0894 -25.4446 29.4166
12239 -38.81 -78 -10 -51.8544 -25.7656 29.3872
12249 -38.238 -80 -10 -51.3212 -25.1548 29.3578
12259 -38.077 -78 -10 -51.6636 -24.4904 29.3284
12269 -38.2 -82 -10 -51.7031 -24.6969 29.2991
12279 -38.797 -82 -10 -52.6886 -24.9054 29.2698
12289 -38.556 -87 -10 -51.6632 -25.4488 29.2405
12299 -38.398 -93 -10 -52.0723 -24.7237 29.2113
12309 -38.325 -83 -10 -51.3513 -25.2987 29.1821
12319 -37.903 -71 -10 -50.9867 -24.8193 29.1529
12329 -38.658 -74 -10 -51.5904 -25.7256 29.1237
12339 -38.919 -95 -10 -51.8179 -26.0201 29.0946
12349 -38.755 -98 -10 -51.8196 -25.6904 29.0655
12359 -37.834 -77 -10 -50.8959 -24.7721 29.0364
12369 -38.543 -92 -10 -52.5046 -24.5814 29.0074
12379 -39.507 -97 -10 -52.4351 -26.5789 28.9784
12389 -38.425 -97 -10 -52.2966 -24.5534 28.9494
12399 -38.686 -94 -10 -52.068 -25.304 28.9205
12409 -37.919 -77 -10 -50.8237 -25.0143 28.8916
12419 -38.79 -84 -10 -51.6649 -25.9151 28.8627
12429 -38.762 -82 -10 -51.4172 -26.1068 28.8338
12439 -38.799 -72 -10 -51.5229 -26.0751 28.805
12449 -38.437 -86 -10 -51.8467 -25.0273 28.7762
12459 -37.787 -80 -10 -51.1842 -24.3898 28.7474
12469 -39.052 -84 -10 -51.4448 -26.6592 28.7186
12479 -38.643 -78 -10 -50.7265 -26.5595 28.6899
12489 -38.312 -82 -10 -51.3323 -25.2917 28.6612
12499 -38.324 -78 -10 -51.1171 -25.5309 28.6326
12509 -38.818 -88 -10 -51.6843 -25.9517 28.6039
12519 -37.924 -88 -10 -51.0208 -24.8272 28.5753
12529 -39.125 -93 -10 -52.0761 -26.1739 28.5468
12539 -38.228 -107 -10 -51.8943 -24.5617 28.5182
12549 -38.005 -112 -10 -51.4927 -24.5173 28.4897
12559 -37.968 -77 -10 -51.4269 -24.5091 28.4612
12569 -38.919 -98 -10 -51.8389 -25.9991 28.4327
12579 -38.526 -78 -10 -51.3834 -25.6686 28.4043
12589 -38.284 -108 -10 -51.1486 -25.4194 28.3759
12599 -39.485 -97 -10 -53.3618 -25.6082 28.3475
12609 -38.504 -95 -10 -51.8561 -25.1519 28.3192
12619 -37.495 -86 -10 -51.0227 -23.9673 28.2909
12629 -38.065 -93 -10 -51.9248 -24.2052 28.2626
12639 -38.18 -110 -10 -51.2773 -25.0827 28.2343
12649 -37.412 -78 -10 -50.9199 -23.9041 28.2061
12659 -37.861 -82 -10 -51.5247 -24.1973 28.1779
12669 -39.394 -83 -10 -52.0326 -26.7554 28.1497
12679 -38.299 -82 -10 -51.7629 -24.8351 28.1215
12689 -38.094 -88 -10 -51.6847 -24.5033 28.0934
12699 -38.469 -82 -10 -51.6941 -25.2439 28.0653
12709 -38.228 -84 -10 -50.995 -25.461 28.0373
12719 -37.96 -83 -10 -51.1175 -24.8025 28.0092
12729 -37.958 -80 -10 -50.8447 -25.0713 27.9812
12739 -38.735 -88 -10 -51.8463 -25.6237 27.9532
12749 -37.81 -79 -10 -50.7067 -24.9133 27.9253
12759 -38.474 -75 -10 -51.2957 -25.6523 27.8974
12769 -38.224 -97 -10 -51.3894 -25.0586 27.8695
12779 -38.32 -83 -10 -51.1912 -25.4488 27.8416
12789 -37.623 -78 -10 -51.1366 -24.1094 27.8137
12799 -37.704 -73 -10 -50.6179 -24.7901 27.7859
12809 -38.677 -93 -10 -51.2936 -26.0604 27.7581
12819 -38.387 -93 -10 -51.7374 -25.0366 27.7304
12829 -38.277 -87 -10 -51.8633 -24.6907 27.7027
12839 -37.926 -77 -10 -51.0244 -24.8276 27.675
12849 -38.271 -73 -10 -51.8026 -24.7394 27.6473
12859 -37.782 -75 -10 -50.6847 -24.8793 27.6196
12869 -37.835 -82 -10 -51.0053 -24.6647 27.592
12879 -38.06 -83 -10 -51.4534 -24.6666 27.5644
12889 -38.021 -89 -10 -50.9322 -25.1098 27.5369
12899 -37.904 -81 -10 -50.9339 -24.8741 27.5093
12909 -38.247 -88 -10 -52.2218 -24.2722 27.4818
12919 -38.186 -74 -10 -51.1602 -25.2118 27.4543
12929 -37.666 -79 -10 -51.2962 -24.0358 27.4269
12939 -38.298 -88 -10 -51.2196 -25.3764 27.3994
12949 -38.282 -79 -10 -51.1112 -25.4528 27.372
12959 -37.728 -88 -10 -50.768 -24.688 27.3447
12969 -38.616 -88 -10 -51.237 -25.995 27.3173
12979 -38.227 -87 -10 -50.9452 -25.5088 27.29
12989 -38.501 -78 -10 -51.5887 -25.4133 27.2627
12999 -39.118 -85 -10 -51.8234 -26.4126 27.2355
13009 -38.564 -88 -10 -51.3706 -25.7574 27.2082
13019 -38.432 -82 -10 -51.3434 -25.5206 27.181
13029 -37.491 -107 -10 -51.0389 -23.9431 27.1538
13039 -38.123 -72 -10 -50.6907 -25.5553 27.1267
13049 -38.131 -82 -10 -51.5914 -24.6706 27.0996
13059 -38.312 -77 -10 -51.4593 -25.1647 27.0725
13069 -38.105 -83 -10 -51.3788 -24.8312 27.0454
13079 -38.517 -92 -10 -51.0885 -25.9455 27.0183
13089 -38.136 -91 -10 -51.0069 -25.2651 26.9913
13099 -38.124 -82 -10 -51.4256 -24.8224 26.9643
13109 -37.989 -75 -10 -51.1641 -24.8139 26.9374
13119 -38.37 -79 -10 -50.9333 -25.8067 26.9104
13129 -38.092 -83 -10 -50.9093 -25.2747 26.8835
13139 -37.657 -73 -10 -51.0092 -24.3048 26.8566
13149 -38.062 -83 -10 -51.1027 -25.0213 26.8298
13159 -38.006 -78 -10 -50.5417 -25.4703 26.8029
13169 -38.249 -79 -10 -50.9521 -25.5459 26.7761
13179 -38.607 -86 -10 -51.1249 -26.0891 26.7494
13189 -38.117 -84 -10 -51.3249 -24.9091 26.7226
13199 -37.476 -86 -10 -50.4378 -24.5142 26.6959
13209 -38.179 -82 -10 -51.4176 -24.9404 26.6692
13219 -38.644 -77 -10 -51.1615 -26.1265 26.6425
13229 -37.478 -73 -10 -50.6363 -24.3197 26.6159
13239 -37.729 -82 -10 -51.1134 -24.3446 26.5893
13249 -37.38 -72 -10 -49.9805 -24.7795 26.5627
13259 -38.243 -78 -10 -50.7213 -25.7647 26.5361
13269 -38.234 -80 -10 -51.0998 -25.3682 26.5096
13279 -38.258 -72 -10 -51.2176 -25.2984 26.4831
13289 -38.176 -86 -10 -51.264 -25.088 26.4566
13299 -38.005 -82 -10 -50.975 -25.035 26.4301
13309 -38.17 -82 -10 -51.0657 -25.2743 26.4037
13319 -38.315 -89 -10 -51.3552 -25.2748 26.3773
13329 -38.441 -96 -10 -51.1643 -25.7177 26.3509
13339 -37.545 -102 -10 -50.8161 -24.2739 26.3246
13349 -37.132 -74 -10 -50.8406 -23.4234 26.2982
13359 -37.72 -83 -10 -51.5539 -23.8861 26.2719
13369 -38.084 -82 -10 -51.1214 -25.0466 26.2457
13379 -38.118 -82 -10 -50.9967 -25.2393 26.2194
13389 -38.542 -91 -10 -51.4448 -25.6392 26.1932
13399 -37.576 -76 -10 -51.0613 -24.0907 26.167
13409 -37.453 -83 -10 -50.553 -24.353 26.1409
13419 -37.638 -77 -10 -50.6627 -24.6133 26.1147
13429 -37.879 -88 -10 -51.0296 -24.7284 26.0886
13439 -37.594 -82 -10 -50.5712 -24.6168 26.0625
13449 -37.649 -73 -10 -50.3146 -24.9834 26.0364
13459 -38.227 -69 -10 -50.8591 -25.5949 26.0104
13469 -38.288 -87 -10 -51.2931 -25.2829 25.9844
13479 -37.842 -79 -10 -50.4479 -25.2361 25.9584
13489 -37.716 -83 -10 -50.8854 -24.5466 25.9325
13499 -37.882 -69 -10 -50.5422 -25.2218 25.9065
13509 -38.029 -83 -10 -51.3038 -24.7542 25.8806
13519 -37.072 -74 -10 -50.2061 -23.9379 25.8547
13529 -37.995 -79 -10 -51.1646 -24.8254 25.8289
13539 -38.143 -92 -10 -50.8611 -25.4249 25.8031
13549 -38.388 -78 -10 -51.2337 -25.5423 25.7772
13559 -37.55 -73 -10 -50.0256 -25.0744 25.7515
13569 -37.724 -78 -10 -50.7947 -24.6533 25.7257
13579 -37.923 -73 -10 -50.3504 -25.4956 25.7
13589 -37.071 -78 -10 -50.2577 -23.8843 25.6743
13599 -37.823 -78 -10 -50.6232 -25.0228 25.6486
13609 -38.065 -82 -10 -50.9329 -25.1971 25.623
13619 -37.59 -72 -10 -50.6935 -24.4865 25.5973
13629 -38.454 -78 -10 -50.9885 -25.9195 25.5718
13639 -38.151 -93 -10 -50.9302 -25.3718 25.5462
13649 -38.609 -70 -10 -50.9409 -26.2771 25.5206
13659 -38.262 -78 -10 -50.9262 -25.5978 25.4951
13669 -37.508 -78 -10 -50.7239 -24.2921 25.4696
13679 -37.689 -85 -10 -50.8284 -24.5496 25.4441
13689 -37.386 -77 -10 -50.8824 -23.8896 25.4187
13699 -36.751 -89 -10 -50.1994 -23.3026 25.3933
13709 -37.165 -78 -10 -49.9138 -24.4162 25.3679
13719 -38.239 -88 -10 -51.0143 -25.4637 25.3425
13729 -38.07 -109 -10 -50.8466 -25.2934 25.3172
13739 -37.928 -79 -10 -51.1087 -24.7473 25.2919
13749 -37.936 -77 -10 -50.8724 -24.9996 25.2666
13759 -37.836 -73 -10 -50.8073 -24.8647 25.2413
13769 -36.893 -82 -10 -50.1217 -23.6643 25.2161
13779 -38.033 -78 -10 -50.916 -25.15 25.1908
13789 -37.632 -84 -10 -50.9536 -24.3104 25.1657
13799 -38.322 -77 -10 -51.0373 -25.6067 25.1405
13809 -38.456 -83 -10 -50.9768 -25.9352 25.1154
13819 -37.95 -73 -10 -50.9608 -24.9392 25.0902
13829 -37.938 -83 -10 -51.3671 -24.5089 25.0651
13839 -37.389 -78 -10 -50.5898 -24.1882 25.0401
13849 -37.472 -74 -10 -50.2855 -24.6585 25.015
13859 -37.72 -83 -10 -50.5473 -24.8927 24.99
13869 -37.525 -82 -10 -50.5886 -24.4614 24.965
13879 -37.134 -79 -10 -50.4265 -23.8415 24.9401
13889 -38.167 -77 -10 -50.7622 -25.5718 24.9151
13899 -38.134 -75 -10 -50.9739 -25.2941 24.8902
13909 -37.259 -78 -10 -50.4835 -24.0345 24.8653
13919 -38.044 -78 -10 -50.9929 -25.0951 24.8405
13929 -37.854 -96 -10 -50.9433 -24.7647 24.8156
13939 -37.159 -83 -10 -50.3339 -23.9841 24.7908
13949 -37.102 -83 -10 -50.4728 -23.7312 24.766
13959 -37.51 -76 -10 -50.4376 -24.5824 24.7412
13969 -37.455 -82 -10 -50.8032 -24.1068 24.7165
13979 -37.553 -82 -10 -50.9664 -24.1396 24.6918
13989 -37.405 -83 -10 -50.3363 -24.4737 24.6671
13999 -37.768 -82 -10 -50.5856 -24.9504 24.6424
14009 -37.518 -77 -10 -50.6913 -24.3447 24.6178
14019 -37.94 -89 -10 -50.9784 -24.9016 24.5932
14029 -37.623 -92 -10 -50.5445 -24.7015 24.5686
14039 -38.254 -83 -10 -50.9404 -25.5676 24.544
14049 -37.638 -73 -10 -50.7514 -24.5246 24.5195
14059 -38.087 -79 -10 -50.8633 -25.3107 24.4949
14069 -37.47 -79 -10 -50.4351 -24.5049 24.4704
14079 -37.4 -75 -10 -50.6182 -24.1818 24.446
14089 -37.578 -72 -10 -50.6894 -24.4666 24.4215
14099 -37.439 -83 -10 -50.3251 -24.5529 24.3971
14109 -37.607 -93 -10 -50.8439 -24.3701 24.3727
14119 -38.304 -78 -10 -50.4034 -26.2046 24.3483
14129 -38.197 -78 -10 -51.1989 -25.1951 24.324
14139 -37.585 -88 -10 -50.5655 -24.6045 24.2997
14149 -37.466 -77 -10 -50.5084 -24.4236 24.2754
14159 -37.896 -73 -10 -50.4289 -25.3631 24.2511
14169 -37.165 -73 -10 -50.0247 -24.3053 24.2268
14179 -37.398 -96 -10 -50.0905 -24.7055 24.2026
14189 -37.526 -83 -10 -50.2967 -24.7553 24.1784
14199 -37.842 -79 -10 -50.6376 -25.0464 24.1542
14209 -38.244 -79 -10 -51.1213 -25.3667 24.1301
14219 -37.773 -68 -10 -50.5111 -25.0349 24.106
14229 -38.116 -81 -10 -50.7223 -25.5097 24.0818
14239 -37.58 -78 -10 -50.3549 -24.8051 24.0578
14249 -37.323 -72 -10 -50.33 -24.316 24.0337
14259 -37.951 -83 -10 -50.8165 -25.0855 24.0097
14269 -37.377 -73 -10 -49.918 -24.836 23.9857
14279 -37.374 -84 -10 -50.0015 -24.7465 23.9617
14289 -37.486 -88 -10 -50.7528 -24.2192 23.9377
14299 -37.557 -98 -10 -50.5459 -24.5681 23.9138
14309 -37.534 -78 -10 -49.9674 -25.1006 23.8899
14319 -37.279 -79 -10 -50.1395 -24.4185 23.866
14329 -37.864 -70 -10 -50.2427 -25.4853 23.8421
14339 -37.41 -78 -10 -49.9606 -24.8594 23.8183
14349 -37.522 -82 -10 -50.483 -24.561 23.7944
14359 -37.882 -92 -10 -50.8833 -24.8807 23.7707
14369 -37.645 -84 -10 -50.6052 -24.6848 23.7469
14379 -37.177 -77 -10 -49.8812 -24.4728 23.7231
14389 -37.677 -79 -10 -50.7177 -24.6363 23.6994
14399 -37.548 -87 -10 -50.702 -24.394 23.6757
14409 -37.003 -84 -10 -49.9763 -24.0297 23.652
14419 -37.744 -77 -10 -50.1735 -25.3145 23.6284
14429 -37.585 -84 -10 -50.5531 -24.6169 23.6048
14439 -37.58 -72 -10 -50.6554 -24.5046 23.5812
14449 -37.906 -73 -10 -50.4577 -25.3543 23.5576
14459 -37.928 -87 -10 -50.6722 -25.1838 23.534
14469 -37.733 -79 -10 -50.7896 -24.6764 23.5105
14479 -37.379 -77 -10 -50.0813 -24.6767 23.487
14489 -37.507 -77 -10 -50.257 -24.757 23.4635
14499 -37.117 -68 -10 -50.0972 -24.1368 23.44
14509 -37.612 -82 -10 -50.4455 -24.7785 23.4166
14519 -37.554 -82 -10 -50.5114 -24.5966 23.3932
14529 -38.241 -88 -10 -51.1483 -25.3337 23.3698
14539 -38.141 -82 -10 -50.4254 -25.8566 23.3464
14549 -37.614 -76 -10 -50.323 -24.905 23.3231
14559 -37.739 -86 -10 -50.6694 -24.8086 23.2997
14569 -36.921 -74 -10 -50.1922 -23.6498 23.2764
14579 -37.04 -86 -10 -50.1841 -23.8959 23.2532
14589 -37.246 -83 -10 -50.7241 -23.7679 23.2299
14599 -37.159 -72 -10 -50.0109 -24.3071 23.2067
14609 -37.653 -71 -10 -50.5941 -24.7119 23.1835
14619 -37.397 -79 -10 -50.2354 -24.5586 23.1603
14629 -37.946 -79 -10 -50.2103 -25.6817 23.1371
14639 -37.189 -73 -10 -49.9043 -24.4737 23.114
14649 -36.942 -74 -10 -49.3357 -24.5483 23.0909
14659 -38.016 -82 -10 -50.3804 -25.6516 23.0678
14669 -37.412 -78 -10 -50.4423 -24.3817 23.0447
14679 -37.194 -82 -10 -50.2128 -24.1752 23.0217
14689 -37.321 -82 -10 -50.229 -24.413 22.9986
14699 -37.205 -81 -10 -49.7564 -24.6536 22.9756
14709 -37.227 -89 -10 -50.1311 -24.3229 22.9527
14719 -37.241 -73 -10 -49.5687 -24.9133 22.9297
14729 -36.695 -78 -10 -49.9216 -23.4684 22.9068
14739 -37.623 -80 -10 -50.6483 -24.5977 22.8839
14749 -36.861 -77 -10 -49.8556 -23.8664 22.861
14759 -37.089 -77 -10 -49.776 -24.402 22.8381
14769 -37.513 -68 -10 -49.9524 -25.0736 22.8153
14779 -37.518 -78 -10 -50.2582 -24.7778 22.7925
14789 -37.237 -74 -10 -50.0314 -24.4426 22.7697
14799 -37.839 -77 -10 -50.5987 -25.0793 22.7469
14809 -37.697 -83 -10 -50.623 -24.771 22.7242
14819 -38.004 -74 -10 -50.3524 -25.6556 22.7014
14829 -37.268 -68 -10 -50.0664 -24.4696 22.6787
14839 -37.53 -72 -10 -50.2766 -24.7834 22.6561
14849 -37.313 -75 -10 -49.8639 -24.7621 22.6334
14859 -37.864 -79 -10 -50.3581 -25.3699 22.6108
14869 -37.556 -68 -10 -50.3021 -24.8099 22.5882
14879 -37.499 -76 -10 -49.5613 -25.4367 22.5656
14889 -38.096 -77 -10 -50.2281 -25.9639 22.543
14899 -36.852 -78 -10 -50.2081 -23.4959 22.5205
14909 -36.847 -73 -10 -49.6071 -24.0869 22.4979
14919 -38.014 -83 -10 -50.744 -25.284 22.4755
14929 -37.296 -78 -10 -50.2498 -24.3422 22.453
14939 -37.338 -77 -10 -49.9835 -24.6925 22.4305
14949 -36.85 -79 -10 -49.6142 -24.0858 22.4081
14959 -37.218 -82 -10 -50.4452 -23.9908 22.3857
14969 -37.482 -68 -10 -49.8815 -25.0825 22.3633
14979 -37.387 -82 -10 -50.0689 -24.7051 22.3409
14989 -37.236 -76 -10 -50.3984 -24.0736 22.3186
14999 -36.679 -68 -10 -49.2671 -24.0909 22.2963
15009 -37.948 -81 -10 -50.346 -25.55 22.274
15019 -37.623 -77 -10 -50.0296 -25.2164 22.2517
15029 -37.069 -87 -10 -49.8586 -24.2794 22.2295
15039 -36.973 -77 -10 -49.5199 -24.4261 22.2072
15049 -37.67 -78 -10 -50.1789 -25.1611 22.185
15059 -38.184 -77 -10 -50.5335 -25.8345 22.1628
15069 -36.729 -82 -10 -49.7134 -23.7446 22.1407
15079 -37.083 -71 -10 -49.7796 -24.3864 22.1185
15089 -36.839 -93 -10 -50.3224 -23.3556 22.0964
15099 -37.268 -78 -10 -50.6776 -23.8584 22.0743
15109 -37.12 -72 -10 -49.9309 -24.3091 22.0522
15119 -37.413 -103 -10 -50.7048 -24.1212 22.0302
15129 -36.919 -82 -10 -50.298 -23.54 22.0082
15139 -37.054 -84 -10 -49.9811 -24.1269 21.9861
15149 -37.363 -74 -10 -49.947 -24.779 21.9642
15159 -37.079 -69 -10 -50.0897 -24.0683 21.9422
15169 -37.306 -66 -10 -49.8121 -24.7999 21.9203
15179 -36.683 -67 -10 -49.2993 -24.0667 21.8983
15189 -37.324 -82 -10 -50.0838 -24.5642 21.8764
15199 -36.996 -100 -10 -50.3239 -23.6681 21.8546
15209 -36.103 -72 -10 -49.2826 -22.9234 21.8327
15219 -37.44 -77 -10 -49.8756 -25.0044 21.8109
15229 -36.959 -68 -10 -49.6525 -24.2655 21.7891
15239 -37.517 -72 -10 -49.8911 -25.1429 21.7673
15249 -36.969 -77 -10 -49.8787 -24.0593 21.7455
15259 -37.241 -72 -10 -50.0207 -24.4613 21.7238
15269 -37.413 -73 -10 -50.0173 -24.8087 21.702
15279 -37.498 -83 -10 -50.5651 -24.4309 21.6803
15289 -37.26 -84 -10 -50.3149 -24.2051 21.6587
15299 -37.515 -74 -10 -49.6999 -25.3301 21.637
15309 -37.188 -77 -10 -50.0484 -24.3276 21.6154
15319 -36.934 -83 -10 -49.7569 -24.1111 21.5937
15329 -37.251 -73 -10 -49.9636 -24.5384 21.5722
15339 -36.933 -69 -10 -49.6256 -24.2404 21.5506
15349 -38.037 -78 -10 -50.1956 -25.8784 21.529
15359 -37.472 -74 -10 -49.5575 -25.3865 21.5075
15369 -36.692 -72 -10 -49.6041 -23.7799 21.486
15379 -37.24 -72 -10 -49.9904 -24.4896 21.4645
15389 -37.53 -92 -10 -49.6914 -25.3686 21.443
15399 -36.748 -67 -10 -49.4345 -24.0615 21.4216
15409 -37.542 -68 -10 -49.6223 -25.4617 21.4002
15419 -36.939 -73 -10 -49.753 -24.125 21.3788
15429 -37.579 -66 -10 -49.4344 -25.7236 21.3574
15439 -37.57 -88 -10 -50.5615 -24.5785 21.336
15449 -36.467 -77 -10 -49.2032 -23.7308 21.3147
15459 -37.547 -91 -10 -50.5666 -24.5274 21.2934
15469 -37.336 -77 -10 -50.5677 -24.1043 21.2721
15479 -36.655 -96 -10 -50.169 -23.141 21.2508
15489 -36.666 -77 -10 -49.3347 -23.9973 21.2296
15499 -37.387 -78 -10 -49.424 -25.35 21.2083
15509 -37.604 -72 -10 -50.4811 -24.7269 21.1871
15519 -36.861 -83 -10 -49.7338 -23.9882 21.1659
15529 -37.174 -73 -10 -50.0615 -24.2865 21.1448
15539 -36.926 -88 -10 -49.9294 -23.9226 21.1236
15549 -37.149 -82 -10 -49.9475 -24.3505 21.1025
15559 -37.874 -76 -10 -50.6915 -25.0565 21.0814
15569 -37.284 -77 -10 -49.7131 -24.8549 21.0603
15579 -37.324 -78 -10 -49.0683 -25.5797 21.0393
15589 -36.741 -82 -10 -49.4115 -24.0705 21.0182
15599 -37.432 -72 -10 -49.897 -24.967 20.9972
15609 -36.822 -71 -10 -49.8833 -23.7607 20.9762
15619 -37.59 -78 -10 -50.5629 -24.6171 20.9552
15629 -36.428 -76 -10 -49.3874 -23.4686 20.9343
15639 -36.842 -68 -10 -49.4611 -24.2229 20.9133
15649 -37.354 -79 -10 -49.8398 -24.8682 20.8924
15659 -37.79 -68 -10 -49.7994 -25.7806 20.8715
15669 -38.138 -79 -10 -50.3814 -25.8946 20.8507
15679 -37.348 -76 -10 -49.7831 -24.9129 20.8298
15689 -37.385 -88 -10 -50.2606 -24.5094 20.809
15699 -36.566 -76 -10 -49.3547 -23.7773 20.7882
15709 -36.178 -82 -10 -48.9718 -23.3842 20.7674
15719 -37.08 -108 -10 -49.6239 -24.5361 20.7466
15729 -37.152 -72 -10 -49.6392 -24.6648 20.7259
15739 -36.437 -77 -10 -49.2419 -23.6321 20.7052
15749 -38.123 -73 -10 -50.2974 -25.9486 20.6844
15759 -37.96 -87 -10 -50.1169 -25.8031 20.6638
15769 -37.093 -68 -10 -49.7019 -24.4841 20.6431
15779 -36.905 -66 -10 -49.3986 -24.4114 20.6225
15789 -36.81 -73 -10 -49.5392 -24.0808 20.6018
15799 -36.564 -72 -10 -49.5686 -23.5594 20.5812
15809 -36.911 -72 -10 -49.3667 -24.4553 20.5607
15819 -36.116 -71 -10 -49.2839 -22.9481 20.5401
15829 -36.96 -70 -10 -49.688 -24.232 20.5196
15839 -36.935 -88 -10 -49.3352 -24.5348 20.499
15849 -37.534 -78 -10 -50.0994 -24.9686 20.4785
15859 -37.581 -67 -10 -49.94 -25.222 20.4581
15869 -36.595 -77 -10 -49.5053 -23.6847 20.4376
15879 -37.227 -70 -10 -49.7003 -24.7537 20.4172
15889 -38.166 -73 -10 -50.4788 -25.8532 20.3967
15899 -37.366 -72 -10 -49.8716 -24.8604 20.3763
15909 -37.038 -77 -10 -49.6237 -24.4523 20.356
15919 -36.933 -73 -10 -49.3953 -24.4707 20.3356
15929 -36.912 -72 -10 -50.0306 -23.7934 20.3153
15939 -36.693 -73 -10 -49.6508 -23.7352 20.295
15949 -36.069 -82 -10 -49.0773 -23.0607 20.2747
15959 -36.548 -72 -10 -49.1413 -23.9547 20.2544
15969 -37.387 -76 -10 -49.883 -24.891 20.2341
15979 -37.168 -87 -10 -49.9557 -24.3803 20.2139
15989 -36.508 -68 -10 -49.3515 -23.6645 20.1937
15999 -37.316 -77 -10 -49.7951 -24.8369 20.1735
16009 -37.828 -67 -10 -49.8445 -25.8115 20.1533
16019 -37.152 -87 -10 -49.7718 -24.5322 20.1332
16029 -36.715 -73 -10 -49.3933 -24.0367 20.113
16039 -37.108 -72 -10 -49.8106 -24.4054 20.0929
16049 -37.364 -87 -10 -50.2997 -24.4283 20.0728
16059 -37.508 -73 -10 -49.8044 -25.2116 20.0528
16069 -37.125 -69 -10 -49.8747 -24.3753 20.0327
16079 -36.764 -78 -10 -49.3285 -24.1995 20.0127
16089 -36.628 -72 -10 -48.9723 -24.2837 19.9927
16099 -37.16 -68 -10 -49.5228 -24.7972 19.9727
16109 -36.586 -72 -10 -49.2162 -23.9558 19.9527
16119 -36.545 -71 -10 -49.3199 -23.7701 19.9327
16129 -36.725 -88 -10 -49.5705 -23.8795 19.9128
16139 -36.868 -73 -10 -49.3365 -24.3995 19.8929
16149 -37.175 -82 -10 -49.6257 -24.7243 19.873
16159 -36.746 -82 -10 -49.1798 -24.3122 19.8531
16169 -37.182 -72 -10 -49.8321 -24.5319 19.8333
16179 -36.543 -73 -10 -49.4489 -23.6371 19.8134
16189 -36.437 -77 -10 -49.2871 -23.5869 19.7936
16199 -36.199 -67 -10 -48.4602 -23.9378 19.7738
16209 -36.47 -68 -10 -49.3931 -23.5469 19.7541
16219 -36.469 -79 -10 -49.3925 -23.5455 19.7343
16229 -36.276 -77 -10 -48.9668 -23.5852 19.7146
16239 -36.533 -74 -10 -49.3347 -23.7313 19.6949
16249 -37.564 -77 -10 -49.8911 -25.2369 19.6752
16259 -37.556 -72 -10 -50.1802 -24.9318 19.6555
16269 -36.287 -77 -10 -48.881 -23.693 19.6358
16279 -36.751 -73 -10 -49.7928 -23.7092 19.6162
16289 -37.254 -73 -10 -49.7773 -24.7307 19.5966
16299 -37.233 -83 -10 -49.8064 -24.6596 19.577
16309 -37.097 -73 -10 -49.6795 -24.5145 19.5574
16319 -37.068 -77 -10 -49.5498 -24.5862 19.5379
16329 -37.083 -67 -10 -49.6882 -24.4778 19.5183
16339 -37.194 -68 -10 -49.505 -24.883 19.4988
16349 -37.1 -77 -10 -49.5194 -24.6806 19.4793
16359 -37.175 -88 -10 -49.6976 -24.6524 19.4598
16369 -36.926 -92 -10 -49.9419 -23.9101 19.4404
16379 -36.655 -73 -10 -49.4866 -23.8234 19.4209
16389 -37.568 -69 -10 -49.6589 -25.4771 19.4015
16399 -36.46 -77 -10 -49.3761 -23.5439 19.3821
16409 -37.344 -67 -10 -48.9176 -25.7704 19.3627
16419 -37.064 -73 -10 -49.4492 -24.6788 19.3433
16429 -36.748 -72 -10 -49.1737 -24.3223 19.324
16439 -36.904 -73 -10 -49.674 -24.134 19.3047
16449 -37.147 -68 -10 -49.6443 -24.6497 19.2854
16459 -37.301 -77 -10 -49.6157 -24.9863 19.2661
16469 -36.77 -74 -10 -49.7136 -23.8264 19.2468
16479 -37.291 -72 -10 -49.549 -25.033 19.2276
16489 -37 -77 -10 -49.5443 -24.4557 19.2084
16499 -37.24 -82 -10 -49.8116 -24.6684 19.1891
16509 -37.409 -72 -10 -49.9947 -24.8233 19.17
16519 -36.817 -67 -10 -49.084 -24.55 19.1508
16529 -37.386 -87 -10 -50.2114 -24.5606 19.1316
16539 -37.003 -68 -10 -49.5252 -24.4808 19.1125
16549 -36.851 -76 -10 -49.4468 -24.2552 19.0934
16559 -36.821 -76 -10 -49.1233 -24.5187 19.0743
16569 -36.812 -81 -10 -49.626 -23.998 19.0552
16579 -36.112 -83 -10 -49.0252 -23.1988 19.0362
16589 -36.96 -70 -10 -49.2673 -24.6527 19.0171
16599 -36.072 -72 -10 -48.6079 -23.5361 18.9981
16609 -36.707 -77 -10 -49.6611 -23.7529 18.9791
16619 -36.863 -68 -10 -48.912 -24.814 18.9601
16629 -37.01 -81 -10 -49.5101 -24.5099 18.9412
16639 -37.434 -69 -10 -49.3647 -25.5033 18.9222
16649 -36.163 -72 -10 -48.9589 -23.3671 18.9033
16659 -37.337 -72 -10 -49.8222 -24.8518 18.8844
16669 -35.932 -72 -10 -48.6757 -23.1883 18.8655
16679 -36.525 -69 -10 -49.4532 -23.5968 18.8467
16689 -36.458 -72 -10 -49.2263 -23.6897 18.8278
16699 -36.827 -72 -10 -49.4086 -24.2454 18.809
16709 -36.361 -78 -10 -48.7141 -24.0079 18.7902
16719 -37.008 -67 -10 -49.3939 -24.6221 18.7714
16729 -37.113 -77 -10 -49.6069 -24.6191 18.7526
16739 -36.779 -80 -10 -49.5161 -24.0419 18.7339
16749 -36.938 -67 -10 -49.3408 -24.5352 18.7151
16759 -36.499 -72 -10 -48.9499 -24.0481 18.6964
16769 -36.433 -82 -10 -49.3543 -23.5117 18.6777
16779 -36.094 -78 -10 -48.8225 -23.3655 18.659
16789 -36.45 -77 -10 -49.1018 -23.7982 18.6404
16799 -36.201 -68 -10 -49.1935 -23.2085 18.6217
16809 -36.223 -68 -10 -48.6273 -23.8187 18.6031
16819 -36.669 -68 -10 -49.3201 -24.0179 18.5845
16829 -36.04 -66 -10 -49.0201 -23.0599 18.5659
16839 -37.34 -67 -10 -49.709 -24.971 18.5474
16849 -37.382 -83 -10 -49.677 -25.087 18.5288
16859 -36.753 -72 -10 -49.2722 -24.2338 18.5103
16869 -36.309 -72 -10 -49.0251 -23.5929 18.4918
16879 -37.044 -71 -10 -49.3858 -24.7022 18.4733
16889 -37.158 -83 -10 -49.787 -24.529 18.4548
16899 -36.995 -78 -10 -49.8762 -24.1138 18.4364
16909 -36.624 -72 -10 -49.1095 -24.1385 18.4179
16919 -35.864 -73 -10 -48.8886 -22.8394 18.3995
16929 -36.856 -68 -10 -49.1257 -24.5863 18.3811
16939 -37.145 -80 -10 -49.2187 -25.0713 18.3627
16949 -35.7 -69 -10 -48.8238 -22.5762 18.3444
16959 -36.508 -73 -10 -49.2174 -23.7986 18.326
16969 -36.279 -68 -10 -49.0846 -23.4734 18.3077
16979 -35.529 -63 -10 -48.5502 -22.5078 18.2894
16989 -37.099 -74 -10 -49.3249 -24.8731 18.2711
16999 -37.448 -74 -10 -49.6047 -25.2913 18.2528
17009 -36.701 -65 -10 -49.2294 -24.1726 18.2346
17019 -37.542 -72 -10 -49.7359 -25.3481 18.2163
17029 -36.723 -82 -10 -49.4339 -24.0121 18.1981
17039 -36.814 -72 -10 -49.3318 -24.2962 18.1799
17049 -36.277 -73 -10 -49.1308 -23.4232 18.1617
17059 -36.91 -77 -10 -49.6435 -24.1765 18.1436
17069 -37.563 -72 -10 -49.4157 -25.7103 18.1254
17079 -36.584 -74 -10 -49.1662 -24.0018 18.1073
17089 -36.708 -77 -10 -49.0927 -24.3233 18.0892
17099 -35.794 -67 -10 -48.7692 -22.8188 18.0711
17109 -36.833 -82 -10 -49.4808 -24.1852 18.053
17119 -37.151 -71 -10 -49.6682 -24.6338 18.035
17129 -37.194 -67 -10 -49.3025 -25.0855 18.017
17139 -35.976 -77 -10 -49.0489 -22.9031 17.9989
17149 -36.752 -68 -10 -49.3808 -24.1232 17.9809
17159 -36.946 -77 -10 -49.5092 -24.3828 17.963
17169 -37.154 -82 -10 -49.5727 -24.7353 17.945
17179 -36.499 -88 -10 -49.2813 -23.7167 17.927
17189 -36.593 -63 -10 -48.9074 -24.2786 17.9091
17199 -36.794 -82 -10 -49.6224 -23.9656 17.8912
17209 -36.299 -72 -10 -48.7782 -23.8198 17.8733
17219 -36.285 -83 -10 -48.9813 -23.5887 17.8554
17229 -36.197 -63 -10 -48.559 -23.835 17.8376
17239 -36.517 -77 -10 -49.1764 -23.8576 17.8198
17249 -36.387 -67 -10 -48.9327 -23.8413 17.8019
17259 -36.378 -78 -10 -49.1695 -23.5865 17.7841
17269 -36.487 -64 -10 -49.2714 -23.7026 17.7663
17279 -36.339 -77 -10 -49.188 -23.49 17.7486
17289 -35.917 -67 -10 -48.4116 -23.4224 17.7308
17299 -36.651 -72 -10 -49.117 -24.185 17.7131
17309 -36.883 -74 -10 -49.2072 -24.5588 17.6954
17319 -36.171 -68 -10 -49.0076 -23.3344 17.6777
17329 -37.355 -72 -10 -49.2688 -25.4412 17.66
17339 -37.131 -69 -10 -49.1089 -25.1531 17.6424
17349 -37.076 -77 -10 -49.6013 -24.5507 17.6247
17359 -37.404 -63 -10 -49.6287 -25.1793 17.6071
17369 -36.488 -73 -10 -48.8411 -24.1349 17.5895
17379 -36.944 -72 -10 -49.4419 -24.4461 17.5719
17389 -36.539 -77 -10 -48.6865 -24.3915 17.5543
17399 -35.63 -77 -10 -48.5302 -22.7298 17.5368
17409 -37.1 -67 -10 -49.2499 -24.9501 17.5192
17419 -35.805 -67 -10 -48.6147 -22.9953 17.5017
17429 -36.383 -72 -10 -48.8903 -23.8757 17.4842
17439 -36.677 -67 -10 -49.0296 -24.3244 17.4667
17449 -36.358 -70 -10 -48.7626 -23.9534 17.4493
17459 -37.178 -82 -10 -49.4344 -24.9216 17.4318
17469 -36.535 -73 -10 -49.0055 -24.0645 17.4144
17479 -36.325 -72 -10 -49.2762 -23.3738 17.397
17489 -36.372 -91 -10 -49.3019 -23.4421 17.3796
17499 -36.222 -67 -10 -48.7669 -23.6771 17.3622
17509 -37.02 -72 -10 -49.1407 -24.8993 17.3448
17519 -36.536 -69 -10 -48.6625 -24.4095 17.3275
17529 -36.494 -73 -10 -48.9232 -24.0648 17.3102
17539 -36.968 -72 -10 -48.958 -24.978 17.2928
17549 -37.058 -72 -10 -49.5904 -24.5256 17.2755
17559 -37.105 -80 -10 -49.1288 -25.0812 17.2583
17569 -36.749 -72 -10 -49.5883 -23.9097 17.241
17579 -37.228 -76 -10 -49.4048 -25.0512 17.2238
17589 -36.538 -68 -10 -48.9792 -24.0968 17.2065
17599 -36.716 -63 -10 -49.1666 -24.2654 17.1893
17609 -37.11 -72 -10 -49.5903 -24.6297 17.1722
17619 -36.54 -63 -10 -49.0148 -24.0652 17.155
17629 -36.419 -75 -10 -49.1665 -23.6715 17.1378
17639 -36.657 -71 -10 -49.7286 -23.5854 17.1207
17649 -37.057 -68 -10 -49.5651 -24.5489 17.1036
17659 -36.595 -77 -10 -49.2168 -23.9732 17.0865
17669 -37.034 -66 -10 -48.9357 -25.1323 17.0694
17679 -36.563 -68 -10 -49.0424 -24.0836 17.0523
17689 -36.529 -82 -10 -49.2023 -23.8557 17.0353
17699 -36.422 -66 -10 -49.003 -23.841 17.0182
17709 -36.289 -77 -10 -49.2856 -23.2924 17.0012
17719 -35.777 -63 -10 -48.4657 -23.0883 16.9842
17729 -36.795 -73 -10 -49.1355 -24.4545 16.9672
17739 -35.907 -77 -10 -48.4376 -23.3764 16.9503
17749 -36.017 -63 -10 -48.3305 -23.7035 16.9333
17759 -37.34 -68 -10 -49.5007 -25.1793 16.9164
17769 -36.173 -67 -10 -48.9371 -23.4089 16.8995
17779 -35.894 -72 -10 -48.8179 -22.9701 16.8826
17789 -36.616 -67 -10 -48.8862 -24.3458 16.8657
17799 -36.622 -67 -10 -48.7996 -24.4444 16.8488
17809 -36.687 -73 -10 -49.0941 -24.2799 16.832
17819 -36.305 -77 -10 -48.8486 -23.7614 16.8151
17829 -36.213 -67 -10 -48.8188 -23.6072 16.7983
17839 -36.795 -68 -10 -48.9514 -24.6386 16.7815
17849 -37.088 -68 -10 -49.4573 -24.7187 16.7647
17859 -36.422 -73 -10 -49.2179 -23.6261 16.748
17869 -35.864 -64 -10 -48.5513 -23.1767 16.7312
17879 -36.662 -72 -10 -48.8165 -24.5075 16.7145
17889 -36.218 -75 -10 -49.0346 -23.4014 16.6978
17899 -36.825 -67 -10 -48.8274 -24.8226 16.6811
17909 -36.324 -67 -10 -49.0501 -23.5979 16.6644
17919 -37.05 -74 -10 -49.7359 -24.3641 16.6477
17929 -35.896 -67 -10 -48.4565 -23.3355 16.6311
17939 -37.003 -76 -10 -49.3837 -24.6223 16.6144
17949 -36.01 -68 -10 -48.6904 -23.3296 16.5978
17959 -35.59 -67 -10 -48.7184 -22.4616 16.5812
17969 -36.45 -73 -10 -48.9245 -23.9755 16.5647
17979 -36.16 -71 -10 -48.9753 -23.3447 16.5481
17989 -35.856 -72 -10 -48.8053 -22.9067 16.5315
17999 -35.97 -72 -10 -48.5913 -23.3487 16.515
18009 -36.731 -64 -10 -49.136 -24.326 16.4985
18019 -36.223 -77 -10 -48.7593 -23.6867 16.482
18029 -35.989 -62 -10 -48.4954 -23.4826 16.4655
18039 -36.812 -68 -10 -49.0882 -24.5358 16.449
18049 -36.576 -71 -10 -48.7912 -24.3608 16.4326
18059 -36.483 -71 -10 -48.8918 -24.0742 16.4162
18069 -36.444 -63 -10 -48.4913 -24.3967 16.3997
18079 -36.824 -69 -10 -49.0596 -24.5884 16.3834
18089 -36.348 -73 -10 -48.9986 -23.6974 16.367
18099 -35.73 -71 -10 -48.4802 -22.9798 16.3506
18109 -36.385 -66 -10 -48.7434 -24.0266 16.3342
18119 -35.947 -63 -10 -48.0718 -23.8222 16.3179
18129 -36.791 -72 -10 -49.4646 -24.1174 16.3016
18139 -36.115 -71 -10 -48.8378 -23.3922 16.2853
18149 -37.137 -72 -10 -49.3818 -24.8922 16.269
18159 -36.476 -73 -10 -48.9232 -24.0288 16.2527
18169 -35.914 -64 -10 -48.28 -23.548 16.2365
18179 -36.196 -63 -10 -48.2579 -24.1341 16.2203
18189 -35.702 -82 -10 -48.5602 -22.8438 16.204
18199 -36.911 -62 -10 -48.7686 -25.0534 16.1878
18209 -36.813 -71 -10 -49.4501 -24.1759 16.1716
18219 -36.8 -64 -10 -49.1921 -24.4079 16.1555
18229 -36.538 -67 -10 -48.8849 -24.1911 16.1393
18239 -36.756 -73 -10 -49.0728 -24.4392 16.1232
18249 -35.825 -68 -10 -48.6117 -23.0383 16.1071
18259 -36.002 -72 -10 -48.8144 -23.1896 16.0909
18269 -37.062 -68 -10 -49.4442 -24.6798 16.0749
18279 -36.15 -63 -10 -48.7239 -23.5761 16.0588
18289 -37.232 -76 -10 -49.6968 -24.7672 16.0427
18299 -36.84 -69 -10 -48.9334 -24.7466 16.0267
18309 -36.674 -72 -10 -49.1544 -24.1936 16.0106
18319 -36.611 -66 -10 -49.0381 -24.1839 15.9946
18329 -36.099 -72 -10 -48.7081 -23.4899 15.9786
18339 -36.153 -62 -10 -48.8209 -23.4851 15.9627
18349 -36.336 -63 -10 -48.5348 -24.1372 15.9467
18359 -36.235 -63 -10 -48.7446 -23.7254 15.9308
18369 -36.54 -63 -10 -48.7603 -24.3197 15.9148
18379 -35.734 -71 -10 -48.1004 -23.3676 15.8989
18389 -36.105 -67 -10 -48.2702 -23.9398 15.883
18399 -36.255 -78 -10 -48.6571 -23.8529 15.8671
18409 -35.336 -73 -10 -48.2099 -22.4621 15.8513
18419 -36.079 -67 -10 -48.6809 -23.4771 15.8354
18429 -36.142 -72 -10 -48.5703 -23.7137 15.8196
18439 -35.842 -68 -10 -48.1387 -23.5453 15.8038
18449 -36.442 -63 -10 -48.9353 -23.9487 15.788
18459 -35.909 -63 -10 -48.4661 -23.3519 15.7722
18469 -35.808 -68 -10 -48.2574 -23.3586 15.7564
18479 -36.021 -73 -10 -49.0349 -23.0071 15.7406
18489 -36.055 -73 -10 -48.6268 -23.4832 15.7249
18499 -36.868 -67 -10 -48.9829 -24.7531 15.7092
18509 -36.432 -69 -10 -49.0932 -23.7708 15.6935
18519 -35.892 -86 -10 -48.6275 -23.1565 15.6778
18529 -36.447 -67 -10 -49.2717 -23.6223 15.6621
18539 -36.697 -68 -10 -49.0743 -24.3197 15.6464
18549 -35.675 -62 -10 -48.3337 -23.0163 15.6308
18559 -35.259 -83 -10 -48.1552 -22.3628 15.6151
18569 -37.024 -73 -10 -49.2922 -24.7558 15.5995
18579 -36.503 -64 -10 -49.0175 -23.9885 15.5839
18589 -36.083 -71 -10 -48.6153 -23.5507 15.5684
18599 -36.648 -68 -10 -48.9923 -24.3037 15.5528
18609 -35.979 -69 -10 -48.6393 -23.3187 15.5372
18619 -36.286 -68 -10 -48.4985 -24.0735 15.5217
18629 -36.644 -72 -10 -48.5134 -24.7746 15.5062
18639 -36.549 -72 -10 -49.0778 -24.0202 15.4907
18649 -35.964 -78 -10 -48.8492 -23.0788 15.4752
18659 -37.126 -112 -10 -49.6126 -24.6394 15.4597
18669 -36.362 -72 -10 -48.8529 -23.8711 15.4442
18679 -36.301 -67 -10 -48.4123 -24.1897 15.4288
18689 -36.132 -65 -10 -48.5292 -23.7348 15.4134
18699 -35.642 -78 -10 -48.5772 -22.7068 15.398
18709 -36.011 -63 -10 -48.0351 -23.9869 15.3826
18719 -36.05 -67 -10 -48.8902 -23.2098 15.3672
18729 -36.173 -67 -10 -48.5856 -23.7604 15.3518
18739 -35.984 -73 -10 -48.5815 -23.3865 15.3365
18749 -36.468 -72 -10 -48.7556 -24.1804 15.3211
18759 -36.444 -67 -10 -49.0806 -23.8074 15.3058
18769 -36.858 -63 -10 -48.871 -24.845 15.2905
18779 -36.488 -67 -10 -49.0431 -23.9329 15.2752
18789 -35.901 -82 -10 -49.1007 -22.7013 15.2599
18799 -36.248 -67 -10 -48.459 -24.037 15.2447
18809 -36.601 -68 -10 -48.7074 -24.4946 15.2294
18819 -35.872 -82 -10 -48.8677 -22.8763 15.2142
18829 -36.653 -67 -10 -48.914 -24.392 15.199
18839 -36.869 -62 -10 -49.0447 -24.6933 15.1838
18849 -36.224 -77 -10 -48.7533 -23.6947 15.1686
18859 -36.244 -64 -10 -48.5502 -23.9378 15.1534
18869 -35.948 -67 -10 -48.5537 -23.3423 15.1383
18879 -35.005 -67 -10 -47.7594 -22.2506 15.1231
18889 -36.902 -74 -10 -49.1069 -24.6971 15.108
18899 -36.876 -66 -10 -48.8426 -24.9094 15.0929
18909 -36.749 -67 -10 -48.8841 -24.6139 15.0778
18919 -36.649 -68 -10 -49.3136 -23.9844 15.0627
18929 -36.596 -77 -10 -49.0307 -24.1613 15.0477
18939 -36.679 -70 -10 -48.6975 -24.6605 15.0326
18949 -35.85 -73 -10 -48.256 -23.444 15.0176
18959 -35.614 -67 -10 -48.4886 -22.7394 15.0026
18969 -35.777 -67 -10 -48.1329 -23.4211 14.9876
18979 -36.946 -72 -10 -49.1664 -24.7256 14.9726
18989 -36.166 -62 -10 -48.4692 -23.8628 14.9576
18999 -36.116 -67 -10 -48.8426 -23.3894 14.9427
19009 -36.866 -68 -10 -48.833 -24.899 14.9277
19019 -35.518 -64 -10 -48.501 -22.535 14.9128
19029 -36.381 -64 -10 -48.7988 -23.9632 14.8979
19039 -36.057 -72 -10 -48.6978 -23.4162 14.883
19049 -36.435 -66 -10 -48.5211 -24.3489 14.8681
19059 -36.329 -67 -10 -48.4702 -24.1878 14.8532
19069 -36.546 -68 -10 -48.7096 -24.3824 14.8384
19079 -36.531 -67 -10 -48.825 -24.237 14.8235
19089 -36.431 -67 -10 -48.4948 -24.3672 14.8087
19099 -36.455 -73 -10 -48.627 -24.283 14.7939
19109 -35.708 -64 -10 -48.4554 -22.9606 14.7791
19119 -36.059 -62 -10 -48.3238 -23.7942 14.7643
19129 -35.649 -63 -10 -48.2723 -23.0257 14.7496
19139 -36.168 -68 -10 -48.4893 -23.8467 14.7348
19149 -36.41 -71 -10 -48.6815 -24.1385 14.7201
19159 -36.404 -73 -10 -49.0142 -23.7938 14.7054
19169 -36.248 -68 -10 -49.039 -23.457 14.6906
19179 -36.319 -67 -10 -48.6622 -23.9758 14.676
19189 -35.846 -67 -10 -48.6974 -22.9946 14.6613
19199 -36.4 -62 -10 -48.3189 -24.4811 14.6466
19209 -36.149 -68 -10 -48.9489 -23.3491 14.632
19219 -36.653 -62 -10 -48.6451 -24.6609 14.6173
19229 -36.332 -69 -10 -48.8273 -23.8367 14.6027
19239 -36.441 -72 -10 -48.5067 -24.3753 14.5881
19249 -35.199 -78 -10 -48.177 -22.221 14.5735
19259 -35.617 -66 -10 -47.9891 -23.2449 14.559
19269 -36.736 -67 -10 -48.8969 -24.5751 14.5444
19279 -36.399 -72 -10 -48.4745 -24.3235 14.5299
19289 -36.189 -67 -10 -48.6342 -23.7438 14.5153
19299 -36.485 -72 -10 -48.7396 -24.2304 14.5008
19309 -36.243 -62 -10 -48.4036 -24.0824 14.4863
19319 -36.316 -68 -10 -48.4604 -24.1716 14.4718
19329 -35.892 -66 -10 -48.7811 -23.0029 14.4574
19339 -36.468 -63 -10 -48.9798 -23.9562 14.4429
19349 -35.731 -67 -10 -48.4177 -23.0443 14.4285
19359 -36.095 -67 -10 -48.2152 -23.9748 14.414
19369 -36.059 -65 -10 -48.6947 -23.4233 14.3996
19379 -36.068 -66 -10 -48.401 -23.735 14.3852
19389 -35.991 -58 -10 -48.259 -23.723 14.3708
19399 -35.754 -63 -10 -48.4538 -23.0542 14.3565
19409 -35.256 -67 -10 -48.3039 -22.2081 14.3421
19419 -36.543 -66 -10 -48.7273 -24.3587 14.3278
19429 -36.097 -68 -10 -48.4146 -23.7794 14.3134
19439 -35.717 -67 -10 -48.4459 -22.9881 14.2991
19449 -36.403 -68 -10 -48.7712 -24.0348 14.2848
19459 -35.898 -67 -10 -48.6702 -23.1258 14.2705
19469 -36.702 -68 -10 -48.6432 -24.7608 14.2563
19479 -36.309 -67 -10 -49.0659 -23.5521 14.242
19489 -35.941 -73 -10 -48.3833 -23.4987 14.2278
19499 -36.434 -72 -10 -48.724 -24.144 14.2135
19509 -36.489 -63 -10 -48.6941 -24.2839 14.1993
19519 -36.234 -67 -10 -48.455 -24.013 14.1851
19529 -36.55 -69 -10 -49.2443 -23.8557 14.1709
19539 -36.334 -68 -10 -48.5716 -24.0964 14.1568
19549 -36.429 -67 -10 -48.9326 -23.9254 14.1426
19559 -35.984 -82 -10 -48.6083 -23.3597 14.1285
19569 -36.429 -72 -10 -48.456 -24.402 14.1143
19579 -36.174 -67 -10 -48.2957 -24.0523 14.1002
19589 -36.965 -67 -10 -48.5412 -25.3888 14.0861
19599 -36.054 -63 -10 -48.663 -23.445 14.072
19609 -36.264 -73 -10 -48.6434 -23.8846 14.058
19619 -35.79 -63 -10 -48.4187 -23.1613 14.0439
19629 -36.252 -67 -10 -48.7614 -23.7426 14.0299
19639 -35.914 -61 -10 -48.2646 -23.5634 14.0158
19649 -36.817 -75 -10 -48.8372 -24.7968 14.0018
19659 -35.82 -82 -10 -48.699 -22.941 13.9878
19669 -35.641 -69 -10 -48.1112 -23.1708 13.9738
19679 -35.888 -74 -10 -48.3517 -23.4243 13.9599
19689 -36.274 -67 -10 -48.5401 -24.0079 13.9459
19699 -36.132 -62 -10 -48.4974 -23.7666 13.9319
19709 -36.267 -68 -10 -48.4851 -24.0489 13.918
19719 -35.704 -62 -10 -48.0019 -23.4061 13.9041
19729 -35.764 -64 -10 -48.454 -23.074 13.8902
19739 -35.674 -67 -10 -48.2208 -23.1272 13.8763
19749 -36.689 -68 -10 -48.5688 -24.8092 13.8624
19759 -36.222 -69 -10 -48.2738 -24.1702 13.8486
19769 -35.959 -67 -10 -48.1222 -23.7958 13.8347
19779 -35.643 -68 -10 -48.3925 -22.8935 13.8209
19789 -35.705 -67 -10 -48.1129 -23.2971 13.8071
19799 -35.945 -68 -10 -48.4124 -23.4776 13.7933
19809 -36.082 -76 -10 -48.3158 -23.8482 13.7795
19819 -34.914 -64 -10 -47.9701 -21.8579 13.7657
19829 -36.481 -62 -10 -48.2073 -24.7547 13.7519
19839 -35.405 -62 -10 -48.1283 -22.6817 13.7382
19849 -36.42 -73 -10 -48.9761 -23.8639 13.7244
19859 -36.078 -62 -10 -48.4809 -23.6751 13.7107
19869 -36.853 -73 -10 -48.8314 -24.8746 13.697
19879 -35.752 -67 -10 -48.1761 -23.3279 13.6833
19889 -36.4 -67 -10 -48.4053 -24.3947 13.6696
19899 -35.698 -64 -10 -48.0069 -23.3891 13.6559
19909 -36.768 -72 -10 -48.88 -24.656 13.6423
19919 -35.878 -63 -10 -48.3619 -23.3941 13.6286
19929 -36.198 -67 -10 -48.3034 -24.0926 13.615
19939 -36.302 -67 -10 -48.4003 -24.2037 13.6014
19949 -35.854 -62 -10 -48.6794 -23.0286 13.5878
19959 -36.273 -63 -10 -48.4286 -24.1174 13.5742
19969 -36.257 -63 -10 -48.5956 -23.9184 13.5606
19979 -35.966 -72 -10 -48.4264 -23.5056 13.5471
19989 -35.911 -63 -10 -48.0403 -23.7817 13.5335
19999 -36.242 -72 -10 -48.7089 -23.7751 13.52
