0 -124.115 -376 -24 -182.839 -65.391 100
9 -126.839 -440 -21 -187.689 -65.989 99.9
19 -122.709 -401 -27 -180.177 -65.2406 99.8001
29 -122.337 -341 -25 -179.411 -65.2631 99.7003
39 -121.392 -335 -18 -178.329 -64.4549 99.6006
49 -123.779 -414 -26 -182.71 -64.848 99.501
59 -125.222 -376 -22 -184.415 -66.0285 99.4015
69 -124.445 -359 -20 -181.328 -67.5619 99.3021
79 -124.995 -369 -26 -183.666 -66.3237 99.2028
89 -126.422 -373 -20 -187.085 -65.7591 99.1036
99 -121.94 -361 -19 -179.536 -64.3444 99.0045
109 -119.161 -408 -23 -174.648 -63.6739 98.9055
119 -120.304 -366 -24 -178.272 -62.3358 98.8066
129 -120.685 -333 -29 -177.017 -64.3527 98.7078
139 -122.591 -358 -30 -179.517 -65.665 98.6091
149 -119.517 -422 -18 -178.099 -60.9346 98.5105
159 -119.83 -428 -26 -177.522 -62.1382 98.4119
169 -121.482 -365 -19 -179.507 -63.4567 98.3135
179 -118.73 -371 -24 -174.821 -62.6386 98.2152
189 -120.897 -388 -20 -179.774 -62.0205 98.117
199 -118.082 -375 -24 -172.211 -63.9531 98.0189
209 -118.997 -314 -26 -174.087 -63.9071 97.9209
219 -117.419 -397 -21 -170.535 -64.303 97.8229
229 -117.578 -359 -22 -173.002 -62.1542 97.7251
239 -118.842 -374 -25 -172.739 -64.945 97.6274
249 -116.921 -424 -28 -171.279 -62.5634 97.5298
259 -117.831 -368 -15 -172.993 -62.6691 97.4322
269 -118.944 -435 -27 -174.695 -63.1931 97.3348
279 -117.456 -475 -27 -172.712 -62.1998 97.2375
289 -116.607 -386 -16 -169.333 -63.8806 97.1402
299 -115.007 -386 -22 -167.959 -62.0549 97.0431
309 -113.638 -320 -14 -165.958 -61.3178 96.9461
319 -115.489 -353 -20 -168.443 -62.5349 96.8491
329 -114.212 -405 -23 -167.203 -61.2206 96.7523
339 -112.431 -349 -17 -164.879 -59.9831 96.6555
349 -114.076 -375 -18 -167.608 -60.5439 96.5589
359 -112.397 -374 -20 -165.568 -59.2255 96.4623
369 -115.731 -357 -29 -167.596 -63.8661 96.3658
379 -115.165 -334 -26 -167.891 -62.439 96.2695
389 -115.883 -406 -26 -168.534 -63.2325 96.1732
399 -114.169 -362 -20 -164.672 -63.6664 96.077
409 -111.477 -359 -19 -164.643 -58.3115 95.9809
419 -110.699 -360 -26 -162.046 -59.352 95.885
429 -110.894 -317 -23 -160.893 -60.8952 95.7891
439 -113.378 -311 -17 -164.519 -62.2373 95.6933
449 -111.04 -325 -18 -163.993 -58.0868 95.5976
459 -111.834 -338 -17 -164.584 -59.0843 95.502
469 -110.326 -366 -22 -162.096 -58.5563 95.4065
479 -112.604 -381 -28 -164.429 -60.7789 95.3111
489 -110.021 -296 -23 -161.207 -58.8351 95.2158
499 -111.479 -345 -23 -163.164 -59.7939 95.1206
509 -108.338 -332 -17 -156.746 -59.9297 95.0254
519 -110.391 -389 -18 -163.325 -57.4574 94.9304
529 -112.078 -393 -19 -164.258 -59.8977 94.8355
539 -107.16 -352 -22 -154.57 -59.7502 94.7407
549 -104.603 -288 -18 -148.916 -60.2904 94.6459
559 -107.911 -316 -22 -156.546 -59.2757 94.5513
569 -109.168 -317 -22 -157.316 -61.0204 94.4567
579 -107.545 -438 -23 -158.202 -56.8878 94.3623
589 -109.125 -347 -20 -158.502 -59.7479 94.2679
599 -108.16 -391 -24 -159.93 -56.3901 94.1736
609 -107.311 -345 -18 -156.454 -58.1675 94.0795
619 -106.175 -319 -17 -154.233 -58.1169 93.9854
629 -108.337 -382 -25 -158.403 -58.2707 93.8914
639 -105.749 -347 -21 -154.615 -56.8834 93.7975
649 -101.813 -325 -17 -148.074 -55.5518 93.7037
659 -106.787 -326 -26 -154.681 -58.8927 93.61
669 -104.446 -329 -22 -150.575 -58.3167 93.5164
679 -105.346 -299 -19 -151.672 -59.0201 93.4229
689 -105.535 -410 -23 -154.335 -56.7351 93.3294
699 -108.224 -382 -18 -157.209 -59.2386 93.2361
709 -108.356 -300 -26 -156.689 -60.0235 93.1429
719 -105.539 -370 -31 -154.156 -56.9217 93.0497
729 -103.105 -321 -15 -149.676 -56.5342 92.9567
739 -105.502 -312 -24 -153.491 -57.5128 92.8637
749 -103.754 -300 -20 -150.356 -57.1519 92.7709
759 -102.31 -338 -22 -147.044 -57.5762 92.6781
769 -101.447 -283 -20 -146.794 -56.1 92.5854
779 -104.864 -430 -18 -153.41 -56.3177 92.4928
789 -104.397 -348 -17 -151.865 -56.9294 92.4003
799 -103.656 -337 -17 -151.865 -55.447 92.3079
809 -101.325 -268 -16 -146.531 -56.1189 92.2156
819 -104.166 -281 -21 -150.214 -58.1177 92.1234
829 -103.307 -326 -25 -149.128 -57.4856 92.0313
839 -102.685 -275 -19 -149.379 -55.9908 91.9393
849 -100.112 -308 -19 -145.62 -54.6036 91.8473
859 -101.023 -359 -26 -146.626 -55.42 91.7555
869 -99.441 -276 -20 -142.953 -55.9291 91.6637
879 -101.575 -401 -18 -147.137 -56.0129 91.5721
889 -102.531 -354 -17 -149.333 -55.7293 91.4805
899 -100.416 -348 -28 -144.995 -55.8367 91.389
909 -102.725 -383 -21 -149.643 -55.8075 91.2976
919 -100.25 -359 -24 -144.625 -55.8753 91.2063
929 -101.503 -402 -27 -147.252 -55.7538 91.1151
939 -100.178 -301 -26 -143.901 -56.4553 91.024
949 -100.66 -298 -20 -146.693 -54.6269 90.933
959 -97.791 -306 -22 -141.437 -54.1454 90.842
969 -98.953 -361 -24 -143.996 -53.9096 90.7512
979 -99.728 -407 -20 -145.908 -53.5483 90.6604
989 -96.777 -288 -19 -140.361 -53.1929 90.5698
999 -97.644 -299 -21 -141.147 -54.1414 90.4792
1009 -98.251 -290 -24 -140.316 -56.1861 90.3887
1019 -97.542 -295 -16 -140.278 -54.806 90.2983
1029 -100.031 -359 -21 -145.767 -54.2946 90.208
1039 -98.106 -346 -17 -141.195 -55.0172 90.1178
1049 -96.355 -303 -25 -138.472 -54.2381 90.0277
1059 -96.297 -323 -18 -136.476 -56.1182 89.9377
1069 -97.496 -316 -20 -141.216 -53.7758 89.8478
1079 -98.955 -317 -17 -141.99 -55.9198 89.7579
1089 -97.278 -302 -26 -140.812 -53.7441 89.6682
1099 -95.279 -325 -22 -136.195 -54.3633 89.5785
1109 -96.868 -294 -16 -140.419 -53.317 89.4889
1119 -98.262 -318 -29 -141.413 -55.1112 89.3994
1129 -98.447 -334 -24 -141.53 -55.3644 89.31
1139 -98.443 -284 -16 -141.072 -55.8145 89.2207
1149 -98.221 -287 -18 -141.896 -54.5461 89.1315
1159 -100.392 -350 -21 -143.117 -57.6673 89.0424
1169 -95.621 -338 -20 -135.901 -55.341 88.9533
1179 -96.007 -275 -26 -136.912 -55.102 88.8644
1189 -94.878 -269 -21 -136.362 -53.3942 88.7755
1199 -93.805 -296 -19 -134.082 -53.5281 88.6867
1209 -94.762 -290 -24 -135.175 -54.3486 88.598
1219 -95.015 -309 -16 -138.417 -51.6133 88.5094
1229 -96.012 -341 -32 -139.218 -52.8055 88.4209
1239 -95.285 -295 -21 -136.589 -53.9812 88.3325
1249 -96.009 -356 -21 -138.287 -53.7307 88.2442
1259 -93.504 -293 -29 -134.949 -52.0588 88.1559
1269 -96.022 -412 -26 -138.415 -53.6287 88.0678
1279 -92.52 -266 -18 -132.724 -52.3163 87.9797
1289 -92.062 -332 -20 -131.782 -52.342 87.8917
1299 -92.313 -276 -18 -132.286 -52.3403 87.8038
1309 -93.151 -312 -25 -135.215 -51.0867 87.716
1319 -93.22 -342 -17 -135.32 -51.1195 87.6283
1329 -93.242 -288 -27 -132.081 -54.4034 87.5407
1339 -94.116 -354 -29 -135.511 -52.7211 87.4531
1349 -93.337 -303 -20 -132.87 -53.8036 87.3657
1359 -91.283 -284 -31 -129.091 -53.4746 87.2783
1369 -94.637 -331 -24 -135.31 -53.964 87.191
1379 -91.644 -263 -26 -130.33 -52.9575 87.1039
1389 -90.72 -272 -24 -127.536 -53.904 87.0168
1399 -93.599 -314 -20 -133.814 -53.3839 86.9297
1409 -91.25 -232 -24 -129.622 -52.8785 86.8428
1419 -92.112 -310 -17 -132.118 -52.1057 86.756
1429 -93.161 -307 -26 -133.977 -52.3453 86.6692
1439 -88.622 -282 -22 -124.63 -52.6143 86.5825
1449 -91.3 -270 -23 -129.19 -53.4099 86.496
1459 -89.465 -298 -24 -128.383 -50.547 86.4095
1469 -90.719 -288 -14 -129.783 -51.6549 86.323
1479 -91.141 -265 -27 -128.059 -54.2231 86.2367
1489 -91.047 -294 -20 -129.124 -52.9697 86.1505
1499 -89.553 -279 -23 -127.135 -51.9706 86.0643
1509 -90.938 -285 -19 -128.338 -53.5384 85.9783
1519 -87.872 -271 -16 -123.919 -51.825 85.8923
1529 -89.288 -257 -23 -126.576 -51.9996 85.8064
1539 -88.55 -300 -22 -127.323 -49.7766 85.7206
1549 -89.966 -235 -24 -125.65 -54.2816 85.6349
1559 -88.538 -254 -19 -123.604 -53.4719 85.5492
1569 -88.863 -315 -23 -126.204 -51.5224 85.4637
1579 -90.109 -285 -21 -128.988 -51.2302 85.3782
1589 -88.533 -304 -21 -126.61 -50.4561 85.2929
1599 -90.057 -295 -18 -127.077 -53.0369 85.2076
1609 -89.895 -281 -22 -126.411 -53.3794 85.1223
1619 -89.451 -270 -21 -125.927 -52.9748 85.0372
1629 -87.991 -240 -20 -123.652 -52.3301 84.9522
1639 -87.84 -296 -29 -125.221 -50.459 84.8672
1649 -86.839 -241 -16 -121.569 -52.1087 84.7824
1659 -87.333 -279 -27 -123.829 -50.8367 84.6976
1669 -87.697 -256 -19 -124.173 -51.2211 84.6129
1679 -89.709 -300 -17 -127.311 -52.1073 84.5283
1689 -89.404 -262 -21 -125.774 -53.0335 84.4437
1699 -89.419 -284 -23 -127.62 -51.2182 84.3593
1709 -88.693 -278 -20 -124.091 -53.2949 84.2749
1719 -88.979 -238 -20 -123.518 -54.4398 84.1907
1729 -89.97 -277 -23 -127.101 -52.8395 84.1065
1739 -86.882 -248 -30 -122.49 -51.2745 84.0224
1749 -85.308 -251 -23 -119.566 -51.0496 83.9384
1759 -87.254 -325 -23 -124.348 -50.1601 83.8544
1769 -88.911 -282 -26 -126.1 -51.7219 83.7706
1779 -85.85 -261 -25 -121.316 -50.3841 83.6868
1789 -87.083 -255 -28 -122.649 -51.5171 83.6031
1799 -85.298 -239 -15 -119.874 -50.7224 83.5195
1809 -86.828 -283 -24 -120.681 -52.9751 83.436
1819 -85.503 -305 -21 -121.104 -49.9024 83.3525
1829 -86.789 -259 -24 -121.277 -52.3012 83.2692
1839 -87.209 -221 -21 -121.945 -52.4728 83.1859
1849 -87.174 -265 -19 -123.367 -50.9806 83.1027
1859 -86.955 -251 -24 -122.478 -51.432 83.0196
1869 -86.216 -308 -24 -122.278 -50.1535 82.9366
1879 -83.498 -246 -26 -116.519 -50.4767 82.8537
1889 -83.141 -278 -19 -116.376 -49.906 82.7708
1899 -84.537 -307 -22 -118.937 -50.1371 82.6881
1909 -84.945 -235 -27 -119.259 -50.6312 82.6054
1919 -82.619 -262 -17 -115.241 -49.9967 82.5228
1929 -86.139 -266 -32 -121.196 -51.082 82.4402
1939 -86.441 -299 -21 -122.032 -50.8495 82.3578
1949 -83.512 -257 -22 -117.682 -49.3425 82.2754
1959 -86.229 -252 -29 -121.705 -50.7532 82.1932
1969 -85.818 -249 -22 -121.023 -50.6131 82.111
1979 -84.66 -246 -19 -118.279 -51.041 82.0289
1989 -84.166 -256 -16 -118.062 -50.2697 81.9468
1999 -85.059 -263 -23 -120.958 -49.1602 81.8649
2009 -83.597 -274 -19 -117.228 -49.9661 81.783
2019 -82.728 -288 -24 -117.373 -48.0829 81.7012
2029 -83.396 -325 -21 -116.94 -49.8524 81.6195
2039 -82.238 -267 -23 -115.057 -49.4188 81.5379
2049 -84.401 -302 -21 -118.624 -50.1777 81.4564
2059 -83.253 -238 -17 -116.114 -50.3917 81.3749
2069 -84.196 -254 -19 -117.818 -50.5738 81.2935
2079 -84.272 -261 -21 -117.424 -51.1196 81.2123
2089 -85.14 -294 -21 -118.112 -52.1676 81.131
2099 -85.201 -291 -20 -119.724 -50.6785 81.0499
2109 -82.642 -274 -23 -115.035 -50.2492 80.9689
2119 -82.703 -253 -19 -116.539 -48.8666 80.8879
2129 -82.984 -214 -22 -114.345 -51.6235 80.807
2139 -83.933 -244 -22 -117.127 -50.7386 80.7262
2149 -83.917 -219 -20 -116.749 -51.0852 80.6455
2159 -82.9 -225 -14 -115.436 -50.3639 80.5648
2169 -81.942 -302 -17 -115.506 -48.378 80.4843
2179 -83.759 -234 -23 -116.344 -51.1736 80.4038
2189 -83.399 -279 -15 -116.627 -50.1708 80.3234
2199 -81.961 -228 -19 -112.78 -51.1417 80.243
2209 -81.789 -262 -25 -113.589 -49.9886 80.1628
2219 -82.593 -265 -24 -115.344 -49.8422 80.0826
2229 -83.257 -219 -28 -115.617 -50.8968 80.0026
2239 -81.949 -264 -23 -114.562 -49.336 79.9226
2249 -80.682 -216 -23 -110.112 -51.2517 79.8426
2259 -80.901 -238 -19 -112.663 -49.1392 79.7628
2269 -81.039 -206 -30 -111.945 -50.1331 79.683
2279 -81.968 -224 -31 -114.057 -49.8788 79.6033
2289 -80.695 -238 -22 -111.431 -49.959 79.5237
2299 -81.455 -253 -24 -113.517 -49.3928 79.4442
2309 -80.177 -233 -25 -111.256 -49.0976 79.3648
2319 -82.261 -227 -24 -114.613 -49.9085 79.2854
2329 -81.248 -218 -22 -112.146 -50.3498 79.2061
2339 -81.456 -250 -27 -112.353 -50.5592 79.1269
2349 -80.949 -211 -20 -110.762 -51.1362 79.0478
2359 -81.082 -239 -28 -112.079 -50.0846 78.9687
2369 -81.631 -208 -27 -110.9 -52.3618 78.8898
2379 -80.225 -270 -25 -111.006 -49.4436 78.8109
2389 -81.308 -260 -24 -113.124 -49.4918 78.7321
2399 -80.262 -239 -29 -111.62 -48.9035 78.6533
2409 -80.483 -260 -26 -112.169 -48.7974 78.5747
2419 -80.697 -236 -29 -111.962 -49.4317 78.4961
2429 -80.674 -259 -25 -111.733 -49.615 78.4176
2439 -80.396 -260 -22 -111.93 -48.8619 78.3392
2449 -80.751 -239 -25 -111.118 -50.3838 78.2609
2459 -79.606 -223 -14 -110.346 -48.8663 78.1826
2469 -80.805 -230 -29 -112.558 -49.0524 78.1044
2479 -80.939 -256 -31 -113.324 -48.5544 78.0263
2489 -79.409 -265 -15 -110.449 -48.369 77.9483
2499 -79.06 -270 -29 -110.719 -47.401 77.8703
2509 -78.141 -213 -23 -106.807 -49.4751 77.7925
2519 -79.259 -205 -26 -109.265 -49.2534 77.7147
2529 -79.522 -310 -15 -110.406 -48.6376 77.637
2539 -78.963 -263 -26 -109.198 -48.7283 77.5593
2549 -79.169 -239 -17 -109.933 -48.4047 77.4818
2559 -78.154 -189 -22 -107.123 -49.1845 77.4043
2569 -78.285 -241 -22 -107.705 -48.8651 77.3269
2579 -78.414 -248 -21 -108.055 -48.7726 77.2496
2589 -77.218 -235 -21 -106.038 -48.3978 77.1723
2599 -79.879 -262 -18 -109.937 -49.8215 77.0951
2609 -78.806 -281 -16 -109.256 -48.3557 77.018
2619 -78.363 -220 -23 -107.918 -48.8081 76.941
2629 -77.915 -199 -23 -106.786 -49.0442 76.8641
2639 -77.991 -233 -17 -106.716 -49.266 76.7872
2649 -77.362 -258 -20 -106.824 -47.8998 76.7104
2659 -78.216 -227 -18 -107.394 -49.0379 76.6337
2669 -78.765 -204 -20 -109.451 -48.0788 76.5571
2679 -78.478 -279 -26 -108.006 -48.95 76.4805
2689 -79.619 -279 -24 -112.154 -47.0843 76.404
2699 -78.295 -215 -30 -106.145 -50.4448 76.3276
2709 -77.284 -235 -26 -106.054 -48.5143 76.2513
2719 -78.705 -218 -17 -107.53 -49.8804 76.1751
2729 -78.111 -238 -15 -108.408 -47.8135 76.0989
2739 -78.439 -265 -24 -108.365 -48.5131 76.0228
2749 -75.671 -200 -23 -103.399 -47.9427 75.9468
2759 -76.117 -240 -25 -103.877 -48.3566 75.8708
2769 -76.778 -249 -23 -105.577 -47.9791 75.7949
2779 -78.217 -224 -26 -107.418 -49.0164 75.7191
2789 -77.824 -232 -18 -107.183 -48.4651 75.6434
2799 -76.302 -235 -27 -104.875 -47.7291 75.5678
2809 -77.642 -215 -24 -105.96 -49.3237 75.4922
2819 -76.957 -243 -22 -106.669 -47.2454 75.4167
2829 -76.228 -251 -25 -104.737 -47.719 75.3413
2839 -75.99 -195 -17 -104.182 -47.7981 75.266
2849 -76.159 -213 -19 -104.336 -47.9824 75.1907
2859 -76.485 -225 -27 -104.208 -48.7619 75.1155
2869 -77.734 -233 -24 -105.784 -49.6841 75.0404
2879 -75.246 -217 -21 -102.91 -47.5824 74.9654
2889 -76.128 -203 -19 -103.756 -48.5002 74.8904
2899 -77.758 -243 -27 -105.677 -49.8389 74.8155
2909 -75.976 -219 -23 -103.561 -48.3908 74.7407
2919 -76.974 -233 -27 -104.157 -49.7905 74.6659
2929 -76.015 -204 -21 -103.575 -48.4547 74.5913
2939 -76.494 -204 -21 -103.459 -49.5292 74.5167
2949 -76.039 -187 -23 -103.191 -48.8875 74.4422
2959 -75.927 -207 -25 -104.249 -47.6053 74.3677
2969 -74.909 -189 -17 -102.085 -47.7334 74.2934
2979 -75.742 -226 -21 -103.24 -48.2441 74.2191
2989 -75.509 -200 -24 -102.678 -48.3399 74.1448
2999 -76.968 -226 -23 -104.809 -49.1271 74.0707
3009 -74.355 -209 -16 -101.061 -47.6493 73.9966
3019 -73.257 -184 -18 -98.2661 -48.2479 73.9226
3029 -74.003 -275 -22 -101.605 -46.4015 73.8487
3039 -74.525 -187 -20 -99.7145 -49.3355 73.7749
3049 -75.801 -245 -28 -103.687 -47.915 73.7011
3059 -74.034 -194 -21 -99.8624 -48.2056 73.6274
3069 -74.22 -200 -25 -100.33 -48.11 73.5538
3079 -74.123 -194 -19 -99.6861 -48.5599 73.4802
3089 -75.23 -263 -24 -103.582 -46.8777 73.4067
3099 -74.732 -281 -24 -103.674 -45.7903 73.3333
3109 -73.125 -176 -18 -98.2118 -48.0382 73.26
3119 -74.284 -230 -26 -99.125 -49.443 73.1867
3129 -74.946 -245 -17 -102.659 -47.2326 73.1135
3139 -73.334 -261 -28 -99.3712 -47.2968 73.0404
3149 -74.024 -213 -31 -100.606 -47.4416 72.9674
3159 -73.512 -199 -24 -100.219 -46.8054 72.8944
3169 -74.518 -211 -23 -101.682 -47.3536 72.8215
3179 -73.978 -175 -21 -99.6799 -48.2761 72.7487
3189 -73.813 -183 -25 -98.1303 -49.4957 72.676
3199 -72.033 -202 -19 -98.1546 -45.9114 72.6033
3209 -73.146 -204 -23 -99.5552 -46.7368 72.5307
3219 -74.663 -185 -20 -100.414 -48.9122 72.4581
3229 -72.664 -232 -19 -99.0631 -46.2649 72.3857
3239 -73.662 -191 -19 -98.9353 -48.3887 72.3133
3249 -72.463 -216 -31 -96.2756 -48.6504 72.241
3259 -74.207 -225 -18 -100.434 -47.9799 72.1687
3269 -73.206 -280 -23 -99.3661 -47.0459 72.0966
3279 -73.542 -205 -23 -100.628 -46.4559 72.0245
3289 -73.676 -213 -19 -99.124 -48.228 71.9525
3299 -73.675 -191 -21 -99.5366 -47.8134 71.8805
3309 -73.936 -177 -17 -99.6479 -48.2241 71.8086
3319 -73.371 -197 -26 -98.2359 -48.5061 71.7368
3329 -70.759 -179 -30 -94.5052 -47.0128 71.6651
3339 -73.038 -201 -19 -98.7234 -47.3526 71.5934
3349 -71.369 -223 -24 -96.1116 -46.6264 71.5218
3359 -71.608 -196 -24 -94.8752 -48.3408 71.4503
3369 -72.744 -200 -24 -98.3728 -47.1152 71.3788
3379 -72.328 -188 -25 -98.6943 -45.9617 71.3075
3389 -73.165 -210 -22 -99.319 -47.011 71.2362
3399 -71.977 -212 -15 -98.0089 -45.9451 71.1649
3409 -72.692 -186 -32 -98.1009 -47.2831 71.0938
3419 -71.886 -183 -23 -95.4811 -48.2909 71.0227
3429 -70.745 -224 -28 -96.0529 -45.4371 70.9516
3439 -72.473 -203 -22 -97.2297 -47.7163 70.8807
3449 -72.128 -251 -18 -97.5254 -46.7306 70.8098
3459 -71.556 -178 -19 -95.6587 -47.4533 70.739
3469 -72.09 -192 -22 -97.3659 -46.8141 70.6683
3479 -70.704 -214 -30 -95.4236 -45.9844 70.5976
3489 -72.019 -265 -28 -97.8726 -46.1654 70.527
3499 -70.191 -175 -32 -94.0917 -46.2903 70.4565
3509 -69.699 -182 -25 -92.635 -46.763 70.386
3519 -71.09 -241 -19 -96.7462 -45.4338 70.3156
3529 -71.842 -214 -30 -97.1291 -46.5549 70.2453
3539 -72.237 -220 -28 -97.3074 -47.1666 70.1751
3549 -71.161 -213 -20 -94.9253 -47.3967 70.1049
3559 -72.484 -200 -19 -96.5996 -48.3684 70.0348
3569 -72.37 -197 -26 -96.91 -47.83 69.9648
3579 -70.402 -215 -21 -94.7063 -46.0977 69.8948
3589 -71.291 -185 -30 -95.9978 -46.5842 69.8249
3599 -71.073 -249 -17 -96.2762 -45.8698 69.7551
3609 -70.258 -207 -26 -94.1723 -46.3437 69.6853
3619 -70.078 -217 -30 -93.4999 -46.6561 69.6156
3629 -70.48 -230 -22 -94.147 -46.813 69.546
3639 -69.917 -190 -26 -93.3665 -46.4675 69.4765
3649 -70.537 -205 -19 -96.1665 -44.9075 69.407
3659 -69.438 -185 -26 -92.0281 -46.8479 69.3376
3669 -71.292 -198 -21 -95.5873 -46.9967 69.2682
3679 -70.793 -203 -22 -95.118 -46.468 69.199
3689 -71.607 -214 -25 -94.9434 -48.2706 69.1298
3699 -70.825 -207 -25 -96.2545 -45.3955 69.0606
3709 -71.547 -210 -23 -95.8796 -47.2144 68.9916
3719 -71.18 -210 -28 -94.9316 -47.4284 68.9226
3729 -68.816 -191 -25 -91.4016 -46.2304 68.8537
3739 -69.408 -200 -29 -93.3749 -45.4411 68.7848
3749 -71.921 -210 -21 -97.5366 -46.3054 68.716
3759 -69.406 -185 -20 -92.283 -46.529 68.6473
3769 -69.328 -186 -25 -91.097 -47.559 68.5787
3779 -70.174 -188 -29 -93.2309 -47.1171 68.5101
3789 -69.904 -174 -18 -93.3926 -46.4154 68.4416
3799 -71.04 -210 -18 -95.1581 -46.9219 68.3731
3809 -68.697 -160 -21 -91.0961 -46.2979 68.3048
3819 -70.569 -213 -18 -94.0112 -47.1268 68.2365
3829 -69.284 -177 -27 -90.482 -48.086 68.1682
3839 -68.87 -167 -21 -91.3239 -46.4161 68.1001
3849 -70.355 -197 -16 -93.3481 -47.3619 68.032
3859 -67.932 -173 -26 -90.2905 -45.5735 67.9639
3869 -69.386 -204 -29 -93.0878 -45.6842 67.896
3879 -68.23 -163 -31 -90.0733 -46.3867 67.8281
3889 -69.785 -177 -27 -93.9307 -45.6393 67.7602
3899 -70.007 -212 -26 -94.0077 -46.0063 67.6925
3909 -69.126 -171 -22 -91.9933 -46.2587 67.6248
3919 -69.087 -184 -30 -91.7237 -46.4503 67.5572
3929 -69.303 -173 -29 -91.8666 -46.7394 67.4896
3939 -69.774 -180 -28 -92.1331 -47.4149 67.4221
3949 -71.458 -175 -32 -95.8917 -47.0243 67.3547
3959 -70.352 -165 -25 -92.044 -48.66 67.2873
3969 -68.861 -187 -22 -90.9807 -46.7413 67.22
3979 -68.753 -173 -22 -91.1909 -46.3151 67.1528
3989 -68.443 -227 -21 -91.1319 -45.7541 67.0857
3999 -69.233 -193 -25 -91.0447 -47.4213 67.0186
4009 -69.336 -162 -28 -91.6287 -47.0433 66.9516
4019 -68.15 -231 -21 -89.9863 -46.3137 66.8846
4029 -69.595 -201 -26 -92.5276 -46.6624 66.8177
4039 -68.91 -191 -24 -91.2391 -46.5809 66.7509
4049 -68.905 -174 -25 -91.2238 -46.5862 66.6842
4059 -68.484 -237 -18 -91.7598 -45.2082 66.6175
4069 -68.97 -180 -29 -90.8277 -47.1123 66.5509
4079 -67.479 -215 -30 -89.7704 -45.1876 66.4843
4089 -68.228 -165 -24 -89.9739 -46.4821 66.4178
4099 -67.584 -172 -22 -90.0328 -45.1352 66.3514
4109 -68.952 -216 -22 -92.0366 -45.8674 66.2851
4119 -68.295 -167 -26 -90.2483 -46.3417 66.2188
4129 -69.351 -218 -29 -92.2425 -46.4595 66.1526
4139 -68.09 -193 -25 -90.4442 -45.7358 66.0864
4149 -67.262 -191 -19 -89.1546 -45.3694 66.0203
4159 -67.012 -176 -16 -88.2373 -45.7867 65.9543
4169 -68.171 -178 -30 -90.105 -46.237 65.8883
4179 -66.5 -194 -25 -87.7712 -45.2288 65.8225
4189 -68.025 -177 -21 -89.529 -46.521 65.7566
4199 -67.205 -200 -21 -88.5579 -45.8521 65.6909
4209 -67.891 -176 -31 -89.9611 -45.8209 65.6252
4219 -67.285 -194 -21 -89.6555 -44.9145 65.5596
4229 -67.725 -170 -25 -89.4092 -46.0408 65.494
4239 -67.703 -199 -29 -89.3109 -46.0951 65.4285
4249 -67.814 -163 -19 -89.074 -46.554 65.3631
4259 -67.234 -219 -18 -89.0221 -45.4459 65.2977
4269 -67.95 -198 -22 -89.9052 -45.9948 65.2324
4279 -66.36 -201 -23 -87.7905 -44.9295 65.1672
4289 -67.627 -169 -24 -88.5963 -46.6577 65.102
4299 -66.79 -165 -24 -87.5946 -45.9854 65.0369
4309 -66.271 -190 -33 -86.851 -45.691 64.9719
4319 -67.031 -200 -25 -88.79 -45.272 64.9069
4329 -66.009 -167 -22 -86.0149 -46.0031 64.842
4339 -67.673 -189 -22 -88.9379 -46.4081 64.7772
4349 -67.845 -163 -24 -89.2329 -46.4571 64.7124
4359 -66.467 -170 -24 -88.0167 -44.9173 64.6477
4369 -67.241 -181 -15 -88.987 -45.495 64.583
4379 -67.451 -180 -18 -89.3469 -45.5551 64.5184
4389 -66.669 -159 -25 -86.689 -46.649 64.4539
4399 -66.954 -168 -23 -87.6951 -46.2129 64.3895
4409 -66.648 -168 -22 -87.8204 -45.4756 64.3251
4419 -67.137 -190 -20 -89.285 -44.989 64.2608
4429 -66.991 -173 -28 -87.6663 -46.3157 64.1965
4439 -67.169 -186 -24 -88.3446 -45.9934 64.1323
4449 -67.392 -214 -32 -88.573 -46.211 64.0682
4459 -67.238 -190 -32 -88.1889 -46.2871 64.0041
4469 -66.619 -165 -22 -87.7983 -45.4397 63.9401
4479 -65.621 -173 -27 -86.9273 -44.3147 63.8761
4489 -65.734 -175 -29 -85.4869 -45.9811 63.8123
4499 -66.276 -209 -25 -87.7489 -44.8031 63.7485
4509 -65.838 -178 -20 -86.2337 -45.4423 63.6847
4519 -66.269 -214 -26 -87.8326 -44.7054 63.621
4529 -65.465 -204 -17 -85.1196 -45.8104 63.5574
4539 -66.579 -177 -25 -87.5071 -45.6509 63.4938
4549 -67.145 -175 -32 -87.3353 -46.9547 63.4304
4559 -65.505 -179 -29 -85.2027 -45.8073 63.3669
4569 -66.819 -186 -29 -87.7457 -45.8923 63.3036
4579 -66.323 -162 -22 -87.202 -45.444 63.2403
4589 -66.356 -181 -21 -85.9733 -46.7387 63.177
4599 -66.428 -163 -27 -86.6479 -46.2081 63.1138
4609 -65.7 -159 -32 -85.1637 -46.2363 63.0507
4619 -65.049 -186 -22 -85.8297 -44.2683 62.9877
4629 -65.203 -155 -25 -85.5125 -44.8935 62.9247
4639 -65.358 -176 -26 -85.3676 -45.3484 62.8618
4649 -65.385 -169 -23 -85.3251 -45.4449 62.7989
4659 -64.509 -149 -19 -84.0505 -44.9675 62.7361
4669 -65.194 -186 -20 -86.5758 -43.8122 62.6734
4679 -66.507 -150 -25 -86.5297 -46.4843 62.6107
4689 -64.594 -167 -31 -84.3833 -44.8047 62.5481
4699 -65.745 -172 -30 -86.4853 -45.0047 62.4855
4709 -67.131 -168 -27 -88.4557 -45.8063 62.423
4719 -64.858 -156 -29 -84.2525 -45.4635 62.3606
4729 -65.635 -182 -27 -85.6226 -45.6474 62.2983
4739 -64.112 -164 -27 -83.244 -44.98 62.236
4749 -64.83 -167 -21 -84.038 -45.622 62.1737
4759 -63.924 -160 -28 -82.0612 -45.7868 62.1116
4769 -65.155 -185 -21 -84.8614 -45.4486 62.0494
4779 -64.807 -142 -25 -84.1879 -45.4261 61.9874
4789 -64.32 -166 -26 -83.6263 -45.0137 61.9254
4799 -64.851 -167 -26 -84.0271 -45.6749 61.8635
4809 -64.254 -153 -25 -83.5258 -44.9822 61.8016
4819 -65.663 -159 -29 -85.3415 -45.9845 61.7398
4829 -65.069 -166 -24 -84.3788 -45.7592 61.6781
4839 -64.54 -157 -27 -83.9876 -45.0924 61.6164
4849 -65.001 -162 -20 -84.3387 -45.6633 61.5548
4859 -64.571 -175 -29 -84.0761 -45.0659 61.4932
4869 -64.429 -177 -27 -83.8144 -45.0436 61.4317
4879 -64.644 -156 -24 -84.4581 -44.8299 61.3703
4889 -66.017 -201 -32 -86.9733 -45.0607 61.3089
4899 -64.583 -166 -19 -84.252 -44.914 61.2476
4909 -64.353 -161 -22 -82.8583 -45.8477 61.1864
4919 -65.252 -207 -26 -84.9224 -45.5816 61.1252
4929 -63.516 -179 -25 -82.9011 -44.1309 61.0641
4939 -65.847 -172 -30 -85.5608 -46.1332 61.003
4949 -63.647 -171 -29 -82.4858 -44.8082 60.942
4959 -63.82 -159 -31 -83.0732 -44.5668 60.8811
4969 -64.467 -208 -27 -84.2469 -44.6871 60.8202
4979 -63.768 -157 -15 -82.6147 -44.9213 60.7594
4989 -64.343 -152 -26 -82.8099 -45.8761 60.6986
4999 -63.482 -177 -28 -81.9619 -45.0021 60.6379
5009 -65.361 -155 -19 -85.1449 -45.5771 60.5773
5019 -63.973 -166 -27 -83.6321 -44.3139 60.5167
5029 -63.932 -175 -27 -82.3594 -45.5046 60.4562
5039 -63.756 -166 -23 -81.9026 -45.6094 60.3957
5049 -64.279 -157 -28 -83.2716 -45.2864 60.3353
5059 -63.862 -158 -16 -83.4915 -44.2325 60.275
5069 -63.698 -162 -25 -82.8488 -44.5472 60.2147
5079 -63.128 -173 -27 -81.7486 -44.5074 60.1545
5089 -64.603 -173 -27 -83.9208 -45.2852 60.0943
5099 -64.832 -172 -33 -83.2919 -46.3721 60.0342
5109 -62.92 -181 -28 -80.9942 -44.8458 59.9742
5119 -63.235 -179 -27 -81.7423 -44.7277 59.9142
5129 -64.137 -241 -21 -83.6242 -44.6498 59.8543
5139 -63.326 -178 -28 -82.7501 -43.9019 59.7945
5149 -62.626 -143 -26 -80.7094 -44.5426 59.7347
5159 -63.863 -146 -28 -81.9883 -45.7377 59.6749
5169 -62.878 -174 -23 -81.6093 -44.1467 59.6153
5179 -63.985 -162 -32 -83.4741 -44.4959 59.5556
5189 -64.647 -178 -27 -84.1011 -45.1929 59.4961
5199 -62.93 -163 -28 -81.0278 -44.8322 59.4366
5209 -63.059 -140 -25 -80.3654 -45.7526 59.3772
5219 -62.359 -174 -27 -81.0062 -43.7118 59.3178
5229 -63.149 -161 -29 -81.5728 -44.7252 59.2585
5239 -63.129 -175 -32 -81.3463 -44.9117 59.1992
5249 -63.392 -156 -22 -81.5455 -45.2385 59.14
5259 -64.353 -157 -29 -83.3303 -45.3757 59.0809
5269 -63.285 -143 -24 -81.2207 -45.3493 59.0218
5279 -61.738 -143 -25 -79.6265 -43.8495 58.9628
5289 -62.081 -189 -31 -79.7129 -44.4491 58.9038
5299 -62.618 -150 -17 -80.3173 -44.9187 58.8449
5309 -62.724 -167 -23 -81.3906 -44.0574 58.786
5319 -63.083 -162 -31 -81.9296 -44.2364 58.7273
5329 -63.279 -131 -25 -81.0085 -45.5495 58.6685
5339 -62.899 -166 -27 -80.7594 -45.0386 58.6099
5349 -62.07 -135 -31 -79.9584 -44.1816 58.5513
5359 -63.735 -180 -24 -82.0406 -45.4294 58.4927
5369 -61.749 -157 -21 -79.402 -44.096 58.4342
5379 -62.471 -131 -32 -79.9799 -44.9621 58.3758
5389 -62.191 -146 -27 -80.4264 -43.9556 58.3174
5399 -62.549 -145 -28 -80.7173 -44.3807 58.2591
5409 -62.605 -156 -29 -80.3625 -44.8475 58.2008
5419 -61.831 -164 -29 -79.6507 -44.0113 58.1426
5429 -63.489 -151 -26 -82.5409 -44.4371 58.0845
5439 -61.942 -124 -32 -79.2966 -44.5874 58.0264
5449 -62.287 -165 -32 -79.1424 -45.4316 57.9684
5459 -62.386 -149 -23 -80.4234 -44.3486 57.9104
5469 -62.46 -171 -29 -80.277 -44.643 57.8525
5479 -61.995 -133 -27 -79.5613 -44.4287 57.7946
5489 -61.779 -152 -22 -79.4723 -44.0857 57.7368
5499 -61.38 -186 -31 -79.1447 -43.6153 57.6791
5509 -62.887 -143 -21 -81.2415 -44.5325 57.6214
5519 -62.199 -146 -25 -79.8756 -44.5224 57.5638
5529 -62.457 -160 -28 -80.6407 -44.2733 57.5062
5539 -61.803 -144 -22 -79.9241 -43.6819 57.4487
5549 -62.022 -180 -15 -80.4715 -43.5725 57.3913
5559 -62.495 -145 -19 -80.738 -44.252 57.3339
5569 -61.121 -169 -29 -78.549 -43.693 57.2766
5579 -61.875 -151 -29 -79.6727 -44.0773 57.2193
5589 -62.521 -175 -23 -80.7732 -44.2688 57.1621
5599 -60.749 -142 -23 -77.4799 -44.0181 57.1049
5609 -62.884 -156 -31 -81.4739 -44.2941 57.0478
5619 -61.86 -137 -23 -79.4072 -44.3128 56.9908
5629 -59.966 -157 -27 -76.8462 -43.0858 56.9338
5639 -61.829 -161 -26 -79.7939 -43.8641 56.8768
5649 -62.252 -151 -22 -79.6921 -44.8119 56.82
5659 -62.208 -162 -24 -80.542 -43.874 56.7631
5669 -61.571 -140 -26 -78.9513 -44.1907 56.7064
5679 -61.876 -140 -25 -79.2145 -44.5375 56.6497
5689 -62.166 -185 -20 -79.9991 -44.3329 56.593
5699 -63.128 -165 -31 -81.0743 -45.1817 56.5364
5709 -62.421 -164 -31 -80.4383 -44.4037 56.4799
5719 -62.067 -146 -30 -79.3243 -44.8097 56.4234
5729 -61.223 -150 -19 -79.0391 -43.4069 56.367
5739 -61.725 -158 -26 -79.1935 -44.2565 56.3106
5749 -61.227 -138 -26 -78.0971 -44.3569 56.2543
5759 -62.368 -183 -28 -80.3101 -44.4259 56.198
5769 -61.958 -171 -29 -80.0862 -43.8298 56.1418
5779 -61.186 -156 -26 -78.5592 -43.8128 56.0857
5789 -60.945 -144 -21 -78.4051 -43.4849 56.0296
5799 -62.17 -163 -24 -79.8747 -44.4653 55.9736
5809 -61.461 -173 -27 -78.7186 -44.2034 55.9176
5819 -61.03 -163 -32 -77.6361 -44.4239 55.8617
5829 -60.455 -165 -23 -77.8997 -43.0103 55.8058
5839 -60.679 -157 -27 -77.2618 -44.0962 55.75
5849 -60.76 -139 -28 -78.1329 -43.3871 55.6943
5859 -61.382 -152 -28 -79.2645 -43.4995 55.6386
5869 -61.434 -144 -32 -78.3717 -44.4963 55.5829
5879 -61.276 -133 -18 -78.3614 -44.1906 55.5274
5889 -61.227 -145 -29 -78.0178 -44.4362 55.4718
5899 -61.263 -156 -18 -78.8793 -43.6467 55.4164
5909 -60.478 -132 -23 -77.164 -43.792 55.361
5919 -61.115 -137 -27 -77.649 -44.581 55.3056
5929 -60.924 -147 -27 -78.2155 -43.6325 55.2503
5939 -60.705 -162 -27 -77.4348 -43.9752 55.195
5949 -60.962 -136 -32 -77.5005 -44.4235 55.1398
5959 -61.115 -153 -25 -77.8969 -44.3331 55.0847
5969 -60.586 -177 -30 -77.9221 -43.2499 55.0296
5979 -60.28 -147 -30 -77.145 -43.415 54.9746
5989 -61.374 -148 -24 -78.8903 -43.8577 54.9196
5999 -61.111 -158 -30 -79.1597 -43.0623 54.8647
6009 -61.31 -157 -32 -79.0295 -43.5905 54.8098
6019 -60.779 -139 -30 -78.1955 -43.3625 54.755
6029 -60.292 -158 -23 -77.7855 -42.7985 54.7003
6039 -59.395 -144 -19 -74.9354 -43.8546 54.6456
6049 -60.009 -150 -20 -76.7634 -43.2546 54.5909
6059 -60.36 -155 -21 -77.575 -43.145 54.5363
6069 -60.126 -144 -23 -76.5594 -43.6926 54.4818
6079 -60.787 -131 -27 -77.2172 -44.3568 54.4273
6089 -59.955 -155 -32 -76.0432 -43.8668 54.3729
6099 -60.717 -154 -28 -77.6431 -43.7909 54.3185
6109 -59.858 -139 -32 -76.1836 -43.5324 54.2642
6119 -59.52 -138 -20 -76.6361 -42.4039 54.2099
6129 -59.508 -149 -32 -75.0477 -43.9683 54.1557
6139 -60.311 -147 -32 -76.7659 -43.8561 54.1016
6149 -61.352 -168 -31 -78.3692 -44.3348 54.0475
6159 -60.623 -141 -29 -78.0337 -43.2123 53.9934
6169 -59.954 -135 -24 -76.335 -43.573 53.9394
6179 -59.783 -142 -32 -76.0724 -43.4936 53.8855
6189 -59.833 -144 -27 -76.2664 -43.3996 53.8316
6199 -60.542 -133 -16 -76.9703 -44.1137 53.7778
6209 -59.775 -138 -32 -75.978 -43.572 53.724
6219 -59.496 -147 -29 -75.6195 -43.3725 53.6703
6229 -60.16 -129 -23 -76.0693 -44.2507 53.6166
6239 -60.511 -158 -27 -77.1052 -43.9168 53.563
6249 -61.406 -165 -23 -78.7515 -44.0605 53.5094
6259 -59.854 -136 -29 -75.7263 -43.9817 53.4559
6269 -58.96 -151 -31 -74.8267 -43.0933 53.4024
6279 -58.821 -145 -29 -74.9046 -42.7374 53.349
6289 -59.038 -170 -32 -75.5367 -42.5393 53.2957
6299 -60.511 -155 -22 -77.3354 -43.6866 53.2424
6309 -59.727 -147 -25 -75.7844 -43.6696 53.1892
6319 -60.303 -142 -32 -77.0533 -43.5527 53.136
6329 -60.232 -136 -30 -77.0957 -43.3683 53.0828
6339 -59.323 -133 -32 -74.8518 -43.7942 53.0297
6349 -59.023 -180 -29 -74.1723 -43.8737 52.9767
6359 -59.812 -138 -24 -76.3311 -43.2929 52.9237
6369 -58.426 -130 -29 -74.1676 -42.6844 52.8708
6379 -59.464 -153 -26 -75.9846 -42.9434 52.8179
6389 -59.656 -137 -25 -76.0453 -43.2667 52.7651
6399 -59.314 -126 -23 -74.9523 -43.6757 52.7124
6409 -59.482 -135 -32 -75.7081 -43.2559 52.6596
6419 -59.209 -136 -30 -75.4696 -42.9484 52.607
6429 -59.635 -135 -32 -75.0046 -44.2654 52.5544
6439 -58.835 -146 -22 -74.2758 -43.3942 52.5018
6449 -59.459 -154 -23 -76.3309 -42.5871 52.4493
6459 -58.837 -137 -22 -74.8608 -42.8132 52.3969
6469 -59.725 -160 -22 -75.9255 -43.5245 52.3445
6479 -59.458 -154 -22 -76.0904 -42.8256 52.2921
6489 -58.846 -130 -31 -74.1596 -43.5324 52.2398
6499 -59.814 -128 -30 -76.1753 -43.4527 52.1876
6509 -59.816 -153 -30 -76.2271 -43.4049 52.1354
6519 -59.001 -130 -30 -74.5661 -43.4359 52.0833
6529 -59.948 -139 -26 -76.0361 -43.8599 52.0312
6539 -58.931 -135 -22 -74.455 -43.407 51.9792
6549 -58.426 -140 -32 -73.7775 -43.0745 51.9272
6559 -59.088 -133 -30 -75.0503 -43.1257 51.8753
6569 -58.881 -142 -32 -74.9096 -42.8524 51.8234
6579 -59.011 -147 -22 -74.8206 -43.2014 51.7716
6589 -59.197 -138 -27 -75.6929 -42.7011 51.7198
6599 -60.757 -156 -25 -77.8372 -43.6768 51.6681
6609 -59.647 -147 -30 -75.6544 -43.6396 51.6164
6619 -59.275 -121 -31 -75.6226 -42.9274 51.5648
6629 -59.537 -147 -24 -75.6025 -43.4715 51.5132
6639 -58.917 -138 -19 -74.862 -42.972 51.4617
6649 -59.152 -179 -17 -75.4604 -42.8436 51.4102
6659 -58.862 -122 -26 -74.185 -43.539 51.3588
6669 -58.846 -129 -20 -74.4739 -43.2181 51.3075
6679 -59.1 -166 -20 -75.1388 -43.0612 51.2562
6689 -60.688 -152 -26 -77.5052 -43.8708 51.2049
6699 -58.827 -169 -27 -75.2847 -42.3693 51.1537
6709 -59.244 -134 -28 -75.3491 -43.1389 51.1026
6719 -59.812 -142 -29 -76.6246 -42.9994 51.0515
6729 -60.405 -155 -27 -76.6784 -44.1316 51.0004
6739 -58.77 -119 -29 -73.9727 -43.5673 50.9494
6749 -59.707 -163 -30 -75.868 -43.546 50.8984
6759 -58.877 -158 -29 -74.8976 -42.8564 50.8476
6769 -58.798 -132 -28 -74.466 -43.13 50.7967
6779 -59.506 -148 -28 -75.8916 -43.1204 50.7459
6789 -58.877 -131 -25 -74.3937 -43.3603 50.6952
6799 -59.846 -140 -30 -76.088 -43.604 50.6445
6809 -59.617 -147 -32 -75.4158 -43.8182 50.5938
6819 -59.173 -124 -32 -74.3657 -43.9803 50.5432
6829 -58.708 -142 -30 -74.2792 -43.1368 50.4927
6839 -58.396 -139 -28 -74.3188 -42.4732 50.4422
6849 -58.963 -132 -19 -74.7517 -43.1743 50.3917
6859 -59.602 -150 -32 -76.3375 -42.8665 50.3414
6869 -59.363 -134 -31 -75.4337 -43.2923 50.291
6879 -59.393 -133 -32 -75.9806 -42.8054 50.2407
6889 -58.656 -198 -26 -74.992 -42.32 50.1905
6899 -58.742 -126 -23 -74.0399 -43.4441 50.1403
6909 -59.539 -158 -28 -75.7783 -43.2997 50.0902
6919 -59.245 -140 -29 -75.6714 -42.8186 50.0401
6929 -57.977 -128 -29 -73.0591 -42.8949 49.99
6939 -58.909 -145 -24 -74.8963 -42.9217 49.94
6949 -58.63 -121 -28 -73.9617 -43.2983 49.8901
6959 -59.817 -184 -27 -76.6368 -42.9972 49.8402
6969 -58.565 -122 -32 -73.7422 -43.3878 49.7904
6979 -61.03 -244 -29 -80.54 -41.52 49.7406
6989 -59.734 -147 -27 -76.6859 -42.7821 49.6908
6999 -59.034 -177 -30 -74.9906 -43.0774 49.6411
7009 -59.719 -172 -32 -77.0589 -42.3791 49.5915
7019 -59.977 -133 -25 -77.3887 -42.5653 49.5419
7029 -59.454 -166 -27 -76.1139 -42.7941 49.4924
7039 -59.259 -225 -19 -75.602 -42.916 49.4429
7049 -60.212 -187 -32 -78.0102 -42.4138 49.3934
7059 -60.178 -169 -30 -76.9802 -43.3758 49.344
7069 -59.28 -144 -28 -75.1392 -43.4208 49.2947
7079 -59.569 -227 -32 -76.9384 -42.1996 49.2454
7089 -60.096 -169 -32 -77.8452 -42.3468 49.1962
7099 -60.022 -167 -32 -76.5821 -43.4619 49.147
7109 -59.382 -142 -28 -75.8005 -42.9635 49.0978
7119 -59.756 -153 -32 -76.8606 -42.6514 49.0487
7129 -59.464 -170 -29 -76.462 -42.466 48.9997
7139 -59.09 -139 -25 -75.9324 -42.2476 48.9507
7149 -59.028 -129 -32 -74.8599 -43.1961 48.9017
7159 -59.171 -194 -32 -75.7408 -42.6012 48.8528
7169 -59.651 -151 -32 -76.4612 -42.8408 48.804
7179 -58.773 -180 -24 -75.3959 -42.1501 48.7552
7189 -59.216 -166 -31 -75.2385 -43.1935 48.7064
7199 -59.382 -196 -19 -76.988 -41.776 48.6577
7209 -60.224 -146 -32 -76.5676 -43.8804 48.609
7219 -59.687 -143 -22 -76.3336 -43.0404 48.5604
7229 -58.619 -114 -28 -73.8659 -43.3721 48.5119
7239 -59.147 -139 -26 -75.356 -42.938 48.4634
7249 -59.855 -184 -29 -76.6273 -43.0827 48.4149
7259 -59.041 -184 -31 -76.0661 -42.0159 48.3665
7269 -60.294 -150 -18 -77.6779 -42.9101 48.3181
7279 -58.947 -164 -32 -75.156 -42.738 48.2698
7289 -59.57 -147 -31 -76.1534 -42.9866 48.2215
7299 -59.787 -140 -28 -76.11 -43.464 48.1733
7309 -59.446 -161 -30 -75.9343 -42.9577 48.1251
7319 -59.478 -147 -32 -75.6829 -43.2731 48.077
7329 -58.78 -144 -32 -75.0024 -42.5576 48.0289
7339 -58.76 -128 -30 -74.5003 -43.0197 47.9809
7349 -59.288 -182 -31 -75.9331 -42.6429 47.9329
7359 -59.189 -139 -22 -75.6405 -42.7375 47.885
7369 -58.169 -150 -32 -74.5833 -41.7547 47.8371
7379 -58.853 -143 -30 -75.5228 -42.1832 47.7893
7389 -58.123 -157 -27 -74.0734 -42.1726 47.7415
7399 -58.384 -194 -32 -74.7655 -42.0025 47.6937
7409 -58.999 -158 -31 -75.3595 -42.6385 47.646
7419 -58.502 -158 -32 -74.9046 -42.0994 47.5984
7429 -59.248 -145 -32 -76.3236 -42.1724 47.5508
7439 -59.592 -152 -28 -76.3185 -42.8655 47.5032
7449 -59.748 -146 -32 -76.9476 -42.5484 47.4557
7459 -59.924 -156 -32 -76.5499 -43.2981 47.4083
7469 -59.054 -171 -27 -75.791 -42.317 47.3609
7479 -59.714 -154 -32 -76.6755 -42.7525 47.3135
7489 -58.911 -156 -22 -75.0457 -42.7763 47.2662
7499 -59.438 -181 -32 -76.5353 -42.3407 47.2189
7509 -58.764 -158 -30 -75.2543 -42.2737 47.1717
7519 -59.312 -132 -29 -75.2965 -43.3275 47.1245
7529 -58.778 -131 -32 -74.8604 -42.6956 47.0774
7539 -59.197 -159 -24 -76.1376 -42.2564 47.0303
7549 -58.013 -137 -29 -74.1463 -41.8797 46.9833
7559 -58.718 -150 -24 -75.4615 -41.9745 46.9363
7569 -58.363 -160 -20 -73.8778 -42.8482 46.8894
7579 -58.815 -195 -32 -75.5777 -42.0523 46.8425
7589 -58.821 -152 -26 -75.5538 -42.0882 46.7957
7599 -58.429 -161 -30 -74.8679 -41.9901 46.7489
7609 -59.201 -166 -28 -75.8121 -42.5899 46.7021
7619 -59.049 -139 -22 -75.8794 -42.2186 46.6554
7629 -58.436 -151 -26 -74.1037 -42.7683 46.6088
7639 -58.9 -173 -25 -75.57 -42.23 46.5621
7649 -58.833 -199 -27 -75.7642 -41.9018 46.5156
7659 -58.6 -141 -32 -74.1701 -43.0299 46.4691
7669 -58.716 -132 -26 -74.6945 -42.7375 46.4226
7679 -58.593 -183 -30 -74.8038 -42.3822 46.3762
7689 -58.282 -176 -27 -74.6789 -41.8851 46.3298
7699 -58.441 -151 -32 -74.4191 -42.4629 46.2835
7709 -58.958 -190 -25 -76.0139 -41.9021 46.2372
7719 -59.094 -176 -27 -74.8513 -43.3367 46.191
7729 -58.196 -144 -29 -73.9293 -42.4627 46.1448
7739 -58.08 -141 -26 -74.1045 -42.0555 46.0986
7749 -57.837 -126 -30 -73.3155 -42.3585 46.0525
7759 -59.713 -212 -29 -78.155 -41.271 46.0065
7769 -57.766 -159 -25 -72.595 -42.937 45.9605
7779 -58.404 -217 -23 -74.7597 -42.0483 45.9145
7789 -57.885 -132 -30 -73.265 -42.505 45.8686
7799 -57.898 -140 -29 -74.18 -41.616 45.8227
7809 -58.672 -162 -24 -74.9305 -42.4135 45.7769
7819 -58.04 -142 -28 -73.9108 -42.1692 45.7311
7829 -58.661 -127 -28 -74.6978 -42.6242 45.6854
7839 -58.189 -171 -32 -74.5903 -41.7877 45.6397
7849 -57.628 -211 -27 -73.8594 -41.3966 45.5941
7859 -57.089 -129 -21 -72.6367 -41.5413 45.5485
7869 -58.11 -133 -24 -73.7074 -42.5126 45.5029
7879 -58.741 -156 -28 -74.6777 -42.8043 45.4574
7889 -58.152 -164 -29 -74.4808 -41.8232 45.412
7899 -58.86 -158 -29 -75.2758 -42.4442 45.3665
7909 -58.337 -135 -23 -73.7354 -42.9386 45.3212
7919 -58.251 -201 -29 -74.1397 -42.3623 45.2759
7929 -58.47 -238 -30 -75.6083 -41.3317 45.2306
7939 -57.622 -139 -32 -73.3324 -41.9116 45.1854
7949 -57.663 -152 -32 -72.9989 -42.3271 45.1402
7959 -57.934 -145 -28 -73.9381 -41.9299 45.095
7969 -58.181 -151 -30 -74.1974 -42.1646 45.0499
7979 -58.891 -204 -32 -75.7187 -42.0633 45.0049
7989 -57.637 -127 -31 -73.1348 -42.1392 44.9599
7999 -57.664 -146 -29 -73.5133 -41.8147 44.9149
8009 -57.628 -190 -20 -73.6872 -41.5688 44.87
8019 -57.517 -173 -28 -72.883 -42.151 44.8251
8029 -58.295 -147 -24 -74.2279 -42.3621 44.7803
8039 -57.412 -132 -32 -72.5921 -42.2319 44.7355
8049 -57.321 -131 -32 -72.1181 -42.5239 44.6908
8059 -58.43 -163 -32 -74.694 -42.166 44.6461
8069 -58.256 -136 -32 -73.7576 -42.7544 44.6015
8079 -56.774 -172 -29 -73.4322 -40.1158 44.5569
8089 -58.155 -148 -22 -73.7187 -42.5913 44.5123
8099 -57.786 -114 -31 -72.6 -42.972 44.4678
8109 -57.718 -126 -32 -73.0049 -42.4311 44.4233
8119 -58.186 -267 -32 -75.3708 -41.0012 44.3789
8129 -57.941 -141 -26 -72.8537 -43.0283 44.3345
8139 -58.613 -146 -23 -74.5332 -42.6928 44.2902
8149 -57.523 -123 -29 -72.2823 -42.7637 44.2459
8159 -57.549 -138 -32 -72.6301 -42.4679 44.2016
8169 -57.71 -142 -32 -73.4643 -41.9557 44.1574
8179 -57.061 -160 -32 -72.3852 -41.7368 44.1133
8189 -58.148 -126 -24 -74.2421 -42.0539 44.0692
8199 -57.677 -164 -28 -73.6147 -41.7393 44.0251
8209 -56.962 -169 -28 -73.0825 -40.8415 43.9811
8219 -58.107 -154 -28 -73.9802 -42.2338 43.9371
8229 -57.255 -130 -24 -72.9399 -41.5701 43.8932
8239 -57.669 -165 -29 -73.599 -41.739 43.8493
8249 -57.454 -173 -27 -73.0696 -41.8384 43.8054
8259 -57.272 -202 -21 -72.6953 -41.8487 43.7616
8269 -57.452 -150 -32 -72.8688 -42.0352 43.7178
8279 -57.804 -145 -25 -74.1503 -41.4577 43.6741
8289 -56.693 -125 -30 -71.1653 -42.2207 43.6305
8299 -57.78 -123 -32 -72.2703 -43.2897 43.5868
8309 -56.223 -118 -27 -70.7613 -41.6847 43.5432
8319 -55.818 -111 -32 -69.8262 -41.8098 43.4997
8329 -56.689 -139 -32 -70.7233 -42.6547 43.4562
8339 -56.754 -132 -32 -71.3659 -42.1421 43.4127
8349 -56.153 -124 -31 -70.2484 -42.0576 43.3693
8359 -56.551 -124 -31 -70.9134 -42.1886 43.326
8369 -56.533 -120 -32 -70.5707 -42.4953 43.2826
8379 -56.56 -134 -27 -70.8364 -42.2836 43.2393
8389 -55.831 -144 -28 -69.794 -41.868 43.1961
8399 -56.474 -124 -32 -70.775 -42.173 43.1529
8409 -57.55 -157 -30 -72.6051 -42.4949 43.1098
8419 -57.319 -116 -30 -72.2427 -42.3953 43.0666
8429 -56.112 -116 -30 -69.6157 -42.6083 43.0236
8439 -56.422 -123 -29 -71.0638 -41.7802 42.9806
8449 -55.658 -136 -32 -69.6738 -41.6422 42.9376
8459 -56.132 -113 -32 -69.7208 -42.5432 42.8946
8469 -56.971 -158 -30 -72.2333 -41.7087 42.8517
8479 -56.987 -131 -28 -71.4576 -42.5164 42.8089
8489 -55.46 -121 -32 -69.0592 -41.8608 42.7661
8499 -56.323 -121 -32 -70.0876 -42.5584 42.7233
8509 -56.917 -129 -25 -70.9721 -42.8619 42.6806
8519 -56.21 -126 -32 -70.3334 -42.0866 42.6379
8529 -56.095 -129 -32 -69.9786 -42.2114 42.5953
8539 -56.028 -109 -29 -69.5149 -42.5411 42.5527
8549 -56.395 -138 -28 -70.7872 -42.0028 42.5101
8559 -56.616 -158 -29 -70.8341 -42.3979 42.4676
8569 -55.554 -128 -29 -69.7936 -41.3144 42.4252
8579 -55.93 -116 -32 -70.2059 -41.6541 42.3827
8589 -56.1 -155 -29 -70.3884 -41.8116 42.3403
8599 -56.847 -120 -32 -71.4439 -42.2501 42.298
8609 -56.281 -145 -30 -70.9048 -41.6572 42.2557
8619 -56.403 -113 -32 -70.535 -42.271 42.2135
8629 -56.297 -112 -32 -70.2255 -42.3685 42.1712
8639 -55.707 -119 -31 -69.5642 -41.8498 42.1291
8649 -56.536 -112 -29 -70.8281 -42.2439 42.0869
8659 -55.877 -123 -26 -70.0797 -41.6743 42.0448
8669 -56.726 -127 -28 -71.3168 -42.1352 42.0028
8679 -55.428 -128 -24 -69.6925 -41.1635 41.9608
8689 -56.369 -129 -25 -70.6908 -42.0472 41.9188
8699 -56.518 -116 -29 -70.3734 -42.6626 41.8769
8709 -55.256 -122 -27 -69.3372 -41.1748 41.835
8719 -56.169 -123 -29 -70.0928 -42.2452 41.7932
8729 -56.234 -125 -32 -70.6271 -41.8409 41.7514
8739 -55.689 -130 -32 -69.7418 -41.6362 41.7097
8749 -56.192 -120 -32 -70.5214 -41.8626 41.668
8759 -56.104 -114 -29 -69.837 -42.371 41.6263
8769 -55.529 -135 -30 -68.8677 -42.1903 41.5847
8779 -56.59 -122 -31 -70.9543 -42.2257 41.5431
8789 -56.181 -128 -32 -70.5291 -41.8329 41.5015
8799 -56.451 -123 -27 -70.7025 -42.1995 41.46
8809 -56 -118 -29 -69.8473 -42.1527 41.4186
8819 -56.465 -116 -32 -70.9636 -41.9664 41.3772
8829 -55.996 -117 -19 -69.5782 -42.4138 41.3358
8839 -55.731 -134 -32 -69.3107 -42.1513 41.2944
8849 -56.621 -143 -32 -70.8468 -42.3952 41.2531
8859 -55.552 -120 -27 -69.4296 -41.6744 41.2119
8869 -55.09 -134 -23 -68.7831 -41.3969 41.1707
8879 -55.786 -108 -32 -69.1101 -42.4619 41.1295
8889 -56.093 -139 -30 -70.0583 -42.1277 41.0884
8899 -55.783 -112 -32 -69.6574 -41.9086 41.0473
8909 -56.103 -123 -22 -70.6934 -41.5126 41.0062
8919 -55.987 -119 -29 -69.7332 -42.2408 40.9652
8929 -55.236 -146 -31 -68.1651 -42.3069 40.9243
8939 -55.702 -134 -29 -69.664 -41.74 40.8833
8949 -55.424 -109 -21 -69.1367 -41.7113 40.8425
8959 -55.246 -112 -31 -68.6951 -41.7969 40.8016
8969 -55.24 -112 -27 -68.3812 -42.0988 40.7608
8979 -55.9 -140 -32 -70.1193 -41.6807 40.7201
8989 -55.273 -139 -32 -69.0783 -41.4677 40.6793
8999 -55.498 -106 -30 -68.8362 -42.1598 40.6387
9009 -55.408 -183 -29 -69.4837 -41.3323 40.598
9019 -55.499 -114 -32 -69.2292 -41.7688 40.5574
9029 -55.838 -110 -31 -69.3692 -42.3068 40.5169
9039 -55.414 -121 -30 -69.1141 -41.7139 40.4764
9049 -55.019 -109 -17 -68.6775 -41.3605 40.4359
9059 -55.731 -117 -30 -69.7624 -41.6996 40.3954
9069 -55.575 -108 -32 -69.0359 -42.1141 40.355
9079 -56.08 -141 -24 -70.3201 -41.8399 40.3147
9089 -55.4 -158 -30 -68.4969 -42.3031 40.2744
9099 -56.123 -123 -30 -69.9013 -42.3447 40.2341
9109 -55.444 -117 -30 -68.7499 -42.1381 40.1939
9119 -56.095 -141 -32 -70.1024 -42.0876 40.1537
9129 -55.605 -122 -31 -69.5544 -41.6556 40.1135
9139 -55.282 -128 -31 -69.1216 -41.4424 40.0734
9149 -54.55 -121 -28 -67.9066 -41.1934 40.0333
9159 -54.378 -106 -25 -67.5122 -41.2438 39.9933
9169 -54.905 -114 -29 -68.4086 -41.4014 39.9533
9179 -55.493 -109 -32 -68.9886 -41.9974 39.9134
9189 -55.591 -132 -30 -69.7591 -41.4229 39.8734
9199 -55.014 -119 -32 -68.8317 -41.1963 39.8336
9209 -55.336 -120 -27 -68.0647 -42.6073 39.7937
9219 -55.1 -137 -30 -69.1512 -41.0488 39.7539
9229 -54.369 -115 -32 -67.3122 -41.4258 39.7142
9239 -55.065 -118 -32 -68.3568 -41.7732 39.6745
9249 -54.816 -119 -30 -68.7822 -40.8498 39.6348
9259 -55.304 -123 -32 -68.3893 -42.2187 39.5952
9269 -54.965 -114 -32 -67.7237 -42.2063 39.5556
9279 -54.417 -121 -32 -67.729 -41.105 39.516
9289 -55.863 -118 -32 -69.6579 -42.0681 39.4765
9299 -54.915 -114 -30 -67.797 -42.033 39.437
9309 -55.332 -135 -29 -69.1072 -41.5568 39.3976
9319 -55.198 -104 -28 -68.5557 -41.8403 39.3582
9329 -55.112 -118 -32 -68.4082 -41.8158 39.3188
9339 -55.42 -133 -32 -68.7948 -42.0452 39.2795
9349 -54.846 -106 -32 -68.2717 -41.4203 39.2402
9359 -55.149 -123 -32 -68.48 -41.818 39.201
9369 -54.904 -136 -32 -68.2082 -41.5998 39.1618
9379 -55.227 -116 -31 -68.3784 -42.0756 39.1226
9389 -55.012 -110 -29 -67.3754 -42.6486 39.0835
9399 -54.524 -114 -32 -67.1983 -41.8497 39.0444
9409 -55.271 -109 -22 -68.8002 -41.7418 39.0054
9419 -55.074 -113 -32 -68.579 -41.569 38.9664
9429 -54.606 -117 -27 -67.7829 -41.4291 38.9274
9439 -54.721 -97 -26 -67.3399 -42.1021 38.8885
9449 -55.808 -114 -32 -69.189 -42.427 38.8496
9459 -54.582 -106 -32 -67.9079 -41.2561 38.8107
9469 -55.214 -124 -29 -68.5763 -41.8517 38.7719
9479 -55.081 -143 -32 -68.5338 -41.6282 38.7332
9489 -55.096 -129 -32 -68.8699 -41.3221 38.6944
9499 -55.196 -113 -32 -68.6215 -41.7705 38.6557
9509 -54.493 -107 -25 -67.4878 -41.4982 38.6171
9519 -54.01 -125 -32 -67.0755 -40.9445 38.5785
9529 -55.041 -120 -32 -68.3884 -41.6936 38.5399
9539 -54.521 -113 -29 -67.6811 -41.3609 38.5013
9549 -54.845 -114 -28 -67.9076 -41.7824 38.4628
9559 -54.741 -137 -32 -67.9803 -41.5017 38.4244
9569 -55.179 -137 -32 -68.187 -42.171 38.3859
9579 -54.719 -119 -32 -67.5732 -41.8648 38.3476
9589 -54.705 -114 -32 -68.026 -41.384 38.3092
9599 -54.449 -119 -30 -67.4241 -41.4739 38.2709
9609 -54.332 -104 -30 -67.2131 -41.4509 38.2326
9619 -54.312 -119 -32 -66.8831 -41.7409 38.1944
9629 -54.628 -114 -29 -67.6092 -41.6468 38.1562
9639 -55.62 -107 -32 -69.5419 -41.6981 38.118
9649 -54.517 -108 -29 -67.6676 -41.3664 38.0799
9659 -55.286 -117 -26 -68.5764 -41.9956 38.0418
9669 -54.843 -105 -28 -67.8915 -41.7945 38.0038
9679 -53.766 -129 -25 -66.9707 -40.5613 37.9658
9689 -54.428 -118 -29 -67.4963 -41.3597 37.9278
9699 -54.771 -128 -32 -67.9707 -41.5713 37.8899
9709 -54.56 -116 -31 -67.8517 -41.2683 37.852
9719 -54.252 -127 -32 -66.7557 -41.7483 37.8142
9729 -54.713 -106 -32 -67.6994 -41.7266 37.7764
9739 -54.118 -120 -32 -66.6913 -41.5447 37.7386
9749 -53.891 -118 -26 -66.8256 -40.9564 37.7008
9759 -54.674 -113 -29 -68.3334 -41.0146 37.6631
9769 -54.445 -123 -27 -67.325 -41.565 37.6255
9779 -54.714 -135 -30 -67.6634 -41.7646 37.5878
9789 -54.396 -128 -27 -67.4939 -41.2981 37.5503
9799 -54.9 -133 -29 -68.0512 -41.7488 37.5127
9809 -54.44 -111 -32 -67.7315 -41.1485 37.4752
9819 -54.509 -112 -32 -67.7952 -41.2228 37.4377
9829 -53.924 -126 -29 -66.6584 -41.1896 37.4003
9839 -55.015 -126 -32 -68.0025 -42.0275 37.3629
9849 -54.359 -114 -30 -67.3774 -41.3406 37.3255
9859 -54.785 -106 -30 -67.5875 -41.9825 37.2882
9869 -54.479 -106 -32 -67.5054 -41.4526 37.2509
9879 -54.773 -116 -32 -68.0664 -41.4796 37.2137
9889 -54.993 -115 -32 -68.634 -41.352 37.1764
9899 -54.547 -131 -31 -67.3648 -41.7292 37.1393
9909 -54.373 -117 -27 -67.7263 -41.0197 37.1021
9919 -55.167 -110 -30 -68.2691 -42.0649 37.065
9929 -54.697 -110 -32 -67.661 -41.733 37.028
9939 -53.953 -101 -32 -66.0014 -41.9046 36.9909
9949 -54.045 -109 -32 -66.5331 -41.5569 36.9539
9959 -53.649 -121 -32 -66.5954 -40.7026 36.917
9969 -54.068 -109 -30 -66.7665 -41.3695 36.8801
9979 -54.075 -117 -32 -67.4756 -40.6744 36.8432
9989 -53.93 -137 -32 -67.0492 -40.8108 36.8063
9999 -53.743 -116 -28 -66.5495 -40.9365 36.7695
10009 -54.335 -122 -32 -67.1579 -41.5121 36.7328
10019 -54.333 -108 -32 -67.1793 -41.4867 36.696
10029 -54.776 -99 -30 -67.7217 -41.8303 36.6593
10039 -53.512 -111 -32 -66.2892 -40.7348 36.6227
10049 -54.17 -126 -32 -67.7672 -40.5728 36.5861
10059 -55.005 -124 -32 -69.4979 -40.5121 36.5495
10069 -54.486 -117 -28 -67.2774 -41.6946 36.5129
10079 -53.777 -113 -32 -66.2847 -41.2693 36.4764
10089 -54.195 -129 -32 -66.7901 -41.5999 36.4399
10099 -54.607 -102 -32 -67.0015 -42.2125 36.4035
10109 -54.159 -118 -18 -67.5042 -40.8138 36.3671
10119 -54.59 -133 -32 -67.9826 -41.1974 36.3307
10129 -53.777 -133 -32 -66.0142 -41.5398 36.2944
10139 -54.386 -121 -32 -67.2884 -41.4836 36.2581
10149 -54.061 -127 -32 -67.1986 -40.9234 36.2218
10159 -54.56 -122 -30 -67.383 -41.737 36.1856
10169 -53.991 -114 -29 -66.404 -41.578 36.1494
10179 -54.596 -121 -28 -67.7468 -41.4452 36.1133
10189 -54.316 -110 -30 -66.948 -41.684 36.0772
10199 -54.244 -124 -28 -67.4264 -41.0616 36.0411
10209 -54.6 -107 -32 -67.7717 -41.4283 36.0051
10219 -54.062 -105 -32 -66.5579 -41.5661 35.969
10229 -54.629 -127 -32 -67.6143 -41.6437 35.9331
10239 -54.168 -107 -28 -66.2691 -42.0669 35.8971
10249 -53.978 -107 -29 -66.5344 -41.4216 35.8613
10259 -53.601 -122 -29 -66.1799 -41.0221 35.8254
10269 -53.416 -97 -32 -65.8631 -40.9689 35.7896
10279 -53.315 -118 -32 -65.4424 -41.1876 35.7538
10289 -53.844 -111 -32 -66.0884 -41.5996 35.718
10299 -53.917 -104 -32 -66.3465 -41.4875 35.6823
10309 -52.992 -133 -30 -65.6633 -40.3207 35.6466
10319 -53.807 -102 -32 -66.242 -41.372 35.611
10329 -53.499 -127 -32 -66.4798 -40.5182 35.5754
10339 -53.79 -100 -30 -66.039 -41.541 35.5398
10349 -53.856 -113 -28 -66.5132 -41.1988 35.5042
10359 -53.48 -110 -32 -66.3092 -40.6508 35.4687
10369 -53.881 -110 -28 -66.4823 -41.2797 35.4333
10379 -53.248 -118 -28 -65.8961 -40.5999 35.3978
10389 -53.53 -111 -32 -65.9384 -41.1216 35.3624
10399 -54.032 -114 -32 -66.6382 -41.4258 35.3271
10409 -53.861 -115 -32 -66.0733 -41.6487 35.2918
10419 -53.113 -118 -28 -65.5909 -40.6351 35.2565
10429 -53.043 -114 -32 -65.5848 -40.5012 35.2212
10439 -54.188 -112 -32 -66.7717 -41.6043 35.186
10449 -53.737 -113 -18 -66.4153 -41.0587 35.1508
10459 -54.257 -117 -30 -66.9842 -41.5298 35.1156
10469 -53.939 -103 -32 -66.336 -41.542 35.0805
10479 -53.096 -120 -32 -65.779 -40.413 35.0455
10489 -53.35 -127 -32 -66.4655 -40.2345 35.0104
10499 -53.604 -106 -29 -65.73 -41.478 34.9754
10509 -53.235 -102 -29 -65.7864 -40.6836 34.9404
10519 -53.561 -112 -32 -65.8048 -41.3172 34.9055
10529 -53.683 -107 -29 -65.4832 -41.8828 34.8706
10539 -53.243 -122 -32 -65.341 -41.145 34.8357
10549 -53.523 -109 -32 -65.8989 -41.1471 34.8009
10559 -53.264 -115 -32 -65.6038 -40.9242 34.7661
10569 -52.528 -107 -29 -64.8638 -40.1922 34.7313
10579 -53.184 -114 -32 -65.3597 -41.0083 34.6966
10589 -53.891 -123 -28 -67.0927 -40.6893 34.6619
10599 -53.221 -103 -32 -65.7262 -40.7158 34.6272
10609 -52.657 -98 -25 -64.624 -40.69 34.5926
10619 -53.468 -117 -30 -65.6528 -41.2832 34.558
10629 -53.808 -112 -32 -67.0294 -40.5866 34.5234
10639 -53.783 -136 -32 -66.5309 -41.0351 34.4889
10649 -53.77 -111 -29 -66.4083 -41.1317 34.4544
10659 -52.745 -105 -32 -64.2422 -41.2478 34.42
10669 -53.394 -112 -32 -65.7646 -41.0234 34.3855
10679 -53.262 -111 -32 -66.4456 -40.0784 34.3512
10689 -53.224 -136 -16 -65.2543 -41.1937 34.3168
10699 -53.463 -102 -27 -65.7134 -41.2126 34.2825
10709 -52.949 -95 -32 -64.8152 -41.0828 34.2482
10719 -52.972 -111 -32 -65.6971 -40.2469 34.214
10729 -53.299 -113 -32 -65.6962 -40.9018 34.1797
10739 -52.782 -112 -32 -64.8955 -40.6685 34.1456
10749 -53.605 -109 -32 -65.8477 -41.3623 34.1114
10759 -52.923 -119 -32 -65.4001 -40.4459 34.0773
10769 -53.828 -110 -30 -66.3165 -41.3395 34.0432
10779 -53.184 -123 -32 -65.5005 -40.8675 34.0092
10789 -53 -100 -32 -64.9606 -41.0394 33.9752
10799 -53.309 -121 -32 -65.7728 -40.8452 33.9412
10809 -53.292 -121 -28 -65.7835 -40.8005 33.9073
10819 -52.97 -98 -32 -64.7235 -41.2165 33.8734
10829 -52.846 -119 -29 -65.065 -40.627 33.8395
10839 -52.701 -107 -30 -64.7632 -40.6388 33.8056
10849 -53.245 -100 -24 -65.2682 -41.2218 33.7718
10859 -53.221 -120 -29 -65.8428 -40.5992 33.7381
10869 -52.565 -96 -31 -64.3303 -40.7997 33.7043
10879 -53.44 -122 -32 -65.9443 -40.9357 33.6706
10889 -53.174 -102 -28 -65.6155 -40.7325 33.637
10899 -53.318 -107 -29 -65.0465 -41.5895 33.6033
10909 -52.495 -98 -32 -64.1104 -40.8796 33.5697
10919 -53.37 -105 -32 -65.3891 -41.3509 33.5361
10929 -52.919 -112 -28 -65.1379 -40.7001 33.5026
10939 -52.965 -97 -31 -64.7002 -41.2298 33.4691
10949 -52.784 -111 -29 -64.7111 -40.8569 33.4356
10959 -52.428 -124 -29 -65.0625 -39.7935 33.4022
10969 -53.049 -119 -32 -65.5341 -40.5639 33.3688
10979 -53.1 -124 -30 -65.3626 -40.8374 33.3354
10989 -52.979 -112 -32 -64.8175 -41.1405 33.3021
10999 -52.479 -108 -30 -64.6456 -40.3124 33.2688
11009 -52.981 -110 -29 -64.8238 -41.1382 33.2355
11019 -52.943 -107 -32 -64.8395 -41.0465 33.2023
11029 -52.454 -101 -29 -64.0616 -40.8464 33.1691
11039 -53.281 -110 -32 -65.3741 -41.1879 33.1359
11049 -53.1 -109 -32 -64.9791 -41.2209 33.1028
11059 -52.868 -112 -29 -65.2797 -40.4563 33.0697
11069 -53.007 -111 -32 -65.2859 -40.7281 33.0366
11079 -53.223 -107 -32 -65.613 -40.833 33.0036
11089 -52.182 -108 -30 -63.9255 -40.4385 32.9706
11099 -53.056 -88 -32 -64.6029 -41.5091 32.9376
11109 -52.429 -119 -32 -64.1944 -40.6636 32.9047
11119 -52.709 -95 -32 -64.5242 -40.8938 32.8718
11129 -52.995 -114 -28 -65.2194 -40.7706 32.8389
11139 -52.78 -120 -32 -64.7644 -40.7956 32.806
11149 -51.904 -115 -30 -63.9413 -39.8667 32.7732
11159 -52.006 -107 -32 -63.2575 -40.7545 32.7405
11169 -52.455 -104 -30 -65.0008 -39.9092 32.7077
11179 -52.494 -146 -29 -64.2399 -40.7481 32.675
11189 -53.091 -103 -28 -65.4074 -40.7746 32.6423
11199 -53.091 -95 -32 -65.0403 -41.1417 32.6097
11209 -52.28 -118 -32 -64.5086 -40.0514 32.5771
11219 -53.109 -107 -32 -65.1527 -41.0653 32.5445
11229 -52.548 -102 -26 -64.463 -40.633 32.512
11239 -52.833 -112 -29 -64.9765 -40.6895 32.4795
11249 -52.506 -105 -30 -64.2526 -40.7594 32.447
11259 -52.766 -111 -29 -65.1705 -40.3615 32.4145
11269 -52.465 -117 -28 -64.7687 -40.1613 32.3821
11279 -52.244 -102 -32 -64.1195 -40.3685 32.3497
11289 -52.319 -105 -32 -63.6594 -40.9786 32.3174
11299 -52.675 -128 -32 -64.8215 -40.5285 32.2851
11309 -52.596 -109 -32 -64.6489 -40.5431 32.2528
11319 -52.813 -116 -23 -64.6685 -40.9575 32.2205
11329 -52.715 -116 -32 -64.9319 -40.4981 32.1883
11339 -52.687 -108 -32 -64.6564 -40.7176 32.1561
11349 -52.79 -113 -32 -65.5493 -40.0307 32.124
11359 -52.629 -108 -29 -64.5224 -40.7356 32.0918
11369 -52.071 -110 -32 -64.0686 -40.0734 32.0597
11379 -52.338 -98 -32 -63.7991 -40.8769 32.0277
11389 -53.037 -130 -32 -64.7909 -41.2831 31.9957
11399 -52.696 -103 -28 -64.6481 -40.7439 31.9637
11409 -52.183 -114 -29 -63.9672 -40.3988 31.9317
11419 -52.488 -105 -32 -64.6213 -40.3547 31.8998
11429 -52.668 -118 -32 -64.3516 -40.9844 31.8679
11439 -51.799 -107 -28 -63.5186 -40.0794 31.836
11449 -52.103 -104 -29 -63.9658 -40.2402 31.8042
11459 -51.678 -106 -32 -62.9968 -40.3592 31.7724
11469 -51.763 -119 -30 -63.551 -39.975 31.7406
11479 -52.142 -243 -32 -65.2241 -39.0599 31.7088
11489 -52.291 -103 -32 -64.2565 -40.3255 31.6771
11499 -51.961 -95 -22 -63.2758 -40.6462 31.6455
11509 -52.891 -112 -32 -64.7621 -41.0199 31.6138
11519 -52.71 -112 -30 -64.7692 -40.6508 31.5822
11529 -51.89 -101 -32 -63.6159 -40.1641 31.5506
11539 -52.616 -113 -31 -64.8133 -40.4187 31.5191
11549 -52.535 -119 -32 -64.6686 -40.4014 31.4876
11559 -52.291 -99 -32 -64.1192 -40.4628 31.4561
11569 -52.734 -112 -28 -64.7612 -40.7068 31.4246
11579 -52.69 -113 -32 -64.7355 -40.6445 31.3932
11589 -51.989 -111 -32 -63.7167 -40.2613 31.3618
11599 -52.099 -123 -32 -64.0374 -40.1606 31.3304
11609 -52.262 -107 -32 -64.6687 -39.8553 31.2991
11619 -52.191 -111 -32 -64.5186 -39.8634 31.2678
11629 -52.144 -101 -31 -63.7615 -40.5265 31.2365
11639 -52.102 -103 -32 -63.8789 -40.3251 31.2053
11649 -52.561 -99 -28 -64.5061 -40.6159 31.1741
11659 -52.538 -129 -29 -64.919 -40.157 31.1429
11669 -51.92 -95 -31 -62.9903 -40.8497 31.1118
11679 -52.518 -114 -28 -64.2964 -40.7396 31.0807
11689 -52.069 -117 -31 -63.9705 -40.1675 31.0496
11699 -52.567 -114 -32 -64.4259 -40.7081 31.0185
11709 -52.189 -107 -28 -63.7076 -40.6704 30.9875
11719 -52.078 -97 -27 -63.5986 -40.5574 30.9565
11729 -52.051 -94 -32 -63.696 -40.406 30.9256
11739 -52.537 -110 -32 -64.5248 -40.5492 30.8946
11749 -52.003 -118 -32 -63.5811 -40.4249 30.8637
11759 -52.43 -104 -32 -64.2018 -40.6582 30.8329
11769 -52.379 -103 -25 -64.3287 -40.4293 30.8021
11779 -51.868 -113 -32 -63.5845 -40.1515 30.7712
11789 -51.995 -101 -28 -63.1085 -40.8815 30.7405
11799 -51.802 -110 -29 -63.6057 -39.9983 30.7097
11809 -52.35 -118 -30 -64.4107 -40.2893 30.679
11819 -52.396 -193 -32 -64.9523 -39.8397 30.6483
11829 -52.432 -105 -32 -63.8677 -40.9963 30.6177
11839 -52.409 -108 -32 -64.3978 -40.4202 30.5871
11849 -52.443 -101 -32 -64.4067 -40.4793 30.5565
11859 -52.223 -114 -32 -64.0888 -40.3572 30.5259
11869 -52.428 -104 -32 -63.632 -41.224 30.4954
11879 -52.356 -104 -30 -64.6008 -40.1112 30.4649
11889 -52.714 -114 -32 -64.6669 -40.7611 30.4345
11899 -52.203 -121 -29 -64.0526 -40.3534 30.404
11909 -51.463 -99 -31 -62.5263 -40.3997 30.3736
11919 -52.023 -117 -27 -63.5003 -40.5457 30.3432
11929 -51.642 -95 -30 -62.967 -40.317 30.3129
11939 -51.596 -104 -32 -62.8747 -40.3173 30.2826
11949 -51.752 -104 -23 -63.2219 -40.2821 30.2523
11959 -51.727 -98 -28 -62.6814 -40.7726 30.222
11969 -51.309 -111 -30 -62.8863 -39.7317 30.1918
11979 -52.276 -101 -32 -63.6863 -40.8657 30.1616
11989 -52.25 -100 -32 -64.3049 -40.1951 30.1315
11999 -52.37 -138 -29 -64.6134 -40.1266 30.1013
12009 -51.033 -101 -30 -61.9302 -40.1358 30.0712
12019 -51.621 -113 -29 -62.7102 -40.5318 30.0412
12029 -52.087 -104 -28 -63.9147 -40.2593 30.0111
12039 -51.824 -102 -28 -63.2225 -40.4255 29.9811
12049 -51.881 -98 -32 -63.2353 -40.5267 29.9511
12059 -52.064 -108 -32 -63.4417 -40.6863 29.9212
12069 -51.923 -207 -26 -64.0632 -39.7828 29.8913
12079 -51.82 -99 -32 -63.2193 -40.4207 29.8614
12089 -51.901 -118 -31 -63.7229 -40.0791 29.8315
12099 -52.494 -99 -32 -64.252 -40.736 29.8017
12109 -51.649 -107 -32 -62.9538 -40.3442 29.7719
12119 -51.797 -96 -32 -62.7437 -40.8503 29.7421
12129 -51.207 -90 -32 -62.4859 -39.9281 29.7124
12139 -51.317 -108 -32 -62.772 -39.862 29.6827
12149 -51.652 -115 -22 -63.447 -39.857 29.653
12159 -51.371 -98 -32 -62.7652 -39.9768 29.6233
12169 -51.002 -106 -32 -62.0875 -39.9165 29.5937
12179 -52.035 -100 -26 -63.5782 -40.4918 29.5641
12189 -51.84 -109 -29 -63.2333 -40.4467 29.5345
12199 -51.447 -118 -31 -63.323 -39.571 29.505
12209 -51.567 -101 -31 -62.9831 -40.1509 29.4755
12219 -51.884 -98 -32 -63.611 -40.157 29.446
12229 -51.57 -109 -32 -63.1881 -39.9519 29.4166
12239 -51.875 -111 -32 -63.2439 -40.5061 29.3872
12249 -51.382 -103 -28 -62.49 -40.274 29.3578
12259 -52.078 -127 -28 -63.8098 -40.3462 29.3284
12269 -51.937 -100 -32 -63.2489 -40.6251 29.2991
12279 -51.703 -102 -32 -63.037 -40.369 29.2698
12289 -51.159 -95 -32 -62.3721 -39.9459 29.2405
12299 -51.551 -103 -29 -62.4192 -40.6828 29.2113
12309 -51.191 -105 -28 -61.9649 -40.4171 29.1821
12319 -51.815 -118 -32 -64.016 -39.614 29.1529
12329 -52.263 -108 -28 -63.7688 -40.7572 29.1237
12339 -51.329 -94 -32 -62.3488 -40.3092 29.0946
12349 -52.139 -104 -29 -63.598 -40.68 29.0655
12359 -52.315 -107 -32 -63.7265 -40.9035 29.0364
12369 -51.572 -116 -28 -63.1451 -39.9989 29.0074
12379 -51.74 -111 -32 -63.1684 -40.3116 28.9784
12389 -51.954 -111 -32 -63.6576 -40.2504 28.9494
12399 -51.278 -126 -32 -62.581 -39.975 28.9205
12409 -51.905 -115 -32 -63.5884 -40.2216 28.8916
12419 -51.485 -91 -32 -62.6354 -40.3346 28.8627
12429 -51.511 -112 -32 -63.1763 -39.8457 28.8338
12439 -51.056 -93 -28 -61.4276 -40.6844 28.805
12449 -51.515 -97 -28 -62.8637 -40.1663 28.7762
12459 -51.276 -93 -32 -62.2063 -40.3457 28.7474
12469 -50.869 -93 -22 -61.8264 -39.9116 28.7186
12479 -51.001 -111 -28 -62.0518 -39.9502 28.6899
12489 -50.971 -99 -32 -61.6821 -40.2599 28.6612
12499 -51.703 -99 -32 -62.6736 -40.7324 28.6326
12509 -51.882 -104 -30 -63.6352 -40.1288 28.6039
12519 -51.451 -108 -32 -63.0129 -39.8891 28.5753
12529 -51.511 -94 -32 -62.7271 -40.2949 28.5468
12539 -51.261 -100 -32 -62.2585 -40.2635 28.5182
12549 -51.338 -102 -32 -62.47 -40.206 28.4897
12559 -51.52 -98 -32 -62.9331 -40.1069 28.4612
12569 -51.81 -102 -32 -63.487 -40.133 28.4327
12579 -51.146 -102 -32 -62.0589 -40.2331 28.4043
12589 -51.619 -110 -29 -62.9585 -40.2795 28.3759
12599 -51.322 -97 -20 -62.0762 -40.5678 28.3475
12609 -51.405 -93 -32 -62.4685 -40.3415 28.3192
12619 -51.973 -93 -28 -63.3339 -40.6121 28.2909
12629 -51.354 -99 -32 -62.5913 -40.1167 28.2626
12639 -51.528 -98 -32 -62.3629 -40.6931 28.2343
12649 -51.222 -103 -32 -62.6802 -39.7638 28.2061
12659 -51.183 -102 -32 -62.3261 -40.0399 28.1779
12669 -51.06 -102 -30 -62.1441 -39.9759 28.1497
12679 -50.905 -98 -32 -61.861 -39.949 28.1215
12689 -51.614 -98 -28 -63.1662 -40.0618 28.0934
12699 -51.45 -102 -32 -62.4815 -40.4185 28.0653
12709 -51.223 -101 -32 -62.3809 -40.0651 28.0373
12719 -51.304 -103 -32 -62.7183 -39.8897 28.0092
12729 -50.893 -105 -28 -62.3965 -39.3895 27.9812
12739 -51.399 -100 -32 -62.5643 -40.2337 27.9532
12749 -50.522 -95 -32 -61.2988 -39.7452 27.9253
12759 -51.27 -110 -32 -62.3283 -40.2117 27.8974
12769 -50.42 -98 -32 -61.2685 -39.5715 27.8695
12779 -50.357 -102 -32 -61.333 -39.381 27.8416
12789 -51.403 -89 -32 -62.6575 -40.1485 27.8137
12799 -50.58 -93 -32 -61.6893 -39.4707 27.7859
12809 -50.932 -104 -32 -61.757 -40.107 27.7581
12819 -50.617 -95 -28 -61.0991 -40.1349 27.7304
12829 -51.479 -99 -32 -62.5363 -40.4217 27.7027
12839 -50.838 -107 -32 -62.3137 -39.3623 27.675
12849 -50.893 -102 -32 -61.5642 -40.2218 27.6473
12859 -50.918 -99 -32 -61.671 -40.165 27.6196
12869 -51.178 -105 -32 -62.1537 -40.2023 27.592
12879 -51.266 -95 -32 -62.1488 -40.3832 27.5644
12889 -51.275 -114 -32 -63.26 -39.29 27.5369
12899 -51.554 -143 -32 -63.3828 -39.7252 27.5093
12909 -51.364 -104 -32 -62.4276 -40.3004 27.4818
12919 -50.891 -113 -32 -62.01 -39.772 27.4543
12929 -51.441 -97 -32 -62.736 -40.146 27.4269
12939 -50.671 -107 -27 -61.7525 -39.5895 27.3994
12949 -51.079 -104 -32 -61.8598 -40.2982 27.372
12959 -50.473 -96 -32 -61.138 -39.808 27.3447
12969 -51.056 -99 -32 -61.9495 -40.1625 27.3173
12979 -51.645 -104 -32 -62.8012 -40.4888 27.29
12989 -50.638 -123 -32 -62.2 -39.076 27.2627
12999 -51.053 -103 -29 -62.2427 -39.8633 27.2355
13009 -51.694 -103 -32 -63.5197 -39.8683 27.2082
13019 -50.91 -99 -32 -61.8152 -40.0048 27.181
13029 -50.778 -96 -32 -61.8713 -39.6847 27.1538
13039 -51.602 -115 -32 -62.8074 -40.3966 27.1267
13049 -51.078 -98 -28 -62.036 -40.12 27.0996
13059 -50.949 -97 -32 -62.1735 -39.7245 27.0725
13069 -51.029 -102 -32 -62.6083 -39.4497 27.0454
13079 -51.416 -99 -32 -62.7271 -40.1049 27.0183
13089 -51.022 -103 -25 -62.2284 -39.8156 26.9913
13099 -50.587 -106 -32 -61.4954 -39.6786 26.9643
13109 -50.385 -102 -32 -61.2291 -39.5409 26.9374
13119 -50.701 -94 -32 -61.6408 -39.7612 26.9104
13129 -50.352 -97 -32 -61.329 -39.375 26.8835
13139 -50.191 -97 -32 -60.4479 -39.9341 26.8566
13149 -50.616 -94 -32 -60.9714 -40.2606 26.8298
13159 -50.363 -89 -32 -60.7258 -40.0002 26.8029
13169 -50.526 -100 -29 -61.1926 -39.8594 26.7761
13179 -50.114 -100 -32 -60.8703 -39.3577 26.7494
13189 -50.13 -91 -29 -60.497 -39.763 26.7226
13199 -49.807 -96 -32 -60.0045 -39.6095 26.6959
13209 -50.322 -92 -32 -60.7988 -39.8452 26.6692
13219 -51.069 -102 -32 -61.9347 -40.2033 26.6425
13229 -51.012 -102 -28 -62.004 -40.02 26.6159
13239 -50.486 -92 -29 -61.2096 -39.7624 26.5893
13249 -50.201 -91 -32 -60.9909 -39.4111 26.5627
13259 -50.811 -99 -32 -61.4416 -40.1804 26.5361
13269 -50.41 -104 -32 -61.1686 -39.6514 26.5096
13279 -50.719 -110 -32 -61.8578 -39.5802 26.4831
13289 -51.036 -105 -32 -62.6527 -39.4193 26.4566
13299 -50.791 -117 -31 -61.7608 -39.8212 26.4301
13309 -50.922 -89 -32 -62.0576 -39.7864 26.4037
13319 -50.988 -103 -30 -61.9863 -39.9897 26.3773
13329 -50.662 -112 -32 -61.6368 -39.6872 26.3509
13339 -50.313 -98 -32 -60.724 -39.902 26.3246
13349 -51.026 -114 -32 -62.0484 -40.0036 26.2982
13359 -50.094 -97 -32 -60.7674 -39.4206 26.2719
13369 -50.249 -92 -32 -60.8347 -39.6633 26.2457
13379 -50.235 -108 -32 -60.6861 -39.7839 26.2194
13389 -51.043 -100 -32 -62.2181 -39.8679 26.1932
13399 -50.195 -89 -32 -60.3123 -40.0777 26.167
13409 -50.978 -93 -32 -61.5072 -40.4488 26.1409
13419 -51.086 -97 -32 -62.3624 -39.8096 26.1147
13429 -50.492 -96 -18 -61.4012 -39.5828 26.0886
13439 -50.936 -93 -29 -61.9562 -39.9158 26.0625
13449 -50.66 -93 -32 -61.8881 -39.4319 26.0364
13459 -50.941 -104 -32 -61.5962 -40.2858 26.0104
13469 -51.018 -114 -32 -61.9818 -40.0542 25.9844
13479 -51.193 -98 -32 -62.1549 -40.2311 25.9584
13489 -50.196 -91 -32 -60.6765 -39.7155 25.9325
13499 -50.195 -93 -32 -60.5402 -39.8498 25.9065
13509 -50.254 -109 -32 -60.5609 -39.9471 25.8806
13519 -49.733 -118 -32 -60.7267 -38.7393 25.8547
13529 -50.593 -98 -32 -61.3441 -39.8419 25.8289
13539 -50.77 -102 -30 -61.7233 -39.8167 25.8031
13549 -50.424 -93 -32 -61.3341 -39.5139 25.7772
13559 -50.665 -93 -32 -60.9616 -40.3684 25.7515
13569 -50.101 -101 -28 -60.5429 -39.6591 25.7257
13579 -50.618 -93 -32 -61.2497 -39.9863 25.7
13589 -49.881 -96 -30 -60.7678 -38.9942 25.6743
13599 -51.095 -118 -32 -62.5694 -39.6206 25.6486
13609 -50.382 -99 -28 -61.0139 -39.7501 25.623
13619 -50.831 -102 -32 -61.7194 -39.9426 25.5973
13629 -50.093 -98 -30 -60.5957 -39.5903 25.5718
13639 -50.295 -111 -28 -60.9092 -39.6808 25.5462
13649 -50.615 -96 -32 -61.2638 -39.9662 25.5206
13659 -50.833 -98 -32 -61.7256 -39.9404 25.4951
13669 -50.445 -96 -26 -61.082 -39.808 25.4696
13679 -50.781 -98 -32 -61.1566 -40.4054 25.4441
13689 -50.569 -98 -32 -60.9813 -40.1567 25.4187
13699 -50.325 -97 -32 -60.6049 -40.0451 25.3933
13709 -50.363 -96 -32 -60.7545 -39.9715 25.3679
13719 -49.609 -93 -32 -59.5334 -39.6846 25.3425
13729 -50.471 -117 -32 -61.3204 -39.6216 25.3172
13739 -50.246 -109 -32 -60.9361 -39.5559 25.2919
13749 -50.345 -94 -32 -61.5222 -39.1678 25.2666
13759 -50.122 -103 -32 -60.6455 -39.5985 25.2413
13769 -50.937 -91 -32 -61.5957 -40.2783 25.2161
13779 -50.209 -94 -32 -60.8582 -39.5598 25.1908
13789 -50.48 -110 -32 -61.6312 -39.3288 25.1657
13799 -50.538 -95 -32 -61.0465 -40.0295 25.1405
13809 -50.607 -102 -32 -61.4693 -39.7447 25.1154
13819 -50.129 -105 -32 -61.1744 -39.0836 25.0902
13829 -50.445 -110 -32 -61.0554 -39.8346 25.0651
13839 -50.366 -103 -32 -61.1184 -39.6136 25.0401
13849 -50.348 -104 -32 -60.9652 -39.7308 25.015
13859 -50.706 -96 -32 -61.7341 -39.6779 24.99
13869 -50.332 -93 -32 -60.9897 -39.6743 24.965
13879 -50.574 -102 -32 -62.2887 -38.8593 24.9401
13889 -50.457 -98 -32 -60.9422 -39.9718 24.9151
13899 -50.567 -107 -32 -61.3303 -39.8037 24.8902
13909 -49.834 -92 -32 -59.8747 -39.7933 24.8653
13919 -50.172 -103 -32 -60.5966 -39.7474 24.8405
13929 -49.889 -101 -32 -60.3626 -39.4154 24.8156
13939 -49.652 -106 -32 -60.0187 -39.2853 24.7908
13949 -50.617 -96 -32 -61.2243 -40.0097 24.766
13959 -50.149 -97 -32 -60.5185 -39.7795 24.7412
13969 -50.158 -93 -32 -60.9838 -39.3322 24.7165
13979 -50.491 -103 -32 -61.2048 -39.7772 24.6918
13989 -50.223 -93 -32 -60.6772 -39.7688 24.6671
13999 -50.414 -98 -32 -60.9321 -39.8959 24.6424
14009 -50.368 -102 -32 -61.0269 -39.7091 24.6178
14019 -50.089 -101 -32 -60.2222 -39.9558 24.5932
14029 -50.333 -100 -32 -61.0359 -39.6301 24.5686
14039 -50.383 -94 -32 -61.0024 -39.7636 24.544
14049 -50.419 -96 -32 -60.864 -39.974 24.5195
14059 -51.028 -111 -32 -62.1256 -39.9304 24.4949
14069 -49.647 -94 -32 -59.5214 -39.7726 24.4704
14079 -49.553 -95 -32 -60.0417 -39.0643 24.446
14089 -50.105 -96 -32 -60.3958 -39.8142 24.4215
14099 -50.511 -97 -32 -61.5443 -39.4777 24.3971
14109 -50.365 -94 -32 -61.0702 -39.6598 24.3727
14119 -49.924 -109 -32 -60.802 -39.046 24.3483
14129 -50.488 -97 -32 -61.0135 -39.9625 24.324
14139 -49.764 -107 -32 -60.5547 -38.9733 24.2997
14149 -50.093 -105 -32 -61.3418 -38.8442 24.2754
14159 -50.02 -92 -24 -60.2454 -39.7946 24.2511
14169 -50.072 -97 -29 -61.1831 -38.9609 24.2268
14179 -50.496 -98 -32 -61.3098 -39.6822 24.2026
14189 -50.038 -99 -28 -60.4022 -39.6738 24.1784
14199 -50.524 -96 -32 -61.2866 -39.7614 24.1542
14209 -49.899 -102 -32 -60.4676 -39.3304 24.1301
14219 -49.833 -101 -32 -60.3627 -39.3033 24.106
14229 -50.335 -100 -32 -61.0828 -39.5872 24.0818
14239 -50.029 -97 -32 -60.553 -39.505 24.0578
14249 -49.729 -89 -32 -60.1899 -39.2681 24.0337
14259 -50.366 -103 -32 -61.3405 -39.3915 24.0097
14269 -49.273 -92 -32 -59.324 -39.222 23.9857
14279 -48.954 -93 -32 -59.2004 -38.7076 23.9617
14289 -49.536 -94 -32 -59.373 -39.699 23.9377
14299 -49.927 -91 -32 -60.3668 -39.4872 23.9138
14309 -50.382 -95 -32 -60.8536 -39.9104 23.8899
14319 -49.571 -93 -32 -59.6642 -39.4778 23.866
14329 -49.527 -87 -32 -59.7905 -39.2635 23.8421
14339 -49.543 -97 -29 -59.9283 -39.1577 23.8183
14349 -49.755 -98 -32 -60.0491 -39.4609 23.7944
14359 -50.219 -108 -32 -60.9203 -39.5177 23.7707
14369 -50.217 -87 -32 -59.8877 -40.5463 23.7469
14379 -49.895 -95 -32 -60.3754 -39.4146 23.7231
14389 -49.931 -100 -32 -59.9808 -39.8812 23.6994
14399 -49.606 -98 -32 -59.9699 -39.2421 23.6757
14409 -49.512 -99 -32 -60.0436 -38.9804 23.652
14419 -49.672 -98 -30 -60.1336 -39.2104 23.6284
14429 -49.496 -91 -32 -59.4812 -39.5108 23.6048
14439 -49.651 -95 -32 -60.3131 -38.9889 23.5812
14449 -49.954 -87 -32 -60.3419 -39.5661 23.5576
14459 -49.614 -99 -32 -59.7402 -39.4878 23.534
14469 -49.728 -98 -28 -60.2582 -39.1978 23.5105
14479 -49.342 -93 -32 -59.6967 -38.9873 23.487
14489 -50.123 -242 -32 -61.8712 -38.3748 23.4635
14499 -50.072 -108 -32 -60.8934 -39.2506 23.44
14509 -49.685 -106 -32 -60.0744 -39.2956 23.4166
14519 -50.331 -99 -32 -60.7609 -39.9011 23.3932
14529 -50.064 -98 -32 -60.4727 -39.6553 23.3698
14539 -50.048 -90 -32 -60.3895 -39.7065 23.3464
14549 -49.728 -92 -32 -59.8865 -39.5695 23.3231
14559 -50.217 -107 -32 -61.2114 -39.2226 23.2997
14569 -50.496 -100 -32 -61.3717 -39.6203 23.2764
14579 -50.238 -90 -32 -60.3747 -40.1013 23.2532
14589 -50.173 -102 -32 -60.5289 -39.8171 23.2299
14599 -50.135 -94 -32 -60.4752 -39.7948 23.2067
14609 -50.303 -97 -28 -60.7903 -39.8157 23.1835
14619 -50.129 -93 -32 -60.6582 -39.5998 23.1603
14629 -49.575 -100 -32 -59.7351 -39.4149 23.1371
14639 -49.615 -87 -32 -59.5067 -39.7233 23.114
14649 -49.386 -96 -28 -59.9802 -38.7918 23.0909
14659 -49.395 -97 -32 -59.7094 -39.0806 23.0678
14669 -49.763 -95 -32 -60.341 -39.185 23.0447
14679 -49.735 -98 -32 -59.9064 -39.5636 23.0217
14689 -49.714 -88 -32 -59.7313 -39.6967 22.9986
14699 -49.607 -93 -32 -59.9666 -39.2474 22.9756
14709 -49.338 -94 -32 -59.5442 -39.1318 22.9527
14719 -49.34 -95 -29 -59.267 -39.413 22.9297
14729 -49.656 -97 -32 -59.8198 -39.4922 22.9068
14739 -49.655 -96 -32 -60.0336 -39.2764 22.8839
14749 -50.032 -107 -32 -60.4244 -39.6396 22.861
14759 -49.067 -87 -32 -59.1049 -39.0291 22.8381
14769 -49.186 -94 -32 -59.166 -39.206 22.8153
14779 -49.285 -99 -32 -59.307 -39.263 22.7925
14789 -49.495 -94 -32 -59.9571 -39.0329 22.7697
14799 -49.83 -101 -32 -59.5129 -40.1471 22.7469
14809 -49.354 -90 -30 -59.8114 -38.8966 22.7242
14819 -49.486 -96 -32 -59.2279 -39.7441 22.7014
14829 -49.353 -92 -32 -59.422 -39.284 22.6787
14839 -49.844 -99 -32 -60.099 -39.589 22.6561
14849 -50.139 -100 -32 -60.82 -39.458 22.6334
14859 -49.171 -94 -32 -59.4026 -38.9394 22.6108
14869 -49.716 -89 -32 -59.5897 -39.8423 22.5882
14879 -50.075 -95 -32 -60.841 -39.309 22.5656
14889 -49.384 -82 -29 -59.4168 -39.3512 22.543
14899 -49.2 -90 -30 -58.9514 -39.4486 22.5205
14909 -49.531 -92 -28 -59.9712 -39.0908 22.4979
14919 -49.738 -88 -32 -59.7798 -39.6962 22.4755
14929 -49.503 -93 -32 -59.7859 -39.2201 22.453
14939 -50.269 -95 -32 -60.58 -39.958 22.4305
14949 -49.619 -98 -32 -59.736 -39.502 22.4081
14959 -49.468 -97 -32 -59.6046 -39.3314 22.3857
14969 -49.456 -102 -32 -59.6166 -39.2954 22.3633
14979 -49.413 -92 -32 -59.1364 -39.6896 22.3409
14989 -49.577 -92 -32 -59.2711 -39.8829 22.3186
14999 -50.089 -96 -32 -60.8926 -39.2854 22.2963
15009 -49.784 -93 -32 -60.0413 -39.5267 22.274
15019 -49.538 -98 -32 -60.0624 -39.0136 22.2517
15029 -49.08 -93 -32 -59.3061 -38.8539 22.2295
15039 -49.027 -92 -32 -58.9727 -39.0813 22.2072
15049 -49.451 -93 -32 -59.3924 -39.5096 22.185
15059 -49.772 -90 -32 -59.9356 -39.6084 22.1628
15069 -49.53 -97 -32 -59.6956 -39.3644 22.1407
15079 -49.601 -100 -32 -59.7995 -39.4025 22.1185
15089 -49.305 -113 -32 -59.8018 -38.8082 22.0964
15099 -49.939 -91 -32 -60.1461 -39.7319 22.0743
15109 -49.881 -92 -32 -60.0653 -39.6967 22.0522
15119 -49.911 -119 -32 -60.2958 -39.5262 22.0302
15129 -49.091 -93 -32 -59.0402 -39.1418 22.0082
15139 -49.72 -95 -28 -59.7159 -39.7241 21.9861
15149 -49.355 -96 -30 -59.5658 -39.1442 21.9642
15159 -49.473 -92 -32 -59.853 -39.093 21.9422
15169 -49.509 -94 -32 -59.0259 -39.9921 21.9203
15179 -49.582 -103 -32 -59.9501 -39.2139 21.8983
15189 -49.553 -105 -32 -59.8469 -39.2591 21.8764
15199 -48.838 -92 -32 -59.0164 -38.6596 21.8546
15209 -49.759 -103 -32 -59.9782 -39.5398 21.8327
15219 -49.422 -118 -29 -59.7083 -39.1357 21.8109
15229 -48.771 -94 -32 -58.3603 -39.1817 21.7891
15239 -49.447 -104 -32 -59.3482 -39.5458 21.7673
15249 -49.516 -107 -20 -59.4928 -39.5392 21.7455
15259 -49.369 -103 -32 -59.3796 -39.3584 21.7238
15269 -48.719 -97 -32 -58.8224 -38.6156 21.702
15279 -48.987 -87 -32 -58.9621 -39.0119 21.6803
15289 -49.539 -89 -32 -59.321 -39.757 21.6587
15299 -49.458 -95 -32 -59.256 -39.66 21.637
15309 -48.703 -97 -30 -58.9416 -38.4644 21.6154
15319 -49.276 -94 -32 -59.3448 -39.2072 21.5937
15329 -49.166 -92 -32 -59.0975 -39.2345 21.5722
15339 -49.348 -102 -32 -59.309 -39.387 21.5506
15349 -49.489 -95 -32 -59.7015 -39.2765 21.529
15359 -49.225 -98 -32 -59.2336 -39.2164 21.5075
15369 -49.837 -108 -32 -60.3189 -39.3551 21.486
15379 -49.258 -89 -32 -59.2908 -39.2252 21.4645
15389 -48.968 -82 -32 -58.8676 -39.0684 21.443
15399 -49.467 -99 -32 -59.4368 -39.4972 21.4216
15409 -50.024 -94 -27 -60.4069 -39.6411 21.4002
15419 -49.567 -98 -32 -59.5465 -39.5875 21.3788
15429 -49.521 -101 -32 -59.7757 -39.2663 21.3574
15439 -49.142 -88 -32 -58.8623 -39.4217 21.336
15449 -49.128 -88 -29 -59.5884 -38.6676 21.3147
15459 -50.242 -89 -32 -60.5073 -39.9767 21.2934
15469 -49.552 -98 -32 -59.8637 -39.2403 21.2721
15479 -49.443 -113 -32 -59.2697 -39.6163 21.2508
15489 -49.523 -84 -32 -59.0163 -40.0297 21.2296
15499 -48.959 -105 -32 -58.8192 -39.0988 21.2083
15509 -49.679 -92 -32 -59.8931 -39.4649 21.1871
15519 -49.415 -86 -32 -59.2647 -39.5653 21.1659
15529 -49.431 -102 -32 -59.7465 -39.1155 21.1448
15539 -49.032 -92 -32 -58.551 -39.513 21.1236
15549 -49.404 -104 -32 -59.6381 -39.1699 21.1025
15559 -49.792 -95 -32 -59.9703 -39.6137 21.0814
15569 -49.567 -91 -32 -59.3578 -39.7762 21.0603
15579 -49.245 -127 -32 -59.5188 -38.9712 21.0393
15589 -49.558 -94 -32 -59.7874 -39.3286 21.0182
15599 -49.122 -96 -32 -59.0143 -39.2297 20.9972
15609 -48.595 -87 -32 -58.5027 -38.6873 20.9762
15619 -49.169 -102 -32 -59.1524 -39.1856 20.9552
15629 -49.409 -97 -32 -59.3544 -39.4636 20.9343
15639 -49.168 -84 -31 -58.6523 -39.6837 20.9133
15649 -49.236 -88 -32 -59.1965 -39.2755 20.8924
15659 -49.025 -115 -32 -59.5705 -38.4795 20.8715
15669 -49.685 -89 -32 -59.3265 -40.0435 20.8507
15679 -48.726 -87 -32 -58.3433 -39.1087 20.8298
15689 -49.689 -87 -28 -59.8518 -39.5262 20.809
15699 -49.294 -97 -32 -59.4552 -39.1328 20.7882
15709 -48.729 -87 -32 -58.1247 -39.3333 20.7674
15719 -48.745 -94 -32 -58.6341 -38.8559 20.7466
15729 -49.357 -86 -30 -59.2696 -39.4444 20.7259
15739 -48.786 -91 -32 -58.3717 -39.2003 20.7052
15749 -49.149 -92 -32 -59.4793 -38.8187 20.6844
15759 -49.003 -107 -32 -59.0754 -38.9306 20.6638
15769 -49.165 -93 -32 -58.8767 -39.4533 20.6431
15779 -48.838 -92 -32 -58.4419 -39.2341 20.6225
15789 -48.956 -93 -32 -58.7161 -39.1959 20.6018
15799 -48.723 -87 -32 -58.0871 -39.3589 20.5812
15809 -49.421 -95 -32 -59.643 -39.199 20.5607
15819 -49.305 -105 -32 -59.4121 -39.1979 20.5401
15829 -48.735 -88 -32 -58.4504 -39.0196 20.5196
15839 -49.151 -86 -32 -59.2752 -39.0268 20.499
15849 -49.134 -98 -32 -59.235 -39.033 20.4785
15859 -48.958 -87 -32 -58.5694 -39.3466 20.4581
15869 -48.612 -94 -32 -58.59 -38.634 20.4376
15879 -48.167 -93 -32 -57.9763 -38.3577 20.4172
15889 -49.209 -93 -32 -59.2589 -39.1591 20.3967
15899 -49.159 -106 -32 -59.4857 -38.8323 20.3763
15909 -49.049 -98 -32 -59.5767 -38.5213 20.356
15919 -49.114 -88 -32 -58.832 -39.396 20.3356
15929 -48.983 -95 -32 -58.7105 -39.2555 20.3153
15939 -48.982 -98 -32 -58.9589 -39.0051 20.295
15949 -49.731 -93 -32 -59.9955 -39.4665 20.2747
15959 -49.1 -89 -32 -58.7311 -39.4689 20.2544
15969 -49.153 -92 -32 -59.2186 -39.0874 20.2341
15979 -48.743 -88 -32 -58.7712 -38.7148 20.2139
15989 -48.766 -88 -32 -58.4268 -39.1052 20.1937
15999 -48.666 -94 -32 -58.3488 -38.9832 20.1735
16009 -49.042 -82 -28 -58.8772 -39.2068 20.1533
16019 -48.915 -96 -32 -58.7097 -39.1203 20.1332
16029 -48.857 -96 -32 -58.9021 -38.8119 20.113
16039 -49.106 -86 -32 -58.7842 -39.4278 20.0929
16049 -49.171 -92 -32 -58.8069 -39.5351 20.0728
16059 -48.958 -82 -32 -58.5069 -39.4091 20.0528
16069 -48.873 -99 -32 -58.9342 -38.8118 20.0327
16079 -49.207 -95 -32 -59.1106 -39.3034 20.0127
16089 -48.699 -85 -32 -58.3508 -39.0472 19.9927
16099 -49.328 -93 -32 -59.2909 -39.3651 19.9727
16109 -48.72 -94 -30 -58.6334 -38.8066 19.9527
16119 -48.338 -96 -32 -57.9072 -38.7688 19.9327
16129 -48.694 -86 -32 -58.1588 -39.2292 19.9128
16139 -49.106 -92 -32 -58.9117 -39.3003 19.8929
16149 -48.548 -89 -32 -58.1216 -38.9744 19.873
16159 -48.903 -92 -32 -58.3014 -39.5046 19.8531
16169 -48.7 -100 -32 -58.3961 -39.0039 19.8333
16179 -48.969 -101 -32 -58.7138 -39.2242 19.8134
16189 -48.939 -94 -32 -58.3453 -39.5327 19.7936
16199 -49.371 -102 -32 -59.4183 -39.3237 19.7738
16209 -48.721 -93 -32 -58.5876 -38.8544 19.7541
16219 -49.215 -85 -32 -59.2099 -39.2201 19.7343
16229 -48.749 -92 -32 -58.0926 -39.4054 19.7146
16239 -48.717 -93 -32 -58.1221 -39.3119 19.6949
16249 -48.783 -92 -28 -58.822 -38.744 19.6752
16259 -48.766 -100 -32 -58.8165 -38.7155 19.6555
16269 -48.246 -89 -30 -57.5574 -38.9346 19.6358
16279 -48.802 -96 -32 -58.4096 -39.1944 19.6162
16289 -48.005 -87 -32 -57.033 -38.977 19.5966
16299 -48.711 -93 -32 -58.3462 -39.0758 19.577
16309 -49.043 -96 -32 -59.0546 -39.0314 19.5574
16319 -48.782 -88 -32 -58.7742 -38.7898 19.5379
16329 -48.282 -102 -32 -57.6455 -38.9185 19.5183
16339 -48.732 -102 -32 -58.2946 -39.1694 19.4988
16349 -48.681 -88 -28 -58.3376 -39.0244 19.4793
16359 -49.409 -103 -32 -59.5374 -39.2806 19.4598
16369 -48.719 -83 -32 -58.3377 -39.1003 19.4404
16379 -48.407 -94 -32 -58.2419 -38.5721 19.4209
16389 -48.568 -87 -32 -58.1217 -39.0143 19.4015
16399 -48.878 -87 -30 -58.2662 -39.4898 19.3821
16409 -48.977 -83 -32 -58.6995 -39.2545 19.3627
16419 -48.712 -93 -32 -58.5498 -38.8742 19.3433
16429 -48.982 -91 -32 -58.8848 -39.0792 19.324
16439 -48.296 -98 -32 -57.8106 -38.7814 19.3047
16449 -48.26 -84 -32 -57.6702 -38.8498 19.2854
16459 -48.436 -86 -32 -57.635 -39.237 19.2661
16469 -48.642 -87 -32 -58.4083 -38.8757 19.2468
16479 -48.996 -91 -32 -58.9968 -38.9952 19.2276
16489 -48.824 -92 -32 -58.5407 -39.1073 19.2084
16499 -49.018 -87 -32 -58.5883 -39.4477 19.1891
16509 -48.792 -86 -32 -58.657 -38.927 19.17
16519 -48.833 -98 -32 -58.6934 -38.9726 19.1508
16529 -49.054 -84 -32 -58.5833 -39.5247 19.1316
16539 -48.744 -91 -32 -58.5624 -38.9256 19.1125
16549 -48.605 -93 -32 -58.4092 -38.8008 19.0934
16559 -48.792 -102 -32 -58.5462 -39.0378 19.0743
16569 -49.12 -89 -32 -58.8858 -39.3542 19.0552
16579 -48.723 -88 -32 -57.9342 -39.5118 19.0362
16589 -49.26 -93 -29 -59.1176 -39.4024 19.0171
16599 -48.633 -96 -32 -58.365 -38.901 18.9981
16609 -48.534 -88 -32 -58.2611 -38.8069 18.9791
16619 -48.652 -89 -32 -58.246 -39.058 18.9601
16629 -48.852 -93 -32 -58.7056 -38.9984 18.9412
16639 -48.928 -87 -32 -58.6706 -39.1854 18.9222
16649 -48.581 -86 -32 -58.0265 -39.1355 18.9033
16659 -48.281 -90 -32 -57.5762 -38.9858 18.8844
16669 -48.579 -88 -29 -58.261 -38.897 18.8655
16679 -48.831 -89 -32 -58.8889 -38.7731 18.8467
16689 -48.081 -94 -32 -57.6973 -38.4647 18.8278
16699 -48.898 -87 -32 -58.7007 -39.0953 18.809
16709 -48.44 -96 -32 -58.0198 -38.8602 18.7902
16719 -48.418 -87 -32 -57.7822 -39.0538 18.7714
16729 -48.58 -92 -32 -58.2725 -38.8875 18.7526
16739 -48.55 -92 -32 -58.0777 -39.0223 18.7339
16749 -48.394 -92 -32 -58.1049 -38.6831 18.7151
16759 -48.147 -86 -32 -57.3959 -38.8981 18.6964
16769 -48.299 -81 -32 -57.6412 -38.9568 18.6777
16779 -47.772 -83 -32 -56.8218 -38.7222 18.659
16789 -48.279 -92 -32 -57.7925 -38.7655 18.6404
16799 -48.686 -93 -32 -58.4535 -38.9185 18.6217
16809 -48.441 -98 -32 -58.097 -38.785 18.6031
16819 -48.468 -104 -32 -58.383 -38.553 18.5845
16829 -47.999 -97 -31 -57.4554 -38.5426 18.5659
16839 -48.045 -83 -32 -57.4493 -38.6407 18.5474
16849 -48.541 -102 -32 -58.0826 -38.9994 18.5288
16859 -49.071 -123 -32 -58.9062 -39.2358 18.5103
16869 -49.005 -84 -32 -58.5562 -39.4538 18.4918
16879 -48.289 -101 -32 -57.5859 -38.9921 18.4733
16889 -48.774 -87 -32 -58.2071 -39.3409 18.4548
16899 -48.44 -97 -32 -57.9215 -38.9585 18.4364
16909 -48.201 -89 -32 -57.6173 -38.7847 18.4179
16919 -48.673 -92 -32 -58.3627 -38.9833 18.3995
16929 -48.531 -93 -32 -58.0901 -38.9719 18.3811
16939 -48.303 -97 -32 -57.93 -38.676 18.3627
16949 -48.407 -82 -32 -57.9815 -38.8325 18.3444
16959 -48.519 -90 -32 -58.4676 -38.5704 18.326
16969 -48.095 -87 -32 -57.4005 -38.7895 18.3077
16979 -48.778 -88 -28 -58.6963 -38.8597 18.2894
16989 -48.707 -90 -32 -58.1886 -39.2254 18.2711
16999 -48.448 -82 -32 -57.7144 -39.1816 18.2528
17009 -48.266 -88 -32 -57.6543 -38.8777 18.2346
17019 -48.553 -91 -32 -58.2424 -38.8636 18.2163
17029 -48.71 -87 -32 -58.3485 -39.0715 18.1981
17039 -49.07 -95 -32 -59.1778 -38.9622 18.1799
17049 -49.095 -92 -32 -58.685 -39.505 18.1617
17059 -48.396 -92 -32 -58.1942 -38.5978 18.1436
17069 -48.683 -103 -32 -58.3662 -38.9998 18.1254
17079 -48.377 -89 -32 -57.9241 -38.8299 18.1073
17089 -48.781 -102 -32 -58.4065 -39.1555 18.0892
17099 -48.194 -91 -32 -57.6519 -38.7361 18.0711
17109 -49.14 -83 -32 -58.9668 -39.3132 18.053
17119 -48.736 -108 -32 -58.7594 -38.7126 18.035
17129 -48.823 -88 -32 -58.2279 -39.4181 18.017
17139 -48.255 -89 -32 -57.4044 -39.1056 17.9989
17149 -48.055 -87 -32 -57.3116 -38.7984 17.9809
17159 -47.945 -82 -32 -57.4646 -38.4254 17.963
17169 -47.951 -89 -29 -57.3557 -38.5463 17.945
17179 -48.415 -87 -31 -57.6699 -39.1601 17.927
17189 -48.552 -88 -32 -58.1203 -38.9837 17.9091
17199 -48.518 -93 -32 -58.4086 -38.6274 17.8912
17209 -48.42 -107 -32 -57.785 -39.055 17.8733
17219 -48.104 -86 -32 -57.3749 -38.8331 17.8554
17229 -48.351 -88 -32 -57.8533 -38.8487 17.8376
17239 -47.855 -84 -32 -57.2256 -38.4844 17.8198
17249 -48.62 -82 -32 -58.1662 -39.0738 17.8019
17259 -48.656 -92 -28 -58.0237 -39.2883 17.7841
17269 -47.914 -89 -32 -57.3029 -38.5251 17.7663
17279 -48.149 -98 -32 -57.4416 -38.8564 17.7486
17289 -48.6 -83 -32 -58.4022 -38.7978 17.7308
17299 -48.265 -87 -32 -57.78 -38.75 17.7131
17309 -48.321 -87 -32 -57.7664 -38.8756 17.6954
17319 -48.247 -83 -32 -57.4206 -39.0734 17.6777
17329 -48.136 -98 -32 -57.5691 -38.7029 17.66
17339 -48.437 -88 -32 -57.8866 -38.9874 17.6424
17349 -48.064 -93 -32 -57.2531 -38.8749 17.6247
17359 -48.428 -83 -32 -58.064 -38.792 17.6071
17369 -48.538 -98 -32 -58.0533 -39.0227 17.5895
17379 -47.912 -80 -32 -57.2367 -38.5873 17.5719
17389 -48.192 -96 -32 -57.4317 -38.9523 17.5543
17399 -48.023 -92 -32 -57.0709 -38.9751 17.5368
17409 -48.265 -84 -32 -57.6498 -38.8802 17.5192
17419 -47.996 -87 -32 -57.5243 -38.4677 17.5017
17429 -48.642 -101 -32 -58.4657 -38.8183 17.4842
17439 -48.831 -103 -32 -58.9242 -38.7378 17.4667
17449 -48.016 -87 -32 -57.3374 -38.6946 17.4493
17459 -47.708 -97 -32 -56.9037 -38.5123 17.4318
17469 -48.489 -85 -32 -57.7907 -39.1873 17.4144
17479 -47.799 -83 -32 -57.1625 -38.4355 17.397
17489 -48.326 -83 -32 -57.7061 -38.9459 17.3796
17499 -48.582 -92 -25 -58.7151 -38.4489 17.3622
17509 -47.873 -89 -28 -57.0104 -38.7356 17.3448
17519 -48.721 -86 -32 -58.7798 -38.6622 17.3275
17529 -48.467 -84 -32 -57.7627 -39.1713 17.3102
17539 -48.534 -86 -32 -57.7263 -39.3417 17.2928
17549 -48.426 -87 -32 -58.1479 -38.7041 17.2755
17559 -48.536 -87 -32 -57.7569 -39.3151 17.2583
17569 -48.8 -86 -32 -58.5179 -39.0821 17.241
17579 -48.694 -82 -32 -58.0835 -39.3045 17.2238
17589 -48.058 -98 -29 -57.5731 -38.5429 17.2065
17599 -47.92 -87 -32 -57.3179 -38.5221 17.1893
17609 -47.956 -83 -32 -56.7996 -39.1124 17.1722
17619 -48.034 -86 -32 -57.6615 -38.4065 17.155
17629 -48.524 -83 -29 -57.907 -39.141 17.1378
17639 -48.839 -93 -29 -58.2727 -39.4053 17.1207
17649 -48.189 -87 -32 -57.7841 -38.5939 17.1036
17659 -48.241 -87 -32 -57.7122 -38.7698 17.0865
17669 -47.672 -103 -32 -57.3802 -37.9638 17.0694
17679 -47.89 -91 -32 -57.2694 -38.5106 17.0523
17689 -47.873 -85 -32 -57.5012 -38.2448 17.0353
17699 -48.133 -94 -32 -57.4667 -38.7993 17.0182
17709 -48.765 -94 -32 -58.5454 -38.9846 17.0012
17719 -48.183 -81 -32 -57.2047 -39.1613 16.9842
17729 -47.575 -98 -32 -56.836 -38.314 16.9672
17739 -48 -91 -32 -57.2097 -38.7903 16.9503
17749 -48.327 -81 -32 -57.5678 -39.0862 16.9333
17759 -48.104 -87 -32 -57.1861 -39.0219 16.9164
17769 -48.273 -82 -32 -57.2966 -39.2494 16.8995
17779 -47.677 -98 -32 -56.7308 -38.6232 16.8826
17789 -48.617 -91 -32 -58.2636 -38.9704 16.8657
17799 -47.877 -86 -32 -57.0868 -38.6672 16.8488
17809 -48.349 -89 -32 -58.0061 -38.6919 16.832
17819 -47.985 -87 -32 -57.0703 -38.8997 16.8151
17829 -48 -82 -32 -56.9942 -39.0058 16.7983
17839 -48.282 -96 -32 -57.7832 -38.7808 16.7815
17849 -48.495 -97 -32 -58.2218 -38.7682 16.7647
17859 -47.667 -83 -32 -56.5747 -38.7593 16.748
17869 -47.964 -82 -32 -56.9213 -39.0067 16.7312
17879 -47.92 -85 -32 -57.3121 -38.5279 16.7145
17889 -47.878 -82 -32 -57.1301 -38.6259 16.6978
17899 -47.83 -83 -32 -57.0308 -38.6292 16.6811
17909 -47.981 -87 -32 -57.2853 -38.6767 16.6644
17919 -47.898 -81 -32 -57.2017 -38.5943 16.6477
17929 -48.182 -88 -30 -57.6585 -38.7055 16.6311
17939 -48.06 -83 -32 -57.256 -38.864 16.6144
17949 -48.073 -97 -32 -57.2252 -38.9208 16.5978
17959 -48.53 -85 -32 -57.9002 -39.1598 16.5812
17969 -47.805 -84 -32 -57.2505 -38.3595 16.5647
17979 -48.572 -96 -32 -58.3536 -38.7904 16.5481
17989 -47.865 -92 -32 -57.1356 -38.5944 16.5315
17999 -47.951 -82 -32 -57.057 -38.845 16.515
18009 -47.739 -87 -29 -56.8596 -38.6184 16.4985
18019 -48.333 -87 -32 -57.738 -38.928 16.482
18029 -48.555 -85 -32 -57.7427 -39.3673 16.4655
18039 -48.116 -87 -32 -57.567 -38.665 16.449
18049 -47.767 -91 -32 -56.8722 -38.6618 16.4326
18059 -47.968 -88 -32 -57.229 -38.707 16.4162
18069 -48.578 -94 -32 -57.8754 -39.2806 16.3997
18079 -47.948 -88 -32 -57.6261 -38.2699 16.3834
18089 -48.063 -86 -32 -57.109 -39.017 16.367
18099 -48.535 -91 -32 -57.889 -39.181 16.3506
18109 -47.786 -93 -32 -56.8649 -38.7071 16.3342
18119 -48.01 -88 -32 -57.1433 -38.8767 16.3179
18129 -47.817 -84 -32 -57.0012 -38.6328 16.3016
18139 -48.078 -92 -32 -57.5485 -38.6075 16.2853
18149 -47.851 -83 -32 -57.3524 -38.3496 16.269
18159 -48.7 -97 -32 -57.8482 -39.5518 16.2527
18169 -48.068 -83 -32 -57.5778 -38.5582 16.2365
18179 -48.269 -87 -32 -57.4252 -39.1128 16.2203
18189 -47.994 -91 -32 -57.1701 -38.8179 16.204
18199 -48.27 -101 -32 -57.465 -39.075 16.1878
18209 -47.468 -92 -32 -56.7599 -38.1761 16.1716
18219 -47.958 -89 -32 -57.3035 -38.6125 16.1555
18229 -48.01 -90 -32 -57.3227 -38.6973 16.1393
18239 -47.806 -78 -32 -57.1307 -38.4813 16.1232
18249 -48.045 -93 -32 -57.5155 -38.5745 16.1071
18259 -48.147 -91 -32 -57.5072 -38.7868 16.0909
18269 -48.534 -91 -32 -58.2924 -38.7756 16.0749
18279 -48.375 -83 -32 -57.9756 -38.7744 16.0588
18289 -48.003 -83 -32 -57.237 -38.769 16.0427
18299 -48.218 -87 -32 -57.46 -38.976 16.0267
18309 -48.423 -83 -32 -57.7498 -39.0962 16.0106
18319 -47.431 -82 -30 -56.3956 -38.4664 15.9946
18329 -47.841 -83 -32 -56.8876 -38.7944 15.9786
18339 -47.491 -76 -32 -56.2576 -38.7244 15.9627
18349 -47.861 -88 -32 -57.0675 -38.6545 15.9467
18359 -47.677 -87 -32 -56.5562 -38.7978 15.9308
18369 -47.956 -81 -32 -56.6852 -39.2268 15.9148
18379 -47.859 -94 -30 -57.0065 -38.7115 15.8989
18389 -47.824 -83 -32 -57.005 -38.643 15.883
18399 -47.781 -90 -32 -56.9791 -38.5829 15.8671
18409 -47.924 -87 -32 -56.809 -39.039 15.8513
18419 -47.561 -90 -32 -56.938 -38.184 15.8354
18429 -47.381 -77 -32 -55.9275 -38.8345 15.8196
18439 -48.154 -80 -32 -57.2433 -39.0647 15.8038
18449 -47.446 -78 -32 -56.1399 -38.7521 15.788
18459 -48.01 -88 -32 -57.0846 -38.9354 15.7722
18469 -47.842 -86 -32 -56.9872 -38.6968 15.7564
18479 -47.565 -88 -32 -56.5347 -38.5953 15.7406
18489 -48.176 -87 -32 -57.4928 -38.8592 15.7249
18499 -48.116 -93 -32 -57.1163 -39.1157 15.7092
18509 -47.592 -87 -32 -57.0018 -38.1822 15.6935
18519 -48.336 -91 -32 -57.6645 -39.0075 15.6778
18529 -48.265 -84 -32 -57.219 -39.311 15.6621
18539 -47.93 -87 -32 -56.8543 -39.0057 15.6464
18549 -47.497 -90 -25 -56.2015 -38.7925 15.6308
18559 -47.813 -81 -32 -56.862 -38.764 15.6151
18569 -47.863 -92 -32 -57.0403 -38.6857 15.5995
18579 -47.89 -93 -32 -57.0684 -38.7116 15.5839
18589 -48.333 -90 -32 -57.9503 -38.7157 15.5684
18599 -47.877 -77 -32 -56.8935 -38.8605 15.5528
18609 -48.019 -85 -32 -57.1733 -38.8647 15.5372
18619 -48.169 -113 -32 -58.0749 -38.2631 15.5217
18629 -48.057 -83 -32 -57.4396 -38.6744 15.5062
18639 -48.145 -78 -32 -56.9512 -39.3388 15.4907
18649 -48.083 -97 -32 -57.3412 -38.8248 15.4752
18659 -47.725 -80 -32 -56.945 -38.505 15.4597
18669 -47.505 -87 -32 -56.0965 -38.9135 15.4442
18679 -47.975 -93 -32 -57.3693 -38.5807 15.4288
18689 -47.831 -87 -32 -57.195 -38.467 15.4134
18699 -47.719 -78 -32 -56.7485 -38.6895 15.398
18709 -47.766 -80 -32 -56.8574 -38.6746 15.3826
18719 -48.055 -92 -32 -57.4639 -38.6461 15.3672
18729 -47.9 -93 -32 -57.2274 -38.5726 15.3518
18739 -47.728 -78 -32 -56.424 -39.032 15.3365
18749 -47.729 -82 -32 -56.6156 -38.8424 15.3211
18759 -47.911 -89 -32 -57.1206 -38.7014 15.3058
18769 -47.443 -83 -32 -56.3721 -38.5139 15.2905
18779 -47.64 -82 -32 -56.5344 -38.7456 15.2752
18789 -47.517 -84 -32 -56.2831 -38.7509 15.2599
18799 -48.079 -91 -32 -57.2312 -38.9268 15.2447
18809 -47.743 -82 -32 -56.5951 -38.8909 15.2294
18819 -47.973 -92 -32 -57.3958 -38.5502 15.2142
18829 -47.646 -83 -32 -56.6788 -38.6132 15.199
18839 -48.802 -104 -32 -58.3801 -39.2239 15.1838
18849 -47.813 -77 -32 -56.443 -39.183 15.1686
18859 -47.346 -80 -32 -56.1878 -38.5042 15.1534
18869 -47.649 -83 -32 -56.8493 -38.4487 15.1383
18879 -48.031 -92 -32 -57.4822 -38.5798 15.1231
18889 -47.898 -88 -28 -56.6667 -39.1293 15.108
18899 -48.222 -101 -32 -57.9352 -38.5088 15.0929
18909 -48.389 -101 -32 -57.9413 -38.8367 15.0778
18919 -48.395 -86 -32 -57.7432 -39.0468 15.0627
18929 -47.678 -83 -32 -56.5459 -38.8101 15.0477
18939 -47.557 -80 -32 -56.2341 -38.8799 15.0326
18949 -47.687 -79 -32 -56.6195 -38.7545 15.0176
18959 -47.816 -86 -32 -57.2766 -38.3554 15.0026
18969 -47.444 -86 -32 -56.5474 -38.3406 14.9876
18979 -47.596 -84 -32 -56.5118 -38.6802 14.9726
18989 -47.704 -81 -32 -56.6497 -38.7583 14.9576
18999 -47.277 -79 -32 -56.0269 -38.5271 14.9427
19009 -47.433 -83 -32 -56.333 -38.533 14.9277
19019 -47.073 -87 -32 -55.6453 -38.5007 14.9128
19029 -47.376 -93 -32 -56.3668 -38.3852 14.8979
19039 -47.924 -87 -31 -57.3315 -38.5165 14.883
19049 -47.585 -92 -32 -56.4334 -38.7366 14.8681
19059 -48.026 -87 -32 -57.0415 -39.0105 14.8532
19069 -47.91 -97 -32 -57.2124 -38.6076 14.8384
19079 -47.238 -92 -32 -56.2294 -38.2466 14.8235
19089 -47.03 -86 -32 -55.7071 -38.3529 14.8087
19099 -47.34 -101 -32 -56.5275 -38.1525 14.7939
19109 -47.457 -77 -32 -55.9414 -38.9726 14.7791
19119 -47.797 -88 -32 -56.867 -38.727 14.7643
19129 -47.788 -84 -32 -56.8578 -38.7182 14.7496
19139 -47.326 -82 -32 -56.016 -38.636 14.7348
19149 -47.983 -107 -32 -57.2811 -38.6849 14.7201
19159 -47.151 -91 -32 -55.9375 -38.3645 14.7054
19169 -47.648 -83 -32 -56.2627 -39.0333 14.6906
19179 -47.633 -84 -32 -56.4902 -38.7758 14.676
19189 -47.4 -82 -32 -56.4333 -38.3667 14.6613
19199 -47.66 -81 -32 -56.5879 -38.7321 14.6466
19209 -47.239 -87 -32 -55.8465 -38.6315 14.632
19219 -47.397 -85 -32 -56.4887 -38.3053 14.6173
19229 -47.848 -87 -32 -57.4064 -38.2896 14.6027
19239 -47.078 -87 -32 -55.9936 -38.1624 14.5881
19249 -47.68 -96 -32 -56.9285 -38.4315 14.5735
19259 -47.41 -93 -32 -56.3692 -38.4508 14.559
19269 -47.534 -91 -32 -56.5535 -38.5145 14.5444
19279 -47.292 -83 -32 -55.9995 -38.5845 14.5299
19289 -47.881 -91 -32 -57.2773 -38.4847 14.5153
19299 -47.712 -89 -32 -56.6818 -38.7422 14.5008
19309 -47.552 -83 -32 -56.4492 -38.6548 14.4863
19319 -47.55 -78 -32 -56.2177 -38.8823 14.4718
19329 -47.527 -80 -32 -56.369 -38.685 14.4574
19339 -47.856 -93 -32 -57.1418 -38.5702 14.4429
19349 -47.148 -82 -32 -55.7121 -38.5839 14.4285
19359 -47.402 -82 -32 -56.3063 -38.4977 14.414
19369 -47.488 -88 -32 -56.6845 -38.2915 14.3996
19379 -47.638 -81 -32 -56.7498 -38.5262 14.3852
19389 -47.817 -86 -32 -56.9056 -38.7284 14.3708
19399 -47.193 -83 -32 -55.8803 -38.5057 14.3565
19409 -48.08 -85 -32 -57.6435 -38.5165 14.3421
19419 -47.219 -86 -32 -56.3017 -38.1363 14.3278
19429 -47.36 -93 -32 -56.0491 -38.6709 14.3134
19439 -47.826 -84 -32 -57.0061 -38.6459 14.2991
19449 -46.742 -82 -32 -55.5005 -37.9835 14.2848
19459 -47.398 -81 -32 -56.0298 -38.7662 14.2705
19469 -47.594 -82 -32 -56.8175 -38.3705 14.2563
19479 -47.282 -97 -32 -56.63 -37.934 14.242
19489 -47.725 -82 -32 -57.1501 -38.2999 14.2278
19499 -47.682 -85 -32 -56.6902 -38.6738 14.2135
19509 -47.401 -88 -32 -56.2684 -38.5336 14.1993
19519 -47.191 -87 -32 -55.8719 -38.5101 14.1851
19529 -47.601 -78 -32 -56.6007 -38.6013 14.1709
19539 -46.786 -83 -32 -55.4185 -38.1535 14.1568
19549 -47.315 -88 -32 -56.2612 -38.3688 14.1426
19559 -47.676 -86 -32 -57.0671 -38.2849 14.1285
19569 -47.889 -83 -32 -56.8259 -38.9521 14.1143
19579 -47.352 -78 -32 -56.1328 -38.5712 14.1002
19589 -47.622 -82 -32 -56.3343 -38.9097 14.0861
19599 -47.705 -80 -32 -56.5816 -38.8284 14.072
19609 -47.702 -78 -32 -56.4863 -38.9177 14.058
19619 -46.959 -81 -32 -55.5105 -38.4075 14.0439
19629 -47.265 -93 -32 -56.19 -38.34 14.0299
19639 -47.539 -81 -32 -56.581 -38.497 14.0158
19649 -47.085 -86 -32 -55.6379 -38.5321 14.0018
19659 -47.628 -86 -32 -56.4027 -38.8533 13.9878
19669 -47.668 -81 -32 -56.7981 -38.5379 13.9738
19679 -47.356 -87 -32 -55.9024 -38.8096 13.9599
19689 -47.589 -84 -32 -56.3321 -38.8459 13.9459
19699 -47.505 -91 -32 -56.5118 -38.4982 13.9319
19709 -47.107 -81 -32 -55.5823 -38.6317 13.918
19719 -47.503 -77 -32 -56.2063 -38.7997 13.9041
19729 -47.183 -81 -32 -56.0307 -38.3353 13.8902
19739 -47.181 -87 -32 -55.8789 -38.4831 13.8763
19749 -47.076 -82 -28 -55.5477 -38.6043 13.8624
19759 -47.566 -83 -32 -56.5523 -38.5797 13.8486
19769 -47.456 -84 -32 -56.2208 -38.6912 13.8347
19779 -47.6 -84 -32 -56.3002 -38.8998 13.8209
19789 -47.431 -83 -32 -56.6745 -38.1875 13.8071
19799 -47.423 -91 -32 -56.3995 -38.4465 13.7933
19809 -47.738 -88 -32 -56.6537 -38.8223 13.7795
19819 -47.468 -87 -32 -56.055 -38.881 13.7657
19829 -47.309 -82 -32 -56.0318 -38.5862 13.7519
19839 -47.399 -91 -32 -56.1998 -38.5982 13.7382
19849 -46.838 -77 -32 -55.3259 -38.3501 13.7244
19859 -47.578 -92 -32 -56.5479 -38.6081 13.7107
19869 -47.207 -89 -32 -55.8276 -38.5864 13.697
19879 -47.179 -77 -32 -55.5628 -38.7952 13.6833
19889 -47.17 -83 -32 -56.2826 -38.0574 13.6696
19899 -47.103 -85 -32 -55.8707 -38.3353 13.6559
19909 -47.468 -81 -32 -56.2134 -38.7226 13.6423
19919 -47.273 -87 -32 -56.0502 -38.4958 13.6286
19929 -47.537 -91 -32 -56.6134 -38.4606 13.615
19939 -47.403 -94 -32 -56.4775 -38.3285 13.6014
19949 -48.026 -86 -32 -57.0597 -38.9923 13.5878
19959 -47.149 -77 -32 -55.9267 -38.3713 13.5742
19969 -47.405 -79 -32 -56.2247 -38.5853 13.5606
19979 -47.354 -77 -32 -56.2152 -38.4928 13.5471
19989 -47.147 -75 -32 -55.5699 -38.7241 13.5335
19999 -47.357 -89 -32 -56.0169 -38.6971 13.52
