0 -25.696 -53 -7 -32.3042 -19.0878 0
9 -25.862 -57 -7 -32.6618 -19.0622 0
19 -25.863 -47 -7 -32.92 -18.806 0
29 -26.087 -76 -7 -33.2977 -18.8763 0
39 -25.582 -51 -7 -31.9446 -19.2194 0
49 -25.858 -66 -7 -32.5258 -19.1902 0
59 -25.744 -59 -7 -32.3044 -19.1836 0
69 -26.015 -54 -7 -33.0523 -18.9777 0
79 -26.147 -56 -7 -32.9487 -19.3453 0
89 -26.05 -52 -7 -32.599 -19.501 0
99 -25.96 -53 -7 -32.9363 -18.9837 0
109 -25.972 -48 -7 -32.6689 -19.2751 0
119 -26.263 -52 -7 -32.9633 -19.5627 0
129 -26.06 -52 -7 -32.6656 -19.4544 0
139 -26.349 -51 -7 -33.3583 -19.3397 0
149 -26.402 -57 -7 -33.3129 -19.4911 0
159 -26.097 -57 -7 -33.0553 -19.1387 0
169 -26.91 -56 -7 -34.0077 -19.8123 0
179 -26.351 -51 -7 -32.986 -19.716 0
189 -26.252 -56 -7 -33.0333 -19.4707 0
199 -26.641 -52 -7 -33.7356 -19.5464 0
209 -26.303 -48 -7 -32.6481 -19.9579 0
219 -26.03 -57 -7 -32.9135 -19.1465 0
229 -26.521 -51 -7 -33.2219 -19.8201 0
239 -25.818 -53 -7 -32.2055 -19.4305 0
249 -26.416 -51 -7 -32.7634 -20.0686 0
259 -26.19 -51 -7 -32.83 -19.55 0
269 -26.319 -69 -7 -33.3215 -19.3165 0
279 -26.077 -61 -7 -32.8782 -19.2758 0
289 -26.315 -51 -7 -32.5513 -20.0787 0
299 -26.154 -53 -7 -32.7558 -19.5522 0
309 -26.186 -54 -7 -32.7438 -19.6282 0
319 -25.96 -54 -7 -32.6748 -19.2452 0
329 -25.903 -52 -7 -32.2682 -19.5378 0
339 -26.067 -46 -7 -32.3501 -19.7839 0
349 -25.969 -43 -7 -32.0253 -19.9127 0
359 -26.294 -48 -7 -32.4424 -20.1456 0
369 -26.117 -52 -7 -32.5544 -19.6796 0
379 -26.463 -49 -7 -32.776 -20.15 0
389 -26.106 -54 -7 -32.5989 -19.6131 0
399 -26.365 -61 -7 -32.9403 -19.7897 0
409 -25.838 -57 -7 -32.6306 -19.0454 0
419 -25.841 -51 -7 -32.0607 -19.6213 0
429 -25.855 -48 -7 -31.9515 -19.7585 0
439 -25.978 -48 -7 -32.1891 -19.7669 0
449 -26.362 -50 -7 -32.6857 -20.0383 0
459 -26.233 -53 -7 -32.6892 -19.7768 0
469 -26.231 -47 -7 -32.3452 -20.1168 0
479 -26.334 -52 -7 -32.8869 -19.7811 0
489 -25.838 -53 -7 -32.009 -19.667 0
499 -26.029 -53 -7 -32.4559 -19.6021 0
509 -26.384 -55 -7 -32.8503 -19.9177 0
519 -26.324 -52 -7 -32.7461 -19.9019 0
529 -25.895 -48 -7 -32.1573 -19.6327 0
539 -25.84 -56 -7 -32.0377 -19.6423 0
549 -26 -51 -7 -32.3719 -19.6281 0
559 -25.828 -56 -7 -32.1754 -19.4806 0
569 -26.343 -53 -8 -32.7396 -19.9464 0
579 -26.329 -69 -7 -33.048 -19.61 0
589 -26.195 -61 -7 -32.645 -19.745 0
599 -26.255 -48 -7 -32.6159 -19.8941 0
609 -26.305 -57 -7 -32.5921 -20.0179 0
619 -26.381 -54 -7 -32.7283 -20.0337 0
629 -25.972 -52 -7 -32.3386 -19.6054 0
639 -25.945 -61 -7 -32.1214 -19.7686 0
649 -26.469 -67 -11 -33.183 -19.755 0
659 -26.275 -56 -7 -32.7252 -19.8248 0
669 -26.126 -51 -7 -32.5585 -19.6935 0
679 -26.277 -53 -7 -32.3827 -20.1713 0
689 -26.126 -78 -7 -33.0275 -19.2245 0
699 -26.134 -53 -7 -32.3467 -19.9213 0
709 -26.397 -58 -7 -32.5456 -20.2484 0
719 -26.181 -56 -7 -32.4624 -19.8996 0
729 -26.104 -53 -7 -32.5308 -19.6772 0
739 -26.408 -56 -7 -32.7849 -20.0311 0
749 -26.163 -52 -7 -32.3906 -19.9354 0
759 -26.4 -53 -7 -32.8186 -19.9814 0
769 -25.752 -52 -7 -32.1856 -19.3184 0
779 -26.2 -62 -7 -32.5878 -19.8122 0
789 -26.096 -51 -7 -32.4042 -19.7878 0
799 -26.152 -56 -7 -32.6556 -19.6484 0
809 -26.392 -56 -7 -33.235 -19.549 0
819 -26.246 -54 -7 -32.5091 -19.9829 0
829 -26.451 -52 -7 -32.8111 -20.0909 0
839 -26.394 -57 -7 -32.9657 -19.8223 0
849 -26.204 -52 -7 -32.5889 -19.8191 0
859 -26.232 -56 -7 -32.42 -20.044 0
869 -26.224 -52 -7 -32.5803 -19.8677 0
879 -26.214 -62 -7 -32.4435 -19.9845 0
889 -26.726 -57 -7 -33.4187 -20.0333 0
899 -26.32 -57 -7 -32.7811 -19.8589 0
909 -26.435 -77 -7 -33.1147 -19.7553 0
919 -26.4 -61 -11 -32.9737 -19.8263 0
929 -26.428 -57 -7 -32.9444 -19.9116 0
939 -26.51 -53 -8 -32.8631 -20.1569 0
949 -26.591 -53 -7 -33.0026 -20.1794 0
959 -26.204 -52 -7 -32.7791 -19.6289 0
969 -26.223 -53 -7 -32.6682 -19.7778 0
979 -26.172 -48 -7 -32.5099 -19.8341 0
989 -26.32 -57 -7 -32.6861 -19.9539 0
999 -26.332 -57 -7 -32.8856 -19.7784 0
1009 -26.256 -57 -7 -32.5269 -19.9851 0
1019 -26.411 -56 -7 -32.9084 -19.9136 0
1029 -26.371 -56 -7 -32.7524 -19.9896 0
1039 -26.27 -47 -7 -32.6772 -19.8628 0
1049 -26.164 -57 -8 -32.5812 -19.7468 0
1059 -26.135 -63 -7 -32.3388 -19.9312 0
1069 -26.386 -58 -7 -32.8956 -19.8764 0
1079 -26.36 -52 -7 -32.9303 -19.7897 0
1089 -26.005 -48 -7 -32.4109 -19.5991 0
1099 -26.301 -51 -7 -32.6801 -19.9219 0
1109 -26.778 -66 -7 -33.8118 -19.7442 0
1119 -26.299 -56 -7 -33.0142 -19.5838 0
1129 -26.478 -56 -7 -32.9757 -19.9803 0
1139 -26.313 -56 -7 -32.8565 -19.7695 0
1149 -26.642 -51 -7 -32.9521 -20.3319 0
1159 -26.811 -51 -7 -33.1095 -20.5125 0
1169 -26.802 -66 -7 -33.7646 -19.8394 0
1179 -26.781 -57 -7 -33.4411 -20.1209 0
1189 -26.316 -49 -7 -32.6205 -20.0115 0
1199 -26.417 -56 -7 -33.1822 -19.6518 0
1209 -26.352 -57 -7 -32.7428 -19.9612 0
1219 -26.628 -53 -7 -32.8135 -20.4425 0
1229 -26.618 -66 -7 -33.2506 -19.9854 0
1239 -26.706 -58 -7 -33.1734 -20.2386 0
1249 -26.118 -52 -7 -32.5077 -19.7283 0
1259 -26.248 -61 -7 -32.7556 -19.7404 0
1269 -26.69 -56 -7 -32.9373 -20.4427 0
1279 -26.395 -54 -7 -32.7504 -20.0396 0
1289 -26.533 -62 -7 -33.0954 -19.9706 0
1299 -26.511 -54 -7 -33.0297 -19.9923 0
1309 -26.418 -66 -7 -32.7696 -20.0664 0
1319 -26.787 -49 -7 -33.3066 -20.2674 0
1329 -26.884 -52 -7 -33.2756 -20.4924 0
1339 -26.388 -63 -7 -33.0018 -19.7742 0
1349 -26.203 -51 -7 -32.6482 -19.7578 0
1359 -26.514 -51 -7 -32.9805 -20.0475 0
1369 -26.478 -51 -7 -32.9104 -20.0456 0
1379 -26.726 -63 -7 -33.4358 -20.0162 0
1389 -26.827 -53 -7 -33.3876 -20.2664 0
1399 -26.341 -61 -7 -32.8699 -19.8121 0
1409 -26.657 -57 -7 -33.2478 -20.0662 0
1419 -26.644 -54 -7 -33.1711 -20.1169 0
1429 -26.228 -62 -7 -32.8297 -19.6263 0
1439 -26.737 -57 -7 -33.444 -20.03 0
1449 -26.601 -52 -7 -32.6763 -20.5257 0
1459 -26.562 -68 -7 -33.3866 -19.7374 0
1469 -26.884 -56 -7 -33.6141 -20.1539 0
1479 -26.584 -63 -7 -33.4023 -19.7657 0
1489 -26.278 -62 -7 -32.7946 -19.7614 0
1499 -26.369 -48 -7 -32.8517 -19.8863 0
1509 -26.289 -53 -7 -32.8147 -19.7633 0
1519 -26.314 -53 -7 -32.9924 -19.6356 0
1529 -26.405 -57 -7 -32.8357 -19.9743 0
1539 -26.776 -66 -7 -33.3455 -20.2065 0
1549 -26.667 -76 -11 -33.1489 -20.1851 0
1559 -26.952 -53 -7 -33.5666 -20.3374 0
1569 -26.576 -57 -7 -33.1769 -19.9751 0
1579 -26.715 -52 -7 -33.4364 -19.9936 0
1589 -26.198 -71 -7 -32.6057 -19.7903 0
1599 -26.51 -48 -7 -32.9184 -20.1016 0
1609 -26.468 -52 -7 -32.7869 -20.1491 0
1619 -26.618 -57 -7 -33.2129 -20.0231 0
1629 -26.345 -61 -7 -32.839 -19.851 0
1639 -26.519 -58 -7 -33.0691 -19.9689 0
1649 -26.229 -58 -7 -32.8024 -19.6556 0
1659 -26.609 -56 -7 -32.8783 -20.3397 0
1669 -26.366 -52 -7 -33.0118 -19.7202 0
1679 -26.855 -57 -7 -33.443 -20.267 0
1689 -26.79 -51 -7 -33.3532 -20.2268 0
1699 -26.827 -57 -7 -33.1847 -20.4693 0
1709 -26.363 -52 -7 -32.6123 -20.1137 0
1719 -26.556 -62 -7 -33.3271 -19.7849 0
1729 -26.7 -62 -7 -33.4688 -19.9312 0
1739 -26.809 -56 -7 -33.3177 -20.3003 0
1749 -26.473 -61 -7 -32.9382 -20.0078 0
1759 -26.959 -57 -7 -33.6741 -20.2439 0
1769 -26.15 -61 -7 -32.7047 -19.5953 0
1779 -26.585 -58 -7 -33.2764 -19.8936 0
1789 -26.707 -52 -7 -32.9702 -20.4438 0
1799 -27.021 -54 -7 -33.5825 -20.4595 0
1809 -26.161 -52 -7 -32.397 -19.925 0
1819 -26.762 -53 -7 -33.4831 -20.0409 0
1829 -26.815 -57 -7 -33.7921 -19.8379 0
1839 -26.784 -58 -7 -33.2209 -20.3471 0
1849 -26.463 -57 -7 -32.7811 -20.1449 0
1859 -26.958 -52 -7 -33.6056 -20.3104 0
1869 -26.374 -57 -7 -32.8148 -19.9332 0
1879 -26.857 -57 -8 -33.0215 -20.6925 0
1889 -26.554 -58 -7 -33.0792 -20.0288 0
1899 -26.718 -66 -7 -33.3447 -20.0913 0
1909 -26.591 -57 -7 -33.0141 -20.1679 0
1919 -26.798 -63 -7 -33.5809 -20.0151 0
1929 -26.848 -63 -7 -33.5214 -20.1746 0
1939 -26.655 -58 -11 -33.0531 -20.2569 0
1949 -26.645 -62 -7 -33.2651 -20.0249 0
1959 -27.089 -56 -7 -33.7561 -20.4219 0
1969 -26.36 -58 -7 -32.7179 -20.0021 0
1979 -26.684 -53 -7 -33.4058 -19.9622 0
1989 -26.229 -54 -7 -32.3752 -20.0828 0
1999 -26.416 -49 -7 -32.9277 -19.9043 0
2009 -26.467 -66 -7 -32.7807 -20.1533 0
2019 -26.221 -53 -7 -32.6459 -19.7961 0
2029 -26.296 -52 -7 -32.446 -20.146 0
2039 -26.466 -58 -7 -33.0247 -19.9073 0
2049 -26.278 -62 -7 -32.7239 -19.8321 0
2059 -26.355 -53 -7 -32.794 -19.916 0
2069 -26.757 -48 -11 -32.9741 -20.5399 0
2079 -26.359 -52 -7 -32.7982 -19.9198 0
2089 -26.441 -57 -7 -32.8195 -20.0625 0
2099 -26.266 -59 -7 -32.5816 -19.9504 0
2109 -26.689 -78 -7 -33.4897 -19.8883 0
2119 -26.175 -56 -7 -32.5557 -19.7943 0
2129 -26.59 -52 -7 -32.7643 -20.4157 0
2139 -26.549 -66 -7 -33.1863 -19.9117 0
2149 -26.219 -51 -7 -32.4272 -20.0108 0
2159 -26.396 -56 -7 -32.8771 -19.9149 0
2169 -26.427 -66 -7 -32.5603 -20.2937 0
2179 -26.778 -59 -8 -33.4932 -20.0628 0
2189 -26.394 -61 -7 -32.9437 -19.8443 0
2199 -26.546 -54 -7 -33.2105 -19.8815 0
2209 -26.567 -57 -7 -32.6747 -20.4593 0
2219 -26.617 -49 -7 -32.6942 -20.5398 0
2229 -26.254 -48 -7 -32.2641 -20.2439 0
2239 -26.1 -53 -7 -32.2537 -19.9463 0
2249 -26.226 -67 -8 -32.634 -19.818 0
2259 -26.047 -51 -7 -32.4787 -19.6153 0
2269 -25.965 -47 -7 -32.1366 -19.7934 0
2279 -26.29 -51 -7 -32.5014 -20.0786 0
2289 -26.105 -53 -7 -32.1418 -20.0682 0
2299 -26.695 -53 -7 -33.1989 -20.1911 0
2309 -26.311 -51 -7 -32.4982 -20.1238 0
2319 -26.308 -56 -7 -32.3982 -20.2178 0
2329 -26.222 -56 -7 -32.0841 -20.3599 0
2339 -26.039 -56 -7 -32.1348 -19.9432 0
2349 -26.277 -49 -7 -32.1615 -20.3925 0
2359 -25.93 -53 -7 -32.1299 -19.7301 0
2369 -25.944 -61 -7 -32.0897 -19.7983 0
2379 -26.612 -57 -11 -32.7733 -20.4507 0
2389 -26.057 -56 -7 -32.1948 -19.9192 0
2399 -26.376 -51 -11 -32.3791 -20.3729 0
2409 -26.127 -53 -7 -32.2804 -19.9736 0
2419 -26.451 -57 -7 -32.9447 -19.9573 0
2429 -26.339 -62 -7 -32.7374 -19.9406 0
2439 -26.06 -58 -7 -32.1236 -19.9964 0
2449 -26.241 -58 -7 -32.4386 -20.0434 0
2459 -26.258 -52 -11 -32.1073 -20.4087 0
2469 -25.897 -56 -7 -32.2694 -19.5246 0
2479 -26.202 -52 -7 -32.6253 -19.7787 0
2489 -26.215 -57 -7 -32.3928 -20.0372 0
2499 -26.363 -51 -7 -32.6072 -20.1188 0
2509 -26.478 -63 -7 -32.9354 -20.0206 0
2519 -26.338 -51 -7 -32.5187 -20.1573 0
2529 -26.233 -76 -7 -32.5413 -19.9247 0
2539 -26.23 -62 -7 -32.7902 -19.6698 0
2549 -26.24 -54 -7 -32.3588 -20.1212 0
2559 -26.362 -59 -7 -32.9368 -19.7872 0
2569 -26.201 -58 -7 -32.3615 -20.0405 0
2579 -26.382 -56 -8 -32.8138 -19.9502 0
2589 -26.397 -56 -7 -32.8386 -19.9554 0
2599 -26.455 -52 -7 -32.6562 -20.2538 0
2609 -26.207 -49 -7 -32.1294 -20.2846 0
2619 -26.238 -61 -7 -32.6253 -19.8507 0
2629 -26.254 -53 -7 -32.3162 -20.1918 0
2639 -26.058 -59 -7 -32.2731 -19.8429 0
2649 -26.466 -54 -11 -32.6874 -20.2446 0
2659 -26.277 -57 -7 -32.4464 -20.1076 0
2669 -26.063 -53 -7 -32.2328 -19.8932 0
2679 -26.398 -58 -7 -32.7652 -20.0308 0
2689 -26.063 -48 -7 -32.2041 -19.9219 0
2699 -26.718 -47 -7 -33.0177 -20.4183 0
2709 -26.565 -59 -7 -32.9747 -20.1553 0
2719 -26.452 -56 -8 -32.6076 -20.2964 0
2729 -26.055 -62 -7 -32.3816 -19.7284 0
2739 -26.717 -51 -7 -32.924 -20.51 0
2749 -26.698 -57 -7 -33.0366 -20.3594 0
2759 -26.388 -58 -7 -32.9855 -19.7905 0
2769 -26.124 -71 -7 -32.4188 -19.8292 0
2779 -26.126 -47 -7 -32.3798 -19.8722 0
2789 -26.324 -46 -7 -32.3956 -20.2524 0
2799 -26.677 -57 -7 -33.1459 -20.2081 0
2809 -26.675 -67 -7 -33.369 -19.981 0
2819 -26.125 -57 -7 -32.3285 -19.9215 0
2829 -26.248 -57 -7 -32.5876 -19.9084 0
2839 -26.303 -62 -11 -32.6386 -19.9674 0
2849 -26.433 -62 -7 -32.8687 -19.9973 0
2859 -26.562 -53 -7 -32.5656 -20.5584 0
2869 -26.487 -57 -11 -32.6873 -20.2867 0
2879 -26.615 -61 -7 -33.2658 -19.9642 0
2889 -26.25 -67 -7 -32.6159 -19.8841 0
2899 -25.851 -53 -7 -32.1395 -19.5625 0
2909 -26.496 -62 -7 -32.9693 -20.0227 0
2919 -26.521 -63 -7 -33.0321 -20.0099 0
2929 -26.304 -66 -7 -32.7299 -19.8781 0
2939 -26.314 -54 -7 -32.5294 -20.0986 0
2949 -26.472 -72 -7 -32.9722 -19.9718 0
2959 -26.272 -52 -7 -32.6418 -19.9022 0
2969 -26.433 -48 -7 -32.746 -20.12 0
2979 -26.569 -56 -7 -32.8292 -20.3088 0
2989 -26.345 -53 -7 -32.7994 -19.8906 0
2999 -26.337 -52 -7 -32.3642 -20.3098 0
3009 -26.129 -51 -7 -32.111 -20.147 0
3019 -26.352 -51 -7 -32.199 -20.505 0
3029 -26.172 -58 -7 -32.6241 -19.7199 0
3039 -26.406 -61 -7 -32.7085 -20.1035 0
3049 -26.327 -53 -7 -32.2954 -20.3586 0
3059 -26.628 -64 -7 -33.0688 -20.1872 0
3069 -26.294 -71 -7 -32.4596 -20.1284 0
3079 -26.611 -58 -7 -33.2656 -19.9564 0
3089 -26.499 -63 -7 -32.8766 -20.1214 0
3099 -26.677 -52 -7 -33.2065 -20.1475 0
3109 -26.138 -66 -7 -32.4159 -19.8601 0
3119 -26.135 -56 -7 -32.3703 -19.8997 0
3129 -26.617 -48 -7 -32.7593 -20.4747 0
3139 -26.23 -53 -7 -32.404 -20.056 0
3149 -26.173 -67 -7 -32.1542 -20.1918 0
3159 -26.469 -57 -7 -32.8456 -20.0924 0
3169 -26.345 -57 -11 -32.377 -20.313 0
3179 -26.788 -56 -7 -33.4384 -20.1376 0
3189 -26.682 -61 -7 -32.8089 -20.5551 0
3199 -26.234 -62 -7 -32.7712 -19.6968 0
3209 -26.506 -51 -7 -32.7357 -20.2763 0
3219 -25.988 -52 -7 -32.2677 -19.7083 0
3229 -25.987 -53 -7 -32.6794 -19.2946 0
3239 -26.436 -66 -7 -32.8802 -19.9918 0
3249 -26.32 -48 -7 -32.2277 -20.4123 0
3259 -26.487 -53 -7 -32.8549 -20.1191 0
3269 -26.355 -56 -7 -32.5837 -20.1263 0
3279 -25.787 -47 -7 -31.9342 -19.6398 0
3289 -26.485 -52 -7 -32.713 -20.257 0
3299 -25.991 -56 -7 -32.0571 -19.9249 0
3309 -25.812 -52 -7 -31.8055 -19.8185 0
3319 -26.595 -56 -7 -32.8474 -20.3426 0
3329 -26.106 -56 -7 -32.0339 -20.1781 0
3339 -26.295 -59 -7 -32.7871 -19.8029 0
3349 -26.239 -54 -7 -32.5113 -19.9667 0
3359 -26.331 -52 -7 -32.5043 -20.1577 0
3369 -26.603 -46 -7 -32.5511 -20.6549 0
3379 -26.317 -51 -7 -32.4784 -20.1556 0
3389 -26.463 -59 -7 -32.7148 -20.2112 0
3399 -25.768 -58 -7 -32.0435 -19.4925 0
3409 -26.05 -51 -7 -32.0242 -20.0758 0
3419 -26.388 -59 -7 -32.8022 -19.9738 0
3429 -26.205 -58 -7 -32.2952 -20.1148 0
3439 -26.274 -53 -7 -32.1577 -20.3903 0
3449 -26.422 -58 -7 -32.6864 -20.1576 0
3459 -26.642 -73 -11 -33.0151 -20.2689 0
3469 -26.097 -58 -7 -32.3243 -19.8697 0
3479 -26.274 -54 -7 -32.4249 -20.1231 0
3489 -26.335 -67 -7 -32.8763 -19.7937 0
3499 -26.186 -52 -7 -32.4361 -19.9359 0
3509 -26.135 -57 -7 -32.0963 -20.1737 0
3519 -26.331 -51 -7 -32.4519 -20.2101 0
3529 -26.21 -58 -7 -32.4738 -19.9462 0
3539 -25.962 -54 -7 -31.8779 -20.0461 0
3549 -26.359 -52 -7 -32.6179 -20.1001 0
3559 -26.166 -52 -7 -32.3276 -20.0044 0
3569 -26.562 -57 -7 -32.8644 -20.2596 0
3579 -26.397 -56 -11 -32.8998 -19.8942 0
3589 -26.135 -56 -7 -32.2067 -20.0633 0
3599 -26.61 -53 -7 -33.0781 -20.1419 0
3609 -26.614 -51 -7 -32.7559 -20.4721 0
3619 -26.207 -49 -7 -32.1924 -20.2216 0
3629 -26.318 -57 -7 -32.663 -19.973 0
3639 -26.425 -66 -7 -32.6549 -20.1951 0
3649 -26.303 -58 -7 -32.2365 -20.3695 0
3659 -26.093 -51 -7 -32.0888 -20.0972 0
3669 -26.368 -56 -7 -32.1998 -20.5362 0
3679 -26.265 -59 -7 -32.4777 -20.0523 0
3689 -25.657 -48 -7 -31.2711 -20.0429 0
3699 -25.915 -56 -7 -31.9771 -19.8529 0
3709 -25.908 -47 -7 -31.9687 -19.8473 0
3719 -25.916 -48 -7 -32.1707 -19.6613 0
3729 -26.39 -62 -7 -32.7937 -19.9863 0
3739 -26.401 -61 -7 -32.2763 -20.5257 0
3749 -25.778 -51 -7 -31.6217 -19.9343 0
3759 -26.104 -56 -7 -32.2982 -19.9098 0
3769 -26.128 -53 -7 -32.3814 -19.8746 0
3779 -26.479 -77 -7 -32.7175 -20.2405 0
3789 -26.043 -56 -7 -32.3349 -19.7511 0
3799 -26.412 -53 -7 -32.6715 -20.1525 0
3809 -26.362 -70 -7 -32.7337 -19.9903 0
3819 -26.168 -56 -7 -32.2764 -20.0596 0
3829 -26.413 -72 -7 -32.6418 -20.1842 0
3839 -26.154 -52 -7 -32.2884 -20.0196 0
3849 -26.313 -67 -7 -32.6241 -20.0019 0
3859 -26.478 -57 -7 -32.7911 -20.1649 0
3869 -26.334 -64 -7 -32.475 -20.193 0
3879 -26.826 -52 -7 -32.7939 -20.8581 0
3889 -26.404 -63 -7 -32.6661 -20.1419 0
3899 -26.031 -61 -7 -32.1183 -19.9437 0
3909 -26.325 -54 -7 -32.5796 -20.0704 0
3919 -26.354 -51 -7 -32.6852 -20.0228 0
3929 -26.128 -53 -7 -32.1599 -20.0961 0
3939 -26.077 -51 -7 -32.6401 -19.5139 0
3949 -26.256 -54 -7 -32.7455 -19.7665 0
3959 -26.254 -56 -7 -32.7907 -19.7173 0
3969 -26.498 -56 -7 -32.847 -20.149 0
3979 -26.143 -58 -8 -32.3022 -19.9838 0
3989 -26.099 -56 -7 -32.3353 -19.8627 0
3999 -26.177 -56 -7 -32.437 -19.917 0
4009 -26.476 -62 -7 -32.9406 -20.0114 0
4019 -26.131 -69 -7 -32.1538 -20.1082 0
4029 -26.563 -53 -7 -32.6083 -20.5177 0
4039 -26.608 -58 -11 -32.976 -20.24 0
4049 -26.218 -57 -7 -32.4379 -19.9981 0
4059 -26.191 -53 -7 -32.3267 -20.0553 0
4069 -26.448 -58 -7 -33.0418 -19.8542 0
4079 -26.161 -49 -7 -32.2842 -20.0378 0
4089 -26.101 -56 -7 -32.2973 -19.9047 0
4099 -26.446 -56 -7 -32.4699 -20.4221 0
4109 -26.527 -62 -7 -33.0047 -20.0493 0
4119 -26.592 -53 -7 -32.8771 -20.3069 0
4129 -26.269 -51 -7 -32.4038 -20.1342 0
4139 -26.26 -54 -7 -32.6791 -19.8409 0
4149 -26.493 -64 -7 -32.6968 -20.2892 0
4159 -26.484 -57 -7 -32.4599 -20.5081 0
4169 -26.52 -57 -7 -32.7505 -20.2895 0
4179 -26.341 -64 -7 -32.6821 -19.9999 0
4189 -26.176 -52 -7 -32.4636 -19.8884 0
4199 -26.362 -55 -7 -32.3387 -20.3853 0
4209 -26.693 -53 -7 -32.8543 -20.5317 0
4219 -26.652 -61 -7 -32.9853 -20.3187 0
4229 -26.373 -47 -7 -32.3996 -20.3464 0
4239 -26.392 -62 -7 -32.6314 -20.1526 0
4249 -26.365 -51 -7 -32.5639 -20.1661 0
4259 -26.793 -58 -7 -33.0064 -20.5796 0
4269 -26.4 -57 -7 -32.8512 -19.9488 0
4279 -26.32 -53 -7 -32.4005 -20.2395 0
4289 -26.385 -52 -7 -32.5222 -20.2478 0
4299 -26.364 -56 -7 -32.7187 -20.0093 0
4309 -26.61 -52 -7 -32.7827 -20.4373 0
4319 -26.066 -51 -7 -32.107 -20.025 0
4329 -26.212 -53 -7 -32.4678 -19.9562 0
4339 -26.487 -56 -9 -32.9532 -20.0208 0
4349 -26.458 -56 -7 -32.8889 -20.0271 0
4359 -26.277 -62 -11 -32.4023 -20.1517 0
4369 -26.591 -58 -11 -32.6074 -20.5746 0
4379 -26.681 -59 -7 -32.9663 -20.3957 0
4389 -26.373 -57 -11 -32.6301 -20.1159 0
4399 -26.258 -57 -7 -32.5436 -19.9724 0
4409 -26.636 -68 -7 -33.0555 -20.2165 0
4419 -26.345 -61 -7 -32.8114 -19.8786 0
4429 -26.212 -53 -7 -32.4757 -19.9483 0
4439 -26.284 -53 -7 -32.5093 -20.0587 0
4449 -26.65 -64 -7 -33.2258 -20.0742 0
4459 -26.048 -53 -7 -32.3982 -19.6978 0
4469 -26.685 -63 -7 -33.0998 -20.2702 0
4479 -26.447 -57 -7 -32.5783 -20.3157 0
4489 -26.49 -59 -7 -32.6145 -20.3655 0
4499 -26.341 -56 -7 -32.7434 -19.9386 0
4509 -26.397 -62 -11 -32.929 -19.865 0
4519 -26.482 -62 -7 -32.7532 -20.2108 0
4529 -26.479 -52 -7 -32.7329 -20.2251 0
4539 -26.205 -61 -7 -32.5591 -19.8509 0
4549 -26.255 -54 -7 -32.1784 -20.3316 0
4559 -26.429 -57 -7 -32.6442 -20.2138 0
4569 -26.204 -66 -8 -32.4307 -19.9773 0
4579 -26.542 -53 -7 -32.8536 -20.2304 0
4589 -26.139 -58 -7 -32.2318 -20.0462 0
4599 -26.213 -51 -7 -32.1957 -20.2303 0
4609 -26.504 -56 -7 -32.7117 -20.2963 0
4619 -26.274 -57 -7 -32.9011 -19.6469 0
4629 -26.249 -52 -7 -32.3954 -20.1026 0
4639 -26.196 -98 -7 -32.8993 -19.4927 0
4649 -26.865 -57 -7 -33.237 -20.493 0
4659 -26.321 -53 -7 -32.4321 -20.2099 0
4669 -26.497 -63 -7 -32.8209 -20.1731 0
4679 -26.402 -61 -7 -32.482 -20.322 0
4689 -26.366 -72 -7 -32.7463 -19.9857 0
4699 -26.441 -52 -7 -32.7418 -20.1402 0
4709 -26.772 -51 -7 -32.7248 -20.8192 0
4719 -26.253 -49 -7 -32.1599 -20.3461 0
4729 -26.253 -56 -7 -32.4702 -20.0358 0
4739 -26.306 -51 -11 -32.2763 -20.3357 0
4749 -26.486 -54 -7 -32.7064 -20.2656 0
4759 -26.2 -61 -7 -32.416 -19.984 0
4769 -26.279 -52 -7 -32.6917 -19.8663 0
4779 -26.429 -53 -7 -32.5815 -20.2765 0
4789 -26.376 -49 -7 -32.37 -20.382 0
4799 -26.587 -61 -7 -32.8363 -20.3377 0
4809 -26.535 -57 -11 -32.619 -20.451 0
4819 -26.463 -58 -7 -32.682 -20.244 0
4829 -26.741 -66 -7 -33.0563 -20.4257 0
4839 -26.216 -58 -7 -32.6461 -19.7859 0
4849 -26.377 -57 -7 -32.5445 -20.2095 0
4859 -26.617 -62 -7 -33.3533 -19.8807 0
4869 -26.597 -48 -7 -32.8908 -20.3032 0
4879 -26.565 -56 -8 -32.8363 -20.2937 0
4889 -26.388 -61 -7 -32.748 -20.028 0
4899 -26.27 -54 -7 -32.4351 -20.1049 0
4909 -26.297 -58 -7 -32.6781 -19.9159 0
4919 -26.532 -58 -7 -32.7345 -20.3295 0
4929 -26.412 -52 -7 -32.7344 -20.0896 0
4939 -26.498 -66 -7 -33.2056 -19.7904 0
4949 -26.441 -61 -7 -32.9814 -19.9006 0
4959 -26.635 -51 -11 -32.7107 -20.5593 0
4969 -26.226 -54 -7 -32.0912 -20.3608 0
4979 -26.331 -61 -7 -33.0027 -19.6593 0
4989 -26.345 -58 -7 -32.557 -20.133 0
4999 -26.572 -58 -11 -32.6558 -20.4882 0
5009 -26.201 -54 -11 -32.2676 -20.1344 0
5019 -26.343 -52 -7 -32.0835 -20.6025 0
5029 -26.648 -61 -11 -32.587 -20.709 0
5039 -26.244 -53 -7 -32.4689 -20.0191 0
5049 -26.319 -57 -7 -32.4454 -20.1926 0
5059 -26.509 -73 -7 -33.0908 -19.9272 0
5069 -26.777 -56 -7 -32.8733 -20.6807 0
5079 -26.429 -58 -7 -32.8258 -20.0322 0
5089 -25.97 -46 -7 -32.2038 -19.7362 0
5099 -26.68 -62 -7 -33.1504 -20.2096 0
5109 -26.36 -59 -7 -32.4825 -20.2375 0
5119 -26.343 -59 -7 -32.628 -20.058 0
5129 -26.486 -62 -7 -32.6633 -20.3087 0
5139 -26.494 -59 -7 -32.6561 -20.3319 0
5149 -26.326 -52 -7 -32.3716 -20.2804 0
5159 -26.369 -58 -7 -32.5861 -20.1519 0
5169 -26.486 -62 -7 -32.7971 -20.1749 0
5179 -26.412 -59 -7 -32.7689 -20.0551 0
5189 -26.384 -57 -7 -32.4993 -20.2687 0
5199 -26.622 -52 -7 -32.789 -20.455 0
5209 -26.458 -49 -7 -32.8115 -20.1045 0
5219 -26.266 -53 -7 -32.3001 -20.2319 0
5229 -26.093 -58 -7 -32.3507 -19.8353 0
5239 -26.354 -57 -7 -32.6111 -20.0969 0
5249 -26.129 -66 -7 -32.3383 -19.9197 0
5259 -26.428 -52 -11 -32.5706 -20.2854 0
5269 -26.684 -57 -8 -32.7594 -20.6086 0
5279 -26.66 -57 -7 -32.9874 -20.3326 0
5289 -26.339 -62 -7 -32.7763 -19.9017 0
5299 -26.218 -61 -7 -32.2983 -20.1377 0
5309 -26.071 -53 -7 -32.0422 -20.0998 0
5319 -26.539 -59 -11 -32.6568 -20.4212 0
5329 -26.506 -77 -7 -33.1481 -19.8639 0
5339 -26.533 -59 -7 -32.6214 -20.4446 0
5349 -26.013 -58 -7 -32.1064 -19.9196 0
5359 -26.619 -49 -7 -32.737 -20.501 0
5369 -26.452 -73 -7 -32.8935 -20.0105 0
5379 -26.586 -47 -7 -32.6468 -20.5252 0
5389 -26.492 -53 -7 -32.7107 -20.2733 0
5399 -26.57 -58 -7 -32.8544 -20.2856 0
5409 -26.723 -58 -7 -32.9494 -20.4966 0
5419 -26.669 -78 -7 -33.0636 -20.2744 0
5429 -26.448 -57 -7 -32.6492 -20.2468 0
5439 -26.744 -56 -8 -32.8718 -20.6162 0
5449 -26.125 -71 -7 -32.5506 -19.6994 0
5459 -26.617 -61 -7 -32.8627 -20.3713 0
5469 -26.413 -53 -7 -32.5402 -20.2858 0
5479 -26.491 -96 -7 -33.024 -19.958 0
5489 -26.417 -62 -7 -32.8601 -19.9739 0
5499 -26.361 -57 -7 -32.7082 -20.0138 0
5509 -26.453 -47 -7 -32.4686 -20.4374 0
5519 -26.469 -67 -11 -32.7058 -20.2322 0
5529 -26.635 -56 -7 -32.8187 -20.4513 0
5539 -26.735 -57 -7 -33.2206 -20.2494 0
5549 -26.796 -53 -7 -32.9491 -20.6429 0
5559 -26.485 -57 -7 -32.4659 -20.5041 0
5569 -26.525 -52 -7 -32.8648 -20.1852 0
5579 -26.387 -59 -7 -32.6144 -20.1596 0
5589 -25.816 -56 -7 -31.8971 -19.7349 0
5599 -26.649 -53 -7 -32.9859 -20.3121 0
5609 -26.365 -49 -7 -32.5545 -20.1755 0
5619 -26.431 -51 -7 -32.4305 -20.4315 0
5629 -26.276 -61 -7 -32.2841 -20.2679 0
5639 -25.914 -53 -7 -31.8093 -20.0187 0
5649 -26.329 -55 -7 -32.6337 -20.0243 0
5659 -26.429 -56 -7 -32.6151 -20.2429 0
5669 -26.456 -66 -7 -32.7983 -20.1137 0
5679 -26.659 -62 -7 -33.1513 -20.1667 0
5689 -26.64 -68 -7 -33.0546 -20.2254 0
5699 -26.163 -68 -7 -32.3937 -19.9323 0
5709 -26.464 -58 -11 -32.6691 -20.2589 0
5719 -26.341 -58 -7 -32.5171 -20.1649 0
5729 -26.323 -56 -7 -32.9235 -19.7225 0
5739 -26.578 -55 -7 -32.7891 -20.3669 0
5749 -26.357 -58 -7 -32.4776 -20.2364 0
5759 -26.464 -62 -7 -32.2925 -20.6355 0
5769 -26.641 -71 -7 -33.2921 -19.9899 0
5779 -26.58 -54 -7 -32.7567 -20.4033 0
5789 -26.217 -71 -7 -32.5668 -19.8672 0
5799 -26.292 -60 -7 -32.6965 -19.8875 0
5809 -26.543 -66 -7 -33.0182 -20.0678 0
5819 -26.422 -61 -7 -32.8709 -19.9731 0
5829 -26.051 -62 -7 -32.1348 -19.9672 0
5839 -26.463 -52 -7 -32.6538 -20.2722 0
5849 -26.48 -56 -7 -32.693 -20.267 0
5859 -26.451 -56 -7 -32.9956 -19.9064 0
5869 -26.491 -58 -7 -32.9187 -20.0633 0
5879 -26.142 -73 -7 -32.3773 -19.9067 0
5889 -26.227 -62 -7 -32.7057 -19.7483 0
5899 -26.459 -52 -11 -32.6961 -20.2219 0
5909 -26.443 -52 -7 -32.6847 -20.2013 0
5919 -26.309 -61 -7 -32.275 -20.343 0
5929 -26.604 -61 -7 -32.658 -20.55 0
5939 -26.895 -57 -11 -33.1905 -20.5995 0
5949 -26.634 -56 -11 -32.6381 -20.6299 0
5959 -26.593 -53 -7 -33.1691 -20.0169 0
5969 -26.266 -56 -7 -32.4712 -20.0608 0
5979 -26.199 -54 -7 -32.3606 -20.0374 0
5989 -26.356 -58 -7 -32.8102 -19.9018 0
5999 -26.33 -58 -7 -32.6926 -19.9674 0
6009 -26.367 -56 -7 -32.4586 -20.2754 0
6019 -26.343 -63 -7 -32.6652 -20.0208 0
6029 -26.106 -52 -7 -32.2141 -19.9979 0
6039 -26.805 -63 -7 -33.1292 -20.4808 0
6049 -26.39 -53 -7 -32.515 -20.265 0
6059 -26.28 -56 -7 -32.465 -20.095 0
6069 -26.775 -56 -7 -33.299 -20.251 0
6079 -26.455 -66 -7 -32.8983 -20.0117 0
6089 -26.609 -56 -7 -33.0473 -20.1707 0
6099 -26.476 -53 -7 -32.8906 -20.0614 0
6109 -25.89 -53 -7 -32.1974 -19.5826 0
6119 -26.593 -62 -7 -32.8783 -20.3077 0
6129 -26.303 -66 -7 -32.5908 -20.0152 0
6139 -26.311 -62 -7 -32.6225 -19.9995 0
6149 -26.215 -62 -7 -32.6831 -19.7469 0
6159 -26.258 -52 -7 -32.451 -20.065 0
6169 -26.376 -58 -7 -32.3397 -20.4123 0
6179 -26.419 -51 -7 -32.5095 -20.3285 0
6189 -26.577 -62 -7 -32.7868 -20.3672 0
6199 -26.382 -59 -7 -32.615 -20.149 0
6209 -26.413 -61 -7 -32.8704 -19.9556 0
6219 -26.416 -62 -7 -32.5023 -20.3297 0
6229 -26.401 -51 -7 -32.5426 -20.2594 0
6239 -26.449 -58 -7 -32.8307 -20.0673 0
6249 -26.166 -51 -7 -32.0695 -20.2625 0
6259 -26.334 -58 -11 -32.2745 -20.3935 0
6269 -26.213 -58 -7 -32.462 -19.964 0
6279 -26.391 -64 -7 -32.6894 -20.0926 0
6289 -26.43 -62 -7 -32.8548 -20.0052 0
6299 -26.115 -67 -7 -32.331 -19.899 0
6309 -26.225 -62 -7 -32.9696 -19.4804 0
6319 -26.565 -61 -7 -32.7333 -20.3967 0
6329 -26.348 -61 -7 -32.5522 -20.1438 0
6339 -26.358 -66 -11 -32.611 -20.105 0
6349 -25.804 -57 -7 -32.2709 -19.3371 0
6359 -26.768 -61 -7 -33.1844 -20.3516 0
6369 -26.361 -53 -7 -32.469 -20.253 0
6379 -26.323 -52 -7 -32.7551 -19.8909 0
6389 -26.318 -57 -7 -32.2454 -20.3906 0
6399 -25.961 -56 -7 -32.1237 -19.7983 0
6409 -26.077 -47 -7 -32.1085 -20.0455 0
6419 -26.461 -67 -7 -32.9108 -20.0112 0
6429 -26.104 -56 -7 -32.3812 -19.8268 0
6439 -26.252 -61 -7 -32.501 -20.003 0
6449 -26.297 -61 -7 -32.5371 -20.0569 0
6459 -26.34 -58 -11 -32.6707 -20.0093 0
6469 -25.974 -51 -7 -31.8364 -20.1116 0
6479 -26.195 -56 -7 -32.3919 -19.9981 0
6489 -26.239 -56 -11 -32.4478 -20.0302 0
6499 -26.224 -53 -7 -32.4873 -19.9607 0
6509 -26.477 -56 -7 -32.6928 -20.2612 0
6519 -26.515 -62 -7 -32.6623 -20.3677 0
6529 -26.457 -51 -7 -32.6588 -20.2552 0
6539 -26.253 -52 -7 -32.1743 -20.3317 0
6549 -26.133 -66 -7 -32.3694 -19.8966 0
6559 -26.34 -58 -7 -32.5973 -20.0827 0
6569 -26.149 -57 -7 -32.1938 -20.1042 0
6579 -26.215 -54 -7 -32.3149 -20.1151 0
6589 -26.47 -54 -7 -32.9383 -20.0017 0
6599 -26.373 -74 -7 -32.7152 -20.0308 0
6609 -26.293 -54 -7 -32.5267 -20.0593 0
6619 -26.579 -53 -7 -32.7893 -20.3687 0
6629 -26.004 -56 -7 -32.1304 -19.8776 0
6639 -26.437 -63 -7 -32.2797 -20.5943 0
6649 -26.277 -58 -7 -32.3846 -20.1694 0
6659 -26.442 -58 -7 -32.8021 -20.0819 0
6669 -26.456 -62 -7 -32.697 -20.215 0
6679 -26.15 -52 -7 -32.1217 -20.1783 0
6689 -26.342 -58 -7 -32.4714 -20.2126 0
6699 -26.44 -58 -7 -32.59 -20.29 0
6709 -26.225 -57 -7 -32.711 -19.739 0
6719 -26.081 -48 -7 -31.8592 -20.3028 0
6729 -26.314 -52 -7 -32.4079 -20.2201 0
6739 -26.187 -57 -7 -32.2277 -20.1463 0
6749 -26.291 -56 -7 -32.6093 -19.9727 0
6759 -26.615 -64 -7 -33.0511 -20.1789 0
6769 -26.558 -53 -7 -32.9484 -20.1676 0
6779 -26.348 -56 -7 -32.3671 -20.3289 0
6789 -26.08 -61 -7 -32.0572 -20.1028 0
6799 -26.111 -54 -7 -31.9562 -20.2658 0
6809 -25.861 -66 -7 -31.92 -19.802 0
6819 -26.163 -56 -7 -32.161 -20.165 0
6829 -26.848 -54 -7 -33.1185 -20.5775 0
6839 -26.08 -57 -7 -32.1318 -20.0282 0
6849 -26.344 -57 -7 -32.6561 -20.0319 0
6859 -26.282 -53 -7 -32.3473 -20.2167 0
6869 -26.212 -51 -7 -32.2849 -20.1391 0
6879 -26.385 -52 -7 -32.4189 -20.3511 0
6889 -26.317 -53 -7 -31.9759 -20.6581 0
6899 -26.372 -58 -7 -32.8615 -19.8825 0
6909 -26.594 -48 -7 -32.5417 -20.6463 0
6919 -26.268 -53 -7 -32.4942 -20.0418 0
6929 -26.254 -58 -7 -32.7167 -19.7913 0
6939 -26.242 -54 -7 -32.211 -20.273 0
6949 -26.044 -56 -7 -31.9111 -20.1769 0
6959 -26.116 -53 -7 -32.2403 -19.9917 0
6969 -26.339 -58 -7 -32.2935 -20.3845 0
6979 -26.64 -49 -7 -32.5048 -20.7752 0
6989 -26.336 -54 -7 -32.3969 -20.2751 0
6999 -26.192 -56 -7 -32.1938 -20.1902 0
7009 -25.964 -52 -7 -32.1451 -19.7829 0
7019 -26.198 -58 -7 -32.5639 -19.8321 0
7029 -26.293 -62 -7 -32.5557 -20.0303 0
7039 -26.7 -62 -7 -32.9612 -20.4388 0
7049 -25.922 -54 -7 -31.9457 -19.8983 0
7059 -26.494 -62 -7 -32.9374 -20.0506 0
7069 -26.212 -53 -7 -32.3702 -20.0538 0
7079 -26.397 -57 -7 -32.519 -20.275 0
7089 -26.247 -68 -7 -32.3677 -20.1263 0
7099 -26.118 -52 -7 -32.2235 -20.0125 0
7109 -26.24 -51 -7 -32.3976 -20.0824 0
7119 -26.431 -66 -7 -32.6131 -20.2489 0
7129 -25.875 -52 -7 -31.9702 -19.7798 0
7139 -26.25 -57 -7 -32.5791 -19.9209 0
7149 -26.141 -48 -7 -32.0089 -20.2731 0
7159 -25.958 -68 -7 -32.2076 -19.7084 0
7169 -26.307 -61 -7 -32.6852 -19.9288 0
7179 -26.592 -53 -7 -32.7626 -20.4214 0
7189 -26.21 -61 -7 -32.2649 -20.1551 0
7199 -26.172 -58 -7 -32.2092 -20.1348 0
7209 -26.413 -49 -7 -32.6253 -20.2007 0
7219 -26.333 -68 -7 -32.5378 -20.1282 0
7229 -26.465 -56 -7 -32.6181 -20.3119 0
7239 -26.535 -56 -7 -32.639 -20.431 0
7249 -26.109 -48 -7 -31.9855 -20.2325 0
7259 -26.713 -54 -7 -32.9213 -20.5047 0
7269 -26.366 -62 -7 -32.5352 -20.1968 0
7279 -26.121 -51 -7 -32.2463 -19.9957 0
7289 -26.528 -78 -7 -33.1294 -19.9266 0
7299 -26.353 -52 -7 -32.5103 -20.1957 0
7309 -26.541 -66 -7 -32.8655 -20.2165 0
7319 -26.03 -66 -7 -32.1877 -19.8723 0
7329 -26.514 -57 -7 -32.9676 -20.0604 0
7339 -26.209 -52 -7 -32.2067 -20.2113 0
7349 -26.244 -48 -7 -32.2923 -20.1957 0
7359 -26.356 -62 -7 -32.9552 -19.7568 0
7369 -26.244 -56 -7 -32.4311 -20.0569 0
7379 -26.376 -52 -7 -32.3551 -20.3969 0
7389 -26.255 -55 -7 -32.4975 -20.0125 0
7399 -26.24 -53 -7 -32.163 -20.317 0
7409 -26.554 -57 -11 -32.7726 -20.3354 0
7419 -26.364 -52 -7 -32.5663 -20.1617 0
7429 -26.208 -48 -8 -32.0866 -20.3294 0
7439 -26.286 -53 -11 -32.3093 -20.2627 0
7449 -26.33 -66 -7 -32.4219 -20.2381 0
7459 -26.537 -58 -7 -32.895 -20.179 0
7469 -26.352 -58 -7 -32.6093 -20.0947 0
7479 -26.385 -51 -7 -32.7953 -19.9747 0
7489 -26.413 -54 -11 -32.4929 -20.3331 0
7499 -26.154 -51 -7 -32.1596 -20.1484 0
7509 -25.882 -67 -7 -32.0392 -19.7248 0
7519 -26.04 -60 -7 -31.98 -20.1 0
7529 -26.302 -59 -7 -32.3327 -20.2713 0
7539 -26.262 -48 -8 -32.3231 -20.2009 0
7549 -26.067 -56 -7 -32.0572 -20.0768 0
7559 -26.465 -62 -7 -32.5797 -20.3503 0
7569 -26.075 -52 -7 -32.2871 -19.8629 0
7579 -26.457 -53 -7 -32.4218 -20.4922 0
7589 -26.143 -49 -7 -32.31 -19.976 0
7599 -26.1 -62 -7 -32.4827 -19.7173 0
7609 -26.322 -59 -7 -32.5089 -20.1351 0
7619 -26.689 -78 -7 -32.9723 -20.4057 0
7629 -26.379 -61 -11 -32.5097 -20.2483 0
7639 -26.093 -61 -7 -32.2152 -19.9708 0
7649 -26.469 -61 -7 -32.7352 -20.2028 0
7659 -26.139 -52 -7 -31.9361 -20.3419 0
7669 -26.262 -57 -7 -32.5088 -20.0152 0
7679 -26.442 -57 -7 -32.6945 -20.1895 0
7689 -26.441 -52 -7 -32.28 -20.602 0
7699 -26.326 -57 -7 -32.4069 -20.2451 0
7709 -26.468 -118 -7 -33.2374 -19.6986 0
7719 -26.027 -51 -7 -32.023 -20.031 0
7729 -26.157 -57 -7 -31.8935 -20.4205 0
7739 -26.278 -51 -7 -32.1014 -20.4546 0
7749 -26.226 -52 -8 -32.4042 -20.0478 0
7759 -26.765 -53 -7 -32.8529 -20.6771 0
7769 -26.257 -67 -7 -32.4068 -20.1072 0
7779 -26.221 -62 -7 -32.2887 -20.1533 0
7789 -26.499 -59 -7 -32.587 -20.411 0
7799 -26.487 -78 -7 -32.9403 -20.0337 0
7809 -26.415 -51 -7 -32.0986 -20.7314 0
7819 -26.464 -48 -7 -32.3767 -20.5513 0
7829 -26.368 -61 -7 -32.6052 -20.1308 0
7839 -26.312 -51 -7 -32.4142 -20.2098 0
7849 -26.172 -69 -7 -32.6168 -19.7272 0
7859 -26.06 -57 -7 -32.3422 -19.7778 0
7869 -26.491 -62 -7 -32.5791 -20.4029 0
7879 -26.269 -71 -7 -32.526 -20.012 0
7889 -26.28 -57 -7 -32.2061 -20.3539 0
7899 -26.267 -53 -7 -32.1404 -20.3936 0
7909 -26.25 -61 -7 -32.4292 -20.0708 0
7919 -26.529 -57 -7 -32.5254 -20.5326 0
7929 -26.571 -51 -7 -32.4635 -20.6785 0
7939 -26.32 -58 -7 -32.6359 -20.0041 0
7949 -26.141 -47 -7 -31.9617 -20.3203 0
7959 -26.175 -61 -7 -32.1149 -20.2351 0
7969 -26.448 -52 -7 -32.4934 -20.4026 0
7979 -26.244 -71 -7 -32.3803 -20.1077 0
7989 -26.421 -57 -7 -32.4822 -20.3598 0
7999 -26.361 -64 -7 -32.5571 -20.1649 0
8009 -26.157 -54 -7 -32.1646 -20.1494 0
8019 -26.04 -56 -8 -32.1538 -19.9262 0
8029 -26.543 -58 -7 -32.6228 -20.4632 0
8039 -26.16 -53 -7 -32.0446 -20.2754 0
8049 -26.171 -57 -7 -32.2237 -20.1183 0
8059 -26.476 -58 -11 -32.4712 -20.4808 0
8069 -26.584 -56 -7 -32.7889 -20.3791 0
8079 -26.422 -53 -11 -32.2931 -20.5509 0
8089 -26.452 -59 -7 -32.2314 -20.6726 0
8099 -26.449 -52 -7 -32.3855 -20.5125 0
8109 -26.436 -54 -7 -32.3749 -20.4971 0
8119 -26.122 -69 -7 -32.2865 -19.9575 0
8129 -26.086 -48 -7 -32.0734 -20.0986 0
8139 -26.308 -57 -7 -32.4804 -20.1356 0
8149 -25.995 -51 -7 -31.9874 -20.0026 0
8159 -26.264 -63 -11 -32.228 -20.3 0
8169 -26.676 -56 -7 -32.5541 -20.7979 0
8179 -26.165 -78 -7 -32.5684 -19.7616 0
8189 -26.689 -56 -7 -32.9742 -20.4038 0
8199 -26.532 -57 -11 -32.4877 -20.5763 0
8209 -26.247 -52 -7 -32.4659 -20.0281 0
8219 -26.308 -58 -7 -32.215 -20.401 0
8229 -26.474 -54 -7 -32.6485 -20.2995 0
8239 -26.232 -58 -7 -32.2521 -20.2119 0
8249 -26.225 -52 -7 -32.2143 -20.2357 0
8259 -26.447 -57 -7 -32.4295 -20.4645 0
8269 -26.392 -53 -7 -32.5158 -20.2682 0
8279 -26.392 -53 -7 -32.3936 -20.3904 0
8289 -26.662 -61 -11 -32.8847 -20.4393 0
8299 -26.305 -52 -11 -32.4463 -20.1637 0
8309 -26.365 -53 -7 -32.8018 -19.9282 0
8319 -26.332 -58 -7 -32.4902 -20.1738 0
8329 -26.33 -49 -7 -32.041 -20.619 0
8339 -26.119 -49 -7 -32.0707 -20.1673 0
8349 -26.321 -76 -7 -32.7656 -19.8764 0
8359 -26.415 -72 -7 -32.7842 -20.0458 0
8369 -26.529 -56 -7 -32.6464 -20.4116 0
8379 -26.434 -57 -7 -32.6911 -20.1769 0
8389 -26.48 -53 -7 -32.7172 -20.2428 0
8399 -26.568 -49 -7 -32.9093 -20.2267 0
8409 -26.197 -53 -7 -32.2768 -20.1172 0
8419 -26.576 -57 -7 -32.5526 -20.5994 0
8429 -26.758 -139 -7 -33.7792 -19.7368 0
8439 -26.776 -56 -7 -33.0434 -20.5086 0
8449 -26.343 -68 -7 -32.5059 -20.1801 0
8459 -26.515 -61 -7 -32.624 -20.406 0
8469 -26.32 -57 -7 -32.4986 -20.1414 0
8479 -25.981 -46 -7 -31.6486 -20.3134 0
8489 -25.807 -49 -7 -31.6922 -19.9218 0
8499 -26.545 -54 -7 -32.8543 -20.2357 0
8509 -25.967 -48 -7 -31.9764 -19.9576 0
8519 -26.477 -67 -7 -32.8549 -20.0991 0
8529 -26.386 -54 -7 -32.4509 -20.3211 0
8539 -26.207 -58 -7 -32.2865 -20.1275 0
8549 -26.545 -63 -7 -32.9979 -20.0921 0
8559 -26.705 -57 -7 -32.7843 -20.6257 0
8569 -26.275 -66 -7 -32.5925 -19.9575 0
8579 -26.222 -57 -7 -32.0571 -20.3869 0
8589 -26.204 -49 -7 -31.9173 -20.4907 0
8599 -26.252 -54 -7 -32.3682 -20.1358 0
8609 -26.705 -56 -7 -32.8901 -20.5199 0
8619 -26.398 -67 -7 -32.7563 -20.0397 0
8629 -26.377 -51 -7 -32.3813 -20.3727 0
8639 -26.359 -51 -7 -32.2458 -20.4722 0
8649 -26.196 -52 -11 -31.9419 -20.4501 0
8659 -26.331 -73 -7 -32.5105 -20.1515 0
8669 -26.367 -54 -11 -32.416 -20.318 0
8679 -26.36 -59 -11 -32.3693 -20.3507 0
8689 -25.879 -47 -7 -31.8126 -19.9454 0
8699 -26.478 -59 -7 -32.8504 -20.1056 0
8709 -26.562 -53 -11 -32.657 -20.467 0
8719 -26.156 -52 -7 -32.0635 -20.2485 0
8729 -26.524 -51 -7 -32.5427 -20.5053 0
8739 -26.317 -73 -7 -32.4703 -20.1637 0
8749 -26.548 -48 -7 -32.5903 -20.5057 0
8759 -26.576 -52 -7 -32.8451 -20.3069 0
8769 -26.124 -52 -7 -32.2756 -19.9724 0
8779 -26.647 -52 -7 -32.9478 -20.3462 0
8789 -26.111 -51 -7 -31.9793 -20.2427 0
8799 -26.527 -49 -7 -32.5592 -20.4948 0
8809 -26.232 -66 -7 -32.5259 -19.9381 0
8819 -26.455 -54 -7 -32.495 -20.415 0
8829 -26.457 -49 -7 -32.7161 -20.1979 0
8839 -26.441 -66 -7 -32.6284 -20.2536 0
8849 -26.68 -56 -7 -32.8223 -20.5377 0
8859 -25.951 -56 -7 -32.1948 -19.7072 0
8869 -26.158 -61 -7 -32.2981 -20.0179 0
8879 -26.384 -56 -7 -32.6078 -20.1602 0
8889 -26.433 -56 -7 -32.5813 -20.2847 0
8899 -26.518 -53 -7 -32.9567 -20.0793 0
8909 -26.274 -63 -7 -32.1178 -20.4302 0
8919 -26.317 -62 -11 -32.1902 -20.4438 0
8929 -26.518 -57 -7 -32.5256 -20.5104 0
8939 -26.378 -68 -11 -32.714 -20.042 0
8949 -26.781 -58 -7 -33.1356 -20.4264 0
8959 -26.274 -51 -7 -32.2523 -20.2957 0
8969 -26.326 -51 -7 -32.3981 -20.2539 0
8979 -26.169 -51 -8 -32.183 -20.155 0
8989 -26.491 -61 -7 -32.5212 -20.4608 0
8999 -26.379 -51 -7 -32.5841 -20.1739 0
9009 -26.402 -56 -11 -32.4351 -20.3689 0
9019 -26.34 -61 -7 -32.4742 -20.2058 0
9029 -26.493 -58 -7 -32.2873 -20.6987 0
9039 -26.137 -61 -7 -32.332 -19.942 0
9049 -26.03 -53 -11 -31.9048 -20.1552 0
9059 -26.233 -49 -7 -32.389 -20.077 0
9069 -26.137 -56 -7 -32.0542 -20.2198 0
9079 -25.915 -57 -7 -31.9509 -19.8791 0
9089 -26.271 -58 -7 -32.4116 -20.1304 0
9099 -26.658 -54 -11 -32.9335 -20.3825 0
9109 -26.263 -53 -7 -32.1007 -20.4253 0
9119 -26.15 -57 -11 -31.9982 -20.3018 0
9129 -26.7 -56 -7 -32.8997 -20.5003 0
9139 -26.2 -53 -11 -32.2272 -20.1728 0
9149 -26.205 -61 -7 -32.1524 -20.2576 0
9159 -26.613 -57 -11 -32.4586 -20.7674 0
9169 -26.353 -52 -7 -32.4459 -20.2601 0
9179 -26.448 -52 -7 -32.5489 -20.3471 0
9189 -26.676 -76 -7 -33.3373 -20.0147 0
9199 -26.511 -67 -11 -32.4799 -20.5421 0
9209 -26.31 -51 -7 -32.0519 -20.5681 0
9219 -26.324 -57 -7 -32.7864 -19.8616 0
9229 -26.388 -52 -7 -32.7264 -20.0496 0
9239 -26.506 -62 -7 -32.8228 -20.1892 0
9249 -26.537 -59 -7 -33.145 -19.929 0
9259 -26.322 -58 -7 -32.3291 -20.3149 0
9269 -26.553 -48 -7 -32.2796 -20.8264 0
9279 -26.193 -62 -7 -32.3131 -20.0729 0
9289 -26.298 -61 -7 -32.3028 -20.2932 0
9299 -26.196 -56 -7 -32.0818 -20.3102 0
9309 -26.469 -62 -7 -32.8628 -20.0752 0
9319 -26.609 -57 -7 -32.8319 -20.3861 0
9329 -26.168 -58 -7 -32.2444 -20.0916 0
9339 -26.138 -58 -7 -32.0559 -20.2201 0
9349 -26.317 -61 -7 -32.5057 -20.1283 0
9359 -26.226 -52 -7 -32.297 -20.155 0
9369 -26.13 -56 -7 -32.1882 -20.0718 0
9379 -26.884 -52 -7 -33.0574 -20.7106 0
9389 -26.503 -62 -7 -32.5693 -20.4367 0
9399 -26.432 -68 -11 -32.6539 -20.2101 0
9409 -26.451 -64 -7 -32.4156 -20.4864 0
9419 -26.398 -62 -7 -32.7069 -20.0891 0
9429 -26.589 -54 -7 -32.8214 -20.3566 0
9439 -26.26 -57 -11 -32.0715 -20.4485 0
9449 -26.055 -57 -7 -32.3296 -19.7804 0
9459 -26.239 -52 -7 -32.0964 -20.3816 0
9469 -26.343 -56 -11 -32.3964 -20.2896 0
9479 -26.592 -65 -7 -32.6662 -20.5178 0
9489 -26.31 -63 -7 -32.4441 -20.1759 0
9499 -26.424 -61 -7 -32.6083 -20.2397 0
9509 -26.476 -52 -7 -32.5748 -20.3772 0
9519 -26.522 -58 -7 -32.565 -20.479 0
9529 -26.311 -56 -7 -32.376 -20.246 0
9539 -26.337 -57 -7 -32.4418 -20.2322 0
9549 -26.549 -57 -11 -32.4758 -20.6222 0
9559 -26.447 -56 -7 -32.3718 -20.5222 0
9569 -26.537 -57 -11 -32.7682 -20.3058 0
9579 -26.143 -56 -7 -31.8769 -20.4091 0
9589 -26.207 -72 -7 -32.641 -19.773 0
9599 -26.442 -58 -11 -32.6587 -20.2253 0
9609 -26.443 -53 -7 -32.3804 -20.5056 0
9619 -26.003 -59 -7 -31.7871 -20.2189 0
9629 -26.262 -49 -7 -32.123 -20.401 0
9639 -26.512 -61 -7 -32.7787 -20.2453 0
9649 -26.085 -54 -7 -32.0579 -20.1121 0
9659 -26.286 -53 -7 -32.1577 -20.4143 0
9669 -26.762 -62 -7 -32.9921 -20.5319 0
9679 -26.586 -58 -7 -32.8558 -20.3162 0
9689 -26.506 -57 -7 -32.366 -20.646 0
9699 -26.651 -66 -7 -33.05 -20.252 0
9709 -26.244 -53 -7 -31.9817 -20.5063 0
9719 -26.319 -54 -7 -32.2236 -20.4144 0
9729 -26.016 -48 -8 -31.654 -20.378 0
9739 -26.43 -52 -7 -32.3899 -20.4701 0
9749 -26.331 -62 -7 -32.4949 -20.1671 0
9759 -26.624 -52 -7 -32.6848 -20.5632 0
9769 -26.487 -66 -7 -32.2638 -20.7102 0
9779 -26.52 -53 -7 -32.3742 -20.6658 0
9789 -26.416 -54 -7 -32.578 -20.254 0
9799 -26.227 -58 -11 -32.4232 -20.0308 0
9809 -26.218 -62 -7 -32.5244 -19.9116 0
9819 -26.417 -53 -7 -32.4424 -20.3916 0
9829 -26.577 -58 -7 -33.0623 -20.0917 0
9839 -26.652 -57 -7 -32.8371 -20.4669 0
9849 -26.355 -56 -7 -32.3544 -20.3556 0
9859 -26.298 -62 -11 -32.4665 -20.1295 0
9869 -26.123 -53 -7 -32.1908 -20.0552 0
9879 -26.246 -56 -7 -31.9348 -20.5572 0
9889 -26.421 -59 -7 -32.4717 -20.3703 0
9899 -26.241 -53 -7 -31.9827 -20.4993 0
9909 -25.979 -57 -7 -32.0952 -19.8628 0
9919 -26.74 -53 -7 -33.1023 -20.3777 0
9929 -26.293 -62 -7 -32.2869 -20.2991 0
9939 -26.538 -67 -7 -32.7241 -20.3519 0
9949 -26.36 -62 -7 -32.3522 -20.3678 0
9959 -26.366 -67 -7 -32.6057 -20.1263 0
9969 -26.655 -53 -7 -32.6229 -20.6871 0
9979 -26.325 -58 -7 -32.4865 -20.1635 0
9989 -26.629 -62 -7 -32.6058 -20.6522 0
9999 -26.632 -54 -8 -32.5824 -20.6816 0
