0 -34.086 -120 -7 -50.011 -18.161 50
9 -34.902 -109 -7 -51.0085 -18.7955 49.95
19 -35.263 -139 -7 -52.8193 -17.7067 49.9001
29 -36.011 -134 -7 -52.8893 -19.1327 49.8501
39 -35.177 -127 -7 -52.0146 -18.3394 49.8003
49 -34.602 -144 -7 -52.007 -17.197 49.7505
59 -35.452 -133 -7 -53.3473 -17.5567 49.7007
69 -35.152 -142 -7 -51.8781 -18.4259 49.651
79 -35.14 -147 -7 -52.7391 -17.5409 49.6014
89 -33.944 -142 -7 -50.7693 -17.1187 49.5518
99 -33.804 -122 -7 -49.5162 -18.0918 49.5022
109 -36.296 -141 -7 -53.3966 -19.1954 49.4527
119 -35.895 -130 -7 -53.6206 -18.1694 49.4033
129 -35.782 -117 -7 -53.5867 -17.9773 49.3539
139 -34.222 -120 -7 -50.726 -17.718 49.3045
149 -35.097 -172 -7 -52.2158 -17.9782 49.2552
159 -34.712 -133 -7 -51.5162 -17.9078 49.206
169 -35.03 -163 -7 -52.6392 -17.4208 49.1568
179 -33.905 -141 -7 -50.2542 -17.5558 49.1076
189 -34.818 -156 -7 -51.8874 -17.7486 49.0585
199 -34.964 -150 -7 -52.3003 -17.6277 49.0094
209 -34.239 -132 -7 -50.7682 -17.7098 48.9604
219 -34.066 -149 -7 -50.9107 -17.2213 48.9115
229 -34.03 -126 -7 -50.9635 -17.0965 48.8626
239 -33.575 -116 -7 -49.309 -17.841 48.8137
249 -35.345 -142 -7 -53.1094 -17.5806 48.7649
259 -34.458 -142 -7 -51.2079 -17.7081 48.7161
269 -34.184 -172 -7 -51.2229 -17.1451 48.6674
279 -34.375 -132 -7 -51.9079 -16.8421 48.6187
289 -34.24 -130 -7 -51.3521 -17.1279 48.5701
299 -34.811 -163 -7 -52.0107 -17.6113 48.5215
309 -34.38 -132 -7 -51.8357 -16.9243 48.473
319 -36.458 -207 -7 -57.5113 -15.4047 48.4246
329 -36.342 -167 -7 -55.5331 -17.1509 48.3761
339 -36.276 -153 -7 -55.6182 -16.9338 48.3278
349 -36.057 -263 -7 -57.4555 -14.6585 48.2794
359 -36.342 -223 -7 -56.2303 -16.4537 48.2311
369 -35.899 -180 -7 -56.5204 -15.2776 48.1829
379 -36.294 -223 -7 -57.4128 -15.1752 48.1347
389 -35.621 -182 -7 -55.7483 -15.4937 48.0866
399 -33.725 -128 -7 -49.5716 -17.8784 48.0385
409 -36.447 -241 -7 -57.5571 -15.3369 47.9905
419 -33.872 -215 -7 -51.6972 -16.0468 47.9425
429 -34.22 -114 -7 -50.9006 -17.5394 47.8945
439 -35.604 -168 -7 -55.1531 -16.0549 47.8466
449 -33.292 -157 -7 -49.2734 -17.3106 47.7988
459 -34.385 -244 -7 -53.3262 -15.4438 47.751
469 -35.174 -171 -7 -53.6051 -16.7429 47.7032
479 -34.029 -148 -7 -50.8812 -17.1768 47.6555
489 -34.192 -162 -7 -51.6712 -16.7128 47.6079
499 -34.558 -249 -7 -53.3202 -15.7958 47.5603
509 -34.736 -219 -7 -53.8396 -15.6324 47.5127
519 -33.666 -156 -7 -50.8102 -16.5218 47.4652
529 -33.712 -183 -7 -51.4356 -15.9884 47.4177
539 -34.503 -168 -7 -51.3524 -17.6536 47.3703
549 -33.963 -228 -7 -51.4534 -16.4726 47.323
559 -35.347 -163 -7 -54.1038 -16.5902 47.2756
569 -34.994 -170 -7 -54.1459 -15.8421 47.2284
579 -34.687 -150 -7 -52.2896 -17.0844 47.1811
589 -34.522 -158 -7 -52.4827 -16.5613 47.1339
599 -35.079 -218 -7 -55.616 -14.542 47.0868
609 -35.053 -147 -7 -54.1027 -16.0033 47.0397
619 -34.633 -150 -7 -52.3763 -16.8897 46.9927
629 -34.179 -213 -7 -53.8761 -14.4819 46.9457
639 -34.526 -164 -7 -52.5753 -16.4767 46.8987
649 -34.148 -233 -7 -52.8094 -15.4866 46.8518
659 -34.298 -273 -7 -54.5415 -14.0545 46.805
669 -34.933 -217 -7 -55.0008 -14.8652 46.7582
679 -35.406 -182 -7 -54.7531 -16.0589 46.7114
689 -34.815 -183 -7 -53.2708 -16.3592 46.6647
699 -33.64 -203 -7 -52.9116 -14.3684 46.6181
709 -35.145 -366 -7 -57.4038 -12.8862 46.5714
719 -35.162 -159 -7 -54.6214 -15.7026 46.5249
729 -35.641 -178 -7 -55.0696 -16.2124 46.4783
739 -33.935 -159 -7 -53.1202 -14.7498 46.4319
749 -34.708 -254 -7 -55.1373 -14.2787 46.3854
759 -34.898 -229 -7 -55.8942 -13.9018 46.339
769 -34.872 -203 -7 -55.0743 -14.6697 46.2927
779 -35.896 -253 -7 -56.4985 -15.2935 46.2464
789 -35.223 -229 -7 -56.9786 -13.4674 46.2002
799 -36.438 -192 -7 -57.4129 -15.4631 46.154
809 -33.923 -198 -7 -51.8784 -15.9676 46.1078
819 -34.202 -233 -7 -53.8191 -14.5849 46.0617
829 -35.106 -194 -7 -55.985 -14.227 46.0156
839 -34.881 -162 -7 -53.6548 -16.1072 45.9696
849 -33.747 -172 -7 -51.2332 -16.2608 45.9237
859 -34.897 -221 -7 -55.1857 -14.6083 45.8777
869 -34.952 -214 -7 -56.1896 -13.7144 45.8319
879 -33.332 -163 -7 -50.8452 -15.8188 45.786
889 -34.466 -210 -7 -53.5901 -15.3419 45.7402
899 -34.292 -241 -7 -54.1428 -14.4412 45.6945
909 -34.51 -242 -7 -54.861 -14.159 45.6488
919 -34.59 -188 -7 -53.4077 -15.7723 45.6032
929 -34.535 -292 -7 -58.1144 -10.9556 45.5576
939 -33.949 -145 -7 -51.4406 -16.4574 45.512
949 -34.689 -203 -7 -53.8368 -15.5412 45.4665
959 -34.249 -195 -7 -51.9436 -16.5544 45.421
969 -35.27 -246 -7 -57.8857 -12.6543 45.3756
979 -35.294 -218 -7 -55.347 -15.241 45.3302
989 -35.729 -203 -7 -57.7336 -13.7244 45.2849
999 -35.603 -235 -7 -57.8049 -13.4011 45.2396
1009 -34.068 -237 -7 -53.5036 -14.6324 45.1944
1019 -33.669 -212 -7 -52.7351 -14.6029 45.1492
1029 -36.097 -298 -7 -58.36 -13.834 45.104
1039 -33.596 -194 -7 -51.304 -15.888 45.0589
1049 -35.459 -382 -7 -59.0075 -11.9105 45.0139
1059 -34.045 -260 -7 -52.37 -15.72 44.9688
1069 -33.707 -193 -7 -52.2109 -15.2031 44.9239
1079 -33.278 -270 -7 -52.9125 -13.6435 44.879
1089 -35.42 -208 -7 -57.7787 -13.0613 44.8341
1099 -34.503 -167 -7 -53.0474 -15.9586 44.7892
1109 -33.968 -206 -7 -52.7909 -15.1451 44.7445
1119 -32.839 -217 -7 -49.74 -15.938 44.6997
1129 -31.92 -180 -7 -47.4588 -16.3812 44.655
1139 -32.712 -165 -7 -49.223 -16.201 44.6104
1149 -32.941 -184 -7 -50.4205 -15.4615 44.5657
1159 -31.808 -122 -7 -46.1934 -17.4226 44.5212
1169 -33.982 -274 -7 -54.6212 -13.3428 44.4767
1179 -33.417 -212 -7 -51.3135 -15.5205 44.4322
1189 -33.252 -276 -7 -51.3196 -15.1844 44.3877
1199 -33.323 -268 -7 -53.0515 -13.5945 44.3434
1209 -33.736 -201 -7 -51.6388 -15.8332 44.299
1219 -32.902 -195 -7 -49.6811 -16.1229 44.2547
1229 -33.651 -153 -7 -51.9098 -15.3922 44.2105
1239 -33.594 -163 -7 -50.8335 -16.3545 44.1663
1249 -33.681 -224 -7 -54.1574 -13.2046 44.1221
1259 -33.032 -275 -7 -51.5139 -14.5501 44.078
1269 -33.447 -200 -7 -52.9889 -13.9051 44.0339
1279 -32.021 -219 -7 -48.964 -15.078 43.9899
1289 -31.727 -220 -7 -47.9819 -15.4721 43.9459
1299 -33.106 -245 -7 -50.3836 -15.8284 43.9019
1309 -32.022 -166 -7 -47.2863 -16.7577 43.858
1319 -31.272 -149 -7 -45.4397 -17.1043 43.8142
1329 -32.399 -212 -7 -49.2331 -15.5649 43.7703
1339 -31.562 -163 -7 -46.5356 -16.5884 43.7266
1349 -31.134 -170 -7 -45.7417 -16.5263 43.6828
1359 -31.843 -144 -7 -46.3668 -17.3192 43.6392
1369 -32.258 -190 -7 -47.4946 -17.0214 43.5955
1379 -31.66 -232 -7 -47.3923 -15.9277 43.5519
1389 -31.609 -180 -7 -47.7368 -15.4812 43.5084
1399 -31.578 -162 -7 -46.136 -17.02 43.4649
1409 -31.089 -116 -7 -43.9071 -18.2709 43.4214
1419 -31.205 -163 -7 -46.2253 -16.1847 43.378
1429 -31.682 -183 -7 -46.2397 -17.1243 43.3346
1439 -31.835 -180 -7 -46.9435 -16.7265 43.2913
1449 -31.235 -229 -7 -46.7591 -15.7109 43.248
1459 -31.619 -173 -7 -45.888 -17.35 43.2047
1469 -31.693 -182 -7 -46.7463 -16.6397 43.1615
1479 -29.602 -168 -7 -42.1508 -17.0532 43.1184
1489 -30.486 -176 -7 -43.845 -17.127 43.0752
1499 -30.818 -118 -7 -44.8636 -16.7724 43.0322
1509 -30.373 -131 -7 -42.571 -18.175 42.9891
1519 -30.51 -107 -7 -43.5009 -17.5191 42.9461
1529 -31.333 -151 -7 -45.4114 -17.2546 42.9032
1539 -29.853 -202 -7 -43.1154 -16.5906 42.8603
1549 -29.961 -153 -7 -42.249 -17.673 42.8174
1559 -30.998 -229 -7 -46.6426 -15.3534 42.7746
1569 -30.058 -115 -7 -42.8039 -17.3121 42.7318
1579 -30.769 -176 -7 -44.5856 -16.9524 42.6891
1589 -30.071 -100 -7 -42.5497 -17.5923 42.6464
1599 -30.395 -153 -7 -42.8295 -17.9605 42.6038
1609 -30.909 -209 -7 -45.4674 -16.3506 42.5612
1619 -31.763 -213 -7 -47.8555 -15.6705 42.5186
1629 -30.327 -202 -7 -45.1903 -15.4637 42.4761
1639 -31.143 -182 -7 -46.4485 -15.8375 42.4336
1649 -31.133 -162 -7 -46.2019 -16.0641 42.3912
1659 -30.331 -177 -7 -44.4475 -16.2145 42.3488
1669 -30.358 -130 -7 -42.8599 -17.8561 42.3064
1679 -30.362 -122 -7 -42.9227 -17.8013 42.2641
1689 -31.068 -149 -7 -45.5535 -16.5825 42.2219
1699 -32.563 -212 -7 -50.4456 -14.6804 42.1797
1709 -31.765 -208 -7 -47.637 -15.893 42.1375
1719 -32.251 -216 -7 -49.8915 -14.6105 42.0953
1729 -31.797 -173 -7 -46.1438 -17.4502 42.0532
1739 -31.538 -227 -7 -47.1978 -15.8782 42.0112
1749 -31.611 -163 -7 -46.7763 -16.4457 41.9692
1759 -31.877 -173 -7 -45.7788 -17.9752 41.9272
1769 -31.085 -191 -7 -45.4408 -16.7292 41.8853
1779 -29.893 -101 -7 -41.9969 -17.7891 41.8434
1789 -30.728 -191 -7 -46.2796 -15.1764 41.8016
1799 -31.571 -194 -7 -48.5215 -14.6205 41.7597
1809 -31.048 -133 -7 -44.6663 -17.4297 41.718
1819 -30.937 -342 -7 -49.0654 -12.8086 41.6763
1829 -30.834 -343 -7 -49.7292 -11.9388 41.6346
1839 -30.873 -194 -7 -44.7524 -16.9936 41.593
1849 -30.947 -127 -7 -43.131 -18.763 41.5514
1859 -30.214 -178 -7 -43.4677 -16.9603 41.5098
1869 -30.984 -223 -7 -45.7154 -16.2526 41.4683
1879 -30.281 -240 -7 -45.1806 -15.3814 41.4268
1889 -30.197 -172 -7 -43.458 -16.936 41.3854
1899 -30.758 -174 -7 -46.2311 -15.2849 41.344
1909 -31.126 -153 -7 -45.297 -16.955 41.3027
1919 -29.983 -176 -7 -42.5565 -17.4095 41.2614
1929 -30.356 -124 -7 -43.0255 -17.6865 41.2201
1939 -30.729 -158 -7 -44.8114 -16.6466 41.1789
1949 -31.115 -193 -7 -45.9299 -16.3001 41.1377
1959 -31.296 -238 -7 -47.1582 -15.4338 41.0966
1969 -30.26 -93 -7 -42.0441 -18.4759 41.0555
1979 -30.126 -135 -7 -42.6376 -17.6144 41.0144
1989 -30.572 -187 -7 -44.0379 -17.1061 40.9734
1999 -30.367 -225 -7 -44.6344 -16.0996 40.9324
2009 -30.14 -154 -7 -42.4779 -17.8021 40.8915
2019 -30.092 -161 -7 -42.2011 -17.9829 40.8506
2029 -30.776 -179 -7 -44.8227 -16.7293 40.8098
2039 -30.561 -146 -7 -43.1673 -17.9547 40.769
2049 -30.325 -191 -7 -44.9707 -15.6793 40.7282
2059 -30.548 -243 -7 -46.0089 -15.0871 40.6875
2069 -30.307 -157 -7 -42.915 -17.699 40.6468
2079 -30.458 -130 -7 -43.0237 -17.8923 40.6061
2089 -30.871 -205 -7 -44.4043 -17.3377 40.5655
2099 -30.541 -202 -7 -44.6742 -16.4078 40.525
2109 -30.268 -128 -7 -42.8975 -17.6385 40.4844
2119 -30.282 -138 -7 -43.5019 -17.0621 40.4439
2129 -30.815 -188 -7 -45.2697 -16.3603 40.4035
2139 -30.229 -151 -7 -43.6928 -16.7652 40.3631
2149 -30.505 -232 -7 -45.9031 -15.1069 40.3227
2159 -30.451 -104 -7 -42.4994 -18.4026 40.2824
2169 -30.316 -178 -7 -43.6797 -16.9523 40.2421
2179 -30.435 -168 -7 -43.4786 -17.3914 40.2019
2189 -30.204 -249 -7 -44.5353 -15.8727 40.1617
2199 -30.551 -158 -7 -44.6284 -16.4736 40.1215
2209 -30.025 -152 -7 -41.9589 -18.0911 40.0814
2219 -30.127 -162 -7 -42.7997 -17.4543 40.0413
2229 -30.768 -152 -7 -43.5849 -17.9511 40.0013
2239 -30.278 -140 -7 -43.0838 -17.4722 39.9613
2249 -30.108 -103 -7 -41.7159 -18.5001 39.9213
2259 -29.612 -188 -7 -42.4169 -16.8071 39.8814
2269 -29.735 -143 -7 -42.7025 -16.7675 39.8415
2279 -30.507 -157 -7 -44.6379 -16.3761 39.8017
2289 -29.782 -195 -7 -43.6871 -15.8769 39.7619
2299 -29.478 -159 -7 -41.9949 -16.9611 39.7221
2309 -29.711 -154 -7 -42.4405 -16.9815 39.6824
2319 -30.126 -154 -7 -41.9004 -18.3516 39.6427
2329 -29.863 -145 -7 -42.4439 -17.2821 39.6031
2339 -30.75 -162 -7 -43.4661 -18.0339 39.5635
2349 -29.333 -119 -7 -40.5602 -18.1058 39.5239
2359 -29.921 -159 -7 -42.505 -17.337 39.4844
2369 -31.072 -198 -7 -47.1006 -15.0434 39.4449
2379 -30.194 -179 -7 -43.2585 -17.1295 39.4054
2389 -30.208 -123 -7 -42.6961 -17.7199 39.366
2399 -30.226 -224 -7 -44.453 -15.999 39.3267
2409 -30.535 -223 -7 -45.7463 -15.3237 39.2873
2419 -30.393 -118 -7 -42.5651 -18.2209 39.2481
2429 -30.286 -128 -7 -43.4114 -17.1606 39.2088
2439 -30.812 -171 -7 -45.2849 -16.3391 39.1696
2449 -30.495 -198 -7 -43.9056 -17.0844 39.1304
2459 -29.568 -133 -7 -41.0644 -18.0716 39.0913
2469 -30.534 -182 -7 -44.2009 -16.8671 39.0522
2479 -30.551 -134 -7 -43.1712 -17.9308 39.0132
2489 -30.436 -153 -7 -43.6855 -17.1865 38.9741
2499 -29.419 -105 -7 -40.4042 -18.4338 38.9352
2509 -29.961 -191 -7 -42.4824 -17.4396 38.8962
2519 -29.242 -99 -7 -40.5709 -17.9131 38.8573
2529 -29.279 -143 -7 -42.1747 -16.3833 38.8185
2539 -29.25 -133 -7 -40.29 -18.21 38.7797
2549 -28.968 -134 -7 -41.4429 -16.4931 38.7409
2559 -29.415 -187 -7 -41.3701 -17.4599 38.7021
2569 -29.123 -164 -7 -40.8087 -17.4373 38.6634
2579 -29.862 -196 -7 -44.7679 -14.9561 38.6248
2589 -29.09 -122 -7 -40.4627 -17.7173 38.5862
2599 -28.978 -143 -7 -41.0384 -16.9176 38.5476
2609 -29.301 -147 -7 -41.2503 -17.3517 38.509
2619 -28.947 -120 -7 -40.242 -17.652 38.4705
2629 -29.59 -158 -7 -42.8175 -16.3625 38.432
2639 -28.871 -202 -7 -41.8424 -15.8996 38.3936
2649 -29.405 -144 -7 -41.066 -17.744 38.3552
2659 -29.402 -155 -7 -41.7015 -17.1025 38.3169
2669 -29.707 -136 -7 -41.6931 -17.7209 38.2785
2679 -30.476 -124 -7 -42.5421 -18.4099 38.2403
2689 -29.227 -160 -7 -40.3588 -18.0952 38.202
2699 -28.603 -119 -7 -40.043 -17.163 38.1638
2709 -29.877 -104 -7 -41.1324 -18.6216 38.1257
2719 -29.088 -128 -7 -39.6716 -18.5044 38.0875
2729 -29.394 -93 -7 -40.366 -18.422 38.0494
2739 -28.703 -147 -7 -40.9628 -16.4432 38.0114
2749 -29.276 -195 -7 -42.1448 -16.4072 37.9734
2759 -29.242 -118 -7 -41.0782 -17.4058 37.9354
2769 -29.118 -164 -7 -42.472 -15.764 37.8975
2779 -28.607 -117 -7 -39.8612 -17.3528 37.8596
2789 -29.21 -288 -7 -43.943 -14.477 37.8217
2799 -29.08 -97 -7 -40.4489 -17.7111 37.7839
2809 -29.448 -228 -7 -42.8128 -16.0832 37.7461
2819 -29.453 -218 -7 -41.7946 -17.1114 37.7084
2829 -28.734 -171 -7 -40.5805 -16.8875 37.6707
2839 -29.204 -176 -7 -41.8767 -16.5313 37.633
2849 -29.344 -164 -7 -41.6081 -17.0799 37.5954
2859 -28.555 -103 -7 -38.9294 -18.1806 37.5578
2869 -29.882 -143 -7 -42.7563 -17.0077 37.5202
2879 -29.199 -103 -7 -40.0394 -18.3586 37.4827
2889 -29.413 -139 -7 -40.4744 -18.3516 37.4452
2899 -28.388 -158 -7 -39.7182 -17.0578 37.4078
2909 -28.513 -136 -7 -39.3093 -17.7167 37.3703
2919 -29 -92 -7 -39.4572 -18.5428 37.333
2929 -29.459 -223 -7 -43.206 -15.712 37.2956
2939 -28.292 -190 -7 -39.8264 -16.7576 37.2583
2949 -29.604 -209 -7 -42.7461 -16.4619 37.2211
2959 -29.508 -96 -7 -40.896 -18.12 37.1839
2969 -28.935 -227 -7 -41.5316 -16.3384 37.1467
2979 -28.71 -153 -7 -40.941 -16.479 37.1095
2989 -29.468 -146 -7 -42.2569 -16.6791 37.0724
2999 -29.223 -166 -7 -41.254 -17.192 37.0354
3009 -28.978 -208 -7 -41.0681 -16.8879 36.9983
3019 -29.041 -148 -7 -41.1867 -16.8953 36.9613
3029 -29.504 -255 -7 -43.151 -15.857 36.9244
3039 -28.981 -245 -7 -42.5123 -15.4497 36.8874
3049 -28.778 -195 -7 -42.0304 -15.5256 36.8505
3059 -29.498 -180 -7 -42.8828 -16.1132 36.8137
3069 -29.055 -141 -7 -40.3186 -17.7914 36.7769
3079 -29.563 -129 -7 -41.5404 -17.5856 36.7401
3089 -29.272 -218 -7 -42.8193 -15.7247 36.7034
3099 -28.9 -210 -7 -42.1579 -15.6421 36.6667
3109 -29.191 -98 -7 -39.5263 -18.8557 36.63
3119 -29.392 -155 -7 -40.7915 -17.9925 36.5934
3129 -29.611 -248 -7 -43.5401 -15.6819 36.5568
3139 -28.578 -98 -7 -38.8897 -18.2663 36.5202
3149 -28.712 -163 -7 -39.5713 -17.8527 36.4837
3159 -29.991 -268 -7 -45.3362 -14.6458 36.4472
3169 -29.631 -225 -7 -43.4511 -15.8109 36.4108
3179 -28.499 -323 -7 -42.3311 -14.6669 36.3744
3189 -29.329 -133 -7 -41.9207 -16.7373 36.338
3199 -29.565 -138 -7 -42.1022 -17.0278 36.3016
3209 -28.85 -171 -7 -41.3605 -16.3395 36.2653
3219 -29.273 -145 -7 -42.0637 -16.4823 36.2291
3229 -29.682 -206 -7 -43.9479 -15.4161 36.1928
3239 -28.931 -135 -7 -39.8401 -18.0219 36.1567
3249 -28.959 -218 -7 -42.344 -15.574 36.1205
3259 -29.15 -149 -7 -40.5246 -17.7754 36.0844
3269 -29.421 -174 -7 -42.633 -16.209 36.0483
3279 -28.817 -107 -7 -39.4759 -18.1581 36.0122
3289 -28.441 -162 -7 -40.7236 -16.1584 35.9762
3299 -28.836 -153 -7 -40.1071 -17.5649 35.9403
3309 -27.945 -148 -7 -38.2721 -17.6179 35.9043
3319 -28.235 -121 -7 -38.3082 -18.1618 35.8684
3329 -28.145 -108 -7 -38.4139 -17.8761 35.8325
3339 -28.524 -149 -7 -40.0354 -17.0126 35.7967
3349 -28.667 -146 -7 -39.7318 -17.6022 35.7609
3359 -28.238 -128 -7 -38.0137 -18.4623 35.7251
3369 -27.778 -139 -7 -38.6109 -16.9451 35.6894
3379 -28.322 -185 -7 -39.3381 -17.3059 35.6537
3389 -28.215 -188 -7 -39.9798 -16.4502 35.6181
3399 -28.316 -99 -7 -38.2498 -18.3822 35.5825
3409 -27.909 -82 -7 -37.3833 -18.4347 35.5469
3419 -28.502 -143 -7 -39.1362 -17.8678 35.5113
3429 -28.293 -120 -7 -38.6296 -17.9564 35.4758
3439 -28.475 -283 -7 -41.0349 -15.9151 35.4403
3449 -28.268 -98 -7 -38.8534 -17.6826 35.4049
3459 -27.995 -92 -7 -38.0822 -17.9078 35.3695
3469 -27.979 -98 -7 -37.6758 -18.2822 35.3341
3479 -28.078 -194 -7 -39.7065 -16.4495 35.2988
3489 -28.687 -124 -7 -39.5235 -17.8505 35.2635
3499 -28.313 -164 -7 -39.2589 -17.3671 35.2282
3509 -28.935 -136 -7 -39.8248 -18.0452 35.193
3519 -27.851 -81 -7 -37.4452 -18.2568 35.1578
3529 -29.023 -87 -7 -39.3093 -18.7367 35.1227
3539 -29.281 -199 -7 -41.5414 -17.0206 35.0875
3549 -28.052 -105 -7 -37.9446 -18.1594 35.0524
3559 -28.486 -103 -7 -38.7611 -18.2109 35.0174
3569 -28.407 -126 -7 -38.6151 -18.1989 34.9824
3579 -28.114 -93 -7 -37.7964 -18.4316 34.9474
3589 -28.247 -72 -7 -38.0608 -18.4332 34.9124
3599 -28.817 -119 -7 -39.6031 -18.0309 34.8775
3609 -28.331 -159 -7 -40.3162 -16.3458 34.8427
3619 -28.096 -172 -7 -39.1612 -17.0308 34.8078
3629 -28.474 -96 -7 -38.4109 -18.5371 34.773
3639 -27.157 -81 -7 -36.9279 -17.3861 34.7382
3649 -27.658 -87 -7 -37.3484 -17.9676 34.7035
3659 -28.353 -238 -7 -39.7635 -16.9425 34.6688
3669 -29.439 -126 -7 -40.3733 -18.5047 34.6341
3679 -28.058 -186 -7 -39.3643 -16.7517 34.5995
3689 -27.749 -108 -7 -37.7915 -17.7065 34.5649
3699 -28.284 -83 -7 -38.5819 -17.9861 34.5303
3709 -27.846 -67 -7 -37.5214 -18.1706 34.4958
3719 -28.704 -82 -7 -38.8994 -18.5086 34.4613
3729 -28.451 -107 -7 -38.5515 -18.3505 34.4268
3739 -27.791 -83 -7 -37.2137 -18.3683 34.3924
3749 -28.031 -92 -7 -37.9093 -18.1527 34.358
3759 -28.612 -189 -7 -40.1008 -17.1232 34.3237
3769 -27.806 -68 -7 -37.0165 -18.5955 34.2893
3779 -28.794 -154 -7 -40.8665 -16.7215 34.255
3789 -28.073 -142 -7 -38.62 -17.526 34.2208
3799 -28.426 -118 -7 -39.0167 -17.8353 34.1866
3809 -28.059 -212 -7 -39.8689 -16.2491 34.1524
3819 -28.352 -138 -7 -40.3423 -16.3617 34.1182
3829 -27.689 -85 -7 -37.4803 -17.8977 34.0841
3839 -28.123 -142 -7 -38.2117 -18.0343 34.05
3849 -27.94 -78 -7 -37.2223 -18.6577 34.016
3859 -28.17 -177 -7 -39.7041 -16.6359 33.982
3869 -28.484 -254 -7 -42.2448 -14.7232 33.948
3879 -27.139 -118 -7 -36.6452 -17.6328 33.914
3889 -27.814 -190 -7 -38.7253 -16.9027 33.8801
3899 -27.89 -129 -7 -37.6897 -18.0903 33.8462
3909 -27.581 -146 -7 -37.6791 -17.4829 33.8124
3919 -27.762 -127 -7 -37.208 -18.316 33.7786
3929 -27.987 -90 -7 -37.3176 -18.6564 33.7448
3939 -27.873 -256 -7 -39.7064 -16.0396 33.7111
3949 -28.014 -171 -7 -38.5102 -17.5178 33.6773
3959 -28.146 -188 -7 -40.2185 -16.0735 33.6437
3969 -27.927 -123 -7 -37.5921 -18.2619 33.61
3979 -27.557 -92 -7 -36.5348 -18.5792 33.5764
3989 -27.966 -76 -7 -37.2852 -18.6468 33.5428
3999 -27.765 -112 -7 -36.7845 -18.7455 33.5093
4009 -27.74 -117 -7 -37.0242 -18.4558 33.4758
4019 -27.35 -70 -7 -36.4191 -18.2809 33.4423
4029 -27.581 -128 -7 -37.1136 -18.0484 33.4089
4039 -27.415 -161 -7 -37.2372 -17.5928 33.3755
4049 -27.785 -139 -7 -37.8103 -17.7597 33.3421
4059 -27.528 -74 -7 -36.7952 -18.2608 33.3087
4069 -27.468 -101 -7 -36.873 -18.063 33.2754
4079 -28.019 -83 -7 -37.7851 -18.2529 33.2422
4089 -28.121 -133 -7 -37.9083 -18.3337 33.2089
4099 -27.188 -88 -7 -36.7174 -17.6586 33.1757
4109 -28.071 -122 -7 -37.9082 -18.2338 33.1425
4119 -27.027 -78 -7 -36.2032 -17.8508 33.1094
4129 -27.847 -111 -7 -38.0091 -17.6849 33.0763
4139 -27.427 -104 -7 -37.2695 -17.5845 33.0432
4149 -27.667 -77 -7 -37.0749 -18.2591 33.0102
4159 -26.999 -126 -7 -36.1187 -17.8793 32.9771
4169 -27.488 -203 -7 -38.1644 -16.8116 32.9442
4179 -27.256 -117 -7 -36.3503 -18.1617 32.9112
4189 -27.715 -71 -7 -36.391 -19.039 32.8783
4199 -27.165 -66 -7 -35.9352 -18.3948 32.8454
4209 -26.858 -90 -7 -35.635 -18.081 32.8126
4219 -27.725 -170 -7 -37.8177 -17.6323 32.7798
4229 -27.746 -110 -7 -37.3903 -18.1017 32.747
4239 -27.747 -90 -7 -36.6439 -18.8501 32.7143
4249 -27.751 -72 -7 -36.7327 -18.7693 32.6815
4259 -27.639 -63 -7 -36.4834 -18.7946 32.6489
4269 -27.452 -66 -7 -36.2055 -18.6985 32.6162
4279 -27.43 -148 -7 -37.4915 -17.3685 32.5836
4289 -27.841 -143 -7 -37.6081 -18.0739 32.551
4299 -27.476 -88 -7 -36.4071 -18.5449 32.5185
4309 -27.384 -80 -7 -36.3889 -18.3791 32.4859
4319 -27.522 -63 -7 -36.0335 -19.0105 32.4535
4329 -26.982 -74 -7 -35.9123 -18.0517 32.421
4339 -27.715 -125 -7 -37.7257 -17.7043 32.3886
4349 -27.908 -79 -7 -37.3718 -18.4442 32.3562
4359 -27.234 -84 -7 -35.7913 -18.6767 32.3238
4369 -27.725 -78 -7 -37.0257 -18.4243 32.2915
4379 -27.039 -106 -7 -36.0392 -18.0388 32.2592
4389 -27.283 -137 -7 -36.8916 -17.6744 32.227
4399 -27.119 -61 -7 -36.0585 -18.1795 32.1947
4409 -27.111 -66 -7 -35.6142 -18.6078 32.1625
4419 -27.574 -218 -7 -38.4755 -16.6725 32.1304
4429 -27.534 -138 -7 -37.6108 -17.4572 32.0982
4439 -27.969 -124 -7 -37.8314 -18.1066 32.0661
4449 -27.399 -62 -7 -35.8358 -18.9622 32.0341
4459 -27.611 -89 -7 -36.3687 -18.8533 32.002
4469 -27.671 -66 -7 -36.4408 -18.9012 31.97
4479 -27.22 -77 -7 -36.0967 -18.3433 31.9381
4489 -27.338 -134 -7 -37.4037 -17.2723 31.9061
4499 -27.309 -76 -7 -36.0959 -18.5221 31.8742
4509 -26.711 -65 -7 -35.303 -18.119 31.8424
4519 -27.231 -87 -7 -36.0765 -18.3855 31.8105
4529 -27.49 -124 -7 -36.4199 -18.5601 31.7787
4539 -27.625 -123 -7 -36.6886 -18.5614 31.7469
4549 -27.642 -188 -7 -37.669 -17.615 31.7152
4559 -27.307 -85 -7 -36.2827 -18.3313 31.6835
4569 -27.594 -131 -7 -36.9269 -18.2611 31.6518
4579 -27.335 -162 -7 -37.1807 -17.4893 31.6201
4589 -27.799 -82 -7 -36.846 -18.752 31.5885
4599 -27.356 -166 -7 -37.0843 -17.6277 31.5569
4609 -27.49 -77 -7 -36.4941 -18.4859 31.5254
4619 -27.503 -82 -7 -36.2186 -18.7874 31.4938
4629 -27.688 -111 -7 -36.9763 -18.3997 31.4623
4639 -27.123 -80 -7 -35.7127 -18.5333 31.4309
4649 -27.358 -67 -7 -35.6008 -19.1152 31.3994
4659 -27.494 -87 -7 -36.1952 -18.7928 31.368
4669 -27.2 -153 -7 -37.2811 -17.1189 31.3367
4679 -27.508 -87 -7 -36.356 -18.66 31.3053
4689 -27.862 -108 -7 -37.3534 -18.3706 31.274
4699 -27.193 -82 -7 -36.1025 -18.2835 31.2428
4709 -27.413 -109 -7 -36.6944 -18.1316 31.2115
4719 -27.02 -109 -7 -36.1045 -17.9355 31.1803
4729 -27.262 -76 -7 -35.8267 -18.6973 31.1491
4739 -27.54 -114 -7 -37.1861 -17.8939 31.118
4749 -27.307 -82 -7 -36.0519 -18.5621 31.0869
4759 -27.167 -68 -7 -35.5989 -18.7351 31.0558
4769 -27.285 -87 -7 -35.8245 -18.7455 31.0247
4779 -27.011 -70 -7 -35.1999 -18.8221 30.9937
4789 -27.684 -337 -7 -40.6182 -14.7498 30.9627
4799 -26.96 -75 -7 -35.5677 -18.3523 30.9317
4809 -26.885 -78 -7 -35.317 -18.453 30.9008
4819 -26.863 -124 -7 -35.8559 -17.8701 30.8699
4829 -27.052 -157 -7 -36.2257 -17.8783 30.839
4839 -27.191 -94 -7 -35.7275 -18.6545 30.8082
4849 -27.04 -69 -7 -35.3659 -18.7141 30.7774
4859 -27.095 -83 -7 -35.8148 -18.3752 30.7466
4869 -27.169 -149 -7 -36.2761 -18.0619 30.7159
4879 -27.041 -125 -7 -36.0587 -18.0233 30.6852
4889 -27.661 -68 -7 -36.1398 -19.1822 30.6545
4899 -27.041 -94 -7 -35.8636 -18.2184 30.6238
4909 -26.788 -96 -7 -35.4586 -18.1174 30.5932
4919 -27.376 -88 -7 -36.4582 -18.2938 30.5626
4929 -27.023 -65 -7 -35.3964 -18.6496 30.532
4939 -27.289 -67 -7 -35.7675 -18.8105 30.5015
4949 -26.869 -69 -7 -35.3961 -18.3419 30.471
4959 -26.833 -103 -7 -35.2848 -18.3812 30.4405
4969 -27.406 -77 -7 -35.9028 -18.9092 30.4101
4979 -27.298 -76 -7 -35.9243 -18.6717 30.3797
4989 -27.544 -315 -7 -39.8328 -15.2552 30.3493
4999 -26.775 -60 -7 -35.0052 -18.5448 30.3189
5009 -26.715 -74 -7 -35.4935 -17.9365 30.2886
5019 -27.18 -78 -7 -35.9014 -18.4586 30.2583
5029 -27.09 -72 -7 -35.9262 -18.2538 30.2281
5039 -27.495 -79 -7 -36.4219 -18.5681 30.1979
5049 -26.779 -187 -7 -36.3681 -17.1899 30.1677
5059 -27.282 -82 -7 -36.146 -18.418 30.1375
5069 -26.579 -58 -7 -34.7198 -18.4382 30.1074
5079 -27.481 -111 -7 -36.6055 -18.3565 30.0772
5089 -27.234 -139 -7 -36.3839 -18.0841 30.0472
5099 -26.858 -67 -7 -35.3233 -18.3927 30.0171
5109 -26.84 -64 -7 -35.3113 -18.3687 29.9871
5119 -26.706 -88 -7 -35.442 -17.97 29.9571
5129 -27.194 -73 -7 -36.1377 -18.2503 29.9272
5139 -26.977 -98 -7 -35.7521 -18.2019 29.8972
5149 -26.692 -84 -7 -35.0263 -18.3577 29.8673
5159 -26.817 -73 -7 -35.0379 -18.5961 29.8375
5169 -27.071 -62 -7 -35.0017 -19.1403 29.8076
5179 -26.879 -68 -7 -35.4453 -18.3127 29.7778
5189 -26.86 -98 -7 -35.3187 -18.4013 29.748
5199 -26.912 -106 -7 -35.6631 -18.1609 29.7183
5209 -26.895 -61 -7 -34.979 -18.811 29.6886
5219 -26.835 -147 -7 -36.4213 -17.2487 29.6589
5229 -27.159 -88 -7 -35.9215 -18.3965 29.6292
5239 -26.861 -80 -7 -35.3148 -18.4072 29.5996
5249 -27.199 -87 -7 -35.4677 -18.9303 29.57
5259 -26.774 -58 -7 -34.3826 -19.1654 29.5404
5269 -27.089 -77 -7 -35.0187 -19.1593 29.5109
5279 -26.908 -165 -7 -36.4173 -17.3987 29.4814
5289 -27.375 -116 -7 -36.223 -18.527 29.4519
5299 -27.083 -63 -7 -35.1218 -19.0442 29.4224
5309 -27.454 -74 -7 -36.3392 -18.5688 29.393
5319 -27.122 -58 -7 -35.1782 -19.0658 29.3636
5329 -27.133 -139 -7 -36.2081 -18.0579 29.3343
5339 -26.753 -94 -7 -35.1689 -18.3371 29.3049
5349 -27.299 -90 -7 -35.9778 -18.6202 29.2756
5359 -27.246 -161 -7 -36.8054 -17.6866 29.2464
5369 -26.752 -148 -7 -35.5758 -17.9282 29.2171
5379 -26.975 -62 -7 -35.3432 -18.6068 29.1879
5389 -26.643 -88 -7 -35.1348 -18.1512 29.1587
5399 -27.21 -89 -7 -35.5444 -18.8756 29.1295
5409 -27.47 -150 -7 -36.8099 -18.1301 29.1004
5419 -26.993 -64 -7 -35.0945 -18.8915 29.0713
5429 -27.352 -151 -7 -37.4834 -17.2206 29.0422
5439 -27.301 -71 -7 -35.7016 -18.9004 29.0132
5449 -26.778 -63 -7 -34.4086 -19.1474 28.9842
5459 -27.05 -72 -7 -35.4125 -18.6875 28.9552
5469 -27.018 -134 -7 -36.1892 -17.8468 28.9262
5479 -27.018 -74 -7 -35.4444 -18.5916 28.8973
5489 -26.982 -69 -7 -34.9632 -19.0008 28.8684
5499 -26.386 -83 -7 -34.4995 -18.2725 28.8396
5509 -26.495 -62 -7 -34.2697 -18.7203 28.8107
5519 -26.99 -112 -7 -35.117 -18.863 28.7819
5529 -26.732 -163 -7 -35.7772 -17.6868 28.7531
5539 -27.043 -133 -7 -35.8369 -18.2491 28.7244
5549 -26.744 -111 -7 -35.1002 -18.3878 28.6956
5559 -27.335 -97 -7 -35.8639 -18.8061 28.6669
5569 -26.954 -67 -7 -35.357 -18.551 28.6383
5579 -26.722 -74 -7 -34.8682 -18.5758 28.6096
5589 -26.795 -177 -7 -35.9818 -17.6082 28.581
5599 -27.131 -154 -7 -36.4444 -17.8176 28.5525
5609 -27.051 -175 -7 -36.4253 -17.6767 28.5239
5619 -27.046 -84 -7 -35.4006 -18.6914 28.4954
5629 -27.178 -113 -7 -36.007 -18.349 28.4669
5639 -26.968 -73 -7 -35.2141 -18.7219 28.4384
5649 -26.533 -57 -7 -34.0765 -18.9895 28.41
5659 -26.48 -109 -7 -34.8031 -18.1569 28.3816
5669 -27.086 -249 -7 -37.8599 -16.3121 28.3532
5679 -27.307 -153 -7 -36.3714 -18.2426 28.3248
5689 -27.11 -166 -7 -36.897 -17.323 28.2965
5699 -26.709 -68 -7 -34.7795 -18.6385 28.2682
5709 -26.74 -67 -7 -34.8358 -18.6442 28.2399
5719 -26.514 -71 -7 -34.3849 -18.6431 28.2117
5729 -26.637 -146 -7 -36.1486 -17.1254 28.1835
5739 -27.281 -104 -7 -36.0142 -18.5478 28.1553
5749 -26.916 -84 -7 -35.533 -18.299 28.1272
5759 -27.534 -103 -7 -36.2712 -18.7968 28.099
5769 -27.132 -130 -7 -35.9815 -18.2825 28.0709
5779 -27.119 -65 -7 -35.1659 -19.0721 28.0429
5789 -26.545 -72 -7 -34.329 -18.761 28.0148
5799 -26.556 -81 -7 -34.5121 -18.5999 27.9868
5809 -26.718 -64 -7 -34.779 -18.657 27.9588
5819 -26.777 -63 -7 -34.4659 -19.0881 27.9308
5829 -26.917 -68 -7 -35.3995 -18.4345 27.9029
5839 -26.857 -92 -7 -34.6174 -19.0966 27.875
5849 -27.025 -66 -7 -34.9434 -19.1066 27.8471
5859 -27.365 -156 -7 -36.3266 -18.4034 27.8193
5869 -26.461 -59 -7 -34.2389 -18.6831 27.7915
5879 -26.688 -67 -7 -34.4846 -18.8914 27.7637
5889 -26.626 -62 -7 -34.4382 -18.8138 27.7359
5899 -26.598 -78 -7 -35.0263 -18.1697 27.7082
5909 -26.714 -58 -7 -34.4499 -18.9781 27.6805
5919 -26.422 -75 -7 -34.2458 -18.5982 27.6528
5929 -26.289 -109 -7 -34.458 -18.12 27.6251
5939 -26.48 -79 -7 -34.5917 -18.3683 27.5975
5949 -26.371 -58 -7 -34.0348 -18.7072 27.5699
5959 -26.624 -71 -7 -34.8763 -18.3717 27.5423
5969 -26.584 -62 -7 -34.08 -19.088 27.5148
5979 -26.901 -73 -7 -35.3597 -18.4423 27.4873
5989 -27.094 -72 -7 -35.2507 -18.9373 27.4598
5999 -26.932 -132 -7 -35.543 -18.321 27.4323
6009 -26.778 -117 -7 -35.4491 -18.1069 27.4049
6019 -26.551 -69 -7 -34.6406 -18.4614 27.3775
6029 -26.567 -95 -7 -34.7284 -18.4056 27.3501
6039 -26.299 -208 -7 -35.8123 -16.7857 27.3228
6049 -26.479 -69 -7 -34.349 -18.609 27.2955
6059 -27.015 -107 -7 -35.83 -18.2 27.2682
6069 -26.873 -68 -7 -34.8654 -18.8806 27.2409
6079 -26.887 -129 -7 -35.2875 -18.4865 27.2137
6089 -26.502 -86 -7 -34.2681 -18.7359 27.1864
6099 -26.997 -69 -7 -35.2117 -18.7823 27.1593
6109 -27.183 -230 -7 -37.9469 -16.4191 27.1321
6119 -26.401 -66 -7 -34.4962 -18.3058 27.105
6129 -26.828 -65 -7 -34.3582 -19.2978 27.0779
6139 -26.691 -126 -7 -35.0805 -18.3015 27.0508
6149 -27.032 -76 -7 -35.1746 -18.8894 27.0237
6159 -26.476 -61 -7 -33.9871 -18.9649 26.9967
6169 -26.491 -59 -7 -33.896 -19.086 26.9697
6179 -26.643 -74 -7 -34.6602 -18.6258 26.9427
6189 -26.195 -109 -7 -33.9784 -18.4116 26.9158
6199 -26.693 -74 -7 -34.7261 -18.6599 26.8889
6209 -26.747 -96 -7 -34.8855 -18.6085 26.862
6219 -26.845 -89 -7 -34.8833 -18.8067 26.8351
6229 -26.327 -101 -7 -34.2088 -18.4452 26.8083
6239 -27.193 -68 -7 -35.4207 -18.9653 26.7815
6249 -26.683 -85 -7 -34.2773 -19.0887 26.7547
6259 -26.731 -72 -7 -34.0926 -19.3694 26.7279
6269 -26.305 -86 -7 -34.3287 -18.2813 26.7012
6279 -26.109 -58 -7 -33.5694 -18.6486 26.6745
6289 -26.677 -60 -7 -34.4376 -18.9164 26.6478
6299 -26.499 -119 -7 -34.6613 -18.3367 26.6212
6309 -26.388 -61 -7 -33.9292 -18.8468 26.5946
6319 -26.952 -71 -7 -34.7468 -19.1572 26.568
6329 -26.476 -77 -7 -34.0573 -18.8947 26.5414
6339 -27.138 -73 -7 -34.7858 -19.4902 26.5149
6349 -26.189 -67 -7 -33.6906 -18.6874 26.4884
6359 -26.605 -66 -7 -33.9235 -19.2865 26.4619
6369 -26.395 -74 -7 -34.4874 -18.3026 26.4354
6379 -26.777 -66 -7 -35.0455 -18.5085 26.409
6389 -26.688 -249 -7 -36.8546 -16.5214 26.3826
6399 -26.329 -68 -7 -34.0103 -18.6477 26.3562
6409 -26.576 -72 -7 -34.0513 -19.1007 26.3298
6419 -26.374 -61 -7 -34.2736 -18.4744 26.3035
6429 -26.217 -95 -7 -34.2804 -18.1536 26.2772
6439 -26.595 -66 -7 -34.153 -19.037 26.2509
6449 -26.185 -103 -7 -34.0854 -18.2846 26.2247
6459 -26.569 -76 -7 -34.8763 -18.2617 26.1984
6469 -26.456 -69 -7 -34.275 -18.637 26.1722
6479 -26.271 -57 -7 -33.5011 -19.0409 26.1461
6489 -26.557 -82 -7 -34.6173 -18.4967 26.1199
6499 -26.912 -66 -7 -34.5582 -19.2658 26.0938
6509 -26.579 -58 -7 -33.947 -19.211 26.0677
6519 -26.654 -72 -7 -34.2008 -19.1072 26.0416
6529 -26.405 -71 -7 -34.3199 -18.4901 26.0156
6539 -26.562 -88 -7 -34.4001 -18.7239 25.9896
6549 -26.412 -62 -7 -34.0302 -18.7938 25.9636
6559 -26.226 -59 -7 -33.6728 -18.7792 25.9376
6569 -26.457 -65 -7 -33.996 -18.918 25.9117
6579 -26.44 -87 -7 -34.1572 -18.7228 25.8858
6589 -26.329 -62 -7 -34.2704 -18.3876 25.8599
6599 -26.29 -70 -7 -33.3644 -19.2156 25.834
6609 -26.812 -71 -7 -34.6352 -18.9888 25.8082
6619 -26.458 -281 -7 -37.4757 -15.4403 25.7824
6629 -26.645 -72 -7 -34.1128 -19.1772 25.7566
6639 -26.576 -72 -7 -34.1207 -19.0313 25.7309
6649 -26.667 -71 -7 -34.4207 -18.9133 25.7051
6659 -26.32 -73 -7 -33.8941 -18.7459 25.6794
6669 -26.819 -172 -7 -35.6823 -17.9557 25.6537
6679 -26.831 -75 -7 -34.5997 -19.0623 25.6281
6689 -26.059 -172 -7 -34.9429 -17.1751 25.6025
6699 -25.981 -68 -7 -33.4967 -18.4653 25.5769
6709 -26.646 -76 -7 -34.6277 -18.6643 25.5513
6719 -26.27 -76 -7 -33.8846 -18.6554 25.5257
6729 -26.55 -67 -7 -34.2627 -18.8373 25.5002
6739 -26.607 -81 -7 -34.1234 -19.0906 25.4747
6749 -26.514 -61 -7 -33.8185 -19.2095 25.4492
6759 -26.582 -73 -7 -34.5925 -18.5715 25.4238
6769 -25.843 -79 -7 -33.0126 -18.6734 25.3984
6779 -26.571 -101 -7 -35.0041 -18.1379 25.373
6789 -26.052 -62 -7 -33.8188 -18.2852 25.3476
6799 -26.482 -80 -7 -34.011 -18.953 25.3222
6809 -26.35 -61 -7 -33.992 -18.708 25.2969
6819 -26.101 -67 -7 -33.6297 -18.5723 25.2716
6829 -26.357 -73 -7 -34.1283 -18.5857 25.2463
6839 -26.465 -76 -7 -34.6677 -18.2623 25.2211
6849 -26.186 -62 -7 -33.5876 -18.7844 25.1959
6859 -26.65 -59 -7 -34.181 -19.119 25.1707
6869 -26.864 -74 -7 -34.7493 -18.9787 25.1455
6879 -26.526 -152 -7 -35.7367 -17.3153 25.1204
6889 -26.734 -67 -7 -34.7036 -18.7644 25.0952
6899 -26.267 -58 -7 -33.6561 -18.8779 25.0701
6909 -26.432 -86 -7 -34.1081 -18.7559 25.0451
6919 -26.505 -72 -7 -33.8963 -19.1137 25.02
6929 -26.319 -68 -7 -33.8783 -18.7597 24.995
6939 -26.157 -68 -7 -33.3792 -18.9348 24.97
6949 -26.11 -70 -7 -33.2871 -18.9329 24.945
6959 -26.359 -139 -7 -34.5207 -18.1973 24.9201
6969 -26.284 -58 -7 -33.6531 -18.9149 24.8952
6979 -26.097 -76 -7 -33.3689 -18.8251 24.8703
6989 -26.332 -139 -7 -34.3577 -18.3063 24.8454
6999 -26.068 -54 -7 -33.1073 -19.0287 24.8206
7009 -26.641 -104 -7 -34.3952 -18.8868 24.7958
7019 -25.971 -73 -7 -33.4213 -18.5207 24.771
7029 -26.033 -62 -7 -33.3188 -18.7472 24.7462
7039 -26.344 -67 -7 -33.6902 -18.9978 24.7214
7049 -26.375 -85 -7 -33.7379 -19.0121 24.6967
7059 -26.073 -67 -7 -33.525 -18.621 24.672
7069 -26.216 -72 -7 -33.7827 -18.6493 24.6473
7079 -26.241 -77 -7 -33.4939 -18.9881 24.6227
7089 -26.673 -76 -7 -34.5096 -18.8364 24.5981
7099 -26.005 -62 -7 -33.4741 -18.5359 24.5735
7109 -26.807 -61 -7 -34.1483 -19.4657 24.5489
7119 -26.375 -58 -7 -34.0349 -18.7151 24.5244
7129 -26.262 -220 -7 -36.0323 -16.4917 24.4998
7139 -26.53 -68 -7 -34.1011 -18.9589 24.4753
7149 -26.397 -93 -7 -34.3666 -18.4274 24.4509
7159 -26.279 -198 -7 -35.5767 -16.9813 24.4264
7169 -26.187 -56 -7 -33.2418 -19.1322 24.402
7179 -26.135 -56 -7 -33.2275 -19.0425 24.3776
7189 -26.665 -223 -7 -36.473 -16.857 24.3532
7199 -26.523 -327 -7 -38.8997 -14.1463 24.3288
7209 -26.239 -62 -7 -33.7646 -18.7134 24.3045
7219 -26.259 -117 -7 -34.1435 -18.3745 24.2802
7229 -26.179 -123 -7 -34.3309 -18.0271 24.2559
7239 -26.358 -61 -7 -33.8226 -18.8934 24.2317
7249 -26.4 -62 -7 -33.9515 -18.8485 24.2074
7259 -26.173 -91 -7 -33.4509 -18.8951 24.1832
7269 -26.274 -59 -7 -33.4855 -19.0625 24.1591
7279 -26.595 -100 -7 -34.0896 -19.1004 24.1349
7289 -26.232 -64 -7 -33.4917 -18.9723 24.1108
7299 -26.415 -89 -7 -33.8101 -19.0199 24.0867
7309 -26.496 -82 -7 -34.1406 -18.8514 24.0626
7319 -26.637 -84 -7 -34.1058 -19.1682 24.0385
7329 -26.463 -63 -7 -33.8925 -19.0335 24.0145
7339 -25.767 -64 -7 -32.7861 -18.7479 23.9904
7349 -26.414 -69 -7 -34.2528 -18.5752 23.9665
7359 -26.057 -130 -7 -33.8547 -18.2593 23.9425
7369 -26.076 -77 -7 -33.6413 -18.5107 23.9185
7379 -26.149 -73 -7 -33.7245 -18.5735 23.8946
7389 -25.925 -66 -7 -33.2208 -18.6292 23.8707
7399 -26.432 -108 -7 -34.3506 -18.5134 23.8469
7409 -26.584 -73 -7 -33.8481 -19.3199 23.823
7419 -26.292 -63 -7 -33.5549 -19.0291 23.7992
7429 -26.559 -228 -7 -36.2143 -16.9037 23.7754
7439 -26.384 -127 -7 -34.5223 -18.2457 23.7516
7449 -25.904 -58 -7 -32.9285 -18.8795 23.7279
7459 -26.518 -108 -7 -34.4335 -18.6025 23.7041
7469 -25.984 -139 -7 -33.6967 -18.2713 23.6804
7479 -26.086 -86 -7 -33.3804 -18.7916 23.6568
7489 -26.266 -143 -7 -34.5688 -17.9632 23.6331
7499 -26.037 -58 -7 -33.2688 -18.8052 23.6095
7509 -26.17 -59 -7 -33.09 -19.25 23.5859
7519 -26.104 -99 -7 -33.5616 -18.6464 23.5623
7529 -26.529 -59 -7 -33.9786 -19.0794 23.5387
7539 -25.939 -57 -7 -33.0768 -18.8012 23.5152
7549 -26.352 -73 -7 -34.3057 -18.3983 23.4917
7559 -26.158 -112 -7 -33.7306 -18.5854 23.4682
7569 -26.321 -107 -7 -33.5397 -19.1023 23.4447
7579 -26.083 -66 -7 -33.3135 -18.8525 23.4213
7589 -26.463 -57 -7 -33.9948 -18.9312 23.3978
7599 -26.298 -63 -7 -33.828 -18.768 23.3744
7609 -26.011 -118 -7 -33.9969 -18.0251 23.3511
7619 -26.137 -92 -7 -33.714 -18.56 23.3277
7629 -26.32 -62 -7 -33.7393 -18.9007 23.3044
7639 -26.129 -67 -7 -33.6517 -18.6063 23.2811
7649 -26.277 -96 -7 -34.1507 -18.4033 23.2578
7659 -25.903 -71 -7 -33.4089 -18.3971 23.2345
7669 -26.435 -59 -7 -33.8825 -18.9875 23.2113
7679 -26.59 -82 -7 -34.2472 -18.9328 23.1881
7689 -26.187 -100 -7 -33.8711 -18.5029 23.1649
7699 -26.097 -64 -7 -33.4841 -18.7099 23.1417
7709 -26.177 -107 -7 -33.2719 -19.0821 23.1186
7719 -26.276 -63 -7 -33.1952 -19.3568 23.0955
7729 -26.59 -73 -7 -34.1705 -19.0095 23.0724
7739 -26.33 -68 -7 -33.5718 -19.0882 23.0493
7749 -25.978 -63 -7 -33.259 -18.697 23.0263
7759 -26.499 -62 -7 -34.0609 -18.9371 23.0032
7769 -25.812 -53 -7 -32.4456 -19.1784 22.9802
7779 -26.407 -63 -7 -33.675 -19.139 22.9572
7789 -26.106 -58 -7 -32.9991 -19.2129 22.9343
7799 -26.373 -235 -7 -36.2416 -16.5044 22.9114
7809 -26.012 -57 -7 -32.9887 -19.0353 22.8884
7819 -25.866 -63 -7 -32.9725 -18.7595 22.8656
7829 -25.972 -82 -7 -33.4051 -18.5389 22.8427
7839 -25.955 -74 -7 -33.6851 -18.2249 22.8198
7849 -26.141 -57 -7 -33.2418 -19.0402 22.797
7859 -25.999 -67 -7 -33.1167 -18.8813 22.7742
7869 -25.719 -64 -7 -32.9933 -18.4447 22.7515
7879 -26.002 -58 -7 -32.9968 -19.0072 22.7287
7889 -25.765 -63 -7 -33.1699 -18.3601 22.706
7899 -26.086 -62 -7 -33.1893 -18.9827 22.6833
7909 -26.034 -58 -7 -32.9962 -19.0718 22.6606
7919 -26.095 -61 -7 -33.3087 -18.8813 22.6379
7929 -26.336 -57 -7 -33.5195 -19.1525 22.6153
7939 -26.357 -64 -7 -33.3847 -19.3293 22.5927
7949 -25.931 -63 -7 -32.8247 -19.0373 22.5701
7959 -26.084 -62 -7 -32.8746 -19.2934 22.5475
7969 -25.919 -58 -7 -32.8047 -19.0333 22.525
7979 -26.363 -146 -7 -34.3903 -18.3357 22.5024
7989 -26.062 -63 -7 -33.0551 -19.0689 22.4799
7999 -25.841 -54 -7 -32.7751 -18.9069 22.4575
8009 -26.172 -72 -7 -33.4894 -18.8546 22.435
8019 -25.672 -57 -7 -32.7983 -18.5457 22.4126
8029 -26.041 -55 -7 -33.0159 -19.0661 22.3902
8039 -26.009 -66 -7 -32.9915 -19.0265 22.3678
8049 -26.384 -129 -7 -34.1854 -18.5826 22.3454
8059 -25.804 -142 -7 -33.8228 -17.7852 22.323
8069 -26.238 -67 -7 -33.6276 -18.8484 22.3007
8079 -26.321 -61 -7 -33.5168 -19.1252 22.2784
8089 -26.038 -62 -7 -32.8344 -19.2416 22.2561
8099 -26.205 -58 -7 -33.268 -19.142 22.2339
8109 -25.811 -82 -7 -32.9407 -18.6813 22.2117
8119 -25.966 -63 -7 -33.1148 -18.8172 22.1894
8129 -26.026 -73 -7 -33.2921 -18.7599 22.1673
8139 -26.211 -56 -7 -32.7431 -19.6789 22.1451
8149 -26.419 -134 -7 -34.3098 -18.5282 22.1229
8159 -25.906 -58 -7 -33.1303 -18.6817 22.1008
8169 -26.092 -92 -7 -33.6963 -18.4877 22.0787
8179 -25.659 -62 -7 -32.8003 -18.5177 22.0566
8189 -25.67 -63 -7 -32.6503 -18.6897 22.0346
8199 -25.996 -62 -7 -33.1191 -18.8729 22.0125
8209 -26.333 -58 -7 -33.5391 -19.1269 21.9905
8219 -25.476 -62 -7 -32.6966 -18.2554 21.9685
8229 -25.945 -63 -7 -32.5841 -19.3059 21.9466
8239 -25.775 -56 -7 -33.0526 -18.4974 21.9246
8249 -25.659 -63 -7 -32.7392 -18.5788 21.9027
8259 -26.056 -58 -7 -32.4532 -19.6588 21.8808
8269 -26.559 -395 -7 -40.005 -13.113 21.8589
8279 -25.721 -107 -7 -32.8069 -18.6351 21.8371
8289 -25.938 -62 -7 -32.8682 -19.0078 21.8152
8299 -26.097 -53 -7 -32.9126 -19.2814 21.7934
8309 -25.823 -67 -7 -32.7589 -18.8871 21.7716
8319 -25.921 -67 -7 -33.0266 -18.8154 21.7498
8329 -26.062 -62 -7 -32.7599 -19.3641 21.7281
8339 -25.705 -60 -7 -32.6623 -18.7477 21.7064
8349 -25.956 -67 -7 -32.7661 -19.1459 21.6847
8359 -26.027 -64 -7 -33.0516 -19.0024 21.663
8369 -26.353 -157 -7 -34.4844 -18.2216 21.6413
8379 -26.417 -62 -7 -33.2064 -19.6276 21.6197
8389 -26.143 -54 -7 -32.7108 -19.5752 21.5981
8399 -26.128 -357 -7 -38.7557 -13.5003 21.5765
8409 -25.686 -77 -7 -32.6653 -18.7067 21.5549
8419 -25.921 -51 -7 -32.277 -19.565 21.5333
8429 -25.82 -58 -7 -32.7095 -18.9305 21.5118
8439 -26.148 -69 -7 -33.5125 -18.7835 21.4903
8449 -26.184 -72 -7 -33.4207 -18.9473 21.4688
8459 -25.73 -64 -7 -32.577 -18.883 21.4473
8469 -25.625 -61 -7 -32.3997 -18.8503 21.4259
8479 -26.094 -53 -7 -32.8989 -19.2891 21.4044
8489 -26.033 -125 -7 -33.6996 -18.3664 21.383
8499 -25.724 -57 -7 -32.6226 -18.8254 21.3617
8509 -25.917 -52 -7 -32.5267 -19.3073 21.3403
8519 -25.844 -66 -7 -32.7267 -18.9613 21.319
8529 -25.963 -56 -7 -32.6654 -19.2606 21.2976
8539 -26.062 -57 -7 -32.9683 -19.1557 21.2763
8549 -26.211 -66 -7 -33.6123 -18.8097 21.2551
8559 -25.941 -64 -7 -33.0241 -18.8579 21.2338
8569 -26.023 -62 -7 -33.272 -18.774 21.2126
8579 -25.925 -62 -7 -32.5471 -19.3029 21.1914
8589 -25.891 -57 -7 -32.5559 -19.2261 21.1702
8599 -26.066 -88 -7 -33.3392 -18.7928 21.149
8609 -26.113 -64 -7 -33.3831 -18.8429 21.1279
8619 -26.282 -62 -7 -33.5618 -19.0022 21.1067
8629 -26.12 -54 -7 -33.3879 -18.8521 21.0856
8639 -25.592 -68 -7 -32.5079 -18.6761 21.0645
8649 -25.886 -63 -7 -32.8619 -18.9101 21.0435
8659 -25.547 -68 -7 -32.7695 -18.3245 21.0224
8669 -26.053 -56 -7 -32.6294 -19.4766 21.0014
8679 -25.465 -56 -7 -32.1076 -18.8224 20.9804
8689 -26.267 -61 -7 -33.198 -19.336 20.9594
8699 -25.553 -65 -7 -31.9883 -19.1177 20.9385
8709 -25.759 -68 -7 -32.3397 -19.1783 20.9175
8719 -25.525 -51 -7 -32.1824 -18.8676 20.8966
8729 -25.724 -58 -7 -32.7163 -18.7317 20.8757
8739 -25.759 -52 -7 -32.5779 -18.9401 20.8548
8749 -26.112 -75 -7 -33.0003 -19.2237 20.834
8759 -25.678 -84 -7 -32.8252 -18.5308 20.8131
8769 -25.578 -62 -7 -32.4247 -18.7313 20.7923
8779 -26.193 -178 -7 -34.2557 -18.1303 20.7715
8789 -25.922 -59 -7 -32.757 -19.087 20.7508
8799 -25.997 -92 -7 -33.405 -18.589 20.73
8809 -25.954 -53 -7 -32.5857 -19.3223 20.7093
8819 -26.148 -63 -7 -32.9752 -19.3208 20.6886
8829 -25.857 -59 -7 -32.7402 -18.9738 20.6679
8839 -25.648 -147 -7 -33.2661 -18.0299 20.6472
8849 -25.908 -61 -7 -32.9019 -18.9141 20.6266
8859 -25.867 -61 -7 -32.4455 -19.2885 20.6059
8869 -25.985 -71 -7 -32.6224 -19.3476 20.5853
8879 -25.971 -75 -7 -32.7692 -19.1728 20.5648
8889 -25.714 -54 -7 -32.3537 -19.0743 20.5442
8899 -25.603 -72 -7 -32.1125 -19.0935 20.5236
8909 -25.745 -61 -7 -32.3373 -19.1527 20.5031
8919 -25.729 -63 -7 -32.3521 -19.1059 20.4826
8929 -25.93 -58 -7 -32.7163 -19.1437 20.4621
8939 -25.659 -64 -7 -32.2727 -19.0453 20.4417
8949 -26.288 -61 -7 -33.3503 -19.2257 20.4212
8959 -25.941 -54 -7 -32.4108 -19.4712 20.4008
8969 -25.77 -63 -7 -32.2703 -19.2697 20.3804
8979 -25.894 -53 -7 -32.1906 -19.5974 20.36
8989 -25.946 -146 -7 -33.725 -18.167 20.3397
8999 -25.821 -53 -7 -32.4334 -19.2086 20.3193
9009 -25.796 -60 -7 -32.524 -19.068 20.299
9019 -25.921 -57 -7 -32.6414 -19.2006 20.2787
9029 -25.654 -62 -7 -32.3534 -18.9546 20.2584
9039 -25.733 -57 -7 -32.3929 -19.0731 20.2382
9049 -25.501 -51 -7 -31.7956 -19.2064 20.2179
9059 -25.985 -57 -7 -32.9888 -18.9812 20.1977
9069 -25.814 -66 -7 -32.6334 -18.9946 20.1775
9079 -25.809 -52 -7 -32.6142 -19.0038 20.1573
9089 -25.624 -63 -7 -32.4877 -18.7603 20.1372
9099 -25.661 -61 -7 -32.2908 -19.0312 20.117
9109 -25.573 -62 -7 -32.267 -18.879 20.0969
9119 -25.722 -63 -7 -32.5146 -18.9294 20.0768
9129 -25.826 -96 -7 -33.0755 -18.5765 20.0568
9139 -25.687 -71 -7 -32.6639 -18.7101 20.0367
9149 -25.699 -63 -7 -32.5435 -18.8545 20.0167
9159 -25.496 -77 -7 -32.2486 -18.7434 19.9966
9169 -25.684 -77 -7 -32.3303 -19.0377 19.9767
9179 -25.587 -56 -7 -32.1611 -19.0129 19.9567
9189 -25.732 -63 -7 -32.0951 -19.3689 19.9367
9199 -25.855 -57 -7 -32.2543 -19.4557 19.9168
9209 -25.947 -63 -7 -32.5705 -19.3235 19.8969
9219 -25.656 -66 -7 -32.3542 -18.9578 19.877
9229 -25.378 -57 -7 -31.9923 -18.7637 19.8571
9239 -25.841 -90 -7 -32.4366 -19.2454 19.8372
9249 -26.118 -217 -7 -35.1002 -17.1358 19.8174
9259 -26.104 -266 -7 -36.4707 -15.7373 19.7976
9269 -25.567 -93 -7 -31.8572 -19.2768 19.7778
9279 -25.862 -56 -7 -32.111 -19.613 19.758
9289 -25.872 -61 -7 -32.8155 -18.9285 19.7382
9299 -25.303 -63 -7 -31.5582 -19.0478 19.7185
9309 -25.541 -53 -7 -31.8859 -19.1961 19.6988
9319 -25.452 -71 -7 -31.8836 -19.0204 19.6791
9329 -25.671 -52 -7 -31.9141 -19.4279 19.6594
9339 -25.729 -54 -7 -32.023 -19.435 19.6398
9349 -25.46 -57 -7 -32.0249 -18.8951 19.6201
9359 -25.767 -52 -7 -32.2001 -19.3339 19.6005
9369 -25.536 -56 -7 -31.8499 -19.2221 19.5809
9379 -25.521 -59 -7 -32.1583 -18.8837 19.5613
9389 -25.732 -52 -7 -31.9513 -19.5127 19.5417
9399 -25.749 -63 -7 -32.1957 -19.3023 19.5222
9409 -25.954 -66 -7 -32.9116 -18.9964 19.5027
9419 -26.018 -73 -7 -33.243 -18.793 19.4832
9429 -25.979 -62 -7 -32.7702 -19.1878 19.4637
9439 -25.31 -63 -7 -31.8575 -18.7625 19.4442
9449 -25.201 -56 -7 -31.962 -18.44 19.4248
9459 -25.724 -55 -7 -32.4295 -19.0185 19.4054
9469 -25.521 -58 -7 -31.7284 -19.3136 19.386
9479 -26.043 -217 -7 -34.9525 -17.1335 19.3666
9489 -25.824 -58 -7 -32.5159 -19.1321 19.3472
9499 -25.651 -64 -7 -32.0791 -19.2229 19.3279
9509 -25.439 -58 -7 -31.641 -19.237 19.3085
9519 -25.715 -83 -7 -32.8426 -18.5874 19.2892
9529 -25.494 -52 -7 -32.1112 -18.8768 19.2699
9539 -25.665 -64 -7 -32.5937 -18.7363 19.2507
9549 -25.778 -132 -7 -33.2202 -18.3358 19.2314
9559 -25.752 -122 -7 -33.206 -18.298 19.2122
9569 -25.892 -174 -7 -33.9876 -17.7964 19.193
9579 -25.632 -52 -7 -32.0617 -19.2023 19.1738
9589 -25.548 -51 -7 -31.797 -19.299 19.1546
9599 -25.678 -59 -7 -32.1858 -19.1702 19.1355
9609 -25.808 -66 -7 -32.4538 -19.1622 19.1163
9619 -25.712 -62 -7 -32.2843 -19.1397 19.0972
9629 -26.002 -62 -7 -32.7237 -19.2803 19.0781
9639 -25.639 -56 -7 -32.2598 -19.0182 19.059
9649 -25.741 -194 -7 -34.2138 -17.2682 19.04
9659 -25.514 -49 -7 -31.813 -19.215 19.0209
9669 -25.86 -54 -7 -32.2305 -19.4895 19.0019
9679 -25.405 -52 -7 -31.6114 -19.1986 18.9829
9689 -25.791 -62 -7 -32.1311 -19.4509 18.9639
9699 -25.488 -60 -7 -32.0643 -18.9117 18.945
9709 -25.878 -53 -7 -32.2586 -19.4974 18.926
9719 -25.897 -61 -7 -32.7496 -19.0444 18.9071
9729 -25.542 -67 -7 -32.2148 -18.8692 18.8882
9739 -25.426 -52 -7 -31.7047 -19.1473 18.8693
9749 -25.826 -63 -7 -32.5545 -19.0975 18.8504
9759 -25.531 -152 -7 -33.2954 -17.7666 18.8316
9769 -25.341 -63 -7 -31.6406 -19.0414 18.8127
9779 -25.438 -52 -7 -31.9292 -18.9468 18.7939
9789 -25.5 -63 -7 -32.3003 -18.6997 18.7751
9799 -25.7 -67 -7 -32.4335 -18.9665 18.7564
9809 -25.765 -183 -7 -33.9274 -17.6026 18.7376
9819 -25.636 -66 -7 -32.0417 -19.2303 18.7189
9829 -25.363 -48 -7 -31.3318 -19.3942 18.7001
9839 -25.452 -53 -7 -31.9163 -18.9877 18.6814
9849 -25.648 -66 -7 -32.3922 -18.9038 18.6628
9859 -25.375 -57 -7 -31.7528 -18.9972 18.6441
9869 -25.669 -57 -7 -32.2481 -19.0899 18.6255
9879 -25.783 -61 -7 -32.2857 -19.2803 18.6068
9889 -25.368 -56 -7 -31.4479 -19.2881 18.5882
9899 -25.388 -61 -7 -31.8065 -18.9695 18.5696
9909 -25.567 -52 -7 -31.8354 -19.2986 18.5511
9919 -25.646 -56 -7 -31.8467 -19.4453 18.5325
9929 -25.371 -63 -7 -31.7139 -19.0281 18.514
9939 -25.551 -54 -7 -31.9877 -19.1143 18.4955
9949 -25.915 -58 -7 -32.4205 -19.4095 18.477
9959 -25.627 -58 -7 -31.7158 -19.5382 18.4585
9969 -25.393 -59 -7 -32.1688 -18.6172 18.44
9979 -25.658 -73 -7 -31.944 -19.372 18.4216
9989 -25.464 -56 -7 -31.8543 -19.0737 18.4032
9999 -25.602 -57 -7 -31.9863 -19.2177 18.3848
