0 -60.14 -303 -7 -101.55 -18.7302 100
9 -62.914 -300 -7 -106.874 -18.954 99.9
19 -61.752 -282 -7 -105.394 -18.11 99.8001
29 -61.016 -277 -7 -103.517 -18.5148 99.7003
39 -60.69 -253 -7 -103.474 -17.9058 99.6006
49 -62.021 -266 -7 -105.727 -18.3154 99.501
59 -61.235 -235 -7 -101.839 -20.6308 99.4015
69 -63.218 -299 -7 -108.054 -18.3822 99.3021
79 -63.061 -272 -7 -106.554 -19.5684 99.2028
89 -62.18 -260 -7 -106.085 -18.2746 99.1036
99 -64.249 -268 -7 -107.825 -20.6726 99.0045
109 -59.374 -234 -7 -100.145 -18.603 98.9055
119 -59.957 -288 -7 -101.556 -18.3575 98.8066
129 -60.372 -237 -7 -102.999 -17.7449 98.7078
139 -60.854 -257 -7 -102.085 -19.6229 98.6091
149 -61.645 -261 -7 -104.181 -19.1087 98.5105
159 -56.007 -253 -7 -94.3099 -17.7041 98.4119
169 -59.817 -249 -7 -102.594 -17.0396 98.3135
179 -59.845 -275 -7 -101.488 -18.2025 98.2152
189 -59.267 -219 -7 -101.599 -16.9354 98.117
199 -62.087 -219 -7 -105.605 -18.5691 98.0189
209 -60.286 -253 -7 -100.456 -20.1163 97.9209
219 -57.27 -232 -7 -95.8344 -18.7056 97.8229
229 -62.153 -273 -7 -104.953 -19.3531 97.7251
239 -60.576 -304 -7 -103.262 -17.8901 97.6274
249 -59.189 -244 -7 -100.749 -17.6287 97.5298
259 -57.529 -242 -7 -97.6824 -17.3756 97.4322
269 -58.166 -233 -7 -98.1466 -18.1854 97.3348
279 -59.661 -283 -7 -99.2637 -20.0583 97.2375
289 -58.662 -251 -7 -98.4155 -18.9085 97.1402
299 -59.142 -233 -7 -100.93 -17.3536 97.0431
309 -58.48 -281 -7 -98.513 -18.447 96.9461
319 -57.726 -234 -7 -96.5604 -18.8916 96.8491
329 -57.701 -267 -7 -96.927 -18.475 96.7523
339 -59.048 -297 -7 -99.734 -18.362 96.6555
349 -59.507 -239 -7 -98.9137 -20.1003 96.5589
359 -60.722 -227 -7 -101.421 -20.0226 96.4623
369 -55.923 -221 -7 -94.5767 -17.2693 96.3658
379 -58.875 -251 -7 -99.971 -17.779 96.2695
389 -56.905 -245 -7 -95.3894 -18.4206 96.1732
399 -59.31 -246 -7 -98.0014 -20.6186 96.077
409 -55.893 -231 -7 -93.7238 -18.0622 95.9809
419 -59.577 -308 -7 -99.6653 -19.4887 95.885
429 -54.028 -217 -7 -90.4927 -17.5633 95.7891
439 -56.905 -248 -7 -96.1201 -17.6899 95.6933
449 -55.909 -209 -7 -92.3703 -19.4477 95.5976
459 -58.082 -243 -7 -98.5134 -17.6506 95.502
469 -55.808 -247 -7 -95.1996 -16.4164 95.4065
479 -57.083 -292 -7 -98.0744 -16.0916 95.3111
489 -57.565 -255 -7 -97.5115 -17.6185 95.2158
499 -55.37 -209 -7 -91.7772 -18.9628 95.1206
509 -55.971 -221 -7 -92.5172 -19.4248 95.0254
519 -54.865 -232 -7 -91.5192 -18.2108 94.9304
529 -58.866 -201 -7 -96.9587 -20.7733 94.8355
539 -53.656 -192 -7 -90.2096 -17.1024 94.7407
549 -54.259 -259 -7 -90.3297 -18.1883 94.6459
559 -55.181 -261 -7 -92.7546 -17.6074 94.5513
569 -55.644 -285 -7 -94.011 -17.277 94.4567
579 -57.483 -304 -7 -95.8362 -19.1298 94.3623
589 -55.036 -229 -7 -92.5262 -17.5458 94.2679
599 -54.901 -240 -7 -90.239 -19.563 94.1736
609 -57.571 -236 -7 -97.6254 -17.5166 94.0795
619 -53.973 -206 -7 -88.3596 -19.5864 93.9854
629 -56.419 -226 -7 -92.09 -20.748 93.8914
639 -53.468 -204 -7 -89.8568 -17.0792 93.7975
649 -55.644 -244 -7 -93.7375 -17.5505 93.7037
659 -53.217 -269 -7 -89.4162 -17.0178 93.61
669 -55.02 -302 -7 -91.956 -18.084 93.5164
679 -56.382 -246 -7 -96.4214 -16.3426 93.4229
689 -53.546 -257 -7 -88.8274 -18.2646 93.3294
699 -55.023 -199 -7 -91.3935 -18.6525 93.2361
709 -56.561 -222 -7 -94.4347 -18.6873 93.1429
719 -58.118 -290 -7 -98.9352 -17.3008 93.0497
729 -55.572 -233 -7 -91.0301 -20.1139 92.9567
739 -53.276 -227 -7 -88.9076 -17.6444 92.8637
749 -53.476 -222 -7 -90.7412 -16.2108 92.7709
759 -55.306 -285 -7 -91.9204 -18.6916 92.6781
769 -52.411 -196 -7 -86.0788 -18.7432 92.5854
779 -51.86 -265 -7 -88.3131 -15.4069 92.4928
789 -54.045 -258 -7 -90.2833 -17.8067 92.4003
799 -53.969 -266 -7 -92.2032 -15.7348 92.3079
809 -54.408 -211 -7 -90.9823 -17.8337 92.2156
819 -53.69 -244 -7 -88.9357 -18.4443 92.1234
829 -55.899 -231 -7 -92.6425 -19.1555 92.0313
839 -52.988 -239 -7 -88.1133 -17.8627 91.9393
849 -51.85 -208 -7 -86.4073 -17.2927 91.8473
859 -52.414 -214 -7 -89.2314 -15.5966 91.7555
869 -51.1 -221 -7 -85.7742 -16.4258 91.6637
879 -52.57 -262 -7 -87.5099 -17.6301 91.5721
889 -53.803 -248 -7 -89.5407 -18.0653 91.4805
899 -52.261 -217 -7 -87.7565 -16.7655 91.389
909 -51.524 -239 -7 -86.0873 -16.9607 91.2976
919 -52.936 -258 -7 -86.6871 -19.1849 91.2063
929 -53.101 -202 -7 -88.1304 -18.0716 91.1151
939 -51.502 -226 -7 -86.7678 -16.2362 91.024
949 -50.988 -212 -7 -84.1933 -17.7827 90.933
959 -51.878 -214 -7 -86.0657 -17.6903 90.842
969 -51.995 -205 -7 -86.4939 -17.4961 90.7512
979 -52.99 -212 -7 -88.3421 -17.6379 90.6604
989 -52.95 -213 -7 -88.2045 -17.6955 90.5698
999 -52.423 -203 -7 -86.661 -18.185 90.4792
1009 -51.578 -230 -7 -86.7197 -16.4363 90.3887
1019 -51.046 -231 -7 -83.8954 -18.1966 90.2983
1029 -50.002 -245 -7 -83.38 -16.624 90.208
1039 -51.286 -225 -7 -84.8017 -17.7703 90.1178
1049 -52.923 -261 -7 -89.8302 -16.0158 90.0277
1059 -50.866 -246 -7 -86.0093 -15.7227 89.9377
1069 -51.056 -233 -7 -84.3444 -17.7676 89.8478
1079 -51.056 -203 -7 -83.7022 -18.4098 89.7579
1089 -50.214 -269 -7 -84.3907 -16.0373 89.6682
1099 -50.436 -245 -7 -83.6767 -17.1953 89.5785
1109 -49.493 -196 -7 -80.8033 -18.1827 89.4889
1119 -52.009 -256 -7 -87.0312 -16.9868 89.3994
1129 -51.552 -294 -7 -85.7351 -17.3689 89.31
1139 -49.991 -219 -7 -83.2456 -16.7364 89.2207
1149 -51.353 -238 -7 -86.7209 -15.9851 89.1315
1159 -49.127 -209 -7 -80.9114 -17.3426 89.0424
1169 -48.636 -200 -7 -79.6091 -17.6629 88.9533
1179 -48.749 -188 -7 -79.6357 -17.8623 88.8644
1189 -48.519 -225 -7 -81.1108 -15.9272 88.7755
1199 -50.18 -263 -7 -83.9376 -16.4224 88.6867
1209 -50.764 -214 -7 -84.5851 -16.9429 88.598
1219 -49.749 -213 -7 -81.1685 -18.3295 88.5094
1229 -48.267 -211 -7 -78.0858 -18.4482 88.4209
1239 -51.155 -198 -7 -83.6737 -18.6363 88.3325
1249 -48.987 -194 -7 -80.5237 -17.4503 88.2442
1259 -50.864 -203 -7 -85.0938 -16.6342 88.1559
1269 -50.102 -223 -7 -81.6313 -18.5727 88.0678
1279 -48.887 -222 -7 -79.5311 -18.2429 87.9797
1289 -48.504 -216 -7 -78.8632 -18.1448 87.8917
1299 -48.323 -208 -7 -80.6721 -15.9739 87.8038
1309 -46.587 -264 -7 -77.9532 -15.2208 87.716
1319 -50.31 -232 -7 -83.2972 -17.3228 87.6283
1329 -49.644 -205 -7 -82.0654 -17.2226 87.5407
1339 -49.424 -230 -7 -81.3433 -17.5047 87.4531
1349 -50.205 -209 -7 -83.0365 -17.3735 87.3657
1359 -48.79 -224 -7 -80.0311 -17.5489 87.2783
1369 -50.026 -230 -7 -82.1182 -17.9338 87.191
1379 -49.518 -259 -7 -80.99 -18.046 87.1039
1389 -48.195 -281 -7 -79.3214 -17.0686 87.0168
1399 -47.398 -189 -7 -78.0207 -16.7753 86.9297
1409 -47.693 -203 -7 -78.6259 -16.7601 86.8428
1419 -47.813 -223 -7 -78.467 -17.159 86.756
1429 -48.599 -202 -7 -78.4827 -18.7153 86.6692
1439 -47.684 -186 -7 -77.8043 -17.5637 86.5825
1449 -47.928 -282 -7 -79.4228 -16.4332 86.496
1459 -47.511 -247 -7 -77.2448 -17.7772 86.4095
1469 -47.431 -206 -7 -77.5715 -17.2905 86.323
1479 -48.037 -213 -7 -80.0573 -16.0167 86.2367
1489 -47.156 -198 -7 -78.1208 -16.1912 86.1505
1499 -47.471 -182 -7 -77.5146 -17.4274 86.0643
1509 -47.62 -213 -7 -77.5169 -17.7231 85.9783
1519 -47.838 -202 -7 -79.8604 -15.8156 85.8923
1529 -49.004 -212 -7 -80.5461 -17.4619 85.8064
1539 -48.607 -216 -7 -81.1874 -16.0266 85.7206
1549 -46.754 -190 -7 -76.5406 -16.9674 85.6349
1559 -44.953 -234 -7 -73.6817 -16.2243 85.5492
1569 -46.132 -200 -7 -76.2844 -15.9796 85.4637
1579 -46.13 -175 -7 -74.465 -17.795 85.3782
1589 -48.02 -224 -7 -79.226 -16.814 85.2929
1599 -46.756 -226 -7 -76.2766 -17.2354 85.2076
1609 -47.89 -194 -7 -78.9514 -16.8286 85.1223
1619 -47.813 -241 -7 -78.6606 -16.9654 85.0372
1629 -46.432 -187 -7 -75.3996 -17.4644 84.9522
1639 -47.657 -187 -7 -77.7669 -17.5471 84.8672
1649 -47.802 -186 -7 -79.4859 -16.1181 84.7824
1659 -46.752 -187 -7 -76.1693 -17.3347 84.6976
1669 -48.587 -226 -7 -79.5982 -17.5758 84.6129
1679 -46.495 -186 -7 -75.5363 -17.4537 84.5283
1689 -46.336 -210 -7 -75.2093 -17.4627 84.4437
1699 -46.752 -206 -7 -76.7626 -16.7414 84.3593
1709 -45.806 -180 -7 -73.2869 -18.3251 84.2749
1719 -44.954 -185 -7 -74.2827 -15.6253 84.1907
1729 -47.09 -279 -7 -77.6922 -16.4878 84.1065
1739 -45.528 -193 -7 -74.6558 -16.4002 84.0224
1749 -46.054 -187 -7 -75.8678 -16.2402 83.9384
1759 -46.12 -186 -7 -76.4108 -15.8292 83.8544
1769 -44.681 -189 -7 -73.5156 -15.8464 83.7706
1779 -44.356 -173 -7 -71.4825 -17.2295 83.6868
1789 -45.359 -172 -7 -72.3633 -18.3547 83.6031
1799 -45.825 -195 -7 -74.2831 -17.3669 83.5195
1809 -44.483 -197 -7 -71.708 -17.258 83.436
1819 -45.536 -212 -7 -74.0748 -16.9972 83.3525
1829 -45.205 -198 -7 -72.3111 -18.0989 83.2692
1839 -44.512 -221 -7 -72.9211 -16.1029 83.1859
1849 -46.553 -211 -7 -77.2147 -15.8913 83.1027
1859 -45.474 -172 -7 -74.9005 -16.0475 83.0196
1869 -44.015 -177 -7 -71.3475 -16.6825 82.9366
1879 -44.112 -205 -7 -71.5039 -16.7201 82.8537
1889 -44.26 -231 -7 -72.5916 -15.9284 82.7708
1899 -43.195 -173 -7 -70.6746 -15.7154 82.6881
1909 -44.572 -193 -7 -71.7374 -17.4066 82.6054
1919 -46.014 -185 -7 -74.1466 -17.8814 82.5228
1929 -44.921 -180 -7 -73.0022 -16.8398 82.4402
1939 -45.771 -158 -7 -72.6195 -18.9225 82.3578
1949 -44.63 -186 -7 -72.0439 -17.2161 82.2754
1959 -43.9 -161 -7 -70.6761 -17.1239 82.1932
1969 -43.797 -179 -7 -71.2627 -16.3313 82.111
1979 -45.289 -200 -7 -73.7519 -16.8261 82.0289
1989 -44.522 -166 -7 -71.5775 -17.4665 81.9468
1999 -45.697 -177 -7 -73.5026 -17.8914 81.8649
2009 -43.088 -209 -7 -69.4702 -16.7058 81.783
2019 -44.316 -196 -7 -71.7241 -16.9079 81.7012
2029 -45.157 -217 -7 -73.6212 -16.6928 81.6195
2039 -43.998 -184 -7 -70.8026 -17.1934 81.5379
2049 -45.246 -201 -7 -74.2367 -16.2553 81.4564
2059 -45.299 -200 -7 -73.9082 -16.6898 81.3749
2069 -43.556 -183 -7 -71.7572 -15.3548 81.2935
2079 -45.307 -162 -7 -73.9542 -16.6598 81.2123
2089 -44.105 -186 -7 -70.98 -17.23 81.131
2099 -44.7 -194 -7 -72.5405 -16.8595 81.0499
2109 -43.213 -168 -7 -68.3039 -18.1221 80.9689
2119 -43.256 -174 -7 -69.9396 -16.5724 80.8879
2129 -42.58 -163 -7 -68.4934 -16.6666 80.807
2139 -43.58 -180 -7 -71.0264 -16.1336 80.7262
2149 -42.82 -166 -7 -68.4393 -17.2007 80.6455
2159 -43.738 -226 -7 -70.4497 -17.0263 80.5648
2169 -43.627 -188 -7 -70.2113 -17.0427 80.4843
2179 -43.069 -154 -7 -68.9844 -17.1536 80.4038
2189 -42.778 -206 -7 -69.2074 -16.3486 80.3234
2199 -44.076 -174 -7 -70.107 -18.045 80.243
2209 -44.381 -218 -7 -71.4934 -17.2686 80.1628
2219 -42.99 -173 -7 -68.9537 -17.0263 80.0826
2229 -44.672 -188 -7 -73.2153 -16.1287 80.0026
2239 -42.925 -170 -7 -68.7244 -17.1256 79.9226
2249 -42.51 -214 -7 -68.0083 -17.0117 79.8426
2259 -42.527 -160 -7 -68.418 -16.636 79.7628
2269 -43.744 -192 -7 -69.9098 -17.5782 79.683
2279 -42.475 -224 -7 -67.6174 -17.3326 79.6033
2289 -43.738 -234 -7 -71.2395 -16.2365 79.5237
2299 -41.843 -223 -7 -65.7237 -17.9623 79.4442
2309 -44.017 -214 -7 -72.1115 -15.9225 79.3648
2319 -41.419 -175 -7 -65.5826 -17.2554 79.2854
2329 -43.489 -154 -7 -69.4238 -17.5542 79.2061
2339 -43.043 -147 -7 -69.4356 -16.6504 79.1269
2349 -43.297 -192 -7 -69.3053 -17.2887 79.0478
2359 -41.5 -177 -7 -67.1009 -15.8991 78.9687
2369 -42.723 -228 -7 -67.698 -17.748 78.8898
2379 -42.054 -153 -7 -66.3848 -17.7232 78.8109
2389 -43.397 -163 -7 -70.5262 -16.2678 78.7321
2399 -42.734 -157 -7 -67.4994 -17.9686 78.6533
2409 -42.258 -182 -7 -68.0892 -16.4268 78.5747
2419 -42.667 -185 -7 -68.0273 -17.3067 78.4961
2429 -43.452 -240 -7 -70.414 -16.49 78.4176
2439 -42.202 -153 -7 -67.3288 -17.0752 78.3392
2449 -41.546 -148 -7 -66.3127 -16.7793 78.2609
2459 -42.826 -187 -7 -68.7103 -16.9417 78.1826
2469 -41.533 -183 -7 -66.157 -16.909 78.1044
2479 -43.133 -180 -7 -67.9219 -18.3441 78.0263
2489 -43.082 -170 -7 -68.7198 -17.4442 77.9483
2499 -41.091 -207 -7 -65.7373 -16.4447 77.8703
2509 -41.96 -174 -7 -67.5558 -16.3642 77.7925
2519 -42.176 -212 -7 -67.4094 -16.9426 77.7147
2529 -40.797 -182 -7 -63.7109 -17.8831 77.637
2539 -42.066 -188 -7 -67.1852 -16.9468 77.5593
2549 -42.072 -141 -7 -65.7583 -18.3857 77.4818
2559 -41.617 -166 -7 -66.5894 -16.6446 77.4043
2569 -41.919 -143 -7 -66.1797 -17.6583 77.3269
2579 -41.034 -172 -7 -64.916 -17.152 77.2496
2589 -42.213 -200 -7 -67.1806 -17.2454 77.1723
2599 -42.247 -186 -7 -67.4586 -17.0354 77.0951
2609 -42.476 -173 -7 -67.6457 -17.3063 77.018
2619 -41.959 -197 -7 -67.4419 -16.4761 76.941
2629 -39.788 -167 -7 -63.6892 -15.8868 76.8641
2639 -40.596 -133 -7 -63.5942 -17.5978 76.7872
2649 -40.938 -193 -7 -65.3639 -16.5121 76.7104
2659 -41.769 -150 -7 -66.7704 -16.7676 76.6337
2669 -41.245 -167 -7 -65.7715 -16.7185 76.5571
2679 -42.245 -197 -7 -67.3959 -17.0941 76.4805
2689 -41.612 -153 -7 -66.4031 -16.8209 76.404
2699 -41.009 -160 -7 -65.3915 -16.6265 76.3276
2709 -40.41 -161 -7 -63.898 -16.922 76.2513
2719 -41.695 -151 -7 -66.4649 -16.9251 76.1751
2729 -39.55 -172 -7 -62.9105 -16.1895 76.0989
2739 -41.87 -153 -7 -66.1787 -17.5613 76.0228
2749 -39.656 -206 -7 -63.0029 -16.3091 75.9468
2759 -39.775 -150 -7 -63.1385 -16.4115 75.8708
2769 -40.122 -170 -7 -63.5957 -16.6483 75.7949
2779 -41.652 -170 -7 -65.6181 -17.6859 75.7191
2789 -40.332 -189 -7 -64.8077 -15.8563 75.6434
2799 -40.721 -149 -7 -63.6926 -17.7494 75.5678
2809 -40.166 -155 -7 -63.4498 -16.8822 75.4922
2819 -40.289 -183 -7 -63.2717 -17.3063 75.4167
2829 -40.722 -169 -7 -64.5486 -16.8954 75.3413
2839 -41.97 -151 -7 -66.3938 -17.5462 75.266
2849 -41.724 -192 -7 -66.354 -17.094 75.1907
2859 -41.056 -161 -7 -64.7755 -17.3365 75.1155
2869 -41.384 -178 -7 -65.9421 -16.8259 75.0404
2879 -40.157 -172 -7 -63.2676 -17.0464 74.9654
2889 -39.857 -145 -7 -62.5793 -17.1347 74.8904
2899 -39.667 -152 -7 -62.8531 -16.4809 74.8155
2909 -39.483 -131 -7 -61.6297 -17.3363 74.7407
2919 -39.956 -169 -7 -62.6556 -17.2564 74.6659
2929 -39.958 -231 -7 -62.8307 -17.0853 74.5913
2939 -40.212 -164 -7 -63.2672 -17.1568 74.5167
2949 -41.174 -176 -7 -65.776 -16.572 74.4422
2959 -40.409 -147 -7 -62.4592 -18.3588 74.3677
2969 -38.962 -179 -7 -62.4072 -15.5168 74.2934
2979 -40.043 -176 -7 -63.6703 -16.4157 74.2191
2989 -40.179 -169 -7 -63.038 -17.32 74.1448
2999 -40.601 -166 -7 -63.7088 -17.4932 74.0707
3009 -39.205 -174 -7 -61.3193 -17.0907 73.9966
3019 -40.053 -187 -7 -63.7918 -16.3142 73.9226
3029 -39.542 -183 -7 -62.2334 -16.8506 73.8487
3039 -40.125 -171 -7 -63.6017 -16.6483 73.7749
3049 -38.436 -125 -7 -59.7479 -17.1241 73.7011
3059 -39.216 -158 -7 -61.529 -16.903 73.6274
3069 -39.325 -188 -7 -60.9316 -17.7184 73.5538
3079 -38.497 -148 -7 -59 -17.994 73.4802
3089 -38.938 -134 -7 -60.8654 -17.0106 73.4067
3099 -37.854 -132 -7 -58.7509 -16.9571 73.3333
3109 -39.416 -168 -7 -63.0703 -15.7617 73.26
3119 -38.169 -145 -7 -59.735 -16.603 73.1867
3129 -38.728 -133 -7 -60.7427 -16.7133 73.1135
3139 -38.094 -167 -7 -60.0447 -16.1433 73.0404
3149 -40.231 -150 -7 -62.5078 -17.9542 72.9674
3159 -37.838 -169 -7 -59.1229 -16.5531 72.8944
3169 -37.951 -162 -7 -59.6281 -16.2739 72.8215
3179 -37.652 -147 -7 -58.3158 -16.9882 72.7487
3189 -38.271 -137 -7 -59.8316 -16.7104 72.676
3199 -37.081 -146 -7 -57.8469 -16.3151 72.6033
3209 -38.817 -145 -7 -60.5749 -17.0591 72.5307
3219 -38.355 -160 -7 -59.4301 -17.2799 72.4581
3229 -38.476 -130 -7 -58.927 -18.025 72.3857
3239 -38.475 -159 -7 -59.5356 -17.4144 72.3133
3249 -38.765 -149 -7 -60.2625 -17.2675 72.241
3259 -38.841 -130 -7 -61.1242 -16.5578 72.1687
3269 -39.389 -167 -7 -61.5872 -17.1908 72.0966
3279 -39.708 -140 -7 -62.0812 -17.3348 72.0245
3289 -37.655 -133 -7 -57.5945 -17.7155 71.9525
3299 -36.84 -133 -7 -56.1947 -17.4853 71.8805
3309 -37.717 -137 -7 -57.7306 -17.7034 71.8086
3319 -37.79 -133 -7 -58.5931 -16.9869 71.7368
3329 -39.364 -130 -7 -61.1372 -17.5908 71.6651
3339 -38.001 -139 -7 -58.2615 -17.7405 71.5934
3349 -37.919 -152 -7 -58.6715 -17.1665 71.5218
3359 -36.287 -128 -7 -56.1336 -16.4404 71.4503
3369 -37.943 -167 -7 -58.6928 -17.1932 71.3788
3379 -38.343 -137 -7 -59.2242 -17.4618 71.3075
3389 -36.7 -196 -7 -56.6504 -16.7496 71.2362
3399 -37.072 -132 -7 -56.788 -17.356 71.1649
3409 -38.303 -181 -7 -60.3211 -16.2849 71.0938
3419 -37.469 -132 -7 -57.9546 -16.9834 71.0227
3429 -37.212 -142 -7 -57.3235 -17.1005 70.9516
3439 -37.41 -143 -7 -58.4375 -16.3825 70.8807
3449 -37.023 -114 -7 -57.0754 -16.9706 70.8098
3459 -38.526 -153 -7 -58.8482 -18.2038 70.739
3469 -37.371 -175 -7 -57.7509 -16.9911 70.6683
3479 -37.061 -160 -7 -56.9265 -17.1955 70.5976
3489 -35.38 -173 -7 -55.0629 -15.6971 70.527
3499 -37.787 -132 -7 -58.1426 -17.4314 70.4565
3509 -36.556 -119 -7 -55.9397 -17.1723 70.386
3519 -37.177 -121 -7 -56.6254 -17.7286 70.3156
3529 -37.2 -172 -7 -57.4899 -16.9101 70.2453
3539 -37.539 -170 -7 -57.6875 -17.3905 70.1751
3549 -37.362 -133 -7 -57.9605 -16.7635 70.1049
3559 -37.2 -149 -7 -58.2998 -16.1002 70.0348
3569 -36.257 -150 -7 -55.2027 -17.3113 69.9648
3579 -37.283 -139 -7 -57.533 -17.033 69.8948
3589 -36.58 -135 -7 -56.418 -16.742 69.8249
3599 -38.69 -154 -7 -60.2398 -17.1402 69.7551
3609 -36.186 -166 -7 -56.4668 -15.9052 69.6853
3619 -37.777 -132 -7 -57.9008 -17.6532 69.6156
3629 -36.743 -159 -7 -57.3668 -16.1192 69.546
3639 -36.146 -123 -7 -55.1141 -17.1779 69.4765
3649 -37.981 -124 -7 -58.7411 -17.2209 69.407
3659 -36.912 -153 -7 -56.8567 -16.9673 69.3376
3669 -37.12 -142 -7 -57.2017 -17.0383 69.2682
3679 -37.772 -149 -7 -58.7398 -16.8042 69.199
3689 -37.467 -159 -7 -57.639 -17.295 69.1298
3699 -36.695 -137 -7 -56.3095 -17.0805 69.0606
3709 -35.523 -142 -7 -54.0178 -17.0282 68.9916
3719 -36.716 -149 -7 -56.3627 -17.0693 68.9226
3729 -36.383 -175 -7 -55.6547 -17.1113 68.8537
3739 -35.933 -142 -7 -55.8089 -16.0571 68.7848
3749 -37.042 -160 -7 -57.0155 -17.0685 68.716
3759 -37.387 -126 -7 -56.792 -17.982 68.6473
3769 -36.423 -118 -7 -55.186 -17.66 68.5787
3779 -36.352 -133 -7 -56.1859 -16.5181 68.5101
3789 -36.554 -137 -7 -56.6384 -16.4696 68.4416
3799 -35.176 -116 -7 -53.491 -16.861 68.3731
3809 -36.616 -150 -7 -56.1972 -17.0348 68.3048
3819 -36.926 -128 -7 -56.5999 -17.2521 68.2365
3829 -36.469 -146 -7 -54.8013 -18.1367 68.1682
3839 -37.003 -153 -7 -57.5911 -16.4149 68.1001
3849 -36.715 -146 -7 -56.7228 -16.7072 68.032
3859 -35.666 -118 -7 -53.7762 -17.5558 67.9639
3869 -36.746 -121 -7 -55.6004 -17.8916 67.896
3879 -36.112 -143 -7 -54.2635 -17.9605 67.8281
3889 -35.277 -132 -7 -53.6466 -16.9074 67.7602
3899 -35.771 -118 -7 -54.1009 -17.4411 67.6925
3909 -36.575 -117 -7 -55.4828 -17.6672 67.6248
3919 -35.99 -108 -7 -54.313 -17.667 67.5572
3929 -35.786 -149 -7 -53.9347 -17.6373 67.4896
3939 -35.885 -137 -7 -55.151 -16.619 67.4221
3949 -36.27 -145 -7 -55.0927 -17.4473 67.3547
3959 -35.293 -143 -7 -54.2572 -16.3288 67.2873
3969 -35.515 -137 -7 -53.8965 -17.1335 67.22
3979 -35.647 -131 -7 -54.2544 -17.0396 67.1528
3989 -35.267 -149 -7 -53.2904 -17.2436 67.0857
3999 -36.047 -153 -7 -55.1017 -16.9923 67.0186
4009 -35.442 -147 -7 -54.2125 -16.6715 66.9516
4019 -34.691 -126 -7 -52.2267 -17.1553 66.8846
4029 -34.968 -146 -7 -52.8318 -17.1042 66.8177
4039 -35.521 -124 -7 -54.6436 -16.3984 66.7509
4049 -36.392 -130 -7 -55.6533 -17.1307 66.6842
4059 -34.021 -131 -7 -51.2857 -16.7563 66.6175
4069 -34.476 -121 -7 -51.4315 -17.5205 66.5509
4079 -35.328 -134 -7 -53.7517 -16.9043 66.4843
4089 -36.498 -155 -7 -55.8177 -17.1783 66.4178
4099 -36.295 -151 -7 -55.8895 -16.7005 66.3514
4109 -36.285 -148 -7 -55.5955 -16.9745 66.2851
4119 -35.934 -136 -7 -53.9713 -17.8967 66.2188
4129 -35.877 -133 -7 -54.9422 -16.8118 66.1526
4139 -35.424 -129 -7 -54.1673 -16.6807 66.0864
4149 -35.538 -136 -7 -54.2654 -16.8106 66.0203
4159 -35.317 -125 -7 -53.4519 -17.1821 65.9543
4169 -35.449 -132 -7 -52.8822 -18.0158 65.8883
4179 -34.515 -191 -7 -53.366 -15.664 65.8225
4189 -36.376 -171 -7 -56.1683 -16.5837 65.7566
4199 -35.235 -122 -7 -52.8516 -17.6184 65.6909
4209 -35.628 -128 -7 -54.012 -17.244 65.6252
4219 -34.082 -138 -7 -52.027 -16.137 65.5596
4229 -35.072 -117 -7 -52.481 -17.663 65.494
4239 -33.449 -111 -7 -50.4961 -16.4019 65.4285
4249 -34.307 -118 -7 -52.0865 -16.5275 65.3631
4259 -35.124 -133 -7 -52.9627 -17.2853 65.2977
4269 -34.865 -116 -7 -52.7788 -16.9512 65.2324
4279 -34.852 -115 -7 -52.3466 -17.3574 65.1672
4289 -35.028 -187 -7 -53.3204 -16.7356 65.102
4299 -34.852 -133 -7 -53.1769 -16.5271 65.0369
4309 -34.522 -133 -7 -52.2822 -16.7618 64.9719
4319 -32.95 -134 -7 -49.112 -16.788 64.9069
4329 -34.859 -108 -7 -51.9856 -17.7324 64.842
4339 -34.452 -119 -7 -51.741 -17.163 64.7772
4349 -34.603 -135 -7 -51.9563 -17.2497 64.7124
4359 -34.965 -139 -7 -52.2306 -17.6994 64.6477
4369 -34.402 -122 -7 -50.8504 -17.9536 64.583
4379 -35.778 -123 -7 -53.5782 -17.9778 64.5184
4389 -34.12 -143 -7 -50.5188 -17.7212 64.4539
4399 -35.673 -171 -7 -54.6879 -16.6581 64.3895
4409 -34.882 -128 -7 -52.8736 -16.8904 64.3251
4419 -34.997 -133 -7 -53.2391 -16.7549 64.2608
4429 -34.741 -126 -7 -52.4421 -17.0399 64.1965
4439 -34.286 -147 -7 -51.7977 -16.7743 64.1323
4449 -34.808 -134 -7 -52.0322 -17.5838 64.0682
4459 -34.762 -122 -7 -52.6964 -16.8276 64.0041
4469 -35.001 -138 -7 -53.4191 -16.5829 63.9401
4479 -34.867 -139 -7 -52.6899 -17.0441 63.8761
4489 -34.251 -142 -7 -51.1256 -17.3764 63.8123
4499 -34.498 -124 -7 -51.7438 -17.2522 63.7485
4509 -34.403 -133 -7 -51.8458 -16.9602 63.6847
4519 -34.332 -139 -7 -51.2877 -17.3763 63.621
4529 -34.6 -128 -7 -52.9964 -16.2036 63.5574
4539 -34.969 -114 -7 -52.0468 -17.8912 63.4938
4549 -33.273 -111 -7 -49.3548 -17.1912 63.4304
4559 -33.862 -133 -7 -51.1308 -16.5932 63.3669
4569 -34.352 -120 -7 -50.9075 -17.7965 63.3036
4579 -34.569 -129 -7 -52.2658 -16.8722 63.2403
4589 -35.176 -122 -7 -52.4917 -17.8603 63.177
4599 -34.149 -144 -7 -51.5547 -16.7433 63.1138
4609 -34.328 -114 -7 -51.1573 -17.4987 63.0507
4619 -33.038 -131 -7 -49.5067 -16.5693 62.9877
4629 -34.077 -107 -7 -51.1358 -17.0182 62.9247
4639 -33.832 -132 -7 -50.9259 -16.7381 62.8618
4649 -34.371 -129 -7 -51.7494 -16.9926 62.7989
4659 -33.631 -137 -7 -49.8419 -17.4201 62.7361
4669 -32.665 -132 -7 -48.5063 -16.8237 62.6734
4679 -34.228 -116 -7 -50.8361 -17.6199 62.6107
4689 -33.356 -147 -7 -50.0142 -16.6978 62.5481
4699 -33.786 -133 -7 -50.3252 -17.2468 62.4855
4709 -33.588 -120 -7 -50.4543 -16.7217 62.423
4719 -32.968 -123 -7 -49.7219 -16.2141 62.3606
4729 -34.284 -133 -7 -51.283 -17.285 62.2983
4739 -34.168 -118 -7 -51.4828 -16.8532 62.236
4749 -34.453 -114 -7 -50.9357 -17.9703 62.1737
4759 -34.474 -116 -7 -51.4234 -17.5246 62.1116
4769 -34.387 -138 -7 -52.5947 -16.1793 62.0494
4779 -32.498 -116 -7 -48.1218 -16.8742 61.9874
4789 -33.654 -116 -7 -49.9692 -17.3388 61.9254
4799 -33.885 -121 -7 -49.8849 -17.8851 61.8635
4809 -33.7 -102 -7 -49.5392 -17.8608 61.8016
4819 -33.764 -133 -7 -50.708 -16.82 61.7398
4829 -34.534 -156 -7 -52.0251 -17.0429 61.6781
4839 -33.404 -118 -7 -49.5365 -17.2715 61.6164
4849 -32.876 -124 -7 -49.0626 -16.6894 61.5548
4859 -33.77 -127 -7 -50.6853 -16.8547 61.4932
4869 -33.44 -124 -7 -49.8041 -17.0759 61.4317
4879 -33.194 -120 -7 -50.3007 -16.0873 61.3703
4889 -33.127 -133 -7 -48.7433 -17.5107 61.3089
4899 -34.725 -129 -7 -51.5714 -17.8786 61.2476
4909 -34.287 -127 -7 -51.6411 -16.9329 61.1864
4919 -34.638 -113 -7 -51.7589 -17.5171 61.1252
4929 -33.89 -115 -7 -49.7325 -18.0475 61.0641
4939 -34.448 -128 -7 -51.9533 -16.9427 61.003
4949 -32.932 -103 -7 -48.7856 -17.0784 60.942
4959 -32.281 -110 -7 -47.6979 -16.8641 60.8811
4969 -33.643 -124 -7 -49.4592 -17.8268 60.8202
4979 -33.544 -139 -7 -50.0671 -17.0209 60.7594
4989 -33.092 -124 -7 -49.0232 -17.1608 60.6986
4999 -33.87 -101 -7 -49.7299 -18.0101 60.6379
5009 -33.167 -134 -7 -49.2083 -17.1257 60.5773
5019 -34.139 -106 -7 -50.1223 -18.1557 60.5167
5029 -33.296 -117 -7 -49.7716 -16.8204 60.4562
5039 -32.449 -106 -7 -47.7032 -17.1948 60.3957
5049 -33.23 -134 -7 -49.3974 -17.0626 60.3353
5059 -32.945 -110 -7 -49.0528 -16.8372 60.275
5069 -33.155 -105 -7 -49.5208 -16.7892 60.2147
5079 -33.144 -130 -7 -49.2611 -17.0269 60.1545
5089 -33.833 -113 -7 -50.8004 -16.8656 60.0943
5099 -32.411 -131 -7 -48.487 -16.335 60.0342
5109 -32.891 -109 -7 -48.7328 -17.0492 59.9742
5119 -31.822 -103 -7 -46.5089 -17.1351 59.9142
5129 -32.662 -112 -7 -48.2183 -17.1057 59.8543
5139 -32.779 -127 -7 -49.0096 -16.5484 59.7945
5149 -33.107 -123 -7 -48.8258 -17.3882 59.7347
5159 -32.259 -115 -7 -47.3454 -17.1726 59.6749
5169 -33.015 -129 -7 -49.4206 -16.6094 59.6153
5179 -33.611 -165 -7 -49.9985 -17.2235 59.5556
5189 -33.417 -124 -7 -49.9114 -16.9226 59.4961
5199 -33.049 -103 -7 -48.2072 -17.8908 59.4366
5209 -32.649 -109 -7 -47.9011 -17.3969 59.3772
5219 -32.834 -125 -7 -48.0909 -17.5771 59.3178
5229 -33.171 -106 -7 -48.8206 -17.5214 59.2585
5239 -32.933 -97 -7 -48.4623 -17.4037 59.1992
5249 -32.657 -129 -7 -49.0944 -16.2196 59.14
5259 -33.574 -117 -7 -49.6877 -17.4603 59.0809
5269 -33.008 -123 -7 -48.9165 -17.0995 59.0218
5279 -32.819 -107 -7 -48.637 -17.001 58.9628
5289 -32.239 -93 -7 -46.4608 -18.0172 58.9038
5299 -32.929 -198 -7 -48.9746 -16.8834 58.8449
5309 -32.578 -106 -7 -47.5331 -17.6229 58.786
5319 -33.169 -109 -7 -49.0359 -17.3021 58.7273
5329 -33.317 -113 -7 -48.8809 -17.7531 58.6685
5339 -32.25 -95 -7 -47.2877 -17.2123 58.6099
5349 -32.93 -103 -7 -47.8787 -17.9813 58.5513
5359 -33.685 -119 -7 -49.6864 -17.6836 58.4927
5369 -33.251 -151 -7 -48.8578 -17.6442 58.4342
5379 -31.967 -122 -7 -46.9765 -16.9575 58.3758
5389 -32.151 -144 -7 -47.0903 -17.2117 58.3174
5399 -31.909 -99 -7 -47.3338 -16.4842 58.2591
5409 -32.803 -152 -7 -48.0872 -17.5188 58.2008
5419 -32.464 -105 -7 -47.8117 -17.1163 58.1426
5429 -32.503 -95 -7 -47.5107 -17.4953 58.0845
5439 -31.683 -118 -7 -46.8213 -16.5447 58.0264
5449 -32.209 -112 -7 -47.4561 -16.9619 57.9684
5459 -32.463 -119 -7 -47.9204 -17.0056 57.9104
5469 -32.173 -127 -7 -47.1296 -17.2164 57.8525
5479 -31.719 -119 -7 -46.4626 -16.9754 57.7946
5489 -31.682 -107 -7 -46.2335 -17.1305 57.7368
5499 -32.303 -108 -7 -48.0624 -16.5436 57.6791
5509 -32.981 -123 -7 -48.1126 -17.8494 57.6214
5519 -32.05 -104 -7 -46.4426 -17.6574 57.5638
5529 -31.469 -112 -7 -46.6631 -16.2749 57.5062
5539 -31.295 -144 -7 -45.962 -16.628 57.4487
5549 -31.777 -104 -7 -46.2997 -17.2543 57.3913
5559 -32.267 -108 -7 -47.9957 -16.5383 57.3339
5569 -32.72 -102 -7 -48.3851 -17.0549 57.2766
5579 -32.291 -99 -7 -46.1795 -18.4025 57.2193
5589 -31.933 -129 -7 -46.6257 -17.2403 57.1621
5599 -32.495 -104 -7 -47.4242 -17.5658 57.1049
5609 -31.971 -108 -7 -46.8783 -17.0637 57.0478
5619 -32.16 -98 -7 -47.0388 -17.2812 56.9908
5629 -32.085 -117 -7 -47.3444 -16.8256 56.9338
5639 -31.322 -98 -7 -45.0413 -17.6027 56.8768
5649 -32.046 -100 -7 -45.9206 -18.1714 56.82
5659 -32.031 -113 -7 -46.9751 -17.0869 56.7631
5669 -32.014 -119 -7 -46.7651 -17.2629 56.7064
5679 -31.93 -103 -7 -46.9113 -16.9487 56.6497
5689 -31.256 -93 -7 -45.3283 -17.1837 56.593
5699 -32.308 -114 -7 -46.9589 -17.6571 56.5364
5709 -31.577 -86 -7 -45.4869 -17.6671 56.4799
5719 -32.305 -109 -7 -46.5729 -18.0371 56.4234
5729 -31.213 -105 -7 -45.0587 -17.3673 56.367
5739 -32.597 -125 -7 -47.6548 -17.5392 56.3106
5749 -32.259 -108 -7 -46.7632 -17.7548 56.2543
5759 -32.43 -101 -7 -47.2144 -17.6456 56.198
5769 -32.174 -118 -7 -46.9717 -17.3763 56.1418
5779 -31.816 -88 -7 -45.9431 -17.6889 56.0857
5789 -31.284 -103 -7 -45.9493 -16.6187 56.0296
5799 -31.977 -113 -7 -45.9907 -17.9633 55.9736
5809 -32.27 -133 -7 -46.873 -17.667 55.9176
5819 -31.916 -124 -7 -45.7231 -18.1089 55.8617
5829 -31.034 -103 -7 -44.6042 -17.4638 55.8058
5839 -31.28 -108 -7 -45.2293 -17.3307 55.75
5849 -31.439 -100 -7 -45.5053 -17.3727 55.6943
5859 -31.356 -123 -7 -45.7885 -16.9235 55.6386
5869 -31.335 -113 -7 -45.2657 -17.4043 55.5829
5879 -31.607 -107 -7 -46.1129 -17.1011 55.5274
5889 -31.924 -94 -7 -45.8847 -17.9633 55.4718
5899 -32.337 -107 -7 -47.1872 -17.4868 55.4164
5909 -31.418 -125 -7 -46.3503 -16.4857 55.361
5919 -30.912 -97 -7 -44.2455 -17.5785 55.3056
5929 -31.037 -115 -7 -44.9862 -17.0878 55.2503
5939 -31.973 -123 -7 -46.6057 -17.3403 55.195
5949 -31.587 -121 -7 -46.3626 -16.8114 55.1398
5959 -31.804 -117 -7 -46.4479 -17.1601 55.0847
5969 -31.097 -109 -7 -45.1457 -17.0483 55.0296
5979 -31.505 -107 -7 -45.1686 -17.8414 54.9746
5989 -31.609 -117 -7 -45.2676 -17.9504 54.9196
5999 -30.812 -98 -7 -44.1876 -17.4364 54.8647
6009 -30.501 -111 -7 -44.6724 -16.3296 54.8098
6019 -31.325 -113 -7 -45.9237 -16.7263 54.755
6029 -31.259 -153 -7 -45.553 -16.965 54.7003
6039 -31.744 -93 -7 -46.2716 -17.2164 54.6456
6049 -32.206 -124 -7 -47.0345 -17.3775 54.5909
6059 -30.898 -108 -7 -45.2477 -16.5483 54.5363
6069 -31.678 -102 -7 -45.624 -17.732 54.4818
6079 -31.224 -131 -7 -45.8383 -16.6097 54.4273
6089 -31.232 -120 -7 -45.635 -16.829 54.3729
6099 -31.108 -109 -7 -45.0378 -17.1782 54.3185
6109 -31.206 -113 -7 -44.7579 -17.6541 54.2642
6119 -32.095 -124 -7 -46.4472 -17.7428 54.2099
6129 -30.799 -89 -7 -43.8516 -17.7464 54.1557
6139 -30.696 -102 -7 -44.4287 -16.9633 54.1016
6149 -31.388 -122 -7 -45.6827 -17.0933 54.0475
6159 -31.221 -91 -7 -44.9132 -17.5288 53.9934
6169 -31.067 -108 -7 -44.4469 -17.6871 53.9394
6179 -31.107 -97 -7 -44.7646 -17.4494 53.8855
6189 -31.261 -102 -7 -44.949 -17.573 53.8316
6199 -30.948 -87 -7 -43.7747 -18.1213 53.7778
6209 -31.401 -112 -7 -45.0468 -17.7552 53.724
6219 -31.171 -125 -7 -45.3218 -17.0202 53.6703
6229 -31.313 -97 -7 -44.6471 -17.9789 53.6166
6239 -30.712 -97 -7 -44.2709 -17.1531 53.563
6249 -31.437 -128 -7 -45.5966 -17.2774 53.5094
6259 -31.579 -112 -7 -45.3858 -17.7722 53.4559
6269 -31.77 -113 -7 -45.6331 -17.9069 53.4024
6279 -31.31 -104 -7 -45.3211 -17.2989 53.349
6289 -31.248 -103 -7 -45.104 -17.392 53.2957
6299 -31.633 -124 -7 -45.6979 -17.5681 53.2424
6309 -30.572 -85 -7 -43.73 -17.414 53.1892
6319 -30.761 -102 -7 -44.5783 -16.9437 53.136
6329 -31.091 -97 -7 -44.7482 -17.4338 53.0828
6339 -31.817 -96 -7 -45.6918 -17.9422 53.0297
6349 -30.569 -97 -7 -43.3205 -17.8175 52.9767
6359 -30.963 -96 -7 -44.3409 -17.5851 52.9237
6369 -30.207 -102 -7 -43.2375 -17.1765 52.8708
6379 -30.5 -105 -7 -43.7788 -17.2212 52.8179
6389 -31.491 -103 -7 -45.1811 -17.8009 52.7651
6399 -31.84 -100 -7 -45.5165 -18.1635 52.7124
6409 -30.529 -93 -7 -43.8047 -17.2533 52.6596
6419 -30.188 -80 -7 -42.3988 -17.9772 52.607
6429 -30.277 -122 -7 -43.6817 -16.8723 52.5544
6439 -30.42 -93 -7 -43.0221 -17.8179 52.5018
6449 -30.72 -92 -7 -44.0444 -17.3956 52.4493
6459 -31.298 -133 -7 -44.3018 -18.2942 52.3969
6469 -31.891 -92 -7 -45.7923 -17.9897 52.3445
6479 -30.935 -99 -7 -45.2408 -16.6292 52.2921
6489 -30.624 -81 -7 -43.5188 -17.7292 52.2398
6499 -30.848 -109 -7 -43.853 -17.843 52.1876
6509 -31.861 -96 -7 -45.6831 -18.0389 52.1354
6519 -31.127 -98 -7 -44.8895 -17.3645 52.0833
6529 -30.57 -102 -7 -43.629 -17.511 52.0312
6539 -31.215 -110 -7 -44.1232 -18.3068 51.9792
6549 -30.663 -102 -7 -43.9664 -17.3596 51.9272
6559 -31.2 -131 -7 -44.9672 -17.4328 51.8753
6569 -30.382 -99 -7 -42.8477 -17.9163 51.8234
6579 -30.762 -87 -7 -43.5403 -17.9837 51.7716
6589 -30.558 -113 -7 -43.734 -17.382 51.7198
6599 -30.816 -112 -7 -44.2565 -17.3755 51.6681
6609 -31.895 -112 -7 -46.1309 -17.6591 51.6164
6619 -30.801 -108 -7 -44.6575 -16.9445 51.5648
6629 -30.882 -106 -7 -44.5752 -17.1888 51.5132
6639 -31.058 -95 -7 -44.3875 -17.7285 51.4617
6649 -30.345 -113 -7 -43.396 -17.294 51.4102
6659 -30.67 -103 -7 -43.5714 -17.7686 51.3588
6669 -30.746 -88 -7 -43.2509 -18.2411 51.3075
6679 -30.415 -87 -7 -43.3096 -17.5204 51.2562
6689 -31.068 -114 -7 -44.0874 -18.0486 51.2049
6699 -31.083 -96 -7 -44.6692 -17.4968 51.1537
6709 -30.151 -87 -7 -42.9506 -17.3514 51.1026
6719 -31.6 -101 -7 -45.2209 -17.9791 51.0515
6729 -30.399 -94 -7 -43.8879 -16.9101 51.0004
6739 -29.909 -87 -7 -42.5383 -17.2797 50.9494
6749 -30.984 -121 -7 -44.425 -17.543 50.8984
6759 -30.513 -103 -7 -43.4945 -17.5315 50.8476
6769 -30.205 -82 -7 -42.4204 -17.9896 50.7967
6779 -30.749 -102 -7 -43.8014 -17.6966 50.7459
6789 -30.168 -110 -7 -43.0598 -17.2762 50.6952
6799 -30.102 -107 -7 -42.7831 -17.4209 50.6445
6809 -30.066 -104 -7 -42.5313 -17.6007 50.5938
6819 -30.201 -107 -7 -43.084 -17.318 50.5432
6829 -31.023 -104 -7 -44.0007 -18.0453 50.4927
6839 -30.979 -87 -7 -43.3869 -18.5711 50.4422
6849 -30.442 -108 -7 -43.528 -17.356 50.3917
6859 -30.799 -93 -7 -43.7767 -17.8213 50.3414
6869 -30.217 -103 -7 -42.9072 -17.5268 50.291
6879 -30.993 -97 -7 -44.6303 -17.3557 50.2407
6889 -29.867 -100 -7 -42.6105 -17.1235 50.1905
6899 -30.046 -87 -7 -42.4612 -17.6308 50.1403
6909 -30.019 -98 -7 -42.2173 -17.8207 50.0902
6919 -30.523 -93 -7 -43.6218 -17.4242 50.0401
6929 -29.807 -90 -7 -41.748 -17.866 49.99
6939 -30.029 -90 -7 -41.707 -18.351 49.94
6949 -29.695 -86 -7 -41.5963 -17.7937 49.8901
6959 -30.433 -93 -7 -43.3947 -17.4713 49.8402
6969 -29.674 -113 -7 -42.3972 -16.9508 49.7904
6979 -29.859 -102 -7 -42.6171 -17.1009 49.7406
6989 -30.513 -120 -7 -44.3456 -16.6804 49.6908
6999 -30.522 -92 -7 -43.2982 -17.7458 49.6411
7009 -30.584 -91 -7 -43.2681 -17.8999 49.5915
7019 -29.922 -106 -7 -42.3673 -17.4767 49.5419
7029 -30.632 -108 -7 -43.3539 -17.9101 49.4924
7039 -29.889 -84 -7 -41.9081 -17.8699 49.4429
7049 -29.636 -99 -7 -41.6184 -17.6536 49.3934
7059 -29.846 -99 -7 -42.53 -17.162 49.344
7069 -30.741 -88 -7 -43.2284 -18.2536 49.2947
7079 -30.443 -87 -7 -43.3824 -17.5036 49.2454
7089 -30.204 -93 -7 -42.4795 -17.9285 49.1962
7099 -29.804 -108 -7 -42.6137 -16.9943 49.147
7109 -30.383 -95 -7 -42.6387 -18.1273 49.0978
7119 -30.321 -96 -7 -43.2625 -17.3795 49.0487
7129 -29.998 -86 -7 -42.0931 -17.9029 48.9997
7139 -29.67 -117 -7 -41.7667 -17.5733 48.9507
7149 -29.904 -86 -7 -41.8718 -17.9362 48.9017
7159 -29.91 -107 -7 -42.1757 -17.6443 48.8528
7169 -30.738 -77 -7 -42.5366 -18.9394 48.804
7179 -29.428 -102 -7 -40.9805 -17.8755 48.7552
7189 -28.883 -85 -7 -41.2819 -16.4841 48.7064
7199 -30.15 -91 -7 -42.4699 -17.8301 48.6577
7209 -30.083 -84 -7 -42.0207 -18.1453 48.609
7219 -30.143 -103 -7 -43.0803 -17.2057 48.5604
7229 -29.773 -114 -7 -41.8629 -17.6831 48.5119
7239 -30.103 -128 -7 -42.188 -18.018 48.4634
7249 -30.127 -105 -7 -42.6857 -17.5683 48.4149
7259 -29.831 -97 -7 -41.8605 -17.8015 48.3665
7269 -29.895 -94 -7 -42.2933 -17.4967 48.3181
7279 -30.658 -97 -7 -43.192 -18.124 48.2698
7289 -30.314 -102 -7 -43.0403 -17.5877 48.2215
7299 -29.179 -82 -7 -41.0939 -17.2641 48.1733
7309 -30.034 -77 -7 -41.8662 -18.2018 48.1251
7319 -29.172 -91 -7 -41.4901 -16.8539 48.077
7329 -30.228 -111 -7 -42.291 -18.165 48.0289
7339 -29.677 -89 -7 -41.9647 -17.3893 47.9809
7349 -29.707 -102 -7 -41.712 -17.702 47.9329
7359 -29.113 -84 -7 -40.6386 -17.5874 47.885
7369 -29.482 -93 -7 -41.3648 -17.5992 47.8371
7379 -29.323 -97 -7 -40.888 -17.758 47.7893
7389 -30.132 -103 -7 -42.3947 -17.8693 47.7415
7399 -29.433 -92 -7 -41.3111 -17.5549 47.6937
7409 -29.568 -97 -7 -41.5396 -17.5964 47.646
7419 -30.033 -104 -7 -42.002 -18.064 47.5984
7429 -29.085 -107 -7 -40.5682 -17.6018 47.5508
7439 -29.917 -89 -7 -41.7141 -18.1199 47.5032
7449 -29.598 -109 -7 -41.9027 -17.2933 47.4557
7459 -29.659 -107 -7 -42.6183 -16.6997 47.4083
7469 -30.146 -79 -7 -41.8111 -18.4809 47.3609
7479 -30.167 -98 -7 -42.728 -17.606 47.3135
7489 -29.244 -88 -7 -41.162 -17.326 47.2662
7499 -30.103 -117 -7 -42.6212 -17.5848 47.2189
7509 -29.585 -97 -7 -41.7173 -17.4527 47.1717
7519 -28.982 -85 -7 -40.3175 -17.6465 47.1245
7529 -29.382 -101 -7 -41.5188 -17.2452 47.0774
7539 -30.078 -91 -7 -41.8776 -18.2784 47.0303
7549 -29.816 -89 -7 -41.3635 -18.2685 46.9833
7559 -29.21 -88 -7 -40.7434 -17.6766 46.9363
7569 -28.889 -115 -7 -40.137 -17.641 46.8894
7579 -29.576 -102 -7 -41.738 -17.414 46.8425
7589 -29.121 -79 -7 -40.3472 -17.8948 46.7957
7599 -29.717 -103 -7 -41.5582 -17.8758 46.7489
7609 -29.236 -86 -7 -41.2431 -17.2289 46.7021
7619 -29.127 -115 -7 -41.556 -16.698 46.6554
7629 -30.018 -132 -7 -42.1617 -17.8743 46.6088
7639 -29.521 -89 -7 -41.3234 -17.7186 46.5621
7649 -28.84 -112 -7 -40.1487 -17.5313 46.5156
7659 -29.476 -94 -7 -41.8507 -17.1013 46.4691
7669 -29.045 -117 -7 -40.2525 -17.8375 46.4226
7679 -29.371 -97 -7 -41.4551 -17.2869 46.3762
7689 -29.46 -93 -7 -41.0377 -17.8823 46.3298
7699 -29.397 -83 -7 -40.7584 -18.0356 46.2835
7709 -29.811 -96 -7 -42.0819 -17.5401 46.2372
7719 -28.963 -80 -7 -40.5075 -17.4185 46.191
7729 -29.465 -126 -7 -41.0666 -17.8634 46.1448
7739 -29.559 -103 -7 -41.4691 -17.6489 46.0986
7749 -29.442 -88 -7 -40.8664 -18.0176 46.0525
7759 -29.061 -88 -7 -40.5761 -17.5459 46.0065
7769 -28.593 -86 -7 -39.9873 -17.1987 45.9605
7779 -28.873 -87 -7 -39.899 -17.847 45.9145
7789 -29.128 -100 -7 -40.7847 -17.4713 45.8686
7799 -29.309 -112 -7 -41.1359 -17.4821 45.8227
7809 -29.663 -84 -7 -41.7834 -17.5426 45.7769
7819 -29.467 -114 -7 -41.316 -17.618 45.7311
7829 -29.328 -89 -7 -40.6508 -18.0052 45.6854
7839 -29.614 -84 -7 -41.6449 -17.5831 45.6397
7849 -29.408 -93 -7 -40.4378 -18.3782 45.5941
7859 -28.815 -93 -7 -40.0307 -17.5993 45.5485
7869 -29.083 -88 -7 -40.178 -17.988 45.5029
7879 -29.521 -106 -7 -41.1478 -17.8942 45.4574
7889 -29.072 -90 -7 -40.47 -17.674 45.412
7899 -29.801 -92 -7 -41.1293 -18.4727 45.3665
7909 -28.749 -96 -7 -39.6512 -17.8468 45.3212
7919 -29.652 -96 -7 -41.2491 -18.0549 45.2759
7929 -29.013 -90 -7 -40.8388 -17.1872 45.2306
7939 -29.37 -78 -7 -41.0013 -17.7387 45.1854
7949 -29.511 -89 -7 -40.6184 -18.4036 45.1402
7959 -28.747 -97 -7 -39.4569 -18.0371 45.095
7969 -30.11 -103 -7 -42.5377 -17.6823 45.0499
7979 -29.815 -93 -7 -41.596 -18.034 45.0049
7989 -28.542 -81 -7 -39.3323 -17.7517 44.9599
7999 -28.94 -86 -7 -39.8595 -18.0205 44.9149
8009 -29.459 -99 -7 -41.4571 -17.4609 44.87
8019 -29.092 -87 -7 -39.8642 -18.3198 44.8251
8029 -28.733 -96 -7 -40.0839 -17.3821 44.7803
8039 -29.537 -105 -7 -40.6024 -18.4716 44.7355
8049 -28.693 -82 -7 -39.5947 -17.7913 44.6908
8059 -29.629 -81 -7 -41.2417 -18.0163 44.6461
8069 -29.447 -94 -7 -40.9196 -17.9744 44.6015
8079 -29.232 -89 -7 -40.3804 -18.0836 44.5569
8089 -28.918 -87 -7 -39.81 -18.026 44.5123
8099 -29.707 -90 -7 -41.1316 -18.2824 44.4678
8109 -28.878 -81 -7 -39.5806 -18.1754 44.4233
8119 -28.679 -97 -7 -39.8693 -17.4887 44.3789
8129 -28.831 -83 -7 -39.2074 -18.4546 44.3345
8139 -28.7 -88 -7 -39.3577 -18.0423 44.2902
8149 -29.018 -82 -7 -40.1801 -17.8559 44.2459
8159 -29.222 -84 -7 -40.7498 -17.6942 44.2016
8169 -29.271 -80 -7 -39.6493 -18.8927 44.1574
8179 -28.925 -86 -7 -40.1908 -17.6592 44.1133
8189 -29.956 -87 -7 -40.6213 -19.2907 44.0692
8199 -29.15 -77 -7 -40.2632 -18.0368 44.0251
8209 -28.682 -83 -7 -39.7075 -17.6565 43.9811
8219 -28.806 -92 -7 -39.8298 -17.7822 43.9371
8229 -29.124 -94 -7 -40.3627 -17.8853 43.8932
8239 -29.579 -80 -7 -40.4906 -18.6674 43.8493
8249 -28.88 -90 -7 -39.7179 -18.0421 43.8054
8259 -28.638 -89 -7 -39.4231 -17.8529 43.7616
8269 -28.808 -108 -7 -39.9668 -17.6492 43.7178
8279 -28.473 -84 -7 -39.4492 -17.4968 43.6741
8289 -28.245 -77 -7 -39.1091 -17.3809 43.6305
8299 -29.173 -93 -7 -40.0956 -18.2504 43.5868
8309 -28.294 -82 -7 -38.9925 -17.5955 43.5432
8319 -28.295 -92 -7 -38.5799 -18.0101 43.4997
8329 -28.775 -98 -7 -39.4394 -18.1106 43.4562
8339 -28.626 -77 -7 -39.3172 -17.9348 43.4127
8349 -28.911 -87 -7 -40.0679 -17.7541 43.3693
8359 -28.482 -75 -7 -38.512 -18.452 43.326
8369 -28.652 -89 -7 -39.162 -18.142 43.2826
8379 -28.639 -87 -7 -39.8621 -17.4159 43.2393
8389 -28.918 -97 -7 -39.8651 -17.9709 43.1961
8399 -28.077 -88 -7 -39.1586 -16.9954 43.1529
8409 -29.119 -88 -7 -39.9648 -18.2732 43.1098
8419 -28.554 -108 -7 -40.0135 -17.0945 43.0666
8429 -28.876 -77 -7 -39.9695 -17.7825 43.0236
8439 -28.73 -88 -7 -39.5073 -17.9527 42.9806
8449 -27.97 -82 -7 -38.2237 -17.7163 42.9376
8459 -28.632 -94 -7 -39.5697 -17.6943 42.8946
8469 -28.68 -116 -7 -39.2611 -18.0989 42.8517
8479 -29.451 -88 -7 -40.6493 -18.2527 42.8089
8489 -28.639 -84 -7 -39.3471 -17.9309 42.7661
8499 -28.444 -113 -7 -39.7908 -17.0972 42.7233
8509 -28.96 -86 -7 -39.6616 -18.2584 42.6806
8519 -29.221 -81 -7 -40.5137 -17.9283 42.6379
8529 -28.625 -96 -7 -40.1391 -17.1109 42.5953
8539 -28.597 -81 -7 -39.2386 -17.9554 42.5527
8549 -28.694 -81 -7 -39.0659 -18.3221 42.5101
8559 -28.771 -83 -7 -40.0154 -17.5266 42.4676
8569 -28.62 -82 -7 -39.8936 -17.3464 42.4252
8579 -29.357 -93 -7 -40.5196 -18.1944 42.3827
8589 -28.871 -79 -7 -39.7909 -17.9511 42.3403
8599 -28.795 -83 -7 -40.3843 -17.2057 42.298
8609 -28.217 -84 -7 -38.7695 -17.6645 42.2557
8619 -28.48 -77 -7 -39.0435 -17.9165 42.2135
8629 -28.937 -85 -7 -39.9166 -17.9574 42.1712
8639 -28.289 -96 -7 -38.6447 -17.9333 42.1291
8649 -28.741 -101 -7 -39.3598 -18.1222 42.0869
8659 -28.261 -84 -7 -39.0305 -17.4915 42.0448
8669 -28.94 -89 -7 -39.6343 -18.2457 42.0028
8679 -28.486 -80 -7 -38.7901 -18.1819 41.9608
8689 -28.696 -104 -7 -39.3867 -18.0053 41.9188
8699 -27.889 -101 -7 -38.9041 -16.8739 41.8769
8709 -28.139 -91 -7 -38.4005 -17.8775 41.835
8719 -27.748 -75 -7 -37.3638 -18.1322 41.7932
8729 -28.911 -82 -7 -39.484 -18.338 41.7514
8739 -29.034 -82 -7 -39.3766 -18.6914 41.7097
8749 -29.141 -122 -7 -40.1387 -18.1433 41.668
8759 -28.42 -79 -7 -38.958 -17.882 41.6263
8769 -28.687 -90 -7 -39.568 -17.806 41.5847
8779 -28.429 -87 -7 -38.8694 -17.9886 41.5431
8789 -28.446 -78 -7 -38.9655 -17.9265 41.5015
8799 -28.672 -82 -7 -38.787 -18.557 41.46
8809 -28.466 -77 -7 -38.7008 -18.2312 41.4186
8819 -27.775 -74 -7 -38.055 -17.495 41.3772
8829 -29.094 -84 -7 -40.1785 -18.0095 41.3358
8839 -27.595 -72 -7 -37.6184 -17.5716 41.2944
8849 -27.607 -81 -7 -37.9207 -17.2933 41.2531
8859 -27.872 -67 -7 -37.6298 -18.1142 41.2119
8869 -28.497 -89 -7 -39.4599 -17.5341 41.1707
8879 -28.766 -82 -7 -39.1419 -18.3901 41.1295
8889 -28.615 -88 -7 -39.2369 -17.9931 41.0884
8899 -28.186 -87 -7 -38.447 -17.925 41.0473
8909 -27.737 -84 -7 -37.6867 -17.7873 41.0062
8919 -28.565 -93 -7 -38.5651 -18.5649 40.9652
8929 -28.672 -88 -7 -38.9854 -18.3586 40.9243
8939 -28.786 -74 -7 -39.098 -18.474 40.8833
8949 -27.626 -69 -7 -37.2268 -18.0252 40.8425
8959 -28.059 -84 -7 -38.5589 -17.5591 40.8016
8969 -28.068 -82 -7 -38.1872 -17.9488 40.7608
8979 -28.143 -81 -7 -38.1719 -18.1141 40.7201
8989 -28.187 -69 -7 -38.303 -18.071 40.6793
8999 -28.358 -80 -7 -38.6667 -18.0493 40.6387
9009 -28.317 -103 -7 -38.5813 -18.0527 40.598
9019 -28.215 -82 -7 -38.0806 -18.3494 40.5574
9029 -28.712 -77 -7 -38.7602 -18.6638 40.5169
9039 -28.673 -92 -7 -39.3688 -17.9772 40.4764
9049 -28.825 -93 -7 -39.568 -18.082 40.4359
9059 -28.165 -75 -7 -37.82 -18.51 40.3954
9069 -28.373 -115 -7 -38.7497 -17.9963 40.355
9079 -28.297 -77 -7 -38.512 -18.082 40.3147
9089 -28.138 -71 -7 -38.5328 -17.7432 40.2744
9099 -28.301 -70 -7 -38.0722 -18.5298 40.2341
9109 -27.855 -92 -7 -37.6881 -18.0219 40.1939
9119 -28.156 -95 -7 -38.5251 -17.7869 40.1537
9129 -28.815 -83 -7 -39.4196 -18.2104 40.1135
9139 -28.243 -82 -7 -38.6133 -17.8727 40.0734
9149 -27.957 -81 -7 -37.9549 -17.9591 40.0333
9159 -28.043 -86 -7 -37.7532 -18.3328 39.9933
9169 -27.808 -94 -7 -38.1981 -17.4179 39.9533
9179 -28.662 -83 -7 -39.6799 -17.6441 39.9134
9189 -27.939 -88 -7 -38.3924 -17.4856 39.8734
9199 -27.829 -78 -7 -37.6989 -17.9591 39.8336
9209 -28.329 -73 -7 -38.2695 -18.3885 39.7937
9219 -27.903 -98 -7 -37.7066 -18.0994 39.7539
9229 -27.52 -66 -7 -36.7786 -18.2614 39.7142
9239 -27.899 -87 -7 -38.189 -17.609 39.6745
9249 -28.978 -74 -7 -39.3126 -18.6434 39.6348
9259 -28.255 -77 -7 -38.1423 -18.3677 39.5952
9269 -27.779 -76 -7 -37.5282 -18.0298 39.5556
9279 -27.973 -73 -7 -38.0939 -17.8521 39.516
9289 -27.898 -89 -7 -38.0426 -17.7534 39.4765
9299 -28.349 -99 -7 -38.7942 -17.9038 39.437
9309 -28.045 -72 -7 -37.8966 -18.1934 39.3976
9319 -27.892 -70 -7 -37.8332 -17.9508 39.3582
9329 -27.647 -72 -7 -37.2082 -18.0858 39.3188
9339 -28.212 -85 -7 -38.5283 -17.8957 39.2795
9349 -27.298 -79 -7 -37.2816 -17.3144 39.2402
9359 -27.891 -78 -7 -37.4689 -18.3131 39.201
9369 -27.999 -75 -7 -38.1919 -17.8061 39.1618
9379 -27.91 -79 -7 -37.6597 -18.1603 39.1226
9389 -28.879 -83 -7 -39.5131 -18.2449 39.0835
9399 -28.049 -94 -7 -37.92 -18.178 39.0444
9409 -28.072 -82 -7 -38.4187 -17.7253 39.0054
9419 -28.272 -64 -7 -38.1596 -18.3844 38.9664
9429 -27.682 -87 -7 -37.3207 -18.0433 38.9274
9439 -27.81 -81 -7 -37.7485 -17.8715 38.8885
9449 -27.454 -84 -7 -36.8815 -18.0265 38.8496
9459 -28.438 -103 -7 -38.2549 -18.6211 38.8107
9469 -27.597 -106 -7 -37.7666 -17.4274 38.7719
9479 -27.879 -70 -7 -37.7731 -17.9849 38.7332
9489 -27.871 -68 -7 -37.846 -17.896 38.6944
9499 -28.377 -103 -7 -38.4188 -18.3352 38.6557
9509 -27.809 -87 -7 -37.8214 -17.7966 38.6171
9519 -28.131 -96 -7 -38.1815 -18.0805 38.5785
9529 -27.547 -84 -7 -37.0783 -18.0157 38.5399
9539 -27.751 -68 -7 -37.2267 -18.2753 38.5013
9549 -27.895 -86 -7 -37.883 -17.907 38.4628
9559 -28.071 -78 -7 -37.8818 -18.2602 38.4244
9569 -27.842 -71 -7 -37.3246 -18.3594 38.3859
9579 -28.367 -99 -7 -38.2996 -18.4344 38.3476
9589 -28.027 -72 -7 -37.5689 -18.4851 38.3092
9599 -27.938 -96 -7 -37.705 -18.171 38.2709
9609 -27.545 -77 -7 -36.871 -18.219 38.2326
9619 -27.123 -98 -7 -36.6066 -17.6394 38.1944
9629 -27.422 -91 -7 -37.4921 -17.3519 38.1562
9639 -27.841 -96 -7 -37.8408 -17.8412 38.118
9649 -28.021 -73 -7 -38.1901 -17.8519 38.0799
9659 -28.041 -93 -7 -38.1995 -17.8825 38.0418
9669 -27.897 -68 -7 -37.6416 -18.1524 38.0038
9679 -27.073 -73 -7 -36.9991 -17.1469 37.9658
9689 -27.61 -81 -7 -37.3597 -17.8603 37.9278
9699 -27.531 -86 -7 -37.5214 -17.5406 37.8899
9709 -27.684 -73 -7 -37.2261 -18.1419 37.852
9719 -27.853 -81 -7 -37.9871 -17.7189 37.8142
9729 -28.047 -76 -7 -38.0947 -17.9993 37.7764
9739 -27.962 -73 -7 -37.3954 -18.5286 37.7386
9749 -27.511 -78 -7 -36.6247 -18.3973 37.7008
9759 -27.574 -82 -7 -36.7055 -18.4425 37.6631
9769 -27.862 -77 -7 -37.5316 -18.1924 37.6255
9779 -26.973 -88 -7 -36.5599 -17.3861 37.5878
9789 -28.433 -81 -7 -38.2996 -18.5664 37.5503
9799 -27.69 -78 -7 -36.9577 -18.4223 37.5127
9809 -27.327 -77 -7 -37.2634 -17.3906 37.4752
9819 -27.783 -101 -7 -37.8943 -17.6717 37.4377
9829 -27.508 -94 -7 -37.1643 -17.8517 37.4003
9839 -27.809 -77 -7 -37.2314 -18.3866 37.3629
9849 -28.198 -77 -7 -37.9034 -18.4926 37.3255
9859 -27.681 -78 -7 -37.429 -17.933 37.2882
9869 -27.561 -85 -7 -36.6693 -18.4527 37.2509
9879 -28.089 -74 -7 -37.3938 -18.7842 37.2137
9889 -27.617 -70 -7 -36.9848 -18.2492 37.1764
9899 -27.407 -77 -7 -36.7871 -18.0269 37.1393
9909 -27.792 -80 -7 -38.0696 -17.5144 37.1021
9919 -27.593 -76 -7 -37.3123 -17.8737 37.065
9929 -27.943 -80 -7 -37.8655 -18.0205 37.028
9939 -27.65 -76 -7 -37.104 -18.196 36.9909
9949 -27.501 -77 -7 -37.0097 -17.9923 36.9539
9959 -28.367 -94 -7 -38.5355 -18.1985 36.917
9969 -27.756 -80 -7 -37.3057 -18.2063 36.8801
9979 -27.364 -77 -7 -36.2977 -18.4303 36.8432
9989 -27.527 -74 -7 -36.6193 -18.4347 36.8063
9999 -27.562 -71 -7 -36.92 -18.204 36.7695
