0 -123.458 -456 -19 -179.992 -66.924 100
9 -124.357 -458 -18 -181.991 -66.7228 99.9
19 -120.801 -483 -18 -177.208 -64.3939 99.8001
29 -122.208 -419 -19 -180.317 -64.0993 99.7003
39 -122.862 -382 -19 -182.033 -63.6908 99.6006
49 -123.657 -390 -20 -183.826 -63.4885 99.501
59 -122.492 -420 -25 -181.598 -63.3859 99.4015
69 -122.536 -336 -24 -178.589 -66.4828 99.3021
79 -122.739 -364 -21 -181.353 -64.1251 99.2028
89 -125.845 -411 -20 -183.016 -68.6737 99.1036
99 -122.355 -413 -20 -181.265 -63.4448 99.0045
109 -122.561 -337 -24 -176.399 -68.7226 98.9055
119 -122.136 -442 -23 -180.646 -63.6257 98.8066
129 -118.726 -422 -22 -175.366 -62.0855 98.7078
139 -120.419 -347 -28 -176.119 -64.7189 98.6091
149 -119.057 -351 -26 -174.377 -63.7374 98.5105
159 -121.598 -378 -27 -179.364 -63.8319 98.4119
169 -117.654 -361 -22 -174.059 -61.2488 98.3135
179 -121.015 -342 -20 -176.79 -65.2403 98.2152
189 -121.313 -436 -25 -177.118 -65.508 98.117
199 -117.552 -407 -20 -174.416 -60.688 98.0189
209 -118.374 -392 -24 -174.16 -62.5883 97.9209
219 -118.403 -375 -21 -175.653 -61.1529 97.8229
229 -116.11 -327 -23 -170.242 -61.9776 97.7251
239 -117.853 -367 -20 -171.76 -63.9458 97.6274
249 -116.354 -345 -18 -169.842 -62.8662 97.5298
259 -116.859 -375 -23 -171.541 -62.1775 97.4322
269 -120.377 -339 -20 -177.977 -62.777 97.3348
279 -118.544 -414 -29 -172.912 -64.1761 97.2375
289 -116.389 -366 -24 -169.709 -63.0691 97.1402
299 -116.647 -353 -24 -171.088 -62.206 97.0431
309 -114.179 -420 -20 -167.673 -60.6851 96.9461
319 -113.47 -383 -16 -166.662 -60.2776 96.8491
329 -115.252 -351 -17 -168.431 -62.0729 96.7523
339 -114.571 -406 -20 -165.863 -63.2795 96.6555
349 -114.023 -463 -24 -168.13 -59.9155 96.5589
359 -114.505 -316 -17 -168.938 -60.0716 96.4623
369 -116.06 -380 -20 -168.606 -63.5135 96.3658
379 -113.717 -361 -29 -167.577 -59.857 96.2695
389 -113.296 -492 -16 -166.033 -60.5591 96.1732
399 -113.201 -334 -15 -164.306 -62.0959 96.077
409 -111.446 -341 -18 -161.852 -61.0405 95.9809
419 -116.174 -361 -24 -170.079 -62.2688 95.885
429 -110.839 -376 -23 -163.107 -58.5706 95.7891
439 -112.347 -398 -26 -165.034 -59.6603 95.6933
449 -112.786 -382 -21 -164.806 -60.7658 95.5976
459 -114.154 -340 -26 -167.77 -60.5383 95.502
469 -111.164 -316 -25 -161.328 -60.9996 95.4065
479 -112.905 -357 -25 -163.943 -61.8667 95.3111
489 -112.684 -397 -18 -166.319 -59.0489 95.2158
499 -110.448 -334 -19 -158.217 -62.6787 95.1206
509 -109.557 -355 -27 -159.635 -59.4785 95.0254
519 -108.335 -364 -28 -157.086 -59.5838 94.9304
529 -110.49 -367 -21 -161.248 -59.7315 94.8355
539 -107.937 -304 -18 -156.504 -59.3699 94.7407
549 -109.303 -348 -20 -159.276 -59.3302 94.6459
559 -108.189 -415 -19 -157.552 -58.8257 94.5513
569 -109.139 -346 -21 -160.156 -58.1224 94.4567
579 -111.723 -363 -20 -163.298 -60.1481 94.3623
589 -109.431 -304 -27 -157.725 -61.1371 94.2679
599 -108.393 -364 -26 -156.281 -60.5054 94.1736
609 -109.887 -377 -27 -162.635 -57.1385 94.0795
619 -108.445 -319 -21 -157.286 -59.6043 93.9854
629 -109.564 -347 -22 -158.345 -60.7826 93.8914
639 -103.68 -350 -18 -152.05 -55.31 93.7975
649 -105.798 -351 -22 -153.199 -58.3969 93.7037
659 -109.605 -378 -21 -160.015 -59.1947 93.61
669 -105.966 -339 -15 -154.189 -57.7431 93.5164
679 -109.303 -332 -18 -157.702 -60.9044 93.4229
689 -106.232 -334 -23 -155.118 -57.3463 93.3294
699 -107.475 -327 -26 -154.509 -60.4413 93.2361
709 -109.044 -342 -22 -158.938 -59.1498 93.1429
719 -107.297 -358 -19 -157.801 -56.7925 93.0497
729 -105.504 -354 -25 -153.238 -57.7705 92.9567
739 -105.478 -382 -21 -151.689 -59.2669 92.8637
749 -102.69 -322 -29 -147.61 -57.7696 92.7709
759 -107.02 -323 -31 -155.87 -58.17 92.6781
769 -106.805 -349 -22 -155.438 -58.1716 92.5854
779 -101.808 -393 -30 -148.826 -54.7899 92.4928
789 -103.628 -309 -19 -148.789 -58.4673 92.4003
799 -103.127 -325 -26 -148.949 -57.3051 92.3079
809 -105.244 -303 -19 -153.176 -57.3121 92.2156
819 -103.086 -325 -18 -148.879 -57.2934 92.1234
829 -104.414 -326 -19 -150.882 -57.9462 92.0313
839 -99.942 -327 -20 -144.692 -55.1923 91.9393
849 -103.58 -324 -24 -149.529 -57.6305 91.8473
859 -101.603 -295 -24 -146.452 -56.754 91.7555
869 -103.535 -348 -28 -151.204 -55.8656 91.6637
879 -102.75 -328 -20 -148.836 -56.6635 91.5721
889 -103.182 -338 -27 -149.212 -57.1519 91.4805
899 -101.963 -345 -18 -147.511 -56.4155 91.389
909 -101.198 -302 -18 -145.186 -57.2102 91.2976
919 -103.445 -290 -31 -147.932 -58.958 91.2063
929 -102.785 -325 -19 -149.07 -56.5001 91.1151
939 -100.07 -274 -21 -143.971 -56.1695 91.024
949 -101.929 -331 -22 -149.156 -54.7021 90.933
959 -103.476 -339 -22 -149.343 -57.6095 90.842
969 -102.214 -319 -28 -147.57 -56.8582 90.7512
979 -102.112 -308 -23 -146.624 -57.6 90.6604
989 -100.707 -315 -22 -144.341 -57.073 90.5698
999 -98.009 -252 -18 -139.773 -56.2446 90.4792
1009 -98.181 -285 -22 -140.41 -55.9523 90.3887
1019 -101.643 -370 -16 -147.586 -55.7 90.2983
1029 -101.078 -273 -18 -146.055 -56.1012 90.208
1039 -98.485 -319 -20 -140.994 -55.9762 90.1178
1049 -102.04 -387 -25 -147.711 -56.3693 90.0277
1059 -99.866 -289 -19 -144.853 -54.8786 89.9377
1069 -97.552 -309 -21 -140.16 -54.9437 89.8478
1079 -98.99 -330 -22 -143.572 -54.4083 89.7579
1089 -98.671 -278 -25 -142.554 -54.7884 89.6682
1099 -99.95 -379 -19 -144.486 -55.414 89.5785
1109 -97.513 -368 -25 -141.015 -54.0109 89.4889
1119 -98.893 -285 -14 -143.191 -54.5952 89.3994
1129 -97.159 -271 -23 -138.276 -56.0417 89.31
1139 -98.796 -282 -26 -141.221 -56.3712 89.2207
1149 -98.239 -327 -17 -140.05 -56.428 89.1315
1159 -100.35 -342 -29 -146.627 -54.0731 89.0424
1169 -96.639 -258 -19 -136.578 -56.7005 88.9533
1179 -97.587 -316 -27 -139.879 -55.2952 88.8644
1189 -95.526 -280 -28 -136.783 -54.2685 88.7755
1199 -95.806 -275 -21 -135.763 -55.8487 88.6867
1209 -97.687 -304 -23 -139.669 -55.7051 88.598
1219 -94.913 -259 -21 -135.097 -54.7285 88.5094
1229 -93.213 -341 -26 -131.981 -54.4455 88.4209
1239 -96.965 -305 -23 -140.165 -53.7647 88.3325
1249 -96.391 -317 -23 -137.631 -55.1512 88.2442
1259 -95.586 -329 -27 -136.048 -55.1236 88.1559
1269 -97.345 -270 -17 -139.34 -55.3498 88.0678
1279 -93.088 -285 -21 -132.34 -53.8362 87.9797
1289 -94.186 -254 -28 -133.651 -54.721 87.8917
1299 -95.317 -296 -18 -135.662 -54.9718 87.8038
1309 -92.773 -267 -17 -132.773 -52.7728 87.716
1319 -93.497 -325 -16 -134.24 -52.7536 87.6283
1329 -94.658 -272 -18 -135.074 -54.2418 87.5407
1339 -93.138 -347 -24 -133.964 -52.3118 87.4531
1349 -95.324 -311 -18 -136.602 -54.0462 87.3657
1359 -92.049 -401 -25 -132.467 -51.6312 87.2783
1369 -95.18 -274 -20 -134.914 -55.4461 87.191
1379 -92.624 -328 -22 -132.696 -52.5517 87.1039
1389 -94.68 -318 -24 -135.593 -53.7665 87.0168
1399 -92.37 -273 -18 -129.106 -55.634 86.9297
1409 -94.211 -334 -22 -137.278 -51.144 86.8428
1419 -92.77 -277 -20 -131.138 -54.4024 86.756
1429 -92.813 -251 -24 -131.786 -53.8401 86.6692
1439 -92.81 -281 -17 -132.471 -53.1486 86.5825
1449 -92.056 -274 -30 -129.831 -54.2806 86.496
1459 -91.717 -275 -22 -130.812 -52.6221 86.4095
1469 -91.715 -271 -22 -130.515 -52.9146 86.323
1479 -91.815 -295 -21 -130.302 -53.3284 86.2367
1489 -92.363 -288 -27 -130.059 -54.6672 86.1505
1499 -92.678 -327 -23 -132.593 -52.763 86.0643
1509 -93.182 -250 -18 -131.366 -54.9983 85.9783
1519 -91.526 -235 -26 -128.794 -54.2575 85.8923
1529 -89.76 -300 -21 -126.728 -52.7922 85.8064
1539 -89.798 -296 -20 -128.643 -50.9535 85.7206
1549 -90.439 -275 -26 -126.969 -53.9086 85.6349
1559 -91.08 -310 -18 -129.374 -52.7861 85.5492
1569 -88.585 -254 -25 -123.621 -53.5485 85.4637
1579 -92.003 -321 -17 -131.732 -52.2742 85.3782
1589 -91.965 -249 -18 -129.032 -54.8979 85.2929
1599 -91.674 -394 -24 -131.244 -52.1037 85.2076
1609 -90.463 -266 -30 -127.776 -53.1504 85.1223
1619 -92.49 -252 -22 -131.144 -53.8358 85.0372
1629 -89.701 -277 -15 -126.327 -53.0749 84.9522
1639 -88.918 -254 -24 -126.482 -51.3537 84.8672
1649 -89.958 -290 -33 -128.488 -51.4284 84.7824
1659 -88.284 -265 -20 -124.496 -52.0716 84.6976
1669 -88.764 -232 -20 -125.079 -52.4492 84.6129
1679 -86.475 -327 -15 -122.776 -50.1736 84.5283
1689 -90.683 -298 -29 -129.046 -52.3203 84.4437
1699 -88.908 -266 -19 -126.486 -51.3296 84.3593
1709 -91.254 -292 -18 -131.415 -51.0926 84.2749
1719 -89.429 -253 -23 -125.385 -53.4729 84.1907
1729 -89.662 -254 -17 -127.551 -51.7734 84.1065
1739 -90.116 -290 -20 -128.593 -51.6386 84.0224
1749 -88.078 -244 -23 -123.637 -52.5194 83.9384
1759 -85.618 -255 -15 -119.536 -51.7 83.8544
1769 -88.481 -254 -20 -124.554 -52.4084 83.7706
1779 -88.431 -313 -17 -126.342 -50.5203 83.6868
1789 -87.58 -282 -22 -122.764 -52.3956 83.6031
1799 -85.735 -297 -17 -121.45 -50.0198 83.5195
1809 -88.348 -277 -20 -125.46 -51.2362 83.436
1819 -89.222 -290 -23 -126.941 -51.5028 83.3525
1829 -89.225 -244 -20 -127.499 -50.9508 83.2692
1839 -86.713 -257 -16 -123.463 -49.9625 83.1859
1849 -88.085 -337 -26 -123.671 -52.4986 83.1027
1859 -87.017 -301 -16 -121.718 -52.3163 83.0196
1869 -86.51 -313 -23 -121.058 -51.9623 82.9366
1879 -88.512 -266 -15 -125.364 -51.6603 82.8537
1889 -86.679 -260 -15 -123.336 -50.0215 82.7708
1899 -85.006 -293 -28 -118.753 -51.2592 82.6881
1909 -86.215 -290 -28 -121.43 -51.0001 82.6054
1919 -86.699 -269 -28 -120.896 -52.5021 82.5228
1929 -85.969 -234 -17 -120.943 -50.995 82.4402
1939 -86.564 -311 -23 -120.95 -52.1782 82.3578
1949 -87.938 -345 -24 -124.425 -51.4505 82.2754
1959 -87.625 -271 -22 -122.731 -52.5189 82.1932
1969 -85.887 -260 -22 -120.917 -50.8569 82.111
1979 -85.279 -223 -21 -119.041 -51.5166 82.0289
1989 -85.244 -255 -18 -120.951 -49.5375 81.9468
1999 -85.08 -249 -21 -119.221 -50.9388 81.8649
2009 -83.051 -235 -23 -115.212 -50.8901 81.783
2019 -83.787 -261 -18 -117.242 -50.3319 81.7012
2029 -84.058 -220 -21 -116.594 -51.5222 81.6195
2039 -84.527 -323 -22 -117.68 -51.3743 81.5379
2049 -84.949 -274 -31 -119.152 -50.746 81.4564
2059 -84.502 -282 -18 -118.996 -50.0083 81.3749
2069 -84.361 -284 -27 -117.945 -50.7766 81.2935
2079 -84.026 -283 -21 -117.508 -50.5444 81.2123
2089 -85.229 -250 -17 -119.018 -51.4396 81.131
2099 -84.087 -234 -16 -117.147 -51.0268 81.0499
2109 -83.343 -295 -20 -115.802 -50.8838 80.9689
2119 -83.129 -233 -27 -115.92 -50.3378 80.8879
2129 -83.444 -233 -23 -115.325 -51.5632 80.807
2139 -83.982 -312 -18 -118.12 -49.8437 80.7262
2149 -83.464 -250 -23 -116.19 -50.7376 80.6455
2159 -83.73 -254 -21 -116.919 -50.541 80.5648
2169 -82.401 -265 -22 -115.857 -48.9447 80.4843
2179 -83.069 -240 -23 -116.727 -49.4112 80.4038
2189 -82.774 -219 -16 -114.969 -50.5792 80.3234
2199 -82.8 -215 -21 -115.471 -50.1289 80.243
2209 -84.21 -256 -20 -118.127 -50.2927 80.1628
2219 -82.234 -239 -25 -113.898 -50.5703 80.0826
2229 -83.987 -255 -24 -118.691 -49.2826 80.0026
2239 -82.641 -258 -25 -115.28 -50.002 79.9226
2249 -82.073 -216 -29 -112.747 -51.3991 79.8426
2259 -80.613 -239 -23 -112.794 -48.4321 79.7628
2269 -82.889 -251 -22 -116.149 -49.6287 79.683
2279 -82.905 -231 -27 -115.099 -50.7105 79.6033
2289 -82.017 -232 -29 -113.679 -50.355 79.5237
2299 -84.447 -289 -26 -119.105 -49.7887 79.4442
2309 -80.918 -288 -27 -112.223 -49.6135 79.3648
2319 -81.706 -289 -25 -114.786 -48.6265 79.2854
2329 -81.866 -239 -22 -113.196 -50.5359 79.2061
2339 -81.147 -235 -20 -113.293 -49.001 79.1269
2349 -81.596 -227 -26 -112.886 -50.3065 79.0478
2359 -81.803 -267 -19 -114.793 -48.8133 78.9687
2369 -80.699 -259 -27 -112.183 -49.2146 78.8898
2379 -81.016 -268 -24 -112.058 -49.9742 78.8109
2389 -80.848 -270 -24 -112.258 -49.4381 78.7321
2399 -79.256 -243 -26 -109.47 -49.0419 78.6533
2409 -78.519 -247 -22 -109.662 -47.3758 78.5747
2419 -79.917 -261 -29 -110.938 -48.8957 78.4961
2429 -80.534 -210 -20 -111.674 -49.3939 78.4176
2439 -80.562 -239 -20 -111.809 -49.3153 78.3392
2449 -80.216 -223 -25 -110.185 -50.2471 78.2609
2459 -80.03 -237 -22 -110.751 -49.3093 78.1826
2469 -80.541 -242 -19 -112.417 -48.6655 78.1044
2479 -80.008 -220 -24 -110.493 -49.5228 78.0263
2489 -79.496 -251 -19 -110.271 -48.7209 77.9483
2499 -79.109 -265 -16 -110.618 -47.6004 77.8703
2509 -79.208 -233 -26 -109.664 -48.752 77.7925
2519 -78.615 -217 -28 -108.741 -48.4889 77.7147
2529 -78.612 -226 -18 -109.072 -48.1522 77.637
2539 -80.367 -251 -14 -112.077 -48.6568 77.5593
2549 -79.155 -221 -28 -108.379 -49.9312 77.4818
2559 -79.237 -251 -20 -108.624 -49.8495 77.4043
2569 -79.088 -215 -21 -109.243 -48.933 77.3269
2579 -79.711 -251 -16 -109.492 -49.9296 77.2496
2589 -80.146 -223 -18 -111.068 -49.2239 77.1723
2599 -78.614 -237 -20 -110.19 -47.0378 77.0951
2609 -79.861 -243 -20 -111.767 -47.9551 77.018
2619 -78.808 -261 -18 -108.781 -48.835 76.941
2629 -77.071 -266 -16 -105.85 -48.2924 76.8641
2639 -79.023 -220 -31 -108.974 -49.0724 76.7872
2649 -77.156 -271 -29 -105.696 -48.6159 76.7104
2659 -77.714 -225 -24 -107.692 -47.7364 76.6337
2669 -78.236 -204 -34 -106.608 -49.8643 76.5571
2679 -78.347 -215 -21 -106.579 -50.1151 76.4805
2689 -77.906 -247 -25 -107.771 -48.0411 76.404
2699 -76.567 -228 -20 -105.162 -47.9722 76.3276
2709 -77.071 -220 -20 -105.138 -49.0043 76.2513
2719 -77.503 -263 -27 -105.39 -49.6158 76.1751
2729 -78.501 -217 -23 -106.801 -50.2015 76.0989
2739 -79.749 -240 -16 -110.526 -48.9721 76.0228
2749 -76.229 -224 -19 -104.412 -48.0464 75.9468
2759 -77.938 -199 -26 -106.669 -49.2072 75.8708
2769 -76.87 -214 -28 -105.888 -47.8518 75.7949
2779 -75.813 -223 -25 -104.279 -47.3474 75.7191
2789 -76.118 -219 -26 -104.345 -47.8908 75.6434
2799 -77.108 -224 -16 -105.334 -48.8817 75.5678
2809 -77.227 -258 -22 -105.83 -48.6235 75.4922
2819 -75.551 -217 -28 -103.548 -47.5537 75.4167
2829 -76.918 -211 -18 -104.804 -49.0321 75.3413
2839 -77.247 -206 -24 -106.09 -48.4044 75.266
2849 -75.454 -232 -23 -102.4 -48.5079 75.1907
2859 -77.071 -240 -21 -106.038 -48.1044 75.1155
2869 -78.067 -203 -28 -107.405 -48.7285 75.0404
2879 -75.82 -218 -26 -103.406 -48.2341 74.9654
2889 -75.097 -230 -16 -102.978 -47.2159 74.8904
2899 -76.113 -261 -27 -104.124 -48.1015 74.8155
2909 -74.039 -238 -30 -100.843 -47.2348 74.7407
2919 -77.424 -226 -30 -106.417 -48.4314 74.6659
2929 -77.185 -208 -19 -105.011 -49.3593 74.5913
2939 -76.156 -214 -24 -104.222 -48.0899 74.5167
2949 -74.055 -182 -18 -99.8331 -48.2769 74.4422
2959 -76.158 -242 -19 -105.299 -47.0171 74.3677
2969 -77.612 -245 -22 -107.46 -47.7635 74.2934
2979 -76.324 -281 -24 -103.961 -48.6872 74.2191
2989 -76.482 -228 -23 -104.64 -48.3242 74.1448
2999 -77.304 -222 -33 -105.625 -48.9828 74.0707
3009 -76.547 -198 -17 -105.14 -47.9542 73.9966
3019 -75.795 -214 -23 -104.115 -47.4747 73.9226
3029 -74.439 -217 -27 -100.361 -48.5168 73.8487
3039 -74.863 -194 -27 -101.751 -47.9746 73.7749
3049 -74.78 -207 -29 -101.912 -47.6482 73.7011
3059 -75.213 -191 -26 -99.8515 -50.5745 73.6274
3069 -74.417 -256 -21 -102.353 -46.4814 73.5538
3079 -75.057 -211 -29 -102.283 -47.8306 73.4802
3089 -75.267 -210 -15 -102.075 -48.4588 73.4067
3099 -75.872 -198 -18 -103.044 -48.7 73.3333
3109 -74.881 -203 -24 -101.192 -48.5696 73.26
3119 -75.108 -241 -22 -103.636 -46.5803 73.1867
3129 -75.69 -230 -31 -102.802 -48.578 73.1135
3139 -74.045 -242 -21 -100.74 -47.3502 73.0404
3149 -72.306 -219 -31 -97.8518 -46.7602 72.9674
3159 -73.557 -283 -25 -100.682 -46.4323 72.8944
3169 -75.204 -223 -20 -100.526 -49.8822 72.8215
3179 -74.296 -211 -23 -100.268 -48.3241 72.7487
3189 -75.058 -210 -22 -101.891 -48.2249 72.676
3199 -74.38 -216 -21 -100.279 -48.4811 72.6033
3209 -73.727 -187 -22 -99.9807 -47.4733 72.5307
3219 -74.246 -193 -18 -99.9631 -48.5289 72.4581
3229 -74.721 -208 -21 -100.842 -48.5999 72.3857
3239 -75.355 -248 -23 -102.901 -47.8093 72.3133
3249 -73.482 -296 -21 -99.6252 -47.3388 72.241
3259 -74.123 -245 -20 -101.329 -46.9174 72.1687
3269 -74.257 -210 -22 -100.4 -48.1137 72.0966
3279 -73.894 -197 -22 -99.2521 -48.5359 72.0245
3289 -72.327 -216 -19 -96.7483 -47.9057 71.9525
3299 -74.567 -192 -27 -100.268 -48.8657 71.8805
3309 -74.646 -203 -28 -101.611 -47.6811 71.8086
3319 -72.411 -201 -26 -97.5759 -47.2461 71.7368
3329 -72.643 -217 -29 -97.805 -47.481 71.6651
3339 -73.188 -257 -23 -98.8867 -47.4893 71.5934
3349 -73.506 -211 -20 -99.2304 -47.7816 71.5218
3359 -72.561 -234 -14 -98.207 -46.915 71.4503
3369 -73.082 -199 -26 -98.6518 -47.5122 71.3788
3379 -72.76 -190 -29 -96.4134 -49.1066 71.3075
3389 -73.375 -200 -33 -98.6792 -48.0708 71.2362
3399 -73.045 -200 -26 -99.4327 -46.6573 71.1649
3409 -73.223 -207 -21 -98.5336 -47.9124 71.0938
3419 -73.819 -205 -22 -100.031 -47.6067 71.0227
3429 -72.63 -194 -26 -97.4411 -47.8189 70.9516
3439 -71.991 -239 -26 -96.5371 -47.4449 70.8807
3449 -73.49 -223 -30 -99.021 -47.959 70.8098
3459 -73.157 -204 -15 -98.7011 -47.6129 70.739
3469 -74.664 -189 -28 -100.143 -49.1849 70.6683
3479 -73.136 -198 -23 -98.1554 -48.1166 70.5976
3489 -71.744 -183 -25 -95.6848 -47.8032 70.527
3499 -72.679 -179 -26 -97.4465 -47.9115 70.4565
3509 -72.551 -248 -31 -98.0931 -47.0089 70.386
3519 -72.541 -223 -21 -97.1657 -47.9163 70.3156
3529 -72.19 -197 -21 -96.8724 -47.5076 70.2453
3539 -72.23 -194 -18 -97.0624 -47.3976 70.1751
3549 -73.079 -207 -29 -98.5167 -47.6413 70.1049
3559 -73.649 -213 -16 -100.25 -47.0481 70.0348
3569 -72.31 -205 -22 -97.2538 -47.3662 69.9648
3579 -71.318 -189 -20 -96.6297 -46.0063 69.8948
3589 -71.316 -191 -23 -95.411 -47.221 69.8249
3599 -71.809 -182 -17 -97.4379 -46.1801 69.7551
3609 -71.079 -203 -19 -95.7683 -46.3897 69.6853
3619 -70.27 -178 -24 -93.9647 -46.5753 69.6156
3629 -72.363 -234 -24 -97.3979 -47.3281 69.546
3639 -70.692 -256 -16 -96.5192 -44.8648 69.4765
3649 -71.998 -206 -21 -97.3462 -46.6498 69.407
3659 -71.419 -211 -27 -96.1189 -46.7191 69.3376
3669 -71.93 -195 -26 -96.6353 -47.2247 69.2682
3679 -71.666 -183 -28 -94.85 -48.482 69.199
3689 -70.573 -197 -22 -94.6156 -46.5304 69.1298
3699 -72.059 -226 -23 -97.9921 -46.1259 69.0606
3709 -69.921 -183 -16 -93.3105 -46.5315 68.9916
3719 -69.764 -245 -18 -93.2369 -46.2911 68.9226
3729 -70.299 -187 -24 -93.5089 -47.0891 68.8537
3739 -72.628 -192 -29 -97.0709 -48.1851 68.7848
3749 -69.086 -218 -25 -93.0686 -45.1034 68.716
3759 -70.318 -227 -27 -93.3089 -47.3271 68.6473
3769 -70.324 -225 -28 -94.7982 -45.8498 68.5787
3779 -71.379 -211 -22 -94.9859 -47.7721 68.5101
3789 -72.479 -218 -28 -98.0342 -46.9238 68.4416
3799 -70.714 -184 -24 -95.5489 -45.8791 68.3731
3809 -69.508 -211 -28 -93.1476 -45.8684 68.3048
3819 -70.551 -205 -30 -94.2686 -46.8334 68.2365
3829 -72 -187 -25 -96.6285 -47.3715 68.1682
3839 -71.152 -240 -26 -96.9087 -45.3953 68.1001
3849 -71.548 -211 -25 -96.644 -46.452 68.032
3859 -71.608 -180 -25 -95.6075 -47.6085 67.9639
3869 -69.497 -183 -29 -92.6139 -46.3801 67.896
3879 -68.635 -282 -25 -92.2332 -45.0368 67.8281
3889 -69.437 -214 -29 -92.4667 -46.4073 67.7602
3899 -69.091 -215 -23 -93.5402 -44.6418 67.6925
3909 -69.608 -170 -19 -92.5206 -46.6954 67.6248
3919 -69.637 -198 -18 -93.8062 -45.4678 67.5572
3929 -68.27 -250 -33 -91.6713 -44.8687 67.4896
3939 -68.757 -195 -26 -91.7268 -45.7872 67.4221
3949 -70.2 -235 -30 -94.0189 -46.3811 67.3547
3959 -69.763 -168 -22 -92.5024 -47.0236 67.2873
3969 -69.17 -242 -16 -92.1285 -46.2115 67.22
3979 -70.882 -211 -22 -95.1003 -46.6637 67.1528
3989 -70.526 -221 -25 -94.7326 -46.3194 67.0857
3999 -71.939 -209 -22 -96.9315 -46.9465 67.0186
4009 -68.163 -196 -25 -91.1957 -45.1303 66.9516
4019 -69.865 -180 -31 -93.0064 -46.7236 66.8846
4029 -68.793 -194 -30 -91.6166 -45.9694 66.8177
4039 -69.4 -183 -27 -92.3795 -46.4205 66.7509
4049 -69.039 -183 -31 -91.5457 -46.5323 66.6842
4059 -69.656 -190 -28 -93.1666 -46.1454 66.6175
4069 -70.933 -175 -21 -94.2774 -47.5886 66.5509
4079 -68.524 -170 -26 -90.4474 -46.6006 66.4843
4089 -70.25 -218 -29 -93.2935 -47.2065 66.4178
4099 -68.218 -184 -30 -90.4314 -46.0046 66.3514
4109 -68.651 -190 -22 -89.7751 -47.5269 66.2851
4119 -68.632 -193 -20 -90.9307 -46.3333 66.2188
4129 -69.61 -201 -19 -92.765 -46.455 66.1526
4139 -68.729 -184 -28 -91.0155 -46.4425 66.0864
4149 -68.593 -158 -30 -91.1595 -46.0265 66.0203
4159 -66.905 -162 -28 -87.8928 -45.9172 65.9543
4169 -67.916 -193 -21 -90.7931 -45.0389 65.8883
4179 -68.998 -165 -27 -91.0896 -46.9064 65.8225
4189 -68.671 -172 -30 -90.8031 -46.5389 65.7566
4199 -68.046 -178 -14 -90.1645 -45.9275 65.6909
4209 -67.461 -211 -22 -89.3468 -45.5752 65.6252
4219 -68.084 -172 -23 -89.3303 -46.8377 65.5596
4229 -68.079 -185 -23 -89.3 -46.858 65.494
4239 -67.769 -286 -29 -90.9272 -44.6108 65.4285
4249 -67.868 -206 -32 -89.3726 -46.3634 65.3631
4259 -68.058 -168 -30 -88.9549 -47.1611 65.2977
4269 -67.701 -184 -31 -88.9859 -46.4161 65.2324
4279 -67.563 -197 -24 -89.4052 -45.7208 65.1672
4289 -67.477 -194 -25 -89.1972 -45.7568 65.102
4299 -69.207 -188 -30 -91.724 -46.69 65.0369
4309 -68.34 -191 -26 -90.4818 -46.1982 64.9719
4319 -66.964 -163 -24 -88.0239 -45.9041 64.9069
4329 -67.882 -154 -30 -89.0555 -46.7085 64.842
4339 -67.47 -236 -20 -90.5958 -44.3442 64.7772
4349 -68.222 -189 -15 -91.059 -45.385 64.7124
4359 -68.227 -185 -25 -89.5222 -46.9318 64.6477
4369 -67.038 -162 -26 -88.704 -45.372 64.583
4379 -67.205 -260 -32 -89.9897 -44.4203 64.5184
4389 -67.894 -183 -18 -89.5969 -46.1911 64.4539
4399 -67.81 -178 -21 -90.659 -44.961 64.3895
4409 -68.379 -199 -24 -91.1329 -45.6251 64.3251
4419 -69.321 -203 -29 -93.2579 -45.3841 64.2608
4429 -67.141 -195 -21 -89.4004 -44.8816 64.1965
4439 -67.946 -212 -28 -90.303 -45.589 64.1323
4449 -68.31 -173 -27 -90.7418 -45.8782 64.0682
4459 -67.545 -208 -32 -89.6259 -45.4641 64.0041
4469 -66.057 -187 -26 -87.2866 -44.8274 63.9401
4479 -66.243 -156 -23 -87.0427 -45.4433 63.8761
4489 -67.745 -245 -34 -91.3358 -44.1542 63.8123
4499 -65.714 -178 -20 -86.0852 -45.3428 63.7485
4509 -66.463 -198 -28 -88.3662 -44.5598 63.6847
4519 -66.487 -162 -23 -88.0542 -44.9198 63.621
4529 -65.473 -178 -25 -86.4419 -44.5041 63.5574
4539 -66.393 -163 -30 -86.7607 -46.0253 63.4938
4549 -66.865 -210 -30 -87.9416 -45.7884 63.4304
4559 -66.005 -200 -20 -86.9857 -45.0243 63.3669
4569 -66.852 -231 -31 -89.0075 -44.6965 63.3036
4579 -66.037 -197 -19 -88.3467 -43.7273 63.2403
4589 -66.663 -177 -17 -87.8585 -45.4675 63.177
4599 -65.585 -150 -23 -85.9686 -45.2014 63.1138
4609 -65.743 -156 -23 -86.2086 -45.2774 63.0507
4619 -66.616 -241 -23 -88.292 -44.94 62.9877
4629 -65.669 -196 -28 -86.5808 -44.7572 62.9247
4639 -65.834 -215 -31 -85.559 -46.109 62.8618
4649 -66.626 -179 -23 -87.388 -45.864 62.7989
4659 -65.596 -166 -16 -85.9473 -45.2447 62.7361
4669 -64.739 -183 -29 -84.9212 -44.5568 62.6734
4679 -65.715 -174 -30 -85.5402 -45.8898 62.6107
4689 -64.712 -139 -24 -83.3207 -46.1033 62.5481
4699 -64.404 -193 -30 -84.1028 -44.7052 62.4855
4709 -64.467 -197 -19 -84.2982 -44.6358 62.423
4719 -66.94 -179 -31 -87.6787 -46.2013 62.3606
4729 -65.075 -227 -31 -86.2012 -43.9488 62.2983
4739 -66.138 -173 -27 -86.5102 -45.7658 62.236
4749 -65.925 -182 -24 -87.1569 -44.6931 62.1737
4759 -65.594 -183 -25 -85.8542 -45.3338 62.1116
4769 -65.717 -196 -27 -86.0161 -45.4179 62.0494
4779 -64.827 -154 -28 -84.6477 -45.0063 61.9874
4789 -65.437 -195 -17 -86.784 -44.09 61.9254
4799 -64.729 -190 -28 -84.8965 -44.5615 61.8635
4809 -65.071 -277 -26 -85.2427 -44.8993 61.8016
4819 -65.045 -169 -24 -85.7514 -44.3386 61.7398
4829 -64.409 -180 -29 -83.869 -44.949 61.6781
4839 -65.181 -150 -19 -84.2591 -46.1029 61.6164
4849 -64.684 -152 -28 -85.1478 -44.2202 61.5548
4859 -64.889 -143 -17 -84.5553 -45.2227 61.4932
4869 -64.926 -184 -28 -83.7444 -46.1076 61.4317
4879 -65.33 -184 -23 -86.5188 -44.1412 61.3703
4889 -65.065 -180 -25 -85.5776 -44.5524 61.3089
4899 -63.987 -173 -26 -83.9275 -44.0465 61.2476
4909 -64.306 -204 -18 -84.5972 -44.0148 61.1864
4919 -63.657 -176 -24 -82.8848 -44.4292 61.1252
4929 -65.744 -178 -23 -86.5411 -44.9469 61.0641
4939 -64.428 -174 -24 -84.7492 -44.1068 61.003
4949 -65.422 -184 -27 -86.2099 -44.6341 60.942
4959 -63.528 -231 -29 -84.0661 -42.9899 60.8811
4969 -65.22 -190 -29 -85.6406 -44.7994 60.8202
4979 -64.021 -261 -23 -84.5843 -43.4577 60.7594
4989 -64.754 -167 -32 -85.2659 -44.2421 60.6986
4999 -64.448 -174 -23 -83.7595 -45.1365 60.6379
5009 -64.589 -176 -22 -83.6331 -45.5449 60.5773
5019 -64.565 -170 -27 -83.2217 -45.9083 60.5167
5029 -63.95 -215 -30 -83.7678 -44.1322 60.4562
5039 -63.961 -143 -18 -81.834 -46.088 60.3957
5049 -64.549 -185 -16 -84.1421 -44.9559 60.3353
5059 -65.1 -155 -30 -85.2415 -44.9585 60.275
5069 -63.809 -179 -33 -82.3304 -45.2876 60.2147
5079 -64.522 -153 -29 -83.4499 -45.5941 60.1545
5089 -63.834 -214 -23 -82.8565 -44.8115 60.0943
5099 -64.178 -168 -25 -82.4476 -45.9084 60.0342
5109 -62.289 -140 -15 -79.9495 -44.6285 59.9742
5119 -63.14 -149 -30 -81.975 -44.305 59.9142
5129 -63.543 -172 -27 -81.7989 -45.2871 59.8543
5139 -64.438 -182 -31 -83.4084 -45.4676 59.7945
5149 -64.571 -158 -19 -85.0115 -44.1305 59.7347
5159 -63.634 -170 -28 -82.4338 -44.8342 59.6749
5169 -63.886 -155 -27 -82.1027 -45.6693 59.6153
5179 -62.53 -173 -16 -80.7776 -44.2824 59.5556
5189 -63.986 -149 -21 -83.1634 -44.8086 59.4961
5199 -62.876 -152 -28 -80.7152 -45.0368 59.4366
5209 -63.454 -193 -32 -81.9416 -44.9664 59.3772
5219 -62.655 -169 -29 -80.5792 -44.7308 59.3178
5229 -63.355 -175 -30 -82.4694 -44.2406 59.2585
5239 -63.459 -187 -28 -82.3401 -44.5779 59.1992
5249 -63.756 -162 -22 -82.7801 -44.7319 59.14
5259 -64.509 -165 -25 -85.0278 -43.9902 59.0809
5269 -63.641 -154 -17 -82.4585 -44.8235 59.0218
5279 -62.394 -138 -30 -80.6507 -44.1373 58.9628
5289 -62.298 -153 -30 -80.2201 -44.3759 58.9038
5299 -62.326 -172 -27 -80.8516 -43.8004 58.8449
5309 -63.104 -225 -22 -82.2479 -43.9601 58.786
5319 -62.084 -155 -31 -79.8726 -44.2954 58.7273
5329 -62.514 -176 -19 -81.0007 -44.0273 58.6685
5339 -63.173 -169 -22 -81.1784 -45.1676 58.6099
5349 -63.34 -179 -30 -82.1393 -44.5407 58.5513
5359 -63.536 -165 -23 -81.8232 -45.2488 58.4927
5369 -62.933 -168 -30 -82.1142 -43.7518 58.4342
5379 -62.81 -239 -23 -81.8417 -43.7783 58.3758
5389 -62.942 -169 -26 -81.8871 -43.9969 58.3174
5399 -63.949 -202 -28 -84.0496 -43.8484 58.2591
5409 -63.528 -173 -31 -82.2908 -44.7652 58.2008
5419 -63.843 -172 -27 -82.4987 -45.1873 58.1426
5429 -61.739 -173 -27 -79.8831 -43.5949 58.0845
5439 -63.574 -164 -18 -83.8891 -43.2589 58.0264
5449 -63.007 -173 -24 -81.2061 -44.8079 57.9684
5459 -63.191 -174 -29 -81.7835 -44.5985 57.9104
5469 -62.157 -151 -20 -79.6397 -44.6743 57.8525
5479 -62.889 -163 -20 -81.397 -44.381 57.7946
5489 -62.399 -167 -25 -80.8158 -43.9822 57.7368
5499 -62.711 -162 -24 -80.3276 -45.0944 57.6791
5509 -62.479 -156 -16 -80.6252 -44.3328 57.6214
5519 -61.105 -157 -21 -77.7551 -44.4549 57.5638
5529 -61.507 -137 -23 -78.5383 -44.4757 57.5062
5539 -63.217 -177 -31 -81.8776 -44.5564 57.4487
5549 -61.796 -197 -22 -78.9 -44.692 57.3913
5559 -61.973 -161 -17 -80.2326 -43.7134 57.3339
5569 -61.265 -141 -25 -78.2661 -44.2639 57.2766
5579 -63.642 -151 -22 -82.2213 -45.0627 57.2193
5589 -63.06 -139 -26 -80.4904 -45.6296 57.1621
5599 -62.713 -150 -32 -81.2296 -44.1964 57.1049
5609 -62.798 -159 -21 -82.1315 -43.4645 57.0478
5619 -61.702 -137 -26 -78.7607 -44.6433 56.9908
5629 -61.299 -138 -22 -78.0311 -44.5669 56.9338
5639 -62.145 -167 -28 -80.5456 -43.7444 56.8768
5649 -62.048 -168 -29 -79.7383 -44.3577 56.82
5659 -62.149 -160 -19 -80.9976 -43.3004 56.7631
5669 -61.769 -187 -17 -79.4929 -44.0451 56.7064
5679 -61.728 -139 -26 -78.941 -44.515 56.6497
5689 -61.068 -154 -24 -77.9719 -44.1641 56.593
5699 -61.695 -165 -32 -80.1071 -43.2829 56.5364
5709 -61.452 -133 -27 -78.3701 -44.5339 56.4799
5719 -61.476 -177 -24 -79.2288 -43.7232 56.4234
5729 -62.304 -177 -22 -80.5109 -44.0971 56.367
5739 -61.739 -202 -30 -80.2114 -43.2666 56.3106
5749 -61.95 -151 -32 -79.2916 -44.6084 56.2543
5759 -61.608 -162 -18 -79.2387 -43.9773 56.198
5769 -61.554 -259 -29 -79.2719 -43.8361 56.1418
5779 -61.94 -185 -26 -80.1508 -43.7292 56.0857
5789 -62.146 -169 -32 -80.5516 -43.7404 56.0296
5799 -62.024 -195 -26 -79.9968 -44.0512 55.9736
5809 -60.308 -177 -32 -76.2917 -44.3243 55.9176
5819 -60.679 -183 -21 -77.5697 -43.7883 55.8617
5829 -61.578 -146 -28 -78.7977 -44.3583 55.8058
5839 -61.891 -154 -29 -79.0071 -44.7749 55.75
5849 -61.275 -154 -24 -78.8296 -43.7204 55.6943
5859 -60.437 -159 -32 -76.9836 -43.8904 55.6386
5869 -60.298 -148 -29 -76.9232 -43.6728 55.5829
5879 -61.257 -158 -29 -79.6783 -42.8357 55.5274
5889 -61.388 -168 -28 -78.8168 -43.9592 55.4718
5899 -61.323 -164 -19 -78.3935 -44.2525 55.4164
5909 -59.698 -127 -26 -75.5812 -43.8148 55.361
5919 -60.778 -189 -31 -77.9073 -43.6487 55.3056
5929 -61.847 -181 -15 -79.8153 -43.8787 55.2503
5939 -61.545 -159 -21 -79.5363 -43.5537 55.195
5949 -61.77 -143 -19 -78.6093 -44.9307 55.1398
5959 -61.167 -163 -29 -78.6068 -43.7272 55.0847
5969 -60.361 -150 -31 -77.3026 -43.4194 55.0296
5979 -61.534 -156 -20 -78.4784 -44.5896 54.9746
5989 -60.449 -146 -27 -77.3045 -43.5935 54.9196
5999 -59.817 -143 -22 -76.2145 -43.4195 54.8647
6009 -60.521 -159 -28 -77.1604 -43.8816 54.8098
6019 -60.475 -218 -31 -77.1482 -43.8018 54.755
6029 -60.021 -148 -30 -75.2942 -44.7478 54.7003
6039 -60.076 -142 -27 -75.9127 -44.2393 54.6456
6049 -61.008 -158 -31 -77.8699 -44.1461 54.5909
6059 -60.735 -196 -33 -77.5881 -43.8819 54.5363
6069 -60.352 -237 -32 -77.4369 -43.2671 54.4818
6079 -60.397 -133 -31 -76.2623 -44.5317 54.4273
6089 -60.85 -146 -26 -77.3076 -44.3924 54.3729
6099 -61.343 -147 -30 -79.1697 -43.5163 54.3185
6109 -61.786 -171 -24 -78.7401 -44.8319 54.2642
6119 -60.798 -154 -20 -77.3641 -44.2319 54.2099
6129 -60.683 -130 -19 -76.5413 -44.8247 54.1557
6139 -60.648 -138 -23 -76.7706 -44.5254 54.1016
6149 -61.127 -190 -28 -78.0429 -44.2111 54.0475
6159 -60.145 -212 -31 -76.4317 -43.8583 53.9934
6169 -60.368 -159 -27 -75.8442 -44.8918 53.9394
6179 -59.374 -128 -25 -75.3726 -43.3754 53.8855
6189 -60.176 -164 -23 -76.9014 -43.4506 53.8316
6199 -60.286 -130 -32 -77.0476 -43.5244 53.7778
6209 -60.142 -132 -24 -75.9311 -44.3529 53.724
6219 -59.644 -187 -29 -76.0011 -43.2869 53.6703
6229 -60.254 -139 -26 -76.8213 -43.6867 53.6166
6239 -60.435 -220 -29 -77.1934 -43.6766 53.563
6249 -60.16 -160 -27 -75.818 -44.502 53.5094
6259 -59.627 -183 -31 -75.9901 -43.2639 53.4559
6269 -60.863 -158 -19 -77.7351 -43.9909 53.4024
6279 -60.191 -279 -28 -78.2889 -42.0931 53.349
6289 -60.29 -139 -30 -76.3395 -44.2405 53.2957
6299 -59.783 -128 -19 -75.3232 -44.2428 53.2424
6309 -60.116 -133 -27 -76.4269 -43.8051 53.1892
6319 -60.843 -184 -22 -77.3819 -44.3041 53.136
6329 -60.058 -154 -27 -76.0636 -44.0524 53.0828
6339 -59.944 -149 -25 -76.8455 -43.0425 53.0297
6349 -59.791 -135 -32 -75.7521 -43.8299 52.9767
6359 -58.552 -141 -23 -73.8136 -43.2904 52.9237
6369 -60.316 -170 -20 -76.6325 -43.9995 52.8708
6379 -59.153 -155 -28 -75.4997 -42.8063 52.8179
6389 -59.65 -148 -30 -75.9707 -43.3293 52.7651
6399 -59.77 -196 -30 -76.1221 -43.4179 52.7124
6409 -60.192 -184 -32 -75.6934 -44.6906 52.6596
6419 -59.77 -140 -32 -75.5175 -44.0225 52.607
6429 -59.407 -130 -25 -74.782 -44.032 52.5544
6439 -59.104 -130 -30 -74.6057 -43.6023 52.5018
6449 -59.842 -218 -20 -76.8574 -42.8266 52.4493
6459 -60.075 -158 -26 -77.1324 -43.0176 52.3969
6469 -58.874 -136 -29 -74.6363 -43.1117 52.3445
6479 -59.106 -163 -32 -74.4427 -43.7693 52.2921
6489 -59.314 -140 -20 -75.8797 -42.7483 52.2398
6499 -58.292 -153 -27 -73.5375 -43.0465 52.1876
6509 -59.769 -161 -31 -75.8446 -43.6934 52.1354
6519 -60.066 -161 -26 -76.7294 -43.4026 52.0833
6529 -59.912 -136 -32 -76.4292 -43.3948 52.0312
6539 -59.139 -158 -32 -75.0184 -43.2596 51.9792
6549 -58.76 -128 -29 -74.1868 -43.3332 51.9272
6559 -59.185 -143 -29 -74.7539 -43.6161 51.8753
6569 -59.881 -181 -30 -76.611 -43.151 51.8234
6579 -58.719 -135 -29 -74.4034 -43.0346 51.7716
6589 -58.984 -217 -30 -75.7808 -42.1872 51.7198
6599 -59.389 -159 -29 -75.4833 -43.2947 51.6681
6609 -58.801 -154 -22 -74.0126 -43.5894 51.6164
6619 -59.461 -148 -25 -75.1706 -43.7514 51.5648
6629 -59.506 -135 -29 -75.332 -43.68 51.5132
6639 -59.57 -134 -32 -75.1851 -43.9549 51.4617
6649 -59.763 -159 -30 -76.5273 -42.9987 51.4102
6659 -58.996 -151 -18 -75.0592 -42.9328 51.3588
6669 -58.984 -129 -19 -74.5437 -43.4243 51.3075
6679 -59.49 -182 -23 -75.9622 -43.0178 51.2562
6689 -60.215 -130 -31 -75.8733 -44.5567 51.2049
6699 -59.007 -151 -27 -74.2765 -43.7375 51.1537
6709 -59.003 -137 -29 -74.4124 -43.5936 51.1026
6719 -60.345 -152 -24 -76.7188 -43.9712 51.0515
6729 -60.015 -153 -32 -76.5761 -43.4539 51.0004
6739 -58.568 -139 -30 -74.1541 -42.9819 50.9494
6749 -58.6 -163 -30 -74.2232 -42.9768 50.8984
6759 -58.585 -215 -24 -74.2901 -42.8799 50.8476
6769 -58.594 -136 -24 -74.3564 -42.8316 50.7967
6779 -58.405 -168 -32 -74.5443 -42.2657 50.7459
6789 -59.249 -166 -22 -74.8219 -43.6761 50.6952
6799 -59.031 -160 -32 -74.4794 -43.5826 50.6445
6809 -58.378 -130 -29 -72.996 -43.76 50.5938
6819 -58.382 -122 -31 -73.0698 -43.6942 50.5432
6829 -58.5 -155 -28 -73.7197 -43.2803 50.4927
6839 -58.723 -138 -32 -73.646 -43.8 50.4422
6849 -58.963 -189 -28 -74.2459 -43.6801 50.3917
6859 -57.951 -183 -25 -73.5774 -42.3246 50.3414
6869 -57.762 -117 -33 -72.1244 -43.3996 50.291
6879 -59.166 -167 -20 -74.6717 -43.6603 50.2407
6889 -58.368 -138 -25 -73.3934 -43.3426 50.1905
6899 -59.617 -152 -32 -75.4754 -43.7586 50.1403
6909 -58.621 -148 -16 -73.3763 -43.8657 50.0902
6919 -58.06 -168 -19 -73.2215 -42.8985 50.0401
6929 -56.758 -139 -32 -70.9033 -42.6127 49.99
6939 -57.466 -138 -26 -72.6242 -42.3078 49.94
6949 -57.435 -123 -22 -71.9465 -42.9235 49.8901
6959 -58.607 -151 -25 -74.1429 -43.0711 49.8402
6969 -58.649 -177 -32 -74.1896 -43.1084 49.7904
6979 -58.701 -218 -24 -74.3043 -43.0977 49.7406
6989 -59.008 -224 -30 -76.1086 -41.9074 49.6908
6999 -58.046 -125 -30 -72.4459 -43.6461 49.6411
7009 -58.994 -133 -30 -74.9025 -43.0855 49.5915
7019 -58.041 -130 -27 -73.2584 -42.8236 49.5419
7029 -58.357 -134 -32 -73.1855 -43.5285 49.4924
7039 -57.018 -199 -28 -71.7679 -42.2681 49.4429
7049 -57.095 -148 -27 -71.211 -42.979 49.3934
7059 -58.015 -128 -28 -72.7017 -43.3283 49.344
7069 -57.673 -131 -32 -72.3569 -42.9891 49.2947
7079 -57.893 -127 -26 -72.2241 -43.5619 49.2454
7089 -58.809 -163 -22 -74.8069 -42.8111 49.1962
7099 -58.806 -137 -32 -73.6046 -44.0074 49.147
7109 -58.679 -125 -30 -73.695 -43.663 49.0978
7119 -57.854 -124 -32 -72.3842 -43.3238 49.0487
7129 -57.964 -258 -27 -74.3432 -41.5848 48.9997
7139 -58.391 -167 -22 -74.6183 -42.1637 48.9507
7149 -56.712 -124 -27 -70.3486 -43.0754 48.9017
7159 -58.252 -130 -22 -73.0028 -43.5012 48.8528
7169 -57.597 -153 -25 -72.6232 -42.5708 48.804
7179 -57.614 -224 -32 -72.1123 -43.1157 48.7552
7189 -56.97 -123 -32 -70.7783 -43.1617 48.7064
7199 -59.01 -194 -25 -74.5452 -43.4748 48.6577
7209 -58.106 -147 -29 -73.1378 -43.0742 48.609
7219 -57.587 -188 -29 -71.4554 -43.7186 48.5604
7229 -57.032 -134 -31 -71.4639 -42.6001 48.5119
7239 -57.732 -170 -32 -72.8882 -42.5758 48.4634
7249 -57.303 -123 -25 -71.0791 -43.5269 48.4149
7259 -58.015 -153 -29 -72.9588 -43.0712 48.3665
7269 -57.423 -141 -24 -72.3322 -42.5138 48.3181
7279 -58.418 -151 -23 -73.5551 -43.2809 48.2698
7289 -57.182 -130 -32 -70.7655 -43.5985 48.2215
7299 -58.161 -146 -29 -72.7703 -43.5517 48.1733
7309 -57.543 -170 -29 -73.0779 -42.0081 48.1251
7319 -56.943 -124 -32 -70.0998 -43.7862 48.077
7329 -58.086 -148 -30 -73.1669 -43.0051 48.0289
7339 -57.772 -179 -25 -73.0913 -42.4527 47.9809
7349 -57.05 -131 -32 -71.461 -42.639 47.9329
7359 -57.431 -120 -27 -71.4639 -43.3981 47.885
7369 -57.096 -132 -29 -71.1162 -43.0758 47.8371
7379 -58.329 -187 -29 -73.5404 -43.1176 47.7893
7389 -56.806 -179 -31 -70.8393 -42.7727 47.7415
7399 -57.057 -127 -32 -70.8421 -43.2719 47.6937
7409 -57.416 -176 -32 -72.7443 -42.0877 47.646
7419 -56.961 -141 -23 -70.7999 -43.1221 47.5984
7429 -56.25 -126 -29 -69.6689 -42.8311 47.5508
7439 -57.416 -152 -29 -72.2694 -42.5626 47.5032
7449 -58.154 -139 -18 -72.5353 -43.7727 47.4557
7459 -56.868 -129 -25 -70.4754 -43.2606 47.4083
7469 -56.652 -114 -31 -70.2082 -43.0958 47.3609
7479 -56.354 -138 -28 -70.2066 -42.5014 47.3135
7489 -56.69 -148 -32 -70.575 -42.805 47.2662
7499 -57.445 -160 -32 -71.6808 -43.2092 47.2189
7509 -57.758 -116 -29 -71.3529 -44.1631 47.1717
7519 -56.845 -139 -29 -71.0333 -42.6567 47.1245
7529 -56.078 -129 -28 -68.9428 -43.2132 47.0774
7539 -57.331 -135 -14 -71.4773 -43.1847 47.0303
7549 -57.334 -130 -30 -71.6744 -42.9936 46.9833
7559 -56.396 -151 -32 -69.8366 -42.9554 46.9363
7569 -57.042 -141 -26 -70.7059 -43.3781 46.8894
7579 -56.073 -142 -31 -69.8258 -42.3202 46.8425
7589 -56.741 -119 -20 -70.6298 -42.8522 46.7957
7599 -57.432 -139 -29 -71.8899 -42.9741 46.7489
7609 -56.569 -137 -30 -70.084 -43.054 46.7021
7619 -57.048 -162 -24 -71.5278 -42.5682 46.6554
7629 -56.136 -126 -24 -69.8093 -42.4627 46.6088
7639 -56.744 -161 -32 -70.6639 -42.8241 46.5621
7649 -56.173 -114 -32 -69.6916 -42.6544 46.5156
7659 -56.567 -157 -20 -70.08 -43.054 46.4691
7669 -56.422 -115 -27 -69.8081 -43.0359 46.4226
7679 -56.525 -154 -28 -70.0415 -43.0085 46.3762
7689 -57.027 -124 -31 -70.9382 -43.1158 46.3298
7699 -56.137 -117 -30 -69.7922 -42.4818 46.2835
7709 -57.135 -124 -29 -71.2852 -42.9848 46.2372
7719 -56.137 -120 -14 -69.9138 -42.3602 46.191
7729 -56.448 -309 -30 -72.706 -40.19 46.1448
7739 -56.145 -144 -23 -69.966 -42.324 46.0986
7749 -56.965 -141 -28 -70.9444 -42.9856 46.0525
7759 -57.667 -145 -27 -71.5555 -43.7785 46.0065
7769 -56.957 -158 -30 -70.9474 -42.9666 45.9605
7779 -56.304 -116 -29 -69.3641 -43.2439 45.9145
7789 -56.071 -148 -27 -69.7161 -42.4259 45.8686
7799 -55.854 -125 -31 -69.0967 -42.6113 45.8227
7809 -56.303 -126 -28 -69.7069 -42.8991 45.7769
7819 -56.328 -113 -23 -69.4789 -43.1771 45.7311
7829 -56.351 -159 -31 -70.4106 -42.2914 45.6854
7839 -56.392 -127 -29 -69.5326 -43.2514 45.6397
7849 -55.261 -128 -26 -68.1212 -42.4008 45.5941
7859 -57.002 -127 -32 -70.8529 -43.1511 45.5485
7869 -57.12 -123 -29 -70.6096 -43.6304 45.5029
7879 -56.546 -178 -32 -70.5832 -42.5088 45.4574
7889 -56.151 -139 -29 -69.4698 -42.8322 45.412
7899 -56.051 -125 -32 -68.8807 -43.2213 45.3665
7909 -55.69 -120 -23 -68.46 -42.92 45.3212
7919 -55.845 -111 -30 -69.3423 -42.3477 45.2759
7929 -55.797 -134 -32 -69.2272 -42.3668 45.2306
7939 -55.749 -140 -18 -68.9322 -42.5658 45.1854
7949 -56.773 -118 -23 -70.7412 -42.8048 45.1402
7959 -55.768 -154 -28 -68.8989 -42.6371 45.095
7969 -56.176 -112 -28 -69.5044 -42.8476 45.0499
7979 -57.181 -204 -32 -73.3346 -41.0274 45.0049
7989 -56.335 -128 -18 -70.1072 -42.5628 44.9599
7999 -55.43 -114 -28 -68.2839 -42.5761 44.9149
8009 -56.306 -129 -30 -69.767 -42.845 44.87
8019 -55.739 -128 -32 -68.505 -42.973 44.8251
8029 -55.368 -119 -31 -68.1601 -42.5759 44.7803
8039 -56.214 -132 -28 -69.7955 -42.6325 44.7355
8049 -55.638 -110 -31 -68.6652 -42.6108 44.6908
8059 -56.092 -133 -32 -69.182 -43.002 44.6461
8069 -56.114 -143 -19 -69.5749 -42.6531 44.6015
8079 -55.577 -117 -32 -68.3103 -42.8437 44.5569
8089 -56.209 -131 -31 -69.6585 -42.7595 44.5123
8099 -56.017 -149 -29 -69.3382 -42.6958 44.4678
8109 -56.304 -144 -32 -69.6829 -42.9251 44.4233
8119 -55.724 -139 -29 -68.4451 -43.0029 44.3789
8129 -55.79 -121 -29 -68.93 -42.65 44.3345
8139 -55.445 -138 -29 -68.4604 -42.4296 44.2902
8149 -55.834 -124 -28 -69.2437 -42.4243 44.2459
8159 -56.162 -159 -24 -69.1807 -43.1433 44.2016
8169 -55.457 -128 -32 -68.3365 -42.5775 44.1574
8179 -56.319 -110 -32 -69.3697 -43.2683 44.1133
8189 -55.141 -128 -32 -67.6858 -42.5962 44.0692
8199 -55.896 -146 -32 -69.2515 -42.5405 44.0251
8209 -55.705 -131 -26 -68.844 -42.566 43.9811
8219 -55.809 -163 -30 -69.3192 -42.2988 43.9371
8229 -55.553 -104 -32 -67.7068 -43.3992 43.8932
8239 -55.354 -156 -28 -68.6536 -42.0544 43.8493
8249 -55.947 -179 -32 -70.1747 -41.7193 43.8054
8259 -55.44 -122 -26 -68.5051 -42.3749 43.7616
8269 -55.588 -116 -28 -68.1489 -43.0271 43.7178
8279 -56.265 -111 -28 -69.3219 -43.2081 43.6741
8289 -55.992 -182 -25 -69.8875 -42.0965 43.6305
8299 -55.567 -134 -26 -67.8162 -43.3178 43.5868
8309 -55.67 -127 -21 -68.7358 -42.6042 43.5432
8319 -55.41 -122 -21 -68.264 -42.556 43.4997
8329 -55.08 -103 -30 -66.9691 -43.1909 43.4562
8339 -55.068 -117 -27 -67.1998 -42.9362 43.4127
8349 -54.938 -154 -28 -67.848 -42.028 43.3693
8359 -55.497 -134 -30 -68.3673 -42.6267 43.326
8369 -55.401 -122 -29 -68.3409 -42.4611 43.2826
8379 -55.973 -119 -32 -69.1666 -42.7794 43.2393
8389 -55.023 -131 -29 -67.8442 -42.2018 43.1961
8399 -55.347 -106 -30 -68.117 -42.577 43.1529
8409 -55.456 -126 -16 -68.847 -42.065 43.1098
8419 -55.355 -128 -30 -67.845 -42.865 43.0666
8429 -56.096 -135 -18 -69.3743 -42.8177 43.0236
8439 -55.627 -139 -30 -68.4983 -42.7557 42.9806
8449 -55.998 -104 -28 -68.7202 -43.2758 42.9376
8459 -55.007 -150 -32 -67.8581 -42.1559 42.8946
8469 -55.18 -111 -29 -67.4358 -42.9242 42.8517
8479 -54.714 -122 -29 -67.2457 -42.1823 42.8089
8489 -55.69 -174 -32 -69.1548 -42.2252 42.7661
8499 -54.794 -116 -29 -67.701 -41.887 42.7233
8509 -55.418 -111 -26 -68.0078 -42.8282 42.6806
8519 -55.132 -117 -32 -68.001 -42.263 42.6379
8529 -54.73 -153 -29 -67.9606 -41.4994 42.5953
8539 -54.686 -128 -24 -67.2231 -42.1489 42.5527
8549 -54.204 -108 -29 -66.09 -42.318 42.5101
8559 -55.277 -181 -32 -68.7435 -41.8105 42.4676
8569 -55.592 -127 -32 -68.5795 -42.6045 42.4252
8579 -54.867 -119 -30 -67.3246 -42.4094 42.3827
8589 -55.108 -178 -16 -67.9231 -42.2929 42.3403
8599 -55.58 -146 -20 -68.7938 -42.3662 42.298
8609 -55.016 -129 -30 -67.5568 -42.4752 42.2557
8619 -55.678 -160 -29 -68.9492 -42.4068 42.2135
8629 -54.972 -129 -28 -67.8422 -42.1018 42.1712
8639 -54.385 -114 -17 -66.6465 -42.1235 42.1291
8649 -55.603 -209 -30 -69.1174 -42.0886 42.0869
8659 -54.64 -120 -25 -66.7951 -42.4849 42.0448
8669 -55.357 -115 -26 -68.0235 -42.6905 42.0028
8679 -54.495 -108 -26 -66.5609 -42.4291 41.9608
8689 -55.205 -119 -26 -67.1254 -43.2846 41.9188
8699 -55.474 -115 -32 -67.928 -43.02 41.8769
8709 -54.895 -126 -24 -67.7961 -41.9939 41.835
8719 -54.282 -112 -25 -66.0121 -42.5519 41.7932
8729 -54.365 -112 -28 -66.529 -42.201 41.7514
8739 -54.592 -138 -30 -67.2308 -41.9532 41.7097
8749 -54.862 -139 -18 -67.9011 -41.8229 41.668
8759 -55.124 -118 -26 -68.2495 -41.9985 41.6263
8769 -55.622 -224 -25 -69.3512 -41.8928 41.5847
8779 -55.158 -167 -32 -68.1699 -42.1461 41.5431
8789 -54.191 -104 -32 -65.8509 -42.5311 41.5015
8799 -55.232 -117 -29 -68.3733 -42.0907 41.46
8809 -54.609 -135 -32 -67.0592 -42.1588 41.4186
8819 -54.674 -117 -29 -67.1343 -42.2137 41.3772
8829 -55.031 -128 -30 -67.8344 -42.2276 41.3358
8839 -53.967 -133 -30 -66.1301 -41.8039 41.2944
8849 -54.723 -102 -30 -66.7496 -42.6964 41.2531
8859 -54.851 -137 -31 -67.5433 -42.1587 41.2119
8869 -55.023 -134 -19 -67.4954 -42.5506 41.1707
8879 -54.593 -115 -30 -67.0471 -42.1389 41.1295
8889 -55.15 -182 -32 -68.0532 -42.2468 41.0884
8899 -55.155 -133 -27 -67.752 -42.558 41.0473
8909 -55.053 -101 -29 -67.147 -42.959 41.0062
8919 -54.604 -149 -25 -67.2509 -41.9571 40.9652
8929 -54.267 -103 -25 -65.9706 -42.5634 40.9243
8939 -54.587 -116 -32 -66.8235 -42.3505 40.8833
8949 -54.41 -143 -28 -66.8486 -41.9714 40.8425
8959 -54.352 -124 -27 -66.4738 -42.2302 40.8016
8969 -54.336 -103 -32 -66.4062 -42.2658 40.7608
8979 -54.419 -138 -29 -66.5675 -42.2705 40.7201
8989 -54.391 -123 -32 -66.545 -42.237 40.6793
8999 -54.218 -117 -30 -66.5659 -41.8701 40.6387
9009 -54.139 -141 -23 -66.8739 -41.4041 40.598
9019 -55.042 -137 -30 -67.6891 -42.3949 40.5574
9029 -53.87 -134 -32 -65.8255 -41.9145 40.5169
9039 -54.925 -136 -29 -67.9119 -41.9381 40.4764
9049 -55.107 -163 -32 -67.7204 -42.4936 40.4359
9059 -54.241 -135 -28 -66.9567 -41.5253 40.3954
9069 -54.357 -118 -31 -66.1447 -42.5693 40.355
9079 -54.337 -130 -29 -66.7288 -41.9452 40.3147
9089 -53.952 -119 -32 -65.6327 -42.2713 40.2744
9099 -53.546 -130 -32 -65.309 -41.783 40.2341
9109 -55.288 -166 -31 -68.6188 -41.9572 40.1939
9119 -53.578 -110 -27 -65.1654 -41.9906 40.1537
9129 -54.903 -154 -30 -67.8261 -41.9799 40.1135
9139 -54.487 -144 -32 -67.006 -41.968 40.0734
9149 -54.761 -140 -29 -68.1165 -41.4055 40.0333
9159 -54.55 -127 -32 -66.4948 -42.6052 39.9933
9169 -54.053 -120 -29 -66.0517 -42.0543 39.9533
9179 -53.943 -117 -32 -65.9878 -41.8982 39.9134
9189 -53.799 -112 -25 -65.2359 -42.3621 39.8734
9199 -54.074 -117 -20 -66.1796 -41.9684 39.8336
9209 -54.099 -109 -32 -66.2202 -41.9778 39.7937
9219 -53.4 -116 -26 -64.8658 -41.9342 39.7539
9229 -54.156 -111 -21 -66.336 -41.976 39.7142
9239 -54.183 -135 -23 -66.811 -41.555 39.6745
9249 -54.154 -129 -29 -66.1273 -42.1807 39.6348
9259 -53.342 -115 -29 -64.824 -41.86 39.5952
9269 -54.609 -128 -32 -66.9919 -42.2261 39.5556
9279 -54.154 -140 -32 -66.8381 -41.4699 39.516
9289 -53.206 -106 -28 -64.2175 -42.1945 39.4765
9299 -54.438 -105 -29 -66.1034 -42.7726 39.437
9309 -54.041 -111 -32 -65.9335 -42.1485 39.3976
9319 -54.131 -161 -29 -66.4941 -41.7679 39.3582
9329 -54.408 -147 -32 -66.505 -42.311 39.3188
9339 -54.238 -128 -32 -66.1164 -42.3596 39.2795
9349 -53.886 -107 -29 -66.0057 -41.7663 39.2402
9359 -53.76 -117 -32 -65.3344 -42.1856 39.201
9369 -53.397 -143 -32 -64.9598 -41.8342 39.1618
9379 -53.683 -108 -29 -64.993 -42.373 39.1226
9389 -53.567 -213 -22 -66.1953 -40.9387 39.0835
9399 -53.868 -109 -30 -65.5892 -42.1468 39.0444
9409 -54.048 -170 -29 -65.9527 -42.1433 39.0054
9419 -53.714 -107 -32 -65.1584 -42.2696 38.9664
9429 -53.727 -104 -29 -65.3109 -42.1431 38.9274
9439 -53.672 -136 -32 -65.7874 -41.5566 38.8885
9449 -53.375 -118 -21 -64.8238 -41.9262 38.8496
9459 -53.949 -111 -27 -65.5179 -42.3801 38.8107
9469 -53.656 -117 -28 -65.1051 -42.2069 38.7719
9479 -53.925 -120 -32 -65.6705 -42.1795 38.7332
9489 -53.941 -104 -32 -65.6854 -42.1966 38.6944
9499 -53.589 -109 -32 -64.8758 -42.3022 38.6557
9509 -53.43 -100 -32 -64.8467 -42.0133 38.6171
9519 -54.176 -128 -29 -65.8934 -42.4586 38.5785
9529 -53.155 -129 -29 -64.7507 -41.5593 38.5399
9539 -53.746 -156 -30 -65.7173 -41.7747 38.5013
9549 -53.204 -123 -19 -65.0158 -41.3922 38.4628
9559 -53.713 -188 -32 -66.2311 -41.1949 38.4244
9569 -53.875 -132 -29 -65.9104 -41.8396 38.3859
9579 -53.899 -108 -30 -65.7349 -42.0631 38.3476
9589 -53.282 -125 -32 -64.5513 -42.0127 38.3092
9599 -53.683 -114 -17 -65.6304 -41.7356 38.2709
9609 -53.728 -200 -15 -66.6713 -40.7847 38.2326
9619 -53.298 -105 -29 -64.0963 -42.4997 38.1944
9629 -53.317 -142 -32 -64.6344 -41.9996 38.1562
9639 -54.076 -94 -30 -65.2466 -42.9054 38.118
9649 -53.633 -120 -29 -65.5382 -41.7278 38.0799
9659 -54.716 -241 -32 -68.233 -41.199 38.0418
9669 -53.239 -108 -30 -64.3643 -42.1137 38.0038
9679 -53.102 -95 -25 -63.8724 -42.3316 37.9658
9689 -53.309 -110 -28 -65.0765 -41.5415 37.9278
9699 -53.38 -105 -28 -64.9052 -41.8548 37.8899
9709 -53.435 -109 -29 -64.6774 -42.1926 37.852
9719 -53.63 -167 -32 -66.0368 -41.2232 37.8142
9729 -52.726 -130 -32 -64.1437 -41.3083 37.7764
9739 -52.789 -179 -29 -63.9862 -41.5918 37.7386
9749 -52.658 -100 -18 -63.7095 -41.6065 37.7008
9759 -53.056 -98 -30 -64.0764 -42.0356 37.6631
9769 -52.752 -108 -32 -63.3637 -42.1403 37.6255
9779 -53.136 -108 -32 -63.8706 -42.4014 37.5878
9789 -52.604 -95 -29 -63.069 -42.139 37.5503
9799 -53.659 -108 -23 -65.145 -42.173 37.5127
9809 -52.803 -216 -29 -64.829 -40.777 37.4752
9819 -53.374 -114 -29 -64.8099 -41.9381 37.4377
9829 -53.594 -130 -29 -65.4634 -41.7246 37.4003
9839 -53.371 -133 -29 -64.7246 -42.0174 37.3629
9849 -53.815 -197 -28 -66.3509 -41.2791 37.3255
9859 -52.921 -107 -29 -64.4303 -41.4117 37.2882
9869 -53.209 -97 -29 -64.062 -42.356 37.2509
9879 -52.875 -110 -32 -64.2969 -41.4531 37.2137
9889 -53.467 -99 -29 -64.7077 -42.2263 37.1764
9899 -53.499 -135 -32 -65.2891 -41.7089 37.1393
9909 -53.125 -96 -32 -64.3166 -41.9334 37.1021
9919 -52.916 -104 -28 -63.8862 -41.9458 37.065
9929 -53.348 -115 -32 -64.7526 -41.9434 37.028
9939 -52.987 -109 -28 -64.3001 -41.6739 36.9909
9949 -53.268 -160 -32 -65.0602 -41.4758 36.9539
9959 -53.221 -153 -29 -64.6023 -41.8397 36.917
9969 -52.565 -102 -28 -63.7925 -41.3375 36.8801
9979 -53.213 -111 -27 -64.3964 -42.0296 36.8432
9989 -52.747 -110 -32 -63.5595 -41.9345 36.8063
9999 -53.204 -103 -32 -63.8879 -42.5201 36.7695
10009 -53.221 -102 -32 -64.2815 -42.1605 36.7328
10019 -52.854 -102 -26 -64.0963 -41.6117 36.696
10029 -53.364 -130 -33 -64.6429 -42.0851 36.6593
10039 -53.467 -118 -22 -65.1306 -41.8034 36.6227
10049 -53.046 -116 -31 -64.2938 -41.7982 36.5861
10059 -52.998 -130 -31 -63.8848 -42.1112 36.5495
10069 -52.691 -113 -33 -63.9211 -41.4609 36.5129
10079 -52.976 -120 -30 -63.9529 -41.9991 36.4764
10089 -52.857 -104 -32 -64.1272 -41.5868 36.4399
10099 -52.542 -98 -32 -63.2108 -41.8732 36.4035
10109 -53.118 -119 -28 -64.7832 -41.4528 36.3671
10119 -53.174 -97 -29 -63.7594 -42.5886 36.3307
10129 -53.182 -108 -24 -64.2121 -42.1519 36.2944
10139 -52.74 -99 -31 -63.322 -42.158 36.2581
10149 -53.645 -167 -32 -65.3042 -41.9858 36.2218
10159 -53.226 -117 -29 -64.6597 -41.7923 36.1856
10169 -53.441 -100 -32 -64.4734 -42.4086 36.1494
10179 -52.439 -98 -29 -63.3078 -41.5702 36.1133
10189 -52.974 -116 -27 -64.3396 -41.6084 36.0772
10199 -53.117 -294 -32 -66.4304 -39.8036 36.0411
10209 -53.507 -122 -32 -64.9486 -42.0654 36.0051
10219 -52.729 -124 -26 -64.009 -41.449 35.969
10229 -52.187 -103 -23 -63.0345 -41.3395 35.9331
10239 -52.495 -189 -32 -64.2801 -40.7099 35.8971
10249 -52.551 -103 -32 -63.5452 -41.5568 35.8613
10259 -53.309 -114 -29 -64.8817 -41.7363 35.8254
10269 -53.082 -101 -29 -63.7598 -42.4042 35.7896
10279 -52.071 -115 -32 -62.9203 -41.2217 35.7538
10289 -52.768 -114 -28 -63.8473 -41.6887 35.718
10299 -52.119 -106 -29 -63.1259 -41.1121 35.6823
10309 -52.821 -148 -32 -64.2718 -41.3702 35.6466
10319 -52.305 -98 -32 -62.7278 -41.8822 35.611
10329 -53.188 -121 -28 -64.6796 -41.6964 35.5754
10339 -52.89 -129 -30 -63.9248 -41.8552 35.5398
10349 -52.598 -145 -30 -63.9082 -41.2878 35.5042
10359 -52.171 -102 -28 -62.618 -41.724 35.4687
10369 -52.567 -104 -31 -63.3796 -41.7544 35.4333
10379 -52.149 -117 -28 -62.4244 -41.8736 35.3978
10389 -52.078 -98 -32 -62.4931 -41.6629 35.3624
10399 -52.329 -99 -30 -62.7961 -41.8619 35.3271
10409 -52.508 -117 -32 -63.8733 -41.1427 35.2918
10419 -52.469 -109 -32 -63.1137 -41.8243 35.2565
10429 -52.693 -118 -28 -63.5129 -41.8731 35.2212
10439 -52.512 -158 -32 -63.6343 -41.3897 35.186
10449 -52.882 -113 -32 -64.0773 -41.6867 35.1508
10459 -51.971 -102 -28 -62.3466 -41.5954 35.1156
10469 -53.039 -115 -29 -64.6029 -41.4751 35.0805
10479 -52.43 -102 -23 -63.1217 -41.7383 35.0455
10489 -52.774 -125 -28 -63.9704 -41.5776 35.0104
10499 -52.078 -113 -32 -62.424 -41.732 34.9754
10509 -52.019 -108 -32 -62.4813 -41.5567 34.9404
10519 -52.091 -129 -32 -62.4807 -41.7013 34.9055
10529 -51.98 -98 -32 -62.3047 -41.6553 34.8706
10539 -52.056 -103 -32 -62.2716 -41.8404 34.8357
10549 -52.774 -164 -29 -64.0793 -41.4687 34.8009
10559 -52.829 -112 -32 -63.6947 -41.9633 34.7661
10569 -52.439 -118 -32 -62.8794 -41.9986 34.7313
10579 -52.953 -129 -32 -64.0815 -41.8245 34.6966
10589 -52.69 -108 -29 -63.6047 -41.7753 34.6619
10599 -51.561 -102 -29 -61.8588 -41.2632 34.6272
10609 -52.297 -118 -32 -62.8657 -41.7283 34.5926
10619 -52.558 -103 -25 -63.3224 -41.7936 34.558
10629 -52.825 -96 -28 -63.2989 -42.3511 34.5234
10639 -52.806 -102 -32 -63.4313 -42.1807 34.4889
10649 -52.444 -98 -32 -63.2548 -41.6332 34.4544
10659 -52.852 -119 -32 -63.9218 -41.7822 34.42
10669 -52.784 -95 -28 -63.4731 -42.0949 34.3855
10679 -52.405 -120 -29 -63.1779 -41.6321 34.3512
10689 -52.28 -99 -29 -62.6287 -41.9313 34.3168
10699 -53.019 -115 -25 -64.2655 -41.7725 34.2825
10709 -52.382 -235 -30 -64.4273 -40.3367 34.2482
10719 -52.167 -119 -28 -62.8737 -41.4603 34.214
10729 -52.313 -105 -28 -63.0075 -41.6185 34.1797
10739 -52.534 -99 -25 -63.1218 -41.9462 34.1456
10749 -52.571 -103 -32 -63.116 -42.026 34.1114
10759 -52.129 -123 -29 -62.7913 -41.4667 34.0773
10769 -52.118 -111 -32 -62.5406 -41.6954 34.0432
10779 -52.839 -104 -29 -63.7048 -41.9732 34.0092
10789 -51.763 -101 -32 -62.354 -41.172 33.9752
10799 -51.699 -118 -32 -62.2467 -41.1513 33.9412
10809 -51.791 -99 -29 -61.9151 -41.6669 33.9073
10819 -51.644 -114 -32 -61.9687 -41.3193 33.8734
10829 -51.518 -152 -30 -61.455 -41.581 33.8395
10839 -52.141 -121 -32 -62.5978 -41.6842 33.8056
10849 -51.774 -115 -28 -62.076 -41.472 33.7718
10859 -51.867 -108 -29 -62.7206 -41.0134 33.7381
10869 -52.906 -144 -30 -64.0013 -41.8107 33.7043
10879 -52.207 -113 -28 -62.9852 -41.4288 33.6706
10889 -51.958 -201 -32 -63.7446 -40.1714 33.637
10899 -51.747 -97 -32 -62.0518 -41.4422 33.6033
10909 -52.033 -95 -28 -62.3226 -41.7434 33.5697
10919 -51.974 -154 -28 -62.7871 -41.1609 33.5361
10929 -51.812 -105 -32 -62.2742 -41.3498 33.5026
10939 -51.54 -95 -32 -61.572 -41.508 33.4691
10949 -52.191 -115 -32 -62.7975 -41.5845 33.4356
10959 -52.286 -205 -28 -63.7092 -40.8628 33.4022
10969 -52.523 -117 -32 -62.9799 -42.0661 33.3688
10979 -52.521 -108 -25 -63.868 -41.174 33.3354
10989 -52.429 -124 -28 -63.285 -41.573 33.3021
10999 -52.395 -111 -29 -63.2701 -41.5199 33.2688
11009 -52.233 -93 -29 -62.6392 -41.8268 33.2355
11019 -52.328 -177 -32 -63.5165 -41.1395 33.2023
11029 -51.864 -116 -32 -62.1221 -41.6059 33.1691
11039 -52.352 -105 -28 -63.357 -41.347 33.1359
11049 -51.879 -101 -31 -62.0273 -41.7307 33.1028
11059 -51.974 -103 -27 -62.4998 -41.4482 33.0697
11069 -51.887 -117 -28 -62.076 -41.698 33.0366
11079 -51.651 -95 -22 -61.6877 -41.6143 33.0036
11089 -51.677 -132 -28 -62.2665 -41.0875 32.9706
11099 -52.018 -104 -32 -62.5196 -41.5164 32.9376
11109 -51.452 -124 -25 -61.5381 -41.3659 32.9047
11119 -51.613 -104 -22 -61.7469 -41.4791 32.8718
11129 -51.776 -116 -32 -61.9012 -41.6508 32.8389
11139 -51.687 -103 -25 -62.0694 -41.3046 32.806
11149 -51.606 -166 -32 -61.8634 -41.3486 32.7732
11159 -51.363 -97 -30 -61.2315 -41.4945 32.7405
11169 -50.995 -88 -28 -60.717 -41.273 32.7077
11179 -51.812 -101 -28 -62.3389 -41.2851 32.675
11189 -51.722 -133 -28 -62.4211 -41.0229 32.6423
11199 -51.07 -112 -32 -60.6017 -41.5383 32.6097
11209 -51.644 -126 -32 -61.9529 -41.3351 32.5771
11219 -51.759 -99 -32 -61.9716 -41.5464 32.5445
11229 -51.261 -134 -32 -61.2919 -41.2301 32.512
11239 -51.95 -132 -19 -62.6476 -41.2524 32.4795
11249 -51.637 -111 -33 -61.8854 -41.3886 32.447
11259 -51.94 -99 -28 -62.5605 -41.3195 32.4145
11269 -51.838 -97 -31 -61.6659 -42.0101 32.3821
11279 -51.938 -106 -31 -62.154 -41.722 32.3497
11289 -51.305 -100 -32 -61.377 -41.233 32.3174
11299 -52.018 -103 -27 -62.1742 -41.8618 32.2851
11309 -51.856 -102 -25 -62.234 -41.478 32.2528
11319 -51.615 -98 -29 -61.4805 -41.7495 32.2205
11329 -51.6 -95 -32 -61.5496 -41.6504 32.1883
11339 -51.736 -98 -28 -62.1616 -41.3104 32.1561
11349 -51.901 -112 -26 -62.4816 -41.3204 32.124
11359 -51.677 -100 -29 -62 -41.354 32.0918
11369 -51.697 -112 -28 -61.7027 -41.6913 32.0597
11379 -51.274 -99 -32 -61.4231 -41.1249 32.0277
11389 -51.063 -107 -28 -60.8385 -41.2875 31.9957
11399 -51.138 -97 -32 -60.4256 -41.8504 31.9637
11409 -50.861 -105 -32 -60.293 -41.429 31.9317
11419 -50.99 -89 -29 -60.3569 -41.6231 31.8998
11429 -50.808 -91 -32 -59.816 -41.8 31.8679
11439 -51.121 -101 -29 -60.7683 -41.4737 31.836
11449 -51.427 -112 -28 -61.2602 -41.5938 31.8042
11459 -51.216 -99 -29 -61.1207 -41.3113 31.7724
11469 -51.403 -112 -32 -61.7247 -41.0813 31.7406
11479 -51.915 -113 -32 -61.9669 -41.8631 31.7088
11489 -50.937 -91 -32 -60.4495 -41.4245 31.6771
11499 -50.875 -96 -29 -60.1354 -41.6146 31.6455
11509 -51.417 -96 -29 -61.1773 -41.6567 31.6138
11519 -51.079 -100 -32 -60.9282 -41.2298 31.5822
11529 -51.701 -98 -31 -61.3855 -42.0165 31.5506
11539 -50.904 -96 -30 -60.3069 -41.5011 31.5191
11549 -50.822 -105 -28 -60.4622 -41.1818 31.4876
11559 -50.824 -94 -28 -60.25 -41.398 31.4561
11569 -51.457 -98 -32 -61.3774 -41.5366 31.4246
11579 -51.143 -95 -29 -60.8227 -41.4633 31.3932
11589 -51.155 -98 -32 -60.6393 -41.6707 31.3618
11599 -51.155 -96 -32 -60.7047 -41.6053 31.3304
11609 -51.642 -97 -28 -61.9018 -41.3822 31.2991
11619 -51.133 -96 -32 -61.1488 -41.1172 31.2678
11629 -51.396 -102 -29 -61.6609 -41.1311 31.2365
11639 -50.986 -104 -31 -61.1667 -40.8053 31.2053
11649 -51.334 -102 -30 -60.9735 -41.6945 31.1741
11659 -50.831 -109 -25 -60.3975 -41.2645 31.1429
11669 -51.245 -131 -28 -61.9305 -40.5595 31.1118
11679 -51.38 -92 -28 -60.8303 -41.9297 31.0807
11689 -51.039 -99 -30 -60.5884 -41.4896 31.0496
11699 -51.189 -97 -28 -60.9667 -41.4113 31.0185
11709 -51.235 -98 -30 -60.9173 -41.5527 30.9875
11719 -50.961 -123 -32 -60.9642 -40.9578 30.9565
11729 -50.586 -94 -32 -59.9123 -41.2597 30.9256
11739 -50.917 -105 -28 -60.4843 -41.3497 30.8946
11749 -51.468 -92 -28 -61.1453 -41.7907 30.8637
11759 -50.245 -97 -32 -59.5213 -40.9687 30.8329
11769 -50.874 -96 -32 -60.3896 -41.3584 30.8021
11779 -50.673 -94 -28 -60.2402 -41.1058 30.7712
11789 -51.099 -88 -32 -60.5181 -41.6799 30.7405
11799 -50.629 -101 -28 -60.0094 -41.2486 30.7097
11809 -50.676 -98 -29 -59.6288 -41.7232 30.679
11819 -51.037 -108 -29 -60.9386 -41.1354 30.6483
11829 -50.587 -100 -32 -59.8189 -41.3551 30.6177
11839 -50.679 -104 -32 -60.2516 -41.1064 30.5871
11849 -50.631 -97 -32 -60.3007 -40.9613 30.5565
11859 -50.817 -116 -28 -60.0666 -41.5674 30.5259
11869 -50.651 -93 -31 -60.036 -41.266 30.4954
11879 -51.017 -95 -29 -60.5628 -41.4712 30.4649
11889 -50.538 -101 -32 -59.8058 -41.2702 30.4345
11899 -51.257 -99 -29 -61.1574 -41.3566 30.404
11909 -51.114 -96 -29 -60.4767 -41.7513 30.3736
11919 -50.508 -104 -28 -60.1774 -40.8386 30.3432
11929 -50.735 -92 -29 -60.2255 -41.2445 30.3129
11939 -50.818 -96 -28 -60.1629 -41.4731 30.2826
11949 -50.717 -88 -32 -60.0099 -41.4241 30.2523
11959 -51.198 -100 -29 -60.6742 -41.7218 30.222
11969 -51.042 -87 -32 -60.4436 -41.6404 30.1918
11979 -50.602 -96 -32 -60.44 -40.764 30.1616
11989 -51.277 -117 -28 -60.7329 -41.8211 30.1315
11999 -50.612 -103 -29 -60.0922 -41.1318 30.1013
12009 -50.993 -101 -32 -60.4468 -41.5392 30.0712
12019 -50.639 -90 -32 -59.9899 -41.2881 30.0412
12029 -50.805 -103 -32 -60.608 -41.002 30.0111
12039 -50.61 -110 -28 -60.4668 -40.7532 29.9811
12049 -50.763 -98 -28 -60.3271 -41.1989 29.9511
12059 -50.382 -99 -29 -60.0952 -40.6688 29.9212
12069 -50.359 -98 -30 -59.599 -41.119 29.8913
12079 -50.959 -103 -28 -60.3984 -41.5196 29.8614
12089 -50.848 -94 -31 -60.4912 -41.2048 29.8315
12099 -50.636 -113 -32 -60.14 -41.132 29.8017
12109 -51.045 -113 -32 -60.7664 -41.3236 29.7719
12119 -50.677 -106 -32 -60.5247 -40.8293 29.7421
12129 -50.763 -90 -24 -60.5077 -41.0183 29.7124
12139 -50.455 -87 -28 -59.5847 -41.3253 29.6827
12149 -50.201 -85 -32 -58.8434 -41.5586 29.653
12159 -50.819 -96 -31 -60.3811 -41.2569 29.6233
12169 -50.808 -94 -28 -60.0757 -41.5403 29.5937
12179 -50.788 -113 -28 -60.3717 -41.2043 29.5641
12189 -50.367 -100 -27 -60.1004 -40.6336 29.5345
12199 -50.902 -101 -23 -60.1914 -41.6126 29.505
12209 -50.67 -97 -28 -60.0879 -41.2521 29.4755
12219 -51.266 -94 -32 -60.8848 -41.6472 29.446
12229 -50.586 -92 -31 -59.4797 -41.6923 29.4166
12239 -50.857 -103 -28 -60.4393 -41.2747 29.3872
12249 -50.634 -95 -28 -59.9077 -41.3603 29.3578
12259 -51.057 -118 -29 -60.9197 -41.1943 29.3284
12269 -50.8 -112 -29 -60.3645 -41.2355 29.2991
12279 -51.272 -91 -30 -61.1569 -41.3871 29.2698
12289 -50.711 -106 -28 -59.9662 -41.4558 29.2405
12299 -50.449 -99 -30 -59.4284 -41.4696 29.2113
12309 -50.136 -94 -27 -58.8727 -41.3993 29.1821
12319 -50.652 -98 -32 -59.9186 -41.3854 29.1529
12329 -50.402 -105 -29 -60.1637 -40.6403 29.1237
12339 -50.594 -98 -28 -60.0529 -41.1351 29.0946
12349 -50.432 -107 -32 -59.3749 -41.4891 29.0655
12359 -50.463 -92 -32 -60.054 -40.872 29.0364
12369 -50.48 -103 -29 -59.8438 -41.1162 29.0074
12379 -50.431 -104 -32 -59.6056 -41.2564 28.9784
12389 -49.872 -108 -32 -59.2071 -40.5369 28.9494
12399 -50.475 -94 -31 -59.3001 -41.6499 28.9205
12409 -50.647 -94 -28 -59.7867 -41.5073 28.8916
12419 -50.015 -107 -32 -59.5565 -40.4735 28.8627
12429 -50.127 -112 -32 -59.0487 -41.2053 28.8338
12439 -50.304 -87 -32 -59.3147 -41.2933 28.805
12449 -50.403 -100 -30 -59.9909 -40.8151 28.7762
12459 -50.296 -93 -32 -59.4104 -41.1816 28.7474
12469 -50.32 -95 -32 -59.4448 -41.1952 28.7186
12479 -50.682 -92 -32 -59.9188 -41.4452 28.6899
12489 -50.931 -87 -29 -60.047 -41.815 28.6612
12499 -50.869 -95 -32 -60.2517 -41.4863 28.6326
12509 -50.454 -96 -27 -59.8799 -41.0281 28.6039
12519 -50.234 -100 -28 -59.6762 -40.7918 28.5753
12529 -50.464 -93 -31 -59.5759 -41.3521 28.5468
12539 -50.67 -101 -28 -60.0196 -41.3204 28.5182
12549 -50.539 -104 -29 -59.8608 -41.2172 28.4897
12559 -49.903 -94 -32 -58.8347 -40.9713 28.4612
12569 -49.814 -107 -30 -59.1835 -40.4445 28.4327
12579 -50.443 -88 -30 -59.3793 -41.5067 28.4043
12589 -50.252 -87 -32 -59.2839 -41.2201 28.3759
12599 -50.528 -102 -30 -60.0334 -41.0226 28.3475
12609 -50.112 -101 -30 -59.5234 -40.7006 28.3192
12619 -50.22 -94 -25 -59.422 -41.018 28.2909
12629 -50.14 -90 -29 -59.4114 -40.8686 28.2626
12639 -50.58 -100 -29 -60.0977 -41.0623 28.2343
12649 -50.116 -94 -28 -59.7066 -40.5254 28.2061
12659 -50.505 -90 -29 -59.6391 -41.3709 28.1779
12669 -49.773 -90 -31 -58.1195 -41.4265 28.1497
12679 -50.332 -99 -16 -59.933 -40.731 28.1215
12689 -50.183 -99 -30 -59.469 -40.897 28.0934
12699 -50.523 -98 -29 -59.9284 -41.1176 28.0653
12709 -50.63 -96 -32 -59.9081 -41.3519 28.0373
12719 -49.671 -94 -30 -58.3031 -41.0389 28.0092
12729 -50.171 -93 -32 -59.2525 -41.0895 27.9812
12739 -50.644 -97 -28 -60.2225 -41.0655 27.9532
12749 -50.352 -98 -32 -59.6527 -41.0513 27.9253
12759 -50.111 -86 -29 -58.8116 -41.4104 27.8974
12769 -50.097 -91 -29 -59.3426 -40.8514 27.8695
12779 -50.276 -112 -29 -59.6718 -40.8802 27.8416
12789 -50.194 -94 -32 -59.3567 -41.0313 27.8137
12799 -50.112 -91 -31 -58.5024 -41.7216 27.7859
12809 -50.242 -95 -32 -59.1065 -41.3775 27.7581
12819 -50.083 -86 -25 -59.5793 -40.5867 27.7304
12829 -49.973 -96 -28 -59.0624 -40.8836 27.7027
12839 -50.239 -93 -32 -59.151 -41.327 27.675
12849 -49.968 -110 -32 -58.9697 -40.9663 27.6473
12859 -50.34 -98 -32 -59.3986 -41.2814 27.6196
12869 -50.154 -98 -30 -59.3767 -40.9313 27.592
12879 -50.389 -113 -32 -59.5208 -41.2572 27.5644
12889 -49.898 -91 -32 -58.9166 -40.8794 27.5369
12899 -49.521 -108 -32 -58.3721 -40.6699 27.5093
12909 -50.252 -90 -32 -59.5165 -40.9875 27.4818
12919 -50.655 -89 -32 -59.7976 -41.5124 27.4543
12929 -49.782 -88 -29 -58.6228 -40.9412 27.4269
12939 -50.529 -108 -32 -60.1297 -40.9283 27.3994
12949 -50.185 -98 -32 -59.424 -40.946 27.372
12959 -50.467 -102 -30 -59.7829 -41.1511 27.3447
12969 -50.138 -93 -32 -59.1604 -41.1156 27.3173
12979 -50.297 -89 -28 -59.7279 -40.8661 27.29
12989 -50.64 -109 -29 -60.7684 -40.5116 27.2627
12999 -50.011 -101 -28 -59.0585 -40.9635 27.2355
13009 -50.164 -94 -28 -59.3489 -40.9791 27.2082
13019 -49.91 -84 -30 -58.7792 -41.0408 27.181
13029 -49.771 -103 -28 -59.1181 -40.4239 27.1538
13039 -50.13 -89 -32 -59.1964 -41.0636 27.1267
13049 -50.078 -98 -28 -59.0362 -41.1198 27.0996
13059 -49.989 -96 -30 -59.1269 -40.8511 27.0725
13069 -50.725 -102 -28 -60.4548 -40.9952 27.0454
13079 -50.484 -97 -32 -59.7122 -41.2558 27.0183
13089 -49.592 -88 -29 -58.2036 -40.9804 26.9913
13099 -50.046 -84 -30 -58.8168 -41.2752 26.9643
13109 -50.103 -88 -28 -58.8274 -41.3786 26.9374
13119 -50.534 -87 -32 -59.5951 -41.4729 26.9104
13129 -49.536 -104 -30 -58.2907 -40.7813 26.8835
13139 -49.886 -96 -30 -58.8842 -40.8878 26.8566
13149 -49.647 -87 -26 -57.8285 -41.4655 26.8298
13159 -49.749 -96 -32 -58.4296 -41.0684 26.8029
13169 -49.957 -92 -32 -58.7016 -41.2124 26.7761
13179 -50.031 -100 -28 -59.2211 -40.8409 26.7494
13189 -49.992 -89 -32 -58.6653 -41.3187 26.7226
13199 -49.89 -90 -32 -58.7725 -41.0075 26.6959
13209 -50.148 -87 -29 -59.022 -41.274 26.6692
13219 -49.318 -89 -28 -58.0235 -40.6125 26.6425
13229 -50.113 -104 -32 -59.4493 -40.7767 26.6159
13239 -50.154 -89 -32 -58.6522 -41.6558 26.5893
13249 -49.97 -105 -30 -58.5406 -41.3994 26.5627
13259 -50.159 -103 -28 -59.2751 -41.0429 26.5361
13269 -50.377 -99 -32 -59.8138 -40.9402 26.5096
13279 -50.182 -92 -29 -58.8513 -41.5127 26.4831
13289 -49.635 -101 -28 -58.5787 -40.6913 26.4566
13299 -49.752 -90 -30 -58.2125 -41.2915 26.4301
13309 -50.156 -82 -32 -58.4233 -41.8887 26.4037
13319 -49.91 -98 -32 -58.9946 -40.8254 26.3773
13329 -49.466 -97 -23 -58.176 -40.756 26.3509
13339 -50.091 -88 -32 -58.9292 -41.2528 26.3246
13349 -50.002 -106 -29 -58.7814 -41.2226 26.2982
13359 -49.445 -88 -32 -58.4681 -40.4219 26.2719
13369 -49.617 -83 -28 -58.3262 -40.9078 26.2457
13379 -50.422 -89 -29 -59.4179 -41.4261 26.2194
13389 -50.011 -90 -32 -58.7658 -41.2562 26.1932
13399 -49.561 -91 -25 -58.4064 -40.7156 26.167
13409 -50.192 -86 -32 -58.9157 -41.4683 26.1409
13419 -49.629 -101 -29 -58.7161 -40.5419 26.1147
13429 -49.714 -91 -29 -58.1315 -41.2965 26.0886
13439 -49.917 -84 -28 -58.6235 -41.2105 26.0625
13449 -49.776 -96 -29 -58.6551 -40.8969 26.0364
13459 -49.175 -85 -32 -57.4842 -40.8658 26.0104
13469 -49.259 -94 -32 -57.4248 -41.0932 25.9844
13479 -50.025 -85 -32 -58.7344 -41.3156 25.9584
13489 -49.528 -96 -31 -57.8915 -41.1645 25.9325
13499 -49.407 -87 -28 -57.665 -41.149 25.9065
13509 -49.311 -93 -32 -57.4763 -41.1457 25.8806
13519 -49.385 -87 -28 -57.9529 -40.8171 25.8547
13529 -49.532 -93 -30 -58.1817 -40.8823 25.8289
13539 -50.247 -92 -32 -59.5943 -40.8997 25.8031
13549 -49.639 -92 -28 -58.6045 -40.6735 25.7772
13559 -49.346 -84 -29 -57.8499 -40.8421 25.7515
13569 -49.894 -83 -32 -58.2511 -41.5369 25.7257
13579 -49.966 -88 -32 -58.6842 -41.2478 25.7
13589 -49.999 -86 -30 -59.2538 -40.7442 25.6743
13599 -49.598 -94 -32 -58.3044 -40.8916 25.6486
13609 -49.71 -99 -29 -58.5484 -40.8716 25.623
13619 -49.325 -109 -32 -57.7911 -40.8589 25.5973
13629 -49.996 -91 -32 -59.0871 -40.9049 25.5718
13639 -49.892 -106 -32 -58.7138 -41.0702 25.5462
13649 -49.585 -94 -32 -57.9611 -41.2089 25.5206
13659 -50.026 -104 -32 -58.6377 -41.4143 25.4951
13669 -49.432 -95 -28 -57.8433 -41.0207 25.4696
13679 -49.652 -87 -32 -58.2047 -41.0993 25.4441
13689 -50.086 -91 -32 -58.7922 -41.3798 25.4187
13699 -49.494 -113 -30 -58.5585 -40.4295 25.3933
13709 -49.527 -103 -29 -58.0598 -40.9942 25.3679
13719 -49.749 -88 -32 -58.3883 -41.1097 25.3425
13729 -49.902 -83 -31 -58.5309 -41.2731 25.3172
13739 -49.905 -95 -32 -58.6302 -41.1798 25.2919
13749 -49.524 -88 -29 -57.718 -41.33 25.2666
13759 -49.232 -101 -31 -57.7849 -40.6791 25.2413
13769 -49.923 -111 -32 -58.4661 -41.3799 25.2161
13779 -49.656 -102 -28 -58.1704 -41.1416 25.1908
13789 -49.949 -85 -28 -59.0067 -40.8913 25.1657
13799 -50.078 -79 -32 -58.6265 -41.5295 25.1405
13809 -49.61 -97 -32 -58.0489 -41.1711 25.1154
13819 -49.447 -102 -32 -57.751 -41.143 25.0902
13829 -49.339 -99 -27 -57.9167 -40.7613 25.0651
13839 -49.815 -100 -32 -58.6098 -41.0202 25.0401
13849 -49.408 -86 -32 -58.1687 -40.6473 25.015
13859 -50.023 -114 -32 -59.1674 -40.8786 24.99
13869 -49.425 -92 -28 -58.135 -40.715 24.965
13879 -49.647 -91 -28 -58.2394 -41.0546 24.9401
13889 -49.737 -98 -21 -58.1775 -41.2965 24.9151
13899 -49.385 -99 -32 -58.4515 -40.3185 24.8902
13909 -49.283 -84 -32 -57.6291 -40.9369 24.8653
13919 -49.324 -79 -32 -57.4812 -41.1668 24.8405
13929 -49.374 -91 -29 -57.9935 -40.7545 24.8156
13939 -49.568 -87 -32 -57.941 -41.195 24.7908
13949 -49.417 -92 -23 -58.1268 -40.7072 24.766
13959 -49.147 -79 -28 -57.4607 -40.8333 24.7412
13969 -49.342 -92 -32 -57.3105 -41.3735 24.7165
13979 -49.595 -90 -28 -58.214 -40.976 24.6918
13989 -49.589 -96 -32 -58.1851 -40.9929 24.6671
13999 -49.203 -88 -32 -57.3048 -41.1012 24.6424
14009 -49.258 -98 -32 -57.6292 -40.8868 24.6178
14019 -49.291 -100 -32 -58.0911 -40.4909 24.5932
14029 -49.676 -96 -32 -58.1457 -41.2063 24.5686
14039 -49.49 -97 -32 -57.8726 -41.1074 24.544
14049 -49.532 -87 -32 -58.247 -40.817 24.5195
14059 -49.274 -85 -32 -57.6859 -40.8621 24.4949
14069 -49.624 -103 -29 -58.4999 -40.7481 24.4704
14079 -49.1 -89 -32 -57.3577 -40.8423 24.446
14089 -49.262 -96 -32 -57.4679 -41.0561 24.4215
14099 -49.385 -83 -31 -57.8984 -40.8716 24.3971
14109 -49.699 -91 -32 -58.4138 -40.9842 24.3727
14119 -49.103 -82 -32 -57.783 -40.423 24.3483
14129 -49.112 -92 -32 -57.6635 -40.5605 24.324
14139 -49.072 -88 -30 -57.5566 -40.5874 24.2997
14149 -49.165 -86 -32 -57.9762 -40.3538 24.2754
14159 -49.054 -91 -28 -57.4786 -40.6294 24.2511
14169 -49.131 -84 -31 -57.3418 -40.9202 24.2268
14179 -49.386 -89 -29 -57.854 -40.918 24.2026
14189 -49.439 -106 -30 -58.0122 -40.8658 24.1784
14199 -49.585 -97 -31 -58.1505 -41.0195 24.1542
14209 -49.646 -94 -32 -58.7889 -40.5031 24.1301
14219 -48.86 -86 -32 -57.0945 -40.6255 24.106
14229 -49.493 -84 -29 -58.2142 -40.7718 24.0818
14239 -49.369 -87 -28 -57.8476 -40.8904 24.0578
14249 -49.439 -97 -32 -58.2068 -40.6712 24.0337
14259 -49.227 -92 -32 -57.5153 -40.9387 24.0097
14269 -49.021 -87 -32 -57.0291 -41.0129 23.9857
14279 -49.257 -107 -32 -57.752 -40.762 23.9617
14289 -48.994 -88 -32 -57.4599 -40.5281 23.9377
14299 -48.705 -98 -32 -56.8135 -40.5965 23.9138
14309 -49.141 -86 -29 -57.6056 -40.6764 23.8899
14319 -48.542 -84 -28 -56.4359 -40.6481 23.866
14329 -49.151 -88 -28 -57.4129 -40.8891 23.8421
14339 -49.23 -89 -32 -57.7798 -40.6802 23.8183
14349 -49.87 -87 -29 -58.6089 -41.1311 23.7944
14359 -49.709 -87 -32 -58.328 -41.09 23.7707
14369 -49.346 -83 -28 -57.5813 -41.1107 23.7469
14379 -48.933 -87 -28 -56.8558 -41.0102 23.7231
14389 -49.209 -81 -29 -57.54 -40.878 23.6994
14399 -49.048 -87 -28 -57.4148 -40.6812 23.6757
14409 -48.614 -88 -32 -57.0108 -40.2172 23.652
14419 -49.407 -100 -31 -58.041 -40.773 23.6284
14429 -48.718 -93 -28 -56.6313 -40.8047 23.6048
14439 -49.136 -103 -29 -57.6472 -40.6248 23.5812
14449 -49.034 -92 -32 -57.5858 -40.4822 23.5576
14459 -48.959 -89 -32 -57.0725 -40.8455 23.534
14469 -48.918 -96 -32 -57.2633 -40.5727 23.5105
14479 -49.449 -82 -28 -58.0836 -40.8144 23.487
14489 -49.143 -83 -32 -57.5781 -40.7079 23.4635
14499 -49.075 -102 -31 -57.6269 -40.5231 23.44
14509 -48.71 -88 -32 -56.9516 -40.4684 23.4166
14519 -49.359 -87 -29 -57.7717 -40.9463 23.3932
14529 -48.922 -86 -30 -56.9159 -40.9281 23.3698
14539 -49.366 -89 -29 -57.9294 -40.8026 23.3464
14549 -49.08 -104 -28 -57.5324 -40.6276 23.3231
14559 -49.361 -84 -28 -57.7193 -41.0027 23.2997
14569 -49.1 -103 -30 -57.883 -40.317 23.2764
14579 -49.252 -98 -28 -57.6556 -40.8484 23.2532
14589 -49.275 -89 -31 -57.5871 -40.9629 23.2299
14599 -48.623 -76 -30 -56.2764 -40.9696 23.2067
14609 -49.715 -94 -32 -58.3259 -41.1041 23.1835
14619 -49.086 -89 -28 -57.2484 -40.9236 23.1603
14629 -49.018 -86 -32 -57.5127 -40.5233 23.1371
14639 -48.499 -84 -32 -56.6207 -40.3773 23.114
14649 -49.409 -82 -32 -57.6963 -41.1217 23.0909
14659 -49.378 -85 -23 -57.6048 -41.1512 23.0678
14669 -48.656 -107 -28 -56.9099 -40.4021 23.0447
14679 -49.455 -103 -32 -58.0002 -40.9098 23.0217
14689 -49.061 -82 -28 -57.2244 -40.8976 22.9986
14699 -48.935 -83 -29 -56.97 -40.9 22.9756
14709 -48.99 -93 -32 -57.3937 -40.5863 22.9527
14719 -48.68 -82 -32 -56.4931 -40.8669 22.9297
14729 -48.94 -83 -28 -57.1 -40.78 22.9068
14739 -49.24 -86 -32 -57.7246 -40.7554 22.8839
14749 -48.982 -84 -32 -57.3285 -40.6355 22.861
14759 -48.63 -96 -24 -56.4855 -40.7745 22.8381
14769 -48.85 -86 -31 -56.9388 -40.7612 22.8153
14779 -48.991 -92 -28 -57.3769 -40.6051 22.7925
14789 -49.081 -88 -32 -57.4217 -40.7403 22.7697
14799 -48.908 -82 -32 -57.0016 -40.8144 22.7469
14809 -48.874 -92 -28 -57.501 -40.247 22.7242
14819 -48.726 -96 -29 -56.8367 -40.6153 22.7014
14829 -49.441 -88 -32 -57.8905 -40.9915 22.6787
14839 -49.096 -89 -30 -57.2923 -40.8997 22.6561
14849 -48.744 -89 -28 -57.1108 -40.3772 22.6334
14859 -49.198 -82 -28 -57.553 -40.843 22.6108
14869 -49.316 -89 -32 -57.4725 -41.1595 22.5882
14879 -48.871 -92 -32 -57.1504 -40.5916 22.5656
14889 -49.329 -88 -32 -57.4633 -41.1947 22.543
14899 -48.934 -79 -30 -56.758 -41.11 22.5205
14909 -48.766 -86 -22 -56.9003 -40.6317 22.4979
14919 -49.286 -97 -30 -58.0266 -40.5454 22.4755
14929 -49.192 -91 -28 -57.294 -41.09 22.453
14939 -48.735 -93 -32 -57.261 -40.209 22.4305
14949 -49.193 -88 -32 -57.4945 -40.8915 22.4081
14959 -48.762 -95 -32 -56.5883 -40.9357 22.3857
14969 -49.177 -82 -30 -57.2687 -41.0853 22.3633
14979 -49.022 -94 -32 -57.8584 -40.1856 22.3409
14989 -48.557 -88 -29 -56.3343 -40.7797 22.3186
14999 -48.834 -87 -28 -57.0781 -40.5899 22.2963
15009 -48.782 -89 -32 -56.734 -40.83 22.274
15019 -49.162 -91 -32 -57.4465 -40.8775 22.2517
15029 -48.839 -86 -32 -57.4183 -40.2597 22.2295
15039 -49.218 -85 -32 -57.5013 -40.9347 22.2072
15049 -48.783 -96 -32 -56.9757 -40.5903 22.185
15059 -48.868 -94 -32 -56.604 -41.132 22.1628
15069 -48.961 -89 -32 -57.1202 -40.8018 22.1407
15079 -48.754 -98 -29 -57.0151 -40.4929 22.1185
15089 -49.125 -93 -32 -57.5497 -40.7003 22.0964
15099 -48.475 -98 -28 -56.6179 -40.3321 22.0743
15109 -48.834 -79 -29 -56.856 -40.812 22.0522
15119 -48.871 -84 -30 -56.8152 -40.9268 22.0302
15129 -48.834 -90 -32 -57.2369 -40.4311 22.0082
15139 -48.863 -93 -32 -56.9422 -40.7838 21.9861
15149 -49.143 -91 -29 -57.2784 -41.0076 21.9642
15159 -48.744 -79 -28 -56.5717 -40.9163 21.9422
15169 -49.086 -82 -32 -57.1755 -40.9965 21.9203
15179 -48.719 -82 -32 -56.6727 -40.7653 21.8983
15189 -48.628 -89 -28 -56.7839 -40.4721 21.8764
15199 -48.677 -90 -32 -57.0266 -40.3274 21.8546
15209 -48.732 -87 -32 -56.4954 -40.9686 21.8327
15219 -48.434 -89 -32 -56.2135 -40.6545 21.8109
15229 -48.346 -82 -28 -56.1039 -40.5881 21.7891
15239 -48.387 -82 -32 -56.0012 -40.7728 21.7673
15249 -48.48 -88 -28 -56.233 -40.727 21.7455
15259 -48.255 -83 -32 -56.0425 -40.4675 21.7238
15269 -49.086 -97 -29 -57.7711 -40.4009 21.702
15279 -48.643 -87 -28 -56.2864 -40.9996 21.6803
15289 -48.605 -86 -32 -56.6903 -40.5197 21.6587
15299 -48.911 -79 -28 -56.9738 -40.8482 21.637
15309 -48.7 -98 -28 -56.4419 -40.9581 21.6154
15319 -48.492 -82 -31 -56.4642 -40.5198 21.5937
15329 -48.596 -89 -32 -56.7812 -40.4108 21.5722
15339 -48.52 -88 -32 -56.7468 -40.2932 21.5506
15349 -48.026 -87 -29 -55.7853 -40.2667 21.529
15359 -48.328 -94 -32 -56.0634 -40.5926 21.5075
15369 -48.086 -82 -24 -55.8021 -40.3699 21.486
15379 -48.348 -89 -30 -56.2477 -40.4483 21.4645
15389 -48.292 -82 -29 -56.0621 -40.5219 21.443
15399 -48.637 -87 -32 -56.4792 -40.7948 21.4216
15409 -49.356 -88 -32 -57.4194 -41.2926 21.4002
15419 -49.194 -101 -32 -57.6124 -40.7756 21.3788
15429 -48.5 -88 -32 -56.0811 -40.9189 21.3574
15439 -48.417 -84 -32 -56.1983 -40.6357 21.336
15449 -48.981 -107 -32 -57.3059 -40.6561 21.3147
15459 -48.835 -81 -32 -56.8564 -40.8136 21.2934
15469 -48.684 -82 -32 -56.2294 -41.1386 21.2721
15479 -48.468 -81 -32 -56.2107 -40.7253 21.2508
15489 -48.919 -107 -32 -57.2308 -40.6072 21.2296
15499 -48.749 -94 -32 -56.9832 -40.5148 21.2083
15509 -48.699 -88 -32 -56.6574 -40.7406 21.1871
15519 -48.539 -86 -32 -56.1752 -40.9028 21.1659
15529 -48.543 -87 -28 -57.2018 -39.8842 21.1448
15539 -48.342 -93 -28 -56.2301 -40.4539 21.1236
15549 -48.61 -87 -32 -57.0581 -40.1619 21.1025
15559 -48.406 -78 -32 -56.4966 -40.3154 21.0814
15569 -48.461 -98 -29 -56.9763 -39.9457 21.0603
15579 -48.654 -88 -32 -57.0219 -40.2861 21.0393
15589 -48.204 -82 -32 -56.1221 -40.2859 21.0182
15599 -48.453 -87 -32 -56.2106 -40.6954 20.9972
15609 -48.562 -94 -28 -56.3853 -40.7387 20.9762
15619 -48.678 -91 -32 -56.4582 -40.8978 20.9552
15629 -48.568 -83 -32 -56.4788 -40.6572 20.9343
15639 -48.831 -92 -32 -56.7896 -40.8724 20.9133
15649 -48.071 -87 -32 -55.7474 -40.3946 20.8924
15659 -47.966 -79 -32 -55.3539 -40.5781 20.8715
15669 -48.651 -91 -32 -56.5904 -40.7116 20.8507
15679 -48.687 -79 -32 -56.3733 -41.0007 20.8298
15689 -48.259 -80 -32 -55.9739 -40.5441 20.809
15699 -48.26 -77 -32 -55.828 -40.692 20.7882
15709 -48.075 -84 -28 -55.9543 -40.1957 20.7674
15719 -48.794 -102 -32 -56.7344 -40.8536 20.7466
15729 -48.306 -102 -32 -56.3506 -40.2614 20.7259
15739 -48.602 -84 -32 -56.3844 -40.8196 20.7052
15749 -48.62 -82 -30 -56.6992 -40.5408 20.6844
15759 -48.389 -102 -32 -56.3969 -40.3811 20.6638
15769 -48.7 -99 -28 -56.68 -40.72 20.6431
15779 -48.817 -93 -32 -57.2239 -40.4101 20.6225
15789 -48.39 -73 -28 -55.7417 -41.0383 20.6018
15799 -48.709 -80 -32 -56.363 -41.055 20.5812
15809 -48.679 -86 -32 -56.5377 -40.8203 20.5607
15819 -48.463 -86 -32 -56.2542 -40.6718 20.5401
15829 -48.329 -78 -32 -56.287 -40.371 20.5196
15839 -48.343 -92 -32 -56.3231 -40.3629 20.499
15849 -48.271 -86 -32 -56.3541 -40.1879 20.4785
15859 -48.166 -82 -32 -55.9055 -40.4265 20.4581
15869 -48.098 -77 -32 -55.2847 -40.9113 20.4376
15879 -48.952 -94 -28 -56.8654 -41.0386 20.4172
15889 -48.874 -87 -32 -56.9714 -40.7766 20.3967
15899 -48.056 -79 -32 -55.6874 -40.4246 20.3763
15909 -48.369 -86 -32 -56.106 -40.632 20.356
15919 -48.337 -82 -28 -56.1244 -40.5496 20.3356
15929 -48.249 -80 -32 -55.9571 -40.5409 20.3153
15939 -48.25 -82 -32 -55.9992 -40.5008 20.295
15949 -48.507 -81 -29 -56.3197 -40.6943 20.2747
15959 -48.416 -91 -29 -56.2833 -40.5487 20.2544
15969 -48.737 -79 -32 -56.5325 -40.9415 20.2341
15979 -48.574 -92 -28 -56.3337 -40.8143 20.2139
15989 -48.21 -76 -32 -55.9109 -40.5091 20.1937
15999 -48.383 -85 -28 -56.3739 -40.3921 20.1735
16009 -48.755 -85 -32 -56.5595 -40.9505 20.1533
16019 -48.673 -89 -32 -56.6374 -40.7086 20.1332
16029 -48.743 -83 -29 -56.8692 -40.6168 20.113
16039 -48.417 -88 -32 -56.1985 -40.6355 20.0929
16049 -49.092 -102 -32 -57.2363 -40.9477 20.0728
16059 -48.053 -92 -32 -56.0506 -40.0554 20.0528
16069 -48.506 -87 -32 -56.2487 -40.7633 20.0327
16079 -48.658 -96 -28 -56.9978 -40.3182 20.0127
16089 -47.736 -78 -32 -55.069 -40.403 19.9927
16099 -47.823 -82 -31 -55.1835 -40.4625 19.9727
16109 -48.037 -84 -28 -55.9352 -40.1388 19.9527
16119 -48.61 -87 -32 -56.2592 -40.9608 19.9327
16129 -48.791 -92 -32 -56.396 -41.186 19.9128
16139 -48.171 -78 -29 -56.0601 -40.2819 19.8929
16149 -48.315 -79 -29 -56.0985 -40.5315 19.873
16159 -48.436 -83 -28 -55.9741 -40.8979 19.8531
16169 -48.188 -79 -29 -55.8572 -40.5188 19.8333
16179 -47.916 -85 -28 -55.4282 -40.4038 19.8134
16189 -48.331 -88 -29 -56.1886 -40.4734 19.7936
16199 -47.719 -79 -32 -55.2907 -40.1473 19.7738
16209 -47.909 -82 -32 -55.4047 -40.4133 19.7541
16219 -48.379 -86 -32 -55.9042 -40.8538 19.7343
16229 -47.839 -88 -32 -55.1752 -40.5028 19.7146
16239 -48.211 -85 -32 -56.1719 -40.2501 19.6949
16249 -48.233 -79 -29 -55.8221 -40.6439 19.6752
16259 -48.355 -77 -30 -55.9027 -40.8073 19.6555
16269 -48.466 -89 -32 -56.0508 -40.8812 19.6358
16279 -48.103 -77 -28 -55.5308 -40.6752 19.6162
16289 -47.984 -79 -30 -55.6418 -40.3262 19.5966
16299 -48.687 -87 -32 -56.829 -40.545 19.577
16309 -48.495 -86 -31 -56.379 -40.611 19.5574
16319 -48.453 -93 -32 -56.3452 -40.5608 19.5379
16329 -48.286 -79 -30 -55.9669 -40.6051 19.5183
16339 -48.661 -88 -32 -56.783 -40.539 19.4988
16349 -47.704 -88 -29 -54.9098 -40.4982 19.4793
16359 -48.239 -79 -32 -55.8726 -40.6054 19.4598
16369 -48.387 -78 -30 -56.2239 -40.5501 19.4404
16379 -48.443 -86 -32 -56.1693 -40.7167 19.4209
16389 -48.153 -97 -32 -56.0801 -40.2259 19.4015
16399 -48.647 -88 -23 -56.7226 -40.5714 19.3821
16409 -48.036 -79 -28 -55.4602 -40.6118 19.3627
16419 -48.081 -83 -32 -55.7155 -40.4465 19.3433
16429 -48.134 -77 -32 -55.7251 -40.5429 19.324
16439 -48.34 -83 -28 -56.0276 -40.6524 19.3047
16449 -47.938 -78 -32 -55.3056 -40.5704 19.2854
16459 -48.007 -83 -29 -55.5541 -40.4599 19.2661
16469 -48.057 -87 -32 -55.4591 -40.6549 19.2468
16479 -47.863 -82 -28 -55.2985 -40.4275 19.2276
16489 -48.205 -84 -32 -55.5052 -40.9048 19.2084
16499 -48.221 -85 -32 -56.0235 -40.4185 19.1891
16509 -48.54 -87 -28 -56.2874 -40.7926 19.17
16519 -48.446 -84 -32 -56.2243 -40.6677 19.1508
16529 -48.002 -79 -32 -55.4969 -40.5071 19.1316
16539 -47.912 -113 -32 -55.5642 -40.2598 19.1125
16549 -48.104 -88 -32 -55.9787 -40.2293 19.0934
16559 -48.183 -81 -31 -56.0043 -40.3617 19.0743
16569 -47.928 -86 -29 -55.222 -40.634 19.0552
16579 -48.537 -81 -32 -55.9616 -41.1124 19.0362
16589 -48.683 -79 -28 -56.3706 -40.9954 19.0171
16599 -47.897 -106 -32 -55.8256 -39.9684 18.9981
16609 -47.685 -85 -28 -55.3232 -40.0468 18.9791
16619 -47.719 -82 -32 -55.4229 -40.0151 18.9601
16629 -48.079 -79 -32 -55.6306 -40.5274 18.9412
16639 -47.637 -78 -28 -54.8844 -40.3896 18.9222
16649 -47.913 -81 -28 -55.4093 -40.4167 18.9033
16659 -48.66 -96 -32 -56.6651 -40.6549 18.8844
16669 -47.985 -92 -32 -55.3908 -40.5792 18.8655
16679 -48.055 -96 -32 -55.8873 -40.2227 18.8467
16689 -47.832 -84 -32 -55.1106 -40.5534 18.8278
16699 -47.814 -81 -32 -55.2381 -40.3899 18.809
16709 -48.219 -83 -28 -55.7228 -40.7152 18.7902
16719 -47.891 -83 -32 -55.4501 -40.3319 18.7714
16729 -48.198 -92 -30 -56.1221 -40.2739 18.7526
16739 -47.985 -82 -29 -55.7357 -40.2343 18.7339
16749 -47.883 -74 -29 -55.0219 -40.7441 18.7151
16759 -47.222 -81 -32 -54.4872 -39.9568 18.6964
16769 -47.784 -86 -30 -55.4582 -40.1098 18.6777
16779 -47.707 -81 -32 -55.3602 -40.0538 18.659
16789 -48.384 -89 -32 -56.1542 -40.6138 18.6404
16799 -47.912 -81 -32 -55.4663 -40.3577 18.6217
16809 -47.507 -89 -32 -54.8264 -40.1876 18.6031
16819 -47.687 -81 -30 -55.27 -40.104 18.5845
16829 -47.559 -82 -32 -54.9798 -40.1382 18.5659
16839 -47.824 -97 -30 -55.5039 -40.1441 18.5474
16849 -47.928 -80 -32 -55.3422 -40.5138 18.5288
16859 -47.553 -97 -28 -55.2523 -39.8537 18.5103
16869 -47.773 -82 -28 -55.4135 -40.1325 18.4918
16879 -48.136 -87 -32 -55.653 -40.619 18.4733
16889 -48.037 -81 -28 -55.975 -40.099 18.4548
16899 -47.901 -86 -32 -55.3933 -40.4087 18.4364
16909 -47.804 -83 -32 -55.2465 -40.3615 18.4179
16919 -47.66 -84 -32 -55.0273 -40.2927 18.3995
16929 -47.963 -82 -29 -55.3077 -40.6183 18.3811
16939 -47.994 -77 -32 -55.3972 -40.5908 18.3627
16949 -47.573 -81 -32 -54.9382 -40.2078 18.3444
16959 -48.146 -87 -32 -55.464 -40.828 18.326
16969 -48.075 -75 -32 -55.4638 -40.6862 18.3077
16979 -47.481 -83 -32 -54.796 -40.166 18.2894
16989 -47.785 -81 -32 -55.3995 -40.1705 18.2711
16999 -48.16 -88 -32 -56.1225 -40.1975 18.2528
17009 -47.93 -75 -29 -55.3322 -40.5278 18.2346
17019 -47.742 -85 -30 -55.3258 -40.1582 18.2163
17029 -48.089 -82 -32 -55.8844 -40.2936 18.1981
17039 -48.136 -82 -32 -55.7366 -40.5354 18.1799
17049 -47.911 -76 -32 -55.4376 -40.3844 18.1617
17059 -48.133 -87 -32 -55.7089 -40.5571 18.1436
17069 -48.195 -80 -32 -55.9872 -40.4028 18.1254
17079 -48.167 -82 -32 -55.448 -40.886 18.1073
17089 -48.061 -81 -32 -55.5986 -40.5234 18.0892
17099 -47.963 -102 -29 -55.6412 -40.2848 18.0711
17109 -47.642 -82 -32 -55.0166 -40.2674 18.053
17119 -47.739 -82 -32 -55.131 -40.347 18.035
17129 -47.93 -97 -32 -55.5548 -40.3052 18.017
17139 -47.469 -86 -28 -55.0212 -39.9168 17.9989
17149 -47.717 -87 -32 -55.0697 -40.3643 17.9809
17159 -47.774 -91 -32 -55.2026 -40.3454 17.963
17169 -47.736 -72 -32 -55.1346 -40.3374 17.945
17179 -47.83 -82 -32 -55.2557 -40.4043 17.927
17189 -47.474 -77 -29 -54.7143 -40.2337 17.9091
17199 -47.756 -76 -32 -54.8511 -40.6609 17.8912
17209 -48.032 -82 -32 -55.4108 -40.6532 17.8733
17219 -48.032 -90 -32 -55.6344 -40.4296 17.8554
17229 -47.71 -86 -32 -55.2069 -40.2131 17.8376
17239 -47.385 -123 -32 -54.947 -39.823 17.8198
17249 -48.055 -87 -32 -55.69 -40.42 17.8019
17259 -47.747 -77 -32 -55.1032 -40.3908 17.7841
17269 -47.85 -78 -32 -55.1614 -40.5386 17.7663
17279 -47.948 -88 -32 -55.3883 -40.5077 17.7486
17289 -47.527 -88 -32 -54.6816 -40.3724 17.7308
17299 -47.609 -78 -32 -54.8491 -40.3689 17.7131
17309 -47.513 -72 -32 -54.2127 -40.8133 17.6954
17319 -47.718 -83 -28 -54.9484 -40.4876 17.6777
17329 -47.984 -84 -32 -55.4168 -40.5512 17.66
17339 -47.717 -73 -32 -54.8634 -40.5706 17.6424
17349 -47.77 -89 -32 -55.0742 -40.4658 17.6247
17359 -47.805 -77 -32 -55.1457 -40.4643 17.6071
17369 -47.903 -83 -32 -55.3146 -40.4914 17.5895
17379 -47.595 -82 -32 -55.0369 -40.1531 17.5719
17389 -47.793 -82 -32 -55.0677 -40.5183 17.5543
17399 -48.085 -79 -32 -55.6034 -40.5666 17.5368
17409 -47.713 -87 -32 -55.293 -40.133 17.5192
17419 -47.757 -80 -32 -55.2418 -40.2722 17.5017
17429 -47.591 -87 -32 -55.1835 -39.9985 17.4842
17439 -47.807 -77 -32 -54.8525 -40.7615 17.4667
17449 -48.119 -83 -32 -55.3645 -40.8735 17.4493
17459 -48.004 -80 -32 -55.4936 -40.5144 17.4318
17469 -48.133 -77 -32 -55.7164 -40.5496 17.4144
17479 -47.894 -84 -28 -55.501 -40.287 17.397
17489 -47.64 -78 -32 -54.9615 -40.3185 17.3796
17499 -47.936 -88 -32 -55.7492 -40.1228 17.3622
17509 -47.517 -73 -32 -54.5961 -40.4379 17.3448
17519 -47.723 -83 -32 -55.0724 -40.3736 17.3275
17529 -47.308 -79 -32 -54.6551 -39.9609 17.3102
17539 -47.99 -78 -32 -55.5017 -40.4783 17.2928
17549 -47.829 -78 -32 -55.2136 -40.4444 17.2755
17559 -47.828 -91 -32 -55.3098 -40.3462 17.2583
17569 -47.947 -91 -32 -55.4081 -40.4859 17.241
17579 -47.467 -85 -29 -54.7374 -40.1966 17.2238
17589 -47.816 -84 -32 -55.2158 -40.4162 17.2065
17599 -47.802 -76 -32 -55.035 -40.569 17.1893
17609 -47.636 -82 -32 -55.0203 -40.2517 17.1722
17619 -47.174 -87 -32 -54.2807 -40.0673 17.155
17629 -47.255 -76 -32 -54.4759 -40.0341 17.1378
17639 -47.742 -82 -32 -54.7069 -40.7771 17.1207
17649 -47.756 -92 -32 -55.3534 -40.1586 17.1036
17659 -47.501 -82 -32 -54.9632 -40.0388 17.0865
17669 -47.382 -83 -32 -54.7834 -39.9806 17.0694
17679 -47.881 -88 -32 -55.6381 -40.1239 17.0523
17689 -47.897 -93 -28 -55.529 -40.265 17.0353
17699 -47.842 -82 -32 -55.2547 -40.4293 17.0182
17709 -48.053 -79 -32 -55.3652 -40.7408 17.0012
17719 -47.418 -73 -32 -54.3248 -40.5112 16.9842
17729 -47.667 -75 -32 -54.7526 -40.5814 16.9672
17739 -47.233 -77 -29 -54.1348 -40.3312 16.9503
17749 -47.846 -77 -32 -54.8484 -40.8436 16.9333
17759 -47.191 -77 -29 -54.1532 -40.2288 16.9164
17769 -47.663 -93 -32 -54.6766 -40.6494 16.8995
17779 -47.367 -74 -32 -54.6069 -40.1271 16.8826
17789 -47.606 -80 -31 -55.0467 -40.1653 16.8657
17799 -47.406 -80 -32 -54.6151 -40.1969 16.8488
17809 -47.462 -83 -32 -54.8412 -40.0828 16.832
17819 -47.55 -86 -32 -54.9418 -40.1582 16.8151
17829 -47.674 -85 -32 -55.5168 -39.8312 16.7983
17839 -47.343 -76 -32 -54.6167 -40.0693 16.7815
17849 -47.461 -81 -32 -54.5396 -40.3824 16.7647
17859 -48.067 -80 -32 -55.3089 -40.8251 16.748
17869 -47.433 -82 -28 -54.8392 -40.0268 16.7312
17879 -47.579 -83 -32 -55.102 -40.056 16.7145
17889 -47.756 -86 -32 -54.8388 -40.6732 16.6978
17899 -47.537 -79 -32 -54.8735 -40.2005 16.6811
17909 -47.568 -88 -32 -54.5139 -40.6221 16.6644
17919 -47.378 -77 -28 -54.2279 -40.5281 16.6477
17929 -47.765 -78 -32 -55.03 -40.5 16.6311
17939 -47.485 -74 -32 -54.5519 -40.4181 16.6144
17949 -47.807 -78 -32 -55.2326 -40.3814 16.5978
17959 -47.442 -80 -32 -54.7367 -40.1473 16.5812
17969 -47.503 -95 -32 -54.9201 -40.0859 16.5647
17979 -47.662 -83 -32 -55.0083 -40.3157 16.5481
17989 -47.448 -77 -32 -54.6004 -40.2956 16.5315
17999 -47.563 -83 -29 -54.6378 -40.4882 16.515
18009 -47.628 -83 -32 -54.7823 -40.4737 16.4985
18019 -47.432 -88 -32 -54.745 -40.119 16.482
18029 -47.888 -78 -32 -55.0972 -40.6788 16.4655
18039 -47.652 -89 -32 -55.2083 -40.0957 16.449
18049 -46.906 -83 -30 -54.0541 -39.7579 16.4326
18059 -47.7 -86 -28 -54.9102 -40.4898 16.4162
18069 -47.375 -75 -32 -54.4331 -40.3169 16.3997
18079 -47.601 -78 -32 -54.5787 -40.6233 16.3834
18089 -47.471 -77 -29 -54.5792 -40.3628 16.367
18099 -47.88 -83 -32 -55.1808 -40.5792 16.3506
18109 -47.793 -77 -28 -55.1128 -40.4732 16.3342
18119 -47.546 -88 -32 -54.8544 -40.2376 16.3179
18129 -48.019 -78 -28 -55.4052 -40.6328 16.3016
18139 -47.242 -92 -32 -54.012 -40.472 16.2853
18149 -47.309 -80 -32 -54.5197 -40.0983 16.269
18159 -47.587 -76 -32 -54.6427 -40.5313 16.2527
18169 -47.409 -78 -29 -54.7935 -40.0245 16.2365
18179 -47.58 -78 -32 -54.8761 -40.2839 16.2203
18189 -47.519 -98 -28 -55.1647 -39.8733 16.204
18199 -47.15 -79 -32 -54.1829 -40.1171 16.1878
18209 -47.507 -82 -32 -54.6122 -40.4018 16.1716
18219 -47.376 -73 -32 -54.5907 -40.1613 16.1555
18229 -47.259 -74 -32 -54.2921 -40.2259 16.1393
18239 -47.242 -81 -32 -54.1471 -40.3369 16.1232
18249 -47.492 -78 -32 -54.8458 -40.1382 16.1071
18259 -47.51 -81 -32 -55.0609 -39.9591 16.0909
18269 -47.695 -80 -32 -54.9574 -40.4326 16.0749
18279 -47.556 -77 -32 -54.7069 -40.4051 16.0588
18289 -47.525 -78 -29 -54.6098 -40.4402 16.0427
18299 -47.775 -77 -32 -54.8829 -40.6671 16.0267
18309 -47.341 -77 -32 -54.5802 -40.1018 16.0106
18319 -47.38 -76 -32 -54.4527 -40.3073 15.9946
18329 -47.241 -88 -32 -54.3348 -40.1472 15.9786
18339 -47.773 -78 -32 -54.8347 -40.7113 15.9627
18349 -47.113 -78 -32 -54.4295 -39.7965 15.9467
18359 -47.223 -79 -32 -54.2714 -40.1746 15.9308
18369 -47.094 -78 -32 -54.2015 -39.9865 15.9148
18379 -47.483 -76 -32 -54.4848 -40.4812 15.8989
18389 -47.387 -77 -28 -54.2228 -40.5512 15.883
18399 -47.672 -87 -32 -55.0711 -40.2729 15.8671
18409 -47.538 -85 -32 -54.6009 -40.4751 15.8513
18419 -47.076 -80 -32 -53.9473 -40.2047 15.8354
18429 -47.048 -82 -32 -54.0658 -40.0302 15.8196
18439 -47.412 -78 -32 -54.5118 -40.3122 15.8038
18449 -46.977 -88 -32 -54.0814 -39.8726 15.788
18459 -47.297 -81 -32 -54.264 -40.33 15.7722
18469 -47.439 -75 -32 -54.6786 -40.1994 15.7564
18479 -47.415 -94 -32 -54.8291 -40.0009 15.7406
18489 -47.289 -79 -31 -54.6605 -39.9175 15.7249
18499 -47.518 -74 -32 -54.7009 -40.3351 15.7092
18509 -47.251 -86 -32 -54.567 -39.935 15.6935
18519 -47.195 -82 -25 -54.2019 -40.1881 15.6778
18529 -47.541 -87 -28 -54.99 -40.092 15.6621
18539 -47.061 -81 -32 -54.0147 -40.1073 15.6464
18549 -47.136 -82 -32 -54.2666 -40.0054 15.6308
18559 -47.299 -87 -32 -54.4707 -40.1273 15.6151
18569 -47.633 -82 -32 -54.8053 -40.4607 15.5995
18579 -46.888 -79 -32 -53.8063 -39.9697 15.5839
18589 -47.721 -73 -32 -54.7978 -40.6442 15.5684
18599 -47.03 -82 -32 -53.9589 -40.1011 15.5528
18609 -47.145 -81 -32 -54.1273 -40.1627 15.5372
18619 -47.508 -82 -24 -54.707 -40.309 15.5217
18629 -47.221 -90 -32 -54.5592 -39.8828 15.5062
18639 -47.258 -77 -32 -54.1235 -40.3925 15.4907
18649 -47.316 -86 -29 -54.5036 -40.1284 15.4752
18659 -47.349 -82 -29 -54.428 -40.27 15.4597
18669 -47.55 -72 -32 -54.6589 -40.4411 15.4442
18679 -47.379 -80 -32 -54.4477 -40.3103 15.4288
18689 -47.568 -89 -32 -55.0947 -40.0413 15.4134
18699 -47.517 -80 -31 -54.6028 -40.4312 15.398
18709 -47.134 -81 -32 -54.2072 -40.0608 15.3826
18719 -47.504 -84 -28 -54.8298 -40.1782 15.3672
18729 -47.563 -87 -29 -54.9658 -40.1602 15.3518
18739 -47.148 -86 -32 -54.0822 -40.2138 15.3365
18749 -47.546 -87 -32 -54.7376 -40.3544 15.3211
18759 -47.589 -84 -32 -54.6995 -40.4785 15.3058
18769 -47.478 -76 -32 -54.5298 -40.4262 15.2905
18779 -47.697 -76 -32 -55.2776 -40.1164 15.2752
18789 -47.503 -82 -29 -54.7905 -40.2155 15.2599
18799 -47.017 -75 -32 -53.9033 -40.1307 15.2447
18809 -47.143 -81 -32 -53.9894 -40.2966 15.2294
18819 -47.148 -84 -32 -53.9798 -40.3162 15.2142
18829 -47.406 -81 -32 -54.5205 -40.2915 15.199
18839 -47.325 -72 -28 -54.085 -40.565 15.1838
18849 -46.985 -82 -32 -53.7919 -40.1781 15.1686
18859 -47.281 -78 -32 -54.1924 -40.3696 15.1534
18869 -47.547 -75 -32 -54.6532 -40.4408 15.1383
18879 -47.552 -79 -32 -54.4112 -40.6928 15.1231
18889 -47.368 -87 -32 -54.5605 -40.1755 15.108
18899 -47.411 -82 -25 -54.5606 -40.2614 15.0929
18909 -47.463 -79 -32 -54.7876 -40.1384 15.0778
18919 -47.273 -76 -32 -54.4372 -40.1088 15.0627
18929 -47.426 -78 -32 -54.2539 -40.5981 15.0477
18939 -47.386 -78 -32 -54.3648 -40.4072 15.0326
18949 -47.257 -73 -32 -54.3739 -40.1401 15.0176
18959 -47.695 -92 -32 -55.0956 -40.2944 15.0026
18969 -46.987 -82 -32 -53.8211 -40.1529 14.9876
18979 -46.939 -78 -28 -53.7858 -40.0922 14.9726
18989 -47.169 -71 -32 -54.0016 -40.3364 14.9576
18999 -46.572 -79 -32 -53.3523 -39.7917 14.9427
19009 -47.263 -82 -32 -54.4745 -40.0515 14.9277
19019 -46.914 -74 -32 -53.7193 -40.1087 14.9128
19029 -47.125 -74 -32 -54.1892 -40.0608 14.8979
19039 -47.292 -73 -28 -53.8698 -40.7142 14.883
19049 -47.201 -77 -32 -54.218 -40.184 14.8681
19059 -47.336 -87 -32 -54.3703 -40.3017 14.8532
19069 -46.735 -80 -32 -53.6415 -39.8285 14.8384
19079 -47.333 -75 -32 -54.2592 -40.4068 14.8235
19089 -46.709 -87 -31 -53.2829 -40.1351 14.8087
19099 -47.238 -77 -28 -54.2583 -40.2177 14.7939
19109 -46.93 -79 -32 -53.9417 -39.9183 14.7791
19119 -47.215 -77 -32 -54.2472 -40.1828 14.7643
19129 -47.416 -83 -32 -54.6168 -40.2152 14.7496
19139 -46.993 -77 -32 -53.6776 -40.3084 14.7348
19149 -47.266 -87 -32 -54.5744 -39.9576 14.7201
19159 -47.018 -74 -32 -53.6799 -40.3561 14.7054
19169 -46.721 -77 -32 -53.5331 -39.9089 14.6906
19179 -46.971 -82 -28 -53.7591 -40.1829 14.676
19189 -47.461 -76 -32 -54.4317 -40.4903 14.6613
19199 -46.928 -77 -31 -53.9113 -39.9447 14.6466
19209 -47.193 -75 -32 -54.044 -40.342 14.632
19219 -47.241 -77 -32 -54.0727 -40.4093 14.6173
19229 -47.237 -72 -32 -53.8101 -40.6639 14.6027
19239 -47.065 -76 -32 -53.8918 -40.2382 14.5881
19249 -47.025 -78 -28 -53.9659 -40.0841 14.5735
19259 -47.303 -82 -32 -54.3287 -40.2773 14.559
19269 -47.282 -91 -28 -54.8285 -39.7355 14.5444
19279 -46.752 -77 -32 -53.6943 -39.8097 14.5299
19289 -47.272 -82 -32 -54.6343 -39.9097 14.5153
19299 -47.278 -88 -32 -54.2634 -40.2926 14.5008
19309 -47.093 -78 -29 -54.1482 -40.0378 14.4863
19319 -47.098 -74 -32 -53.7834 -40.4126 14.4718
19329 -47.31 -78 -32 -54.1855 -40.4345 14.4574
19339 -46.934 -74 -32 -53.6708 -40.1972 14.4429
19349 -47.169 -77 -32 -54.278 -40.06 14.4285
19359 -46.894 -76 -28 -53.7563 -40.0317 14.414
19369 -46.497 -78 -32 -53.2116 -39.7824 14.3996
19379 -47.006 -84 -32 -54.0971 -39.9149 14.3852
19389 -47.497 -83 -32 -54.5844 -40.4096 14.3708
19399 -47.257 -82 -32 -54.207 -40.307 14.3565
19409 -47.435 -82 -32 -54.6467 -40.2233 14.3421
19419 -47.215 -78 -32 -54.1933 -40.2367 14.3278
19429 -47.156 -81 -32 -54.3564 -39.9556 14.3134
19439 -46.912 -83 -32 -53.9042 -39.9198 14.2991
19449 -47.27 -82 -32 -54.1855 -40.3545 14.2848
19459 -47.148 -74 -32 -53.9386 -40.3574 14.2705
19469 -47.384 -82 -32 -54.5872 -40.1808 14.2563
19479 -47.115 -73 -32 -54.1301 -40.0999 14.242
19489 -46.855 -76 -32 -53.8156 -39.8944 14.2278
19499 -47.316 -78 -32 -54.362 -40.27 14.2135
19509 -47.427 -76 -32 -54.7465 -40.1075 14.1993
19519 -47.354 -78 -32 -54.5387 -40.1693 14.1851
19529 -47.254 -74 -32 -54.2414 -40.2666 14.1709
19539 -47.239 -81 -32 -54.2208 -40.2572 14.1568
19549 -47.011 -83 -32 -54.207 -39.815 14.1426
19559 -47.352 -74 -32 -54.3122 -40.3918 14.1285
19569 -46.944 -82 -28 -53.9494 -39.9386 14.1143
19579 -47.311 -73 -32 -54.33 -40.292 14.1002
19589 -47.069 -72 -32 -53.912 -40.226 14.0861
19599 -46.968 -75 -29 -54.1075 -39.8285 14.072
19609 -46.972 -83 -32 -53.9133 -40.0307 14.058
19619 -47.195 -73 -32 -54.3278 -40.0622 14.0439
19629 -46.805 -80 -32 -53.7787 -39.8313 14.0299
19639 -47.053 -78 -32 -54.066 -40.04 14.0158
19649 -46.911 -78 -28 -54.0556 -39.7664 14.0018
19659 -46.886 -82 -32 -53.6004 -40.1716 13.9878
19669 -46.689 -74 -28 -53.7006 -39.6774 13.9738
19679 -46.94 -71 -32 -53.5834 -40.2966 13.9599
19689 -46.679 -83 -32 -53.5551 -39.8029 13.9459
19699 -47.291 -87 -29 -54.4658 -40.1162 13.9319
19709 -46.446 -71 -32 -52.94 -39.952 13.918
19719 -47.115 -81 -32 -53.8351 -40.3949 13.9041
19729 -47.014 -78 -28 -53.7323 -40.2957 13.8902
19739 -47.17 -84 -32 -53.8805 -40.4595 13.8763
19749 -46.722 -78 -32 -53.6535 -39.7905 13.8624
19759 -46.684 -87 -32 -53.4955 -39.8725 13.8486
19769 -46.578 -73 -32 -53.447 -39.709 13.8347
19779 -46.605 -80 -32 -53.3003 -39.9097 13.8209
19789 -46.883 -72 -32 -53.6819 -40.0841 13.8071
19799 -46.923 -77 -28 -53.7239 -40.1221 13.7933
19809 -46.93 -78 -32 -53.8611 -39.9989 13.7795
19819 -46.766 -76 -32 -53.8398 -39.6922 13.7657
19829 -46.819 -99 -32 -53.9022 -39.7358 13.7519
19839 -46.873 -81 -32 -53.9307 -39.8153 13.7382
19849 -46.882 -76 -28 -53.8026 -39.9614 13.7244
19859 -46.775 -72 -32 -53.8248 -39.7252 13.7107
19869 -46.673 -72 -32 -53.4526 -39.8934 13.697
19879 -46.796 -75 -32 -53.5742 -40.0178 13.6833
19889 -47.223 -74 -32 -54.1976 -40.2484 13.6696
19899 -46.857 -78 -32 -53.6573 -40.0567 13.6559
19909 -46.686 -80 -28 -53.2155 -40.1565 13.6423
19919 -47.021 -78 -32 -53.8882 -40.1538 13.6286
19929 -46.717 -77 -29 -53.6858 -39.7482 13.615
19939 -46.701 -81 -32 -53.4907 -39.9113 13.6014
19949 -47.09 -79 -32 -54.0946 -40.0854 13.5878
19959 -46.822 -75 -26 -53.6177 -40.0263 13.5742
19969 -46.513 -77 -32 -53.3939 -39.6321 13.5606
19979 -46.793 -77 -32 -53.7225 -39.8635 13.5471
19989 -47.558 -74 -32 -54.3674 -40.7486 13.5335
19999 -47.018 -77 -29 -53.8617 -40.1743 13.52
