0 -124.292 -457 -18 -184.091 -64.4928 100
9 -125.254 -408 -25 -184.102 -66.4058 99.9
19 -122.327 -428 -23 -179.742 -64.9121 99.8001
29 -123.083 -363 -25 -181.863 -64.3032 99.7003
39 -122.838 -404 -17 -180.494 -65.182 99.6006
49 -118.245 -362 -17 -172.911 -63.5789 99.501
59 -121.553 -378 -20 -179.399 -63.707 99.4015
69 -123.918 -365 -20 -182.512 -65.3236 99.3021
79 -120.578 -375 -20 -178.078 -63.0775 99.2028
89 -121.042 -389 -25 -178.947 -63.1366 99.1036
99 -119.768 -362 -26 -174.431 -65.1049 99.0045
109 -118.57 -392 -23 -176.039 -61.1006 98.9055
119 -118.433 -359 -26 -176.687 -60.1787 98.8066
129 -119.793 -387 -22 -176.345 -63.241 98.7078
139 -121.477 -326 -25 -177.741 -65.2134 98.6091
149 -119.043 -387 -17 -176.151 -61.935 98.5105
159 -121.012 -431 -16 -176.291 -65.7329 98.4119
169 -121.481 -362 -21 -179.887 -63.0755 98.3135
179 -118.704 -439 -26 -174.781 -62.627 98.2152
189 -119.433 -354 -28 -174.713 -64.1532 98.117
199 -118.631 -353 -19 -173.922 -63.3398 98.0189
209 -117.63 -388 -20 -174.483 -60.7773 97.9209
219 -117.881 -452 -15 -171.687 -64.0746 97.8229
229 -116.122 -338 -24 -169.939 -62.305 97.7251
239 -118.685 -353 -21 -176.06 -61.3101 97.6274
249 -119.08 -358 -25 -174.736 -63.4237 97.5298
259 -118.989 -347 -32 -173.104 -64.874 97.4322
269 -116.138 -446 -20 -171.135 -61.1411 97.3348
279 -116.733 -394 -23 -171.506 -61.9596 97.2375
289 -116.234 -317 -22 -168.429 -64.0392 97.1402
299 -117.737 -330 -28 -173.1 -62.3738 97.0431
309 -110.446 -418 -21 -161.536 -59.3563 96.9461
319 -115.811 -396 -19 -169.46 -62.1615 96.8491
329 -115.759 -398 -16 -171.057 -60.4611 96.7523
339 -115.091 -373 -24 -168.918 -61.264 96.6555
349 -114.42 -373 -23 -165.962 -62.878 96.5589
359 -111.997 -324 -19 -162.662 -61.3316 96.4623
369 -116.724 -343 -22 -170.798 -62.6505 96.3658
379 -113.088 -361 -14 -165.623 -60.5532 96.2695
389 -114.267 -378 -16 -169.095 -59.4391 96.1732
399 -113.563 -451 -16 -169.69 -57.4363 96.077
409 -113.124 -316 -24 -164.135 -62.1129 95.9809
419 -110.104 -368 -17 -164.2 -56.0081 95.885
429 -109.555 -376 -23 -161.235 -57.8749 95.7891
439 -111.702 -372 -26 -161.993 -61.4113 95.6933
449 -109.426 -388 -28 -160.473 -58.3789 95.5976
459 -112.695 -326 -19 -164.541 -60.849 95.502
469 -111.462 -378 -17 -164.966 -57.9583 95.4065
479 -109.066 -318 -23 -157.931 -60.2007 95.3111
489 -110.938 -399 -16 -165.202 -56.6738 95.2158
499 -114.03 -389 -20 -168.831 -59.2286 95.1206
509 -113.155 -448 -21 -165.953 -60.3575 95.0254
519 -109.215 -386 -18 -159.994 -58.4356 94.9304
529 -111.299 -372 -21 -160.623 -61.9751 94.8355
539 -112.454 -399 -22 -166.992 -57.9162 94.7407
549 -107.671 -390 -24 -157.806 -57.5363 94.6459
559 -107.813 -285 -25 -156.892 -58.7341 94.5513
569 -111.147 -375 -17 -163.973 -58.3206 94.4567
579 -107.29 -363 -26 -156.016 -58.5641 94.3623
589 -110.894 -313 -33 -160.177 -61.6111 94.2679
599 -108.218 -348 -21 -157.878 -58.5581 94.1736
609 -107.789 -425 -22 -158.92 -56.6577 94.0795
619 -104.453 -341 -20 -152.523 -56.3825 93.9854
629 -107.577 -346 -21 -157.063 -58.0914 93.8914
639 -107.383 -358 -13 -155.075 -59.6905 93.7975
649 -105.553 -329 -23 -153.959 -57.147 93.7037
659 -106.252 -410 -18 -155.882 -56.6224 93.61
669 -110.242 -327 -21 -161.033 -59.4507 93.5164
679 -108.516 -306 -19 -156.613 -60.4188 93.4229
689 -106.682 -336 -17 -157.982 -55.3817 93.3294
699 -107.839 -293 -16 -155.693 -59.9852 93.2361
709 -110.404 -366 -24 -161.882 -58.9258 93.1429
719 -105.975 -377 -22 -153.295 -58.6555 93.0497
729 -102.157 -292 -21 -147.303 -57.0112 92.9567
739 -104.158 -313 -18 -151.365 -56.9508 92.8637
749 -105.412 -335 -20 -151.868 -58.956 92.7709
759 -106.754 -333 -17 -156.037 -57.4712 92.6781
769 -102.829 -352 -20 -151.522 -54.1359 92.5854
779 -105.278 -353 -27 -154.638 -55.9185 92.4928
789 -101.327 -294 -17 -147.368 -55.2857 92.4003
799 -103.345 -322 -17 -149.06 -57.6296 92.3079
809 -107.482 -405 -19 -159.605 -55.3592 92.2156
819 -107.852 -379 -19 -158.188 -57.5159 92.1234
829 -107.453 -315 -26 -158.726 -56.1804 92.0313
839 -101.387 -297 -19 -146.938 -55.8358 91.9393
849 -104.295 -351 -17 -151.974 -56.6156 91.8473
859 -101.048 -299 -23 -145.569 -56.5266 91.7555
869 -103.715 -332 -24 -151.884 -55.546 91.6637
879 -105.492 -352 -23 -152.352 -58.6316 91.5721
889 -103.437 -388 -22 -151.519 -55.3547 91.4805
899 -103.179 -346 -24 -149.098 -57.2599 91.389
909 -101.71 -302 -21 -145.723 -57.6972 91.2976
919 -105.219 -396 -22 -153.328 -57.1103 91.2063
929 -103.019 -338 -22 -147.883 -58.1552 91.1151
939 -102.248 -313 -31 -147.148 -57.3477 91.024
949 -101.653 -301 -21 -146.916 -56.3902 90.933
959 -100.798 -336 -23 -146.355 -55.2407 90.842
969 -100.397 -302 -24 -144.842 -55.9519 90.7512
979 -102.404 -350 -23 -147.829 -56.9794 90.6604
989 -99.815 -336 -24 -144.778 -54.8523 90.5698
999 -101.975 -288 -19 -147.691 -56.2587 90.4792
1009 -103.905 -320 -16 -149.061 -58.7494 90.3887
1019 -101.767 -334 -28 -146.058 -57.4757 90.2983
1029 -102.029 -382 -18 -148.457 -55.6013 90.208
1039 -103.937 -373 -19 -150.92 -56.9535 90.1178
1049 -101.296 -282 -17 -144.445 -58.1472 90.0277
1059 -100.861 -308 -21 -147.231 -54.491 89.9377
1069 -98.625 -304 -28 -141.666 -55.5837 89.8478
1079 -100.687 -452 -18 -144.407 -56.9671 89.7579
1089 -98.916 -302 -19 -142.421 -55.4113 89.6682
1099 -98.327 -330 -26 -140.971 -55.6835 89.5785
1109 -101.102 -301 -17 -146.414 -55.7905 89.4889
1119 -99.66 -339 -16 -145.603 -53.7174 89.3994
1129 -101.603 -304 -21 -148.497 -54.709 89.31
1139 -98.508 -277 -23 -142.644 -54.3721 89.2207
1149 -99.11 -317 -19 -142.373 -55.8474 89.1315
1159 -98.712 -328 -17 -141.056 -56.368 89.0424
1169 -98.965 -349 -19 -143.737 -54.1929 88.9533
1179 -96.209 -302 -24 -137.789 -54.6288 88.8644
1189 -95.673 -397 -23 -138.217 -53.1287 88.7755
1199 -97.947 -378 -21 -141.13 -54.7642 88.6867
1209 -98.832 -276 -22 -140.648 -57.0164 88.598
1219 -98.199 -292 -18 -142.423 -53.9754 88.5094
1229 -97.792 -243 -30 -138.464 -57.1203 88.4209
1239 -96.418 -260 -18 -137.915 -54.9211 88.3325
1249 -97.518 -296 -24 -138.842 -56.1943 88.2442
1259 -98.862 -314 -20 -142.938 -54.786 88.1559
1269 -96.46 -277 -27 -137.437 -55.4832 88.0678
1279 -95.886 -276 -21 -137.407 -54.365 87.9797
1289 -96.046 -343 -20 -137.147 -54.9448 87.8917
1299 -95.819 -270 -20 -138.326 -53.3116 87.8038
1309 -95.742 -385 -19 -136.486 -54.9982 87.716
1319 -95.571 -295 -28 -137.477 -53.665 87.6283
1329 -98.276 -278 -26 -139.422 -57.1302 87.5407
1339 -95.931 -312 -22 -138.86 -53.002 87.4531
1349 -94.872 -303 -24 -135.302 -54.4423 87.3657
1359 -96.009 -294 -20 -137.258 -54.7597 87.2783
1369 -95.917 -320 -24 -138.608 -53.2258 87.191
1379 -94.547 -270 -21 -134.503 -54.5913 87.1039
1389 -96.915 -311 -19 -137.861 -55.9693 87.0168
1399 -92.588 -269 -22 -132.557 -52.619 86.9297
1409 -92.467 -277 -26 -132.378 -52.5563 86.8428
1419 -95.837 -321 -21 -137.954 -53.7204 86.756
1429 -93.243 -314 -27 -133.566 -52.9202 86.6692
1439 -95.185 -301 -24 -135.759 -54.6113 86.5825
1449 -94.516 -339 -29 -136.467 -52.5648 86.496
1459 -93.978 -296 -18 -133.795 -54.1615 86.4095
1469 -94.813 -263 -28 -136.388 -53.2381 86.323
1479 -94.328 -291 -20 -134.866 -53.7896 86.2367
1489 -94.302 -340 -19 -136.35 -52.254 86.1505
1499 -95.6 -297 -21 -136.604 -54.5959 86.0643
1509 -90.074 -275 -29 -128.275 -51.873 85.9783
1519 -93.317 -316 -25 -131.701 -54.9331 85.8923
1529 -90.435 -265 -22 -128.244 -52.6261 85.8064
1539 -90.217 -280 -26 -128.95 -51.4837 85.7206
1549 -91.507 -288 -19 -129.414 -53.5999 85.6349
1559 -92.129 -296 -21 -129.097 -55.1614 85.5492
1569 -91.736 -300 -25 -130.809 -52.6632 85.4637
1579 -91.915 -310 -17 -132.572 -51.258 85.3782
1589 -90.629 -246 -26 -129.621 -51.6369 85.2929
1599 -90.063 -286 -23 -127.541 -52.5854 85.2076
1609 -89.61 -255 -24 -125.895 -53.3252 85.1223
1619 -90.877 -250 -26 -129.583 -52.1714 85.0372
1629 -89.908 -302 -23 -126.552 -53.2642 84.9522
1639 -92.093 -256 -22 -130.652 -53.5342 84.8672
1649 -92.242 -297 -18 -130.893 -53.591 84.7824
1659 -89.42 -276 -26 -127.095 -51.7446 84.6976
1669 -90.548 -269 -23 -127.933 -53.1631 84.6129
1679 -90.877 -339 -25 -129.189 -52.5651 84.5283
1689 -91.102 -301 -23 -129.407 -52.7969 84.4437
1699 -91.394 -282 -25 -130.982 -51.8063 84.3593
1709 -89.165 -237 -27 -124.871 -53.4595 84.2749
1719 -92.228 -261 -29 -129.571 -54.8851 84.1907
1729 -88.754 -286 -21 -125.363 -52.1447 84.1065
1739 -90.685 -280 -26 -127.879 -53.4907 84.0224
1749 -85.163 -247 -18 -120.718 -49.6084 83.9384
1759 -88.17 -319 -19 -124.879 -51.4611 83.8544
1769 -88.275 -243 -21 -124.259 -52.2908 83.7706
1779 -90.098 -308 -19 -128.652 -51.5438 83.6868
1789 -88.29 -292 -19 -125.682 -50.8985 83.6031
1799 -88.269 -252 -27 -124.656 -51.8818 83.5195
1809 -88.456 -241 -20 -124.061 -52.8509 83.436
1819 -87.85 -231 -27 -124.278 -51.4223 83.3525
1829 -89.238 -256 -24 -125.066 -53.4095 83.2692
1839 -87.808 -246 -20 -123.651 -51.9655 83.1859
1849 -88.382 -291 -22 -126.812 -49.9525 83.1027
1859 -89.043 -257 -24 -125.109 -52.9771 83.0196
1869 -87.011 -255 -21 -122.479 -51.5432 82.9366
1879 -87.205 -295 -23 -123.646 -50.7645 82.8537
1889 -86.58 -302 -28 -123.336 -49.8237 82.7708
1899 -85.972 -247 -13 -121.304 -50.6396 82.6881
1909 -84.96 -237 -24 -117.409 -52.5106 82.6054
1919 -86.35 -283 -23 -122.083 -50.6169 82.5228
1929 -86.201 -276 -22 -120.75 -51.6523 82.4402
1939 -87.567 -247 -20 -122.441 -52.6935 82.3578
1949 -85.966 -271 -28 -121.318 -50.6136 82.2754
1959 -86.387 -245 -20 -120.801 -51.9727 82.1932
1969 -87.119 -252 -22 -122.203 -52.0355 82.111
1979 -86.297 -261 -17 -120.455 -52.1386 82.0289
1989 -84.069 -294 -16 -117.018 -51.1203 81.9468
1999 -86.185 -257 -25 -119.799 -52.571 81.8649
2009 -84.703 -220 -20 -116.979 -52.4269 81.783
2019 -85.202 -219 -19 -118.564 -51.8402 81.7012
2029 -84.735 -278 -23 -119.687 -49.7832 81.6195
2039 -84.579 -335 -21 -118.421 -50.7371 81.5379
2049 -86.163 -276 -17 -119.915 -52.4108 81.4564
2059 -85.929 -278 -21 -119.687 -52.1712 81.3749
2069 -85.643 -261 -18 -121.986 -49.2999 81.2935
2079 -84.484 -282 -16 -118.17 -50.7983 81.2123
2089 -83.266 -291 -21 -116.073 -50.4588 81.131
2099 -84.869 -252 -26 -118.127 -51.6111 81.0499
2109 -82.095 -274 -27 -113.866 -50.3241 80.9689
2119 -82.732 -290 -18 -117.002 -48.4624 80.8879
2129 -82.703 -234 -25 -115.845 -49.5612 80.807
2139 -84.573 -277 -17 -119.703 -49.4435 80.7262
2149 -83.549 -234 -26 -116.04 -51.0577 80.6455
2159 -83.044 -257 -18 -115.718 -50.3697 80.5648
2169 -83.312 -244 -19 -117.406 -49.2182 80.4843
2179 -85.834 -257 -22 -120.15 -51.5181 80.4038
2189 -81.989 -244 -24 -113.118 -50.8601 80.3234
2199 -82.617 -280 -22 -115.147 -50.0869 80.243
2209 -84.912 -244 -25 -119.01 -50.8139 80.1628
2219 -84.556 -221 -31 -117.489 -51.6227 80.0826
2229 -84.881 -260 -28 -118.692 -51.0701 80.0026
2239 -82.255 -244 -22 -114.772 -49.7379 79.9226
2249 -80.121 -240 -27 -110.59 -49.6518 79.8426
2259 -82.074 -283 -21 -113.384 -50.7637 79.7628
2269 -82.294 -209 -17 -114.8 -49.7878 79.683
2279 -82.923 -290 -31 -117.084 -48.7618 79.6033
2289 -83.199 -263 -25 -115.22 -51.1784 79.5237
2299 -81.692 -255 -22 -114.079 -49.3051 79.4442
2309 -81.576 -265 -30 -113.354 -49.7976 79.3648
2319 -83.129 -254 -21 -116.973 -49.2847 79.2854
2329 -83.575 -277 -26 -118.206 -48.9445 79.2061
2339 -80.316 -229 -24 -110.243 -50.3893 79.1269
2349 -79.887 -291 -25 -111.241 -48.5331 79.0478
2359 -81 -274 -16 -112.14 -49.8595 78.9687
2369 -82.209 -369 -27 -114.695 -49.7231 78.8898
2379 -79.919 -217 -15 -110.328 -49.5104 78.8109
2389 -79.278 -241 -22 -107.834 -50.7216 78.7321
2399 -82.595 -261 -24 -115.804 -49.3861 78.6533
2409 -78.81 -246 -23 -109.265 -48.3549 78.5747
2419 -80.095 -202 -23 -110.097 -50.0926 78.4961
2429 -81.184 -216 -19 -112.518 -49.8504 78.4176
2439 -80.502 -304 -23 -111.244 -49.7597 78.3392
2449 -81.58 -260 -24 -112.927 -50.2326 78.2609
2459 -80.693 -226 -27 -110.003 -51.3832 78.1826
2469 -81.353 -239 -28 -112.447 -50.2593 78.1044
2479 -82.013 -221 -20 -113.161 -50.8653 78.0263
2489 -79.636 -210 -22 -109.125 -50.1468 77.9483
2499 -78.18 -230 -20 -108.537 -47.8231 77.8703
2509 -78.926 -231 -19 -107.718 -50.1342 77.7925
2519 -80.417 -306 -24 -113.638 -47.1962 77.7147
2529 -78.864 -220 -24 -109.505 -48.2227 77.637
2539 -80.248 -220 -30 -111.941 -48.5547 77.5593
2549 -78.725 -205 -19 -107.602 -49.8484 77.4818
2559 -79.622 -196 -20 -109.596 -49.6475 77.4043
2569 -79.605 -199 -28 -108.022 -51.1875 77.3269
2579 -79.296 -231 -18 -109.327 -49.2654 77.2496
2589 -78.125 -223 -21 -107.549 -48.7011 77.1723
2599 -79.333 -239 -22 -109.873 -48.793 77.0951
2609 -78.138 -244 -25 -107.895 -48.3807 77.018
2619 -77.917 -228 -23 -108.206 -47.6283 76.941
2629 -78.424 -230 -25 -107.707 -49.1414 76.8641
2639 -77.628 -247 -21 -107.149 -48.1065 76.7872
2649 -79.828 -208 -26 -108.962 -50.694 76.7104
2659 -77.615 -224 -18 -105.908 -49.322 76.6337
2669 -78.394 -206 -22 -107.791 -48.997 76.5571
2679 -77.673 -212 -23 -106.489 -48.8568 76.4805
2689 -77.961 -232 -22 -106.463 -49.459 76.404
2699 -79.303 -235 -18 -110.258 -48.3482 76.3276
2709 -78.02 -246 -28 -107.494 -48.5461 76.2513
2719 -77.136 -214 -27 -105.474 -48.7977 76.1751
2729 -77.968 -218 -19 -105.952 -49.9841 76.0989
2739 -77.34 -264 -23 -107.096 -47.584 76.0228
2749 -77.781 -279 -23 -107.308 -48.254 75.9468
2759 -76.692 -243 -23 -106.935 -46.4494 75.8708
2769 -76.062 -224 -16 -103.479 -48.6446 75.7949
2779 -76.642 -237 -15 -106.147 -47.1368 75.7191
2789 -77.825 -220 -22 -106.797 -48.8535 75.6434
2799 -77.976 -219 -27 -106.685 -49.2669 75.5678
2809 -76.449 -230 -19 -103.988 -48.91 75.4922
2819 -76.354 -214 -25 -104.584 -48.1244 75.4167
2829 -75.643 -217 -22 -102.511 -48.7749 75.3413
2839 -77.19 -244 -23 -105.544 -48.8359 75.266
2849 -76.618 -250 -22 -105.47 -47.7663 75.1907
2859 -75.687 -278 -19 -104.342 -47.0318 75.1155
2869 -76.745 -244 -16 -105.076 -48.4139 75.0404
2879 -75.638 -215 -14 -102.995 -48.2807 74.9654
2889 -75.315 -200 -29 -102.459 -48.1705 74.8904
2899 -75.618 -209 -20 -102.275 -48.9607 74.8155
2909 -75.137 -194 -24 -101.696 -48.5779 74.7407
2919 -76.377 -286 -21 -105.218 -47.5364 74.6659
2929 -75.679 -219 -27 -104.057 -47.3007 74.5913
2939 -75.984 -225 -24 -103.562 -48.4059 74.5167
2949 -75.666 -193 -18 -103.406 -47.9264 74.4422
2959 -76.054 -227 -25 -104.866 -47.2416 74.3677
2969 -76.616 -195 -25 -103.775 -49.4572 74.2934
2979 -74.873 -193 -17 -100.89 -48.8558 74.2191
2989 -74.021 -198 -21 -99.9418 -48.1002 74.1448
2999 -75.327 -230 -31 -103.619 -47.0349 74.0707
3009 -74.465 -312 -20 -101.504 -47.4258 73.9966
3019 -74.46 -236 -23 -100.641 -48.2789 73.9226
3029 -74.436 -222 -23 -101.524 -47.3478 73.8487
3039 -74.256 -190 -23 -99.8409 -48.6711 73.7749
3049 -75.247 -222 -16 -102.79 -47.7042 73.7011
3059 -74.716 -187 -23 -101.98 -47.4523 73.6274
3069 -73.532 -173 -24 -98.9147 -48.1493 73.5538
3079 -74.469 -227 -19 -100.22 -48.7183 73.4802
3089 -74.078 -184 -29 -100.016 -48.1399 73.4067
3099 -75.427 -184 -17 -102.139 -48.7149 73.3333
3109 -74.224 -194 -23 -100.828 -47.6196 73.26
3119 -75.583 -225 -24 -104.907 -46.2592 73.1867
3129 -74.462 -191 -30 -99.8519 -49.0721 73.1135
3139 -73.839 -182 -26 -99.5966 -48.0814 73.0404
3149 -73.363 -193 -28 -99.3012 -47.4248 72.9674
3159 -71.703 -206 -22 -96.9867 -46.4193 72.8944
3169 -72.648 -194 -26 -97.4604 -47.8356 72.8215
3179 -72.533 -199 -26 -97.0239 -48.0421 72.7487
3189 -72.743 -194 -19 -98.5902 -46.8958 72.676
3199 -72.175 -188 -20 -97.2605 -47.0895 72.6033
3209 -73.103 -219 -26 -99.5907 -46.6153 72.5307
3219 -72.206 -205 -20 -98.2558 -46.1562 72.4581
3229 -72.555 -218 -21 -98.8245 -46.2855 72.3857
3239 -72.121 -225 -22 -97.8551 -46.3869 72.3133
3249 -73.112 -221 -24 -98.9274 -47.2966 72.241
3259 -71.698 -230 -26 -96.9274 -46.4686 72.1687
3269 -72.508 -219 -27 -99.101 -45.915 72.0966
3279 -74.333 -199 -17 -101.433 -47.2334 72.0245
3289 -71.324 -190 -16 -96.0036 -46.6444 71.9525
3299 -71.652 -255 -20 -96.7551 -46.5489 71.8805
3309 -71.819 -187 -21 -96.8725 -46.7655 71.8086
3319 -71.09 -187 -26 -96.2446 -45.9354 71.7368
3329 -70.872 -194 -22 -95.1839 -46.5601 71.6651
3339 -72.773 -236 -28 -98.294 -47.252 71.5934
3349 -71.433 -212 -17 -97.3086 -45.5574 71.5218
3359 -72.349 -197 -29 -97.5341 -47.1639 71.4503
3369 -70.702 -234 -25 -95.0774 -46.3266 71.3788
3379 -72.222 -193 -30 -97.5156 -46.9284 71.3075
3389 -72.208 -198 -26 -98.6698 -45.7462 71.2362
3399 -71.865 -192 -19 -96.7309 -46.9991 71.1649
3409 -72.561 -199 -26 -97.7989 -47.3231 71.0938
3419 -72.079 -209 -21 -97.0895 -47.0685 71.0227
3429 -70.991 -223 -28 -94.869 -47.113 70.9516
3439 -71.111 -224 -23 -96.3912 -45.8308 70.8807
3449 -69.329 -186 -16 -92.5901 -46.0679 70.8098
3459 -71.04 -226 -25 -96.3078 -45.7722 70.739
3469 -70.91 -206 -27 -95.4825 -46.3375 70.6683
3479 -70.817 -188 -30 -93.7123 -47.9217 70.5976
3489 -70.725 -197 -30 -94.7308 -46.7192 70.527
3499 -70.933 -200 -19 -95.5228 -46.3432 70.4565
3509 -71.144 -219 -19 -96.057 -46.231 70.386
3519 -70.463 -184 -23 -94.6834 -46.2426 70.3156
3529 -71.889 -187 -25 -97.0895 -46.6885 70.2453
3539 -71.318 -256 -17 -95.8277 -46.8083 70.1751
3549 -70.937 -230 -22 -96.4276 -45.4464 70.1049
3559 -70.422 -200 -29 -94.6368 -46.2072 70.0348
3569 -70.12 -213 -19 -94.3993 -45.8407 69.9648
3579 -69.665 -181 -30 -92.5683 -46.7617 69.8948
3589 -69.836 -194 -21 -92.4855 -47.1865 69.8249
3599 -71.068 -248 -24 -95.9654 -46.1706 69.7551
3609 -70.119 -184 -27 -93.7576 -46.4804 69.6853
3619 -69.354 -177 -21 -93.7121 -44.9959 69.6156
3629 -70.451 -203 -26 -94.453 -46.449 69.546
3639 -70.68 -201 -28 -95.2 -46.16 69.4765
3649 -69.941 -185 -23 -93.1883 -46.6937 69.407
3659 -70.551 -196 -18 -95.1192 -45.9828 69.3376
3669 -69.106 -203 -25 -92.2693 -45.9427 69.2682
3679 -70.673 -191 -33 -94.3629 -46.9831 69.199
3689 -69.628 -187 -25 -92.2681 -46.9879 69.1298
3699 -70.135 -176 -22 -94.1601 -46.1099 69.0606
3709 -68.637 -190 -25 -91.3713 -45.9027 68.9916
3719 -69.732 -171 -25 -92.9526 -46.5114 68.9226
3729 -69.139 -181 -27 -91.5488 -46.7292 68.8537
3739 -69.82 -205 -28 -93.5373 -46.1027 68.7848
3749 -69.44 -172 -22 -92.4783 -46.4017 68.716
3759 -69.553 -185 -25 -92.241 -46.865 68.6473
3769 -69.754 -179 -26 -92.8437 -46.6643 68.5787
3779 -68.854 -159 -22 -91.0231 -46.6849 68.5101
3789 -69.798 -196 -22 -95.1283 -44.4677 68.4416
3799 -69.361 -247 -28 -92.0653 -46.6567 68.3731
3809 -68.214 -208 -29 -89.33 -47.098 68.3048
3819 -69.783 -188 -23 -92.9547 -46.6113 68.2365
3829 -68.171 -197 -22 -90.907 -45.435 68.1682
3839 -69.915 -231 -32 -92.7584 -47.0716 68.1001
3849 -68.762 -207 -30 -90.9548 -46.5692 68.032
3859 -67.452 -190 -19 -88.7032 -46.2008 67.9639
3869 -67.392 -208 -19 -89.7145 -45.0695 67.896
3879 -67.739 -198 -19 -90.5635 -44.9145 67.8281
3889 -67.899 -174 -19 -90.6785 -45.1195 67.7602
3899 -68.461 -190 -28 -90.9791 -45.9429 67.6925
3909 -68.38 -192 -30 -90.5613 -46.1987 67.6248
3919 -67.877 -186 -31 -89.9018 -45.8522 67.5572
3929 -67.895 -217 -31 -88.7147 -47.0753 67.4896
3939 -67.848 -182 -25 -89.4499 -46.2461 67.4221
3949 -68.734 -172 -24 -91.3756 -46.0924 67.3547
3959 -68.322 -167 -23 -90.7605 -45.8835 67.2873
3969 -68.852 -158 -29 -90.981 -46.723 67.22
3979 -68.785 -193 -27 -91.0495 -46.5205 67.1528
3989 -68.603 -189 -16 -90.5145 -46.6915 67.0857
3999 -68.324 -159 -20 -90.5355 -46.1125 67.0186
4009 -66.291 -202 -25 -86.8488 -45.7332 66.9516
4019 -67.315 -221 -26 -90.3222 -44.3078 66.8846
4029 -67.874 -182 -29 -89.4893 -46.2587 66.8177
4039 -65.312 -199 -21 -86.8363 -43.7877 66.7509
4049 -66.715 -198 -20 -88.5981 -44.8319 66.6842
4059 -67.039 -160 -26 -87.7663 -46.3117 66.6175
4069 -67.613 -188 -22 -89.7682 -45.4578 66.5509
4079 -66.581 -164 -18 -87.5027 -45.6593 66.4843
4089 -66.551 -178 -25 -88.1933 -44.9087 66.4178
4099 -66.19 -166 -28 -86.71 -45.67 66.3514
4109 -66.505 -201 -24 -88.2769 -44.7331 66.2851
4119 -65.485 -166 -19 -84.9941 -45.9759 66.2188
4129 -65.727 -167 -29 -86.3838 -45.0702 66.1526
4139 -66.812 -174 -28 -88.407 -45.217 66.0864
4149 -64.645 -184 -28 -84.8588 -44.4312 66.0203
4159 -65.716 -173 -29 -85.8305 -45.6015 65.9543
4169 -65.476 -157 -28 -86.1182 -44.8338 65.8883
4179 -64.964 -217 -25 -84.5694 -45.3586 65.8225
4189 -65.742 -172 -24 -86.1928 -45.2912 65.7566
4199 -65.906 -188 -23 -86.2647 -45.5473 65.6909
4209 -65.073 -167 -26 -85.4768 -44.6692 65.6252
4219 -66.247 -172 -19 -86.8009 -45.6931 65.5596
4229 -65.185 -166 -23 -84.717 -45.653 65.494
4239 -65.943 -206 -22 -87.6197 -44.2663 65.4285
4249 -64.663 -180 -24 -85.0962 -44.2298 65.3631
4259 -65.909 -190 -33 -86.2703 -45.5477 65.2977
4269 -66.021 -164 -24 -86.7152 -45.3268 65.2324
4279 -65.332 -161 -22 -86.1451 -44.5189 65.1672
4289 -65.701 -175 -26 -85.758 -45.644 65.102
4299 -66.114 -199 -26 -87.4044 -44.8236 65.0369
4309 -64.572 -158 -24 -83.8819 -45.2621 64.9719
4319 -66.091 -199 -27 -89.1833 -42.9987 64.9069
4329 -63.85 -165 -25 -83.0499 -44.6501 64.842
4339 -63.927 -170 -24 -82.6734 -45.1806 64.7772
4349 -64.539 -191 -26 -85.1683 -43.9097 64.7124
4359 -64.059 -166 -28 -84.4465 -43.6715 64.6477
4369 -66.556 -180 -19 -87.5115 -45.6005 64.583
4379 -66.36 -170 -26 -87.8501 -44.8699 64.5184
4389 -64.64 -173 -28 -84.0759 -45.2041 64.4539
4399 -63.935 -180 -23 -83.4049 -44.4651 64.3895
4409 -65.104 -170 -26 -84.9689 -45.2391 64.3251
4419 -65.258 -157 -27 -84.9809 -45.5351 64.2608
4429 -65.419 -162 -20 -85.7104 -45.1276 64.1965
4439 -65.427 -190 -27 -85.9634 -44.8906 64.1323
4449 -64.393 -164 -21 -85.0885 -43.6975 64.0682
4459 -64.765 -159 -19 -84.3158 -45.2142 64.0041
4469 -64.993 -171 -29 -85.4315 -44.5545 63.9401
4479 -63.985 -167 -18 -82.8555 -45.1145 63.8761
4489 -63.89 -180 -31 -84.0315 -43.7485 63.8123
4499 -64.343 -182 -32 -84.1023 -44.5837 63.7485
4509 -64.27 -214 -30 -84.9298 -43.6102 63.6847
4519 -64.018 -163 -19 -83.5417 -44.4943 63.621
4529 -64.089 -177 -25 -84.3075 -43.8705 63.5574
4539 -64.006 -164 -26 -83.9726 -44.0394 63.4938
4549 -64.688 -178 -21 -84.5822 -44.7938 63.4304
4559 -63.271 -174 -24 -82.0994 -44.4426 63.3669
4569 -64.338 -188 -28 -84.3786 -44.2974 63.3036
4579 -64.636 -152 -23 -84.3355 -44.9365 63.2403
4589 -63.676 -189 -32 -83.1261 -44.2259 63.177
4599 -64.884 -164 -28 -85.2093 -44.5587 63.1138
4609 -63.774 -192 -28 -83.1024 -44.4456 63.0507
4619 -63.676 -170 -15 -83.2866 -44.0654 62.9877
4629 -63.874 -178 -18 -83.4179 -44.3301 62.9247
4639 -64.362 -174 -27 -83.2477 -45.4763 62.8618
4649 -64.484 -173 -28 -84.4993 -44.4687 62.7989
4659 -63.762 -155 -21 -82.3261 -45.1979 62.7361
4669 -63.645 -145 -26 -82.4424 -44.8476 62.6734
4679 -63.935 -169 -28 -82.3541 -45.5159 62.6107
4689 -63.195 -182 -30 -82.41 -43.98 62.5481
4699 -64.769 -150 -28 -83.3152 -46.2228 62.4855
4709 -64.458 -152 -22 -84.5949 -44.3211 62.423
4719 -63.81 -164 -24 -82.712 -44.908 62.3606
4729 -63.313 -157 -33 -82.1212 -44.5048 62.2983
4739 -64.298 -181 -26 -83.9051 -44.6909 62.236
4749 -63.27 -161 -24 -81.831 -44.709 62.1737
4759 -63.6 -168 -16 -82.5428 -44.6572 62.1116
4769 -63.852 -168 -27 -82.9269 -44.7771 62.0494
4779 -61.767 -133 -16 -78.5338 -45.0002 61.9874
4789 -62.079 -169 -29 -80.1914 -43.9666 61.9254
4799 -62.853 -172 -25 -81.7311 -43.9749 61.8635
4809 -62.517 -157 -17 -80.5233 -44.5107 61.8016
4819 -62.365 -166 -23 -80.5151 -44.2149 61.7398
4829 -62.21 -163 -22 -80.6551 -43.7649 61.6781
4839 -62.198 -167 -32 -80.0264 -44.3696 61.6164
4849 -62.701 -156 -29 -81.5146 -43.8874 61.5548
4859 -62.766 -155 -18 -81.9922 -43.5398 61.4932
4869 -64.635 -156 -25 -84.6265 -44.6435 61.4317
4879 -63.387 -164 -23 -82.9273 -43.8467 61.3703
4889 -63.24 -163 -21 -82.3415 -44.1385 61.3089
4899 -62.556 -176 -32 -81.1607 -43.9513 61.2476
4909 -62.635 -176 -15 -80.7335 -44.5365 61.1864
4919 -62.305 -179 -23 -81.4778 -43.1322 61.1252
4929 -62.328 -180 -21 -80.8725 -43.7835 61.0641
4939 -62.837 -156 -26 -81.6337 -44.0403 61.003
4949 -61.845 -137 -18 -79.8741 -43.8159 60.942
4959 -61.558 -174 -19 -79.8488 -43.2672 60.8811
4969 -62.15 -163 -29 -79.442 -44.858 60.8202
4979 -62.372 -161 -28 -80.6287 -44.1153 60.7594
4989 -62.83 -155 -27 -80.9815 -44.6785 60.6986
4999 -62.205 -171 -34 -79.6943 -44.7157 60.6379
5009 -61.116 -140 -23 -78.8556 -43.3764 60.5773
5019 -62.388 -159 -24 -80.857 -43.919 60.5167
5029 -62.269 -147 -32 -80.6165 -43.9215 60.4562
5039 -61.982 -147 -25 -78.9857 -44.9783 60.3957
5049 -62.804 -137 -29 -80.4402 -45.1678 60.3353
5059 -62.294 -166 -26 -80.8457 -43.7423 60.275
5069 -62.509 -158 -31 -79.9233 -45.0947 60.2147
5079 -61.9 -138 -33 -78.4151 -45.3849 60.1545
5089 -61.971 -146 -30 -79.325 -44.617 60.0943
5099 -61.946 -163 -24 -80.2842 -43.6078 60.0342
5109 -60.485 -141 -23 -77.2849 -43.6851 59.9742
5119 -61.602 -149 -26 -79.6592 -43.5448 59.9142
5129 -62.236 -190 -29 -81.1228 -43.3492 59.8543
5139 -61.384 -149 -22 -78.648 -44.12 59.7945
5149 -60.881 -146 -26 -77.8991 -43.8629 59.7347
5159 -61.035 -151 -19 -78.5837 -43.4863 59.6749
5169 -62.775 -163 -25 -80.9213 -44.6287 59.6153
5179 -61.396 -150 -22 -79.003 -43.789 59.5556
5189 -60.483 -152 -25 -77.5079 -43.4581 59.4961
5199 -61.64 -181 -30 -79.3152 -43.9648 59.4366
5209 -60.936 -190 -30 -79.049 -42.823 59.3772
5219 -60.652 -172 -25 -77.8319 -43.4721 59.3178
5229 -61.308 -148 -19 -78.4956 -44.1204 59.2585
5239 -62.532 -171 -17 -81.1906 -43.8734 59.1992
5249 -60.652 -156 -29 -78.1487 -43.1553 59.14
5259 -61.322 -171 -32 -78.1378 -44.5062 59.0809
5269 -61.094 -147 -27 -78.4629 -43.7251 59.0218
5279 -60.239 -189 -26 -77.5445 -42.9335 58.9628
5289 -61.237 -134 -27 -78.5038 -43.9702 58.9038
5299 -60.423 -194 -22 -78.3503 -42.4957 58.8449
5309 -61.226 -155 -31 -78.9231 -43.5289 58.786
5319 -60.832 -143 -28 -77.6412 -44.0228 58.7273
5329 -61.139 -153 -29 -78.6725 -43.6055 58.6685
5339 -60.745 -153 -26 -78.0041 -43.4859 58.6099
5349 -61.429 -155 -29 -79.1353 -43.7227 58.5513
5359 -61.682 -176 -27 -79.5313 -43.8327 58.4927
5369 -61.526 -147 -30 -78.9259 -44.1261 58.4342
5379 -60.996 -164 -15 -79.5049 -42.4871 58.3758
5389 -60.07 -135 -22 -76.3039 -43.8361 58.3174
5399 -60.984 -151 -19 -77.32 -44.648 58.2591
5409 -60.384 -131 -29 -77.0561 -43.7119 58.2008
5419 -61.024 -148 -27 -77.865 -44.183 58.1426
5429 -60.311 -148 -30 -77.3196 -43.3024 58.0845
5439 -61.005 -131 -21 -77.6508 -44.3592 58.0264
5449 -59.603 -142 -28 -75.7226 -43.4834 57.9684
5459 -59.904 -140 -29 -76.3695 -43.4385 57.9104
5469 -59.354 -182 -31 -75.4554 -43.2526 57.8525
5479 -59.906 -150 -23 -76.2145 -43.5975 57.7946
5489 -60.144 -147 -26 -76.3677 -43.9203 57.7368
5499 -59.24 -160 -23 -75.363 -43.117 57.6791
5509 -60.426 -151 -23 -76.4089 -44.4431 57.6214
5519 -60.682 -150 -26 -77.6373 -43.7267 57.5638
5529 -59.712 -150 -17 -75.9631 -43.4609 57.5062
5539 -61.595 -167 -30 -79.3836 -43.8064 57.4487
5549 -60.13 -140 -32 -76.1666 -44.0934 57.3913
5559 -59.691 -138 -20 -75.895 -43.487 57.3339
5569 -60.44 -155 -18 -77.6858 -43.1942 57.2766
5579 -59.6 -159 -25 -75.8132 -43.3868 57.2193
5589 -60.18 -185 -23 -76.9877 -43.3723 57.1621
5599 -60.359 -164 -28 -76.9419 -43.7761 57.1049
5609 -60.174 -134 -30 -76.5318 -43.8162 57.0478
5619 -59.381 -155 -23 -75.6286 -43.1334 56.9908
5629 -59.439 -149 -29 -75.6228 -43.2552 56.9338
5639 -59.446 -134 -29 -75.9839 -42.9081 56.8768
5649 -60.512 -168 -32 -77.9788 -43.0452 56.82
5659 -60.21 -228 -28 -77.4867 -42.9333 56.7631
5669 -58.776 -135 -31 -74.5608 -42.9912 56.7064
5679 -59.463 -133 -25 -76.0739 -42.8521 56.6497
5689 -60.836 -167 -31 -77.3012 -44.3708 56.593
5699 -59.12 -123 -29 -74.3075 -43.9325 56.5364
5709 -59.684 -159 -26 -76.5943 -42.7737 56.4799
5719 -59.472 -143 -26 -75.2352 -43.7088 56.4234
5729 -59.607 -131 -32 -75.4232 -43.7908 56.367
5739 -58.796 -135 -24 -74.0817 -43.5103 56.3106
5749 -59.971 -131 -29 -76.3426 -43.5994 56.2543
5759 -59.524 -157 -32 -75.6113 -43.4367 56.198
5769 -59.403 -130 -32 -74.8313 -43.9747 56.1418
5779 -59.749 -158 -32 -76.7121 -42.7859 56.0857
5789 -59.25 -134 -30 -75.0404 -43.4596 56.0296
5799 -60.164 -146 -19 -76.4824 -43.8456 55.9736
5809 -58.661 -125 -27 -73.7842 -43.5378 55.9176
5819 -59.523 -127 -27 -75.0797 -43.9663 55.8617
5829 -59.023 -178 -19 -75.2642 -42.7818 55.8058
5839 -59.52 -135 -31 -75.4752 -43.5648 55.75
5849 -59.215 -170 -30 -75.4075 -43.0225 55.6943
5859 -58.992 -170 -31 -74.8334 -43.1506 55.6386
5869 -58.898 -135 -28 -74.4671 -43.3289 55.5829
5879 -58.827 -145 -22 -74.3981 -43.2559 55.5274
5889 -59.764 -142 -26 -75.7481 -43.7799 55.4718
5899 -59.714 -134 -25 -76.281 -43.147 55.4164
5909 -59.245 -150 -17 -75.7811 -42.7089 55.361
5919 -59.56 -158 -20 -76.4424 -42.6776 55.3056
5929 -59.621 -147 -23 -76.2848 -42.9572 55.2503
5939 -58.373 -140 -20 -74.0614 -42.6846 55.195
5949 -59.552 -159 -30 -75.2777 -43.8263 55.1398
5959 -58.991 -155 -31 -74.8907 -43.0913 55.0847
5969 -58.984 -188 -29 -75.246 -42.722 55.0296
5979 -59.276 -144 -29 -75.4845 -43.0675 54.9746
5989 -58.325 -156 -26 -73.7658 -42.8842 54.9196
5999 -58.127 -194 -29 -73.2917 -42.9623 54.8647
6009 -59.67 -129 -29 -75.9823 -43.3577 54.8098
6019 -58.878 -143 -31 -74.5813 -43.1747 54.755
6029 -58.876 -142 -28 -74.8356 -42.9164 54.7003
6039 -58.87 -140 -33 -74.6491 -43.0909 54.6456
6049 -58.106 -133 -29 -72.7555 -43.4565 54.5909
6059 -58.58 -136 -28 -74.2351 -42.9249 54.5363
6069 -57.693 -137 -31 -72.8159 -42.5701 54.4818
6079 -58.163 -138 -32 -72.9567 -43.3693 54.4273
6089 -58.098 -121 -29 -73.3665 -42.8295 54.3729
6099 -58.603 -193 -26 -75.5868 -41.6192 54.3185
6109 -58.085 -143 -32 -73.4299 -42.7401 54.2642
6119 -58.402 -149 -27 -73.9062 -42.8978 54.2099
6129 -57.973 -138 -23 -72.9304 -43.0156 54.1557
6139 -59.034 -135 -28 -74.8862 -43.1818 54.1016
6149 -58.307 -143 -32 -73.3483 -43.2657 54.0475
6159 -57.231 -127 -25 -71.172 -43.29 53.9934
6169 -57.844 -142 -28 -72.9186 -42.7694 53.9394
6179 -57.951 -136 -25 -72.7784 -43.1236 53.8855
6189 -59.005 -123 -25 -74.5233 -43.4867 53.8316
6199 -56.905 -127 -28 -71.6957 -42.1143 53.7778
6209 -57.834 -172 -28 -73.3171 -42.3509 53.724
6219 -57.875 -145 -30 -73.1763 -42.5737 53.6703
6229 -57.713 -124 -31 -72.0362 -43.3898 53.6166
6239 -57.651 -135 -14 -71.5654 -43.7366 53.563
6249 -58.172 -128 -32 -73.0149 -43.3291 53.5094
6259 -58.245 -133 -26 -73.3796 -43.1104 53.4559
6269 -58.113 -138 -15 -73.5196 -42.7064 53.4024
6279 -58.333 -121 -23 -73.2872 -43.3788 53.349
6289 -57.723 -124 -32 -72.866 -42.58 53.2957
6299 -57.635 -158 -31 -72.4009 -42.8691 53.2424
6309 -57.648 -133 -30 -72.2644 -43.0316 53.1892
6319 -57.142 -129 -32 -71.685 -42.599 53.136
6329 -57.815 -140 -18 -73.3967 -42.2333 53.0828
6339 -58.194 -140 -32 -72.7985 -43.5895 53.0297
6349 -57.48 -134 -16 -71.7689 -43.1911 52.9767
6359 -57.023 -124 -29 -71.5904 -42.4556 52.9237
6369 -57.282 -118 -24 -71.8102 -42.7538 52.8708
6379 -57.563 -123 -25 -72.2927 -42.8333 52.8179
6389 -58.075 -137 -23 -72.8696 -43.2804 52.7651
6399 -57.988 -155 -29 -73.9266 -42.0494 52.7124
6409 -57.532 -156 -32 -72.2074 -42.8566 52.6596
6419 -57.079 -156 -29 -71.8246 -42.3334 52.607
6429 -57.41 -169 -29 -72.3074 -42.5126 52.5544
6439 -57.666 -137 -30 -72.8369 -42.4951 52.5018
6449 -57.779 -168 -29 -73.1867 -42.3713 52.4493
6459 -56.715 -145 -23 -70.8075 -42.6225 52.3969
6469 -56.992 -129 -24 -71.4288 -42.5552 52.3445
6479 -57.894 -136 -31 -72.5044 -43.2836 52.2921
6489 -58.104 -138 -26 -73.6755 -42.5325 52.2398
6499 -57.253 -123 -28 -71.0277 -43.4783 52.1876
6509 -57.784 -179 -32 -73.3879 -42.1801 52.1354
6519 -56.799 -122 -29 -71.6978 -41.9002 52.0833
6529 -57.212 -147 -24 -72.0251 -42.3989 52.0312
6539 -55.963 -118 -25 -68.9345 -42.9915 51.9792
6549 -57.026 -123 -31 -71.0944 -42.9576 51.9272
6559 -56.482 -122 -21 -70.576 -42.388 51.8753
6569 -56.594 -119 -20 -70.3305 -42.8575 51.8234
6579 -56.733 -164 -19 -71.4915 -41.9745 51.7716
6589 -56.6 -121 -32 -70.4358 -42.7642 51.7198
6599 -56.557 -134 -32 -70.5588 -42.5552 51.6681
6609 -56.388 -122 -29 -70.3024 -42.4736 51.6164
6619 -56.904 -125 -30 -71.3675 -42.4405 51.5648
6629 -56.88 -130 -32 -71.2484 -42.5116 51.5132
6639 -56.433 -155 -26 -70.8609 -42.0051 51.4617
6649 -56.665 -123 -32 -70.6374 -42.6926 51.4102
6659 -57.361 -132 -26 -72.1769 -42.5451 51.3588
6669 -56.399 -137 -17 -70.8715 -41.9265 51.3075
6679 -56.595 -128 -32 -70.3969 -42.7931 51.2562
6689 -56.385 -134 -31 -70.1718 -42.5982 51.2049
6699 -56.3 -132 -32 -70.3474 -42.2526 51.1537
6709 -56.638 -134 -22 -71.1531 -42.1229 51.1026
6719 -57.17 -113 -29 -71.0096 -43.3304 51.0515
6729 -56.827 -117 -30 -70.5531 -43.1009 51.0004
6739 -56.103 -122 -29 -69.3567 -42.8493 50.9494
6749 -56.551 -124 -31 -70.0643 -43.0377 50.8984
6759 -56.98 -125 -26 -71.5344 -42.4256 50.8476
6769 -56.64 -130 -24 -70.7584 -42.5216 50.7967
6779 -56.841 -142 -21 -71.7844 -41.8976 50.7459
6789 -56.53 -128 -25 -69.9077 -43.1523 50.6952
6799 -56.813 -123 -30 -71.0155 -42.6105 50.6445
6809 -55.739 -135 -27 -69.1943 -42.2837 50.5938
6819 -56.975 -128 -28 -70.8368 -43.1132 50.5432
6829 -56.481 -132 -25 -70.694 -42.268 50.4927
6839 -56.01 -125 -28 -69.956 -42.064 50.4422
6849 -56.656 -123 -30 -71.0115 -42.3005 50.3917
6859 -56.676 -132 -23 -70.1944 -43.1576 50.3414
6869 -56.81 -131 -28 -70.8487 -42.7713 50.291
6879 -56.454 -117 -27 -69.7729 -43.1351 50.2407
6889 -56.036 -147 -28 -69.9203 -42.1517 50.1905
6899 -56.49 -127 -21 -71.1707 -41.8093 50.1403
6909 -56.847 -149 -28 -71.4787 -42.2153 50.0902
6919 -55.792 -125 -18 -69.7058 -41.8782 50.0401
6929 -56.331 -167 -30 -71.0723 -41.5897 49.99
6939 -56.174 -140 -30 -69.804 -42.544 49.94
6949 -56.193 -116 -29 -69.4021 -42.9839 49.8901
6959 -55.586 -117 -26 -68.6364 -42.5356 49.8402
6969 -55.011 -139 -32 -68.0527 -41.9693 49.7904
6979 -55.283 -124 -22 -67.648 -42.918 49.7406
6989 -56.594 -125 -26 -70.8123 -42.3757 49.6908
6999 -56.521 -161 -26 -71.485 -41.557 49.6411
7009 -56.228 -124 -25 -70.2371 -42.2189 49.5915
7019 -56.771 -118 -32 -70.9409 -42.6011 49.5419
7029 -56.93 -142 -33 -71.5528 -42.3072 49.4924
7039 -55.672 -110 -21 -69.339 -42.005 49.4429
7049 -56.129 -118 -32 -69.7988 -42.4592 49.3934
7059 -56.258 -124 -32 -70.0039 -42.5121 49.344
7069 -56.786 -146 -32 -71.3836 -42.1884 49.2947
7079 -55.905 -127 -27 -70.0956 -41.7144 49.2454
7089 -55.981 -121 -22 -69.7887 -42.1733 49.1962
7099 -56.166 -124 -31 -69.9329 -42.3991 49.147
7109 -56.623 -136 -26 -70.8791 -42.3669 49.0978
7119 -55.92 -130 -32 -69.2784 -42.5616 49.0487
7129 -55.851 -127 -32 -69.0843 -42.6177 48.9997
7139 -55.391 -114 -29 -68.4107 -42.3713 48.9507
7149 -55.63 -111 -16 -68.5047 -42.7553 48.9017
7159 -55.95 -124 -32 -69.6432 -42.2568 48.8528
7169 -55.609 -113 -32 -68.7529 -42.4651 48.804
7179 -55.322 -160 -24 -68.6138 -42.0302 48.7552
7189 -55.121 -115 -30 -67.784 -42.458 48.7064
7199 -55.398 -138 -23 -68.6451 -42.1509 48.6577
7209 -55.044 -113 -29 -67.4539 -42.6341 48.609
7219 -54.728 -135 -30 -67.9385 -41.5175 48.5604
7229 -55.586 -144 -25 -69.3891 -41.7829 48.5119
7239 -55.663 -144 -22 -69.3211 -42.0049 48.4634
7249 -55.735 -158 -28 -69.6208 -41.8492 48.4149
7259 -55.284 -111 -27 -68.3777 -42.1903 48.3665
7269 -55.527 -138 -29 -69.1117 -41.9423 48.3181
7279 -55.797 -105 -29 -68.7623 -42.8317 48.2698
7289 -55.431 -108 -30 -68.1492 -42.7128 48.2215
7299 -56.448 -137 -29 -70.1701 -42.7259 48.1733
7309 -55.331 -139 -29 -69.5455 -41.1165 48.1251
7319 -55.377 -155 -32 -68.9066 -41.8474 48.077
7329 -55.131 -122 -30 -68.4343 -41.8277 48.0289
7339 -55.824 -158 -32 -70.0435 -41.6045 47.9809
7349 -55.713 -126 -32 -69.077 -42.349 47.9329
7359 -54.847 -121 -29 -67.2688 -42.4252 47.885
7369 -55.271 -132 -29 -69.0019 -41.5401 47.8371
7379 -54.755 -131 -32 -67.1298 -42.3802 47.7893
7389 -55.243 -116 -32 -68.3895 -42.0965 47.7415
7399 -55.447 -114 -31 -68.4588 -42.4352 47.6937
7409 -55.338 -117 -29 -68.439 -42.237 47.646
7419 -55.133 -130 -28 -68.7203 -41.5457 47.5984
7429 -55.075 -120 -23 -68.0762 -42.0738 47.5508
7439 -53.997 -132 -26 -65.7002 -42.2938 47.5032
7449 -54.366 -130 -23 -67.0456 -41.6864 47.4557
7459 -55.639 -124 -31 -69.362 -41.916 47.4083
7469 -55.564 -129 -27 -69.6999 -41.4281 47.3609
7479 -54.993 -121 -31 -68.192 -41.794 47.3135
7489 -55.379 -118 -28 -68.3396 -42.4184 47.2662
7499 -56.144 -123 -26 -69.8559 -42.4321 47.2189
7509 -54.777 -115 -32 -67.3892 -42.1648 47.1717
7519 -54.499 -104 -27 -66.9576 -42.0404 47.1245
7529 -54.941 -129 -31 -67.5651 -42.3169 47.0774
7539 -54.224 -117 -32 -67.2234 -41.2246 47.0303
7549 -54.779 -110 -28 -67.2098 -42.3482 46.9833
7559 -53.904 -127 -23 -66.3549 -41.4531 46.9363
7569 -54.198 -122 -23 -66.6402 -41.7558 46.8894
7579 -55.157 -114 -20 -68.3076 -42.0064 46.8425
7589 -54.905 -119 -28 -67.6859 -42.1241 46.7957
7599 -55.13 -137 -29 -68.6625 -41.5975 46.7489
7609 -55.102 -108 -29 -68.0609 -42.1431 46.7021
7619 -54.572 -128 -31 -67.8049 -41.3391 46.6554
7629 -54.402 -113 -29 -66.3622 -42.4418 46.6088
7639 -55.515 -143 -29 -69.0835 -41.9465 46.5621
7649 -54.259 -114 -23 -66.8519 -41.6661 46.5156
7659 -55.061 -135 -31 -68.7164 -41.4056 46.4691
7669 -54.707 -125 -32 -67.0087 -42.4053 46.4226
7679 -54.341 -122 -28 -67.3026 -41.3794 46.3762
7689 -55.341 -159 -20 -68.5646 -42.1174 46.3298
7699 -54.313 -113 -29 -66.8437 -41.7823 46.2835
7709 -54.416 -118 -32 -67.172 -41.66 46.2372
7719 -54.779 -122 -32 -67.9833 -41.5747 46.191
7729 -55.125 -119 -31 -67.7637 -42.4863 46.1448
7739 -54.492 -113 -30 -66.6212 -42.3628 46.0986
7749 -54.751 -115 -27 -67.5807 -41.9213 46.0525
7759 -54.695 -128 -25 -67.6022 -41.7878 46.0065
7769 -54.319 -116 -29 -66.4733 -42.1647 45.9605
7779 -54.666 -132 -30 -67.8009 -41.5311 45.9145
7789 -53.565 -103 -21 -64.832 -42.298 45.8686
7799 -55.076 -135 -31 -68.0332 -42.1188 45.8227
7809 -53.715 -120 -32 -65.5157 -41.9143 45.7769
7819 -54.194 -119 -29 -66.9887 -41.3993 45.7311
7829 -55.213 -116 -21 -68.0899 -42.3361 45.6854
7839 -54.744 -120 -27 -67.2992 -42.1888 45.6397
7849 -54.283 -129 -28 -67.1554 -41.4106 45.5941
7859 -55.394 -136 -32 -68.4318 -42.3562 45.5485
7869 -54.829 -131 -32 -67.821 -41.837 45.5029
7879 -53.961 -112 -22 -65.6346 -42.2874 45.4574
7889 -54.227 -103 -29 -66.2705 -42.1835 45.412
7899 -53.494 -102 -24 -64.9279 -42.0601 45.3665
7909 -54.353 -119 -29 -66.5342 -42.1718 45.3212
7919 -54.167 -141 -26 -66.8267 -41.5073 45.2759
7929 -53.738 -116 -16 -66.2179 -41.2581 45.2306
7939 -54.269 -117 -29 -66.5146 -42.0234 45.1854
7949 -54.329 -114 -31 -66.6901 -41.9679 45.1402
7959 -53.84 -114 -28 -65.7326 -41.9474 45.095
7969 -54.29 -136 -26 -66.7768 -41.8032 45.0499
7979 -54.495 -109 -22 -66.6768 -42.3132 45.0049
7989 -54.366 -120 -26 -66.4941 -42.2379 44.9599
7999 -53.967 -115 -28 -66.3781 -41.5559 44.9149
8009 -54.031 -121 -29 -66.3263 -41.7357 44.87
8019 -54.647 -136 -28 -67.1264 -42.1676 44.8251
8029 -54.643 -128 -25 -67.1776 -42.1084 44.7803
8039 -54.232 -114 -29 -67.1792 -41.2848 44.7355
8049 -53.772 -123 -28 -66.2098 -41.3342 44.6908
8059 -54.251 -138 -31 -66.8289 -41.6731 44.6461
8069 -54.118 -109 -22 -66.5761 -41.6599 44.6015
8079 -54.121 -115 -30 -66.8859 -41.3561 44.5569
8089 -53.002 -114 -27 -64.3783 -41.6257 44.5123
8099 -53.579 -128 -32 -65.6793 -41.4787 44.4678
8109 -53.86 -126 -28 -65.4389 -42.2811 44.4233
8119 -54.174 -131 -25 -66.3548 -41.9932 44.3789
8129 -53.771 -127 -28 -65.9931 -41.5489 44.3345
8139 -54.135 -126 -31 -66.197 -42.073 44.2902
8149 -54.328 -104 -26 -66.9745 -41.6815 44.2459
8159 -54.152 -119 -33 -66.7698 -41.5342 44.2016
8169 -53.833 -126 -32 -66.3666 -41.2994 44.1574
8179 -54.348 -131 -32 -67.4504 -41.2456 44.1133
8189 -53.828 -106 -32 -65.8244 -41.8316 44.0692
8199 -54.179 -133 -30 -66.9914 -41.3666 44.0251
8209 -53.453 -124 -32 -66.1012 -40.8048 43.9811
8219 -53.35 -114 -22 -65.1324 -41.5676 43.9371
8229 -54.095 -142 -32 -66.7529 -41.4371 43.8932
8239 -53.31 -107 -30 -64.6355 -41.9845 43.8493
8249 -53.884 -121 -28 -66.0978 -41.6702 43.8054
8259 -54.256 -120 -29 -66.556 -41.956 43.7616
8269 -53.592 -107 -30 -64.8898 -42.2942 43.7178
8279 -53.824 -117 -29 -65.8132 -41.8348 43.6741
8289 -53.489 -111 -29 -65.4313 -41.5467 43.6305
8299 -53.135 -123 -32 -64.8428 -41.4272 43.5868
8309 -53.806 -139 -31 -66.049 -41.563 43.5432
8319 -53.434 -107 -29 -65.2076 -41.6604 43.4997
8329 -53.044 -113 -31 -64.5334 -41.5546 43.4562
8339 -53.518 -105 -28 -64.9227 -42.1133 43.4127
8349 -53.973 -115 -29 -66.5116 -41.4344 43.3693
8359 -53.463 -101 -29 -64.9674 -41.9586 43.326
8369 -52.953 -114 -33 -64.4439 -41.4621 43.2826
8379 -53.69 -151 -28 -65.8553 -41.5247 43.2393
8389 -53.858 -109 -32 -65.8666 -41.8494 43.1961
8399 -53.421 -129 -19 -64.9144 -41.9276 43.1529
8409 -53.724 -107 -21 -65.3483 -42.0997 43.1098
8419 -53.84 -120 -21 -65.7333 -41.9467 43.0666
8429 -54.159 -117 -32 -66.3325 -41.9855 43.0236
8439 -53.434 -104 -31 -65.2469 -41.6211 42.9806
8449 -53.163 -109 -30 -64.3295 -41.9965 42.9376
8459 -53.227 -109 -23 -65.1819 -41.2721 42.8946
8469 -52.885 -105 -21 -63.6762 -42.0938 42.8517
8479 -53.669 -126 -30 -65.4542 -41.8838 42.8089
8489 -52.866 -123 -27 -64.7159 -41.0161 42.7661
8499 -53.137 -133 -28 -64.6894 -41.5846 42.7233
8509 -53.231 -117 -30 -65.1349 -41.3271 42.6806
8519 -53.525 -117 -32 -65.2456 -41.8044 42.6379
8529 -53.386 -105 -28 -65.1029 -41.6691 42.5953
8539 -53.261 -113 -30 -64.6573 -41.8647 42.5527
8549 -53.868 -171 -28 -66.606 -41.13 42.5101
8559 -53.059 -115 -31 -64.6146 -41.5034 42.4676
8569 -52.781 -113 -32 -64.2342 -41.3278 42.4252
8579 -53.802 -112 -30 -65.7691 -41.8349 42.3827
8589 -53.036 -105 -32 -64.5684 -41.5036 42.3403
8599 -52.964 -108 -32 -64.2025 -41.7255 42.298
8609 -52.788 -106 -30 -63.5932 -41.9828 42.2557
8619 -53.489 -126 -32 -65.5625 -41.4155 42.2135
8629 -52.782 -102 -30 -64.0089 -41.5551 42.1712
8639 -53.535 -134 -29 -65.6551 -41.4149 42.1291
8649 -53.495 -105 -30 -65.9018 -41.0882 42.0869
8659 -53.868 -116 -32 -65.7039 -42.0321 42.0448
8669 -53.694 -108 -28 -65.5336 -41.8544 42.0028
8679 -52.988 -112 -30 -64.3625 -41.6135 41.9608
8689 -52.597 -115 -32 -63.8919 -41.3021 41.9188
8699 -52.476 -180 -28 -64.6239 -40.3281 41.8769
8709 -53.196 -151 -32 -64.7565 -41.6355 41.835
8719 -53.219 -127 -28 -65.0667 -41.3713 41.7932
8729 -52.323 -119 -32 -63.1516 -41.4944 41.7514
8739 -52.735 -115 -19 -64.5515 -40.9185 41.7097
8749 -52.581 -115 -28 -64.1501 -41.0119 41.668
8759 -52.66 -118 -25 -64.2536 -41.0664 41.6263
8769 -53.066 -134 -32 -64.5353 -41.5967 41.5847
8779 -52.678 -125 -28 -63.7731 -41.5829 41.5431
8789 -52.609 -110 -29 -63.5066 -41.7114 41.5015
8799 -53.22 -114 -26 -64.9061 -41.5339 41.46
8809 -52.921 -104 -33 -63.9108 -41.9312 41.4186
8819 -53.072 -108 -24 -64.7535 -41.3905 41.3772
8829 -53.252 -114 -31 -64.3601 -42.1439 41.3358
8839 -53.01 -107 -30 -64.0041 -42.0159 41.2944
8849 -52.648 -104 -28 -63.9214 -41.3746 41.2531
8859 -52.692 -120 -32 -64.1513 -41.2327 41.2119
8869 -52.965 -110 -29 -64.9184 -41.0116 41.1707
8879 -53.176 -132 -30 -65.362 -40.99 41.1295
8889 -52.91 -111 -32 -64.2593 -41.5607 41.0884
8899 -53.452 -102 -32 -65.0624 -41.8416 41.0473
8909 -52.996 -116 -32 -64.1908 -41.8012 41.0062
8919 -52.558 -109 -30 -63.4869 -41.6291 40.9652
8929 -52.018 -95 -28 -62.8044 -41.2316 40.9243
8939 -52.171 -107 -32 -63.0526 -41.2894 40.8833
8949 -52.446 -108 -26 -63.6631 -41.2289 40.8425
8959 -51.809 -96 -32 -62.4214 -41.1966 40.8016
8969 -52.211 -102 -30 -63.1758 -41.2462 40.7608
8979 -52.836 -109 -27 -64.8073 -40.8647 40.7201
8989 -51.869 -122 -32 -63.2305 -40.5075 40.6793
8999 -52.601 -109 -29 -63.8381 -41.3639 40.6387
9009 -51.979 -119 -18 -63.7965 -40.1615 40.598
9019 -51.565 -106 -27 -61.9524 -41.1776 40.5574
9029 -52.699 -125 -32 -64.4026 -40.9954 40.5169
9039 -52.45 -124 -32 -63.4168 -41.4832 40.4764
9049 -52.276 -107 -29 -63.0568 -41.4952 40.4359
9059 -52.443 -128 -32 -64.1268 -40.7592 40.3954
9069 -52.298 -110 -17 -63.1588 -41.4372 40.355
9079 -52.647 -124 -22 -64.1761 -41.1179 40.3147
9089 -53.171 -136 -32 -65.2718 -41.0702 40.2744
9099 -51.62 -95 -30 -61.803 -41.437 40.2341
9109 -52.14 -126 -32 -63.0619 -41.2181 40.1939
9119 -52.611 -116 -31 -63.8678 -41.3542 40.1537
9129 -52.673 -113 -30 -64.1503 -41.1957 40.1135
9139 -51.647 -101 -29 -62.2188 -41.0752 40.0734
9149 -53.005 -109 -28 -64.4324 -41.5776 40.0333
9159 -52.132 -94 -29 -63.1788 -41.0852 39.9933
9169 -52.04 -100 -32 -61.9977 -42.0823 39.9533
9179 -52.424 -136 -32 -63.3947 -41.4533 39.9134
9189 -51.779 -108 -32 -62.6801 -40.8779 39.8734
9199 -52.108 -118 -32 -63.3977 -40.8183 39.8336
9209 -51.829 -119 -32 -62.2059 -41.4521 39.7937
9219 -51.98 -106 -31 -62.9969 -40.9631 39.7539
9229 -51.908 -100 -29 -62.7137 -41.1023 39.7142
9239 -52.385 -107 -24 -63.6035 -41.1665 39.6745
9249 -51.65 -110 -21 -62.3525 -40.9475 39.6348
9259 -52.247 -111 -32 -63.1566 -41.3374 39.5952
9269 -52.397 -132 -31 -63.5311 -41.2629 39.5556
9279 -51.838 -120 -25 -63.3019 -40.3741 39.516
9289 -52.351 -108 -32 -63.5373 -41.1647 39.4765
9299 -51.812 -116 -32 -62.896 -40.728 39.437
9309 -51.726 -114 -31 -62.4168 -41.0352 39.3976
9319 -51.52 -103 -31 -61.6922 -41.3478 39.3582
9329 -51.996 -147 -32 -63.1767 -40.8153 39.3188
9339 -52.1 -111 -29 -63.113 -41.087 39.2795
9349 -51.843 -105 -32 -62.7522 -40.9338 39.2402
9359 -52.012 -122 -32 -63.0637 -40.9603 39.201
9369 -52.214 -111 -32 -62.9378 -41.4902 39.1618
9379 -52.333 -116 -31 -63.1164 -41.5496 39.1226
9389 -52.402 -152 -32 -63.7773 -41.0267 39.0835
9399 -52.218 -114 -30 -63.3383 -41.0977 39.0444
9409 -52.353 -106 -29 -62.8244 -41.8816 39.0054
9419 -51.349 -113 -30 -61.7055 -40.9925 38.9664
9429 -51.679 -122 -32 -62.3638 -40.9942 38.9274
9439 -52.079 -106 -27 -63.3787 -40.7793 38.8885
9449 -51.784 -98 -32 -62.2256 -41.3424 38.8496
9459 -51.418 -115 -31 -62.0705 -40.7655 38.8107
9469 -51.548 -122 -31 -62.8656 -40.2304 38.7719
9479 -51.568 -106 -26 -62.0254 -41.1106 38.7332
9489 -51.643 -122 -16 -62.531 -40.755 38.6944
9499 -51.261 -113 -32 -61.8037 -40.7183 38.6557
9509 -51.427 -111 -32 -61.9437 -40.9103 38.6171
9519 -51.698 -110 -29 -62.9693 -40.4267 38.5785
9529 -50.927 -104 -32 -61.673 -40.181 38.5399
9539 -52.019 -120 -32 -62.6213 -41.4167 38.5013
9549 -51.943 -105 -29 -62.883 -41.003 38.4628
9559 -51.999 -114 -32 -62.5403 -41.4577 38.4244
9569 -51.601 -105 -30 -62.2389 -40.9631 38.3859
9579 -52.099 -127 -14 -63.1219 -41.0761 38.3476
9589 -51.736 -102 -31 -61.9644 -41.5076 38.3092
9599 -51.497 -124 -28 -62.4876 -40.5064 38.2709
9609 -51.512 -100 -26 -61.7632 -41.2608 38.2326
9619 -51.992 -110 -32 -62.9383 -41.0457 38.1944
9629 -51.45 -99 -29 -61.9996 -40.9004 38.1562
9639 -52.061 -103 -31 -62.442 -41.68 38.118
9649 -51.776 -102 -32 -62.666 -40.886 38.0799
9659 -51.685 -122 -31 -62.1786 -41.1914 38.0418
9669 -51.398 -118 -30 -61.6664 -41.1296 38.0038
9679 -51.604 -103 -29 -62.1468 -41.0612 37.9658
9689 -51.376 -101 -32 -61.7474 -41.0046 37.9278
9699 -52.073 -113 -29 -62.6486 -41.4974 37.8899
9709 -51.555 -102 -29 -62.0084 -41.1016 37.852
9719 -50.86 -95 -30 -60.328 -41.392 37.8142
9729 -51.979 -115 -31 -63.1245 -40.8335 37.7764
9739 -51.677 -111 -30 -62.1378 -41.2162 37.7386
9749 -51.137 -111 -31 -61.5139 -40.7601 37.7008
9759 -51.451 -123 -29 -62.2918 -40.6102 37.6631
9769 -51.465 -120 -32 -61.8616 -41.0684 37.6255
9779 -51.545 -113 -29 -62.2643 -40.8257 37.5878
9789 -51.89 -114 -32 -62.5881 -41.1919 37.5503
9799 -51.111 -102 -28 -61.3498 -40.8722 37.5127
9809 -51.427 -101 -28 -61.8414 -41.0126 37.4752
9819 -51.737 -109 -30 -62.2229 -41.2511 37.4377
9829 -51.776 -115 -28 -62.2386 -41.3134 37.4003
9839 -51.822 -99 -32 -61.9705 -41.6735 37.3629
9849 -51.535 -109 -29 -61.9249 -41.1451 37.3255
9859 -51.394 -105 -32 -61.5597 -41.2283 37.2882
9869 -51.103 -93 -16 -61.3356 -40.8704 37.2509
9879 -51.96 -107 -30 -62.5976 -41.3224 37.2137
9889 -51.084 -111 -28 -62.0075 -40.1605 37.1764
9899 -51.795 -126 -28 -62.6837 -40.9063 37.1393
9909 -51.6 -122 -30 -62.3408 -40.8592 37.1021
9919 -51.982 -121 -28 -62.8138 -41.1502 37.065
9929 -51.338 -109 -32 -61.5321 -41.1439 37.028
9939 -51.254 -102 -28 -61.6482 -40.8598 36.9909
9949 -51.425 -132 -32 -62.3208 -40.5292 36.9539
9959 -51.832 -109 -30 -62.3797 -41.2843 36.917
9969 -50.612 -95 -32 -60.5446 -40.6794 36.8801
9979 -50.848 -94 -28 -61.0831 -40.6129 36.8432
9989 -51.172 -118 -29 -61.6021 -40.7419 36.8063
9999 -51.314 -110 -31 -61.6178 -41.0102 36.7695
10009 -51.019 -105 -32 -61.4691 -40.5689 36.7328
10019 -51.319 -117 -31 -61.5685 -41.0695 36.696
10029 -50.985 -113 -32 -61.6227 -40.3473 36.6593
10039 -50.972 -94 -31 -61.0173 -40.9267 36.6227
10049 -50.992 -99 -29 -61.1932 -40.7908 36.5861
10059 -50.747 -104 -28 -60.8504 -40.6436 36.5495
10069 -51.006 -122 -28 -61.162 -40.85 36.5129
10079 -51.237 -103 -32 -61.4434 -41.0306 36.4764
10089 -51.565 -101 -29 -61.8675 -41.2625 36.4399
10099 -51.225 -98 -27 -61.8935 -40.5565 36.4035
10109 -50.602 -96 -32 -60.3169 -40.8871 36.3671
10119 -50.861 -107 -30 -61.0241 -40.6979 36.3307
10129 -51.131 -105 -32 -61.133 -41.129 36.2944
10139 -51.379 -101 -25 -61.8153 -40.9427 36.2581
10149 -50.734 -112 -29 -60.6302 -40.8378 36.2218
10159 -50.688 -93 -29 -60.425 -40.951 36.1856
10169 -51.301 -100 -32 -61.807 -40.795 36.1494
10179 -51.403 -107 -28 -61.9501 -40.8559 36.1133
10189 -50.99 -93 -32 -60.8769 -41.1031 36.0772
10199 -51.135 -99 -29 -61.3191 -40.9509 36.0411
10209 -51.275 -104 -29 -61.3162 -41.2338 36.0051
10219 -50.311 -96 -30 -59.8627 -40.7593 35.969
10229 -50.37 -131 -24 -60.7149 -40.0251 35.9331
10239 -50.902 -105 -28 -60.9459 -40.8581 35.8971
10249 -50.574 -103 -32 -60.4632 -40.6848 35.8613
10259 -50.89 -92 -23 -60.9216 -40.8584 35.8254
10269 -50.592 -95 -25 -60.4817 -40.7023 35.7896
10279 -50.438 -107 -32 -60.1771 -40.6989 35.7538
10289 -50.953 -114 -21 -61.5401 -40.3659 35.718
10299 -50.983 -94 -32 -60.8778 -41.0882 35.6823
10309 -50.652 -103 -32 -60.6166 -40.6874 35.6466
10319 -50.965 -100 -28 -61.2916 -40.6384 35.611
10329 -50.388 -120 -32 -60.2184 -40.5576 35.5754
10339 -50.801 -106 -32 -60.9571 -40.6449 35.5398
10349 -50.573 -92 -28 -60.2558 -40.8902 35.5042
10359 -50.637 -96 -32 -60.5031 -40.7709 35.4687
10369 -51.142 -100 -32 -61.1429 -41.1411 35.4333
10379 -50.826 -88 -29 -60.4389 -41.2131 35.3978
10389 -50.621 -103 -26 -60.3715 -40.8705 35.3624
10399 -51.137 -105 -30 -61.4812 -40.7928 35.3271
10409 -50.353 -101 -32 -60.4152 -40.2908 35.2918
10419 -50.952 -103 -32 -61.2851 -40.6189 35.2565
10429 -50.626 -103 -30 -60.0734 -41.1786 35.2212
10439 -50.574 -95 -16 -60.4053 -40.7427 35.186
10449 -51.14 -105 -27 -61.3906 -40.8894 35.1508
10459 -50.433 -120 -27 -60.1074 -40.7586 35.1156
10469 -50.467 -105 -29 -60.4011 -40.5329 35.0805
10479 -50.738 -121 -22 -60.9685 -40.5075 35.0455
10489 -50.463 -107 -23 -60.5612 -40.3648 35.0104
10499 -50.252 -110 -29 -60.3393 -40.1647 34.9754
10509 -50.443 -90 -29 -60.4948 -40.3912 34.9404
10519 -50.458 -99 -30 -59.9819 -40.9341 34.9055
10529 -50.297 -98 -32 -60.0112 -40.5828 34.8706
10539 -49.623 -103 -19 -59.3384 -39.9076 34.8357
10549 -50.093 -114 -32 -59.6858 -40.5002 34.8009
10559 -50.422 -92 -32 -59.9162 -40.9278 34.7661
10569 -50.567 -94 -32 -60.3905 -40.7435 34.7313
10579 -49.864 -89 -28 -59.0912 -40.6368 34.6966
10589 -50.574 -93 -30 -60.6295 -40.5185 34.6619
10599 -50.569 -119 -29 -60.0983 -41.0397 34.6272
10609 -50.583 -102 -28 -60.2299 -40.9361 34.5926
10619 -50.652 -106 -32 -60.2702 -41.0338 34.558
10629 -50.351 -99 -32 -60.2518 -40.4502 34.5234
10639 -50.728 -107 -27 -61.0591 -40.3969 34.4889
10649 -50.588 -100 -32 -60.8111 -40.3649 34.4544
10659 -50.609 -102 -32 -60.5011 -40.7169 34.42
10669 -49.761 -112 -32 -59.4809 -40.0411 34.3855
10679 -50.229 -99 -28 -60.1405 -40.3175 34.3512
10689 -50.279 -99 -31 -59.9672 -40.5908 34.3168
10699 -50.257 -114 -32 -59.7894 -40.7246 34.2825
10709 -50.211 -98 -32 -60.0599 -40.3621 34.2482
10719 -49.765 -111 -32 -59.6916 -39.8384 34.214
10729 -49.9 -93 -29 -59.201 -40.599 34.1797
10739 -50.378 -103 -32 -59.8293 -40.9267 34.1456
10749 -50.248 -92 -30 -59.6277 -40.8683 34.1114
10759 -50.548 -128 -32 -60.3544 -40.7416 34.0773
10769 -50.225 -96 -29 -59.7927 -40.6573 34.0432
10779 -50.25 -111 -29 -59.7666 -40.7334 34.0092
10789 -49.837 -96 -32 -59.3093 -40.3647 33.9752
10799 -50.079 -112 -32 -59.3899 -40.7681 33.9412
10809 -50.512 -99 -28 -59.9792 -41.0448 33.9073
10819 -50.048 -92 -29 -59.7949 -40.3011 33.8734
10829 -49.757 -93 -28 -58.9008 -40.6132 33.8395
10839 -49.997 -97 -29 -59.4967 -40.4973 33.8056
10849 -50.001 -92 -28 -59.6306 -40.3714 33.7718
10859 -50.286 -106 -29 -59.7917 -40.7803 33.7381
10869 -49.64 -107 -28 -59.1397 -40.1403 33.7043
10879 -50.403 -106 -32 -60.0634 -40.7426 33.6706
10889 -50.034 -96 -29 -59.5265 -40.5415 33.637
10899 -50.27 -104 -28 -59.8545 -40.6855 33.6033
10909 -49.878 -88 -32 -59.0689 -40.6871 33.5697
10919 -50.159 -92 -29 -59.7037 -40.6143 33.5361
10929 -49.918 -103 -30 -59.5832 -40.2528 33.5026
10939 -50.7 -108 -28 -60.7692 -40.6308 33.4691
10949 -49.951 -99 -14 -59.5844 -40.3176 33.4356
10959 -50.14 -124 -32 -59.5869 -40.6931 33.4022
10969 -50.404 -103 -29 -60.2795 -40.5285 33.3688
10979 -49.814 -110 -30 -59.4304 -40.1976 33.3354
10989 -49.892 -113 -29 -59.7119 -40.0721 33.3021
10999 -50.237 -99 -32 -59.6749 -40.7991 33.2688
11009 -50.506 -95 -33 -60.116 -40.896 33.2355
11019 -50.323 -96 -31 -60.0324 -40.6136 33.2023
11029 -50.512 -87 -32 -59.3866 -41.6374 33.1691
11039 -50.484 -104 -32 -60.363 -40.605 33.1359
11049 -50.35 -99 -30 -60.1602 -40.5398 33.1028
11059 -49.888 -93 -32 -59.0903 -40.6857 33.0697
11069 -49.65 -96 -32 -58.7932 -40.5068 33.0366
11079 -50.153 -101 -32 -60.327 -39.979 33.0036
11089 -49.59 -91 -32 -58.7212 -40.4588 32.9706
11099 -50.246 -98 -32 -60.133 -40.359 32.9376
11109 -49.648 -93 -29 -59.1602 -40.1358 32.9047
11119 -49.9 -85 -30 -58.7471 -41.0529 32.8718
11129 -49.866 -96 -28 -59.0283 -40.7037 32.8389
11139 -49.643 -109 -28 -58.7852 -40.5008 32.806
11149 -49.963 -91 -31 -59.588 -40.338 32.7732
11159 -49.725 -95 -32 -59.176 -40.274 32.7405
11169 -49.6 -90 -28 -58.7246 -40.4754 32.7077
11179 -49.782 -108 -30 -59.5611 -40.0029 32.675
11189 -49.914 -101 -32 -59.7085 -40.1195 32.6423
11199 -49.483 -84 -32 -58.2253 -40.7407 32.6097
11209 -49.469 -93 -28 -58.291 -40.647 32.5771
11219 -50.27 -109 -26 -59.8302 -40.7098 32.5445
11229 -49.927 -100 -32 -59.5228 -40.3312 32.512
11239 -49.616 -102 -24 -58.7888 -40.4432 32.4795
11249 -50.095 -105 -32 -59.7622 -40.4278 32.447
11259 -49.534 -96 -26 -58.9787 -40.0893 32.4145
11269 -50.155 -97 -32 -59.6499 -40.6601 32.3821
11279 -50.093 -102 -29 -59.7604 -40.4256 32.3497
11289 -50.109 -104 -32 -59.8078 -40.4102 32.3174
11299 -49.823 -97 -32 -59.24 -40.406 32.2851
11309 -49.631 -92 -28 -59.0122 -40.2498 32.2528
11319 -49.928 -89 -29 -59.2879 -40.5681 32.2205
11329 -49.666 -98 -32 -58.6966 -40.6354 32.1883
11339 -49.472 -88 -30 -58.5607 -40.3833 32.1561
11349 -49.613 -98 -32 -58.7123 -40.5137 32.124
11359 -49.901 -105 -32 -59.4295 -40.3725 32.0918
11369 -49.545 -94 -31 -58.5356 -40.5544 32.0597
11379 -49.717 -126 -28 -59.1866 -40.2474 32.0277
11389 -49.464 -94 -32 -58.6339 -40.2941 31.9957
11399 -49.397 -96 -32 -58.3197 -40.4743 31.9637
11409 -49.66 -95 -32 -58.4792 -40.8408 31.9317
11419 -49.465 -100 -28 -58.5997 -40.3303 31.8998
11429 -49.96 -112 -29 -59.536 -40.384 31.8679
11439 -48.992 -90 -24 -57.8155 -40.1685 31.836
11449 -49.514 -90 -29 -58.8273 -40.2007 31.8042
11459 -49.312 -88 -31 -58.5268 -40.0972 31.7724
11469 -49.507 -96 -26 -58.7532 -40.2608 31.7406
11479 -48.807 -90 -29 -57.7181 -39.8959 31.7088
11489 -49.323 -105 -30 -58.3546 -40.2914 31.6771
11499 -49.088 -87 -21 -58.0655 -40.1105 31.6455
11509 -49.293 -99 -28 -58.5729 -40.0131 31.6138
11519 -49.771 -108 -30 -59.5263 -40.0157 31.5822
11529 -49.383 -83 -32 -58.208 -40.558 31.5506
11539 -49.011 -99 -32 -57.7751 -40.2469 31.5191
11549 -49.629 -95 -20 -59.1297 -40.1283 31.4876
11559 -49.321 -113 -28 -58.7947 -39.8473 31.4561
11569 -49.417 -97 -32 -58.7985 -40.0355 31.4246
11579 -49.674 -85 -29 -58.6118 -40.7362 31.3932
11589 -49.616 -108 -29 -59.4294 -39.8026 31.3618
11599 -49.591 -92 -32 -58.5367 -40.6453 31.3304
11609 -49.391 -93 -32 -58.1731 -40.6089 31.2991
11619 -49.651 -91 -32 -58.8802 -40.4218 31.2678
11629 -49.494 -88 -32 -58.2327 -40.7553 31.2365
11639 -49.237 -86 -32 -58.1506 -40.3234 31.2053
11649 -49.677 -101 -28 -59.2477 -40.1063 31.1741
11659 -49.433 -96 -29 -58.4135 -40.4525 31.1429
11669 -49.38 -103 -32 -58.7483 -40.0117 31.1118
11679 -49.098 -96 -32 -58.2417 -39.9543 31.0807
11689 -49.631 -88 -32 -58.6838 -40.5782 31.0496
11699 -49.908 -91 -32 -59.1306 -40.6854 31.0185
11709 -49.334 -86 -32 -57.8844 -40.7836 30.9875
11719 -49.61 -103 -32 -59.1001 -40.1199 30.9565
11729 -49.163 -112 -22 -58.4898 -39.8362 30.9256
11739 -49.131 -87 -32 -58.1534 -40.1086 30.8946
11749 -49.637 -96 -32 -58.6294 -40.6446 30.8637
11759 -49.494 -95 -32 -58.789 -40.199 30.8329
11769 -49.551 -93 -29 -58.6188 -40.4832 30.8021
11779 -49.576 -101 -32 -58.5128 -40.6392 30.7712
11789 -49.452 -87 -30 -57.9853 -40.9187 30.7405
11799 -49.012 -106 -22 -57.5244 -40.4996 30.7097
11809 -48.734 -99 -32 -57.329 -40.139 30.679
11819 -48.77 -108 -32 -57.8052 -39.7348 30.6483
11829 -49.026 -93 -32 -57.7303 -40.3217 30.6177
11839 -49.208 -104 -29 -58.1943 -40.2217 30.5871
11849 -49.183 -109 -32 -58.1771 -40.1889 30.5565
11859 -49.031 -90 -32 -57.815 -40.247 30.5259
11869 -48.9 -94 -32 -57.528 -40.272 30.4954
11879 -49.745 -109 -28 -59.2272 -40.2628 30.4649
11889 -49.585 -105 -32 -58.8063 -40.3637 30.4345
11899 -49.355 -89 -32 -57.9781 -40.7319 30.404
11909 -49.256 -101 -29 -58.4461 -40.0659 30.3736
11919 -49.433 -90 -29 -58.5605 -40.3055 30.3432
11929 -49.208 -88 -32 -58.2005 -40.2155 30.3129
11939 -49.385 -97 -32 -58.4802 -40.2898 30.2826
11949 -49.652 -104 -28 -58.8122 -40.4918 30.2523
11959 -48.821 -106 -31 -57.645 -39.997 30.222
11969 -49.194 -85 -28 -57.7536 -40.6344 30.1918
11979 -48.973 -101 -29 -58.0174 -39.9286 30.1616
11989 -49.586 -81 -31 -58.4698 -40.7022 30.1315
11999 -48.734 -82 -18 -57.0966 -40.3714 30.1013
12009 -49.567 -103 -32 -58.6786 -40.4554 30.0712
12019 -49.595 -97 -29 -58.7676 -40.4224 30.0412
12029 -48.613 -106 -32 -57.272 -39.954 30.0111
12039 -48.984 -107 -28 -57.891 -40.077 29.9811
12049 -49 -104 -32 -57.6957 -40.3043 29.9511
12059 -48.71 -107 -32 -57.4147 -40.0053 29.9212
12069 -49.132 -92 -31 -57.9116 -40.3524 29.8913
12079 -48.786 -87 -28 -57.5063 -40.0657 29.8614
12089 -48.627 -97 -18 -57.4109 -39.8431 29.8315
12099 -48.952 -94 -28 -57.5248 -40.3792 29.8017
12109 -49.561 -110 -30 -58.7569 -40.3651 29.7719
12119 -49.379 -86 -32 -58.0834 -40.6746 29.7421
12129 -49.208 -97 -30 -58.157 -40.259 29.7124
12139 -48.534 -83 -29 -57.3036 -39.7644 29.6827
12149 -48.896 -102 -31 -57.6439 -40.1481 29.653
12159 -49.01 -108 -32 -57.9055 -40.1145 29.6233
12169 -49.168 -94 -32 -57.8193 -40.5167 29.5937
12179 -49.351 -89 -28 -58.3097 -40.3923 29.5641
12189 -48.878 -81 -30 -57.5968 -40.1592 29.5345
12199 -49.083 -89 -28 -57.8293 -40.3367 29.505
12209 -48.718 -98 -30 -57.6042 -39.8318 29.4755
12219 -49.035 -100 -28 -57.7957 -40.2743 29.446
12229 -48.434 -94 -32 -56.93 -39.938 29.4166
12239 -48.481 -79 -30 -56.7105 -40.2515 29.3872
12249 -48.602 -93 -32 -57.3057 -39.8983 29.3578
12259 -49.307 -109 -32 -58.5231 -40.0909 29.3284
12269 -49.434 -119 -26 -58.5102 -40.3578 29.2991
12279 -48.641 -97 -32 -57.1876 -40.0944 29.2698
12289 -48.772 -96 -32 -57.605 -39.939 29.2405
12299 -49.257 -91 -32 -58.3688 -40.1452 29.2113
12309 -49.027 -109 -28 -57.9909 -40.0631 29.1821
12319 -49.219 -92 -30 -57.8358 -40.6022 29.1529
12329 -49.409 -103 -32 -58.5363 -40.2817 29.1237
12339 -48.459 -109 -29 -56.6457 -40.2723 29.0946
12349 -48.858 -83 -29 -57.0457 -40.6703 29.0655
12359 -48.991 -88 -30 -57.6375 -40.3445 29.0364
12369 -48.945 -86 -29 -57.389 -40.501 29.0074
12379 -48.514 -92 -30 -56.8261 -40.2019 28.9784
12389 -48.994 -112 -32 -57.9067 -40.0813 28.9494
12399 -48.439 -83 -30 -56.7627 -40.1153 28.9205
12409 -48.572 -90 -32 -57.1424 -40.0016 28.8916
12419 -48.624 -105 -31 -57.3472 -39.9008 28.8627
12429 -48.631 -85 -32 -56.9928 -40.2692 28.8338
12439 -48.831 -100 -32 -57.5991 -40.0629 28.805
12449 -48.794 -90 -32 -57.5868 -40.0012 28.7762
12459 -48.564 -97 -30 -57.1686 -39.9594 28.7474
12469 -48.857 -90 -25 -58.1217 -39.5923 28.7186
12479 -49.064 -89 -32 -57.3703 -40.7577 28.6899
12489 -48.833 -92 -32 -57.4134 -40.2526 28.6612
12499 -48.92 -98 -32 -57.6837 -40.1563 28.6326
12509 -49.094 -96 -30 -57.7111 -40.4769 28.6039
12519 -48.804 -99 -32 -57.5631 -40.0449 28.5753
12529 -48.852 -96 -30 -57.6303 -40.0737 28.5468
12539 -48.845 -90 -32 -57.6733 -40.0167 28.5182
12549 -48.495 -82 -32 -56.7903 -40.1997 28.4897
12559 -48.897 -93 -32 -57.5203 -40.2737 28.4612
12569 -49.166 -97 -32 -57.9368 -40.3952 28.4327
12579 -49.097 -92 -24 -57.6673 -40.5267 28.4043
12589 -48.814 -99 -31 -57.3975 -40.2305 28.3759
12599 -48.592 -105 -29 -57.2028 -39.9812 28.3475
12609 -48.238 -103 -32 -56.9745 -39.5015 28.3192
12619 -49.02 -85 -31 -57.4657 -40.5743 28.2909
12629 -48.923 -97 -29 -58.1007 -39.7453 28.2626
12639 -48.797 -92 -31 -57.2507 -40.3433 28.2343
12649 -48.817 -86 -29 -57.2192 -40.4148 28.2061
12659 -49.143 -85 -32 -57.492 -40.794 28.1779
12669 -48.838 -109 -28 -57.5736 -40.1024 28.1497
12679 -48.731 -97 -32 -57.5919 -39.8701 28.1215
12689 -49.067 -92 -32 -57.8944 -40.2396 28.0934
12699 -49.01 -90 -32 -57.6765 -40.3435 28.0653
12709 -48.618 -91 -29 -57.2671 -39.9689 28.0373
12719 -48.654 -82 -30 -57.169 -40.139 28.0092
12729 -47.805 -88 -30 -55.5266 -40.0834 27.9812
12739 -48.099 -93 -30 -56.5717 -39.6263 27.9532
12749 -48.287 -84 -32 -56.2356 -40.3384 27.9253
12759 -48.205 -112 -29 -56.4718 -39.9382 27.8974
12769 -48.266 -90 -32 -56.4852 -40.0468 27.8695
12779 -48.524 -97 -32 -56.9969 -40.0511 27.8416
12789 -48.882 -103 -32 -57.3265 -40.4375 27.8137
12799 -48.968 -93 -32 -57.2912 -40.6448 27.7859
12809 -48.193 -110 -29 -56.6867 -39.6993 27.7581
12819 -48.28 -82 -32 -56.9332 -39.6268 27.7304
12829 -48.743 -108 -32 -57.0753 -40.4107 27.7027
12839 -48.247 -99 -32 -56.401 -40.093 27.675
12849 -48.271 -97 -32 -56.6292 -39.9128 27.6473
12859 -48.446 -90 -32 -56.9058 -39.9862 27.6196
12869 -48.412 -88 -29 -56.9099 -39.9141 27.592
12879 -48.563 -95 -28 -57.2449 -39.8811 27.5644
12889 -48.324 -105 -32 -56.4156 -40.2324 27.5369
12899 -48.934 -96 -31 -57.6506 -40.2174 27.5093
12909 -48.333 -92 -32 -56.3754 -40.2906 27.4818
12919 -48.38 -89 -32 -56.6027 -40.1573 27.4543
12929 -48.279 -85 -32 -56.343 -40.215 27.4269
12939 -48.542 -89 -28 -56.9789 -40.1051 27.3994
12949 -48.449 -87 -32 -56.5275 -40.3705 27.372
12959 -48.309 -103 -31 -56.932 -39.686 27.3447
12969 -48.649 -93 -32 -57.1322 -40.1658 27.3173
12979 -48.859 -86 -32 -57.5191 -40.1989 27.29
12989 -48.649 -84 -32 -56.8829 -40.4151 27.2627
12999 -48.78 -98 -32 -57.7836 -39.7764 27.2355
13009 -48.157 -87 -29 -56.6602 -39.6538 27.2082
13019 -48.668 -87 -29 -57.1493 -40.1867 27.181
13029 -48.388 -90 -28 -56.7745 -40.0015 27.1538
13039 -48.587 -78 -28 -56.8085 -40.3655 27.1267
13049 -49.412 -83 -32 -58.0161 -40.8079 27.0996
13059 -48.373 -83 -31 -56.6115 -40.1345 27.0725
13069 -47.967 -97 -32 -56.021 -39.913 27.0454
13079 -48.548 -89 -32 -56.8368 -40.2592 27.0183
13089 -48.391 -84 -32 -56.7674 -40.0146 26.9913
13099 -48.301 -91 -32 -56.6263 -39.9757 26.9643
13109 -47.498 -90 -32 -55.2034 -39.7926 26.9374
13119 -48.148 -97 -32 -56.2593 -40.0367 26.9104
13129 -48.065 -92 -32 -55.9906 -40.1394 26.8835
13139 -48.619 -101 -28 -57.3034 -39.9346 26.8566
13149 -48.788 -85 -32 -56.7889 -40.7871 26.8298
13159 -48.853 -95 -32 -57.3883 -40.3177 26.8029
13169 -48.341 -86 -32 -56.1974 -40.4846 26.7761
13179 -47.954 -85 -29 -56.1554 -39.7526 26.7494
13189 -47.683 -86 -29 -55.4184 -39.9476 26.7226
13199 -48.104 -85 -28 -56.5066 -39.7014 26.6959
13209 -48.433 -83 -32 -56.665 -40.201 26.6692
13219 -48.334 -101 -30 -56.3762 -40.2918 26.6425
13229 -48.336 -92 -29 -56.4425 -40.2295 26.6159
13239 -48.024 -85 -31 -55.8649 -40.1831 26.5893
13249 -48.473 -89 -32 -56.5116 -40.4344 26.5627
13259 -48.485 -108 -32 -57.2445 -39.7255 26.5361
13269 -47.423 -81 -32 -54.9388 -39.9072 26.5096
13279 -48.266 -84 -29 -56.6309 -39.9011 26.4831
13289 -48.291 -83 -32 -56.6699 -39.9121 26.4566
13299 -48.241 -93 -29 -57.2538 -39.2282 26.4301
13309 -47.885 -83 -32 -55.8611 -39.9089 26.4037
13319 -47.899 -104 -32 -56.3434 -39.4546 26.3773
13329 -47.978 -85 -29 -56.1993 -39.7567 26.3509
13339 -47.931 -96 -29 -56.5291 -39.3329 26.3246
13349 -48.273 -106 -28 -56.935 -39.611 26.2982
13359 -48.333 -100 -28 -56.9312 -39.7348 26.2719
13369 -48.371 -100 -32 -56.7979 -39.9441 26.2457
13379 -48.42 -99 -22 -57.1926 -39.6474 26.2194
13389 -48.365 -83 -32 -56.6778 -40.0522 26.1932
13399 -48.23 -122 -32 -56.6365 -39.8235 26.167
13409 -47.855 -87 -29 -56.3196 -39.3904 26.1409
13419 -47.659 -95 -32 -55.6883 -39.6297 26.1147
13429 -48.231 -87 -33 -56.2321 -40.2299 26.0886
13439 -48.516 -84 -32 -57.1651 -39.8669 26.0625
13449 -48.422 -109 -32 -57.168 -39.676 26.0364
13459 -48.249 -81 -28 -56.7784 -39.7196 26.0104
13469 -48.278 -97 -30 -56.8185 -39.7375 25.9844
13479 -47.719 -82 -29 -55.7283 -39.7097 25.9584
13489 -47.939 -83 -32 -55.9165 -39.9615 25.9325
13499 -48.344 -87 -24 -56.8297 -39.8583 25.9065
13509 -47.461 -87 -32 -55.5234 -39.3986 25.8806
13519 -47.882 -89 -32 -55.9872 -39.7768 25.8547
13529 -47.656 -103 -22 -55.9541 -39.3579 25.8289
13539 -47.652 -84 -32 -55.4536 -39.8504 25.8031
13549 -48.121 -97 -29 -56.2271 -40.0149 25.7772
13559 -47.732 -80 -31 -55.4747 -39.9893 25.7515
13569 -47.834 -78 -28 -55.9836 -39.6844 25.7257
13579 -48.008 -83 -32 -56.2435 -39.7725 25.7
13589 -47.681 -82 -32 -55.5618 -39.8002 25.6743
13599 -47.843 -98 -28 -55.9862 -39.6998 25.6486
13609 -47.472 -80 -32 -55.5621 -39.3819 25.623
13619 -48.033 -87 -32 -56.4579 -39.6081 25.5973
13629 -47.782 -90 -32 -56.056 -39.508 25.5718
13639 -48.107 -88 -32 -56.0445 -40.1695 25.5462
13649 -48.037 -88 -32 -56.1085 -39.9655 25.5206
13659 -47.702 -82 -32 -55.6347 -39.7693 25.4951
13669 -47.846 -92 -28 -56.1658 -39.5262 25.4696
13679 -47.635 -82 -29 -55.5501 -39.7199 25.4441
13689 -47.941 -88 -31 -55.9095 -39.9725 25.4187
13699 -47.98 -90 -30 -55.939 -40.021 25.3933
13709 -48.486 -96 -32 -57.191 -39.781 25.3679
13719 -47.446 -81 -32 -54.9437 -39.9483 25.3425
13729 -48.003 -86 -32 -56.1304 -39.8756 25.3172
13739 -47.555 -91 -32 -55.7311 -39.3789 25.2919
13749 -47.871 -107 -28 -56.2139 -39.5281 25.2666
13759 -48.384 -93 -32 -56.5189 -40.2491 25.2413
13769 -47.851 -91 -28 -56.0745 -39.6275 25.2161
13779 -47.891 -93 -32 -56.023 -39.759 25.1908
13789 -47.459 -86 -32 -55.456 -39.462 25.1657
13799 -48.001 -95 -32 -56.4149 -39.5871 25.1405
13809 -48.188 -92 -29 -56.6901 -39.6859 25.1154
13819 -47.869 -84 -31 -55.8264 -39.9116 25.0902
13829 -47.715 -84 -28 -55.8652 -39.5648 25.0651
13839 -47.766 -77 -29 -55.6651 -39.8669 25.0401
13849 -47.708 -99 -32 -55.763 -39.653 25.015
13859 -47.599 -98 -20 -55.6554 -39.5426 24.99
13869 -47.431 -82 -32 -55.3748 -39.4872 24.965
13879 -47.688 -82 -32 -55.2691 -40.1069 24.9401
13889 -47.748 -83 -28 -55.7106 -39.7854 24.9151
13899 -48.141 -84 -29 -56.4045 -39.8775 24.8902
13909 -47.796 -88 -32 -56.1486 -39.4434 24.8653
13919 -48.102 -85 -30 -56.4375 -39.7665 24.8405
13929 -47.409 -82 -29 -55.4786 -39.3394 24.8156
13939 -47.934 -79 -29 -56.0846 -39.7834 24.7908
13949 -47.288 -83 -28 -54.9774 -39.5986 24.766
13959 -47.328 -83 -29 -55.3657 -39.2903 24.7412
13969 -47.856 -83 -32 -56.0414 -39.6706 24.7165
13979 -47.493 -87 -32 -55.5082 -39.4778 24.6918
13989 -47.895 -89 -32 -55.9896 -39.8004 24.6671
13999 -47.221 -82 -26 -55.0811 -39.3609 24.6424
14009 -47.679 -87 -29 -55.7615 -39.5965 24.6178
14019 -47.384 -78 -30 -55.6429 -39.1251 24.5932
14029 -47.421 -103 -32 -55.2906 -39.5514 24.5686
14039 -47.701 -86 -28 -55.3053 -40.0967 24.544
14049 -47.734 -87 -28 -55.6702 -39.7978 24.5195
14059 -48.095 -81 -29 -56.4114 -39.7786 24.4949
14069 -47.246 -84 -32 -55.3938 -39.0982 24.4704
14079 -47.654 -81 -32 -55.3797 -39.9283 24.446
14089 -47.482 -79 -28 -55.2945 -39.6695 24.4215
14099 -47.827 -78 -29 -55.5021 -40.1519 24.3971
14109 -47.779 -81 -32 -55.9983 -39.5597 24.3727
14119 -48.168 -88 -32 -56.213 -40.123 24.3483
14129 -47.934 -82 -28 -55.8093 -40.0587 24.324
14139 -47.792 -83 -29 -55.6581 -39.9259 24.2997
14149 -47.277 -100 -32 -55.2539 -39.3001 24.2754
14159 -47.497 -83 -32 -55.4591 -39.5349 24.2511
14169 -47.563 -84 -32 -55.5286 -39.5974 24.2268
14179 -48.002 -97 -32 -56.0623 -39.9417 24.2026
14189 -47.74 -87 -32 -55.7663 -39.7137 24.1784
14199 -47.747 -97 -28 -55.9335 -39.5605 24.1542
14209 -47.6 -88 -31 -55.5868 -39.6132 24.1301
14219 -47.573 -94 -32 -55.6174 -39.5286 24.106
14229 -47.166 -101 -32 -55.1417 -39.1903 24.0818
14239 -47.738 -94 -26 -55.9322 -39.5438 24.0578
14249 -47.802 -107 -29 -56.2524 -39.3516 24.0337
14259 -47.555 -81 -32 -55.3787 -39.7313 24.0097
14269 -47.423 -93 -31 -55.0277 -39.8183 23.9857
14279 -47.263 -91 -28 -54.9226 -39.6034 23.9617
14289 -47.493 -83 -28 -55.1814 -39.8046 23.9377
14299 -47.617 -89 -32 -55.3329 -39.9011 23.9138
14309 -47.432 -82 -28 -55.4199 -39.4441 23.8899
14319 -47.328 -99 -28 -55.0414 -39.6146 23.866
14329 -47.228 -84 -32 -55.1372 -39.3188 23.8421
14339 -47.695 -93 -30 -55.9673 -39.4227 23.8183
14349 -47.942 -89 -31 -55.8762 -40.0078 23.7944
14359 -47.336 -83 -29 -54.9151 -39.7569 23.7707
14369 -47.944 -104 -32 -56.099 -39.789 23.7469
14379 -47.654 -85 -29 -55.4793 -39.8287 23.7231
14389 -47.281 -86 -28 -55.0795 -39.4825 23.6994
14399 -47.418 -74 -30 -54.9425 -39.8935 23.6757
14409 -47.118 -84 -32 -54.6402 -39.5958 23.652
14419 -47.653 -89 -29 -55.34 -39.966 23.6284
14429 -47.491 -88 -28 -55.4029 -39.5791 23.6048
14439 -47.112 -78 -28 -54.858 -39.366 23.5812
14449 -47.184 -88 -32 -55.1587 -39.2093 23.5576
14459 -47.312 -83 -28 -54.885 -39.739 23.534
14469 -47.522 -84 -30 -55.2884 -39.7556 23.5105
14479 -47.145 -85 -28 -54.5819 -39.7081 23.487
14489 -47.468 -77 -30 -55.2448 -39.6912 23.4635
14499 -47.471 -86 -32 -55.1515 -39.7905 23.44
14509 -47.786 -103 -30 -55.965 -39.607 23.4166
14519 -47.238 -80 -29 -55.1472 -39.3288 23.3932
14529 -47.327 -82 -28 -55.2051 -39.4489 23.3698
14539 -47.434 -98 -31 -55.2412 -39.6268 23.3464
14549 -47.155 -79 -32 -54.7812 -39.5288 23.3231
14559 -47.515 -103 -32 -55.4977 -39.5323 23.2997
14569 -47.479 -83 -28 -55.3571 -39.6009 23.2764
14579 -47.485 -94 -30 -55.3742 -39.5958 23.2532
14589 -47.392 -82 -32 -55.2448 -39.5392 23.2299
14599 -47.665 -87 -32 -55.5122 -39.8178 23.2067
14609 -47.599 -82 -29 -55.7764 -39.4216 23.1835
14619 -47.259 -88 -28 -55.1498 -39.3682 23.1603
14629 -47.35 -87 -32 -55.2712 -39.4288 23.1371
14639 -47.568 -92 -32 -55.1804 -39.9556 23.114
14649 -47.215 -83 -32 -54.8849 -39.5451 23.0909
14659 -47.494 -80 -32 -55.3241 -39.6639 23.0678
14669 -47.308 -83 -32 -55.1835 -39.4325 23.0447
14679 -46.846 -82 -28 -54.5067 -39.1853 23.0217
14689 -46.956 -87 -28 -54.5601 -39.3519 22.9986
14699 -46.824 -93 -32 -54.1219 -39.5261 22.9756
14709 -46.863 -73 -29 -53.8878 -39.8382 22.9527
14719 -47.449 -87 -28 -55.2893 -39.6087 22.9297
14729 -47.215 -89 -32 -54.5456 -39.8844 22.9068
14739 -46.978 -84 -32 -54.7302 -39.2258 22.8839
14749 -47.514 -83 -32 -55.327 -39.701 22.861
14759 -47.051 -78 -29 -54.5351 -39.5669 22.8381
14769 -47.046 -92 -32 -54.8486 -39.2434 22.8153
14779 -47.009 -78 -28 -54.7328 -39.2852 22.7925
14789 -47.54 -83 -28 -55.417 -39.663 22.7697
14799 -47.068 -88 -32 -54.7476 -39.3884 22.7469
14809 -47.323 -92 -32 -55.0165 -39.6295 22.7242
14819 -46.757 -89 -29 -54.6663 -38.8477 22.7014
14829 -47.182 -80 -32 -54.9165 -39.4475 22.6787
14839 -46.747 -91 -28 -54.2504 -39.2436 22.6561
14849 -46.697 -77 -32 -54.1223 -39.2717 22.6334
14859 -46.982 -78 -28 -54.7578 -39.2062 22.6108
14869 -47.549 -101 -32 -55.5624 -39.5356 22.5882
14879 -46.985 -76 -32 -54.6045 -39.3655 22.5656
14889 -47.031 -80 -32 -54.4356 -39.6264 22.543
14899 -47.439 -78 -32 -54.913 -39.965 22.5205
14909 -47.452 -82 -28 -55.2799 -39.6241 22.4979
14919 -47.267 -102 -32 -55.3342 -39.1998 22.4755
14929 -47.291 -93 -29 -55.1311 -39.4509 22.453
14939 -46.936 -77 -31 -54.4348 -39.4372 22.4305
14949 -47.228 -84 -32 -54.8047 -39.6513 22.4081
14959 -47.103 -82 -29 -54.7008 -39.5052 22.3857
14969 -47.177 -82 -32 -54.6149 -39.7391 22.3633
14979 -46.99 -78 -32 -54.444 -39.536 22.3409
14989 -46.901 -87 -32 -54.4803 -39.3217 22.3186
14999 -47.222 -80 -32 -54.911 -39.533 22.2963
15009 -47.309 -78 -31 -55.0974 -39.5206 22.274
15019 -47.325 -79 -28 -54.8496 -39.8004 22.2517
15029 -46.673 -76 -32 -54.1417 -39.2043 22.2295
15039 -46.727 -85 -32 -54.1901 -39.2639 22.2072
15049 -47.227 -82 -32 -54.7979 -39.6561 22.185
15059 -47.175 -83 -30 -54.5808 -39.7692 22.1628
15069 -47.329 -87 -18 -55.0787 -39.5793 22.1407
15079 -46.821 -79 -29 -54.3821 -39.2599 22.1185
15089 -46.929 -97 -32 -54.3836 -39.4744 22.0964
15099 -46.991 -88 -32 -54.3076 -39.6744 22.0743
15109 -47.446 -79 -32 -55.2248 -39.6672 22.0522
15119 -47.665 -81 -29 -55.56 -39.77 22.0302
15129 -47.328 -85 -32 -54.9626 -39.6934 22.0082
15139 -46.848 -73 -32 -54.24 -39.456 21.9861
15149 -46.567 -82 -29 -53.7595 -39.3745 21.9642
15159 -47.257 -83 -32 -55.0071 -39.5069 21.9422
15169 -46.684 -93 -28 -53.8944 -39.4736 21.9203
15179 -46.843 -76 -32 -53.9349 -39.7511 21.8983
15189 -47.04 -98 -32 -54.6033 -39.4767 21.8764
15199 -47.073 -79 -32 -54.893 -39.253 21.8546
15209 -46.679 -79 -29 -54.1955 -39.1625 21.8327
15219 -47.038 -79 -30 -54.3852 -39.6908 21.8109
15229 -46.67 -82 -32 -54.0309 -39.3091 21.7891
15239 -47.301 -92 -29 -54.9425 -39.6595 21.7673
15249 -46.933 -92 -32 -54.588 -39.278 21.7455
15259 -47.038 -78 -32 -54.3133 -39.7627 21.7238
15269 -47.327 -103 -29 -55.3118 -39.3422 21.702
15279 -47.075 -78 -32 -54.6929 -39.4571 21.6803
15289 -47.035 -85 -29 -54.8922 -39.1778 21.6587
15299 -47.05 -87 -31 -54.5942 -39.5058 21.637
15309 -46.679 -79 -30 -54.1464 -39.2116 21.6154
15319 -46.717 -86 -32 -53.7071 -39.7269 21.5937
15329 -46.902 -78 -28 -54.3734 -39.4306 21.5722
15339 -47.071 -81 -32 -54.6434 -39.4986 21.5506
15349 -47.224 -82 -32 -54.6948 -39.7532 21.529
15359 -46.74 -90 -28 -54.3671 -39.1129 21.5075
15369 -47.311 -83 -28 -55.1899 -39.4321 21.486
15379 -47.018 -84 -32 -54.5812 -39.4548 21.4645
15389 -47.008 -79 -29 -54.4115 -39.6045 21.443
15399 -47.123 -92 -32 -54.6741 -39.5719 21.4216
15409 -47.174 -77 -32 -54.7212 -39.6268 21.4002
15419 -46.908 -83 -29 -54.7156 -39.1004 21.3788
15429 -46.857 -81 -32 -54.2353 -39.4787 21.3574
15439 -46.746 -86 -32 -54.1487 -39.3433 21.336
15449 -46.925 -76 -30 -54.2809 -39.5691 21.3147
15459 -47.353 -86 -32 -54.9517 -39.7543 21.2934
15469 -46.822 -81 -32 -54.3182 -39.3258 21.2721
15479 -46.611 -83 -32 -53.8082 -39.4138 21.2508
15489 -46.83 -78 -29 -54.1244 -39.5356 21.2296
15499 -46.838 -82 -28 -54.4354 -39.2406 21.2083
15509 -47.126 -85 -29 -54.4686 -39.7834 21.1871
15519 -46.698 -77 -32 -53.7463 -39.6497 21.1659
15529 -47.175 -88 -32 -54.9328 -39.4172 21.1448
15539 -47.108 -98 -29 -54.7732 -39.4428 21.1236
15549 -46.581 -74 -31 -53.5436 -39.6184 21.1025
15559 -47.29 -82 -32 -54.8672 -39.7128 21.0814
15569 -46.766 -89 -29 -54.2471 -39.2849 21.0603
15579 -47.308 -83 -32 -55.2918 -39.3242 21.0393
15589 -47.056 -78 -31 -54.6633 -39.4487 21.0182
15599 -46.454 -73 -32 -53.7672 -39.1408 20.9972
15609 -47.097 -80 -28 -54.5933 -39.6007 20.9762
15619 -46.711 -81 -32 -53.985 -39.437 20.9552
15629 -46.651 -80 -29 -53.9258 -39.3762 20.9343
15639 -46.701 -94 -31 -54.5952 -38.8068 20.9133
15649 -46.297 -84 -32 -53.415 -39.179 20.8924
15659 -46.656 -86 -32 -54.0003 -39.3117 20.8715
15669 -46.523 -76 -32 -53.7182 -39.3278 20.8507
15679 -46.64 -89 -30 -53.8709 -39.4091 20.8298
15689 -46.852 -85 -32 -54.5026 -39.2014 20.809
15699 -46.703 -81 -32 -54.0689 -39.3371 20.7882
15709 -46.573 -81 -32 -53.8203 -39.3257 20.7674
15719 -46.94 -102 -28 -54.5202 -39.3598 20.7466
15729 -46.464 -83 -32 -53.6773 -39.2507 20.7259
15739 -46.614 -88 -32 -53.9726 -39.2554 20.7052
15749 -46.937 -86 -32 -54.5682 -39.3058 20.6844
15759 -46.662 -83 -32 -53.8859 -39.4381 20.6638
15769 -46.961 -82 -32 -54.5411 -39.3809 20.6431
15779 -46.806 -83 -32 -54.0209 -39.5911 20.6225
15789 -46.133 -79 -32 -53.2264 -39.0396 20.6018
15799 -46.329 -92 -28 -53.5818 -39.0762 20.5812
15809 -46.469 -77 -26 -53.8849 -39.0531 20.5607
15819 -46.806 -76 -32 -54.0156 -39.5964 20.5401
15829 -46.711 -87 -32 -53.8663 -39.5557 20.5196
15839 -46.489 -71 -32 -53.6742 -39.3038 20.499
15849 -46.566 -79 -28 -53.7062 -39.4258 20.4785
15859 -46.335 -77 -32 -53.3515 -39.3185 20.4581
15869 -46.808 -85 -32 -54.132 -39.484 20.4376
15879 -47.076 -86 -32 -54.4088 -39.7432 20.4172
15889 -46.8 -81 -32 -53.9133 -39.6867 20.3967
15899 -46.202 -92 -28 -53.2641 -39.1399 20.3763
15909 -46.94 -78 -28 -54.4659 -39.4141 20.356
15919 -46.756 -81 -29 -54.2247 -39.2873 20.3356
15929 -46.935 -93 -30 -54.7661 -39.1039 20.3153
15939 -46.523 -83 -28 -53.841 -39.205 20.295
15949 -46.684 -86 -32 -53.8746 -39.4934 20.2747
15959 -46.842 -78 -28 -54.3629 -39.3211 20.2544
15969 -46.185 -78 -32 -53.3687 -39.0013 20.2341
15979 -46.415 -74 -32 -53.8379 -38.9921 20.2139
15989 -46.74 -77 -32 -53.9514 -39.5286 20.1937
15999 -46.531 -79 -32 -53.7773 -39.2847 20.1735
16009 -46.771 -93 -30 -54.2647 -39.2773 20.1533
16019 -46.575 -98 -32 -54.0421 -39.1079 20.1332
16029 -46.91 -93 -32 -54.3304 -39.4896 20.113
16039 -47.198 -83 -32 -54.9061 -39.4899 20.0929
16049 -46.552 -82 -32 -53.9997 -39.1043 20.0728
16059 -46.609 -82 -29 -53.8317 -39.3863 20.0528
16069 -46.624 -82 -30 -53.7735 -39.4745 20.0327
16079 -46.333 -87 -32 -53.6215 -39.0445 20.0127
16089 -46.493 -81 -32 -53.5307 -39.4553 19.9927
16099 -46.402 -81 -32 -53.298 -39.506 19.9727
16109 -46.608 -84 -29 -53.964 -39.252 19.9527
16119 -46.326 -77 -32 -53.4447 -39.2073 19.9327
16129 -46.285 -81 -28 -53.4989 -39.0711 19.9128
16139 -46.29 -88 -29 -53.7271 -38.8529 19.8929
16149 -46.608 -95 -32 -54.1958 -39.0202 19.873
16159 -46.796 -80 -28 -54.2595 -39.3325 19.8531
16169 -46.344 -81 -28 -53.5174 -39.1706 19.8333
16179 -46.47 -87 -32 -53.5271 -39.4129 19.8134
16189 -46.406 -84 -32 -53.439 -39.373 19.7936
16199 -46.546 -89 -32 -53.8561 -39.2359 19.7738
16209 -46.595 -92 -31 -53.6705 -39.5195 19.7541
16219 -46.467 -81 -32 -53.7414 -39.1926 19.7343
16229 -46.703 -78 -28 -53.6898 -39.7162 19.7146
16239 -46.472 -82 -32 -53.5588 -39.3852 19.6949
16249 -46.185 -75 -18 -53.5059 -38.8641 19.6752
16259 -46.757 -83 -32 -54.1716 -39.3424 19.6555
16269 -46.232 -77 -32 -53.4101 -39.0539 19.6358
16279 -46.711 -76 -28 -53.797 -39.625 19.6162
16289 -45.817 -75 -28 -52.5827 -39.0513 19.5966
16299 -46.73 -89 -32 -54.2955 -39.1645 19.577
16309 -46.513 -82 -32 -53.6083 -39.4177 19.5574
16319 -46.326 -81 -32 -53.3753 -39.2767 19.5379
16329 -46.221 -73 -32 -53.0439 -39.3981 19.5183
16339 -46.991 -80 -32 -54.2183 -39.7637 19.4988
16349 -46.369 -77 -32 -53.3762 -39.3618 19.4793
16359 -46.118 -78 -32 -53.2693 -38.9667 19.4598
16369 -46.535 -77 -28 -53.587 -39.483 19.4404
16379 -46.557 -90 -28 -53.8041 -39.3099 19.4209
16389 -46.222 -75 -29 -53.2857 -39.1583 19.4015
16399 -46.52 -79 -28 -53.9336 -39.1064 19.3821
16409 -46.65 -99 -32 -54.1264 -39.1736 19.3627
16419 -46.261 -73 -32 -53.0799 -39.4421 19.3433
16429 -46.784 -78 -30 -54.294 -39.274 19.324
16439 -46.222 -74 -28 -52.9608 -39.4832 19.3047
16449 -46.66 -88 -32 -53.8105 -39.5095 19.2854
16459 -46.392 -92 -28 -53.6138 -39.1702 19.2661
16469 -46.41 -80 -32 -53.4296 -39.3904 19.2468
16479 -46.903 -81 -32 -54.1901 -39.6159 19.2276
16489 -46.803 -76 -32 -53.861 -39.745 19.2084
16499 -46.188 -86 -32 -53.5493 -38.8267 19.1891
16509 -46.466 -76 -32 -53.6261 -39.3059 19.17
16519 -46.351 -81 -32 -53.4697 -39.2323 19.1508
16529 -46.314 -83 -24 -53.5217 -39.1063 19.1316
16539 -46.473 -73 -32 -53.86 -39.086 19.1125
16549 -46.707 -79 -32 -54.0359 -39.3781 19.0934
16559 -46.484 -96 -32 -53.5155 -39.4525 19.0743
16569 -46.318 -84 -29 -53.3106 -39.3254 19.0552
16579 -46.281 -77 -28 -53.5734 -38.9886 19.0362
16589 -46.464 -87 -31 -53.8608 -39.0672 19.0171
16599 -46.262 -81 -32 -53.1787 -39.3453 18.9981
16609 -46.583 -82 -32 -53.8855 -39.2805 18.9791
16619 -46.209 -89 -23 -53.4284 -38.9896 18.9601
16629 -46.234 -77 -32 -53.1307 -39.3373 18.9412
16639 -46.463 -88 -28 -54.0572 -38.8688 18.9222
16649 -46.298 -76 -28 -53.1829 -39.4131 18.9033
16659 -46.226 -75 -32 -53.0613 -39.3907 18.8844
16669 -46.254 -82 -32 -53.4599 -39.0481 18.8655
16679 -46.369 -75 -32 -53.3648 -39.3732 18.8467
16689 -45.844 -77 -29 -52.6961 -38.9919 18.8278
16699 -46.701 -85 -32 -53.9279 -39.4741 18.809
16709 -46.562 -81 -32 -53.6722 -39.4518 18.7902
16719 -46.362 -87 -28 -53.3699 -39.3541 18.7714
16729 -45.922 -86 -32 -52.9597 -38.8843 18.7526
16739 -46.546 -83 -32 -54.1045 -38.9875 18.7339
16749 -46.122 -73 -28 -53.1031 -39.1409 18.7151
16759 -46.441 -79 -29 -53.625 -39.257 18.6964
16769 -46.221 -78 -30 -53.3833 -39.0587 18.6777
16779 -46.937 -77 -32 -54.1113 -39.7627 18.659
16789 -46.528 -84 -29 -53.5492 -39.5068 18.6404
16799 -46.36 -83 -31 -53.3197 -39.4003 18.6217
16809 -47.049 -79 -32 -54.1884 -39.9096 18.6031
16819 -46.317 -80 -32 -53.3277 -39.3063 18.5845
16829 -46.19 -87 -29 -53.2029 -39.1771 18.5659
16839 -46.465 -78 -32 -53.1775 -39.7525 18.5474
16849 -46.592 -80 -32 -53.6471 -39.5369 18.5288
16859 -46.365 -83 -32 -53.576 -39.154 18.5103
16869 -46.233 -74 -32 -53.1055 -39.3605 18.4918
16879 -46.267 -79 -32 -53.2478 -39.2862 18.4733
16889 -45.892 -77 -32 -52.7781 -39.0059 18.4548
16899 -46.012 -74 -29 -52.8829 -39.1411 18.4364
16909 -46.211 -85 -32 -53.1829 -39.2391 18.4179
16919 -46.482 -87 -30 -53.5059 -39.4581 18.3995
16929 -46.161 -77 -32 -52.9609 -39.3611 18.3811
16939 -46.599 -81 -29 -53.9483 -39.2497 18.3627
16949 -46 -73 -28 -52.9937 -39.0063 18.3444
16959 -45.681 -83 -32 -52.8033 -38.5587 18.326
16969 -46.266 -85 -32 -53.3831 -39.1489 18.3077
16979 -46.082 -73 -32 -53.0633 -39.1007 18.2894
16989 -46.402 -83 -29 -53.5704 -39.2336 18.2711
16999 -46.156 -73 -32 -52.8851 -39.4269 18.2528
17009 -45.996 -81 -32 -52.9853 -39.0067 18.2346
17019 -46.676 -76 -29 -53.7777 -39.5743 18.2163
17029 -46.615 -81 -32 -53.8302 -39.3998 18.1981
17039 -46.219 -82 -28 -53.3187 -39.1193 18.1799
17049 -46.306 -72 -29 -53.3814 -39.2306 18.1617
17059 -46.423 -74 -29 -53.2502 -39.5958 18.1436
17069 -46.225 -84 -32 -53.4176 -39.0324 18.1254
17079 -46.289 -77 -32 -53.2624 -39.3156 18.1073
17089 -46.111 -83 -30 -52.8329 -39.3891 18.0892
17099 -46.101 -79 -28 -52.9987 -39.2033 18.0711
17109 -46.35 -82 -32 -53.5151 -39.1849 18.053
17119 -46.781 -68 -32 -53.513 -40.049 18.035
17129 -46.177 -76 -28 -52.9162 -39.4378 18.017
17139 -46.615 -78 -32 -53.4655 -39.7645 17.9989
17149 -45.967 -78 -32 -52.8988 -39.0352 17.9809
17159 -46.116 -71 -32 -53.0265 -39.2055 17.963
17169 -46.237 -78 -32 -53.107 -39.367 17.945
17179 -45.852 -76 -29 -52.7649 -38.9391 17.927
17189 -45.987 -79 -28 -52.8991 -39.0749 17.9091
17199 -45.69 -76 -32 -52.3583 -39.0217 17.8912
17209 -46.179 -76 -32 -53.2161 -39.1419 17.8733
17219 -45.892 -92 -28 -53.1308 -38.6532 17.8554
17229 -46.197 -80 -28 -53.2223 -39.1717 17.8376
17239 -46.628 -72 -32 -53.4001 -39.8559 17.8198
17249 -45.946 -89 -32 -53.4357 -38.4563 17.8019
17259 -45.809 -74 -32 -52.7912 -38.8268 17.7841
17269 -46.007 -79 -32 -52.6897 -39.3243 17.7663
17279 -45.758 -79 -32 -52.7905 -38.7255 17.7486
17289 -46.035 -74 -28 -52.8213 -39.2487 17.7308
17299 -45.952 -74 -28 -52.7858 -39.1182 17.7131
17309 -45.752 -77 -28 -52.6536 -38.8504 17.6954
17319 -45.802 -83 -32 -52.6522 -38.9518 17.6777
17329 -46.243 -83 -32 -53.2055 -39.2805 17.66
17339 -45.647 -91 -29 -52.555 -38.739 17.6424
17349 -45.945 -82 -26 -52.7347 -39.1553 17.6247
17359 -45.718 -82 -28 -52.6806 -38.7554 17.6071
17369 -45.811 -72 -32 -52.2642 -39.3578 17.5895
17379 -45.899 -67 -29 -52.5278 -39.2702 17.5719
17389 -46.337 -81 -28 -53.3245 -39.3495 17.5543
17399 -46.171 -74 -32 -52.9809 -39.3611 17.5368
17409 -45.928 -77 -32 -52.6122 -39.2438 17.5192
17419 -46.276 -73 -32 -52.9758 -39.5762 17.5017
17429 -45.782 -73 -32 -52.4865 -39.0775 17.4842
17439 -46.159 -83 -32 -53.449 -38.869 17.4667
17449 -46.202 -90 -32 -53.2637 -39.1403 17.4493
17459 -46.067 -82 -32 -52.853 -39.281 17.4318
17469 -46.509 -78 -28 -53.7817 -39.2363 17.4144
17479 -45.91 -78 -32 -52.7713 -39.0487 17.397
17489 -46.081 -72 -32 -52.934 -39.228 17.3796
17499 -45.92 -71 -32 -52.8687 -38.9713 17.3622
17509 -46.02 -81 -32 -52.7463 -39.2937 17.3448
17519 -46.235 -77 -32 -53.2567 -39.2133 17.3275
17529 -46.278 -88 -29 -53.3075 -39.2485 17.3102
17539 -46.712 -89 -28 -53.928 -39.496 17.2928
17549 -46.109 -80 -32 -53.0802 -39.1378 17.2755
17559 -45.961 -72 -32 -52.4165 -39.5055 17.2583
17569 -46.016 -83 -32 -52.9557 -39.0763 17.241
17579 -46.135 -87 -29 -53.1868 -39.0832 17.2238
17589 -45.983 -74 -32 -52.5682 -39.3978 17.2065
17599 -45.91 -74 -32 -52.5523 -39.2677 17.1893
17609 -45.899 -79 -32 -52.702 -39.096 17.1722
17619 -45.706 -78 -32 -52.1511 -39.2609 17.155
17629 -45.89 -77 -32 -52.5877 -39.1923 17.1378
17639 -46.283 -80 -29 -53.3096 -39.2564 17.1207
17649 -46.309 -72 -32 -53.3009 -39.3171 17.1036
17659 -45.985 -77 -29 -53.0943 -38.8757 17.0865
17669 -46.442 -81 -32 -53.5587 -39.3253 17.0694
17679 -45.909 -73 -29 -52.5679 -39.2501 17.0523
17689 -46.194 -78 -32 -52.9435 -39.4445 17.0353
17699 -45.852 -76 -32 -52.561 -39.143 17.0182
17709 -46.282 -87 -32 -53.1205 -39.4435 17.0012
17719 -46.216 -77 -32 -53.0415 -39.3905 16.9842
17729 -46.051 -78 -32 -52.9462 -39.1558 16.9672
17739 -45.755 -78 -32 -52.4489 -39.0611 16.9503
17749 -45.642 -80 -28 -52.3699 -38.9141 16.9333
17759 -45.638 -91 -32 -52.6653 -38.6107 16.9164
17769 -45.887 -84 -32 -52.7728 -39.0012 16.8995
17779 -46.004 -76 -32 -52.5428 -39.4652 16.8826
17789 -46.107 -78 -32 -52.8172 -39.3968 16.8657
17799 -46 -82 -32 -52.6165 -39.3835 16.8488
17809 -45.824 -77 -32 -52.4328 -39.2152 16.832
17819 -45.58 -75 -32 -51.8449 -39.3151 16.8151
17829 -45.989 -77 -32 -53.0441 -38.9339 16.7983
17839 -45.659 -82 -32 -51.9859 -39.3321 16.7815
17849 -46.246 -80 -32 -53.3685 -39.1235 16.7647
17859 -45.862 -78 -32 -52.5616 -39.1624 16.748
17869 -45.616 -72 -32 -52.1043 -39.1277 16.7312
17879 -46.182 -76 -28 -53.2651 -39.0989 16.7145
17889 -45.82 -73 -32 -52.4524 -39.1876 16.6978
17899 -45.899 -76 -32 -52.6331 -39.1649 16.6811
17909 -45.935 -83 -32 -52.6844 -39.1856 16.6644
17919 -46.389 -84 -32 -53.7411 -39.0369 16.6477
17929 -46.285 -74 -30 -53.1947 -39.3753 16.6311
17939 -45.962 -72 -32 -52.5416 -39.3824 16.6144
17949 -46.406 -72 -32 -53.09 -39.722 16.5978
17959 -45.731 -81 -32 -52.4565 -39.0055 16.5812
17969 -46.082 -86 -32 -53.0893 -39.0747 16.5647
17979 -46.018 -87 -32 -53.0134 -39.0226 16.5481
17989 -45.872 -97 -32 -52.954 -38.79 16.5315
17999 -45.793 -76 -29 -52.438 -39.148 16.515
18009 -46.47 -75 -32 -53.2965 -39.6435 16.4985
18019 -45.925 -72 -29 -52.7012 -39.1488 16.482
18029 -46.151 -87 -32 -53.0466 -39.2554 16.4655
18039 -46.129 -72 -30 -53.0674 -39.1906 16.449
18049 -46.41 -90 -32 -53.4305 -39.3895 16.4326
18059 -46.009 -74 -32 -52.6088 -39.4092 16.4162
18069 -46.021 -72 -29 -52.5348 -39.5072 16.3997
18079 -46.179 -86 -32 -52.7725 -39.5855 16.3834
18089 -45.762 -77 -32 -52.6691 -38.8549 16.367
18099 -45.921 -72 -29 -52.4736 -39.3684 16.3506
18109 -46.133 -83 -30 -52.9401 -39.3259 16.3342
18119 -45.895 -78 -32 -52.27 -39.52 16.3179
18129 -46.204 -73 -29 -53.0134 -39.3946 16.3016
18139 -45.957 -80 -29 -52.7784 -39.1356 16.2853
18149 -45.647 -76 -32 -52.1803 -39.1137 16.269
18159 -46.376 -77 -32 -53.5207 -39.2313 16.2527
18169 -46.062 -72 -32 -52.7428 -39.3812 16.2365
18179 -45.847 -86 -29 -52.6645 -39.0295 16.2203
18189 -45.994 -81 -32 -53.0036 -38.9844 16.204
18199 -45.636 -86 -32 -52.2247 -39.0473 16.1878
18209 -45.741 -76 -32 -52.3499 -39.1321 16.1716
18219 -45.753 -78 -32 -52.3554 -39.1506 16.1555
18229 -46.141 -83 -32 -53.0073 -39.2747 16.1393
18239 -45.967 -78 -32 -52.8733 -39.0607 16.1232
18249 -45.855 -82 -32 -52.9246 -38.7854 16.1071
18259 -46.034 -76 -32 -52.8178 -39.2502 16.0909
18269 -45.844 -73 -32 -52.3859 -39.3021 16.0749
18279 -45.958 -73 -28 -52.5077 -39.4083 16.0588
18289 -46.23 -81 -32 -53.1206 -39.3394 16.0427
18299 -46.101 -79 -30 -52.7842 -39.4178 16.0267
18309 -46.289 -90 -29 -53.2789 -39.2991 16.0106
18319 -45.59 -72 -28 -52.1672 -39.0128 15.9946
18329 -45.714 -74 -32 -52.0724 -39.3556 15.9786
18339 -45.999 -71 -32 -52.518 -39.48 15.9627
18349 -46.026 -77 -32 -52.8632 -39.1888 15.9467
18359 -45.355 -84 -32 -51.802 -38.908 15.9308
18369 -45.903 -75 -25 -52.7018 -39.1042 15.9148
18379 -46.425 -78 -30 -53.2569 -39.5931 15.8989
18389 -45.666 -71 -28 -52.1857 -39.1463 15.883
18399 -45.777 -76 -32 -52.2996 -39.2544 15.8671
18409 -45.825 -76 -30 -52.3978 -39.2522 15.8513
18419 -45.805 -73 -28 -52.2881 -39.3219 15.8354
18429 -45.681 -76 -32 -52.2776 -39.0844 15.8196
18439 -45.664 -72 -32 -52.1212 -39.2068 15.8038
18449 -45.599 -71 -29 -51.7688 -39.4292 15.788
18459 -45.604 -74 -32 -52.1507 -39.0573 15.7722
18469 -46.318 -82 -32 -53.3354 -39.3006 15.7564
18479 -46.181 -78 -32 -52.9954 -39.3666 15.7406
18489 -46.171 -77 -28 -53.1112 -39.2308 15.7249
18499 -45.484 -69 -32 -51.8638 -39.1042 15.7092
18509 -45.909 -86 -32 -52.5842 -39.2338 15.6935
18519 -45.653 -74 -30 -52.3707 -38.9353 15.6778
18529 -45.938 -82 -28 -52.5479 -39.3281 15.6621
18539 -46.007 -72 -32 -52.6872 -39.3268 15.6464
18549 -45.725 -74 -28 -52.4126 -39.0374 15.6308
18559 -45.943 -76 -32 -52.7291 -39.1569 15.6151
18569 -45.941 -74 -32 -52.6525 -39.2295 15.5995
18579 -45.88 -100 -32 -52.755 -39.005 15.5839
18589 -45.697 -87 -31 -52.4413 -38.9527 15.5684
18599 -45.409 -72 -32 -51.7155 -39.1025 15.5528
18609 -45.901 -78 -30 -52.4616 -39.3404 15.5372
18619 -45.801 -77 -32 -52.3643 -39.2377 15.5217
18629 -45.704 -77 -32 -52.3925 -39.0155 15.5062
18639 -45.859 -73 -32 -52.5755 -39.1425 15.4907
18649 -45.599 -69 -30 -51.9457 -39.2523 15.4752
18659 -45.683 -85 -32 -52.0914 -39.2746 15.4597
18669 -45.848 -81 -32 -52.6243 -39.0717 15.4442
18679 -46.029 -77 -32 -52.632 -39.426 15.4288
18689 -45.809 -79 -32 -52.2954 -39.3226 15.4134
18699 -46.294 -85 -32 -53.2493 -39.3387 15.398
18709 -45.677 -76 -30 -52.1283 -39.2257 15.3826
18719 -45.458 -75 -32 -51.9036 -39.0124 15.3672
18729 -45.856 -78 -32 -52.6881 -39.0239 15.3518
18739 -46.106 -81 -32 -53.0588 -39.1532 15.3365
18749 -45.96 -88 -32 -52.6994 -39.2206 15.3211
18759 -45.762 -78 -28 -52.4783 -39.0457 15.3058
18769 -45.926 -84 -28 -52.8531 -38.9989 15.2905
18779 -46.064 -77 -32 -52.9375 -39.1905 15.2752
18789 -46.006 -77 -32 -52.7467 -39.2653 15.2599
18799 -46.165 -80 -32 -53.2829 -39.0471 15.2447
18809 -46.013 -76 -32 -52.7484 -39.2776 15.2294
18819 -45.864 -75 -32 -52.8424 -38.8856 15.2142
18829 -45.881 -85 -29 -52.6536 -39.1084 15.199
18839 -45.512 -75 -32 -52.034 -38.99 15.1838
18849 -46.367 -79 -32 -53.4388 -39.2952 15.1686
18859 -45.996 -73 -32 -52.8069 -39.1851 15.1534
18869 -46.194 -87 -28 -53.2469 -39.1411 15.1383
18879 -45.913 -72 -29 -52.4697 -39.3563 15.1231
18889 -46.15 -76 -32 -52.9473 -39.3527 15.108
18899 -46.068 -79 -28 -52.9241 -39.2119 15.0929
18909 -46.028 -82 -32 -52.8113 -39.2447 15.0778
18919 -46.269 -77 -32 -53.4063 -39.1317 15.0627
18929 -46.28 -77 -32 -53.0757 -39.4843 15.0477
18939 -46.015 -76 -28 -52.7652 -39.2648 15.0326
18949 -46.111 -78 -29 -52.9844 -39.2376 15.0176
18959 -46.385 -78 -32 -53.3864 -39.3836 15.0026
18969 -46.079 -87 -28 -53.0028 -39.1552 14.9876
18979 -45.83 -72 -32 -52.6234 -39.0366 14.9726
18989 -45.677 -74 -28 -52.217 -39.137 14.9576
18999 -46.003 -84 -32 -52.7971 -39.2089 14.9427
19009 -45.799 -77 -32 -52.648 -38.95 14.9277
19019 -45.954 -86 -32 -53.1898 -38.7182 14.9128
19029 -45.756 -72 -32 -52.3339 -39.1781 14.8979
19039 -45.786 -77 -32 -52.3651 -39.2069 14.883
19049 -46.107 -73 -29 -52.8937 -39.3203 14.8681
19059 -45.612 -78 -32 -52.1455 -39.0785 14.8532
19069 -45.403 -73 -32 -52.2137 -38.5923 14.8384
19079 -46.097 -74 -28 -52.9048 -39.2892 14.8235
19089 -45.942 -83 -32 -52.3898 -39.4942 14.8087
19099 -45.907 -82 -32 -52.6675 -39.1465 14.7939
19109 -46.032 -79 -28 -52.6518 -39.4122 14.7791
19119 -45.485 -76 -28 -52.1045 -38.8655 14.7643
19129 -45.453 -89 -32 -52.0957 -38.8103 14.7496
19139 -45.533 -78 -29 -52.1684 -38.8976 14.7348
19149 -45.94 -77 -32 -52.5631 -39.3169 14.7201
19159 -45.76 -79 -32 -52.2279 -39.2921 14.7054
19169 -45.516 -68 -32 -51.8521 -39.1799 14.6906
19179 -45.643 -90 -28 -52.3402 -38.9458 14.676
19189 -45.605 -80 -32 -52.2394 -38.9706 14.6613
19199 -46.014 -80 -32 -52.7536 -39.2744 14.6466
19209 -46.009 -74 -28 -52.606 -39.412 14.632
19219 -45.621 -73 -32 -52.1377 -39.1043 14.6173
19229 -45.657 -86 -32 -52.3133 -39.0007 14.6027
19239 -45.414 -69 -32 -52.0684 -38.7596 14.5881
19249 -45.83 -78 -29 -52.4275 -39.2325 14.5735
19259 -45.719 -70 -32 -52.0409 -39.3971 14.559
19269 -45.592 -67 -30 -51.9657 -39.2183 14.5444
19279 -45.812 -81 -29 -52.4468 -39.1772 14.5299
19289 -45.892 -76 -32 -52.1036 -39.6804 14.5153
19299 -45.595 -73 -32 -52.1584 -39.0316 14.5008
19309 -45.364 -80 -29 -51.863 -38.865 14.4863
19319 -45.713 -78 -32 -51.9195 -39.5065 14.4718
19329 -45.452 -81 -32 -52.0261 -38.8779 14.4574
19339 -45.707 -72 -30 -52.4634 -38.9506 14.4429
19349 -46.049 -76 -32 -52.9421 -39.1559 14.4285
19359 -45.64 -81 -32 -52.6775 -38.6025 14.414
19369 -45.656 -73 -32 -52.1919 -39.1201 14.3996
19379 -45.787 -71 -32 -52.1783 -39.3957 14.3852
19389 -45.355 -73 -32 -51.8837 -38.8263 14.3708
19399 -45.999 -75 -32 -52.6813 -39.3167 14.3565
19409 -45.838 -72 -32 -52.4716 -39.2044 14.3421
19419 -46.227 -79 -32 -53.1006 -39.3534 14.3278
19429 -45.777 -72 -29 -52.3716 -39.1824 14.3134
19439 -45.869 -77 -29 -52.412 -39.326 14.2991
19449 -45.599 -83 -29 -52.2027 -38.9953 14.2848
19459 -45.821 -73 -32 -52.5178 -39.1242 14.2705
19469 -45.884 -77 -32 -52.5885 -39.1795 14.2563
19479 -45.497 -77 -32 -52.2382 -38.7558 14.242
19489 -46.217 -76 -32 -52.8839 -39.5501 14.2278
19499 -45.79 -75 -29 -52.4429 -39.1371 14.2135
19509 -45.842 -77 -32 -52.4673 -39.2167 14.1993
19519 -45.7 -73 -32 -52.506 -38.894 14.1851
19529 -45.828 -76 -32 -52.3647 -39.2913 14.1709
19539 -45.572 -73 -32 -52.0778 -39.0662 14.1568
19549 -45.832 -72 -32 -52.5363 -39.1277 14.1426
19559 -45.962 -78 -32 -52.9729 -38.9511 14.1285
19569 -45.508 -71 -32 -51.9937 -39.0223 14.1143
19579 -45.871 -77 -32 -52.4134 -39.3286 14.1002
19589 -45.812 -78 -32 -52.2267 -39.3973 14.0861
19599 -45.431 -76 -32 -52.1935 -38.6685 14.072
19609 -45.824 -73 -29 -52.7627 -38.8853 14.058
19619 -45.771 -77 -32 -52.3368 -39.2052 14.0439
19629 -46.154 -73 -29 -52.7742 -39.5338 14.0299
19639 -45.638 -76 -32 -52.262 -39.014 14.0158
19649 -45.92 -77 -32 -52.45 -39.39 14.0018
19659 -45.435 -76 -28 -52.0537 -38.8163 13.9878
19669 -45.626 -72 -32 -52.2511 -39.0009 13.9738
19679 -45.481 -76 -32 -52.0714 -38.8906 13.9599
19689 -45.35 -78 -32 -51.7127 -38.9873 13.9459
19699 -45.185 -76 -32 -51.4837 -38.8863 13.9319
19709 -45.594 -74 -32 -52.1166 -39.0714 13.918
19719 -45.544 -82 -32 -52.1644 -38.9236 13.9041
19729 -46.148 -73 -32 -52.7997 -39.4963 13.8902
19739 -45.538 -67 -29 -51.9276 -39.1484 13.8763
19749 -45.445 -79 -32 -51.8224 -39.0676 13.8624
19759 -45.532 -84 -28 -52.0445 -39.0195 13.8486
19769 -45.798 -82 -32 -52.5377 -39.0583 13.8347
19779 -45.585 -78 -32 -52.3555 -38.8145 13.8209
19789 -45.188 -77 -32 -51.651 -38.725 13.8071
19799 -45.226 -73 -29 -51.5102 -38.9418 13.7933
19809 -45.522 -68 -32 -51.7772 -39.2668 13.7795
19819 -45.578 -76 -28 -52.0365 -39.1195 13.7657
19829 -45.319 -86 -29 -52.0423 -38.5957 13.7519
19839 -45.698 -82 -32 -52.3526 -39.0434 13.7382
19849 -45.686 -77 -29 -52.1693 -39.2027 13.7244
19859 -45.439 -73 -29 -51.9638 -38.9142 13.7107
19869 -45.606 -72 -28 -52.0856 -39.1264 13.697
19879 -45.729 -81 -30 -52.4891 -38.9689 13.6833
19889 -45.525 -69 -32 -51.8289 -39.2211 13.6696
19899 -45.201 -73 -28 -51.5848 -38.8172 13.6559
19909 -45.422 -78 -25 -51.9101 -38.9339 13.6423
19919 -45.263 -75 -29 -51.9556 -38.5704 13.6286
19929 -45.892 -72 -32 -52.2907 -39.4933 13.615
19939 -45.703 -79 -32 -52.2146 -39.1914 13.6014
19949 -45.856 -77 -31 -52.4007 -39.3113 13.5878
19959 -45.307 -76 -29 -51.9728 -38.6412 13.5742
19969 -45.584 -72 -32 -52.1732 -38.9948 13.5606
19979 -45.641 -81 -32 -52.043 -39.239 13.5471
19989 -45.435 -78 -28 -51.9228 -38.9472 13.5335
19999 -45.869 -79 -32 -52.4234 -39.3146 13.52
