0 -52.063 -104 -32 -63.5215 -40.6045 30
9 -52.137 -123 -32 -63.4741 -40.7999 29.97
19 -52.937 -129 -28 -64.9739 -40.9001 29.94
29 -52.213 -112 -32 -63.2902 -41.1358 29.9101
39 -52.696 -115 -27 -64.255 -41.137 29.8802
49 -52.499 -125 -32 -64.1688 -40.8292 29.8503
59 -52.051 -137 -26 -63.6294 -40.4726 29.8204
69 -52.538 -118 -32 -64.0957 -40.9803 29.7906
79 -52.782 -123 -31 -64.5934 -40.9706 29.7608
89 -52.149 -116 -32 -63.1447 -41.1533 29.7311
99 -52.601 -108 -32 -63.7892 -41.4128 29.7013
109 -52.219 -105 -30 -63.6894 -40.7486 29.6716
119 -53.093 -105 -30 -64.4862 -41.6998 29.642
129 -53.306 -142 -32 -65.784 -40.828 29.6123
139 -52.734 -117 -28 -64.3743 -41.0937 29.5827
149 -52.902 -167 -32 -64.9578 -40.8462 29.5531
159 -52.958 -120 -32 -64.5109 -41.4051 29.5236
169 -51.734 -117 -30 -63.2017 -40.2663 29.4941
179 -52.53 -123 -31 -64.2282 -40.8318 29.4646
189 -53.275 -123 -32 -65.2234 -41.3266 29.4351
199 -53.609 -119 -32 -65.9044 -41.3136 29.4057
209 -53.086 -122 -28 -64.5351 -41.6369 29.3763
219 -53.239 -121 -32 -64.7838 -41.6942 29.3469
229 -53.153 -118 -29 -65.1766 -41.1294 29.3175
239 -52.761 -121 -32 -64.3923 -41.1297 29.2882
249 -52.782 -148 -32 -65.4283 -40.1357 29.2589
259 -53.665 -119 -18 -65.8488 -41.4812 29.2297
269 -52.912 -114 -32 -64.36 -41.464 29.2004
279 -53.722 -120 -32 -66.7824 -40.6616 29.1712
289 -53.728 -117 -32 -66.2464 -41.2096 29.1421
299 -53.2 -134 -30 -65.0284 -41.3716 29.1129
309 -53.312 -116 -32 -65.5898 -41.0342 29.0838
319 -53.627 -110 -28 -65.356 -41.898 29.0547
329 -53.235 -106 -32 -64.7681 -41.7019 29.0257
339 -53.445 -121 -32 -65.9427 -40.9473 28.9967
349 -52.561 -113 -30 -63.3585 -41.7635 28.9677
359 -53.499 -141 -22 -65.8635 -41.1345 28.9387
369 -53.129 -125 -32 -64.592 -41.666 28.9097
379 -52.937 -103 -32 -64.3874 -41.4866 28.8808
389 -53.15 -110 -30 -64.4948 -41.8052 28.852
399 -53.533 -122 -32 -65.4585 -41.6075 28.8231
409 -52.622 -134 -28 -64.4766 -40.7674 28.7943
419 -54.062 -152 -32 -66.9116 -41.2124 28.7655
429 -53.414 -119 -32 -65.4503 -41.3777 28.7367
439 -52.937 -123 -32 -64.2088 -41.6652 28.708
449 -52.871 -113 -32 -64.17 -41.572 28.6793
459 -53.103 -184 -28 -65.6756 -40.5304 28.6506
469 -52.689 -106 -28 -63.9716 -41.4064 28.6219
479 -52.991 -113 -29 -64.2323 -41.7497 28.5933
489 -53.519 -143 -32 -65.7162 -41.3218 28.5647
499 -53.013 -125 -27 -65.0033 -41.0227 28.5362
509 -53.222 -151 -30 -65.116 -41.328 28.5076
519 -52.703 -128 -32 -64.7699 -40.6361 28.4791
529 -53.148 -113 -30 -64.9467 -41.3493 28.4506
539 -53.135 -120 -30 -64.9522 -41.3178 28.4222
549 -53.095 -113 -32 -64.2561 -41.9339 28.3938
559 -53.205 -121 -32 -64.8872 -41.5228 28.3654
569 -53.112 -105 -29 -64.7269 -41.4971 28.337
579 -53.459 -144 -29 -65.636 -41.282 28.3087
589 -52.592 -146 -31 -64.7717 -40.4123 28.2804
599 -52.671 -127 -22 -64.2537 -41.0883 28.2521
609 -53.078 -114 -31 -64.8497 -41.3063 28.2238
619 -53.025 -173 -32 -65.9151 -40.1349 28.1956
629 -53.895 -136 -30 -66.8065 -40.9835 28.1674
639 -53.798 -187 -32 -66.8603 -40.7357 28.1392
649 -53.526 -162 -30 -65.9235 -41.1285 28.1111
659 -53.225 -118 -30 -65.1161 -41.3339 28.083
669 -53.068 -108 -32 -64.7049 -41.4311 28.0549
679 -53.382 -159 -32 -65.8195 -40.9445 28.0269
689 -52.692 -129 -30 -64.2127 -41.1713 27.9988
699 -53.649 -143 -32 -66.9743 -40.3237 27.9708
709 -53.079 -139 -29 -64.9628 -41.1952 27.9429
719 -52.613 -116 -30 -64.2915 -40.9345 27.9149
729 -52.448 -138 -32 -64.1858 -40.7102 27.887
739 -52.71 -141 -28 -64.7621 -40.6579 27.8591
749 -53.354 -143 -32 -65.9279 -40.7801 27.8313
759 -52.782 -172 -32 -64.6174 -40.9466 27.8034
769 -52.626 -141 -28 -64.173 -41.079 27.7756
779 -53.624 -116 -32 -66.0027 -41.2453 27.7478
789 -52.231 -130 -32 -63.3666 -41.0954 27.7201
799 -52.65 -129 -28 -64.6959 -40.6041 27.6924
809 -53.377 -123 -29 -65.961 -40.793 27.6647
819 -52.787 -130 -32 -64.7934 -40.7806 27.637
829 -53.372 -135 -32 -65.3101 -41.4339 27.6094
839 -52.448 -131 -32 -63.4775 -41.4185 27.5818
849 -52.47 -140 -31 -64.4122 -40.5278 27.5542
859 -52.833 -148 -32 -65.8334 -39.8326 27.5266
869 -52.544 -154 -32 -64.5072 -40.5808 27.4991
879 -52.66 -142 -28 -64.744 -40.576 27.4716
889 -52.554 -134 -29 -64.8381 -40.2699 27.4441
899 -52.703 -131 -21 -64.3048 -41.1012 27.4167
909 -52.854 -175 -30 -64.9142 -40.7938 27.3893
919 -52.194 -121 -32 -63.8631 -40.5249 27.3619
929 -52.496 -126 -30 -64.2149 -40.7771 27.3345
939 -52.658 -124 -32 -64.3144 -41.0016 27.3072
949 -52.477 -108 -32 -63.3109 -41.6431 27.2799
959 -52.345 -164 -29 -63.9726 -40.7174 27.2526
969 -52.632 -192 -28 -65.2484 -40.0156 27.2254
979 -52.697 -141 -31 -65.371 -40.023 27.1981
989 -52.543 -121 -32 -63.7619 -41.3241 27.1709
999 -52.541 -165 -32 -64.1987 -40.8833 27.1438
1009 -52.433 -202 -32 -65.2082 -39.6578 27.1166
1019 -52.488 -123 -29 -64.2373 -40.7387 27.0895
1029 -52.672 -130 -30 -64.4242 -40.9198 27.0624
1039 -52.386 -111 -32 -63.6154 -41.1566 27.0354
1049 -52.962 -123 -28 -64.6658 -41.2582 27.0083
1059 -51.865 -126 -30 -62.7661 -40.9639 26.9813
1069 -52.032 -125 -32 -63.711 -40.353 26.9543
1079 -52.158 -121 -26 -63.5963 -40.7197 26.9274
1089 -52.012 -128 -32 -63.2836 -40.7404 26.9004
1099 -52.221 -162 -32 -64.0223 -40.4197 26.8735
1109 -53.226 -127 -29 -65.0605 -41.3915 26.8467
1119 -52.388 -162 -28 -63.9243 -40.8517 26.8198
1129 -52.63 -178 -32 -65.828 -39.432 26.793
1139 -53.082 -256 -32 -69.0159 -37.1481 26.7662
1149 -53.024 -178 -32 -67.4809 -38.5671 26.7394
1159 -53.075 -195 -32 -67.6797 -38.4703 26.7127
1169 -53.049 -171 -32 -65.8311 -40.2669 26.686
1179 -52.923 -216 -31 -67.0423 -38.8037 26.6593
1189 -53.573 -158 -25 -67.0776 -40.0684 26.6326
1199 -53.064 -151 -32 -66.2433 -39.8847 26.606
1209 -53.804 -534 -32 -74.7713 -32.8367 26.5794
1219 -53.881 -280 -30 -71.0783 -36.6837 26.5528
1229 -52.152 -148 -32 -63.2557 -41.0483 26.5263
1239 -53.078 -260 -31 -67.9114 -38.2446 26.4998
1249 -53.674 -197 -32 -68.0955 -39.2525 26.4733
1259 -53.228 -136 -33 -65.4319 -41.0241 26.4468
1269 -52.833 -211 -32 -66.2242 -39.4418 26.4203
1279 -52.102 -123 -22 -63.2684 -40.9356 26.3939
1289 -53.078 -472 -32 -70.9247 -35.2313 26.3675
1299 -52.767 -245 -31 -65.0774 -40.4566 26.3411
1309 -52.164 -138 -30 -63.8992 -40.4288 26.3148
1319 -52.761 -201 -32 -65.3396 -40.1824 26.2885
1329 -52.987 -200 -32 -65.1141 -40.8599 26.2622
1339 -53.494 -154 -29 -66.9155 -40.0725 26.2359
1349 -52.315 -105 -31 -63.2986 -41.3314 26.2097
1359 -52.629 -183 -32 -64.8214 -40.4366 26.1835
1369 -52.448 -371 -32 -67.2824 -37.6136 26.1573
1379 -52.813 -139 -31 -64.8119 -40.8141 26.1312
1389 -53.296 -311 -29 -67.9317 -38.6603 26.105
1399 -52.181 -117 -29 -63.4013 -40.9607 26.0789
1409 -53.336 -149 -32 -66.6935 -39.9785 26.0528
1419 -53.363 -197 -32 -67.3125 -39.4135 26.0268
1429 -52.881 -211 -32 -65.6573 -40.1047 26.0008
1439 -53.025 -247 -32 -66.0992 -39.9508 25.9748
1449 -52.913 -190 -32 -65.9188 -39.9072 25.9488
1459 -52.497 -208 -32 -65.5274 -39.4666 25.9228
1469 -52.235 -206 -32 -64.5481 -39.9219 25.8969
1479 -52.882 -136 -32 -64.5709 -41.1931 25.871
1489 -52.595 -132 -32 -63.8023 -41.3877 25.8451
1499 -52.971 -140 -28 -64.8446 -41.0974 25.8193
1509 -52.161 -319 -32 -66.0238 -38.2982 25.7935
1519 -52.223 -144 -32 -64.0668 -40.3792 25.7677
1529 -52.983 -420 -32 -70.8153 -35.1507 25.7419
1539 -53.324 -182 -30 -66.0986 -40.5494 25.7162
1549 -52.762 -272 -30 -65.8482 -39.6758 25.6905
1559 -52.112 -163 -32 -63.6737 -40.5503 25.6648
1569 -52.43 -223 -30 -66.281 -38.579 25.6391
1579 -52.179 -337 -32 -67.256 -37.102 25.6135
1589 -52.909 -130 -32 -64.154 -41.664 25.5879
1599 -52.853 -216 -28 -65.6127 -40.0933 25.5623
1609 -52.432 -144 -30 -64.4342 -40.4298 25.5367
1619 -52.768 -267 -32 -66.2289 -39.3071 25.5112
1629 -53.09 -266 -32 -67.976 -38.204 25.4857
1639 -53.539 -274 -29 -69.2807 -37.7973 25.4602
1649 -52.13 -144 -32 -63.8032 -40.4568 25.4347
1659 -52.155 -221 -32 -64.3883 -39.9217 25.4093
1669 -51.977 -122 -32 -62.6776 -41.2764 25.3839
1679 -52.637 -199 -32 -65.6305 -39.6435 25.3585
1689 -52.278 -118 -30 -62.7509 -41.8051 25.3331
1699 -52.338 -271 -31 -64.7361 -39.9399 25.3078
1709 -53.176 -194 -28 -66.3393 -40.0127 25.2825
1719 -52.395 -226 -29 -65.3976 -39.3924 25.2572
1729 -52.143 -167 -32 -63.3462 -40.9398 25.2319
1739 -53.043 -212 -32 -66.0169 -40.0691 25.2067
1749 -52.281 -128 -32 -63.4801 -41.0819 25.1815
1759 -53.311 -205 -32 -66.448 -40.174 25.1563
1769 -52.574 -276 -32 -66.3714 -38.7766 25.1312
1779 -52.877 -162 -31 -65.5321 -40.2219 25.106
1789 -52.814 -197 -28 -66.6804 -38.9476 25.0809
1799 -53.308 -291 -28 -70.8301 -35.7859 25.0558
1809 -52.963 -487 -29 -71.0295 -34.8965 25.0308
1819 -52.622 -339 -27 -67.2165 -38.0275 25.0058
1829 -52.465 -161 -32 -63.6492 -41.2808 24.9808
1839 -52.383 -136 -32 -63.2936 -41.4724 24.9558
1849 -51.877 -147 -29 -63.2144 -40.5396 24.9308
1859 -52.604 -203 -32 -66.0733 -39.1347 24.9059
1869 -52.544 -181 -29 -65.2263 -39.8617 24.881
1879 -51.801 -128 -32 -63.2714 -40.3306 24.8561
1889 -52.115 -207 -32 -64.8487 -39.3813 24.8312
1899 -52.141 -124 -32 -63.1833 -41.0987 24.8064
1909 -52.137 -179 -32 -64.0693 -40.2047 24.7816
1919 -51.976 -209 -32 -64.0028 -39.9492 24.7568
1929 -52.188 -245 -25 -64.7104 -39.6656 24.7321
1939 -51.871 -171 -32 -63.1689 -40.5731 24.7073
1949 -52.411 -247 -30 -66.2781 -38.5439 24.6826
1959 -52.173 -115 -31 -62.872 -41.474 24.6579
1969 -52.625 -151 -32 -64.5786 -40.6714 24.6333
1979 -51.972 -192 -32 -63.9007 -40.0433 24.6087
1989 -52.383 -138 -32 -63.3716 -41.3944 24.584
1999 -52.064 -137 -32 -62.9141 -41.2139 24.5595
2009 -52.463 -207 -28 -65.2795 -39.6465 24.5349
2019 -52.284 -195 -32 -65.0498 -39.5182 24.5104
2029 -53.334 -511 -32 -74.2748 -32.3932 24.4859
2039 -51.963 -163 -32 -64.0414 -39.8846 24.4614
2049 -52.518 -195 -28 -63.9983 -41.0377 24.4369
2059 -52.113 -147 -32 -63.3139 -40.9121 24.4125
2069 -51.937 -110 -30 -62.4452 -41.4288 24.3881
2079 -51.943 -197 -32 -64.0578 -39.8282 24.3637
2089 -52.525 -368 -29 -67.7757 -37.2743 24.3393
2099 -52.38 -216 -29 -65.3356 -39.4244 24.315
2109 -52.483 -195 -32 -64.8551 -40.1109 24.2907
2119 -51.766 -146 -32 -62.8747 -40.6573 24.2664
2129 -52.172 -207 -31 -64.3192 -40.0248 24.2421
2139 -52.688 -160 -27 -65.8906 -39.4854 24.2179
2149 -52.487 -160 -32 -65.0079 -39.9661 24.1936
2159 -51.944 -175 -32 -63.3899 -40.4981 24.1694
2169 -52.026 -183 -32 -64.3413 -39.7107 24.1453
2179 -52.57 -246 -32 -67.6442 -37.4958 24.1211
2189 -52.357 -173 -32 -65.0114 -39.7026 24.097
2199 -52.119 -303 -32 -67.5048 -36.7332 24.0729
2209 -51.89 -112 -32 -62.8569 -40.9231 24.0488
2219 -51.653 -169 -30 -62.1481 -41.1579 24.0248
2229 -52.017 -132 -32 -62.8506 -41.1834 24.0008
2239 -51.823 -189 -32 -63.2249 -40.4211 23.9768
2249 -52.427 -175 -32 -63.7077 -41.1463 23.9528
2259 -52.754 -279 -32 -68.267 -37.241 23.9288
2269 -52.138 -126 -32 -63.0328 -41.2432 23.9049
2279 -51.868 -122 -29 -62.543 -41.193 23.881
2289 -51.029 -140 -32 -61.8152 -40.2428 23.8571
2299 -52.038 -188 -32 -63.6519 -40.4241 23.8333
2309 -51.725 -180 -28 -62.8982 -40.5518 23.8094
2319 -52.254 -123 -30 -62.8684 -41.6396 23.7856
2329 -51.849 -147 -28 -62.6668 -41.0312 23.7618
2339 -51.631 -165 -31 -63.5719 -39.6901 23.7381
2349 -51.324 -416 -31 -66.4387 -36.2093 23.7143
2359 -51.822 -104 -28 -61.7107 -41.9333 23.6906
2369 -51.818 -166 -31 -63.3213 -40.3147 23.6669
2379 -51.415 -150 -28 -62.6905 -40.1395 23.6433
2389 -52.257 -246 -32 -65.937 -38.577 23.6196
2399 -51.504 -137 -28 -62.2358 -40.7722 23.596
2409 -51.699 -181 -26 -64.2455 -39.1525 23.5724
2419 -52.426 -326 -32 -70.0502 -34.8018 23.5488
2429 -52.518 -173 -32 -64.4785 -40.5575 23.5253
2439 -51.788 -182 -32 -63.0155 -40.5605 23.5018
2449 -52.461 -159 -25 -64.2611 -40.6609 23.4783
2459 -52.016 -159 -31 -62.9858 -41.0462 23.4548
2469 -52.119 -145 -32 -63.1974 -41.0406 23.4313
2479 -51.912 -194 -32 -64.4331 -39.3909 23.4079
2489 -51.541 -128 -32 -62.7156 -40.3664 23.3845
2499 -51.586 -112 -32 -61.2941 -41.8779 23.3611
2509 -51.959 -221 -31 -64.3324 -39.5856 23.3377
2519 -51.923 -147 -28 -63.3683 -40.4777 23.3144
2529 -51.937 -151 -31 -62.9738 -40.9002 23.2911
2539 -52.025 -274 -32 -64.9892 -39.0608 23.2678
2549 -52.313 -235 -32 -64.5246 -40.1014 23.2445
2559 -51.791 -176 -32 -62.756 -40.826 23.2213
2569 -51.89 -168 -29 -63.0052 -40.7748 23.1981
2579 -51.747 -155 -32 -62.8624 -40.6316 23.1749
2589 -50.999 -234 -28 -63.0506 -38.9474 23.1517
2599 -51.576 -119 -30 -61.703 -41.449 23.1285
2609 -51.916 -169 -30 -64.3527 -39.4793 23.1054
2619 -51.669 -138 -32 -61.9892 -41.3488 23.0823
2629 -51.656 -187 -30 -63.1844 -40.1276 23.0592
2639 -51.338 -198 -30 -62.8879 -39.7881 23.0362
2649 -51.344 -148 -28 -62.5586 -40.1294 23.0131
2659 -51.363 -169 -32 -62.2723 -40.4537 22.9901
2669 -50.951 -218 -32 -62.4903 -39.4117 22.9671
2679 -51.437 -237 -32 -64.858 -38.016 22.9442
2689 -51.083 -235 -30 -62.4295 -39.7365 22.9212
2699 -51.763 -151 -32 -62.8973 -40.6287 22.8983
2709 -51.325 -111 -32 -61.8027 -40.8473 22.8754
2719 -51.359 -146 -32 -61.7154 -41.0026 22.8525
2729 -51.847 -401 -32 -67.2439 -36.4501 22.8297
2739 -52.337 -157 -29 -63.8201 -40.8539 22.8068
2749 -52.078 -183 -32 -63.611 -40.545 22.784
2759 -51.466 -214 -28 -63.02 -39.912 22.7612
2769 -51.678 -148 -31 -62.4892 -40.8668 22.7385
2779 -51.182 -210 -25 -62.3775 -39.9865 22.7157
2789 -52.38 -214 -32 -64.8562 -39.9038 22.693
2799 -51.397 -206 -32 -63.1766 -39.6174 22.6703
2809 -52.16 -188 -32 -64.0083 -40.3117 22.6477
2819 -51.475 -113 -32 -62.1425 -40.8075 22.625
2829 -52.322 -306 -28 -67.3178 -37.3262 22.6024
2839 -51.624 -149 -32 -62.5755 -40.6725 22.5798
2849 -51.876 -320 -32 -67.8922 -35.8598 22.5572
2859 -50.784 -181 -32 -61.3296 -40.2384 22.5347
2869 -52.404 -302 -32 -66.9692 -37.8388 22.5121
2879 -50.638 -130 -26 -60.712 -40.564 22.4896
2889 -51.259 -190 -32 -62.4778 -40.0402 22.4671
2899 -51.591 -139 -29 -62.3107 -40.8713 22.4447
2909 -51.451 -172 -32 -62.5761 -40.3259 22.4222
2919 -51.29 -139 -32 -61.8067 -40.7733 22.3998
2929 -51.514 -218 -28 -62.7989 -40.2291 22.3774
2939 -50.792 -151 -30 -61.6402 -39.9438 22.355
2949 -51.782 -128 -32 -62.0421 -41.5219 22.3327
2959 -51.622 -198 -28 -63.3044 -39.9396 22.3103
2969 -51.354 -141 -31 -61.8928 -40.8152 22.288
2979 -50.877 -152 -29 -61.132 -40.622 22.2657
2989 -52.162 -389 -29 -68.6635 -35.6605 22.2435
2999 -50.903 -218 -28 -62.543 -39.263 22.2212
3009 -51.688 -175 -29 -63.1931 -40.1829 22.199
3019 -51.388 -183 -32 -62.4611 -40.3149 22.1768
3029 -51.736 -543 -32 -70.3994 -33.0726 22.1546
3039 -50.933 -180 -31 -61.8543 -40.0117 22.1325
3049 -51.299 -151 -32 -62.0843 -40.5137 22.1103
3059 -52.359 -215 -32 -66.5551 -38.1629 22.0882
3069 -51.567 -214 -26 -63.533 -39.601 22.0661
3079 -51.933 -209 -32 -64.1249 -39.7411 22.0441
3089 -52.192 -336 -24 -66.4215 -37.9625 22.022
3099 -50.664 -142 -32 -61.2164 -40.1116 22
3109 -51.498 -128 -32 -61.8945 -41.1015 21.978
3119 -51.953 -231 -32 -65.3975 -38.5085 21.956
3129 -51.191 -117 -30 -61.9592 -40.4228 21.9341
3139 -52.224 -278 -32 -66.3234 -38.1246 21.9121
3149 -51.321 -247 -29 -63.367 -39.275 21.8902
3159 -50.799 -126 -32 -60.5561 -41.0419 21.8683
3169 -51.193 -270 -32 -63.6209 -38.7651 21.8465
3179 -51.658 -228 -32 -64.4031 -38.9129 21.8246
3189 -50.933 -117 -30 -60.9793 -40.8867 21.8028
3199 -50.618 -225 -31 -61.9508 -39.2852 21.781
3209 -51.161 -154 -32 -62.6043 -39.7177 21.7592
3219 -51.195 -214 -32 -62.7764 -39.6136 21.7374
3229 -51.122 -200 -32 -61.7341 -40.5099 21.7157
3239 -51.685 -210 -32 -62.8581 -40.5119 21.694
3249 -51.208 -221 -32 -62.4906 -39.9254 21.6723
3259 -51.167 -296 -32 -64.314 -38.02 21.6506
3269 -51.374 -142 -32 -62.1435 -40.6045 21.629
3279 -51.873 -248 -29 -64.3975 -39.3485 21.6073
3289 -51.45 -250 -32 -64.1723 -38.7277 21.5857
3299 -51.418 -159 -32 -62.6498 -40.1862 21.5642
3309 -51.545 -216 -29 -63.2589 -39.8311 21.5426
3319 -51.463 -339 -29 -65.6702 -37.2558 21.521
3329 -51.314 -142 -32 -61.4938 -41.1342 21.4995
3339 -52.435 -291 -32 -68.9872 -35.8828 21.478
3349 -51.97 -230 -32 -65.6705 -38.2695 21.4565
3359 -51.31 -190 -32 -63.1654 -39.4546 21.4351
3369 -51.906 -190 -29 -64.031 -39.781 21.4137
3379 -51.66 -221 -32 -66.2877 -37.0323 21.3922
3389 -51.488 -142 -32 -62.8387 -40.1373 21.3708
3399 -51.511 -269 -32 -64.7576 -38.2644 21.3495
3409 -51.55 -236 -29 -63.7164 -39.3836 21.3281
3419 -51.976 -485 -32 -70.2283 -33.7237 21.3068
3429 -51.502 -162 -32 -63.5801 -39.4239 21.2855
3439 -51.348 -256 -30 -64.7663 -37.9297 21.2642
3449 -52.037 -288 -30 -66.6977 -37.3763 21.2429
3459 -51.379 -235 -29 -64.7351 -38.0229 21.2217
3469 -51.191 -140 -32 -63.1124 -39.2696 21.2005
3479 -51.606 -291 -32 -66.0394 -37.1726 21.1793
3489 -51.715 -262 -32 -65.3933 -38.0367 21.1581
3499 -51.31 -241 -32 -63.3004 -39.3196 21.1369
3509 -50.901 -162 -26 -61.9937 -39.8083 21.1158
3519 -50.697 -143 -28 -61.0784 -40.3156 21.0947
3529 -51.254 -441 -28 -68.391 -34.117 21.0736
3539 -51.399 -408 -28 -69.8413 -32.9567 21.0525
3549 -51.865 -295 -25 -68.0522 -35.6778 21.0315
3559 -51.597 -185 -30 -63.1142 -40.0798 21.0104
3569 -50.989 -193 -32 -61.7654 -40.2126 20.9894
3579 -52.122 -252 -27 -68.9052 -35.3388 20.9684
3589 -51.45 -195 -29 -64.2388 -38.6612 20.9475
3599 -50.48 -244 -25 -62.7077 -38.2523 20.9265
3609 -51.039 -176 -29 -62.7415 -39.3365 20.9056
3619 -51.73 -263 -29 -67.4014 -36.0586 20.8847
3629 -51.206 -229 -26 -63.7931 -38.6189 20.8638
3639 -51.581 -206 -32 -64.764 -38.398 20.8429
3649 -50.858 -108 -32 -60.4459 -41.2701 20.8221
3659 -51.314 -253 -32 -64.0309 -38.5971 20.8013
3669 -50.872 -153 -32 -61.2434 -40.5006 20.7805
3679 -51.455 -246 -29 -64.0694 -38.8406 20.7597
3689 -51.133 -166 -32 -63.3372 -38.9288 20.7389
3699 -51.22 -417 -32 -68.8641 -33.5759 20.7182
3709 -51.637 -366 -32 -70.0317 -33.2423 20.6975
3719 -50.723 -185 -31 -62.8185 -38.6275 20.6768
3729 -51.827 -269 -32 -67.176 -36.478 20.6561
3739 -50.677 -182 -32 -61.6244 -39.7296 20.6354
3749 -50.508 -149 -32 -60.5876 -40.4284 20.6148
3759 -51.27 -223 -29 -63.8004 -38.7396 20.5942
3769 -51.995 -337 -30 -69.4366 -34.5534 20.5736
3779 -50.32 -146 -31 -60.3138 -40.3262 20.553
3789 -52.087 -427 -28 -70.3604 -33.8136 20.5325
3799 -50.707 -358 -32 -65.871 -35.543 20.5119
3809 -51.085 -280 -29 -63.8441 -38.3259 20.4914
3819 -51.294 -387 -31 -68.8147 -33.7733 20.4709
3829 -51.133 -204 -32 -63.7758 -38.4902 20.4505
3839 -51.923 -212 -28 -67.1398 -36.7062 20.43
3849 -50.678 -198 -32 -62.0548 -39.3012 20.4096
3859 -51.306 -296 -30 -65.6134 -36.9986 20.3892
3869 -51.512 -323 -28 -66.0171 -37.0069 20.3688
3879 -51.47 -192 -32 -62.5325 -40.4075 20.3484
3889 -52.022 -389 -32 -70.9799 -33.0641 20.3281
3899 -51.606 -205 -28 -64.6304 -38.5816 20.3077
3909 -51.356 -266 -32 -65.1733 -37.5387 20.2874
3919 -51.232 -268 -29 -65.8914 -36.5726 20.2671
3929 -51.075 -212 -28 -62.9814 -39.1686 20.2469
3939 -50.181 -272 -32 -63.5338 -36.8282 20.2266
3949 -51.291 -246 -32 -64.9766 -37.6054 20.2064
3959 -51.008 -160 -32 -62.4985 -39.5175 20.1862
3969 -51.387 -319 -30 -66.0673 -36.7067 20.166
3979 -50.339 -202 -29 -62.8842 -37.7938 20.1458
3989 -50.914 -295 -32 -63.5254 -38.3026 20.1257
3999 -50.566 -279 -28 -63.0687 -38.0633 20.1056
4009 -50.942 -159 -29 -62.9559 -38.9281 20.0855
4019 -51.882 -237 -28 -65.4874 -38.2766 20.0654
4029 -51.777 -391 -32 -67.8481 -35.7059 20.0453
4039 -51.573 -278 -32 -65.0845 -38.0615 20.0253
4049 -50.947 -153 -29 -61.7533 -40.1407 20.0053
4059 -51.088 -155 -32 -61.5536 -40.6224 19.9852
4069 -50.356 -226 -29 -61.1973 -39.5147 19.9653
4079 -50.731 -325 -30 -65.7761 -35.6859 19.9453
4089 -50.33 -212 -32 -62.2543 -38.4057 19.9253
4099 -51.009 -160 -32 -63.856 -38.162 19.9054
4109 -50.951 -176 -30 -62.0858 -39.8162 19.8855
4119 -50.645 -300 -32 -63.4774 -37.8126 19.8656
4129 -50.427 -217 -32 -62.2721 -38.5819 19.8458
4139 -50.336 -146 -32 -59.9825 -40.6895 19.8259
4149 -50.415 -289 -27 -63.5541 -37.2759 19.8061
4159 -50.872 -178 -32 -62.2457 -39.4983 19.7863
4169 -51.235 -268 -32 -65.1973 -37.2727 19.7665
4179 -52.559 -381 -32 -74.1426 -30.9754 19.7467
4189 -51.519 -281 -32 -66.5859 -36.4521 19.727
4199 -50.782 -182 -26 -62.9172 -38.6468 19.7073
4209 -50.813 -391 -21 -65.9618 -35.6642 19.6876
4219 -51.115 -290 -32 -65.5578 -36.6722 19.6679
4229 -51.385 -264 -32 -65.7695 -37.0005 19.6482
4239 -50.422 -171 -32 -60.9262 -39.9178 19.6286
4249 -50.776 -198 -32 -61.7517 -39.8003 19.6089
4259 -50.783 -185 -32 -62.5636 -39.0024 19.5893
4269 -50.369 -142 -32 -61.0236 -39.7144 19.5697
4279 -51.67 -262 -32 -66.1853 -37.1547 19.5502
4289 -50.072 -141 -29 -60.1058 -40.0382 19.5306
4299 -50.365 -145 -32 -60.2257 -40.5043 19.5111
4309 -50.365 -120 -29 -60.1143 -40.6157 19.4916
4319 -50.813 -255 -32 -63.1208 -38.5052 19.4721
4329 -51.427 -349 -32 -66.0344 -36.8196 19.4526
4339 -51.291 -324 -26 -68.5838 -33.9982 19.4331
4349 -50.908 -280 -28 -64.0697 -37.7463 19.4137
4359 -50.101 -301 -32 -63.3155 -36.8865 19.3943
4369 -50.718 -186 -32 -62.2324 -39.2036 19.3749
4379 -50.123 -266 -32 -63.6027 -36.6433 19.3555
4389 -51.345 -388 -32 -69.2422 -33.4478 19.3362
4399 -50.896 -349 -32 -64.6704 -37.1216 19.3168
4409 -51.145 -334 -32 -66.3878 -35.9022 19.2975
4419 -50.366 -212 -29 -61.9188 -38.8132 19.2782
4429 -50.244 -116 -32 -60.4096 -40.0784 19.2589
4439 -50.294 -186 -30 -61.1999 -39.3881 19.2397
4449 -50.335 -161 -26 -61.6562 -39.0138 19.2204
4459 -50.909 -299 -32 -65.8408 -35.9772 19.2012
4469 -50.976 -282 -32 -64.181 -37.771 19.182
4479 -50.766 -278 -28 -64.4819 -37.0501 19.1628
4489 -50.716 -265 -32 -63.6275 -37.8045 19.1437
4499 -50.385 -232 -29 -61.3216 -39.4484 19.1245
4509 -51.078 -244 -32 -65.447 -36.709 19.1054
4519 -50.484 -244 -28 -62.9465 -38.0215 19.0863
4529 -50.577 -411 -32 -66.2916 -34.8624 19.0672
4539 -50.904 -549 -32 -71.0188 -30.7892 19.0482
4549 -50.777 -142 -32 -61.4795 -40.0745 19.0291
4559 -50.967 -245 -32 -63.6955 -38.2385 19.0101
4569 -49.587 -136 -32 -59.4784 -39.6956 18.9911
4579 -50.344 -258 -32 -63.9238 -36.7642 18.9721
4589 -50.592 -190 -32 -61.3158 -39.8682 18.9531
4599 -50.063 -204 -32 -61.3481 -38.7779 18.9342
4609 -50.65 -317 -32 -64.6201 -36.6799 18.9152
4619 -50.054 -173 -32 -60.3908 -39.7172 18.8963
4629 -51.226 -256 -32 -64.91 -37.542 18.8774
4639 -51.177 -487 -32 -70.3355 -32.0185 18.8585
4649 -50.336 -184 -28 -61.0024 -39.6696 18.8397
4659 -50.529 -365 -32 -65.7951 -35.2629 18.8208
4669 -50.583 -166 -32 -61.6681 -39.4979 18.802
4679 -50.352 -288 -32 -63.1772 -37.5268 18.7832
4689 -50.173 -184 -32 -60.9573 -39.3887 18.7644
4699 -51.181 -230 -32 -63.7214 -38.6406 18.7457
4709 -50.832 -217 -32 -63.3645 -38.2995 18.7269
4719 -50.388 -188 -30 -61.7189 -39.0571 18.7082
4729 -50.556 -232 -32 -62.4741 -38.6379 18.6895
4739 -50.865 -255 -28 -64.7004 -37.0296 18.6708
4749 -50.466 -112 -32 -60.2428 -40.6892 18.6521
4759 -50.41 -272 -32 -64.18 -36.64 18.6335
4769 -50.724 -273 -32 -65.8434 -35.6046 18.6148
4779 -50.249 -156 -32 -60.6509 -39.8471 18.5962
4789 -50.48 -164 -32 -61.0079 -39.9521 18.5776
4799 -51.125 -233 -32 -62.731 -39.519 18.559
4809 -50.768 -249 -32 -63.4235 -38.1125 18.5405
4819 -50.416 -325 -30 -63.0237 -37.8083 18.5219
4829 -50.584 -368 -32 -65.4854 -35.6826 18.5034
4839 -50.217 -288 -31 -62.4547 -37.9793 18.4849
4849 -50.431 -240 -32 -61.7379 -39.1241 18.4664
4859 -51.041 -289 -30 -64.0998 -37.9822 18.448
4869 -49.987 -152 -32 -60.3026 -39.6714 18.4295
4879 -51.065 -219 -32 -64.2695 -37.8605 18.4111
4889 -50.85 -375 -32 -66.1907 -35.5093 18.3927
4899 -50.526 -156 -32 -61.1068 -39.9452 18.3743
4909 -49.943 -241 -29 -60.8166 -39.0694 18.3559
4919 -51.73 -279 -32 -66.3607 -37.0993 18.3376
4929 -51.023 -222 -32 -63.7999 -38.2461 18.3192
4939 -51.059 -390 -32 -69.5717 -32.5463 18.3009
4949 -50.655 -165 -29 -60.9543 -40.3557 18.2826
4959 -50.831 -312 -32 -67.0028 -34.6592 18.2643
4969 -50.067 -331 -32 -64.2467 -35.8873 18.2461
4979 -50.954 -353 -28 -66.9415 -34.9665 18.2278
4989 -49.689 -123 -29 -59.0213 -40.3567 18.2096
4999 -51.076 -316 -30 -68.5042 -33.6478 18.1914
5009 -50.625 -224 -33 -61.8777 -39.3723 18.1732
5019 -51.565 -231 -32 -65.6799 -37.4501 18.155
5029 -51.212 -299 -32 -66.7554 -35.6686 18.1368
5039 -51.171 -228 -32 -63.0114 -39.3306 18.1187
5049 -50.49 -153 -29 -61.4482 -39.5318 18.1006
5059 -50.417 -119 -32 -60.0745 -40.7595 18.0825
5069 -51.396 -293 -29 -67.5842 -35.2078 18.0644
5079 -50.862 -248 -32 -63.1084 -38.6156 18.0463
5089 -50.856 -277 -32 -63.3487 -38.3633 18.0283
5099 -50.5 -229 -32 -62.4551 -38.5449 18.0103
5109 -50.378 -263 -31 -64.5937 -36.1623 17.9923
5119 -50.23 -411 -32 -65.6699 -34.7901 17.9743
5129 -49.755 -113 -32 -58.6136 -40.8964 17.9563
5139 -50.011 -147 -29 -60.6282 -39.3938 17.9383
5149 -51.155 -248 -28 -67.0517 -35.2583 17.9204
5159 -51.365 -311 -32 -70.9892 -31.7408 17.9025
5169 -51.454 -457 -32 -71.3461 -31.5619 17.8846
5179 -49.413 -233 -30 -60.2196 -38.6064 17.8667
5189 -50.164 -247 -32 -62.036 -38.292 17.8488
5199 -51.301 -379 -32 -69.6732 -32.9288 17.831
5209 -50.236 -130 -32 -60.0411 -40.4309 17.8131
5219 -50.064 -176 -30 -60.5658 -39.5622 17.7953
5229 -49.856 -277 -32 -61.9698 -37.7422 17.7775
5239 -49.846 -134 -32 -59.4015 -40.2905 17.7598
5249 -50.377 -335 -32 -66.6562 -34.0978 17.742
5259 -49.386 -113 -32 -58.4018 -40.3702 17.7243
5269 -51.317 -456 -32 -75.5423 -27.0917 17.7065
5279 -50.624 -359 -32 -66.589 -34.659 17.6888
5289 -49.723 -187 -32 -60.2877 -39.1583 17.6711
5299 -49.487 -227 -32 -60.6585 -38.3155 17.6535
5309 -50.314 -205 -32 -63.0131 -37.6149 17.6358
5319 -50.091 -343 -29 -63.276 -36.906 17.6182
5329 -49.779 -158 -32 -61.1489 -38.4091 17.6006
5339 -50.315 -303 -26 -66.0741 -34.5559 17.583
5349 -50.763 -351 -29 -67.8925 -33.6335 17.5654
5359 -50.341 -146 -29 -60.7196 -39.9624 17.5478
5369 -50.047 -275 -29 -63.3302 -36.7638 17.5303
5379 -50.296 -269 -32 -64.7696 -35.8224 17.5127
5389 -51.223 -451 -32 -73.7137 -28.7323 17.4952
5399 -49.841 -298 -29 -64.6683 -35.0137 17.4777
5409 -49.727 -167 -32 -59.5043 -39.9497 17.4602
5419 -50.91 -703 -28 -77.6782 -24.1418 17.4428
5429 -51.38 -517 -28 -73.2662 -29.4938 17.4253
5439 -50.139 -194 -32 -61.749 -38.529 17.4079
5449 -50.312 -443 -30 -68.584 -32.04 17.3905
5459 -51.236 -421 -32 -69.6591 -32.8129 17.3731
5469 -50.462 -217 -30 -62.6318 -38.2922 17.3557
5479 -50.172 -245 -28 -63.3396 -37.0044 17.3384
5489 -50.069 -192 -28 -61.7489 -38.3891 17.3211
5499 -50.319 -317 -32 -66.362 -34.276 17.3037
5509 -52.042 -608 -32 -78.0582 -26.0258 17.2864
5519 -51.223 -300 -32 -66.9171 -35.5289 17.2691
5529 -49.608 -192 -32 -61.1498 -38.0662 17.2519
5539 -50.365 -269 -29 -63.9612 -36.7688 17.2346
5549 -50.508 -652 -32 -73.1733 -27.8427 17.2174
5559 -49.601 -268 -29 -61.6068 -37.5952 17.2002
5569 -50.626 -312 -32 -64.2777 -36.9743 17.183
5579 -49.97 -200 -29 -60.1314 -39.8086 17.1658
5589 -49.661 -265 -32 -61.6229 -37.6991 17.1486
5599 -50.702 -310 -28 -64.7711 -36.6329 17.1315
5609 -50.558 -265 -32 -64.6916 -36.4244 17.1143
5619 -50.595 -241 -32 -65.3487 -35.8413 17.0972
5629 -49.506 -101 -29 -58.8039 -40.2081 17.0801
5639 -50.724 -543 -32 -70.9142 -30.5338 17.063
5649 -50.786 -312 -32 -65.7954 -35.7766 17.046
5659 -50.437 -259 -30 -64.6616 -36.2124 17.0289
5669 -49.714 -203 -32 -60.8016 -38.6264 17.0119
5679 -50.749 -389 -31 -69.3675 -32.1305 16.9949
5689 -49.559 -209 -28 -62.3465 -36.7715 16.9779
5699 -49.769 -438 -32 -64.7646 -34.7734 16.9609
5709 -49.728 -195 -28 -59.8127 -39.6433 16.944
5719 -50.081 -294 -32 -63.7424 -36.4196 16.927
5729 -49.665 -511 -32 -69.9448 -29.3852 16.9101
5739 -49.743 -320 -32 -62.7105 -36.7755 16.8932
5749 -50.515 -310 -28 -67.1722 -33.8578 16.8763
5759 -49.429 -182 -28 -60.383 -38.475 16.8594
5769 -49.426 -125 -32 -58.7952 -40.0568 16.8426
5779 -51.123 -826 -29 -80.9091 -21.3369 16.8257
5789 -50.393 -355 -32 -65.8697 -34.9163 16.8089
5799 -49.782 -177 -32 -60.166 -39.398 16.7921
5809 -50.305 -309 -32 -67.5674 -33.0426 16.7753
5819 -50.183 -307 -30 -64.7215 -35.6445 16.7585
5829 -50.107 -364 -32 -66.8174 -33.3966 16.7418
5839 -50.26 -336 -32 -67.7709 -32.7491 16.725
5849 -49.746 -197 -32 -60.1157 -39.3763 16.7083
5859 -50.343 -289 -28 -62.7188 -37.9672 16.6916
5869 -50.104 -267 -29 -64.4523 -35.7557 16.6749
5879 -49.568 -185 -30 -60.9368 -38.1992 16.6582
5889 -49.759 -265 -28 -61.6135 -37.9045 16.6416
5899 -49.475 -218 -32 -60.0637 -38.8863 16.6249
5909 -50.272 -228 -32 -62.0269 -38.5171 16.6083
5919 -50.532 -416 -32 -66.0254 -35.0386 16.5917
5929 -49.769 -199 -32 -60.5482 -38.9898 16.5751
5939 -50.051 -303 -32 -64.4033 -35.6987 16.5585
5949 -49.629 -393 -32 -64.5267 -34.7313 16.542
5959 -49.393 -126 -32 -58.2227 -40.5633 16.5254
5969 -49.223 -247 -32 -60.032 -38.414 16.5089
5979 -49.416 -199 -32 -59.7379 -39.0941 16.4924
5989 -49.141 -233 -29 -60.1565 -38.1255 16.4759
5999 -50.474 -432 -32 -66.169 -34.779 16.4594
6009 -49.535 -247 -32 -61.567 -37.503 16.4429
6019 -50.233 -302 -32 -65.4336 -35.0324 16.4265
6029 -50.402 -351 -32 -66.6377 -34.1663 16.4101
6039 -49.779 -335 -26 -64.5362 -35.0218 16.3937
6049 -50.208 -383 -28 -66.3288 -34.0872 16.3773
6059 -49.37 -234 -32 -60.0789 -38.6611 16.3609
6069 -50.018 -324 -29 -64.7827 -35.2533 16.3445
6079 -50.832 -589 -32 -71.204 -30.46 16.3282
6089 -49.723 -194 -32 -61.7537 -37.6923 16.3119
6099 -49.642 -179 -32 -59.5476 -39.7364 16.2956
6109 -50.079 -301 -28 -64.5577 -35.6003 16.2793
6119 -50.117 -177 -32 -59.9327 -40.3013 16.263
6129 -49.732 -324 -32 -62.2988 -37.1652 16.2467
6139 -49.905 -170 -32 -61.128 -38.682 16.2305
6149 -50.545 -416 -32 -65.8322 -35.2578 16.2142
6159 -49.08 -182 -32 -58.8366 -39.3234 16.198
6169 -49.596 -107 -32 -58.6152 -40.5768 16.1818
6179 -49.754 -230 -32 -62.5824 -36.9256 16.1656
6189 -50.352 -212 -32 -62.384 -38.32 16.1495
6199 -49.281 -101 -28 -58.0486 -40.5134 16.1333
6209 -49.492 -317 -32 -62.4957 -36.4883 16.1172
6219 -49.77 -177 -28 -61.529 -38.011 16.1011
6229 -49.675 -211 -32 -61.4875 -37.8625 16.085
6239 -49.357 -124 -32 -58.2279 -40.4861 16.0689
6249 -49.74 -138 -30 -59.2573 -40.2227 16.0528
6259 -49.083 -127 -30 -58.0119 -40.1541 16.0368
6269 -48.994 -188 -32 -58.6066 -39.3814 16.0207
6279 -49.341 -217 -29 -60.6095 -38.0725 16.0047
6289 -49.287 -287 -28 -60.7729 -37.8011 15.9887
6299 -49.157 -182 -32 -58.2331 -40.0809 15.9727
6309 -49.585 -411 -31 -66.5148 -32.6552 15.9567
6319 -49.284 -352 -32 -62.4196 -36.1484 15.9408
6329 -49.38 -461 -28 -64.8067 -33.9533 15.9248
6339 -49.453 -223 -32 -60.7569 -38.1491 15.9089
6349 -49.447 -206 -22 -61.4814 -37.4126 15.893
6359 -48.977 -111 -32 -57.6312 -40.3228 15.8771
6369 -49.251 -157 -26 -58.6112 -39.8908 15.8612
6379 -49.638 -316 -29 -61.8465 -37.4295 15.8454
6389 -49.536 -160 -32 -58.8233 -40.2487 15.8295
6399 -48.925 -82 -30 -56.8151 -41.0349 15.8137
6409 -49.252 -138 -29 -58.4912 -40.0128 15.7979
6419 -48.792 -144 -32 -57.1714 -40.4126 15.7821
6429 -49.307 -303 -32 -61.948 -36.666 15.7663
6439 -49.088 -186 -32 -58.5994 -39.5766 15.7505
6449 -49.751 -271 -32 -61.0034 -38.4986 15.7348
6459 -49.452 -375 -32 -64.7736 -34.1304 15.7191
6469 -49.464 -221 -32 -59.7483 -39.1797 15.7033
6479 -50.021 -528 -29 -71.2559 -28.7861 15.6876
6489 -49.064 -273 -28 -60.7947 -37.3333 15.672
6499 -48.812 -165 -32 -57.9172 -39.7068 15.6563
6509 -49.131 -92 -32 -57.8614 -40.4006 15.6406
6519 -49.364 -197 -29 -59.2769 -39.4511 15.625
6529 -48.832 -216 -32 -59.282 -38.382 15.6094
6539 -48.966 -91 -32 -56.966 -40.966 15.5937
6549 -49.3 -285 -32 -60.7601 -37.8399 15.5782
6559 -49.587 -335 -32 -63.7724 -35.4016 15.5626
6569 -49.023 -242 -32 -59.3698 -38.6762 15.547
6579 -49.2 -95 -28 -57.6796 -40.7204 15.5315
6589 -48.812 -136 -28 -57.7157 -39.9083 15.5159
6599 -49.304 -111 -31 -57.4549 -41.1531 15.5004
6609 -49.118 -109 -32 -57.9034 -40.3326 15.4849
6619 -49.253 -201 -30 -59.528 -38.978 15.4694
6629 -49.465 -143 -32 -59.8868 -39.0432 15.454
6639 -49.379 -382 -32 -62.8427 -35.9153 15.4385
6649 -49.332 -203 -32 -59.2105 -39.4535 15.4231
6659 -49.418 -301 -32 -61.1355 -37.7005 15.4077
6669 -49.77 -167 -29 -59.54 -40 15.3922
6679 -49.45 -347 -32 -62.932 -35.968 15.3769
6689 -49.809 -419 -32 -67.5703 -32.0477 15.3615
6699 -48.95 -149 -32 -57.8719 -40.0281 15.3461
6709 -48.608 -125 -32 -56.8473 -40.3687 15.3308
6719 -49.376 -96 -28 -57.6558 -41.0962 15.3154
6729 -49.141 -304 -29 -61.2508 -37.0312 15.3001
6739 -49.832 -826 -32 -76.6966 -22.9674 15.2848
6749 -49.148 -206 -32 -59.3762 -38.9198 15.2695
6759 -48.864 -110 -32 -57.7121 -40.0159 15.2543
6769 -48.706 -132 -32 -57.5231 -39.8889 15.239
6779 -48.646 -139 -32 -57.7898 -39.5022 15.2238
6789 -48.819 -98 -28 -57.1032 -40.5348 15.2085
6799 -49.097 -292 -32 -60.1851 -38.0089 15.1933
6809 -49.197 -266 -32 -60.0301 -38.3639 15.1781
6819 -49.261 -363 -28 -62.0786 -36.4434 15.163
6829 -48.879 -131 -32 -57.6872 -40.0708 15.1478
6839 -49.192 -118 -29 -57.835 -40.549 15.1327
6849 -49.022 -225 -25 -58.6169 -39.4271 15.1175
6859 -49.65 -284 -32 -61.6551 -37.6449 15.1024
6869 -48.942 -216 -32 -58.7069 -39.1771 15.0873
6879 -48.959 -261 -28 -59.8665 -38.0515 15.0722
6889 -49.314 -111 -32 -58.2024 -40.4256 15.0571
6899 -49.461 -135 -32 -58.2371 -40.6849 15.0421
6909 -49.078 -163 -32 -57.7862 -40.3698 15.027
6919 -48.977 -90 -29 -57.5071 -40.4469 15.012
6929 -49.288 -297 -32 -61.4115 -37.1645 14.997
6939 -48.751 -86 -32 -56.65 -40.852 14.982
6949 -49.051 -118 -32 -57.6036 -40.4984 14.967
6959 -49.1 -180 -32 -58.4504 -39.7496 14.9521
6969 -49.43 -145 -32 -58.376 -40.484 14.9371
6979 -49.194 -331 -28 -63.6715 -34.7165 14.9222
6989 -48.448 -264 -28 -59.2428 -37.6532 14.9072
6999 -48.936 -138 -31 -57.2122 -40.6598 14.8923
7009 -48.877 -95 -32 -56.9681 -40.7859 14.8775
7019 -48.829 -105 -29 -56.715 -40.943 14.8626
7029 -48.431 -197 -32 -57.9131 -38.9489 14.8477
7039 -49.44 -405 -28 -63.82 -35.06 14.8329
7049 -49.757 -510 -32 -70.277 -29.237 14.818
7059 -48.991 -256 -25 -61.0055 -36.9765 14.8032
7069 -49.344 -261 -28 -60.6096 -38.0784 14.7884
7079 -49.357 -303 -32 -61.1694 -37.5446 14.7736
7089 -49.303 -296 -32 -61.3352 -37.2708 14.7588
7099 -49.439 -227 -31 -59.7811 -39.0969 14.7441
7109 -48.194 -86 -32 -56.1172 -40.2708 14.7293
7119 -49.497 -240 -32 -60.465 -38.529 14.7146
7129 -49.591 -235 -28 -61.4474 -37.7346 14.6999
7139 -49.566 -356 -32 -64.5283 -34.6037 14.6852
7149 -48.523 -173 -32 -57.7985 -39.2475 14.6705
7159 -48.865 -112 -32 -57.3185 -40.4115 14.6558
7169 -49.612 -230 -32 -60.2845 -38.9395 14.6412
7179 -48.957 -132 -28 -58.0482 -39.8658 14.6265
7189 -48.517 -131 -32 -56.9853 -40.0487 14.6119
7199 -49.218 -581 -32 -67.8885 -30.5475 14.5973
7209 -48.56 -98 -28 -56.7399 -40.3801 14.5827
7219 -48.91 -256 -28 -60.4704 -37.3496 14.5681
7229 -48.775 -235 -29 -58.7232 -38.8268 14.5536
7239 -48.546 -97 -32 -56.0861 -41.0059 14.539
7249 -49.364 -282 -32 -61.0622 -37.6658 14.5245
7259 -49.238 -346 -28 -61.6751 -36.8009 14.5099
7269 -48.677 -94 -32 -56.8013 -40.5527 14.4954
7279 -49.477 -215 -32 -60.197 -38.757 14.4809
7289 -49.361 -273 -32 -61.5615 -37.1605 14.4665
7299 -48.425 -89 -30 -56.483 -40.367 14.452
7309 -49.328 -397 -32 -63.1932 -35.4628 14.4375
7319 -48.523 -102 -28 -56.3568 -40.6892 14.4231
7329 -49.226 -662 -32 -70.2913 -28.1607 14.4087
7339 -48.882 -158 -32 -57.8432 -39.9208 14.3943
7349 -48.855 -181 -29 -58.3088 -39.4012 14.3799
7359 -48.597 -89 -28 -56.7724 -40.4216 14.3655
7369 -48.893 -166 -32 -58.4858 -39.3002 14.3511
7379 -48.138 -99 -28 -55.8131 -40.4629 14.3368
7389 -48.81 -248 -32 -59.598 -38.022 14.3224
7399 -48.514 -88 -28 -56.6132 -40.4148 14.3081
7409 -48.901 -225 -32 -59.0701 -38.7319 14.2938
7419 -49.068 -264 -28 -60.1156 -38.0204 14.2795
7429 -48.981 -94 -32 -57.002 -40.96 14.2652
7439 -48.868 -136 -32 -57.5012 -40.2348 14.251
7449 -48.937 -246 -32 -60.623 -37.251 14.2367
7459 -48.592 -107 -31 -56.8703 -40.3137 14.2225
7469 -48.598 -157 -28 -57.2206 -39.9754 14.2083
7479 -49.063 -605 -32 -68.643 -29.483 14.1941
7489 -49.038 -290 -32 -60.2452 -37.8308 14.1799
7499 -49.167 -290 -32 -62.1054 -36.2286 14.1657
7509 -48.786 -116 -32 -56.8078 -40.7642 14.1515
7519 -48.977 -203 -32 -59.6261 -38.3279 14.1374
7529 -48.514 -219 -29 -58.3684 -38.6596 14.1232
7539 -49.522 -422 -32 -65.829 -33.215 14.1091
7549 -48.425 -157 -32 -56.9589 -39.8911 14.095
7559 -49.221 -84 -32 -57.6032 -40.8388 14.0809
7569 -48.638 -141 -32 -57.0613 -40.2147 14.0668
7579 -48.711 -99 -32 -56.7633 -40.6587 14.0528
7589 -48.843 -147 -32 -57.5371 -40.1489 14.0387
7599 -49.377 -243 -29 -60.8305 -37.9235 14.0247
7609 -48.879 -131 -32 -57.6084 -40.1496 14.0106
7619 -48.442 -92 -32 -56.2339 -40.6501 13.9966
7629 -48.762 -218 -28 -58.5629 -38.9611 13.9826
7639 -48.242 -126 -32 -56.763 -39.721 13.9686
7649 -48.65 -237 -28 -58.642 -38.658 13.9547
7659 -49.034 -130 -32 -57.9625 -40.1055 13.9407
7669 -48.525 -134 -32 -56.9827 -40.0673 13.9268
7679 -48.666 -84 -32 -56.5713 -40.7607 13.9129
7689 -48.587 -224 -32 -58.3589 -38.8151 13.8989
7699 -48.363 -96 -32 -56.6627 -40.0633 13.885
7709 -48.964 -237 -32 -58.9618 -38.9662 13.8712
7719 -48.987 -140 -31 -57.4901 -40.4839 13.8573
7729 -48.94 -231 -32 -59.5486 -38.3314 13.8434
7739 -48.875 -133 -32 -57.5433 -40.2067 13.8296
7749 -48.77 -92 -32 -56.7274 -40.8126 13.8158
7759 -48.271 -104 -32 -56.3204 -40.2216 13.8019
7769 -49.182 -92 -32 -57.2701 -41.0939 13.7881
7779 -49.294 -84 -30 -57.2367 -41.3513 13.7743
7789 -48.974 -119 -29 -57.3396 -40.6084 13.7606
7799 -49.55 -144 -32 -58.3881 -40.7119 13.7468
7809 -48.79 -108 -29 -57.3065 -40.2735 13.7331
7819 -48.78 -120 -29 -57.1447 -40.4153 13.7193
7829 -49.2 -155 -32 -57.8798 -40.5202 13.7056
7839 -49.165 -97 -29 -57.2921 -41.0379 13.6919
7849 -48.899 -117 -29 -57.0811 -40.7169 13.6782
7859 -49.173 -110 -32 -57.6833 -40.6627 13.6645
7869 -49.692 -301 -32 -60.7887 -38.5953 13.6509
7879 -49.042 -96 -32 -57.1645 -40.9195 13.6372
7889 -49.397 -95 -28 -57.8324 -40.9616 13.6236
7899 -49.496 -397 -32 -63.1578 -35.8342 13.61
7909 -48.977 -84 -32 -56.7148 -41.2392 13.5964
7919 -49.883 -206 -32 -60.7271 -39.0389 13.5828
7929 -49.133 -90 -30 -57.4324 -40.8336 13.5692
7939 -49.169 -87 -32 -57.2918 -41.0462 13.5556
7949 -49.801 -266 -32 -61.2762 -38.3258 13.542
7959 -49.418 -131 -28 -57.9907 -40.8453 13.5285
7969 -49.265 -105 -32 -57.3892 -41.1408 13.515
7979 -49.16 -127 -32 -57.9461 -40.3739 13.5015
7989 -49.49 -201 -32 -59.7455 -39.2345 13.488
7999 -49.12 -242 -28 -59.3914 -38.8486 13.4745
8009 -49.416 -225 -32 -58.6703 -40.1617 13.461
8019 -49.174 -126 -32 -57.6269 -40.7211 13.4475
8029 -48.912 -168 -32 -58.0013 -39.8227 13.4341
8039 -49.507 -334 -32 -61.7588 -37.2552 13.4207
8049 -48.861 -84 -30 -56.6464 -41.0756 13.4072
8059 -49.591 -210 -32 -59.6078 -39.5742 13.3938
8069 -49.385 -151 -32 -58.311 -40.459 13.3804
8079 -49.061 -146 -32 -57.8843 -40.2377 13.3671
8089 -49.185 -165 -32 -57.927 -40.443 13.3537
8099 -48.974 -82 -29 -56.8508 -41.0972 13.3403
8109 -49.444 -103 -30 -57.722 -41.166 13.327
8119 -49.369 -178 -32 -58.5707 -40.1673 13.3137
8129 -49.051 -105 -29 -57.1356 -40.9664 13.3004
8139 -49.609 -254 -32 -60.9956 -38.2224 13.2871
8149 -49.224 -96 -32 -57.1502 -41.2978 13.2738
8159 -50.675 -1196 -32 -88.6293 -12.7207 13.2605
8169 -48.652 -84 -32 -56.7674 -40.5366 13.2472
8179 -49.256 -82 -29 -57.1778 -41.3342 13.234
8189 -48.922 -313 -32 -60.7226 -37.1214 13.2208
8199 -49.821 -297 -32 -61.105 -38.537 13.2075
8209 -49.523 -283 -32 -61.0424 -38.0036 13.1943
8219 -49.14 -84 -32 -57.3329 -40.9471 13.1811
8229 -49.444 -354 -28 -62.4845 -36.4035 13.1679
8239 -48.965 -101 -32 -57.7096 -40.2204 13.1548
8249 -49.297 -83 -32 -57.1775 -41.4165 13.1416
8259 -48.669 -102 -28 -56.8732 -40.4648 13.1285
8269 -49.363 -141 -32 -58.4136 -40.3124 13.1154
8279 -49.018 -288 -32 -60.3898 -37.6462 13.1022
8289 -48.746 -156 -28 -57.5837 -39.9083 13.0891
8299 -48.737 -103 -30 -56.8413 -40.6327 13.076
8309 -49.133 -95 -31 -57.486 -40.78 13.063
8319 -49.508 -106 -32 -57.9828 -41.0332 13.0499
8329 -49.367 -150 -32 -57.9843 -40.7497 13.0369
8339 -49.209 -110 -32 -57.4653 -40.9527 13.0238
8349 -49.239 -90 -32 -57.388 -41.09 13.0108
8359 -48.971 -140 -32 -57.583 -40.359 12.9978
8369 -49.211 -146 -32 -57.9641 -40.4579 12.9848
8379 -49.111 -196 -32 -58.3356 -39.8864 12.9718
8389 -49.229 -96 -28 -57.5517 -40.9063 12.9588
8399 -48.908 -80 -32 -56.5068 -41.3092 12.9459
8409 -48.731 -223 -32 -58.105 -39.357 12.9329
8419 -49.477 -329 -32 -62.8932 -36.0608 12.92
8429 -49.483 -299 -28 -61.0002 -37.9658 12.9071
8439 -49.162 -91 -32 -57.1438 -41.1802 12.8942
8449 -50.008 -592 -32 -77.5818 -22.4342 12.8813
8459 -49.488 -413 -32 -64.2639 -34.7121 12.8684
8469 -49.184 -136 -32 -57.6272 -40.7408 12.8555
8479 -48.921 -98 -32 -56.7138 -41.1282 12.8427
8489 -48.773 -96 -28 -56.9083 -40.6377 12.8298
8499 -49.06 -93 -32 -57.1488 -40.9712 12.817
8509 -49.036 -105 -28 -57.5022 -40.5698 12.8042
8519 -48.972 -294 -32 -60.1135 -37.8305 12.7914
8529 -49.081 -182 -32 -58.4401 -39.7219 12.7786
8539 -48.863 -154 -32 -57.2719 -40.4541 12.7658
8549 -49.024 -135 -29 -57.1327 -40.9153 12.753
8559 -48.993 -83 -32 -56.8114 -41.1746 12.7403
8569 -49.178 -175 -32 -58.2425 -40.1135 12.7275
8579 -49.163 -385 -30 -62.3582 -35.9678 12.7148
8589 -49.305 -476 -32 -66.288 -32.322 12.7021
8599 -49.085 -199 -32 -58.3091 -39.8609 12.6894
8609 -49.263 -288 -32 -60.1474 -38.3786 12.6767
8619 -49.182 -101 -32 -57.0616 -41.3024 12.664
8629 -49.489 -155 -32 -59.3748 -39.6032 12.6514
8639 -49.439 -169 -32 -59.0098 -39.8682 12.6387
8649 -49.051 -202 -32 -58.1899 -39.9121 12.6261
8659 -48.981 -97 -32 -56.6837 -41.2783 12.6135
8669 -48.658 -98 -30 -56.638 -40.678 12.6008
8679 -48.997 -331 -32 -60.6112 -37.3828 12.5882
8689 -49.575 -256 -29 -61.2618 -37.8882 12.5757
8699 -48.988 -437 -32 -63.652 -34.324 12.5631
8709 -48.863 -116 -28 -57.1183 -40.6077 12.5505
8719 -49.322 -194 -32 -58.7549 -39.8891 12.538
8729 -49.281 -86 -32 -57.5282 -41.0338 12.5254
8739 -49.115 -190 -32 -58.0096 -40.2204 12.5129
8749 -49.318 -260 -32 -59.5183 -39.1177 12.5004
8759 -49.472 -121 -32 -58.3859 -40.5581 12.4879
8769 -49.533 -107 -32 -57.8474 -41.2186 12.4754
8779 -48.979 -313 -32 -60.7852 -37.1728 12.4629
8789 -48.912 -161 -32 -57.4498 -40.3742 12.4505
8799 -49.128 -92 -32 -57.4067 -40.8493 12.438
8809 -49.067 -186 -32 -58.0332 -40.1008 12.4256
8819 -49.046 -185 -32 -58.2598 -39.8322 12.4131
8829 -49.092 -115 -32 -57.703 -40.481 12.4007
8839 -49.329 -105 -31 -57.501 -41.157 12.3883
8849 -49.077 -295 -32 -60.7996 -37.3544 12.3759
8859 -48.779 -87 -28 -56.4045 -41.1535 12.3636
8869 -48.987 -113 -32 -57.1897 -40.7843 12.3512
8879 -49.347 -240 -29 -59.3874 -39.3066 12.3389
8889 -48.96 -103 -32 -57.1659 -40.7541 12.3265
8899 -49.319 -112 -32 -57.2033 -41.4347 12.3142
8909 -48.76 -93 -32 -56.3028 -41.2172 12.3019
8919 -49.043 -187 -32 -58.8158 -39.2702 12.2896
8929 -49.501 -346 -28 -62.4142 -36.5878 12.2773
8939 -48.962 -108 -28 -56.8657 -41.0583 12.265
8949 -48.922 -122 -29 -57.1223 -40.7217 12.2527
8959 -49.241 -202 -28 -59.0031 -39.4789 12.2405
8969 -49.039 -93 -32 -57.1407 -40.9373 12.2282
8979 -49.099 -92 -28 -57.2551 -40.9429 12.216
8989 -48.93 -88 -29 -56.9656 -40.8944 12.2038
8999 -49.087 -109 -32 -57.355 -40.819 12.1916
9009 -49.03 -101 -32 -57.1334 -40.9266 12.1794
9019 -48.889 -141 -32 -57.2969 -40.4811 12.1672
9029 -49.275 -98 -32 -57.7246 -40.8254 12.1551
9039 -49.659 -456 -32 -64.9443 -34.3737 12.1429
9049 -49.591 -320 -32 -63.9362 -35.2458 12.1308
9059 -49.685 -373 -29 -63.9845 -35.3855 12.1186
9069 -48.885 -138 -32 -57.2338 -40.5362 12.1065
9079 -49.224 -291 -29 -60.2304 -38.2176 12.0944
9089 -48.929 -111 -32 -57.1827 -40.6753 12.0823
9099 -49.145 -131 -32 -57.5853 -40.7047 12.0702
9109 -48.975 -274 -28 -59.8417 -38.1083 12.0582
9119 -49.357 -315 -32 -63.0969 -35.6171 12.0461
9129 -48.472 -116 -32 -56.5189 -40.4251 12.0341
9139 -48.878 -108 -28 -56.7582 -40.9978 12.022
9149 -49.21 -386 -32 -62.5648 -35.8552 12.01
9159 -48.587 -181 -32 -57.2159 -39.9581 11.998
9169 -48.951 -202 -28 -58.4564 -39.4456 11.986
9179 -48.831 -282 -32 -59.5878 -38.0742 11.974
9189 -49.113 -487 -28 -66.1596 -32.0664 11.962
9199 -48.687 -88 -32 -56.5767 -40.7973 11.9501
9209 -48.828 -88 -29 -57.0333 -40.6227 11.9381
9219 -48.815 -171 -28 -57.3476 -40.2824 11.9262
9229 -48.966 -357 -32 -63.2943 -34.6377 11.9143
9239 -48.374 -183 -30 -57.1546 -39.5934 11.9023
9249 -49.225 -466 -32 -64.5175 -33.9325 11.8904
9259 -48.662 -156 -32 -56.9236 -40.4004 11.8785
9269 -49.126 -93 -29 -57.2226 -41.0294 11.8667
9279 -48.211 -85 -32 -55.9167 -40.5053 11.8548
9289 -49.589 -457 -32 -68.7814 -30.3966 11.8429
9299 -48.525 -86 -32 -56.0522 -40.9978 11.8311
9309 -48.993 -197 -28 -58.1379 -39.8481 11.8193
9319 -48.864 -217 -32 -58.8527 -38.8753 11.8075
9329 -49.203 -217 -32 -58.9203 -39.4857 11.7956
9339 -48.777 -104 -29 -56.8041 -40.7499 11.7839
9349 -48.576 -121 -32 -56.448 -40.704 11.7721
9359 -49.168 -311 -32 -60.4435 -37.8925 11.7603
9369 -48.644 -116 -32 -56.5595 -40.7285 11.7485
9379 -49.221 -374 -32 -62.7977 -35.6443 11.7368
9389 -48.914 -81 -32 -56.5956 -41.2324 11.725
9399 -49.158 -202 -28 -59.1102 -39.2058 11.7133
9409 -49.16 -112 -32 -57.4371 -40.8829 11.7016
9419 -49.403 -251 -32 -60.0794 -38.7266 11.6899
9429 -48.626 -204 -32 -57.8871 -39.3649 11.6782
9439 -49.07 -87 -29 -56.6782 -41.4618 11.6665
9449 -49.006 -107 -32 -57.2151 -40.7969 11.6549
9459 -48.857 -117 -32 -56.5953 -41.1187 11.6432
9469 -49.364 -416 -32 -64.042 -34.686 11.6316
9479 -49.143 -315 -32 -60.3759 -37.9101 11.6199
9489 -49.082 -467 -32 -64.6251 -33.5389 11.6083
9499 -48.77 -88 -32 -56.6166 -40.9234 11.5967
9509 -49.01 -167 -32 -57.6035 -40.4165 11.5851
9519 -48.602 -82 -32 -55.8854 -41.3186 11.5735
9529 -48.561 -171 -32 -56.8392 -40.2828 11.562
9539 -49.05 -530 -32 -66.1629 -31.9371 11.5504
9549 -48.57 -92 -30 -56.198 -40.942 11.5388
9559 -48.786 -215 -32 -58.5155 -39.0565 11.5273
9569 -48.785 -101 -28 -56.8896 -40.6804 11.5158
9579 -48.609 -98 -32 -56.1513 -41.0667 11.5043
9589 -49.066 -92 -32 -56.9557 -41.1763 11.4928
9599 -48.946 -128 -28 -56.9216 -40.9704 11.4813
9609 -49.131 -351 -32 -61.7917 -36.4703 11.4698
9619 -49.04 -94 -32 -57.1221 -40.9579 11.4583
9629 -48.433 -105 -32 -56.1768 -40.6892 11.4469
9639 -48.53 -78 -32 -55.7201 -41.3399 11.4354
9649 -48.563 -80 -32 -55.898 -41.228 11.424
9659 -49.12 -92 -29 -57.1944 -41.0456 11.4126
9669 -48.761 -84 -32 -56.4703 -41.0517 11.4011
9679 -48.639 -150 -32 -56.6862 -40.5918 11.3897
9689 -48.862 -113 -32 -56.639 -41.085 11.3784
9699 -48.773 -85 -29 -56.3469 -41.1991 11.367
9709 -48.744 -245 -32 -58.2011 -39.2869 11.3556
9719 -48.62 -89 -32 -56.4796 -40.7604 11.3443
9729 -48.847 -91 -32 -56.8433 -40.8507 11.3329
9739 -48.525 -92 -32 -56.4623 -40.5877 11.3216
9749 -48.725 -278 -32 -59.6846 -37.7654 11.3103
9759 -49.196 -288 -32 -60.2636 -38.1284 11.2989
9769 -48.589 -117 -32 -56.7055 -40.4725 11.2876
9779 -49.047 -197 -29 -58.2211 -39.8729 11.2764
9789 -49.321 -313 -32 -61.1832 -37.4588 11.2651
9799 -48.677 -105 -32 -56.5562 -40.7978 11.2538
9809 -48.746 -107 -32 -57.2711 -40.2209 11.2426
9819 -48.984 -243 -32 -60.2129 -37.7551 11.2313
9829 -48.835 -143 -32 -57.853 -39.817 11.2201
9839 -48.601 -93 -30 -56.6838 -40.5182 11.2089
9849 -49.753 -612 -29 -69.6903 -29.8157 11.1977
9859 -48.999 -180 -28 -58.2938 -39.7042 11.1865
9869 -48.789 -102 -32 -56.682 -40.896 11.1753
9879 -49.286 -399 -32 -63.492 -35.08 11.1641
9889 -48.618 -82 -28 -56.154 -41.082 11.1529
9899 -48.831 -187 -28 -58.0902 -39.5718 11.1418
9909 -48.99 -340 -32 -60.9442 -37.0358 11.1306
9919 -48.541 -192 -29 -58.0641 -39.0179 11.1195
9929 -48.655 -91 -28 -56.5363 -40.7737 11.1084
9939 -48.858 -201 -29 -58.3752 -39.3408 11.0973
9949 -48.676 -141 -32 -56.7816 -40.5704 11.0862
9959 -48.851 -97 -32 -56.8878 -40.8142 11.0751
9969 -49.243 -353 -32 -62.5419 -35.9441 11.064
9979 -48.953 -251 -32 -58.8497 -39.0563 11.053
9989 -49.224 -432 -32 -63.5111 -34.9369 11.0419
9999 -48.966 -216 -32 -58.4539 -39.4781 11.0309
