0 -120.979 -356 -18 -177.707 -64.2513 100
9 -120.301 -381 -27 -176.538 -64.0641 99.9
19 -122.667 -407 -28 -178.881 -66.4531 99.8001
29 -126.625 -412 -17 -185.742 -67.5078 99.7003
39 -120.881 -333 -20 -175.99 -65.7716 99.6006
49 -120.883 -341 -21 -176.595 -65.1706 99.501
59 -126.826 -473 -20 -187.731 -65.9205 99.4015
69 -122.752 -446 -23 -181.673 -63.8308 99.3021
79 -120.58 -358 -22 -179.67 -61.4895 99.2028
89 -123.895 -369 -21 -181.781 -66.0094 99.1036
99 -124.771 -363 -23 -183.398 -66.1441 99.0045
109 -118.702 -345 -21 -173.831 -63.5729 98.9055
119 -120.864 -351 -21 -176.8 -64.9275 98.8066
129 -118.095 -407 -20 -173.442 -62.7482 98.7078
139 -120.978 -370 -25 -177.249 -64.7075 98.6091
149 -118.467 -521 -21 -175.048 -61.8858 98.5105
159 -118.206 -391 -25 -175.439 -60.9731 98.4119
169 -117.675 -390 -22 -172.385 -62.9649 98.3135
179 -119.367 -399 -25 -178.013 -60.7207 98.2152
189 -116.559 -466 -24 -173.227 -59.8909 98.117
199 -119.697 -474 -20 -176.891 -62.5032 98.0189
209 -119.649 -385 -16 -172.903 -66.395 97.9209
219 -115.487 -424 -23 -169.873 -61.1008 97.8229
229 -117.015 -370 -26 -172.935 -61.0949 97.7251
239 -115.498 -348 -17 -171.051 -59.9453 97.6274
249 -115.329 -449 -17 -171.431 -59.2268 97.5298
259 -117.987 -407 -18 -173.48 -62.4942 97.4322
269 -117.504 -383 -24 -174.212 -60.7964 97.3348
279 -118.59 -330 -27 -172.372 -64.8081 97.2375
289 -113.436 -339 -20 -166.708 -60.1642 97.1402
299 -116.446 -428 -15 -171.42 -61.4724 97.0431
309 -111.916 -399 -25 -166.895 -56.937 96.9461
319 -115.13 -314 -24 -168.031 -62.2291 96.8491
329 -114.136 -339 -26 -164.532 -63.7405 96.7523
339 -114.534 -348 -29 -166.374 -62.6942 96.6555
349 -114.749 -319 -20 -166.209 -63.2888 96.5589
359 -114.795 -390 -22 -167.844 -61.7462 96.4623
369 -114.027 -421 -19 -166.722 -61.3319 96.3658
379 -114.097 -336 -23 -167.664 -60.5298 96.2695
389 -115.535 -328 -21 -166.179 -64.8913 96.1732
399 -116.698 -371 -21 -171.83 -61.5659 96.077
409 -113.376 -330 -16 -164.763 -61.9889 95.9809
419 -112.712 -353 -15 -164.636 -60.788 95.885
429 -109.781 -323 -18 -161.219 -58.3433 95.7891
439 -111.492 -364 -19 -162.366 -60.6176 95.6933
449 -110.816 -312 -22 -160.221 -61.4112 95.5976
459 -112.754 -330 -16 -165.127 -60.3814 95.502
469 -112.732 -336 -24 -163.541 -61.9231 95.4065
479 -111.3 -348 -22 -160.566 -62.0337 95.3111
489 -110.779 -309 -21 -161.53 -60.0283 95.2158
499 -114.368 -364 -15 -168.161 -60.5752 95.1206
509 -113.784 -348 -16 -165.761 -61.8067 95.0254
519 -111.545 -375 -24 -163.212 -59.878 94.9304
529 -107.221 -360 -26 -157.246 -57.1957 94.8355
539 -111.104 -331 -20 -159.617 -62.5908 94.7407
549 -107.744 -300 -22 -156.337 -59.1507 94.6459
559 -109.051 -351 -17 -159.091 -59.0108 94.5513
569 -107.77 -312 -20 -158.283 -57.2568 94.4567
579 -111.207 -366 -20 -163.348 -59.0658 94.3623
589 -110.004 -377 -18 -162.003 -58.0048 94.2679
599 -108.952 -364 -27 -157.464 -60.4396 94.1736
609 -109.756 -383 -24 -162.648 -56.8638 94.0795
619 -107.128 -329 -17 -157.702 -56.5539 93.9854
629 -107.063 -327 -23 -154.21 -59.9156 93.8914
639 -107.236 -319 -30 -156.625 -57.8472 93.7975
649 -107.827 -379 -16 -158.068 -57.5861 93.7037
659 -105.191 -359 -23 -152.953 -57.4286 93.61
669 -106.77 -387 -26 -156.043 -57.4967 93.5164
679 -106.96 -393 -19 -157.4 -56.5196 93.4229
689 -106.95 -323 -22 -155.534 -58.3661 93.3294
699 -104.618 -300 -21 -152.056 -57.1795 93.2361
709 -111.285 -379 -29 -160.743 -61.827 93.1429
719 -106.742 -349 -17 -156.193 -57.2913 93.0497
729 -105.097 -480 -25 -152.83 -57.3643 92.9567
739 -102.821 -298 -20 -147.806 -57.8356 92.8637
749 -106.515 -309 -18 -153.794 -59.2358 92.7709
759 -105.555 -327 -25 -154.104 -57.0062 92.6781
769 -103.537 -330 -25 -149.938 -57.1363 92.5854
779 -104.014 -402 -18 -151.771 -56.2573 92.4928
789 -104.161 -373 -19 -152.436 -55.8863 92.4003
799 -107.852 -288 -19 -155.348 -60.3557 92.3079
809 -103.246 -321 -18 -148.941 -57.5513 92.2156
819 -106.138 -347 -17 -155.392 -56.8837 92.1234
829 -104.044 -314 -20 -150.328 -57.7605 92.0313
839 -100.792 -349 -20 -145.37 -56.2141 91.9393
849 -101.597 -374 -26 -146.754 -56.4398 91.8473
859 -100.9 -373 -20 -145.774 -56.0264 91.7555
869 -101.97 -340 -22 -146.869 -57.0713 91.6637
879 -103.022 -348 -17 -151.492 -54.5522 91.5721
889 -102.251 -306 -19 -148.007 -56.4949 91.4805
899 -101.122 -350 -20 -145.622 -56.622 91.389
909 -103.678 -406 -21 -151.295 -56.0605 91.2976
919 -105.663 -300 -18 -153.583 -57.7434 91.2063
929 -102.167 -397 -22 -148.357 -55.9772 91.1151
939 -103.553 -370 -22 -151.542 -55.5638 91.024
949 -100.245 -303 -24 -144.807 -55.6828 90.933
959 -102.235 -346 -22 -147.092 -57.3775 90.842
969 -99.839 -305 -13 -142.77 -56.908 90.7512
979 -100.297 -304 -23 -143.757 -56.8366 90.6604
989 -100.584 -287 -23 -146.484 -54.6842 90.5698
999 -100.695 -268 -23 -144.291 -57.0987 90.4792
1009 -100.48 -365 -22 -146.185 -54.7754 90.3887
1019 -98.404 -328 -20 -142.932 -53.8758 90.2983
1029 -100.026 -351 -24 -143.836 -56.2157 90.208
1039 -100.045 -290 -26 -145.892 -54.1982 90.1178
1049 -97.493 -279 -19 -140.084 -54.9022 90.0277
1059 -96.909 -299 -19 -138.841 -54.9769 89.9377
1069 -96.76 -341 -22 -141.733 -51.787 89.8478
1079 -95.929 -278 -22 -137.906 -53.9516 89.7579
1089 -97.836 -262 -19 -138.973 -56.6986 89.6682
1099 -99.613 -314 -16 -143.359 -55.8675 89.5785
1109 -98.639 -283 -30 -139.62 -57.6584 89.4889
1119 -97.766 -261 -21 -139.518 -56.0143 89.3994
1129 -97.386 -269 -25 -139.632 -55.1396 89.31
1139 -100.046 -358 -27 -144.008 -56.0839 89.2207
1149 -97.389 -370 -18 -139.353 -55.4255 89.1315
1159 -99.004 -273 -19 -139.74 -58.2682 89.0424
1169 -96.886 -297 -17 -139 -54.7716 88.9533
1179 -96.096 -327 -18 -137.096 -55.0955 88.8644
1189 -94.034 -275 -19 -134.175 -53.8926 88.7755
1199 -94.286 -409 -25 -136.081 -52.4908 88.6867
1209 -96.783 -263 -16 -137.733 -55.8329 88.598
1219 -96.491 -369 -15 -137.235 -55.7472 88.5094
1229 -96.595 -285 -25 -137.868 -55.3218 88.4209
1239 -98.081 -316 -21 -139.83 -56.3319 88.3325
1249 -95.487 -352 -24 -136.827 -54.1474 88.2442
1259 -94.172 -301 -24 -136.968 -51.3762 88.1559
1269 -97.709 -253 -20 -139.263 -56.1548 88.0678
1279 -95.725 -279 -18 -137.913 -53.5365 87.9797
1289 -94.96 -283 -25 -136.366 -53.5535 87.8917
1299 -93.808 -293 -19 -134.218 -53.3978 87.8038
1309 -95.693 -308 -16 -140.031 -51.3551 87.716
1319 -96.125 -263 -26 -136.297 -55.9529 87.6283
1329 -97.498 -314 -17 -138.626 -56.37 87.5407
1339 -95.549 -348 -20 -136.505 -54.5926 87.4531
1349 -92.844 -305 -21 -132.202 -53.4856 87.3657
1359 -95.019 -279 -17 -135.382 -54.6561 87.2783
1369 -93.483 -322 -19 -134.545 -52.4206 87.191
1379 -96.15 -314 -26 -135.738 -56.5625 87.1039
1389 -93.733 -274 -20 -134.234 -53.2316 87.0168
1399 -93.771 -298 -24 -133.679 -53.8627 86.9297
1409 -91.025 -267 -15 -128.163 -53.8869 86.8428
1419 -92.797 -330 -23 -131.245 -54.3489 86.756
1429 -93.167 -270 -29 -131.941 -54.3926 86.6692
1439 -92.207 -250 -16 -130.757 -53.6575 86.5825
1449 -92.226 -255 -24 -129.483 -54.969 86.496
1459 -93.227 -281 -23 -133.206 -53.2483 86.4095
1469 -93.694 -322 -18 -132.9 -54.488 86.323
1479 -94.309 -292 -21 -133.527 -55.0913 86.2367
1489 -94.576 -307 -26 -135.223 -53.9295 86.1505
1499 -94.133 -299 -25 -134.25 -54.0157 86.0643
1509 -92.007 -484 -26 -134.419 -49.5949 85.9783
1519 -92.564 -245 -17 -131.212 -53.916 85.8923
1529 -91.061 -266 -24 -128.853 -53.2694 85.8064
1539 -90.51 -263 -22 -128.883 -52.1368 85.7206
1549 -92.646 -247 -22 -131.62 -53.6722 85.6349
1559 -93.1 -348 -29 -132.477 -53.7225 85.5492
1569 -89.465 -270 -18 -124.884 -54.0459 85.4637
1579 -92.661 -369 -20 -132.124 -53.198 85.3782
1589 -91.35 -255 -23 -128.682 -54.0178 85.2929
1599 -92.364 -289 -20 -131.357 -53.3711 85.2076
1609 -92.435 -264 -32 -131.985 -52.8848 85.1223
1619 -92.829 -293 -24 -132.405 -53.253 85.0372
1629 -91.157 -284 -21 -128.928 -53.3864 84.9522
1639 -89.195 -253 -22 -125.713 -52.6774 84.8672
1649 -89.863 -276 -24 -126.313 -53.4127 84.7824
1659 -90.369 -261 -20 -128.114 -52.6242 84.6976
1669 -89.391 -254 -21 -124.632 -54.1504 84.6129
1679 -90.074 -278 -17 -127.175 -52.9726 84.5283
1689 -88.131 -248 -21 -124.002 -52.26 84.4437
1699 -94.014 -285 -22 -133.066 -54.9615 84.3593
1709 -91.394 -258 -28 -127.243 -55.5448 84.2749
1719 -92.99 -245 -24 -130.259 -55.7206 84.1907
1729 -92.146 -299 -18 -131.098 -53.1943 84.1065
1739 -90.012 -255 -26 -126.194 -53.8299 84.0224
1749 -89.798 -275 -25 -127.52 -52.0755 83.9384
1759 -89.961 -273 -24 -127.087 -52.835 83.8544
1769 -91.88 -317 -26 -129.545 -54.2148 83.7706
1779 -90.8 -272 -25 -128.607 -52.9935 83.6868
1789 -88.418 -254 -29 -123.695 -53.1409 83.6031
1799 -90.133 -232 -20 -126.405 -53.8608 83.5195
1809 -90.69 -301 -23 -127.409 -53.9707 83.436
1819 -89.051 -265 -28 -125.779 -52.3228 83.3525
1829 -89.332 -287 -28 -124.398 -54.266 83.2692
1839 -89.144 -347 -31 -126.653 -51.635 83.1859
1849 -89.966 -253 -21 -124.782 -55.1503 83.1027
1859 -90.403 -240 -22 -125.601 -55.2054 83.0196
1869 -88.481 -305 -29 -124.395 -52.567 82.9366
1879 -88.291 -258 -25 -122.489 -54.0934 82.8537
1889 -88.58 -277 -18 -123.879 -53.2813 82.7708
1899 -88.698 -249 -26 -123.029 -54.3675 82.6881
1909 -89.098 -233 -27 -123.351 -54.8449 82.6054
1919 -89.721 -279 -23 -125.734 -53.7077 82.5228
1929 -92.459 -270 -30 -129.236 -55.6818 82.4402
1939 -91.034 -234 -23 -127.558 -54.5103 82.3578
1949 -90.456 -285 -26 -128.847 -52.0654 82.2754
1959 -91.399 -288 -28 -129.551 -53.2466 82.1932
1969 -90.605 -235 -18 -126.422 -54.7879 82.111
1979 -89.997 -313 -21 -126.309 -53.6855 82.0289
1989 -87.977 -276 -24 -123.881 -52.0732 81.9468
1999 -88.189 -229 -16 -123.339 -53.039 81.8649
2009 -89.038 -223 -27 -123.397 -54.679 81.783
2019 -87.242 -260 -21 -121.653 -52.8307 81.7012
2029 -89.029 -278 -24 -126.097 -51.9612 81.6195
2039 -88.944 -217 -19 -123.444 -54.4438 81.5379
2049 -85.915 -232 -17 -119.964 -51.8658 81.4564
2059 -86.206 -243 -28 -119.42 -52.9924 81.3749
2069 -89.367 -251 -24 -124.766 -53.9676 81.2935
2079 -87.772 -273 -18 -123.225 -52.3192 81.2123
2089 -88.09 -255 -20 -122.002 -54.1785 81.131
2099 -88.555 -233 -19 -124.283 -52.8266 81.0499
2109 -86.935 -242 -24 -119.759 -54.1105 80.9689
2119 -86.71 -223 -20 -120.809 -52.6108 80.8879
2129 -87.952 -316 -20 -124.54 -51.3637 80.807
2139 -87.169 -252 -20 -121.162 -53.1757 80.7262
2149 -88.464 -296 -19 -125.637 -51.2907 80.6455
2159 -86.048 -275 -19 -120.349 -51.747 80.5648
2169 -87.434 -280 -21 -121.719 -53.1492 80.4843
2179 -89.069 -297 -29 -124.853 -53.2853 80.4038
2189 -88.277 -251 -29 -122.19 -54.3642 80.3234
2199 -86.527 -258 -29 -121.205 -51.8491 80.243
2209 -87.695 -242 -22 -123.525 -51.8648 80.1628
2219 -86.371 -256 -30 -120.313 -52.4286 80.0826
2229 -87.731 -289 -17 -121.967 -53.4947 80.0026
2239 -86.083 -257 -13 -121.117 -51.0492 79.9226
2249 -86.802 -263 -27 -120.62 -52.9837 79.8426
2259 -86.955 -220 -28 -119.626 -54.2838 79.7628
2269 -86.63 -250 -20 -119.127 -54.1334 79.683
2279 -88.875 -218 -27 -123.448 -54.3021 79.6033
2289 -86.55 -268 -27 -120.863 -52.2372 79.5237
2299 -86.584 -305 -24 -118.967 -54.2012 79.4442
2309 -86.827 -218 -22 -121.093 -52.5605 79.3648
2319 -86.086 -263 -19 -119.641 -52.5313 79.2854
2329 -87.063 -279 -25 -123.561 -50.5652 79.2061
2339 -86.323 -253 -24 -120.209 -52.4367 79.1269
2349 -85.59 -230 -19 -118.989 -52.1913 79.0478
2359 -88.123 -268 -19 -124.818 -51.4279 78.9687
2369 -82.967 -236 -28 -114.501 -51.4326 78.8898
2379 -86.063 -274 -30 -120.352 -51.7744 78.8109
2389 -85.235 -262 -22 -118.512 -51.9579 78.7321
2399 -85.229 -236 -26 -117.197 -53.2614 78.6533
2409 -84.595 -215 -18 -116.743 -52.447 78.5747
2419 -84.923 -247 -24 -118.699 -51.1467 78.4961
2429 -85.64 -244 -23 -119.239 -52.0411 78.4176
2439 -85.326 -226 -27 -117.223 -53.4294 78.3392
2449 -86.177 -235 -22 -119.546 -52.8079 78.2609
2459 -87.08 -255 -21 -121.758 -52.4019 78.1826
2469 -84.907 -194 -20 -116.842 -52.9721 78.1044
2479 -85.062 -269 -26 -117.447 -52.6768 78.0263
2489 -84.442 -262 -22 -117.95 -50.9337 77.9483
2499 -85.378 -227 -27 -118.563 -52.1925 77.8703
2509 -85.245 -243 -25 -117.958 -52.5324 77.7925
2519 -84.897 -264 -21 -117.63 -52.1641 77.7147
2529 -83.925 -245 -21 -115.939 -51.911 77.637
2539 -84.099 -244 -24 -117.507 -50.6913 77.5593
2549 -85.176 -232 -31 -116.976 -53.3761 77.4818
2559 -85.073 -259 -15 -118.884 -51.2623 77.4043
2569 -83.494 -261 -26 -116.398 -50.5898 77.3269
2579 -83.792 -243 -31 -116.423 -51.1611 77.2496
2589 -85.062 -224 -16 -118.202 -51.9218 77.1723
2599 -84.557 -274 -19 -117.446 -51.6675 77.0951
2609 -84.244 -253 -22 -117.775 -50.7133 77.018
2619 -83.787 -237 -24 -115.223 -52.3511 76.941
2629 -82.218 -302 -28 -115.072 -49.3641 76.8641
2639 -82.059 -323 -21 -113.904 -50.2145 76.7872
2649 -82.237 -229 -26 -113.513 -50.961 76.7104
2659 -83.459 -322 -16 -116.297 -50.6206 76.6337
2669 -82.033 -292 -22 -114.304 -49.7621 76.5571
2679 -82.438 -247 -29 -114.194 -50.6816 76.4805
2689 -82.772 -250 -30 -115.191 -50.3526 76.404
2699 -84.058 -246 -22 -116.799 -51.3165 76.3276
2709 -82.115 -248 -21 -113.327 -50.9032 76.2513
2719 -81.334 -258 -23 -113.621 -49.047 76.1751
2729 -83.03 -238 -22 -116.426 -49.6343 76.0989
2739 -82.625 -251 -20 -114.737 -50.513 76.0228
2749 -81.917 -227 -25 -112.353 -51.4809 75.9468
2759 -81.123 -270 -19 -112.284 -49.9616 75.8708
2769 -78.5 -214 -26 -107.916 -49.0841 75.7949
2779 -81.52 -264 -27 -112.399 -50.6405 75.7191
2789 -81.523 -264 -32 -114.009 -49.0374 75.6434
2799 -81.429 -230 -18 -114.917 -47.9409 75.5678
2809 -81.829 -237 -21 -113.998 -49.6595 75.4922
2819 -81.116 -222 -22 -112.64 -49.5925 75.4167
2829 -80.566 -287 -25 -112.134 -48.9977 75.3413
2839 -82.159 -234 -25 -114.009 -50.3088 75.266
2849 -81.384 -198 -30 -111.283 -51.4846 75.1907
2859 -81.939 -255 -27 -113.347 -50.5307 75.1155
2869 -82.071 -289 -27 -114.524 -49.6182 75.0404
2879 -81.262 -216 -19 -112.064 -50.4599 74.9654
2889 -78.9 -257 -21 -109.413 -48.3873 74.8904
2899 -81.066 -245 -32 -112.181 -49.9507 74.8155
2909 -79.246 -255 -25 -109.732 -48.7597 74.7407
2919 -81.332 -230 -19 -112.524 -50.1399 74.6659
2929 -81.297 -288 -18 -112.294 -50.2997 74.5913
2939 -80.166 -211 -19 -110.182 -50.1504 74.5167
2949 -80.931 -201 -31 -111.194 -50.6683 74.4422
2959 -81.316 -263 -17 -112.312 -50.3202 74.3677
2969 -80.944 -278 -30 -112.488 -49.3999 74.2934
2979 -80.683 -220 -22 -111.244 -50.1218 74.2191
2989 -78.844 -214 -26 -108.536 -49.1517 74.1448
2999 -79.739 -235 -31 -108.861 -50.6168 74.0707
3009 -79.84 -256 -18 -110.017 -49.6626 73.9966
3019 -76.8 -239 -22 -105.541 -48.0588 73.9226
3029 -76.343 -199 -21 -103.006 -49.6795 73.8487
3039 -78.236 -235 -33 -108.382 -48.0901 73.7749
3049 -78.757 -214 -20 -107.617 -49.8975 73.7011
3059 -77.402 -224 -26 -105.659 -49.1454 73.6274
3069 -77.683 -211 -21 -106.399 -48.9668 73.5538
3079 -78.125 -210 -16 -107.604 -48.6456 73.4802
3089 -79.096 -383 -25 -109.765 -48.4268 73.4067
3099 -76.602 -212 -21 -105.733 -47.4713 73.3333
3109 -77.467 -207 -19 -106.432 -48.5016 73.26
3119 -78.683 -235 -28 -106.986 -50.38 73.1867
3129 -76.083 -217 -24 -103.588 -48.5779 73.1135
3139 -75.905 -214 -18 -102.381 -49.4289 73.0404
3149 -77.407 -195 -31 -104.475 -50.3388 72.9674
3159 -77.098 -215 -26 -104.217 -49.9794 72.8944
3169 -76.156 -199 -31 -102.789 -49.5229 72.8215
3179 -75.222 -188 -28 -101.403 -49.0414 72.7487
3189 -77.584 -210 -20 -104.739 -50.4294 72.676
3199 -75.211 -186 -26 -100.926 -49.4963 72.6033
3209 -77.711 -240 -21 -106.776 -48.6462 72.5307
3219 -76.93 -190 -22 -104.967 -48.8927 72.4581
3229 -77.517 -196 -24 -104.686 -50.3484 72.3857
3239 -76.862 -201 -20 -105.257 -48.4665 72.3133
3249 -75.472 -228 -28 -102.861 -48.0832 72.241
3259 -77.765 -192 -21 -104.632 -50.8983 72.1687
3269 -78.347 -230 -26 -107.061 -49.6331 72.0966
3279 -76.028 -194 -14 -102.349 -49.7073 72.0245
3289 -77.063 -195 -24 -103.469 -50.6571 71.9525
3299 -75.52 -231 -16 -102.428 -48.6117 71.8805
3309 -74.735 -185 -17 -100.533 -48.9369 71.8086
3319 -75.681 -199 -26 -102.345 -49.0167 71.7368
3329 -76.907 -219 -28 -103.603 -50.2112 71.6651
3339 -76.9 -201 -29 -103.911 -49.8891 71.5934
3349 -74.868 -191 -19 -99.5161 -50.2199 71.5218
3359 -75.581 -207 -19 -102.414 -48.7477 71.4503
3369 -75.574 -245 -16 -102.899 -48.2491 71.3788
3379 -75.769 -210 -28 -100.899 -50.6388 71.3075
3389 -76.247 -255 -26 -102.717 -49.7773 71.2362
3399 -76.158 -226 -25 -102.897 -49.4193 71.1649
3409 -75.644 -227 -20 -102.72 -48.568 71.0938
3419 -75.348 -204 -25 -102.268 -48.4277 71.0227
3429 -74.974 -219 -24 -102.044 -47.9039 70.9516
3439 -75.323 -187 -29 -100.566 -50.0796 70.8807
3449 -75.432 -194 -30 -101.266 -49.598 70.8098
3459 -74.578 -180 -24 -99.9582 -49.1978 70.739
3469 -73.663 -193 -27 -99.3481 -47.9779 70.6683
3479 -75.98 -201 -28 -102.324 -49.636 70.5976
3489 -74.949 -231 -31 -101.522 -48.3759 70.527
3499 -74.421 -193 -28 -99.5265 -49.3155 70.4565
3509 -75.897 -192 -26 -101.056 -50.7384 70.386
3519 -75.885 -211 -27 -102.152 -49.6176 70.3156
3529 -72.78 -200 -28 -97.7814 -47.7786 70.2453
3539 -74.756 -201 -19 -100.676 -48.836 70.1751
3549 -74.189 -174 -27 -99.528 -48.85 70.1049
3559 -76.263 -209 -26 -102.698 -49.8277 70.0348
3569 -74.072 -244 -26 -99.1793 -48.9647 69.9648
3579 -73.412 -198 -31 -98.349 -48.475 69.8948
3589 -75.475 -204 -21 -100.884 -50.0657 69.8249
3599 -74.546 -202 -33 -99.327 -49.765 69.7551
3609 -73.87 -270 -25 -100.656 -47.0838 69.6853
3619 -74.221 -229 -19 -100.218 -48.2241 69.6156
3629 -73.913 -193 -25 -99.1051 -48.7209 69.546
3639 -74.147 -211 -19 -100.007 -48.287 69.4765
3649 -73.959 -217 -21 -99.8082 -48.1098 69.407
3659 -73.731 -178 -25 -98.2017 -49.2603 69.3376
3669 -74.455 -189 -24 -101.224 -47.6859 69.2682
3679 -73.567 -216 -24 -98.757 -48.377 69.199
3689 -73.08 -203 -21 -97.1093 -49.0507 69.1298
3699 -74.053 -206 -29 -99.3666 -48.7394 69.0606
3709 -72.8 -190 -16 -96.6377 -48.9623 68.9916
3719 -73.177 -191 -25 -98.5146 -47.8394 68.9226
3729 -74.303 -205 -26 -98.8826 -49.7234 68.8537
3739 -73.627 -204 -22 -98.7951 -48.4589 68.7848
3749 -73.751 -196 -19 -98.7685 -48.7335 68.716
3759 -73.656 -186 -30 -99.291 -48.021 68.6473
3769 -74.127 -164 -23 -98.269 -49.985 68.5787
3779 -73.864 -176 -19 -98.736 -48.992 68.5101
3789 -72.41 -179 -31 -96.7973 -48.0227 68.4416
3799 -72.991 -200 -20 -97.1398 -48.8422 68.3731
3809 -74.024 -181 -22 -97.6375 -50.4105 68.3048
3819 -74.117 -235 -26 -99.8509 -48.3831 68.2365
3829 -73.821 -218 -24 -100.043 -47.5993 68.1682
3839 -72.14 -182 -17 -96.0876 -48.1924 68.1001
3849 -75.073 -167 -23 -99.7113 -50.4347 68.032
3859 -72.452 -183 -19 -97.5583 -47.3457 67.9639
3869 -73.87 -187 -26 -98.8218 -48.9182 67.896
3879 -71.474 -183 -30 -94.779 -48.169 67.8281
3889 -72.71 -196 -15 -97.3101 -48.1099 67.7602
3899 -72.119 -204 -19 -96.5816 -47.6564 67.6925
3909 -72.178 -201 -24 -96.8931 -47.4629 67.6248
3919 -72.57 -209 -27 -97.8872 -47.2528 67.5572
3929 -71.812 -187 -24 -95.4141 -48.2099 67.4896
3939 -71.276 -203 -19 -94.4458 -48.1062 67.4221
3949 -72.498 -246 -26 -95.6223 -49.3737 67.3547
3959 -71.296 -186 -31 -94.6944 -47.8976 67.2873
3969 -72.372 -180 -29 -96.9265 -47.8175 67.22
3979 -73.082 -190 -27 -97.1852 -48.9788 67.1528
3989 -71.562 -203 -30 -96.1474 -46.9766 67.0857
3999 -71.288 -197 -22 -93.9993 -48.5767 67.0186
4009 -72.033 -183 -23 -95.2807 -48.7853 66.9516
4019 -72.295 -228 -21 -96.1938 -48.3962 66.8846
4029 -72.588 -222 -26 -96.0878 -49.0882 66.8177
4039 -73.008 -243 -21 -98.4845 -47.5315 66.7509
4049 -73.079 -177 -30 -95.6438 -50.5142 66.6842
4059 -72.259 -203 -25 -96.7653 -47.7527 66.6175
4069 -74.208 -199 -30 -99.0256 -49.3904 66.5509
4079 -72.087 -207 -19 -96.1479 -48.0261 66.4843
4089 -71.473 -184 -31 -94.8497 -48.0963 66.4178
4099 -72.096 -186 -23 -95.8858 -48.3062 66.3514
4109 -72.566 -180 -32 -97.4786 -47.6534 66.2851
4119 -71.118 -163 -23 -93.7494 -48.4866 66.2188
4129 -71.081 -177 -29 -94.5321 -47.6299 66.1526
4139 -71.269 -190 -30 -95.5975 -46.9405 66.0864
4149 -72.284 -193 -25 -96.5414 -48.0266 66.0203
4159 -71.073 -217 -21 -94.0837 -48.0623 65.9543
4169 -70.325 -163 -25 -92.7185 -47.9315 65.8883
4179 -71.419 -180 -24 -94.8233 -48.0147 65.8225
4189 -71.262 -225 -21 -96.3537 -46.1703 65.7566
4199 -71.348 -177 -23 -94.9504 -47.7456 65.6909
4209 -70.339 -196 -17 -93.0446 -47.6334 65.6252
4219 -70.291 -226 -32 -92.7272 -47.8548 65.5596
4229 -71.005 -180 -27 -93.139 -48.871 65.494
4239 -71.862 -194 -23 -95.6501 -48.0739 65.4285
4249 -71.62 -193 -29 -95.7164 -47.5236 65.3631
4259 -71.319 -193 -30 -94.2244 -48.4136 65.2977
4269 -70.684 -181 -29 -92.9125 -48.4555 65.2324
4279 -71.33 -192 -17 -94.6549 -48.0051 65.1672
4289 -70.062 -192 -18 -93.1135 -47.0105 65.102
4299 -70.152 -192 -28 -93.2105 -47.0935 65.0369
4309 -69.629 -190 -29 -92.5164 -46.7416 64.9719
4319 -70.555 -180 -25 -92.3989 -48.7111 64.9069
4329 -70.208 -226 -28 -93.7134 -46.7026 64.842
4339 -70.606 -207 -30 -92.9254 -48.2866 64.7772
4349 -70.075 -199 -25 -93.8563 -46.2937 64.7124
4359 -70.441 -205 -17 -94.215 -46.667 64.6477
4369 -68.823 -162 -27 -90.1804 -47.4656 64.583
4379 -70.519 -197 -16 -93.8798 -47.1582 64.5184
4389 -70.861 -198 -22 -93.5062 -48.2158 64.4539
4399 -69.603 -185 -25 -92.8001 -46.4059 64.3895
4409 -71.622 -184 -29 -95.1122 -48.1318 64.3251
4419 -70.151 -230 -22 -93.1262 -47.1758 64.2608
4429 -71.138 -218 -26 -94.92 -47.356 64.1965
4439 -70.432 -228 -25 -93.3415 -47.5225 64.1323
4449 -69.935 -187 -18 -92.6237 -47.2463 64.0682
4459 -69.746 -213 -29 -92.4896 -47.0024 64.0041
4469 -69.805 -173 -23 -92.3016 -47.3084 63.9401
4479 -69.459 -178 -33 -91.621 -47.297 63.8761
4489 -68.639 -197 -24 -90.5466 -46.7314 63.8123
4499 -69.729 -202 -19 -92.6824 -46.7756 63.7485
4509 -69.448 -159 -27 -90.8228 -48.0732 63.6847
4519 -69.146 -153 -14 -91.4972 -46.7948 63.621
4529 -68.783 -201 -19 -91.0481 -46.5179 63.5574
4539 -69.413 -172 -16 -91.7301 -47.0959 63.4938
4549 -69.137 -172 -18 -91.1214 -47.1526 63.4304
4559 -69.882 -196 -26 -92.3702 -47.3938 63.3669
4569 -70.091 -191 -22 -93.2356 -46.9464 63.3036
4579 -69.358 -202 -30 -91.7088 -47.0072 63.2403
4589 -68.482 -163 -27 -89.2721 -47.6919 63.177
4599 -69.337 -162 -26 -91.335 -47.339 63.1138
4609 -69.503 -215 -28 -91.6911 -47.3149 63.0507
4619 -67.338 -167 -26 -88.0588 -46.6172 62.9877
4629 -68.801 -178 -20 -89.9192 -47.6828 62.9247
4639 -69.562 -162 -27 -91.1939 -47.9301 62.8618
4649 -67.394 -160 -23 -87.2042 -47.5838 62.7989
4659 -67.833 -224 -29 -88.8796 -46.7864 62.7361
4669 -68.835 -171 -28 -90.6093 -47.0607 62.6734
4679 -67.782 -184 -22 -89.1701 -46.3939 62.6107
4689 -67.808 -174 -23 -89.8169 -45.7991 62.5481
4699 -68.035 -163 -31 -88.9723 -47.0977 62.4855
4709 -67.795 -175 -21 -89.4633 -46.1267 62.423
4719 -69.388 -172 -18 -90.7919 -47.9841 62.3606
4729 -67.598 -192 -27 -89.1976 -45.9984 62.2983
4739 -68.252 -167 -25 -89.4689 -47.0351 62.236
4749 -68.321 -193 -22 -90.1801 -46.4619 62.1737
4759 -68.002 -173 -22 -89.138 -46.866 62.1116
4769 -67.65 -183 -28 -89.4052 -45.8948 62.0494
4779 -68.418 -182 -26 -90.0513 -46.7847 61.9874
4789 -67.789 -187 -20 -88.7535 -46.8245 61.9254
4799 -67.269 -159 -16 -88.0982 -46.4398 61.8635
4809 -67.56 -169 -24 -88.5639 -46.5561 61.8016
4819 -67.483 -179 -26 -88.8705 -46.0955 61.7398
4829 -66.341 -157 -28 -86.8581 -45.8239 61.6781
4839 -66.281 -155 -26 -86.6133 -45.9487 61.6164
4849 -66.761 -197 -14 -87.849 -45.673 61.5548
4859 -67.205 -180 -25 -88.7612 -45.6488 61.4932
4869 -66.598 -162 -23 -87.0484 -46.1476 61.4317
4879 -67.571 -158 -26 -88.2768 -46.8652 61.3703
4889 -68.176 -174 -26 -90.3852 -45.9668 61.3089
4899 -67.112 -186 -25 -88.1553 -46.0687 61.2476
4909 -66.744 -145 -29 -86.5385 -46.9495 61.1864
4919 -66.856 -177 -29 -87.117 -46.595 61.1252
4929 -66.35 -165 -27 -86.7694 -45.9306 61.0641
4939 -67.404 -168 -26 -87.8911 -46.9169 61.003
4949 -65.429 -216 -27 -86.4739 -44.3841 60.942
4959 -66.768 -192 -27 -87.028 -46.508 60.8811
4969 -66.543 -183 -23 -88.259 -44.827 60.8202
4979 -66.497 -175 -21 -87.2809 -45.7131 60.7594
4989 -66.009 -143 -26 -84.8237 -47.1943 60.6986
4999 -66.751 -184 -30 -87.4692 -46.0328 60.6379
5009 -65.277 -157 -27 -85.3483 -45.2057 60.5773
5019 -66.918 -194 -28 -87.9663 -45.8697 60.5167
5029 -65.59 -154 -30 -85.7198 -45.4602 60.4562
5039 -65.399 -178 -32 -84.9345 -45.8635 60.3957
5049 -65.608 -148 -28 -85.4007 -45.8153 60.3353
5059 -66.68 -184 -27 -87.4923 -45.8677 60.275
5069 -66.108 -162 -25 -86.6629 -45.5531 60.2147
5079 -66.343 -199 -27 -86.3559 -46.3301 60.1545
5089 -66.029 -161 -25 -86.9552 -45.1028 60.0943
5099 -66.218 -172 -22 -86.436 -46 60.0342
5109 -65.425 -174 -21 -85.1319 -45.7181 59.9742
5119 -65.399 -155 -32 -85.6682 -45.1298 59.9142
5129 -65.929 -176 -29 -85.6188 -46.2392 59.8543
5139 -65.664 -186 -31 -85.6742 -45.6538 59.7945
5149 -64.697 -201 -25 -84.0563 -45.3377 59.7347
5159 -66.074 -159 -26 -86.5128 -45.6352 59.6749
5169 -64.594 -172 -17 -84.5597 -44.6283 59.6153
5179 -66.731 -168 -29 -87.6187 -45.8433 59.5556
5189 -65.453 -195 -32 -85.588 -45.318 59.4961
5199 -64.424 -186 -29 -83.6888 -45.1592 59.4366
5209 -65.974 -144 -31 -85.6444 -46.3036 59.3772
5219 -65.752 -173 -25 -87.221 -44.283 59.3178
5229 -64.345 -166 -21 -83.1856 -45.5044 59.2585
5239 -65.726 -162 -28 -86.1518 -45.3002 59.1992
5249 -65.965 -168 -31 -86.2103 -45.7197 59.14
5259 -65.254 -146 -22 -84.8007 -45.7073 59.0809
5269 -64.403 -172 -24 -84.1563 -44.6497 59.0218
5279 -64.881 -165 -31 -84.5553 -45.2067 58.9628
5289 -65.745 -176 -32 -85.4176 -46.0724 58.9038
5299 -65.15 -170 -13 -85.1024 -45.1976 58.8449
5309 -64.74 -180 -23 -84.9553 -44.5247 58.786
5319 -64.812 -155 -32 -84.1969 -45.4271 58.7273
5329 -65.939 -165 -32 -86.7053 -45.1727 58.6685
5339 -65.108 -154 -15 -84.6595 -45.5565 58.6099
5349 -65.718 -155 -26 -85.1766 -46.2594 58.5513
5359 -63.932 -157 -32 -82.9026 -44.9614 58.4927
5369 -65.815 -143 -26 -85.5795 -46.0505 58.4342
5379 -65.124 -175 -29 -85.546 -44.702 58.3758
5389 -65.53 -173 -19 -86.5812 -44.4788 58.3174
5399 -65.015 -167 -32 -85.5086 -44.5214 58.2591
5409 -64.786 -165 -28 -84.2926 -45.2794 58.2008
5419 -65.118 -165 -25 -84.2543 -45.9817 58.1426
5429 -65.498 -154 -27 -86.4201 -44.5759 58.0845
5439 -64.359 -144 -24 -83.4592 -45.2588 58.0264
5449 -64.227 -179 -28 -83.5008 -44.9532 57.9684
5459 -62.65 -144 -26 -80.4727 -44.8273 57.9104
5469 -62.916 -157 -26 -81.7239 -44.1081 57.8525
5479 -64.931 -159 -20 -84.1315 -45.7305 57.7946
5489 -64.809 -182 -28 -84.1356 -45.4824 57.7368
5499 -64.471 -172 -25 -84.1912 -44.7508 57.6791
5509 -64.105 -165 -32 -83.1229 -45.0871 57.6214
5519 -64.915 -178 -23 -84.9582 -44.8718 57.5638
5529 -64.607 -150 -29 -82.9696 -46.2444 57.5062
5539 -64.253 -152 -30 -83.1509 -45.3551 57.4487
5549 -64.413 -164 -19 -83.6763 -45.1497 57.3913
5559 -64.529 -157 -30 -83.8487 -45.2093 57.3339
5569 -65.024 -208 -32 -85.3881 -44.6599 57.2766
5579 -64.754 -144 -30 -83.7118 -45.7962 57.2193
5589 -64.47 -156 -21 -84.2549 -44.6851 57.1621
5599 -64.05 -197 -23 -83.417 -44.683 57.1049
5609 -63.997 -156 -22 -82.9062 -45.0878 57.0478
5619 -63.108 -142 -30 -80.5516 -45.6644 56.9908
5629 -62.972 -147 -27 -80.9026 -45.0414 56.9338
5639 -63.808 -154 -25 -82.7483 -44.8677 56.8768
5649 -64.21 -163 -29 -83.4699 -44.9501 56.82
5659 -63.829 -170 -19 -83.3108 -44.3472 56.7631
5669 -63.895 -173 -30 -82.4795 -45.3105 56.7064
5679 -63.433 -169 -30 -82.3395 -44.5265 56.6497
5689 -64.83 -177 -28 -84.1481 -45.5119 56.593
5699 -64.029 -182 -32 -83.6454 -44.4126 56.5364
5709 -64.434 -158 -15 -84.1551 -44.7129 56.4799
5719 -63.329 -161 -30 -81.0079 -45.6501 56.4234
5729 -62.623 -162 -27 -80.9034 -44.3426 56.367
5739 -64.302 -138 -30 -82.6127 -45.9913 56.3106
5749 -65.605 -145 -27 -84.8657 -46.3443 56.2543
5759 -62.676 -145 -32 -80.3295 -45.0225 56.198
5769 -62.481 -147 -21 -80.3789 -44.5831 56.1418
5779 -64.957 -155 -30 -84.4641 -45.4499 56.0857
5789 -62.888 -170 -29 -80.7597 -45.0163 56.0296
5799 -63.37 -141 -32 -81.6461 -45.0939 55.9736
5809 -63.159 -148 -26 -81.412 -44.906 55.9176
5819 -63.673 -183 -33 -82.5145 -44.8315 55.8617
5829 -62.833 -153 -20 -80.717 -44.949 55.8058
5839 -63.405 -157 -33 -81.5257 -45.2843 55.75
5849 -63.225 -201 -32 -81.7684 -44.6816 55.6943
5859 -61.943 -159 -33 -78.9596 -44.9264 55.6386
5869 -63.614 -177 -30 -82.834 -44.394 55.5829
5879 -63.518 -171 -26 -82.2721 -44.7639 55.5274
5889 -62.832 -156 -22 -81.188 -44.476 55.4718
5899 -63.37 -159 -32 -81.5174 -45.2226 55.4164
5909 -63.966 -156 -24 -82.5364 -45.3956 55.361
5919 -62.778 -159 -27 -81.3701 -44.1859 55.3056
5929 -63.309 -162 -29 -80.8939 -45.7241 55.2503
5939 -62.67 -154 -27 -80.554 -44.786 55.195
5949 -64.053 -196 -24 -83.3296 -44.7764 55.1398
5959 -62.847 -142 -25 -80.7488 -44.9452 55.0847
5969 -63.362 -164 -29 -81.3652 -45.3588 55.0296
5979 -61.952 -139 -23 -79.5529 -44.3511 54.9746
5989 -64.075 -193 -32 -83.7169 -44.4331 54.9196
5999 -63.063 -154 -29 -81.9324 -44.1936 54.8647
6009 -64.565 -163 -19 -83.4912 -45.6388 54.8098
6019 -62.624 -143 -20 -80.2062 -45.0418 54.755
6029 -63.971 -159 -31 -82.8235 -45.1185 54.7003
6039 -63.213 -151 -18 -81.6889 -44.7371 54.6456
6049 -63.588 -168 -16 -82.5853 -44.5907 54.5909
6059 -63.24 -152 -32 -80.506 -45.974 54.5363
6069 -62.011 -153 -20 -79.8395 -44.1825 54.4818
6079 -61.642 -153 -28 -79.3754 -43.9086 54.4273
6089 -63.342 -170 -32 -81.2671 -45.4169 54.3729
6099 -62.623 -169 -27 -81.2765 -43.9695 54.3185
6109 -63.073 -172 -30 -81.7622 -44.3838 54.2642
6119 -62.836 -175 -30 -81.0661 -44.6059 54.2099
6129 -62.948 -159 -31 -81.1595 -44.7365 54.1557
6139 -62.557 -124 -25 -80.1647 -44.9493 54.1016
6149 -62.954 -142 -29 -79.7751 -46.1329 54.0475
6159 -62.309 -167 -21 -79.4014 -45.2166 53.9934
6169 -62.713 -171 -27 -80.6483 -44.7777 53.9394
6179 -62.272 -159 -29 -79.6118 -44.9322 53.8855
6189 -63.433 -150 -27 -81.9918 -44.8742 53.8316
6199 -62.255 -154 -22 -80.4116 -44.0984 53.7778
6209 -62.65 -174 -29 -80.2667 -45.0333 53.724
6219 -63.137 -147 -28 -81.2532 -45.0208 53.6703
6229 -62.793 -156 -26 -80.7928 -44.7932 53.6166
6239 -62.542 -187 -29 -81.6448 -43.4392 53.563
6249 -62.645 -142 -29 -79.842 -45.448 53.5094
6259 -62.692 -163 -28 -80.4565 -44.9275 53.4559
6269 -62.314 -136 -27 -79.6662 -44.9618 53.4024
6279 -62.79 -153 -17 -80.7454 -44.8346 53.349
6289 -62.446 -143 -21 -79.5258 -45.3662 53.2957
6299 -61.697 -122 -28 -77.7675 -45.6265 53.2424
6309 -61.57 -162 -25 -79.6968 -43.4432 53.1892
6319 -61.758 -141 -30 -78.6096 -44.9064 53.136
6329 -61.872 -160 -32 -80.2481 -43.4959 53.0828
6339 -62.057 -151 -32 -79.7866 -44.3274 53.0297
6349 -61.348 -154 -31 -78.9618 -43.7342 52.9767
6359 -61.761 -145 -32 -79.087 -44.435 52.9237
6369 -61.501 -164 -19 -78.8874 -44.1146 52.8708
6379 -60.637 -141 -29 -77.3283 -43.9457 52.8179
6389 -61.184 -135 -29 -77.7694 -44.5986 52.7651
6399 -61.134 -163 -21 -77.5321 -44.7359 52.7124
6409 -62.414 -159 -32 -79.5131 -45.3149 52.6596
6419 -61.776 -127 -29 -78.5188 -45.0332 52.607
6429 -62.826 -138 -25 -80.4033 -45.2487 52.5544
6439 -61.672 -160 -32 -79.2608 -44.0832 52.5018
6449 -62.93 -131 -24 -80.4326 -45.4274 52.4493
6459 -62.608 -147 -32 -80.4912 -44.7248 52.3969
6469 -62.352 -172 -20 -79.7561 -44.9479 52.3445
6479 -61.44 -159 -18 -78.5628 -44.3172 52.2921
6489 -61.212 -131 -29 -77.6163 -44.8077 52.2398
6499 -62.263 -139 -27 -78.742 -45.784 52.1876
6509 -61.171 -152 -28 -78.2042 -44.1378 52.1354
6519 -62.972 -142 -20 -80.1608 -45.7832 52.0833
6529 -61.654 -147 -26 -77.9452 -45.3628 52.0312
6539 -60.402 -137 -32 -75.8872 -44.9168 51.9792
6549 -61.314 -181 -18 -78.2325 -44.3955 51.9272
6559 -61.003 -126 -29 -77.3251 -44.6809 51.8753
6569 -60.149 -130 -26 -75.8857 -44.4123 51.8234
6579 -61.45 -192 -27 -78.6307 -44.2693 51.7716
6589 -60.669 -129 -32 -77.1012 -44.2368 51.7198
6599 -60.257 -139 -27 -76.5816 -43.9324 51.6681
6609 -61.513 -149 -26 -78.4586 -44.5674 51.6164
6619 -61.663 -138 -32 -78.7695 -44.5565 51.5648
6629 -61.473 -153 -27 -78.2828 -44.6632 51.5132
6639 -60.379 -127 -18 -76.4682 -44.2898 51.4617
6649 -61.453 -124 -26 -77.7837 -45.1223 51.4102
6659 -61.023 -137 -28 -77.4939 -44.5521 51.3588
6669 -60.835 -129 -32 -76.3054 -45.3646 51.3075
6679 -62.253 -153 -29 -79.2615 -45.2445 51.2562
6689 -60.837 -139 -32 -76.701 -44.973 51.2049
6699 -60.568 -153 -21 -76.6988 -44.4372 51.1537
6709 -61.754 -142 -29 -78.4344 -45.0736 51.1026
6719 -62.208 -138 -22 -79.6031 -44.8129 51.0515
6729 -61.747 -153 -27 -78.3898 -45.1042 51.0004
6739 -61.122 -148 -29 -77.7073 -44.5367 50.9494
6749 -62.215 -127 -32 -78.5112 -45.9188 50.8984
6759 -61.053 -181 -32 -77.6857 -44.4203 50.8476
6769 -61.153 -128 -25 -77.6595 -44.6465 50.7967
6779 -61.005 -145 -28 -78.2512 -43.7588 50.7459
6789 -60.618 -179 -28 -76.911 -44.325 50.6952
6799 -60.808 -139 -31 -77.1788 -44.4372 50.6445
6809 -60.238 -134 -25 -76.8586 -43.6174 50.5938
6819 -60.004 -130 -22 -76.6122 -43.3958 50.5432
6829 -61.85 -159 -21 -78.3464 -45.3536 50.4927
6839 -60.904 -139 -27 -78.0708 -43.7372 50.4422
6849 -61.636 -148 -26 -78.6239 -44.6481 50.3917
6859 -60.856 -148 -25 -77.9373 -43.7747 50.3414
6869 -60.67 -147 -30 -77.7985 -43.5415 50.291
6879 -61.12 -138 -18 -77.2997 -44.9403 50.2407
6889 -61.006 -150 -30 -77.3032 -44.7088 50.1905
6899 -61.158 -125 -28 -77.1845 -45.1315 50.1403
6909 -60.147 -138 -26 -76.0891 -44.2049 50.0902
6919 -61.54 -133 -32 -78.3653 -44.7147 50.0401
6929 -59.334 -144 -33 -75.3544 -43.3136 49.99
6939 -60.06 -135 -31 -75.824 -44.296 49.94
6949 -60.653 -124 -25 -76.6392 -44.6668 49.8901
6959 -60.528 -164 -29 -77.3636 -43.6924 49.8402
6969 -59.925 -127 -24 -75.4084 -44.4416 49.7904
6979 -59.373 -146 -24 -74.413 -44.333 49.7406
6989 -61.126 -136 -32 -77.551 -44.701 49.6908
6999 -60.302 -147 -33 -76.5746 -44.0294 49.6411
7009 -60.698 -143 -28 -77.1223 -44.2737 49.5915
7019 -59.211 -131 -30 -75.0359 -43.3861 49.5419
7029 -60.171 -149 -25 -76.5146 -43.8274 49.4924
7039 -61.137 -133 -29 -77.617 -44.657 49.4429
7049 -60.727 -137 -32 -76.4622 -44.9918 49.3934
7059 -60.015 -153 -30 -76.4706 -43.5594 49.344
7069 -60.725 -139 -32 -76.9693 -44.4807 49.2947
7079 -60.617 -143 -24 -77.3877 -43.8463 49.2454
7089 -60.187 -134 -25 -75.5625 -44.8115 49.1962
7099 -60.81 -150 -29 -77.5623 -44.0577 49.147
7109 -60.896 -150 -30 -78.315 -43.477 49.0978
7119 -60.523 -171 -32 -76.6282 -44.4178 49.0487
7129 -60.136 -183 -32 -76.5066 -43.7654 48.9997
7139 -60.886 -144 -31 -77.0779 -44.6941 48.9507
7149 -59.601 -158 -28 -75.538 -43.664 48.9017
7159 -59.043 -134 -28 -74.1734 -43.9126 48.8528
7169 -60.051 -133 -30 -75.7167 -44.3853 48.804
7179 -59.731 -142 -23 -75.3061 -44.1559 48.7552
7189 -60.017 -134 -32 -76.3744 -43.6596 48.7064
7199 -60.593 -137 -31 -77.0186 -44.1674 48.6577
7209 -60.351 -153 -22 -76.4121 -44.2899 48.609
7219 -59.707 -123 -27 -75.2191 -44.1949 48.5604
7229 -60.3 -131 -32 -76.2941 -44.3059 48.5119
7239 -60.369 -123 -32 -76.2837 -44.4543 48.4634
7249 -60.197 -119 -32 -75.3484 -45.0456 48.4149
7259 -59.515 -139 -30 -75.1467 -43.8833 48.3665
7269 -59.069 -129 -27 -74.3926 -43.7454 48.3181
7279 -60.452 -147 -14 -77.2853 -43.6187 48.2698
7289 -60.478 -129 -31 -76.9705 -43.9855 48.2215
7299 -59.568 -143 -29 -75.0082 -44.1278 48.1733
7309 -60.359 -141 -21 -76.9878 -43.7302 48.1251
7319 -60.13 -151 -33 -75.5243 -44.7357 48.077
7329 -60.025 -135 -32 -76.0175 -44.0325 48.0289
7339 -59.145 -143 -32 -74.3574 -43.9326 47.9809
7349 -59.345 -152 -32 -74.9695 -43.7205 47.9329
7359 -59.358 -141 -33 -74.2575 -44.4585 47.885
7369 -59.223 -132 -32 -74.1436 -44.3024 47.8371
7379 -59.465 -124 -28 -75.242 -43.688 47.7893
7389 -60.375 -161 -30 -76.2315 -44.5185 47.7415
7399 -59.302 -157 -34 -75.2233 -43.3807 47.6937
7409 -59.895 -135 -28 -75.9687 -43.8213 47.646
7419 -59.786 -133 -30 -75.0853 -44.4867 47.5984
7429 -59.202 -145 -28 -74.0298 -44.3742 47.5508
7439 -59.005 -133 -32 -73.1222 -44.8878 47.5032
7449 -60.155 -142 -21 -76.4832 -43.8268 47.4557
7459 -59.977 -131 -28 -75.32 -44.634 47.4083
7469 -59.778 -138 -32 -75.5447 -44.0113 47.3609
7479 -59.554 -136 -28 -75.1197 -43.9883 47.3135
7489 -60.026 -152 -27 -75.7558 -44.2962 47.2662
7499 -58.715 -122 -22 -74.051 -43.379 47.2189
7509 -59.279 -137 -32 -75.1269 -43.4311 47.1717
7519 -59.556 -149 -32 -75.6381 -43.4739 47.1245
7529 -59.84 -176 -32 -75.2975 -44.3825 47.0774
7539 -58.597 -138 -26 -73.5249 -43.6691 47.0303
7549 -58.457 -150 -27 -73.4627 -43.4513 46.9833
7559 -59.552 -139 -26 -75.3519 -43.7521 46.9363
7569 -58.577 -134 -32 -73.1526 -44.0014 46.8894
7579 -58.78 -119 -23 -73.5879 -43.9721 46.8425
7589 -59.719 -145 -32 -75.1523 -44.2857 46.7957
7599 -58.702 -144 -19 -73.9452 -43.4588 46.7489
7609 -58.74 -125 -29 -73.3028 -44.1772 46.7021
7619 -59.247 -130 -24 -74.5848 -43.9092 46.6554
7629 -59.037 -120 -28 -74.1684 -43.9056 46.6088
7639 -59.496 -131 -26 -74.3852 -44.6068 46.5621
7649 -59.357 -162 -25 -74.9751 -43.7389 46.5156
7659 -59.007 -123 -32 -74.3866 -43.6274 46.4691
7669 -58.361 -138 -29 -72.7694 -43.9526 46.4226
7679 -59.077 -137 -28 -73.6129 -44.5411 46.3762
7689 -58.845 -130 -32 -73.8514 -43.8386 46.3298
7699 -59.754 -131 -32 -75.8253 -43.6827 46.2835
7709 -59.304 -139 -32 -74.6351 -43.9729 46.2372
7719 -59.597 -131 -31 -75.2497 -43.9443 46.191
7729 -59.451 -137 -24 -74.7268 -44.1752 46.1448
7739 -59.458 -139 -30 -74.4638 -44.4522 46.0986
7749 -58.313 -169 -29 -73.6586 -42.9674 46.0525
7759 -58.611 -128 -25 -73.7527 -43.4693 46.0065
7769 -59.206 -143 -17 -74.3662 -44.0458 45.9605
7779 -58.58 -132 -21 -73.4508 -43.7092 45.9145
7789 -58.655 -149 -30 -73.7221 -43.5879 45.8686
7799 -58.641 -121 -27 -73.8494 -43.4326 45.8227
7809 -58.875 -119 -26 -74.0814 -43.6686 45.7769
7819 -58.316 -131 -30 -72.7304 -43.9016 45.7311
7829 -58.451 -153 -31 -73.4344 -43.4676 45.6854
7839 -58.273 -125 -32 -73.4561 -43.0899 45.6397
7849 -58.691 -191 -31 -73.8391 -43.5429 45.5941
7859 -59.283 -133 -32 -74.9879 -43.5781 45.5485
7869 -59.103 -133 -32 -74.0552 -44.1508 45.5029
7879 -59.282 -138 -32 -74.8684 -43.6956 45.4574
7889 -58.831 -110 -33 -72.8967 -44.7653 45.412
7899 -59.107 -130 -33 -73.6986 -44.5154 45.3665
7909 -58.293 -151 -31 -73.4299 -43.1561 45.3212
7919 -59.572 -166 -31 -75.3297 -43.8143 45.2759
7929 -58.663 -121 -32 -73.1436 -44.1824 45.2306
7939 -58.65 -135 -32 -73.3185 -43.9815 45.1854
7949 -58.324 -134 -25 -72.8306 -43.8174 45.1402
7959 -58.761 -135 -32 -72.9433 -44.5787 45.095
7969 -58.747 -140 -27 -73.9661 -43.5279 45.0499
7979 -58.673 -120 -32 -73.1923 -44.1537 45.0049
7989 -57.803 -137 -32 -72.3947 -43.2113 44.9599
7999 -58.93 -121 -32 -73.2462 -44.6138 44.9149
8009 -57.542 -124 -25 -72.0463 -43.0377 44.87
8019 -57.899 -182 -32 -73.4126 -42.3854 44.8251
8029 -58.158 -125 -28 -72.4388 -43.8772 44.7803
8039 -57.644 -128 -32 -72.1561 -43.1319 44.7355
8049 -58.064 -135 -32 -72.253 -43.875 44.6908
8059 -57.747 -165 -28 -72.9246 -42.5694 44.6461
8069 -57.674 -128 -30 -71.9188 -43.4292 44.6015
8079 -58.23 -130 -28 -72.6264 -43.8336 44.5569
8089 -57.746 -124 -30 -72.0405 -43.4515 44.5123
8099 -58.501 -169 -21 -74.4073 -42.5947 44.4678
8109 -58.342 -127 -32 -73.0783 -43.6057 44.4233
8119 -58.482 -142 -32 -73.476 -43.488 44.3789
8129 -57.234 -130 -27 -71.6527 -42.8153 44.3345
8139 -58.107 -130 -32 -72.5688 -43.6452 44.2902
8149 -58.191 -135 -29 -73.1647 -43.2173 44.2459
8159 -58.905 -167 -32 -74.1408 -43.6692 44.2016
8169 -57.685 -125 -32 -71.8629 -43.5071 44.1574
8179 -59.113 -152 -28 -74.3596 -43.8664 44.1133
8189 -58.061 -144 -32 -72.7017 -43.4203 44.0692
8199 -57.219 -130 -27 -71.3832 -43.0548 44.0251
8209 -57.491 -128 -30 -71.6143 -43.3677 43.9811
8219 -57.048 -120 -32 -71.0163 -43.0797 43.9371
8229 -57.417 -122 -30 -71.627 -43.207 43.8932
8239 -57.981 -120 -32 -72.7839 -43.1781 43.8493
8249 -57.561 -119 -28 -71.74 -43.382 43.8054
8259 -57.716 -124 -28 -71.9931 -43.4389 43.7616
8269 -58.311 -123 -32 -72.5936 -44.0284 43.7178
8279 -57.817 -130 -29 -72.4818 -43.1522 43.6741
8289 -57.025 -142 -28 -71.6001 -42.4499 43.6305
8299 -57.669 -134 -32 -72.4238 -42.9142 43.5868
8309 -56.879 -123 -30 -71.2216 -42.5364 43.5432
8319 -57.165 -138 -32 -71.2979 -43.0321 43.4997
8329 -57.587 -118 -32 -71.738 -43.436 43.4562
8339 -58.165 -124 -26 -72.6768 -43.6532 43.4127
8349 -56.723 -135 -27 -71.0038 -42.4422 43.3693
8359 -57.221 -116 -16 -71.2064 -43.2356 43.326
8369 -57.559 -138 -32 -71.2645 -43.8535 43.2826
8379 -57.553 -116 -31 -71.3478 -43.7582 43.2393
8389 -57.682 -122 -32 -71.7387 -43.6253 43.1961
8399 -57.503 -125 -24 -71.1784 -43.8276 43.1529
8409 -57.174 -110 -30 -70.8073 -43.5407 43.1098
8419 -57.777 -127 -30 -72.454 -43.1 43.0666
8429 -57.619 -130 -29 -72.1593 -43.0787 43.0236
8439 -56.26 -142 -32 -69.9489 -42.5711 42.9806
8449 -56.904 -123 -32 -70.5414 -43.2666 42.9376
8459 -56.972 -129 -27 -70.6711 -43.2729 42.8946
8469 -56.427 -142 -32 -70.5004 -42.3536 42.8517
8479 -57.448 -141 -32 -72.1345 -42.7615 42.8089
8489 -57.385 -113 -30 -71.05 -43.72 42.7661
8499 -57.066 -149 -29 -71.8668 -42.2652 42.7233
8509 -56.92 -129 -27 -71.7774 -42.0626 42.6806
8519 -57.57 -143 -32 -72.946 -42.194 42.6379
8529 -56.819 -114 -33 -69.9251 -43.7129 42.5953
8539 -56.452 -128 -27 -70.3483 -42.5557 42.5527
8549 -56.739 -117 -32 -70.6588 -42.8192 42.5101
8559 -57.184 -121 -30 -71.2234 -43.1446 42.4676
8569 -57.603 -119 -21 -71.8181 -43.3879 42.4252
8579 -57.268 -122 -32 -71.8009 -42.7351 42.3827
8589 -57.192 -164 -17 -71.159 -43.225 42.3403
8599 -56.712 -133 -32 -70.9618 -42.4622 42.298
8609 -56.991 -133 -23 -71.2948 -42.6872 42.2557
8619 -56.956 -105 -28 -71.1653 -42.7467 42.2135
8629 -57.17 -113 -28 -71.0097 -43.3303 42.1712
8639 -57.536 -124 -31 -72.0204 -43.0516 42.1291
8649 -56.886 -132 -27 -71.0742 -42.6978 42.0869
8659 -56.919 -119 -29 -71.1875 -42.6505 42.0448
8669 -56.911 -130 -31 -70.5646 -43.2574 42.0028
8679 -55.812 -126 -28 -69.552 -42.072 41.9608
8689 -56.371 -155 -32 -70.441 -42.301 41.9188
8699 -56.769 -128 -29 -71.2639 -42.2741 41.8769
8709 -56.562 -124 -32 -70.1871 -42.9369 41.835
8719 -57.131 -123 -32 -70.783 -43.479 41.7932
8729 -56.545 -120 -29 -69.9442 -43.1458 41.7514
8739 -56.785 -125 -32 -70.5677 -43.0023 41.7097
8749 -55.885 -118 -28 -69.8694 -41.9006 41.668
8759 -55.814 -143 -29 -69.5912 -42.0368 41.6263
8769 -56.633 -125 -32 -70.3579 -42.9081 41.5847
8779 -56.38 -136 -32 -69.9831 -42.7769 41.5431
8789 -56.202 -130 -29 -70.2866 -42.1174 41.5015
8799 -57.165 -133 -32 -71.9309 -42.3991 41.46
8809 -56.57 -137 -28 -70.7356 -42.4044 41.4186
8819 -56.846 -121 -32 -71.1053 -42.5867 41.3772
8829 -57.043 -163 -32 -70.7115 -43.3745 41.3358
8839 -56.282 -125 -32 -70.0551 -42.5089 41.2944
8849 -57.426 -131 -32 -71.8671 -42.9849 41.2531
8859 -56.351 -125 -31 -69.6006 -43.1014 41.2119
8869 -57.095 -121 -29 -70.5992 -43.5908 41.1707
8879 -56.537 -120 -28 -70.6848 -42.3892 41.1295
8889 -56.783 -138 -26 -70.6495 -42.9165 41.0884
8899 -56.023 -129 -23 -69.4606 -42.5854 41.0473
8909 -57.198 -160 -26 -71.5132 -42.8828 41.0062
8919 -56.84 -113 -32 -70.5188 -43.1612 40.9652
8929 -56.332 -109 -32 -69.4916 -43.1724 40.9243
8939 -56.612 -113 -28 -69.9996 -43.2244 40.8833
8949 -55.51 -133 -32 -68.8074 -42.2126 40.8425
8959 -56.612 -125 -32 -70.6791 -42.5449 40.8016
8969 -56.602 -117 -32 -70.4161 -42.7879 40.7608
8979 -56.162 -119 -24 -69.4826 -42.8414 40.7201
8989 -56.644 -131 -32 -70.6049 -42.6831 40.6793
8999 -56.215 -130 -33 -70.1009 -42.3291 40.6387
9009 -56.919 -125 -28 -70.9319 -42.9061 40.598
9019 -56.519 -121 -32 -70.445 -42.593 40.5574
9029 -55.699 -114 -26 -68.7742 -42.6238 40.5169
9039 -56.007 -114 -32 -69.3285 -42.6855 40.4764
9049 -56.059 -115 -28 -70.0651 -42.0529 40.4359
9059 -56.555 -118 -32 -70.5033 -42.6067 40.3954
9069 -56.188 -116 -32 -69.2972 -43.0788 40.355
9079 -56.565 -118 -32 -69.8586 -43.2714 40.3147
9089 -55.246 -112 -32 -68.634 -41.858 40.2744
9099 -56.102 -113 -32 -69.5023 -42.7017 40.2341
9109 -56.256 -124 -31 -69.6877 -42.8243 40.1939
9119 -55.7 -114 -27 -69.0352 -42.3648 40.1537
9129 -56.521 -124 -28 -70.2769 -42.7651 40.1135
9139 -56.305 -123 -29 -70.5362 -42.0738 40.0734
9149 -56.023 -120 -29 -69.3957 -42.6503 40.0333
9159 -56.477 -118 -32 -70.0361 -42.9179 39.9933
9169 -55.41 -130 -29 -69.0587 -41.7613 39.9533
9179 -55.331 -109 -32 -68.4193 -42.2427 39.9134
9189 -56.11 -108 -32 -69.1126 -43.1074 39.8734
9199 -55.553 -138 -32 -68.716 -42.39 39.8336
9209 -56.161 -128 -32 -69.5017 -42.8203 39.7937
9219 -55.898 -127 -31 -69.9613 -41.8347 39.7539
9229 -55.203 -109 -28 -68.4181 -41.9879 39.7142
9239 -55.504 -135 -32 -68.5862 -42.4218 39.6745
9249 -56.822 -152 -32 -70.8286 -42.8154 39.6348
9259 -55.93 -123 -31 -69.555 -42.305 39.5952
9269 -55.538 -109 -32 -68.326 -42.75 39.5556
9279 -55.759 -130 -23 -69.7285 -41.7895 39.516
9289 -55.568 -125 -32 -69.004 -42.132 39.4765
9299 -56.629 -142 -32 -70.4885 -42.7695 39.437
9309 -55.157 -129 -23 -68.3394 -41.9746 39.3976
9319 -55.616 -130 -32 -68.8883 -42.3437 39.3582
9329 -55.135 -125 -31 -68.4107 -41.8593 39.3188
9339 -55.257 -112 -32 -68.1156 -42.3984 39.2795
9349 -56.065 -124 -32 -69.6656 -42.4644 39.2402
9359 -55.17 -139 -14 -68.4324 -41.9076 39.201
9369 -56.23 -121 -28 -69.9333 -42.5267 39.1618
9379 -55.508 -127 -32 -68.7746 -42.2414 39.1226
9389 -56.463 -122 -32 -70.4206 -42.5054 39.0835
9399 -55.361 -108 -32 -68.6165 -42.1055 39.0444
9409 -55.481 -115 -32 -68.687 -42.275 39.0054
9419 -55.109 -129 -28 -68.6515 -41.5665 38.9664
9429 -55.247 -122 -32 -68.3008 -42.1932 38.9274
9439 -55.537 -112 -32 -68.5537 -42.5203 38.8885
9449 -55.588 -104 -27 -68.4726 -42.7034 38.8496
9459 -55.352 -112 -28 -67.641 -43.063 38.8107
9469 -55.841 -136 -28 -69.5335 -42.1485 38.7719
9479 -54.826 -113 -29 -67.4743 -42.1777 38.7332
9489 -55.34 -113 -30 -68.3073 -42.3727 38.6944
9499 -55.415 -122 -25 -68.88 -41.95 38.6557
9509 -55.757 -112 -32 -68.4768 -43.0372 38.6171
9519 -55.442 -134 -32 -68.7282 -42.1558 38.5785
9529 -54.496 -108 -29 -67.3461 -41.6459 38.5399
9539 -54.8 -133 -32 -67.9428 -41.6572 38.5013
9549 -55.428 -120 -29 -68.8188 -42.0372 38.4628
9559 -54.571 -118 -32 -67.108 -42.034 38.4244
9569 -55.54 -115 -32 -68.5333 -42.5467 38.3859
9579 -55.73 -169 -28 -69.2198 -42.2402 38.3476
9589 -56.568 -166 -30 -71.2258 -41.9102 38.3092
9599 -55.473 -116 -32 -68.5452 -42.4008 38.2709
9609 -55.48 -225 -25 -70.3055 -40.6545 38.2326
9619 -54.896 -165 -32 -68.4832 -41.3088 38.1944
9629 -56.313 -119 -32 -70.0328 -42.5932 38.1562
9639 -55.097 -125 -32 -68.4375 -41.7565 38.118
9649 -56.214 -125 -32 -69.7065 -42.7215 38.0799
9659 -55.677 -161 -32 -69.1522 -42.2018 38.0418
9669 -55.119 -142 -33 -68.1554 -42.0826 38.0038
9679 -55.622 -139 -32 -69.8191 -41.4249 37.9658
9689 -55.403 -153 -32 -69.6496 -41.1564 37.9278
9699 -55.277 -173 -32 -68.9277 -41.6263 37.8899
9709 -55.157 -199 -32 -68.5853 -41.7287 37.852
9719 -55.353 -177 -28 -69.1108 -41.5952 37.8142
9729 -55.666 -120 -32 -69.2335 -42.0985 37.7764
9739 -55.264 -143 -32 -68.5808 -41.9472 37.7386
9749 -55.623 -250 -30 -70.408 -40.838 37.7008
9759 -55.361 -130 -32 -68.4556 -42.2664 37.6631
9769 -55.063 -137 -32 -68.0839 -42.0421 37.6255
9779 -55.951 -119 -32 -69.5429 -42.3591 37.5878
9789 -55.702 -160 -32 -69.3732 -42.0308 37.5503
9799 -55.471 -183 -32 -69.6491 -41.2929 37.5127
9809 -55.92 -127 -30 -69.4794 -42.3606 37.4752
9819 -55.701 -139 -32 -69.0425 -42.3595 37.4377
9829 -54.616 -118 -31 -67.5431 -41.6889 37.4003
9839 -55.498 -118 -32 -68.7847 -42.2113 37.3629
9849 -55.128 -113 -25 -68.7147 -41.5413 37.3255
9859 -55.755 -128 -32 -68.8154 -42.6946 37.2882
9869 -56.038 -116 -32 -69.8432 -42.2328 37.2509
9879 -55.572 -128 -32 -68.8524 -42.2916 37.2137
9889 -55.623 -116 -34 -68.9186 -42.3274 37.1764
9899 -55.348 -126 -32 -67.9473 -42.7487 37.1393
9909 -55.775 -138 -32 -69.4838 -42.0662 37.1021
9919 -55.454 -244 -29 -70.3459 -40.5621 37.065
9929 -54.972 -134 -28 -68.0006 -41.9434 37.028
9939 -53.934 -109 -22 -66.1483 -41.7197 36.9909
9949 -54.5 -203 -25 -67.6791 -41.3209 36.9539
9959 -55.191 -229 -33 -68.8775 -41.5045 36.917
9969 -54.71 -177 -32 -67.7463 -41.6737 36.8801
9979 -54.825 -133 -32 -67.7501 -41.8999 36.8432
9989 -55.137 -119 -32 -68.3153 -41.9587 36.8063
9999 -55.43 -180 -28 -69.6813 -41.1787 36.7695
10009 -56.065 -202 -32 -69.7588 -42.3712 36.7328
10019 -54.461 -105 -32 -67.0953 -41.8267 36.696
10029 -55.085 -195 -32 -68.748 -41.422 36.6593
10039 -54.39 -120 -32 -66.8895 -41.8905 36.6227
10049 -55.624 -131 -28 -69.0022 -42.2458 36.5861
10059 -54.603 -129 -32 -67.6345 -41.5715 36.5495
10069 -55.492 -147 -32 -68.8903 -42.0937 36.5129
10079 -55.186 -176 -27 -69.0928 -41.2792 36.4764
10089 -55.017 -143 -32 -67.9741 -42.0599 36.4399
10099 -55.019 -245 -32 -69.519 -40.519 36.4035
10109 -54.559 -114 -25 -67.4913 -41.6267 36.3671
10119 -55.238 -152 -31 -68.9087 -41.5673 36.3307
10129 -54.561 -163 -24 -68.5212 -40.6008 36.2944
10139 -54.489 -109 -32 -67.196 -41.782 36.2581
10149 -55.369 -130 -32 -68.615 -42.123 36.2218
10159 -55.188 -182 -32 -68.9997 -41.3763 36.1856
10169 -55.205 -112 -30 -68.1545 -42.2555 36.1494
10179 -54.917 -272 -32 -69.5096 -40.3244 36.1133
10189 -55.101 -107 -20 -68.2046 -41.9974 36.0772
10199 -54.574 -160 -26 -67.9157 -41.2323 36.0411
10209 -55.181 -113 -32 -68.0423 -42.3197 36.0051
10219 -54.481 -116 -28 -67.0736 -41.8884 35.969
10229 -54.955 -148 -28 -68.5335 -41.3765 35.9331
10239 -54.775 -137 -32 -67.4799 -42.0701 35.8971
10249 -54.803 -153 -28 -68.0098 -41.5962 35.8613
10259 -54.799 -207 -28 -69.2285 -40.3695 35.8254
10269 -54.191 -105 -33 -66.5763 -41.8057 35.7896
10279 -54.562 -148 -21 -67.5313 -41.5927 35.7538
10289 -55.462 -130 -22 -68.6379 -42.2861 35.718
10299 -54.742 -126 -32 -68.0376 -41.4464 35.6823
10309 -54.864 -335 -32 -70.4624 -39.2656 35.6466
10319 -54.717 -122 -32 -67.9876 -41.4464 35.611
10329 -55.14 -156 -33 -68.3898 -41.8902 35.5754
10339 -53.999 -110 -28 -66.3462 -41.6518 35.5398
10349 -55.175 -150 -32 -68.4471 -41.9029 35.5042
10359 -54.329 -104 -32 -66.218 -42.44 35.4687
10369 -55.716 -127 -32 -69.1547 -42.2773 35.4333
10379 -54.519 -162 -31 -68.0922 -40.9458 35.3978
10389 -53.533 -123 -29 -65.873 -41.193 35.3624
10399 -54.237 -120 -32 -66.7739 -41.7001 35.3271
10409 -54.767 -116 -32 -67.1508 -42.3832 35.2918
10419 -54.739 -105 -32 -67.8943 -41.5837 35.2565
10429 -53.98 -155 -32 -65.9923 -41.9677 35.2212
10439 -54.382 -130 -32 -67.7955 -40.9685 35.186
10449 -54.872 -127 -32 -67.7775 -41.9665 35.1508
10459 -54.449 -110 -32 -67.2577 -41.6403 35.1156
10469 -54.747 -130 -31 -67.4722 -42.0218 35.0805
10479 -54.732 -125 -32 -68.0792 -41.3848 35.0455
10489 -55.352 -166 -32 -69.2258 -41.4782 35.0104
10499 -54.099 -243 -32 -67.7635 -40.4345 34.9754
10509 -55.037 -202 -32 -68.8949 -41.1791 34.9404
10519 -53.834 -118 -30 -66.3812 -41.2868 34.9055
10529 -54.189 -120 -32 -66.1929 -42.1851 34.8706
10539 -54.342 -154 -32 -67.4495 -41.2345 34.8357
10549 -54.805 -133 -28 -67.5933 -42.0167 34.8009
10559 -54.145 -121 -32 -66.2787 -42.0113 34.7661
10569 -53.833 -106 -29 -65.7955 -41.8705 34.7313
10579 -54.159 -117 -32 -66.551 -41.767 34.6966
10589 -53.621 -110 -32 -65.7768 -41.4652 34.6619
10599 -54.433 -167 -31 -67.0641 -41.8019 34.6272
10609 -54.265 -119 -26 -66.7267 -41.8033 34.5926
10619 -54.328 -135 -32 -67.2479 -41.4081 34.558
10629 -54.536 -121 -32 -67.3422 -41.7298 34.5234
10639 -54.272 -163 -32 -67.7831 -40.7609 34.4889
10649 -53.751 -102 -31 -65.5272 -41.9748 34.4544
10659 -54.267 -174 -32 -68.249 -40.285 34.42
10669 -53.324 -117 -32 -65.0358 -41.6122 34.3855
10679 -54.824 -128 -32 -67.6907 -41.9573 34.3512
10689 -53.757 -124 -33 -66.0243 -41.4897 34.3168
10699 -53.805 -101 -19 -66.3902 -41.2198 34.2825
10709 -54.855 -99 -23 -67.1039 -42.6061 34.2482
10719 -53.822 -109 -25 -66.1309 -41.5131 34.214
10729 -54.526 -137 -32 -67.4824 -41.5696 34.1797
10739 -54.033 -136 -32 -66.6224 -41.4436 34.1456
10749 -54.594 -215 -32 -68.9407 -40.2473 34.1114
10759 -54.472 -125 -25 -66.9945 -41.9495 34.0773
10769 -54.366 -103 -32 -67.1138 -41.6182 34.0432
10779 -53.766 -162 -32 -66.4295 -41.1025 34.0092
10789 -54.004 -132 -28 -66.6447 -41.3633 33.9752
10799 -53.954 -232 -29 -68.0593 -39.8487 33.9412
10809 -53.531 -143 -32 -66.6128 -40.4492 33.9073
10819 -53.855 -110 -32 -65.721 -41.989 33.8734
10829 -53.765 -99 -32 -65.6483 -41.8817 33.8395
10839 -54.268 -121 -29 -66.7831 -41.7529 33.8056
10849 -53.793 -130 -32 -65.9953 -41.5907 33.7718
10859 -54.259 -153 -28 -67.0589 -41.4591 33.7381
10869 -54.206 -327 -32 -69.3734 -39.0386 33.7043
10879 -54.173 -124 -21 -67.1057 -41.2403 33.6706
10889 -53.666 -135 -32 -66.5672 -40.7648 33.637
10899 -54.159 -137 -32 -66.6944 -41.6236 33.6033
10909 -53.524 -107 -28 -65.8216 -41.2264 33.5697
10919 -54.117 -139 -29 -67.481 -40.753 33.5361
10929 -53.896 -115 -32 -66.4132 -41.3788 33.5026
10939 -54.039 -101 -30 -65.9409 -42.1371 33.4691
10949 -53.597 -118 -25 -65.7623 -41.4317 33.4356
10959 -54.166 -105 -30 -66.3773 -41.9547 33.4022
10969 -53.965 -137 -32 -66.7594 -41.1706 33.3688
10979 -54.135 -107 -28 -66.4434 -41.8266 33.3354
10989 -53.242 -108 -30 -65.6289 -40.8551 33.3021
10999 -53.67 -124 -32 -65.8413 -41.4987 33.2688
11009 -53.624 -139 -32 -65.2269 -42.0211 33.2355
11019 -53.873 -108 -28 -66.4775 -41.2685 33.2023
11029 -53.766 -123 -29 -66.4413 -41.0907 33.1691
11039 -53.967 -121 -28 -66.4545 -41.4795 33.1359
11049 -54.667 -214 -32 -68.0473 -41.2867 33.1028
11059 -53.082 -137 -29 -65.2799 -40.8841 33.0697
11069 -53.804 -127 -32 -66.6475 -40.9605 33.0366
11079 -53.764 -114 -32 -66.1233 -41.4047 33.0036
11089 -53.987 -120 -32 -66.0021 -41.9719 32.9706
11099 -53.242 -154 -32 -66.0439 -40.4401 32.9376
11109 -53.258 -102 -32 -65.0673 -41.4487 32.9047
11119 -52.34 -103 -30 -63.8161 -40.8639 32.8718
11129 -53.163 -137 -30 -65.0423 -41.2837 32.8389
11139 -54.238 -152 -32 -67.1488 -41.3272 32.806
11149 -53.594 -113 -32 -65.9441 -41.2439 32.7732
11159 -53.499 -129 -32 -65.7061 -41.2919 32.7405
11169 -54.015 -103 -32 -66.2121 -41.8179 32.7077
11179 -53.622 -262 -32 -67.5417 -39.7023 32.675
11189 -53.911 -114 -32 -66.2071 -41.6149 32.6423
11199 -53.059 -140 -32 -65.1798 -40.9382 32.6097
11209 -53.735 -104 -32 -65.8432 -41.6268 32.5771
11219 -54.07 -180 -32 -67.2884 -40.8516 32.5445
11229 -53.8 -403 -32 -70.0152 -37.5848 32.512
11239 -53.068 -118 -32 -65.2097 -40.9263 32.4795
11249 -53.74 -153 -32 -66.0311 -41.4489 32.447
11259 -53.905 -110 -32 -65.8779 -41.9321 32.4145
11269 -53.018 -168 -32 -64.6434 -41.3926 32.3821
11279 -53.186 -125 -32 -65.2099 -41.1621 32.3497
11289 -53.739 -127 -32 -66.0129 -41.4651 32.3174
11299 -53.67 -301 -21 -68.9535 -38.3865 32.2851
11309 -53.875 -104 -29 -66.0194 -41.7306 32.2528
11319 -53.229 -134 -32 -65.482 -40.976 32.2205
11329 -53.506 -103 -32 -65.3547 -41.6573 32.1883
11339 -53.968 -197 -28 -67.7127 -40.2233 32.1561
11349 -53.303 -152 -32 -64.9457 -41.6603 32.124
11359 -53.525 -115 -32 -65.6961 -41.3539 32.0918
11369 -54.233 -114 -31 -66.3066 -42.1594 32.0597
11379 -53.334 -147 -31 -65.6606 -41.0074 32.0277
11389 -53.626 -248 -32 -66.8507 -40.4013 31.9957
11399 -52.872 -139 -29 -64.8048 -40.9392 31.9637
11409 -53.321 -167 -34 -65.5381 -41.1039 31.9317
11419 -52.922 -149 -32 -64.5816 -41.2624 31.8998
11429 -53.729 -178 -32 -66.8655 -40.5925 31.8679
11439 -52.676 -104 -32 -64.2297 -41.1223 31.836
11449 -53.39 -116 -32 -64.9911 -41.7889 31.8042
11459 -53.659 -255 -30 -68.3312 -38.9868 31.7724
11469 -53.245 -222 -32 -66.6816 -39.8084 31.7406
11479 -53.293 -137 -32 -65.7713 -40.8147 31.7088
11489 -52.909 -103 -32 -64.5269 -41.2911 31.6771
11499 -53.404 -122 -29 -65.9175 -40.8905 31.6455
11509 -53.734 -238 -32 -66.8753 -40.5927 31.6138
11519 -53.415 -268 -32 -67.8003 -39.0297 31.5822
11529 -53.239 -109 -32 -64.8555 -41.6225 31.5506
11539 -53.474 -161 -32 -66.0933 -40.8547 31.5191
11549 -52.849 -222 -27 -65.4555 -40.2425 31.4876
11559 -53.459 -114 -32 -65.3955 -41.5225 31.4561
11569 -53.184 -112 -32 -65.0099 -41.3581 31.4246
11579 -52.618 -100 -32 -64.0554 -41.1806 31.3932
11589 -53.329 -137 -32 -65.3423 -41.3157 31.3618
11599 -53.836 -139 -32 -66.1531 -41.5189 31.3304
11609 -53.257 -153 -32 -65.5473 -40.9667 31.2991
11619 -53.323 -116 -32 -65.5269 -41.1191 31.2678
11629 -52.781 -107 -33 -64.5705 -40.9915 31.2365
11639 -52.613 -105 -29 -63.9926 -41.2334 31.2053
11649 -52.781 -112 -31 -64.6246 -40.9374 31.1741
11659 -53.034 -135 -32 -65.3937 -40.6743 31.1429
11669 -53.38 -263 -32 -66.9851 -39.7749 31.1118
11679 -53.198 -110 -32 -65.2793 -41.1167 31.0807
11689 -53.191 -108 -32 -64.2724 -42.1096 31.0496
11699 -53.972 -99 -32 -66.2519 -41.6921 31.0185
11709 -53.005 -117 -29 -64.7498 -41.2602 30.9875
11719 -52.54 -120 -32 -64.3872 -40.6928 30.9565
11729 -52.971 -103 -32 -64.3862 -41.5558 30.9256
11739 -52.594 -101 -32 -63.7786 -41.4094 30.8946
11749 -52.26 -104 -29 -64.283 -40.237 30.8637
11759 -53.338 -143 -32 -65.5419 -41.1341 30.8329
11769 -52.78 -143 -32 -64.7572 -40.8028 30.8021
11779 -52.151 -96 -32 -63.3016 -41.0004 30.7712
11789 -53.236 -101 -28 -65.0892 -41.3828 30.7405
11799 -52.393 -97 -32 -63.9807 -40.8053 30.7097
11809 -52.801 -103 -28 -64.3699 -41.2321 30.679
11819 -52.862 -145 -32 -64.9664 -40.7576 30.6483
11829 -53.231 -100 -32 -64.2349 -42.2271 30.6177
11839 -52.594 -105 -32 -64.3358 -40.8522 30.5871
11849 -52.709 -124 -32 -64.5151 -40.9029 30.5565
11859 -52.479 -108 -32 -63.8813 -41.0767 30.5259
11869 -52.285 -103 -32 -63.4882 -41.0818 30.4954
11879 -52.886 -104 -25 -64.7602 -41.0118 30.4649
11889 -52.664 -125 -32 -64.539 -40.789 30.4345
11899 -52.285 -200 -32 -64.87 -39.7 30.404
11909 -53.339 -107 -32 -65.471 -41.207 30.3736
11919 -52.186 -88 -32 -62.9416 -41.4304 30.3432
11929 -52.862 -113 -32 -64.8346 -40.8894 30.3129
11939 -52.698 -185 -30 -65.1135 -40.2825 30.2826
11949 -51.986 -98 -29 -63.5791 -40.3929 30.2523
11959 -52.769 -108 -32 -64.5101 -41.0279 30.222
11969 -52.642 -99 -32 -63.8086 -41.4754 30.1918
11979 -51.911 -163 -32 -63.5806 -40.2414 30.1616
11989 -52.969 -139 -32 -65.1137 -40.8243 30.1315
11999 -52.442 -112 -32 -64.0256 -40.8584 30.1013
12009 -52.66 -263 -29 -65.6546 -39.6654 30.0712
12019 -53.116 -159 -32 -65.3392 -40.8928 30.0412
12029 -52.991 -159 -32 -65.2722 -40.7098 30.0111
12039 -52.366 -112 -32 -64.1066 -40.6254 29.9811
12049 -52.792 -111 -32 -64.5334 -41.0506 29.9511
12059 -52.432 -103 -32 -64.0053 -40.8587 29.9212
12069 -52.847 -97 -32 -63.9288 -41.7652 29.8913
12079 -52.637 -108 -32 -64.0804 -41.1936 29.8614
12089 -52.434 -114 -29 -64.0467 -40.8213 29.8315
12099 -52.87 -177 -32 -64.7913 -40.9487 29.8017
12109 -51.883 -118 -32 -63.3718 -40.3942 29.7719
12119 -51.78 -99 -32 -62.5155 -41.0445 29.7421
12129 -53.376 -122 -32 -65.4724 -41.2796 29.7124
12139 -52.587 -193 -32 -65.3027 -39.8713 29.6827
12149 -52.37 -104 -32 -64.1395 -40.6005 29.653
12159 -52.317 -140 -32 -64.4222 -40.2118 29.6233
12169 -52.079 -102 -32 -64.0068 -40.1512 29.5937
12179 -52.669 -116 -32 -64.6816 -40.6564 29.5641
12189 -52.478 -112 -32 -63.7171 -41.2389 29.5345
12199 -52.717 -124 -32 -64.1937 -41.2403 29.505
12209 -52.103 -153 -32 -63.2774 -40.9286 29.4755
12219 -52.37 -149 -32 -64.1747 -40.5653 29.446
12229 -52.151 -119 -32 -63.5316 -40.7704 29.4166
12239 -51.812 -119 -32 -63.4086 -40.2154 29.3872
12249 -52.126 -94 -32 -63.2937 -40.9583 29.3578
12259 -52.373 -98 -32 -63.7552 -40.9908 29.3284
12269 -52.82 -417 -32 -69.1658 -36.4742 29.2991
12279 -52.34 -104 -32 -63.8446 -40.8354 29.2698
12289 -52.815 -120 -32 -64.7004 -40.9296 29.2405
12299 -52.736 -99 -32 -64.1068 -41.3652 29.2113
12309 -52.8 -104 -32 -64.6379 -40.9621 29.1821
12319 -52.538 -115 -32 -63.4829 -41.5931 29.1529
12329 -51.816 -138 -30 -62.9672 -40.6648 29.1237
12339 -52.68 -129 -32 -64.344 -41.016 29.0946
12349 -52.755 -102 -32 -63.9724 -41.5376 29.0655
12359 -51.421 -133 -27 -62.3376 -40.5044 29.0364
12369 -52.363 -105 -32 -63.5547 -41.1713 29.0074
12379 -52.509 -262 -32 -65.6167 -39.4013 28.9784
12389 -51.739 -106 -32 -63.1024 -40.3756 28.9494
12399 -52.229 -108 -32 -63.3459 -41.1121 28.9205
12409 -52.328 -179 -32 -64.2649 -40.3911 28.8916
12419 -52.042 -110 -32 -62.8468 -41.2372 28.8627
12429 -52.012 -204 -29 -63.9763 -40.0477 28.8338
12439 -51.68 -114 -32 -62.9179 -40.4421 28.805
12449 -52.177 -98 -32 -62.6762 -41.6778 28.7762
12459 -53.046 -108 -32 -64.6038 -41.4882 28.7474
12469 -51.654 -103 -32 -62.688 -40.62 28.7186
12479 -51.59 -104 -32 -62.2414 -40.9386 28.6899
12489 -52.479 -211 -29 -64.5175 -40.4405 28.6612
12499 -52.29 -94 -32 -62.8975 -41.6825 28.6326
12509 -52.441 -95 -32 -63.5742 -41.3078 28.6039
12519 -52.364 -98 -32 -63.3713 -41.3567 28.5753
12529 -52.41 -192 -21 -64.1262 -40.6938 28.5468
12539 -52.358 -99 -32 -63.6168 -41.0992 28.5182
12549 -52.45 -133 -32 -63.2838 -41.6162 28.4897
12559 -52.36 -153 -32 -64.0292 -40.6908 28.4612
12569 -52.189 -145 -32 -63.0702 -41.3078 28.4327
12579 -51.791 -113 -32 -62.7346 -40.8474 28.4043
12589 -52.591 -108 -27 -63.4453 -41.7367 28.3759
12599 -52.644 -113 -28 -63.8378 -41.4502 28.3475
12609 -51.998 -106 -32 -63.0491 -40.9469 28.3192
12619 -52.071 -137 -32 -63.0466 -41.0954 28.2909
12629 -52.808 -193 -32 -65.5235 -40.0925 28.2626
12639 -51.868 -102 -32 -62.9425 -40.7935 28.2343
12649 -52.232 -108 -32 -62.9122 -41.5518 28.2061
12659 -52.368 -104 -32 -64.3083 -40.4277 28.1779
12669 -52.734 -98 -32 -63.8686 -41.5994 28.1497
12679 -52.196 -111 -32 -63.3248 -41.0672 28.1215
12689 -52.35 -190 -23 -64.5369 -40.1631 28.0934
12699 -51.898 -124 -32 -62.8985 -40.8975 28.0653
12709 -52.341 -99 -28 -63.2403 -41.4417 28.0373
12719 -52.944 -106 -32 -64.7711 -41.1169 28.0092
12729 -52.39 -107 -32 -63.6601 -41.1199 27.9812
12739 -52.306 -190 -32 -64.3902 -40.2218 27.9532
12749 -52.165 -98 -32 -62.9817 -41.3483 27.9253
12759 -51.74 -167 -32 -63.1504 -40.3296 27.8974
12769 -51.828 -162 -32 -63.3131 -40.3429 27.8695
12779 -51.717 -93 -32 -62.3392 -41.0948 27.8416
12789 -52.341 -95 -28 -63.3347 -41.3473 27.8137
12799 -52.022 -98 -32 -62.6498 -41.3942 27.7859
12809 -52.168 -122 -32 -63.1835 -41.1525 27.7581
12819 -52.174 -155 -32 -63.5604 -40.7876 27.7304
12829 -51.582 -117 -32 -62.7264 -40.4376 27.7027
12839 -51.895 -105 -32 -62.8123 -40.9777 27.675
12849 -51.781 -139 -32 -62.7725 -40.7895 27.6473
12859 -52.435 -99 -32 -63.5378 -41.3322 27.6196
12869 -51.399 -100 -32 -61.6823 -41.1157 27.592
12879 -51.384 -96 -30 -61.8553 -40.9127 27.5644
12889 -51.858 -167 -32 -63.3161 -40.3999 27.5369
12899 -52.439 -97 -32 -63.1775 -41.7005 27.5093
12909 -52.094 -127 -32 -63.034 -41.154 27.4818
12919 -51.856 -97 -32 -62.745 -40.967 27.4543
12929 -52.399 -93 -32 -63.4775 -41.3205 27.4269
12939 -51.877 -171 -32 -62.9789 -40.7751 27.3994
12949 -51.65 -104 -32 -62.2318 -41.0682 27.372
12959 -51.247 -93 -32 -61.5285 -40.9655 27.3447
12969 -52.262 -92 -32 -62.9952 -41.5288 27.3173
12979 -52.388 -114 -32 -63.539 -41.237 27.29
12989 -52.306 -148 -32 -63.4548 -41.1572 27.2627
12999 -52.504 -94 -32 -63.3449 -41.6631 27.2355
13009 -52.17 -109 -32 -63.1114 -41.2286 27.2082
13019 -51.871 -97 -32 -62.5033 -41.2387 27.181
13029 -52.13 -122 -32 -63.3925 -40.8675 27.1538
13039 -52.25 -141 -30 -63.7957 -40.7043 27.1267
13049 -51.466 -107 -32 -62.2513 -40.6807 27.0996
13059 -52.22 -102 -29 -63.4384 -41.0016 27.0725
13069 -52.055 -110 -32 -63.3123 -40.7977 27.0454
13079 -52.211 -110 -32 -63.5374 -40.8846 27.0183
13089 -51.455 -93 -32 -61.6411 -41.2689 26.9913
13099 -52.018 -252 -32 -65.7376 -38.2984 26.9643
13109 -51.343 -104 -32 -61.5397 -41.1463 26.9374
13119 -51.915 -94 -32 -62.7014 -41.1286 26.9104
13129 -51.749 -148 -32 -62.6143 -40.8837 26.8835
13139 -51.589 -91 -32 -62.3958 -40.7822 26.8566
13149 -52.106 -242 -32 -64.9109 -39.3011 26.8298
13159 -52.058 -114 -32 -63.1941 -40.9219 26.8029
13169 -51.705 -95 -29 -62.3311 -41.0789 26.7761
13179 -52.084 -98 -32 -62.786 -41.382 26.7494
13189 -51.557 -96 -28 -62.2597 -40.8543 26.7226
13199 -51.349 -108 -32 -62.1495 -40.5485 26.6959
13209 -51.458 -104 -32 -62.2677 -40.6483 26.6692
13219 -51.078 -102 -32 -61.7443 -40.4117 26.6425
13229 -51.794 -100 -31 -62.6426 -40.9454 26.6159
13239 -52.168 -130 -32 -62.9651 -41.3709 26.5893
13249 -51.774 -94 -32 -62.8493 -40.6987 26.5627
13259 -51.76 -201 -32 -63.345 -40.175 26.5361
13269 -52.122 -95 -32 -62.8534 -41.3906 26.5096
13279 -51.887 -93 -32 -62.6435 -41.1305 26.4831
13289 -51.622 -108 -32 -62.2736 -40.9704 26.4566
13299 -51.568 -133 -32 -62.2953 -40.8407 26.4301
13309 -52.112 -103 -32 -63.0518 -41.1722 26.4037
13319 -50.904 -102 -32 -60.7915 -41.0165 26.3773
13329 -51.694 -110 -32 -62.2308 -41.1572 26.3509
13339 -51.302 -94 -32 -61.9903 -40.6137 26.3246
13349 -51.502 -143 -32 -62.3275 -40.6765 26.2982
13359 -51.167 -85 -32 -61.3245 -41.0095 26.2719
13369 -51.888 -98 -31 -63.1004 -40.6756 26.2457
13379 -51.616 -98 -32 -61.9473 -41.2847 26.2194
13389 -51.289 -95 -31 -61.3991 -41.1789 26.1932
13399 -51.297 -120 -31 -62.0095 -40.5845 26.167
13409 -52.256 -107 -32 -62.9761 -41.5359 26.1409
13419 -52.064 -103 -32 -62.7771 -41.3509 26.1147
13429 -51.031 -133 -32 -61.7117 -40.3503 26.0886
13439 -52.024 -107 -32 -62.9524 -41.0956 26.0625
13449 -51.683 -102 -32 -62.3672 -40.9988 26.0364
13459 -51.647 -109 -32 -62.444 -40.85 26.0104
13469 -51.667 -99 -32 -62.7149 -40.6191 25.9844
13479 -51.769 -99 -32 -62.3416 -41.1964 25.9584
13489 -50.813 -103 -32 -61.404 -40.222 25.9325
13499 -51.362 -103 -32 -61.7526 -40.9714 25.9065
13509 -50.682 -98 -32 -60.8465 -40.5175 25.8806
13519 -51.981 -206 -32 -63.6278 -40.3342 25.8547
13529 -51.317 -104 -32 -61.6813 -40.9527 25.8289
13539 -50.831 -98 -32 -61.0536 -40.6084 25.8031
13549 -51.316 -108 -32 -61.821 -40.811 25.7772
13559 -51.613 -97 -32 -62.4029 -40.8231 25.7515
13569 -50.943 -93 -32 -61.0276 -40.8584 25.7257
13579 -51.475 -109 -32 -62.0839 -40.8661 25.7
13589 -50.988 -99 -32 -61.221 -40.755 25.6743
13599 -51.533 -92 -32 -62.0623 -41.0037 25.6486
13609 -50.967 -102 -32 -61.2659 -40.6681 25.623
13619 -51.502 -114 -29 -62.1649 -40.8391 25.5973
13629 -51.294 -108 -32 -61.5333 -41.0547 25.5718
13639 -51.696 -109 -32 -62.1444 -41.2476 25.5462
13649 -51.476 -90 -32 -61.8168 -41.1352 25.5206
13659 -51.853 -93 -32 -62.6129 -41.0931 25.4951
13669 -50.883 -99 -32 -61.0893 -40.6767 25.4696
13679 -51.271 -114 -32 -61.9811 -40.5609 25.4441
13689 -50.887 -98 -25 -61.1562 -40.6178 25.4187
13699 -51.594 -99 -30 -62.3077 -40.8803 25.3933
13709 -51.77 -153 -32 -63.0109 -40.5291 25.3679
13719 -50.993 -178 -29 -61.9349 -40.0511 25.3425
13729 -51.418 -96 -32 -62.2214 -40.6146 25.3172
13739 -51.145 -88 -32 -61.3496 -40.9404 25.2919
13749 -51.767 -97 -32 -62.3581 -41.1759 25.2666
13759 -51.353 -92 -32 -61.7473 -40.9587 25.2413
13769 -50.559 -93 -32 -60.577 -40.541 25.2161
13779 -51.502 -222 -32 -63.3601 -39.6439 25.1908
13789 -51.372 -270 -32 -63.5867 -39.1573 25.1657
13799 -51.144 -106 -32 -61.6474 -40.6406 25.1405
13809 -51.166 -108 -31 -61.8161 -40.5159 25.1154
13819 -51.101 -143 -32 -61.7801 -40.4219 25.0902
13829 -51.976 -110 -32 -63.2435 -40.7085 25.0651
13839 -51.544 -103 -32 -62.1827 -40.9053 25.0401
13849 -52.25 -298 -28 -65.7575 -38.7425 25.015
13859 -50.866 -99 -32 -61.1911 -40.5409 24.99
13869 -51.238 -98 -32 -61.5835 -40.8925 24.965
13879 -51.365 -107 -32 -61.8173 -40.9127 24.9401
13889 -51.033 -98 -28 -61.2548 -40.8112 24.9151
13899 -51.001 -126 -32 -61.0157 -40.9863 24.8902
13909 -50.895 -92 -32 -60.9995 -40.7905 24.8653
13919 -51.134 -97 -32 -61.6717 -40.5963 24.8405
13929 -51.418 -98 -28 -61.5384 -41.2976 24.8156
13939 -51.049 -99 -32 -61.4116 -40.6864 24.7908
13949 -51.73 -107 -32 -62.3895 -41.0705 24.766
13959 -50.926 -92 -32 -61.1155 -40.7365 24.7412
13969 -50.789 -97 -32 -60.9666 -40.6114 24.7165
13979 -51.474 -92 -32 -61.2741 -41.6739 24.6918
13989 -50.92 -108 -32 -61.3005 -40.5395 24.6671
13999 -51.273 -135 -32 -61.9261 -40.6199 24.6424
14009 -51.187 -128 -32 -61.5207 -40.8533 24.6178
14019 -50.967 -93 -32 -61.415 -40.519 24.5932
14029 -51.349 -102 -32 -62.0478 -40.6502 24.5686
14039 -50.731 -99 -32 -60.5756 -40.8864 24.544
14049 -51.014 -118 -32 -61.2003 -40.8277 24.5195
14059 -50.771 -108 -32 -61.2402 -40.3018 24.4949
14069 -51.213 -217 -32 -62.4433 -39.9827 24.4704
14079 -51.181 -93 -32 -61.1394 -41.2226 24.446
14089 -51.114 -102 -32 -61.2285 -40.9995 24.4215
14099 -51.219 -96 -32 -61.4478 -40.9902 24.3971
14109 -50.791 -188 -32 -61.7365 -39.8455 24.3727
14119 -50.771 -114 -32 -60.8967 -40.6453 24.3483
14129 -51.579 -105 -32 -62.1732 -40.9848 24.324
14139 -51.179 -152 -32 -62.259 -40.099 24.2997
14149 -50.859 -156 -32 -61.2353 -40.4827 24.2754
14159 -51.045 -104 -28 -61.0899 -41.0001 24.2511
14169 -51.586 -105 -32 -61.8847 -41.2873 24.2268
14179 -51.13 -103 -32 -62.0941 -40.1659 24.2026
14189 -50.547 -92 -32 -60.5702 -40.5238 24.1784
14199 -51.32 -96 -32 -61.961 -40.679 24.1542
14209 -51.132 -94 -32 -61.4912 -40.7728 24.1301
14219 -51.169 -159 -26 -62.2078 -40.1302 24.106
14229 -51.705 -230 -32 -63.7149 -39.6951 24.0818
14239 -51.077 -113 -32 -61.6504 -40.5036 24.0578
14249 -51.405 -100 -32 -61.6607 -41.1493 24.0337
14259 -51.143 -135 -32 -62.0012 -40.2848 24.0097
14269 -50.909 -97 -32 -61.1336 -40.6844 23.9857
14279 -50.773 -98 -32 -60.8719 -40.6741 23.9617
14289 -51.251 -98 -32 -61.5165 -40.9855 23.9377
14299 -51.233 -278 -32 -63.9831 -38.4829 23.9138
14309 -50.737 -90 -32 -60.7696 -40.7044 23.8899
14319 -50.804 -122 -32 -60.9044 -40.7036 23.866
14329 -51.116 -115 -32 -61.5483 -40.6837 23.8421
14339 -50.516 -102 -31 -60.3781 -40.6539 23.8183
14349 -50.701 -93 -32 -60.7644 -40.6376 23.7944
14359 -50.719 -98 -32 -60.4591 -40.9789 23.7707
14369 -50.741 -91 -32 -60.7201 -40.7619 23.7469
14379 -50.905 -122 -29 -60.9613 -40.8487 23.7231
14389 -50.399 -90 -32 -60.5208 -40.2772 23.6994
14399 -51.501 -92 -32 -61.5332 -41.4688 23.6757
14409 -50.169 -115 -32 -60.3377 -40.0003 23.652
14419 -50.742 -126 -30 -61.5745 -39.9095 23.6284
14429 -51.156 -98 -32 -61.4023 -40.9097 23.6048
14439 -51.128 -98 -32 -61.6294 -40.6266 23.5812
14449 -50.919 -99 -32 -60.9008 -40.9372 23.5576
14459 -51.082 -102 -32 -61.3037 -40.8603 23.534
14469 -50.418 -98 -32 -60.3899 -40.4461 23.5105
14479 -50.696 -99 -32 -60.8782 -40.5138 23.487
14489 -50.34 -103 -32 -60.549 -40.131 23.4635
14499 -50.52 -226 -32 -61.7726 -39.2674 23.44
14509 -50.238 -93 -32 -59.8715 -40.6045 23.4166
14519 -50.595 -98 -32 -61.1541 -40.0359 23.3932
14529 -51.093 -94 -32 -61.3744 -40.8116 23.3698
14539 -50.199 -93 -31 -59.6577 -40.7403 23.3464
14549 -50.465 -93 -32 -60.4255 -40.5045 23.3231
14559 -51.736 -149 -32 -62.9979 -40.4741 23.2997
14569 -50.762 -92 -32 -60.958 -40.566 23.2764
14579 -50.394 -88 -32 -60.1486 -40.6394 23.2532
14589 -50.442 -97 -32 -60.5825 -40.3015 23.2299
14599 -50.581 -168 -32 -61.3014 -39.8606 23.2067
14609 -50.939 -99 -32 -60.8157 -41.0623 23.1835
14619 -50.694 -128 -32 -60.6893 -40.6987 23.1603
14629 -51.404 -178 -32 -62.4271 -40.3809 23.1371
14639 -51.191 -98 -32 -61.6112 -40.7708 23.114
14649 -51.124 -93 -32 -61.4347 -40.8133 23.0909
14659 -51.023 -95 -32 -61.1892 -40.8568 23.0678
14669 -51.191 -103 -32 -61.1732 -41.2088 23.0447
14679 -51.065 -137 -32 -61.7625 -40.3675 23.0217
14689 -50.402 -97 -32 -60.0545 -40.7495 22.9986
14699 -50.316 -147 -32 -60.5169 -40.1151 22.9756
14709 -50.548 -94 -32 -60.2744 -40.8216 22.9527
14719 -50.651 -88 -30 -60.601 -40.701 22.9297
14729 -50.407 -92 -32 -60.3138 -40.5002 22.9068
14739 -50.271 -92 -32 -59.8121 -40.7299 22.8839
14749 -50.856 -112 -32 -60.7261 -40.9859 22.861
14759 -50.446 -112 -32 -60.261 -40.631 22.8381
14769 -50.606 -128 -30 -61.2201 -39.9919 22.8153
14779 -50.851 -109 -28 -60.8068 -40.8952 22.7925
14789 -50.429 -84 -32 -60.4086 -40.4494 22.7697
14799 -50.132 -209 -32 -61.4392 -38.8248 22.7469
14809 -50.584 -97 -32 -60.2914 -40.8766 22.7242
14819 -50.532 -97 -32 -60.3876 -40.6764 22.7014
14829 -50.769 -103 -32 -61.0206 -40.5174 22.6787
14839 -50.134 -93 -32 -60.0424 -40.2256 22.6561
14849 -50.765 -92 -32 -60.6563 -40.8737 22.6334
14859 -50.638 -122 -32 -60.6108 -40.6652 22.6108
14869 -50.307 -94 -32 -60.0492 -40.5648 22.5882
14879 -50.568 -102 -32 -60.7545 -40.3815 22.5656
14889 -50.236 -94 -32 -60.3577 -40.1143 22.543
14899 -50.254 -87 -32 -59.8437 -40.6643 22.5205
14909 -50.624 -102 -32 -60.6376 -40.6104 22.4979
14919 -50.057 -105 -29 -60.021 -40.093 22.4755
14929 -50.659 -99 -32 -60.4296 -40.8884 22.453
14939 -50.566 -93 -29 -60.5943 -40.5377 22.4305
14949 -49.999 -102 -32 -59.3007 -40.6973 22.4081
14959 -50.959 -89 -32 -60.8707 -41.0473 22.3857
14969 -50.372 -103 -32 -60.5212 -40.2228 22.3633
14979 -50.553 -109 -28 -60.411 -40.695 22.3409
14989 -50.913 -104 -32 -61.2525 -40.5735 22.3186
14999 -50.114 -92 -32 -59.5319 -40.6961 22.2963
15009 -50.687 -99 -32 -60.2629 -41.1111 22.274
15019 -50.19 -85 -32 -60.0865 -40.2935 22.2517
15029 -50.583 -94 -32 -60.4665 -40.6995 22.2295
15039 -50.615 -88 -32 -60.2383 -40.9917 22.2072
15049 -50.347 -98 -31 -60.5514 -40.1426 22.185
15059 -50.838 -97 -32 -60.6707 -41.0053 22.1628
15069 -50.231 -117 -32 -60.5103 -39.9517 22.1407
15079 -50.397 -97 -32 -60.1054 -40.6886 22.1185
15089 -50.448 -91 -32 -60.226 -40.67 22.0964
15099 -50.604 -87 -28 -60.6746 -40.5334 22.0743
15109 -49.915 -86 -32 -59.8067 -40.0233 22.0522
15119 -50.681 -182 -32 -61.5935 -39.7685 22.0302
15129 -50.506 -99 -32 -60.0058 -41.0062 22.0082
15139 -50.283 -94 -32 -60.3218 -40.2442 21.9861
15149 -49.785 -88 -32 -59.2779 -40.2921 21.9642
15159 -50.121 -98 -30 -60.0642 -40.1778 21.9422
15169 -49.76 -97 -32 -59.1072 -40.4128 21.9203
15179 -50.461 -87 -32 -59.9569 -40.9651 21.8983
15189 -50.055 -98 -32 -59.5838 -40.5262 21.8764
15199 -49.913 -92 -32 -59.3261 -40.4999 21.8546
15209 -49.872 -100 -32 -59.6037 -40.1403 21.8327
15219 -50.538 -94 -32 -60.6918 -40.3842 21.8109
15229 -50.308 -112 -32 -60.0917 -40.5243 21.7891
15239 -50.162 -93 -32 -60.0668 -40.2572 21.7673
15249 -50.448 -102 -32 -60.139 -40.757 21.7455
15259 -50.476 -103 -32 -60.2063 -40.7457 21.7238
15269 -49.814 -87 -32 -59.1538 -40.4742 21.702
15279 -50.605 -90 -32 -60.5991 -40.6109 21.6803
15289 -49.726 -97 -32 -59.4811 -39.9709 21.6587
15299 -50.654 -89 -32 -60.1534 -41.1546 21.637
15309 -50.036 -98 -32 -59.5937 -40.4783 21.6154
15319 -50.378 -93 -32 -59.9333 -40.8227 21.5937
15329 -50.244 -122 -32 -60.0712 -40.4168 21.5722
15339 -50.361 -99 -28 -60.3382 -40.3838 21.5506
15349 -50.147 -88 -32 -59.8603 -40.4337 21.529
15359 -49.566 -88 -32 -58.6175 -40.5145 21.5075
15369 -50.22 -88 -32 -59.6362 -40.8038 21.486
15379 -50.442 -95 -30 -60.3829 -40.5011 21.4645
15389 -50.459 -95 -32 -60.0414 -40.8766 21.443
15399 -50.48 -348 -32 -63.9296 -37.0304 21.4216
15409 -50.582 -159 -32 -61.0797 -40.0843 21.4002
15419 -49.975 -89 -32 -59.593 -40.357 21.3788
15429 -50.244 -104 -32 -59.7782 -40.7098 21.3574
15439 -50.623 -103 -32 -60.442 -40.804 21.336
15449 -49.472 -99 -32 -59.2069 -39.7371 21.3147
15459 -50.522 -91 -23 -60.3671 -40.6769 21.2934
15469 -50.294 -91 -32 -59.9123 -40.6757 21.2721
15479 -50.153 -233 -32 -61.7886 -38.5174 21.2508
15489 -50.253 -147 -32 -60.6908 -39.8152 21.2296
15499 -49.923 -95 -32 -59.8888 -39.9572 21.2083
15509 -49.778 -91 -32 -59.1855 -40.3705 21.1871
15519 -50.204 -92 -29 -59.686 -40.722 21.1659
15529 -50.636 -98 -32 -60.753 -40.519 21.1448
15539 -49.881 -93 -32 -60.0195 -39.7425 21.1236
15549 -50.051 -109 -32 -59.8901 -40.2119 21.1025
15559 -51.158 -253 -32 -63.3006 -39.0154 21.0814
15569 -50.095 -103 -32 -60.1368 -40.0532 21.0603
15579 -50.481 -108 -32 -60.7687 -40.1933 21.0393
15589 -49.934 -94 -32 -60.0611 -39.8069 21.0182
15599 -49.843 -98 -32 -58.7794 -40.9066 20.9972
15609 -50.323 -96 -32 -60.1967 -40.4493 20.9762
15619 -49.962 -93 -32 -59.4213 -40.5027 20.9552
15629 -50.018 -92 -32 -59.7238 -40.3122 20.9343
15639 -50.044 -92 -32 -59.678 -40.41 20.9133
15649 -49.686 -235 -32 -60.5539 -38.8181 20.8924
15659 -49.573 -92 -32 -59.2356 -39.9104 20.8715
15669 -49.517 -100 -32 -58.9423 -40.0917 20.8507
15679 -49.954 -90 -32 -59.3813 -40.5267 20.8298
15689 -49.989 -103 -31 -59.5016 -40.4764 20.809
15699 -49.889 -98 -32 -59.6485 -40.1295 20.7882
15709 -50.475 -95 -32 -60.2609 -40.6891 20.7674
15719 -50.063 -99 -32 -59.6734 -40.4526 20.7466
15729 -49.619 -84 -32 -59.1798 -40.0582 20.7259
15739 -49.775 -101 -32 -59.324 -40.226 20.7052
15749 -49.893 -95 -32 -59.7364 -40.0496 20.6844
15759 -49.817 -103 -32 -59.2753 -40.3587 20.6638
15769 -49.815 -87 -32 -59.0843 -40.5457 20.6431
15779 -49.998 -98 -32 -59.4903 -40.5057 20.6225
15789 -49.742 -98 -32 -59.289 -40.195 20.6018
15799 -49.794 -85 -32 -59.4492 -40.1388 20.5812
15809 -50.436 -107 -32 -60.4372 -40.4348 20.5607
15819 -49.622 -229 -32 -60.8076 -38.4364 20.5401
15829 -49.36 -87 -32 -58.417 -40.303 20.5196
15839 -49.473 -91 -32 -58.8529 -40.0931 20.499
15849 -50.206 -83 -32 -59.5074 -40.9046 20.4785
15859 -50.071 -84 -32 -59.3588 -40.7832 20.4581
15869 -49.81 -93 -32 -59.2737 -40.3463 20.4376
15879 -50.392 -268 -32 -62.3624 -38.4216 20.4172
15889 -50.051 -92 -32 -59.7076 -40.3944 20.3967
15899 -49.761 -87 -32 -59.1781 -40.3439 20.3763
15909 -49.872 -93 -32 -59.1302 -40.6138 20.356
15919 -50.219 -93 -32 -59.8607 -40.5773 20.3356
15929 -49.866 -91 -32 -59.0291 -40.7029 20.3153
15939 -49.956 -89 -32 -59.5915 -40.3205 20.295
15949 -50.191 -207 -32 -60.9018 -39.4802 20.2747
15959 -49.796 -83 -32 -59.3945 -40.1975 20.2544
15969 -49.83 -143 -32 -59.7143 -39.9457 20.2341
15979 -49.895 -88 -32 -59.7407 -40.0493 20.2139
15989 -49.897 -92 -32 -58.8112 -40.9828 20.1937
15999 -49.474 -86 -32 -58.7385 -40.2095 20.1735
16009 -49.703 -88 -32 -59.3033 -40.1027 20.1533
16019 -50.223 -99 -32 -59.5863 -40.8597 20.1332
16029 -49.763 -86 -32 -59.006 -40.52 20.113
16039 -49.043 -99 -28 -58.197 -39.889 20.0929
16049 -49.53 -88 -32 -58.6315 -40.4285 20.0728
16059 -49.446 -87 -32 -58.7671 -40.1249 20.0528
16069 -50.689 -113 -32 -60.6723 -40.7057 20.0327
16079 -50.647 -92 -32 -59.892 -41.402 20.0127
16089 -49.53 -152 -32 -59.0189 -40.0411 19.9927
16099 -49.546 -89 -32 -59.3632 -39.7288 19.9727
16109 -49.774 -98 -32 -59.4039 -40.1441 19.9527
16119 -49.188 -99 -32 -58.5203 -39.8557 19.9327
16129 -49.763 -143 -32 -59.2084 -40.3176 19.9128
16139 -50.3 -87 -32 -59.8184 -40.7816 19.8929
16149 -49.323 -92 -32 -58.6661 -39.9799 19.873
16159 -49.642 -89 -32 -58.9897 -40.2943 19.8531
16169 -49.96 -87 -32 -59.6073 -40.3127 19.8333
16179 -49.81 -87 -32 -59.0315 -40.5885 19.8134
16189 -49.643 -97 -32 -58.7901 -40.4959 19.7936
16199 -49.827 -88 -30 -59.5213 -40.1327 19.7738
16209 -49.795 -101 -32 -59.4748 -40.1152 19.7541
16219 -49.44 -82 -32 -58.5857 -40.2943 19.7343
16229 -49.448 -104 -25 -58.7115 -40.1845 19.7146
16239 -49.717 -101 -32 -58.8048 -40.6292 19.6949
16249 -49.25 -97 -32 -58.1669 -40.3331 19.6752
16259 -49.468 -88 -32 -58.5481 -40.3879 19.6555
16269 -49.715 -105 -32 -59.0755 -40.3545 19.6358
16279 -49.863 -108 -32 -59.5863 -40.1397 19.6162
16289 -49.622 -89 -32 -59.0904 -40.1536 19.5966
16299 -49.59 -98 -32 -58.791 -40.389 19.577
16309 -49.718 -93 -32 -59.5161 -39.9199 19.5574
16319 -49.317 -92 -32 -58.3276 -40.3064 19.5379
16329 -49.873 -92 -32 -59.3339 -40.4121 19.5183
16339 -49.618 -142 -32 -59.415 -39.821 19.4988
16349 -49.396 -97 -32 -58.6088 -40.1832 19.4793
16359 -49.91 -108 -32 -59.6137 -40.2063 19.4598
16369 -50.116 -93 -32 -59.6951 -40.5369 19.4404
16379 -49.932 -89 -32 -59.0049 -40.8591 19.4209
16389 -50.117 -224 -32 -60.6426 -39.5914 19.4015
16399 -49.253 -87 -31 -58.3976 -40.1084 19.3821
16409 -49.45 -82 -32 -58.4841 -40.4159 19.3627
16419 -49.774 -92 -32 -59.213 -40.335 19.3433
16429 -49.774 -88 -32 -59.2111 -40.3369 19.324
16439 -49.421 -83 -32 -58.6465 -40.1955 19.3047
16449 -49.635 -103 -32 -59.2426 -40.0274 19.2854
16459 -50.325 -166 -32 -60.3288 -40.3212 19.2661
16469 -49.85 -178 -32 -60.0521 -39.6479 19.2468
16479 -49.496 -84 -32 -58.1943 -40.7977 19.2276
16489 -49.787 -89 -32 -59.4152 -40.1588 19.2084
16499 -49.552 -93 -32 -58.713 -40.391 19.1891
16509 -49.164 -87 -32 -58.2072 -40.1208 19.17
16519 -49.71 -98 -32 -59.1997 -40.2203 19.1508
16529 -49.634 -122 -32 -58.9866 -40.2814 19.1316
16539 -49.547 -91 -32 -58.6257 -40.4683 19.1125
16549 -49.595 -99 -32 -58.8928 -40.2972 19.0934
16559 -49.397 -94 -32 -59.0133 -39.7807 19.0743
16569 -49.639 -87 -32 -58.9773 -40.3007 19.0552
16579 -50.377 -86 -32 -59.8766 -40.8774 19.0362
16589 -49.558 -93 -32 -59.2829 -39.8331 19.0171
16599 -49.512 -83 -32 -58.8625 -40.1615 18.9981
16609 -49.669 -94 -30 -58.8461 -40.4919 18.9791
16619 -49.454 -87 -32 -58.7323 -40.1757 18.9601
16629 -49.42 -88 -32 -58.4543 -40.3857 18.9412
16639 -49.17 -137 -32 -59.1789 -39.1611 18.9222
16649 -49.246 -108 -32 -58.5117 -39.9803 18.9033
16659 -49.621 -229 -32 -60.3798 -38.8622 18.8844
16669 -49.394 -87 -32 -58.3736 -40.4144 18.8655
16679 -49.446 -91 -32 -58.8051 -40.0869 18.8467
16689 -49.238 -92 -32 -58.205 -40.271 18.8278
16699 -49.55 -85 -32 -58.3896 -40.7104 18.809
16709 -49.97 -99 -32 -59.4051 -40.5349 18.7902
16719 -49.403 -88 -32 -58.7231 -40.0829 18.7714
16729 -49.318 -87 -32 -58.2705 -40.3655 18.7526
16739 -49.168 -84 -32 -58.3161 -40.0199 18.7339
16749 -49.058 -210 -32 -59.4305 -38.6855 18.7151
16759 -49.545 -89 -32 -58.6627 -40.4273 18.6964
16769 -49.356 -132 -32 -58.8824 -39.8296 18.6777
16779 -49.154 -104 -32 -58.5498 -39.7582 18.659
16789 -49.803 -118 -32 -59.3505 -40.2555 18.6404
16799 -49.404 -99 -28 -58.9318 -39.8762 18.6217
16809 -49.631 -83 -32 -58.9275 -40.3345 18.6031
16819 -49.459 -89 -32 -58.7432 -40.1748 18.5845
16829 -49.76 -93 -32 -59.3323 -40.1877 18.5659
16839 -49.651 -98 -32 -59.1843 -40.1177 18.5474
16849 -49.49 -88 -32 -58.6042 -40.3758 18.5288
16859 -49.531 -84 -30 -58.7934 -40.2686 18.5103
16869 -49.529 -98 -32 -58.8539 -40.2041 18.4918
16879 -49.73 -82 -32 -58.4497 -41.0103 18.4733
16889 -49.425 -90 -32 -58.6223 -40.2277 18.4548
16899 -49.538 -90 -32 -58.6864 -40.3896 18.4364
16909 -49.501 -92 -32 -58.9688 -40.0332 18.4179
16919 -49.563 -87 -32 -59.2241 -39.9019 18.3995
16929 -49.662 -92 -32 -58.9166 -40.4074 18.3811
16939 -49.625 -87 -32 -58.9682 -40.2818 18.3627
16949 -49.979 -85 -32 -59.4253 -40.5327 18.3444
16959 -49.833 -89 -32 -59.4909 -40.1751 18.326
16969 -49.376 -85 -28 -58.6431 -40.1089 18.3077
16979 -49.508 -83 -32 -58.7283 -40.2877 18.2894
16989 -49.467 -87 -32 -58.6392 -40.2948 18.2711
16999 -49.371 -83 -32 -58.1396 -40.6024 18.2528
17009 -48.899 -93 -32 -57.7676 -40.0304 18.2346
17019 -48.846 -83 -32 -57.715 -39.977 18.2163
17029 -49.289 -88 -32 -58.6487 -39.9293 18.1981
17039 -49.145 -87 -32 -58.1804 -40.1096 18.1799
17049 -49.721 -98 -29 -59.2438 -40.1982 18.1617
17059 -49.232 -84 -32 -58.3137 -40.1503 18.1436
17069 -49.496 -100 -32 -58.8205 -40.1715 18.1254
17079 -49.363 -218 -32 -60.1936 -38.5324 18.1073
17089 -49.84 -189 -32 -60.094 -39.586 18.0892
17099 -49.708 -83 -32 -58.7848 -40.6312 18.0711
17109 -49.266 -86 -32 -58.2068 -40.3252 18.053
17119 -49.258 -93 -32 -58.23 -40.286 18.035
17129 -49.299 -98 -32 -58.7569 -39.8411 18.017
17139 -49.486 -87 -32 -58.2331 -40.7389 17.9989
17149 -49.886 -137 -32 -60.2155 -39.5565 17.9809
17159 -50.312 -232 -32 -64.3059 -36.3181 17.963
17169 -49.693 -172 -32 -61.1979 -38.1881 17.945
17179 -49.916 -242 -32 -63.0363 -36.7957 17.927
17189 -49.757 -143 -30 -59.9282 -39.5858 17.9091
17199 -49.269 -214 -32 -59.9369 -38.6011 17.8912
17209 -49.306 -202 -32 -60.9888 -37.6232 17.8733
17219 -48.464 -136 -32 -58.074 -38.854 17.8554
17229 -49.664 -189 -32 -60.2114 -39.1166 17.8376
17239 -49.585 -169 -32 -59.8067 -39.3633 17.8198
17249 -50.207 -350 -32 -68.3058 -32.1082 17.8019
17259 -50.127 -342 -32 -64.7514 -35.5026 17.7841
17269 -50.044 -361 -32 -64.0908 -35.9972 17.7663
17279 -50.47 -562 -32 -72.8706 -28.0694 17.7486
17289 -49.434 -207 -32 -60.9807 -37.8873 17.7308
17299 -50.527 -383 -31 -69.7841 -31.2699 17.7131
17309 -49.966 -214 -32 -62.4383 -37.4937 17.6954
17319 -49.618 -178 -20 -60.9677 -38.2683 17.6777
17329 -49.841 -230 -32 -62.6564 -37.0256 17.66
17339 -49.142 -222 -32 -60.613 -37.671 17.6424
17349 -50.149 -402 -32 -67.5088 -32.7892 17.6247
17359 -49.667 -165 -32 -60.2467 -39.0873 17.6071
17369 -49.851 -277 -32 -64.7432 -34.9588 17.5895
17379 -49.827 -367 -32 -65.4026 -34.2514 17.5719
17389 -49.448 -227 -32 -60.1754 -38.7206 17.5543
17399 -49.011 -117 -32 -58.229 -39.793 17.5368
17409 -50.533 -381 -32 -65.5289 -35.5371 17.5192
17419 -49.802 -283 -32 -63.4339 -36.1701 17.5017
17429 -50.211 -428 -32 -66.7359 -33.6861 17.4842
17439 -50.171 -419 -32 -66.0565 -34.2855 17.4667
17449 -50.075 -222 -32 -63.2079 -36.9421 17.4493
17459 -49.854 -207 -32 -61.9367 -37.7713 17.4318
17469 -50.097 -328 -32 -65.6311 -34.5629 17.4144
17479 -49.68 -199 -32 -62.8769 -36.4831 17.397
17489 -49.309 -123 -32 -59.6797 -38.9383 17.3796
17499 -49.623 -302 -29 -64.5411 -34.7049 17.3622
17509 -49.745 -268 -30 -62.8838 -36.6062 17.3448
17519 -49.414 -222 -32 -60.1927 -38.6353 17.3275
17529 -49.63 -424 -32 -65.7945 -33.4655 17.3102
17539 -50.268 -344 -32 -69.04 -31.496 17.2928
17549 -49.734 -139 -31 -59.9486 -39.5194 17.2755
17559 -49.787 -270 -32 -63.8849 -35.6891 17.2583
17569 -50.167 -348 -32 -65.9996 -34.3344 17.241
17579 -49.892 -302 -32 -63.5543 -36.2297 17.2238
17589 -49.927 -287 -32 -63.548 -36.306 17.2065
17599 -49.742 -187 -32 -60.7961 -38.6879 17.1893
17609 -50.017 -242 -32 -65.9042 -34.1298 17.1722
17619 -50.244 -384 -32 -65.6573 -34.8307 17.155
17629 -49.693 -262 -32 -62.5405 -36.8455 17.1378
17639 -49.297 -268 -32 -61.8459 -36.7481 17.1207
17649 -50.036 -437 -32 -67.7909 -32.2811 17.1036
17659 -49.938 -162 -32 -61.048 -38.828 17.0865
17669 -50.15 -327 -32 -65.3168 -34.9832 17.0694
17679 -49.197 -137 -32 -59.4645 -38.9295 17.0523
17689 -49.128 -217 -32 -60.3187 -37.9373 17.0353
17699 -50.551 -394 -32 -70.8708 -30.2312 17.0182
17709 -49.393 -307 -32 -63.187 -35.599 17.0012
17719 -49.277 -261 -32 -61.7 -36.854 16.9842
17729 -50.535 -557 -32 -72.4737 -28.5963 16.9672
17739 -50.12 -252 -32 -62.5865 -37.6535 16.9503
17749 -49.759 -430 -32 -65.118 -34.4 16.9333
17759 -49.132 -111 -32 -58.0878 -40.1762 16.9164
17769 -49.511 -251 -32 -62.0032 -37.0188 16.8995
17779 -49.834 -277 -32 -62.8418 -36.8262 16.8826
17789 -49.856 -262 -32 -63.8029 -35.9091 16.8657
17799 -50.369 -577 -32 -74.453 -26.285 16.8488
17809 -49.271 -199 -32 -61.7021 -36.8399 16.832
17819 -49.736 -377 -32 -65.5089 -33.9631 16.8151
17829 -50.005 -329 -32 -65.0263 -34.9837 16.7983
17839 -49.986 -312 -32 -64.681 -35.291 16.7815
17849 -50.352 -435 -32 -72.152 -28.552 16.7647
17859 -49.655 -332 -32 -64.1657 -35.1443 16.748
17869 -49.326 -197 -32 -61.4705 -37.1815 16.7312
17879 -49.452 -194 -32 -60.6995 -38.2045 16.7145
17889 -49.481 -499 -32 -66.4682 -32.4938 16.6978
17899 -49.52 -227 -32 -62.5597 -36.4803 16.6811
17909 -49.226 -297 -32 -61.9916 -36.4604 16.6644
17919 -48.846 -211 -32 -60.0322 -37.6598 16.6477
17929 -49.218 -244 -32 -62.4237 -36.0123 16.6311
17939 -49.354 -172 -32 -59.8537 -38.8543 16.6144
17949 -49.734 -228 -32 -63.6835 -35.7845 16.5978
17959 -49.693 -342 -32 -65.9584 -33.4276 16.5812
17969 -49.839 -227 -32 -62.0798 -37.5982 16.5647
17979 -49.175 -170 -28 -59.7663 -38.5837 16.5481
17989 -49.385 -253 -32 -62.0637 -36.7063 16.5315
17999 -49.335 -187 -32 -60.8426 -37.8274 16.515
18009 -49.097 -108 -32 -58.7124 -39.4816 16.4985
18019 -49.313 -127 -32 -58.7916 -39.8344 16.482
18029 -49.066 -121 -32 -58.4417 -39.6903 16.4655
18039 -49.124 -197 -32 -59.3494 -38.8986 16.449
18049 -50.797 -380 -32 -71.6438 -29.9502 16.4326
18059 -49.419 -141 -32 -59.5459 -39.2921 16.4162
18069 -50.032 -392 -32 -67.4086 -32.6554 16.3997
18079 -49.794 -284 -32 -66.0447 -33.5433 16.3834
18089 -49.352 -234 -32 -63.1541 -35.5499 16.367
18099 -49.591 -209 -32 -61.0026 -38.1794 16.3506
18109 -49.629 -312 -32 -63.5407 -35.7173 16.3342
18119 -49.75 -227 -32 -64.1391 -35.3609 16.3179
18129 -49.493 -217 -32 -63.5446 -35.4414 16.3016
18139 -49.532 -318 -32 -64.7518 -34.3122 16.2853
18149 -49.442 -257 -32 -61.5956 -37.2884 16.269
18159 -49.627 -199 -32 -61.3794 -37.8746 16.2527
18169 -49.772 -334 -32 -63.1278 -36.4162 16.2365
18179 -49.774 -390 -32 -64.7734 -34.7746 16.2203
18189 -49.502 -407 -32 -64.2849 -34.7191 16.204
18199 -49.712 -547 -32 -70.4997 -28.9243 16.1878
18209 -50.309 -452 -32 -68.6827 -31.9353 16.1716
18219 -51.037 -678 -32 -78.5122 -23.5618 16.1555
18229 -49.592 -247 -32 -61.0631 -38.1209 16.1393
18239 -49.214 -183 -32 -59.2341 -39.1939 16.1232
18249 -49.898 -257 -32 -62.1357 -37.6603 16.1071
18259 -49.533 -482 -32 -66.4338 -32.6322 16.0909
18269 -49.341 -207 -32 -61.8085 -36.8735 16.0749
18279 -49.898 -432 -32 -66.827 -32.969 16.0588
18289 -49.281 -197 -32 -60.1843 -38.3777 16.0427
18299 -48.952 -230 -32 -59.8606 -38.0434 16.0267
18309 -49.508 -607 -32 -69.7704 -29.2456 16.0106
18319 -49.003 -298 -32 -61.5661 -36.4399 15.9946
18329 -50.015 -344 -32 -68.9701 -31.0599 15.9786
18339 -49.312 -217 -32 -60.7886 -37.8354 15.9627
18349 -50.648 -368 -32 -69.612 -31.684 15.9467
18359 -48.754 -202 -32 -60.3567 -37.1513 15.9308
18369 -49.696 -501 -32 -68.3622 -31.0298 15.9148
18379 -49.195 -232 -32 -60.6175 -37.7725 15.8989
18389 -49.681 -375 -32 -66.39 -32.972 15.883
18399 -49.542 -282 -32 -63.013 -36.071 15.8671
18409 -49.611 -309 -32 -64.0449 -35.1771 15.8513
18419 -49.302 -358 -32 -64.6402 -33.9638 15.8354
18429 -49.705 -351 -32 -64.184 -35.226 15.8196
18439 -49.012 -132 -32 -58.6169 -39.4071 15.8038
18449 -49.407 -249 -32 -61.5187 -37.2953 15.788
18459 -49.524 -302 -32 -65.6931 -33.3549 15.7722
18469 -49.629 -277 -32 -65.0899 -34.1681 15.7564
18479 -49.299 -182 -32 -59.238 -39.36 15.7406
18489 -48.901 -97 -32 -58.2048 -39.5972 15.7249
18499 -48.826 -327 -32 -63.1142 -34.5378 15.7092
18509 -50.215 -435 -32 -69.5346 -30.8954 15.6935
18519 -48.521 -162 -28 -58.2557 -38.7863 15.6778
18529 -49.826 -432 -32 -68.5292 -31.1228 15.6621
18539 -48.947 -222 -32 -60.1276 -37.7664 15.6464
18549 -49.453 -213 -32 -61.858 -37.048 15.6308
18559 -48.653 -162 -32 -58.1824 -39.1236 15.6151
18569 -49.411 -413 -32 -65.5762 -33.2458 15.5995
18579 -48.646 -282 -32 -60.0039 -37.2881 15.5839
18589 -49.507 -297 -32 -65.6862 -33.3278 15.5684
18599 -49.044 -93 -32 -57.7909 -40.2971 15.5528
18609 -49.647 -438 -32 -64.9635 -34.3305 15.5372
18619 -48.663 -105 -32 -57.8311 -39.4949 15.5217
18629 -49.972 -312 -32 -63.6072 -36.3368 15.5062
18639 -49.172 -162 -32 -59.4395 -38.9045 15.4907
18649 -48.621 -94 -32 -57.5403 -39.7017 15.4752
18659 -49.349 -400 -32 -64.6923 -34.0057 15.4597
18669 -49.489 -272 -32 -65.696 -33.282 15.4442
18679 -49.678 -392 -32 -67.2051 -32.1509 15.4288
18689 -49.213 -352 -32 -65.2417 -33.1843 15.4134
18699 -49.678 -324 -32 -65.2673 -34.0887 15.398
18709 -48.539 -92 -32 -56.9788 -40.0992 15.3826
18719 -49.425 -202 -32 -60.9496 -37.9004 15.3672
18729 -49.434 -227 -32 -62.986 -35.882 15.3518
18739 -49.127 -154 -32 -58.4238 -39.8302 15.3365
18749 -49.171 -247 -32 -61.6464 -36.6956 15.3211
18759 -49.766 -288 -32 -62.8513 -36.6807 15.3058
18769 -48.378 -152 -32 -57.8671 -38.8889 15.2905
18779 -49.525 -507 -32 -67.2628 -31.7872 15.2752
18789 -48.713 -86 -32 -57.87 -39.556 15.2599
18799 -49.213 -307 -28 -62.9086 -35.5174 15.2447
18809 -49.386 -342 -32 -64.2541 -34.5179 15.2294
18819 -49.297 -282 -32 -64.1586 -34.4354 15.2142
18829 -49.862 -389 -32 -67.243 -32.481 15.199
18839 -49.567 -419 -32 -68.5269 -30.6071 15.1838
18849 -49.497 -298 -32 -63.6756 -35.3184 15.1686
18859 -48.893 -168 -32 -59.0284 -38.7576 15.1534
18869 -48.661 -92 -32 -57.7033 -39.6187 15.1383
18879 -49.626 -554 -32 -68.9977 -30.2543 15.1231
18889 -49.249 -277 -32 -61.348 -37.15 15.108
18899 -49.226 -163 -32 -59.7631 -38.6889 15.0929
18909 -48.761 -292 -32 -60.9905 -36.5315 15.0778
18919 -48.427 -277 -32 -59.6819 -37.1721 15.0627
18929 -49.578 -372 -32 -66.5665 -32.5895 15.0477
18939 -49.665 -359 -32 -67.1814 -32.1486 15.0326
18949 -49.246 -252 -32 -62.8982 -35.5938 15.0176
18959 -50.113 -402 -32 -70.2431 -29.9829 15.0026
18969 -48.736 -182 -32 -59.0533 -38.4187 14.9876
18979 -48.871 -194 -32 -58.9295 -38.8125 14.9726
18989 -49.037 -237 -32 -60.6959 -37.3781 14.9576
18999 -49.203 -202 -32 -59.8932 -38.5128 14.9427
19009 -49.392 -238 -32 -61.9244 -36.8596 14.9277
19019 -48.607 -158 -32 -58.8155 -38.3985 14.9128
19029 -49.339 -362 -32 -65.484 -33.194 14.8979
19039 -48.806 -168 -32 -58.1141 -39.4979 14.883
19049 -49.833 -521 -32 -69.7632 -29.9028 14.8681
19059 -49.041 -367 -32 -64.8013 -33.2807 14.8532
19069 -48.299 -155 -32 -57.7316 -38.8664 14.8384
19079 -49.05 -202 -28 -59.916 -38.184 14.8235
19089 -48.545 -222 -32 -58.9991 -38.0909 14.8087
19099 -49.665 -327 -32 -63.9025 -35.4275 14.7939
19109 -49.363 -373 -32 -68.5161 -30.2099 14.7791
19119 -49.391 -402 -32 -66.7195 -32.0625 14.7643
19129 -49.262 -507 -32 -67.567 -30.957 14.7496
19139 -48.266 -167 -32 -57.9697 -38.5623 14.7348
19149 -48.585 -202 -32 -58.886 -38.284 14.7201
19159 -49.629 -295 -32 -67.3121 -31.9459 14.7054
19169 -49.164 -378 -32 -63.9122 -34.4158 14.6906
19179 -49.232 -227 -32 -61.663 -36.801 14.676
19189 -49.054 -389 -32 -63.5586 -34.5494 14.6613
19199 -48.76 -237 -32 -60.6804 -36.8396 14.6466
19209 -49.129 -218 -32 -61.9144 -36.3436 14.632
19219 -48.78 -232 -32 -61.3866 -36.1734 14.6173
19229 -48.712 -173 -32 -59.4014 -38.0226 14.6027
19239 -49.222 -223 -32 -61.3385 -37.1055 14.5881
19249 -48.647 -397 -32 -62.7318 -34.5622 14.5735
19259 -48.734 -142 -32 -57.806 -39.662 14.559
19269 -49.218 -257 -32 -60.826 -37.61 14.5444
19279 -48.918 -113 -32 -58.1196 -39.7164 14.5299
19289 -48.84 -243 -32 -60.5878 -37.0922 14.5153
19299 -48.691 -185 -32 -58.8578 -38.5242 14.5008
19309 -48.61 -222 -32 -59.5811 -37.6389 14.4863
19319 -48.312 -102 -29 -56.8932 -39.7308 14.4718
19329 -48.48 -112 -32 -57.9988 -38.9612 14.4574
19339 -49.029 -462 -32 -65.2553 -32.8027 14.4429
19349 -48.726 -227 -32 -60.5825 -36.8695 14.4285
19359 -49.436 -407 -32 -67.7571 -31.1149 14.414
19369 -48.348 -118 -32 -57.4218 -39.2742 14.3996
19379 -48.77 -400 -32 -63.0404 -34.4996 14.3852
19389 -49.305 -264 -32 -61.6124 -36.9976 14.3708
19399 -49.058 -248 -32 -61.5545 -36.5615 14.3565
19409 -48.66 -163 -32 -59.5114 -37.8086 14.3421
19419 -48.706 -258 -32 -60.549 -36.863 14.3278
19429 -49.041 -313 -32 -61.6695 -36.4125 14.3134
19439 -48.93 -174 -32 -59.482 -38.378 14.2991
19449 -49.364 -347 -32 -64.1776 -34.5504 14.2848
19459 -48.934 -153 -32 -58.6389 -39.2291 14.2705
19469 -49.438 -277 -32 -62.1009 -36.7751 14.2563
19479 -49.125 -162 -32 -59.9088 -38.3412 14.242
19489 -49.572 -452 -32 -66.3519 -32.7921 14.2278
19499 -49.113 -272 -32 -62.0977 -36.1283 14.2135
19509 -48.565 -198 -32 -58.7751 -38.3549 14.1993
19519 -49.338 -325 -32 -63.3534 -35.3226 14.1851
19529 -48.965 -255 -32 -62.8029 -35.1271 14.1709
19539 -48.952 -227 -32 -59.8717 -38.0323 14.1568
19549 -49.237 -219 -32 -61.6674 -36.8066 14.1426
19559 -48.925 -191 -32 -59.6477 -38.2023 14.1285
19569 -49.087 -283 -32 -61.663 -36.511 14.1143
19579 -48.629 -294 -32 -62.5434 -34.7146 14.1002
19589 -49.093 -234 -32 -60.8248 -37.3612 14.0861
19599 -49.022 -317 -32 -63.0423 -35.0017 14.072
19609 -48.181 -289 -32 -59.5564 -36.8056 14.058
19619 -49.056 -387 -28 -66.2448 -31.8672 14.0439
19629 -50.529 -418 -32 -74.1645 -26.8935 14.0299
19639 -49.757 -332 -32 -65.6599 -33.8541 14.0158
19649 -49.058 -207 -32 -61.0672 -37.0488 14.0018
19659 -47.939 -202 -32 -57.9565 -37.9215 13.9878
19669 -48.293 -418 -32 -63.073 -33.513 13.9738
19679 -48.949 -449 -32 -64.5421 -33.3559 13.9599
19689 -48.217 -102 -32 -56.7463 -39.6877 13.9459
19699 -49.06 -262 -32 -62.1605 -35.9595 13.9319
19709 -48.678 -305 -32 -62.2061 -35.1499 13.918
19719 -48.742 -97 -32 -57.6645 -39.8195 13.9041
19729 -48.396 -199 -32 -58.688 -38.104 13.8902
19739 -48.183 -149 -32 -58.0023 -38.3637 13.8763
19749 -48.467 -147 -32 -58.0545 -38.8795 13.8624
19759 -49.449 -501 -32 -70.9052 -27.9928 13.8486
19769 -48.264 -87 -32 -57.274 -39.254 13.8347
19779 -48.666 -192 -32 -59.9711 -37.3609 13.8209
19789 -47.883 -157 -32 -57.1962 -38.5698 13.8071
19799 -49.168 -550 -32 -70.7669 -27.5691 13.7933
19809 -48.676 -131 -32 -57.4901 -39.8619 13.7795
19819 -48.654 -353 -32 -61.3888 -35.9192 13.7657
19829 -48.349 -292 -32 -60.1322 -36.5658 13.7519
19839 -49.564 -492 -32 -70.942 -28.186 13.7382
19849 -48.813 -259 -32 -61.5491 -36.0769 13.7244
19859 -48.799 -448 -32 -64.2943 -33.3037 13.7107
19869 -49.33 -529 -32 -69.6792 -28.9808 13.697
19879 -48.969 -252 -32 -62.0759 -35.8621 13.6833
19889 -48.894 -194 -32 -60.3896 -37.3984 13.6696
19899 -49.239 -402 -32 -65.5441 -32.9339 13.6559
19909 -48.473 -93 -32 -57.0477 -39.8983 13.6423
19919 -48.78 -360 -32 -63.9594 -33.6006 13.6286
19929 -48.674 -152 -32 -57.9496 -39.3984 13.615
19939 -48.951 -223 -32 -61.3317 -36.5703 13.6014
19949 -48.871 -266 -32 -60.8707 -36.8713 13.5878
19959 -48.923 -319 -32 -65.5257 -32.3203 13.5742
19969 -48.861 -404 -32 -63.3763 -34.3457 13.5606
19979 -47.891 -123 -32 -56.6714 -39.1106 13.5471
19989 -48.952 -429 -32 -67.501 -30.403 13.5335
19999 -48.133 -214 -32 -58.8938 -37.3722 13.52
