0 -148 -101.5 -84 -66 -49 -31.5 -13 -67.214
9 -137 -89.5 -73 -54 -40 -23.5 -13 -58.903
19 -147 -107.5 -86 -61 -43 -21.5 -13 -64.263
29 -119 -62.5 -53 -43 -34 -24.5 -9 -45.006
39 -132 -60 -51 -39.5 -33 -24 -13 -43.593
49 -122 -60.5 -53 -43 -38 -30.5 -11 -46.756
59 -112 -68 -49 -15 -11 -9 -9 -30.735
69 -107 -59.5 -47 -23 -22 -10 -10 -35.228
79 -108 -49.5 -39 -23 -18 -9 -9 -28.172
89 -104 -57 -44 -19 -18 -9 -9 -32.44
99 -64 -49.5 -39 -19 -18 -10 -10 -27.342
109 -78 -42 -34 -19 -18 -10 -10 -24.89
119 -123 -31.5 -27 -19 -18 -13.5 -11 -22.77
129 -83 -42 -34 -19 -18 -11 -11 -25.609
139 -89 -37.5 -31 -19 -18 -11.5 -9 -23.351
149 -109 -49.5 -39 -19 -18 -10 -10 -26.871
159 -92 -47 -35 -12 -11 -9 -9 -21.009
169 -133 -20 -17 -12 -11 -9 -9 -14.772
179 -128 -20 -17 -12 -11 -10 -10 -14.294
189 -98 -20 -17 -12 -11 -10 -10 -14.508
199 -128 -20 -17 -12 -11 -9 -9 -14.889
209 -104 -20 -17 -12 -11 -10 -10 -14.468
219 -138 -20 -17 -12 -11 -10 -10 -14.402
229 -103 -20 -17 -12 -11 -9 -9 -14.802
239 -98 -20 -17 -12 -11 -10 -10 -14.581
249 -127 -20 -17 -12 -11 -9 -9 -14.29
259 -98 -20 -17 -12 -11 -9 -9 -14.325
269 -123 -20 -17 -12 -11 -10 -10 -14.556
279 -119 -20 -17 -12 -11 -9 -9 -14.606
289 -113 -20 -17 -12 -11 -10 -10 -14.261
299 -110 -20 -17 -12 -11 -9 -9 -14.016
309 -115 -20 -17 -12 -11 -10 -10 -14.314
319 -104 -20 -17 -12 -11 -9 -9 -14.234
329 -123 -20 -17 -12 -11 -9 -9 -14.437
339 -133 -20 -17 -12 -11 -9 -9 -14.742
349 -98 -20 -17 -12 -11 -9 -9 -14.136
359 -89 -20 -17 -12 -11 -9 -9 -14.316
369 -104 -20 -17 -12 -11 -10 -10 -14.166
379 -89 -20 -17 -12 -11 -9 -9 -13.939
389 -98 -20 -17 -12 -11 -9 -9 -14.239
399 -94 -20 -17 -12 -11 -9 -9 -14.414
409 -94 -20 -17 -12 -11 -9 -9 -14.142
419 -103 -20 -17 -12 -11 -9 -9 -14.094
429 -78 -20 -17 -12 -11 -9 -9 -14.42
439 -108 -20 -17 -12 -11 -9 -9 -14.298
449 -108 -20 -17 -12 -11 -9 -9 -14.29
459 -77 -20 -17 -12 -11 -9 -9 -14.183
469 -92 -20 -17 -12 -11 -9 -9 -14.298
479 -106 -14 -13 -12 -11 -10 -9 -12.487
489 -73 -14 -13 -12 -11 -10 -10 -12.431
499 -88 -14 -13 -12 -11 -10 -9 -12.712
509 -89 -14 -13 -12 -11 -10 -9 -12.441
519 -79 -14 -13 -12 -11 -10 -9 -12.674
529 -73 -14 -13 -12 -11 -10 -9 -12.589
539 -98 -14 -13 -12 -11 -10 -10 -12.731
549 -76 -14 -13 -12 -11 -10 -9 -12.368
559 -83 -14 -13 -12 -11 -10 -10 -12.342
569 -74 -14 -13 -12 -11 -10 -9 -12.378
579 -108 -14 -13 -12 -11 -10 -9 -12.662
589 -108 -14 -13 -12 -11 -10 -10 -13
599 -83 -14 -13 -12 -11 -10 -9 -12.636
609 -76 -14 -13 -12 -11 -10 -9 -12.545
619 -73 -14 -13 -12 -11 -10 -9 -12.569
629 -106 -14 -13 -12 -11 -10 -9 -12.77
639 -81 -14 -13 -12 -11 -10 -9 -12.483
649 -75 -14 -13 -12 -11 -10 -10 -12.549
659 -80 -14 -13 -12 -11 -10 -9 -12.377
669 -101 -14 -13 -12 -11 -10 -9 -12.437
679 -78 -14 -13 -12 -11 -10 -9 -12.143
689 -103 -14 -13 -12 -11 -10 -10 -12.294
699 -88 -14 -13 -12 -11 -10 -9 -12.242
709 -69 -14 -13 -12 -11 -10 -10 -12.147
719 -64 -14 -13 -12 -11 -10 -10 -12.213
729 -82 -14 -13 -12 -11 -10 -9 -12.485
739 -81 -14 -13 -12 -11 -10 -10 -12.436
749 -78 -14 -13 -12 -11 -10 -10 -12.502
759 -92 -14 -13 -12 -11 -10 -9 -12.388
769 -88 -14 -13 -12 -11 -10 -9 -12.362
779 -73 -14 -13 -12 -11 -10 -9 -12.426
789 -78 -14 -13 -12 -11 -10 -9 -12.194
799 -72 -14 -13 -12 -11 -10 -9 -12.483
809 -88 -14 -13 -12 -11 -10 -9 -12.317
819 -73 -14 -13 -12 -11 -10 -9 -12.235
829 -82 -14 -13 -12 -11 -10 -9 -12.411
839 -83 -14 -13 -12 -11 -10 -9 -12.491
849 -91 -14 -13 -12 -11 -10 -10 -12.444
859 -83 -14 -13 -12 -11 -10 -9 -12.392
869 -93 -14 -13 -12 -11 -10 -9 -12.493
879 -54 -14 -13 -12 -11 -10 -9 -12.107
889 -80 -14 -13 -12 -11 -10 -10 -12.387
899 -82 -14 -13 -12 -11 -10 -9 -12.615
909 -103 -14 -13 -12 -11 -10 -9 -12.397
919 -88 -14 -13 -12 -11 -10 -9 -12.581
929 -93 -14 -13 -12 -11 -10 -9 -12.194
939 -83 -14 -13 -12 -11 -10 -9 -12.372
949 -78 -14 -13 -12 -11 -10 -10 -12.236
959 -77 -14 -13 -12 -11 -10 -9 -12.291
969 -73 -14 -13 -12 -11 -10 -9 -12.188
979 -78 -14 -13 -12 -11 -10 -9 -12.143
989 -63 -14 -13 -12 -11 -10 -10 -12.052
999 -39 -14 -13 -12 -11 -10 -9 -12.056
1009 -78 -14 -13 -12 -11 -10 -10 -12.185
1019 -78 -14 -13 -12 -11 -10 -9 -12.078
1029 -24 -14 -13 -12 -11 -10 -9 -12.064
1039 -89 -14 -13 -12 -11 -10 -9 -12.132
1049 -73 -14 -13 -12 -11 -10 -9 -12.192
1059 -83 -14 -13 -12 -11 -10 -9 -12.085
1069 -73 -14 -13 -12 -11 -10 -9 -12.172
1079 -78 -14 -13 -12 -11 -10 -9 -12.317
1089 -98 -14 -13 -12 -11 -10 -9 -12.443
1099 -58 -14 -13 -12 -11 -10 -9 -12.259
1109 -118 -14 -13 -12 -11 -10 -9 -12.116
1119 -77 -14 -13 -12 -11 -10 -9 -12.238
1129 -73 -14 -13 -12 -11 -10 -9 -12.046
1139 -60 -14 -13 -12 -11 -10 -9 -12.126
1149 -48 -14 -13 -12 -11 -10 -9 -12.053
1159 -82 -14 -13 -12 -11 -10 -10 -12.199
1169 -83 -14 -13 -12 -11 -10 -9 -12.144
1179 -86 -14 -13 -12 -11 -10 -9 -12.263
1189 -51 -14 -13 -12 -11 -10 -9 -12.089
1199 -103 -14 -13 -12 -11 -10 -9 -12.324
1209 -113 -14 -13 -12 -11 -10 -9 -12.458
1219 -98 -14 -13 -12 -11 -10 -9 -12.313
1229 -42 -14 -13 -12 -11 -10 -9 -12.014
1239 -108 -14 -13 -12 -11 -10 -9 -12.281
1249 -57 -14 -13 -12 -11 -10 -10 -12.085
1259 -39 -14 -13 -12 -11 -10 -9 -12
1269 -103 -14 -13 -12 -11 -10 -9 -12.186
1279 -118 -14 -13 -12 -11 -10 -10 -12.201
1289 -74 -14 -13 -12 -11 -10 -9 -12.085
1299 -118 -14 -13 -12 -11 -10 -9 -12.302
1309 -103 -14 -13 -12 -11 -10 -9 -12.243
1319 -103 -14 -13 -12 -11 -10 -10 -12.238
1329 -93 -14 -13 -12 -11 -10 -10 -12.155
1339 -32 -14 -13 -12 -11 -10 -9 -12.048
1349 -108 -14 -13 -12 -11 -10 -9 -12.34
1359 -43 -14 -13 -12 -11 -10 -9 -12.056
1369 -24 -14 -13 -12 -11 -10 -9 -12.106
1379 -73 -14 -13 -12 -11 -10 -9 -12.25
1389 -87 -14 -13 -12 -11 -10 -9 -12.131
1399 -58 -14 -13 -12 -11 -10 -9 -12.207
1409 -39 -14 -13 -12 -11 -10 -9 -12.096
1419 -78 -14 -13 -12 -11 -10 -9 -12.122
1429 -33 -14 -13 -12 -11 -10 -9 -12.015
1439 -73 -14 -13 -12 -11 -10 -9 -12.148
1449 -83 -14 -13 -12 -11 -10 -9 -12.093
1459 -88 -14 -13 -12 -11 -10 -9 -12.231
1469 -21 -14 -13 -12 -11 -10 -9 -11.99
1479 -73 -14 -13 -12 -11 -10 -9 -12.225
1489 -53 -14 -13 -12 -11 -10 -9 -12.256
1499 -83 -14 -13 -12 -11 -10 -9 -12.25
1509 -36 -14 -13 -12 -11 -10 -9 -12.014
1519 -37 -14 -13 -12 -11 -10 -9 -12.075
1529 -48 -14 -13 -12 -11 -10 -9 -12.044
1539 -52 -14 -13 -12 -11 -10 -9 -12.09
1549 -38 -14 -13 -12 -11 -10 -9 -12.043
1559 -78 -14 -13 -12 -11 -10 -9 -12.172
1569 -93 -14 -13 -12 -11 -10 -9 -12.257
1579 -83 -14 -13 -12 -11 -10 -9 -12.255
1589 -73 -14 -13 -12 -11 -10 -9 -12.119
1599 -57 -14 -13 -12 -11 -10 -9 -12.102
1609 -31 -14 -13 -12 -11 -10 -10 -12.049
1619 -98 -14 -13 -12 -11 -10 -9 -12.233
1629 -103 -14 -13 -12 -11 -10 -9 -12.094
1639 -78 -14 -13 -12 -11 -10 -9 -12.219
1649 -113 -14 -13 -12 -11 -10 -9 -12.076
1659 -21 -14 -13 -12 -11 -10 -9 -12.066
1669 -68 -14 -13 -12 -11 -10 -9 -12.19
1679 -98 -14 -13 -12 -11 -10 -9 -12.344
1689 -98 -14 -13 -12 -11 -10 -9 -12.187
1699 -48 -14 -13 -12 -11 -10 -9 -12.051
1709 -78 -14 -13 -12 -11 -10 -9 -12.137
1719 -98 -14 -13 -12 -11 -10 -9 -12.258
1729 -56 -14 -13 -12 -11 -10 -9 -12.157
1739 -93 -14 -13 -12 -11 -10 -9 -12.303
1749 -83 -14 -13 -12 -11 -10 -9 -12.236
1759 -23 -14 -13 -12 -11 -10 -9 -12.061
1769 -58 -14 -13 -12 -11 -10 -9 -12.268
1779 -93 -14 -13 -12 -11 -10 -9 -12.111
1789 -71 -14 -13 -12 -11 -10 -9 -12.117
1799 -51 -14 -13 -12 -11 -10 -9 -12.136
1809 -61 -14 -13 -12 -11 -10 -10 -12.223
1819 -108 -14 -13 -12 -11 -10 -9 -12.304
1829 -57 -14 -13 -12 -11 -10 -9 -12.196
1839 -108 -14 -13 -12 -11 -10 -9 -12.178
1849 -78 -14 -13 -12 -11 -10 -9 -12.064
1859 -78 -14 -13 -12 -11 -10 -9 -12.136
1869 -83 -14 -13 -12 -11 -10 -10 -12.14
1879 -87 -14 -13 -12 -11 -10 -9 -12.165
1889 -78 -14 -13 -12 -11 -10 -9 -12.099
1899 -73 -14 -13 -12 -11 -10 -9 -12.047
1909 -23 -14 -13 -12 -11 -10 -9 -12.125
1919 -78 -14 -13 -12 -11 -10 -9 -12.15
1929 -78 -14 -13 -12 -11 -10 -9 -12.152
1939 -78 -14 -13 -12 -11 -10 -10 -12.26
1949 -78 -14 -13 -12 -11 -10 -9 -12.214
1959 -32 -14 -13 -12 -11 -10 -9 -11.996
1969 -52 -14 -13 -12 -11 -10 -9 -12.064
1979 -103 -14 -13 -12 -11 -10 -9 -12.402
1989 -32 -14 -13 -12 -11 -10 -9 -12.085
1999 -79 -14 -13 -12 -11 -10 -9 -12.234
2009 -32 -14 -13 -12 -11 -10 -9 -12.104
2019 -148 -14 -13 -12 -11 -10 -9 -12.411
2029 -102 -14 -13 -12 -11 -10 -9 -12.267
2039 -78 -14 -13 -12 -11 -10 -9 -12.069
2049 -32 -14 -13 -12 -11 -10 -9 -12.039
2059 -77 -14 -13 -12 -11 -10 -9 -12.193
2069 -102 -14 -13 -12 -11 -10 -9 -12.146
2079 -52 -14 -13 -12 -11 -10 -9 -12.073
2089 -48 -14 -13 -12 -11 -10 -9 -11.979
2099 -98 -14 -13 -12 -11 -10 -10 -12.092
2109 -78 -14 -13 -12 -11 -10 -9 -12.207
2119 -73 -14 -13 -12 -11 -10 -9 -12.101
2129 -97 -14 -13 -12 -11 -10 -9 -12.31
2139 -32 -14 -13 -12 -11 -10 -9 -12.058
2149 -78 -14 -13 -12 -11 -10 -9 -12.087
2159 -81 -14 -13 -12 -11 -10 -10 -12.085
2169 -78 -14 -13 -12 -11 -10 -9 -12
2179 -78 -14 -13 -12 -11 -10 -9 -12.176
2189 -81 -14 -13 -12 -11 -10 -9 -12.114
2199 -25 -14 -13 -12 -11 -10 -9 -11.98
2209 -69 -14 -13 -12 -11 -10 -9 -12.125
2219 -73 -14 -13 -12 -11 -10 -9 -12.18
2229 -51 -14 -13 -12 -11 -10 -9 -12.025
2239 -53 -14 -13 -12 -11 -10 -9 -12.093
2249 -78 -14 -13 -12 -11 -10 -10 -12.264
2259 -87 -14 -13 -12 -11 -10 -9 -12.198
2269 -73 -14 -13 -12 -11 -10 -9 -12.061
2279 -93 -14 -13 -12 -11 -10 -9 -12.164
2289 -31 -14 -13 -12 -11 -10 -9 -11.981
2299 -78 -14 -13 -12 -11 -10 -9 -12.14
2309 -21 -14 -13 -12 -11 -10 -9 -12.113
2319 -78 -14 -13 -12 -11 -10 -10 -12.114
2329 -43 -14 -13 -12 -11 -10 -9 -12.089
2339 -23 -14 -13 -12 -11 -10 -9 -11.964
2349 -83 -14 -13 -12 -11 -10 -10 -12.211
2359 -86 -14 -13 -12 -11 -10 -9 -12.275
2369 -113 -14 -13 -12 -11 -10 -10 -12.334
2379 -98 -14 -13 -12 -11 -10 -9 -12.28
2389 -103 -14 -13 -12 -11 -10 -9 -12.197
2399 -78 -14 -13 -12 -11 -10 -9 -12.112
2409 -93 -14 -13 -12 -11 -10 -9 -12.131
2419 -43 -14 -13 -12 -11 -10 -9 -11.991
2429 -32 -14 -13 -12 -11 -10 -9 -12.01
2439 -78 -14 -13 -12 -11 -10 -9 -12.135
2449 -81 -14 -13 -12 -11 -10 -9 -12.198
2459 -32 -14 -13 -12 -11 -10 -9 -12.047
2469 -78 -14 -13 -12 -11 -10 -9 -11.973
2479 -73 -14 -13 -12 -11 -10 -10 -12.172
2489 -47 -14 -13 -12 -11 -10 -9 -12.016
2499 -73 -14 -13 -12 -11 -10 -9 -12.241
2509 -21 -14 -13 -12 -11 -10 -9 -11.923
2519 -78 -14 -13 -12 -11 -10 -9 -12.177
2529 -124 -14 -13 -12 -11 -10 -9 -12.203
2539 -78 -14 -13 -12 -11 -10 -9 -12.224
2549 -78 -14 -13 -12 -11 -10 -9 -12.222
2559 -52 -14 -13 -12 -11 -10 -9 -12.138
2569 -78 -14 -13 -12 -11 -10 -9 -12.155
2579 -81 -14 -13 -12 -11 -10 -9 -12.126
2589 -78 -14 -13 -12 -11 -10 -10 -12.137
2599 -78 -14 -13 -12 -11 -10 -9 -12.045
2609 -57 -14 -13 -12 -11 -10 -9 -12.053
2619 -81 -14 -13 -12 -11 -10 -10 -12.075
2629 -98 -14 -13 -12 -11 -10 -9 -12.095
2639 -78 -14 -13 -12 -11 -10 -9 -12.043
2649 -81 -14 -13 -12 -11 -10 -9 -12.095
2659 -88 -14 -13 -12 -11 -10 -9 -12.103
2669 -73 -14 -13 -12 -11 -10 -9 -12.125
2679 -23 -14 -13 -12 -11 -10 -9 -11.996
2689 -81 -14 -13 -12 -11 -10 -9 -12.119
2699 -73 -14 -13 -12 -11 -10 -9 -12.122
2709 -88 -14 -13 -12 -11 -10 -9 -12.218
2719 -111 -14 -13 -12 -11 -10 -9 -12.177
2729 -43 -14 -13 -12 -11 -10 -9 -12.074
2739 -21 -14 -13 -12 -11 -10 -9 -12.076
2749 -25 -14 -13 -12 -11 -10 -9 -12.024
2759 -76 -14 -13 -12 -11 -10 -9 -12.132
2769 -98 -14 -13 -12 -11 -10 -9 -12.132
2779 -22 -14 -13 -12 -11 -10 -9 -12.064
2789 -103 -14 -13 -12 -11 -10 -9 -12.178
2799 -76 -14 -13 -12 -11 -10 -9 -12.002
2809 -93 -14 -13 -12 -11 -10 -9 -12.172
2819 -103 -14 -13 -12 -11 -10 -10 -12.264
2829 -82 -14 -13 -12 -11 -10 -9 -12.077
2839 -23 -14 -13 -12 -11 -10 -9 -11.932
2849 -77 -14 -13 -12 -11 -10 -10 -12.195
2859 -98 -14 -13 -12 -11 -10 -9 -12.089
2869 -103 -14 -13 -12 -11 -10 -9 -12.224
2879 -48 -14 -13 -12 -11 -10 -10 -12.187
2889 -78 -14 -13 -12 -11 -10 -9 -12.076
2899 -78 -14 -13 -12 -11 -10 -10 -12.179
2909 -20 -14 -13 -12 -11 -10 -9 -11.966
2919 -47 -14 -13 -12 -11 -10 -10 -11.963
2929 -78 -14 -13 -12 -11 -10 -10 -12.142
2939 -87 -14 -13 -12 -11 -10 -10 -12.147
2949 -78 -14 -13 -12 -11 -10 -9 -12.05
2959 -81 -14 -13 -12 -11 -10 -9 -12.166
2969 -78 -14 -13 -12 -11 -10 -10 -12.358
2979 -103 -14 -13 -12 -11 -10 -9 -12.232
2989 -78 -14 -13 -12 -11 -10 -10 -12.077
2999 -63 -14 -13 -12 -11 -10 -9 -12.118
3009 -93 -14 -13 -12 -11 -10 -9 -12.245
3019 -73 -14 -13 -12 -11 -10 -10 -12.188
3029 -73 -14 -13 -12 -11 -10 -9 -12.074
3039 -48 -14 -13 -12 -11 -10 -9 -12.053
3049 -103 -14 -13 -12 -11 -10 -9 -12.154
3059 -78 -14 -13 -12 -11 -10 -9 -12.167
3069 -23 -14 -13 -12 -11 -10 -9 -12.006
3079 -78 -14 -13 -12 -11 -10 -9 -12.247
3089 -93 -14 -13 -12 -11 -10 -9 -12.165
3099 -78 -14 -13 -12 -11 -10 -9 -12.083
3109 -51 -14 -13 -12 -11 -10 -9 -12.152
3119 -24 -14 -13 -12 -11 -10 -10 -11.945
3129 -43 -14 -13 -12 -11 -10 -9 -11.949
3139 -78 -14 -13 -12 -11 -10 -9 -12.027
3149 -51 -14 -13 -12 -11 -10 -9 -12.102
3159 -103 -14 -13 -12 -11 -10 -9 -12.258
3169 -68 -14 -13 -12 -11 -10 -10 -12.115
3179 -103 -14 -13 -12 -11 -10 -9 -12.131
3189 -23 -14 -13 -12 -11 -10 -9 -12.057
3199 -57 -14 -13 -12 -11 -10 -10 -11.998
3209 -82 -14 -13 -12 -11 -10 -10 -12.072
3219 -51 -14 -13 -12 -11 -10 -10 -12.127
3229 -98 -14 -13 -12 -11 -10 -9 -12.176
3239 -102 -14 -13 -12 -11 -10 -9 -12.23
3249 -73 -14 -13 -12 -11 -10 -9 -12.04
3259 -98 -14 -13 -12 -11 -10 -9 -12.126
3269 -83 -14 -13 -12 -11 -10 -9 -12.18
3279 -73 -14 -13 -12 -11 -10 -9 -12.262
3289 -73 -14 -13 -12 -11 -10 -9 -12.074
3299 -33 -14 -13 -12 -11 -10 -9 -11.961
3309 -73 -14 -13 -12 -11 -10 -9 -12.124
3319 -53 -14 -13 -12 -11 -10 -9 -12.117
3329 -73 -14 -13 -12 -11 -10 -9 -12.225
3339 -84 -14 -13 -12 -11 -10 -9 -12.071
3349 -81 -14 -13 -12 -11 -10 -9 -12.062
3359 -33 -14 -13 -12 -11 -10 -9 -12.048
3369 -43 -14 -13 -12 -11 -10 -9 -11.945
3379 -78 -14 -13 -12 -11 -10 -9 -12.125
3389 -81 -14 -13 -12 -11 -10 -9 -12.166
3399 -78 -14 -13 -12 -11 -10 -9 -12.138
3409 -78 -14 -13 -12 -11 -10 -9 -12.2
3419 -81 -14 -13 -12 -11 -10 -9 -12.188
3429 -21 -14 -13 -12 -11 -10 -9 -12.132
3439 -47 -14 -13 -12 -11 -10 -9 -12.055
3449 -128 -14 -13 -12 -11 -10 -9 -12.21
3459 -51 -14 -13 -12 -11 -10 -9 -12.073
3469 -97 -14 -13 -12 -11 -10 -9 -12.269
3479 -53 -14 -13 -12 -11 -10 -9 -12.105
3489 -78 -14 -13 -12 -11 -10 -9 -12.188
3499 -143 -14 -13 -12 -11 -10 -9 -12.219
3509 -43 -14 -13 -12 -11 -10 -9 -11.997
3519 -98 -14 -13 -12 -11 -10 -10 -12.124
3529 -73 -14 -13 -12 -11 -10 -9 -12.052
3539 -73 -14 -13 -12 -11 -10 -9 -12.044
3549 -78 -14 -13 -12 -11 -10 -9 -12.127
3559 -53 -14 -13 -12 -11 -10 -9 -12.209
3569 -73 -14 -13 -12 -11 -10 -9 -12.128
3579 -81 -14 -13 -12 -11 -10 -9 -12.092
3589 -73 -14 -13 -12 -11 -10 -9 -12.053
3599 -78 -14 -13 -12 -11 -10 -9 -12.221
3609 -138 -14 -13 -12 -11 -10 -9 -12.121
3619 -20 -14 -13 -12 -11 -10 -9 -12.021
3629 -103 -14 -13 -12 -11 -10 -9 -12.123
3639 -42 -14 -13 -12 -11 -10 -10 -11.991
3649 -43 -14 -13 -12 -11 -10 -9 -11.999
3659 -76 -14 -13 -12 -11 -10 -9 -12.056
3669 -78 -14 -13 -12 -11 -10 -10 -12.241
3679 -46 -14 -13 -12 -11 -10 -9 -12.067
3689 -78 -14 -13 -12 -11 -10 -9 -12.169
3699 -102 -14 -13 -12 -11 -10 -10 -12.232
3709 -98 -14 -13 -12 -11 -10 -9 -12.402
3719 -81 -14 -13 -12 -11 -10 -9 -12.127
3729 -81 -14 -13 -12 -11 -10 -9 -12.124
3739 -33 -14 -13 -12 -11 -10 -9 -12.12
3749 -71 -14 -13 -12 -11 -10 -9 -12.102
3759 -62 -14 -13 -12 -11 -10 -9 -12.059
3769 -73 -14 -13 -12 -11 -10 -9 -12.098
3779 -26 -14 -13 -12 -11 -10 -9 -12.072
3789 -51 -14 -13 -12 -11 -10 -9 -12.125
3799 -73 -14 -13 -12 -11 -10 -9 -12.184
3809 -73 -14 -13 -12 -11 -10 -10 -12.18
3819 -73 -14 -13 -12 -11 -10 -9 -12.089
3829 -81 -14 -13 -12 -11 -10 -9 -12.299
3839 -55 -14 -13 -12 -11 -10 -9 -12.128
3849 -58 -14 -13 -12 -11 -10 -9 -12.075
3859 -81 -14 -13 -12 -11 -10 -9 -12.345
3869 -98 -14 -13 -12 -11 -10 -9 -12.274
3879 -47 -14 -13 -12 -11 -10 -10 -12.109
3889 -47 -14 -13 -12 -11 -10 -9 -12.032
3899 -93 -14 -13 -12 -11 -10 -9 -12.121
3909 -93 -14 -13 -12 -11 -10 -9 -12.121
3919 -98 -14 -13 -12 -11 -10 -9 -12.128
3929 -72 -14 -13 -12 -11 -10 -9 -12.08
3939 -58 -14 -13 -12 -11 -10 -10 -12.12
3949 -98 -14 -13 -12 -11 -10 -9 -12.226
3959 -24 -14 -13 -12 -11 -10 -9 -12.014
3969 -33 -14 -13 -12 -11 -10 -10 -12.113
3979 -38 -14 -13 -12 -11 -10 -9 -12.088
3989 -78 -14 -13 -12 -11 -10 -10 -12.221
3999 -93 -14 -13 -12 -11 -10 -9 -12.133
4009 -93 -14 -13 -12 -11 -10 -9 -12.156
4019 -98 -14 -13 -12 -11 -10 -9 -12.062
4029 -78 -14 -13 -12 -11 -10 -10 -12.069
4039 -43 -14 -13 -12 -11 -10 -9 -12.081
4049 -98 -14 -13 -12 -11 -10 -9 -12.215
4059 -48 -14 -13 -12 -11 -10 -10 -11.986
4069 -33 -14 -13 -12 -11 -10 -9 -12.149
4079 -74 -14 -13 -12 -11 -10 -10 -12.034
4089 -38 -14 -13 -12 -11 -10 -9 -12.061
4099 -43 -14 -13 -12 -11 -10 -9 -12.016
4109 -38 -14 -13 -12 -11 -10 -9 -11.939
4119 -33 -14 -13 -12 -11 -10 -9 -12.096
4129 -98 -14 -13 -12 -11 -10 -9 -12.168
4139 -38 -14 -13 -12 -11 -10 -9 -12.015
4149 -93 -14 -13 -12 -11 -10 -9 -12.111
4159 -37 -14 -13 -12 -11 -10 -10 -12.051
4169 -98 -14 -13 -12 -11 -10 -9 -12.257
4179 -88 -14 -13 -12 -11 -10 -9 -12.132
4189 -78 -14 -13 -12 -11 -10 -9 -12.206
4199 -56 -14 -13 -12 -11 -10 -9 -12.067
4209 -24 -14 -13 -12 -11 -10 -9 -11.98
4219 -93 -14 -13 -12 -11 -10 -9 -12.197
4229 -98 -14 -13 -12 -11 -10 -9 -12.13
4239 -63 -14 -13 -12 -11 -10 -9 -12
4249 -78 -14 -13 -12 -11 -10 -9 -12.127
4259 -33 -14 -13 -12 -11 -10 -9 -11.966
4269 -98 -14 -13 -12 -11 -10 -9 -12.261
4279 -98 -14 -13 -12 -11 -10 -9 -12.18
4289 -98 -14 -13 -12 -11 -10 -9 -12.263
4299 -48 -14 -13 -12 -11 -10 -9 -12.113
4309 -108 -14 -13 -12 -11 -10 -10 -12.133
4319 -108 -14 -13 -12 -11 -10 -9 -12.414
4329 -48 -14 -13 -12 -11 -10 -9 -11.976
4339 -53 -14 -13 -12 -11 -10 -9 -12.031
4349 -30 -14 -13 -12 -11 -10 -9 -12.006
4359 -108 -14 -13 -12 -11 -10 -9 -12.182
4369 -76 -14 -13 -12 -11 -10 -9 -12.25
4379 -83 -14 -13 -12 -11 -10 -10 -12.049
4389 -33 -14 -13 -12 -11 -10 -9 -12.109
4399 -108 -14 -13 -12 -11 -10 -9 -12.198
4409 -29 -14 -13 -12 -11 -10 -9 -11.994
4419 -93 -14 -13 -12 -11 -10 -10 -12.332
4429 -98 -14 -13 -12 -11 -10 -9 -12.174
4439 -63 -14 -13 -12 -11 -10 -9 -12.121
4449 -33 -14 -13 -12 -11 -10 -10 -12.117
4459 -38 -14 -13 -12 -11 -10 -10 -12.065
4469 -78 -14 -13 -12 -11 -10 -10 -12.181
4479 -98 -14 -13 -12 -11 -10 -9 -12.107
4489 -93 -14 -13 -12 -11 -10 -9 -12.071
4499 -24 -14 -13 -12 -11 -10 -9 -12.044
4509 -98 -14 -13 -12 -11 -10 -9 -12.326
4519 -34 -14 -13 -12 -11 -10 -9 -11.996
4529 -43 -14 -13 -12 -11 -10 -9 -12.071
4539 -78 -14 -13 -12 -11 -10 -9 -12.182
4549 -93 -14 -13 -12 -11 -10 -10 -12.218
4559 -108 -14 -13 -12 -11 -10 -9 -12.241
4569 -47 -14 -13 -12 -11 -10 -10 -12.034
4579 -38 -14 -13 -12 -11 -10 -9 -11.926
4589 -42 -14 -13 -12 -11 -10 -9 -12.046
4599 -108 -14 -13 -12 -11 -10 -9 -12.151
4609 -38 -14 -13 -12 -11 -10 -10 -12.063
4619 -47 -14 -13 -12 -11 -10 -9 -12.151
4629 -33 -14 -13 -12 -11 -10 -9 -11.973
4639 -48 -14 -13 -12 -11 -10 -9 -12.095
4649 -76 -14 -13 -12 -11 -10 -9 -12.079
4659 -38 -14 -13 -12 -11 -10 -10 -11.922
4669 -98 -14 -13 -12 -11 -10 -9 -12.282
4679 -78 -14 -13 -12 -11 -10 -9 -12.084
4689 -93 -14 -13 -12 -11 -10 -9 -12.255
4699 -93 -14 -13 -12 -11 -10 -9 -12.061
4709 -108 -14 -13 -12 -11 -10 -9 -12.44
4719 -83 -14 -13 -12 -11 -10 -9 -12.032
4729 -43 -14 -13 -12 -11 -10 -9 -12.005
4739 -38 -14 -13 -12 -11 -10 -9 -12.043
4749 -98 -14 -13 -12 -11 -10 -9 -12.149
4759 -20 -14 -13 -12 -11 -10 -9 -11.957
4769 -43 -14 -13 -12 -11 -10 -9 -12.06
4779 -83 -14 -13 -12 -11 -10 -9 -12.086
4789 -98 -14 -13 -12 -11 -10 -9 -12.079
4799 -53 -14 -13 -12 -11 -10 -9 -12.12
4809 -98 -14 -13 -12 -11 -10 -9 -12.243
4819 -67 -14 -13 -12 -11 -10 -9 -12.063
4829 -98 -14 -13 -12 -11 -10 -9 -12.188
4839 -128 -14 -13 -12 -11 -10 -9 -12.118
4849 -23 -14 -13 -12 -11 -10 -9 -12.027
4859 -98 -14 -13 -12 -11 -10 -9 -12.242
4869 -98 -14 -13 -12 -11 -10 -9 -12.333
4879 -23 -14 -13 -12 -11 -10 -9 -11.977
4889 -108 -14 -13 -12 -11 -10 -9 -12.257
4899 -24 -14 -13 -12 -11 -10 -9 -12.076
4909 -83 -14 -13 -12 -11 -10 -9 -12.156
4919 -43 -14 -13 -12 -11 -10 -9 -12.021
4929 -63 -14 -13 -12 -11 -10 -9 -12.146
4939 -43 -14 -13 -12 -11 -10 -9 -12.042
4949 -48 -14 -13 -12 -11 -10 -10 -12.075
4959 -83 -14 -13 -12 -11 -10 -9 -12.053
4969 -26 -14 -13 -12 -11 -10 -9 -12.08
4979 -43 -14 -13 -12 -11 -10 -9 -11.905
4989 -107 -14 -13 -12 -11 -10 -9 -12.226
4999 -78 -14 -13 -12 -11 -10 -9 -12.245
