0 -375 -216.5 -174 -127 -89 -46.5 -22 -136.606
9 -1426 -207 -163 -111 -75 -31 -21 -138.391
19 -6513 -177.5 -141 -97 -68 -31.5 -24 -179.612
29 -6959 -349 -254 -90 -64 -26 -26 -366.944
39 -7090 -358.5 -262 -109 -69 -18 -18 -353.401
49 -12516 -2455 -1660 -304 -70 -19 -19 -1194.46
59 -12218 -1051 -720 -84 -58 -28 -28 -779.713
69 -11211 -101.5 -86 -67 -55 -39.5 -19 -309.348
79 -10596 -716 -496 -68 -56 -14 -14 -627.793
89 -10810 -1642 -1115 -93 -61 -31 -31 -879.962
99 -15302 -2323 -1575 -384 -79 -27 -27 -1190.27
109 -18106 -2815.5 -1918 -617 -123 -22 -22 -1367.38
119 -14077 -1243.5 -850 -177 -63 -18 -18 -930.34
129 -17457 -348 -253 -77 -63 -17 -17 -557.862
139 -23577 -8814 -5900 -2875 -72 -21 -21 -3518.48
149 -19296 -5226.5 -3599 -1555 -344 -17 -17 -2443.55
159 -13481 -5406 -3835 -1972.5 -693 -27 -27 -2654.55
169 -22341 -8495.5 -5695 -2005.5 -94 -17 -17 -3386.62
179 -17413 -5168.5 -3474 -1381 -85 -18 -18 -2145.72
189 -20667 -464.5 -330 -84 -61 -15 -15 -662.805
199 -17776 -737.5 -515 -88 -70 -24 -24 -776.434
209 -16209 -5595 -3818 -1597 -264 -17 -17 -2531.93
219 -17913 -2994.5 -2019 -177.5 -68 -21 -21 -1506.17
229 -15019 -825 -571 -80 -63 -22 -22 -837.458
239 -12344 -758.5 -535 -90 -88 -15 -15 -820.423
249 -12942 -809 -562 -69 -68 -26 -26 -776.36
259 -9343 -484.5 -349 -80 -78 -32 -32 -596
269 -10792 -385.5 -282 -80 -75 -15 -15 -616.922
279 -14658 -1024.5 -709 -80 -78 -22 -22 -818.384
289 -24480 -626 -442 -80 -74 -18 -18 -746.66
299 -23766 -217.5 -169 -80 -72 -23.5 -21 -605.509
309 -15137 -1138 -788 -90 -88 -20 -20 -834.761
319 -11704 -949 -655 -69 -67 -20 -20 -736.59
329 -15393 -378 -274 -69 -66 -20 -20 -655.903
339 -18679 -766 -533 -69 -67 -21 -21 -723.516
349 -12436 -170.5 -136 -69 -67 -33 -33 -511.881
359 -14775 -315.5 -232 -69 -65 -18 -18 -643.313
369 -22155 -1262.5 -864 -69 -67 -21 -21 -927.011
379 -19698 -259 -195 -69 -67 -17 -17 -708.575
389 -15662 -978 -678 -80 -78 -31 -31 -717.837
399 -11173 -538.5 -385 -80 -78 -20 -20 -637.781
409 -14802 -1546 -1057 -80 -79 -39 -39 -885.777
419 -12795 -1669.5 -1139 -80 -78 -39 -39 -928.599
429 -14779 -241.5 -187 -90 -78 -26 -26 -630.257
439 -10826 -177 -142 -90 -72 -37 -24 -624.054
449 -17232 -1435 -986 -90 -88 -26 -26 -922.406
459 -13708 -1301.5 -897 -90 -88 -29 -29 -893.892
469 -20289 -1349.5 -929 -90 -88 -29 -29 -942.112
479 -11869 -105.5 -90 -89 -59 -43.5 -26 -515.746
489 -13521 -325.5 -241 -80 -72 -17 -17 -632.943
499 -14773 -421 -302 -65 -64 -21 -21 -573.587
509 -16781 -889.5 -614 -65 -63 -17 -17 -766.236
519 -13457 -223.5 -170 -65 -63 -16 -16 -562.998
529 -9919 -413.5 -297 -65 -64 -18 -18 -669.148
539 -13920 -391.5 -285 -74 -72 -19 -19 -633.785
549 -15952 -282 -209 -68 -63 -19 -19 -422.422
559 -18130 -246 -185 -69 -63 -24 -24 -582.749
569 -19066 -581 -410 -69 -68 -18 -18 -710.954
579 -13177 -907 -627 -69 -67 -20 -20 -717.023
589 -17496 -2055.5 -1393 -69 -68 -18 -18 -1029.12
599 -10787 -99 -87 -69 -63 -51 -21 -324.163
609 -15289 -80 -74 -73 -62 -56 -18 -324.3
619 -12947 -96.5 -85 -73 -62 -50.5 -42 -333.928
629 -10453 -365 -266 -74 -68 -41 -41 -567.005
639 -13706 -357 -262 -74 -72 -23 -23 -725.899
649 -11483 -182.5 -144 -74 -67 -43 -43 -428.679
659 -10366 -80 -74 -73 -62 -56 -23 -295.687
669 -13563 -238 -180 -74 -64 -25 -25 -941.397
679 -13944 -134 -107 -68 -53 -26 -25 -524.667
689 -12971 -368 -268 -74 -68 -22 -22 -596.611
699 -17279 -732.5 -511 -74 -68 -26 -26 -706.61
709 -13438 -76 -69 -67 -55 -48 -20 -354.057
719 -11409 -85 -74 -72 -52 -41 -21 -331.119
729 -12443 -83 -74 -73 -56 -47 -22 -409.958
739 -18850 -131.5 -105 -64 -52 -26 -26 -429.89
749 -10052 -77.5 -69 -64 -52 -43.5 -26 -402.345
759 -14784 -222.5 -168 -64 -59 -19 -19 -527.427
769 -12711 -183.5 -142 -64 -59 -19 -19 -471.221
779 -19830 -573.5 -402 -65 -59 -27 -27 -724.621
789 -23600 -2302.5 -1558 -74 -69 -24 -24 -1623.66
799 -17334 -80 -73 -64 -59 -52 -15 -573.316
809 -18638 -77 -70 -64 -56 -49 -20 -524.984
819 -16935 -83.5 -75 -73 -58 -49.5 -17 -403.681
829 -18017 -80 -74 -72 -62 -56 -31 -341.733
839 -9778 -71 -66 -64 -56 -51 -16 -301.45
849 -10073 -71 -65 -64 -53 -47 -21 -307.569
859 -10831 -68 -65 -63 -59 -56 -25 -305.831
869 -11982 -71 -68 -64 -62 -59 -28 -267.439
879 -8213 -71 -65 -63 -53 -47 -19 -233.826
889 -12782 -71 -66 -65 -56 -51 -19 -263.398
899 -11182 -72.5 -67 -64 -56 -50.5 -17 -292.194
909 -8799 -72.5 -66 -64 -53 -46.5 -22 -289.257
919 -12551 -72.5 -66 -64 -53 -46.5 -16 -322.312
929 -10692 -72.5 -66 -64 -53 -46.5 -17 -286.652
939 -9044 -72 -66 -64 -54 -48 -25 -288.939
949 -8903 -72 -66 -64 -54 -48 -23 -270.348
959 -9536 -72 -66 -64 -54 -48 -24 -231.692
969 -8712 -68 -66 -65 -62 -60 -38 -266.131
979 -10772 -89 -80 -65 -62 -53 -39 -332.294
989 -10668 -74 -67 -64 -53 -46 -28 -322.153
999 -13507 -72 -66 -64 -54 -48 -25 -301.729
1009 -15079 -71 -66 -64 -56 -51 -15 -328.975
1019 -17716 -72.5 -66 -64 -53 -46.5 -26 -354.583
1029 -10985 -72.5 -66 -64 -53 -46.5 -27 -264.101
1039 -11738 -71 -66 -64 -56 -51 -19 -307.835
1049 -18904 -83 -74 -65 -56 -47 -23 -293.15
1059 -14507 -71 -66 -64 -56 -51 -22 -247.186
1069 -13077 -74 -68 -65 -56 -50 -19 -269.575
1079 -9698 -78.5 -71 -65 -56 -48.5 -15 -332.764
1089 -11011 -75.5 -69 -65 -56 -49.5 -18 -286.827
1099 -12253 -71 -66 -64 -56 -51 -19 -300.775
1109 -10233 -78 -70 -64 -54 -46 -16 -348.65
1119 -11118 -98.5 -84 -65 -55 -40.5 -15 -356.181
1129 -15313 -71 -66 -64 -56 -51 -17 -282.033
1139 -13378 -74 -67 -65 -53 -46 -24 -271.087
1149 -9063 -72.5 -66 -64 -53 -46.5 -19 -283.814
1159 -11210 -72.5 -66 -64 -53 -46.5 -19 -253.292
1169 -15777 -103.5 -87 -65 -54 -37.5 -19 -389.77
1179 -10772 -173 -135 -65 -59 -21 -19 -429.965
1189 -10720 -128.5 -105 -65 -58 -34.5 -19 -383.859
1199 -11925 -131.5 -107 -65 -58 -33.5 -16 -440.017
1209 -13060 -186 -145 -65 -63 -22 -19 -382.306
1219 -9465 -178 -138 -65 -58 -19 -19 -422.568
1229 -9535 -73 -66 -64 -52 -45 -25 -292.768
1239 -13170 -73 -66 -64.5 -52 -45 -24 -249.54
1249 -9527 -73 -66 -64 -52 -45 -28 -219.383
1259 -12560 -73 -66 -64 -52 -45 -19 -311.854
1269 -17835 -74.5 -67 -65 -52 -44.5 -16 -319.998
1279 -6766 -73 -66 -65 -52 -45 -17 -286.696
1289 -11193 -188 -146 -65 -62 -21 -21 -339.299
1299 -13443 -261 -195 -65 -63 -21 -21 -449.669
1309 -8731 -156.5 -121 -65 -50 -16 -16 -345.403
1319 -13528 -139.5 -111 -65 -54 -25.5 -16 -362.686
1329 -9282 -94 -82 -65 -58 -46 -28 -283.87
1339 -8969 -189.5 -144 -65 -53 -14 -14 -341.314
1349 -10046 -161.5 -124 -65 -49 -15 -15 -326.065
1359 -10274 -153 -118 -65 -48 -15 -15 -375.744
1369 -18876 -108 -87 -65 -45 -24 -15 -363.501
1379 -12809 -204 -154 -65 -54 -15 -15 -407.582
1389 -15465 -217 -161 -65 -49 -15 -15 -465.506
1399 -8247 -72.5 -66 -64 -53 -46.5 -27 -220.929
1409 -9708 -71.5 -66 -64 -55 -49.5 -36 -243.454
1419 -20866 -71 -66 -64 -56 -51 -15 -310.346
1429 -12684 -76 -69 -65 -55 -48 -16 -337.725
1439 -11594 -71.5 -66 -64 -55 -49.5 -19 -311.332
1449 -9957 -70 -66 -65 -58 -54 -17 -300.99
1459 -12521 -71.5 -66 -64 -55 -49.5 -17 -313.621
1469 -14354 -77.5 -71 -64 -58 -51.5 -17 -379.282
1479 -8309 -70 -66 -65 -58 -54 -23 -263.366
1489 -9525 -70 -66 -64 -58 -54 -16 -278.725
1499 -14844 -136.5 -112 -65 -63 -38.5 -21 -295.823
1509 -12123 -201 -155 -65 -63 -18 -18 -361.388
1519 -13704 -211.5 -162 -65 -63 -17 -17 -386.445
1529 -11402 -406.5 -292 -65 -63 -20 -20 -565.219
1539 -10566 -472.5 -336 -65 -63 -25 -25 -585.544
1549 -11333 -73 -67 -64 -55 -49 -17 -328.245
1559 -12837 -77.5 -70 -65 -55 -47.5 -15 -350.969
1569 -9852 -74 -67 -65 -53 -46 -18 -370.99
1579 -7942 -72.5 -66 -65 -53 -46.5 -19 -290.653
1589 -10921 -168 -133 -65 -63 -28 -19 -313.673
1599 -14765 -153.5 -121 -65 -56 -23.5 -18 -560.398
1609 -13783 -73 -67 -65 -55 -49 -23 -277.515
1619 -9016 -100 -86 -65 -58 -44 -23 -367.864
1629 -10607 -78 -70 -65 -54 -46 -19 -324.409
1639 -12864 -140.5 -112 -65 -55 -26.5 -18 -340.703
1649 -14578 -234 -177 -65 -63 -17 -17 -430.712
1659 -8276 -264.5 -197 -65 -62 -18 -18 -447.973
1669 -12535 -429 -307 -65 -63 -25 -25 -602.889
1679 -10050 -72.5 -66 -65 -53 -46.5 -26 -316.354
1689 -13144 -73 -66 -64 -52 -45 -19 -283.529
1699 -11210 -73 -66 -64 -52 -45 -22 -241.1
1709 -14899 -73 -66 -64 -52 -45 -18 -311.576
1719 -11567 -77 -69 -64 -53 -45 -19 -325.739
1729 -10936 -694.5 -484 -65 -63 -31 -31 -840.591
1739 -11811 -361.5 -262 -65 -63 -27 -27 -515.133
1749 -8483 -196.5 -152 -65 -63 -24 -24 -404.809
1759 -8112 -240 -181 -65 -63 -24 -24 -444.166
1769 -12812 -1333 -912 -71 -70 -26 -26 -833.569
1779 -11502 -188 -148 -70 -68 -28 -26 -443.446
1789 -9198 -159.5 -129 -70 -68 -37.5 -27 -385.075
1799 -12539 -618.5 -435 -70 -68 -23 -23 -762.945
1809 -11647 -806 -560 -70 -68 -19 -19 -785.915
1819 -8665 -523.5 -372 -70 -69 -28 -28 -440.143
1829 -8654 -450.5 -323 -70 -68 -19 -19 -428.33
1839 -12738 -469.5 -336 -70 -69 -25 -25 -513.816
1849 -13440 -243.5 -185 -70 -68 -26 -26 -450.554
1859 -12658 -166 -132 -70 -64 -30 -20 -319.302
1869 -9112 -121 -102 -70 -64 -45 -27 -275.871
1879 -9640 -123.5 -105 -70 -68 -49.5 -20 -332.058
1889 -12822 -96.5 -87 -70 -68 -58.5 -18 -275.476
1899 -11377 -117.5 -101 -70 -68 -51.5 -19 -273.343
1909 -7955 -173 -138 -70 -68 -33 -25 -266.941
1919 -11548 -228 -175 -70 -69 -25 -25 -331.853
1929 -11871 -913.5 -632 -70 -69 -18 -18 -918.016
1939 -10772 -351 -257 -70 -69 -26 -26 -482.188
1949 -13295 -179 -142 -73 -68 -42 -42 -427.425
1959 -10537 -157.5 -128 -74 -69 -41 -41 -402.697
1969 -14508 -77 -74 -73 -68 -65 -37 -210.236
1979 -16934 -77 -74 -73 -68 -65 -38 -277.097
1989 -10661 -78 -75 -74 -69 -66 -14 -320.434
1999 -10209 -74.5 -71 -69 -64 -60.5 -34 -286.164
2009 -8303 -74.5 -71 -70 -64 -60.5 -24 -235.402
2019 -7660 -236 -180 -70 -68 -39 -39 -497.568
2029 -12796 -186 -148 -74 -72 -34 -34 -484.713
2039 -13313 -89 -80 -73 -62 -53 -20 -391.057
2049 -8894 -80.5 -74 -72 -61 -54.5 -26 -289.772
2059 -8868 -76.5 -74 -70 -69 -66.5 -32 -244.037
2069 -10710 -72 -71 -70 -69 -68 -39 -249.484
2079 -7851 -72 -71 -70 -69 -68 -31 -251.571
2089 -7753 -72.5 -71 -70 -68 -66.5 -16 -294.808
2099 -9962 -72.5 -71 -70 -68 -66.5 -24 -251.229
2109 -9140 -72.5 -71 -70 -68 -66.5 -16 -282.543
2119 -11071 -72.5 -71 -70 -68 -66.5 -28 -284.357
2129 -10169 -72.5 -71 -70 -68 -66.5 -28 -262.454
2139 -8719 -72.5 -71 -70 -68 -66.5 -38 -255.597
2149 -15363 -72.5 -71 -70 -68 -66.5 -27 -243.191
2159 -10327 -79 -76 -74 -70 -67 -32 -284.034
2169 -8046 -79 -76 -74 -70 -67 -31 -258.404
2179 -9460 -82 -78 -75 -70 -66 -38 -234.296
2189 -19346 -82 -78 -75 -70 -66 -35 -340.272
2199 -10089 -82 -78 -75 -70 -66 -44 -309.109
2209 -10692 -79 -76 -74 -70 -67 -34 -282.316
2219 -10835 -79 -76 -74 -70 -67 -39 -264.624
2229 -10368 -79 -76 -74 -70 -67 -35 -323.743
2239 -10752 -188.5 -149 -75 -70 -30.5 -28 -476.156
2249 -9533 -226 -174 -75 -70 -29 -29 -530.775
2259 -10130 -238 -182 -75 -70 -28 -28 -517.585
2269 -12438 -83 -76 -74 -62 -55 -30 -266.458
2279 -9548 -83 -76 -74 -62 -55 -36 -249.088
2289 -8224 -83 -76 -74 -62 -55 -37 -200.113
2299 -8119 -83 -76 -74 -62 -55 -35 -271.696
2309 -10252 -79 -76 -74 -70 -67 -51 -240.148
2319 -15513 -79 -76 -74 -70 -67 -26 -243.048
2329 -7021 -79 -76 -74 -70 -67 -28 -261.337
2339 -11705 -86.5 -81 -75 -70 -64.5 -28 -445.339
2349 -9549 -80 -76 -74 -68 -64 -28 -294.204
2359 -12499 -233.5 -179 -75 -70 -23 -23 -491.293
2369 -11387 -83 -76 -74 -62 -55 -34 -205.873
2379 -7047 -808 -563 -75 -73 -24 -24 -595.345
2389 -12728 -83 -76 -74 -62 -55 -27 -297.451
2399 -8257 -82.5 -76 -74 -63 -56.5 -28 -308.797
2409 -9579 -82.5 -76 -74 -63 -56.5 -28 -333.118
2419 -11019 -83 -76 -74 -62 -55 -28 -239.275
2429 -16122 -80 -76 -74 -68 -64 -38 -282.538
2439 -13127 -82 -76 -74 -64 -58 -29 -286.857
2449 -11784 -83 -76 -74 -62 -55 -29 -263.124
2459 -7893 -80 -76 -74 -68 -64 -28 -263.952
2469 -8641 -79.5 -76 -74 -69 -65.5 -38 -255.293
2479 -7883 -82.5 -76 -74 -63 -56.5 -32 -288.764
2489 -9043 -83 -76 -74 -62 -55 -28 -286.14
2499 -11889 -80 -76 -74 -68 -64 -44 -342.048
2509 -8513 -83 -76 -74 -62 -55 -29 -248.216
2519 -9000 -83 -76 -74 -62 -55 -29 -279.462
2529 -7701 -79 -76 -74 -70 -67 -29 -233.749
2539 -10185 -83 -76 -74 -62 -55 -27 -275.241
2549 -10194 -83 -76 -74 -62 -55 -31 -257.432
2559 -12074 -79 -76 -74 -70 -67 -26 -280.001
2569 -10209 -79 -76 -74 -70 -67 -28 -324.012
2579 -14620 -79 -76 -74 -70 -67 -28 -307.765
2589 -12871 -79 -76 -74 -70 -67 -28 -288.448
2599 -9418 -79 -76 -74 -70 -67 -28 -281.143
2609 -12637 -79 -76 -74 -70 -67 -31 -313.518
2619 -13504 -79 -76 -74 -70 -67 -23 -277.187
2629 -15739 -79 -76 -74 -70 -67 -28 -341.337
2639 -10892 -79 -76 -74 -70 -67 -44 -311.25
2649 -10309 -80 -76 -74 -68 -64 -45 -299.142
2659 -8488 -79 -76 -74 -70 -67 -36 -298.3
2669 -14364 -242.5 -185 -75 -70 -33 -33 -547.108
2679 -11856 -79 -76 -74 -70 -67 -36 -335.74
2689 -20939 -263.5 -199 -75 -70 -35 -35 -559.424
2699 -12318 -79 -76 -74 -70 -67 -39 -251.958
2709 -11639 -86.5 -81 -74 -70 -64.5 -17 -449.722
2719 -10618 -79 -76 -74 -70 -67 -24 -317.941
2729 -8464 -79 -76 -74 -70 -67 -23 -308.286
2739 -14068 -79 -76 -74 -70 -67 -29 -353.637
2749 -14070 -79 -76 -74 -70 -67 -39 -318.973
2759 -13001 -79 -76 -74 -70 -67 -34 -302.887
2769 -20306 -79 -76 -74 -70 -67 -36 -324.781
2779 -14051 -82.5 -76 -74 -63 -56.5 -16 -293.774
2789 -12566 -82 -78 -74 -70 -66 -17 -403.692
2799 -9646 -79 -76 -75 -70 -67 -16 -348.058
2809 -14397 -79 -76 -74 -70 -67 -17 -385.154
2819 -10793 -79 -76 -74 -70 -67 -17 -374.509
2829 -8420 -79 -76 -74 -70 -67 -16 -273.879
2839 -13008 -79 -76 -74 -70 -67 -17 -307.144
2849 -7247 -79 -76 -74 -70 -67 -19 -298.781
2859 -9410 -79 -76 -74 -70 -67 -18 -354.295
2869 -7957 -79 -76 -74 -70 -67 -20 -321.398
2879 -14082 -79 -76 -74 -70 -67 -19 -319.46
2889 -10981 -86.5 -81 -75 -70 -64.5 -23 -342.074
2899 -8597 -79 -76 -74 -70 -67 -21 -292.212
2909 -15647 -79 -76 -75 -70 -67 -23 -303.97
2919 -8530 -79 -76 -74 -70 -67 -18 -269.963
2929 -10830 -79 -76 -74 -70 -67 -35 -308.632
2939 -10025 -79 -76 -74 -70 -67 -35 -265.504
2949 -9669 -79 -76 -74 -70 -67 -33 -294.9
2959 -14729 -79 -76 -74 -70 -67 -31 -447.107
2969 -9100 -83 -76 -74 -62 -55 -42 -257.859
2979 -11827 -82 -76 -74 -64 -58 -36 -296.029
2989 -8092 -83 -76 -74 -62 -55 -46 -308.49
2999 -7301 -83 -76 -74 -62 -55 -39 -263.996
3009 -10796 -83 -76 -74 -62 -55 -38 -305.524
3019 -9869 -83 -76 -74 -62 -55 -39 -252.289
3029 -9738 -83 -76 -74 -62 -55 -39 -333.702
3039 -8877 -83 -76 -74 -62 -55 -14 -267.728
3049 -13999 -79 -76 -74 -70 -67 -40 -283.717
3059 -9061 -83 -76 -74 -62 -55 -36 -290.088
3069 -10977 -83 -76 -74 -62 -55 -44 -323.72
3079 -10093 -83 -76 -74 -62 -55 -31 -316.226
3089 -6322 -83 -76 -74 -62 -55 -27 -249.871
3099 -10576 -83 -76 -74 -62 -55 -31 -283.009
3109 -8549 -83 -76 -74 -62 -55 -28 -324.458
3119 -11076 -83 -76 -74 -62 -55 -46 -413.434
3129 -7736 -79 -76 -74 -70 -67 -48 -308.323
3139 -9443 -79 -76 -74 -70 -67 -28 -334.329
3149 -8774 -83 -76 -74 -62 -55 -49 -250.186
3159 -10223 -81 -76 -74 -66 -61 -44 -278.056
3169 -18099 -83 -76 -74 -62 -55 -35 -434.488
3179 -8588 -83 -76 -74 -62 -55 -37 -302.265
3189 -8380 -83 -76 -74 -62 -55 -17 -308.418
3199 -12259 -83 -76 -74 -62 -55 -34 -419.913
3209 -7811 -79 -76 -74 -70 -67 -40 -287.852
3219 -16721 -82.5 -76 -74 -63 -56.5 -34 -459.806
3229 -12066 -83 -76 -74 -62 -55 -32 -255.129
3239 -13492 -83 -76 -74 -62 -55 -34 -447.546
3249 -9759 -83 -76 -74 -62 -55 -44 -395.098
3259 -13148 -83 -76 -74 -62 -55 -36 -376.169
3269 -11783 -83 -76 -74 -62 -55 -40 -420.4
3279 -11426 -79 -76 -74 -70 -67 -36 -441.53
3289 -17037 -79 -76 -74 -70 -67 -28 -330.837
3299 -8207 -331 -244 -75 -70 -17 -17 -529.573
3309 -17687 -154 -126 -75 -70 -48 -48 -539.864
3319 -9415 -379 -276 -75 -70 -19 -19 -539.916
3329 -8529 -226 -174 -75 -70 -39 -39 -504.173
3339 -14743 -232 -178 -75 -70 -47 -47 -504.756
3349 -15173 -83 -76 -74 -62 -55 -21 -235.999
3359 -12000 -83 -76 -74 -62 -55 -19 -227.052
3369 -7514 -82 -76 -74 -64 -58 -17 -218.033
3379 -18663 -79.5 -76 -74 -69 -65.5 -18 -255.891
3389 -5971 -83 -76 -74 -62 -55 -26 -200.374
3399 -11381 -82 -76 -74 -64 -58 -17 -255.767
3409 -8197 -88 -82 -75 -70 -64 -33 -224.648
3419 -11279 -434.5 -314 -75 -73 -38 -38 -563.184
3429 -6650 -83 -76 -74 -62 -55 -38 -188.846
3439 -8896 -82 -76 -74 -64 -58 -34 -214.066
3449 -12369 -82 -76 -74 -64 -58 -28 -252.565
3459 -12349 -325 -240 -75 -70 -14 -14 -518.346
3469 -7277 -547 -389 -75 -73 -35 -35 -581.692
3479 -14366 -79 -76 -74 -70 -67 -17 -294.751
3489 -9778 -83 -76 -74 -62 -55 -16 -321.076
3499 -8994 -92.5 -85 -75 -70 -62.5 -30 -248.095
3509 -15524 -181 -144 -75 -70 -33 -29 -331.907
3519 -11072 -104.5 -93 -75 -70 -58.5 -40 -282.971
3529 -18694 -79 -76 -73 -70 -67 -17 -224.414
3539 -5212 -83 -76 -74 -62 -55 -18 -194.773
3549 -10337 -83 -76 -74 -62 -55 -18 -207.711
3559 -7418 -83 -76 -74 -62 -55 -17 -233.231
3569 -14668 -83 -76 -74 -62 -55 -18 -252.065
3579 -9668 -145 -120 -75 -70 -45 -18 -409.772
3589 -7593 -82.5 -76 -74 -63 -56.5 -25 -224.55
3599 -10170 -83 -76 -74 -62 -55 -25 -248.826
3609 -8738 -83 -76 -74 -62 -55 -19 -225.235
3619 -8832 -83 -76 -74 -62 -55 -19 -292.084
3629 -17557 -481 -345 -75 -73 -26 -26 -598.201
3639 -10419 -81 -76 -74 -66 -61 -22 -312.591
3649 -11461 -550 -390 -75 -70 -23 -23 -539.276
3659 -9750 -83 -76 -74 -62 -55 -16 -215.573
3669 -7714 -83 -76 -74 -62 -55 -16 -289.941
3679 -10167 -83 -76 -74 -62 -55 -16 -286.807
3689 -12673 -83 -76 -74 -62 -55 -16 -365.821
3699 -11936 -83 -76 -74 -62 -55 -16 -356.435
3709 -8710 -83 -76 -74 -62 -55 -16 -382.448
3719 -12265 -81 -76 -74 -66 -61 -16 -385.954
3729 -9872 -383.5 -279 -75 -70 -20 -20 -487.481
3739 -9110 -79 -76 -74 -70 -67 -35 -294.923
3749 -7008 -116.5 -101 -75 -70 -54.5 -31 -316.793
3759 -10513 -187 -148 -75 -70 -47 -47 -375.183
3769 -10076 -95.5 -87 -75 -70 -61.5 -18 -323.289
3779 -7482 -86.5 -81 -75 -70 -64.5 -36 -352.099
3789 -10612 -148 -122 -75 -70 -44 -42 -398.242
3799 -12325 -79 -76 -74 -70 -67 -41 -307.425
3809 -8546 -79 -76 -74 -70 -67 -16 -257.297
3819 -7795 -79 -76 -74 -70 -67 -23 -272.889
3829 -10879 -535 -380 -75 -70 -22 -22 -521.932
3839 -15350 -520 -370 -75 -70 -38 -38 -557.774
3849 -10386 -79 -76 -74 -70 -67 -23 -430.161
3859 -11013 -167.5 -135 -75 -70 -40 -40 -356.242
3869 -11380 -139 -116 -75 -70 -47 -34 -477.959
3879 -10792 -79 -76 -74 -70 -67 -16 -441.26
3889 -8800 -79 -76 -74 -70 -67 -23 -318.049
3899 -13580 -79 -76 -75 -70 -67 -14 -369.949
3909 -8404 -79 -76 -74 -70 -67 -15 -354.373
3919 -12687 -79 -76 -75 -70 -67 -17 -346.157
3929 -8979 -79 -76 -74 -70 -67 -34 -283.242
3939 -9193 -79 -76 -74 -70 -67 -25 -288.887
3949 -10997 -79 -76 -74 -70 -67 -26 -306.888
3959 -13726 -83 -76 -74 -62 -55 -25 -317.482
3969 -15312 -79 -76 -74 -70 -67 -26 -282.329
3979 -8230 -79 -76 -74 -70 -67 -15 -269.849
3989 -9096 -79 -76 -74 -70 -67 -23 -282.616
3999 -15013 -79 -76 -74 -70 -67 -39 -429.926
4009 -13877 -79 -76 -74 -70 -67 -23 -479.005
4019 -11102 -83 -76 -74 -62 -55 -19 -241.826
4029 -8606 -82.5 -76 -74 -63 -56.5 -27 -287.234
4039 -12595 -82 -78 -75 -70 -66 -17 -438.931
4049 -16002 -79 -76 -75 -70 -67 -17 -413.942
4059 -12201 -79 -76 -74 -70 -67 -27 -268.08
4069 -11046 -83 -76 -74 -62 -55 -18 -290.306
4079 -11387 -83 -76 -74 -62 -55 -22 -267.204
4089 -11106 -79 -76 -74 -70 -67 -23 -336.118
4099 -13780 -83 -76 -74 -62 -55 -18 -304.036
4109 -8525 -79 -76 -74 -70 -67 -29 -287.891
4119 -10400 -664 -466 -75 -70 -18 -18 -720.728
4129 -12844 -79 -76 -74 -70 -67 -45 -325.228
4139 -12017 -79 -76 -74 -70 -67 -34 -328.931
4149 -14144 -79 -76 -74 -70 -67 -28 -257.353
4159 -8491 -79 -76 -74 -70 -67 -28 -236.785
4169 -11157 -79 -76 -74 -70 -67 -31 -274.92
4179 -11630 -79 -76 -74 -70 -67 -16 -266.923
4189 -9226 -128.5 -109 -75 -70 -50.5 -24 -393.294
4199 -11297 -1231 -845 -75 -73 -38 -38 -822
4209 -10008 -106 -94 -75 -70 -58 -26 -403.766
4219 -13621 -1571 -1072 -75 -74 -23 -23 -1000.57
4229 -8242 -80 -76 -70 -68 -64 -26 -345.078
4239 -9352 -171.5 -137 -70 -68 -33.5 -26 -354.827
4249 -8826 -111.5 -97 -70 -68 -53.5 -22 -393.144
4259 -8057 -384 -279 -70 -69 -27 -27 -451.02
4269 -8027 -84.5 -79 -70 -68 -62.5 -27 -391.363
4279 -7168 -101.5 -89 -70 -64 -51.5 -25 -364.714
4289 -6455 -77 -70 -68 -56 -49 -26 -120.067
4299 -7862 -153.5 -125 -70 -68 -39.5 -26 -342.839
4309 -10351 -219.5 -169 -70 -68 -26 -26 -389.119
4319 -8047 -462 -331 -70 -69 -26 -26 -468.051
4329 -6472 -80.5 -73 -70 -58 -50.5 -27 -226.215
4339 -7992 -141.5 -117 -70 -68 -43.5 -39 -295.543
4349 -7017 -80.5 -73 -70 -58 -50.5 -39 -266.617
4359 -5622 -80.5 -73 -70 -58 -50.5 -27 -222.53
4369 -6814 -78 -73 -70 -63 -58 -34 -168.521
4379 -14825 -433.5 -312 -70 -69 -26 -26 -472.385
4389 -4764 -77.5 -71 -69 -58 -51.5 -31 -126.015
4399 -7272 -87.5 -81 -70 -68 -61.5 -26 -294.174
4409 -12522 -613.5 -432 -70 -69 -26 -26 -517.124
4419 -10820 -468 -335 -70 -69 -26 -26 -458.517
4429 -7017 -76 -73 -70 -67 -64 -28 -255.38
4439 -9194 -340.5 -250 -70 -69 -22 -22 -376.425
4449 -8387 -107 -94 -70 -68 -55 -31 -275.491
4459 -10915 -436.5 -314 -70 -69 -31 -31 -433.683
4469 -8972 -75.5 -70 -69 -59 -53.5 -31 -193.502
4479 -7560 -80.5 -73 -70 -58 -50.5 -27 -221.435
4489 -9962 -495 -353 -70 -69 -34 -34 -498.773
4499 -7457 -78 -73 -70 -63 -58 -34 -231.524
4509 -6690 -76 -71 -70 -61 -56 -26 -216.959
4519 -11944 -463.5 -332 -70 -69 -31 -31 -485.768
4529 -18959 -628.5 -442 -70 -69 -27 -27 -549.793
4539 -13252 -385.5 -280 -70 -69 -20 -20 -459.792
4549 -8077 -435 -313 -70 -69 -35 -35 -445.276
4559 -6866 -80 -71 -70 -53 -44 -26 -222.437
4569 -6972 -79.5 -71 -70 -54 -45.5 -27 -238.078
4579 -7122 -75 -71 -70 -63 -59 -34 -271.463
4589 -7243 -82 -71 -69 -49 -38 -24 -206.237
4599 -13329 -523.5 -372 -70 -69 -26 -26 -482.851
4609 -8385 -75.5 -71 -69 -62 -57.5 -27 -274.88
4619 -9882 -245 -186 -70 -68 -26 -26 -514.001
4629 -6982 -75.5 -71 -69 -62 -57.5 -17 -215.19
4639 -9512 -74.5 -71 -69 -64 -60.5 -27 -242.09
4649 -8592 -75.5 -71 -69 -62 -57.5 -27 -278.842
4659 -15594 -123.5 -105 -70 -68 -49.5 -18 -565.779
4669 -17017 -79 -71 -70 -55 -47 -24 -259.2
4679 -6037 -79.5 -71 -70 -54 -45.5 -26 -199.655
4689 -4662 -79.5 -71 -70 -54 -45.5 -26 -216.826
4699 -6592 -79 -76 -74 -70 -67 -26 -245.044
4709 -9412 -458.5 -330 -75 -73 -24 -24 -446.907
4719 -8454 -87 -76 -73 -54 -43 -27 -231.417
4729 -8242 -87 -76 -74 -54 -43 -23 -219.009
4739 -7019 -118 -102 -75 -70 -54 -25 -269.578
4749 -10711 -406 -295 -75 -73 -26 -26 -477.999
4759 -9135 -112 -98 -75 -70 -56 -26 -272.414
4769 -9247 -83.5 -79 -75 -70 -65.5 -26 -280.239
4779 -7621 -79 -76 -74 -70 -67 -27 -234.597
4789 -6612 -100 -90 -74 -70 -60 -23 -264.405
4799 -11067 -95.5 -87 -75 -70 -61.5 -15 -285.637
4809 -8637 -194.5 -153 -75 -70 -28.5 -26 -320.326
4819 -11067 -95.5 -87 -74 -70 -61.5 -26 -270.152
4829 -15669 -154 -126 -75 -70 -42 -26 -331.145
4839 -11528 -152.5 -125 -75 -70 -42.5 -26 -296.359
4849 -8477 -86.5 -81 -75 -70 -64.5 -26 -257.745
4859 -7142 -172 -138 -75 -70 -36 -26 -294.244
4869 -5357 -79 -76 -75 -70 -67 -26 -275.827
4879 -9707 -85 -80 -75 -70 -65 -26 -246.66
4889 -9172 -146.5 -121 -75 -70 -44.5 -26 -317.263
4899 -7907 -104.5 -93 -75 -70 -58.5 -25 -297.983
4909 -11352 -155.5 -127 -75 -70 -41.5 -26 -311.053
4919 -8597 -86.5 -81 -75 -70 -64.5 -24 -293.86
4929 -6107 -79 -76 -75 -70 -67 -26 -253.083
4939 -6907 -95.5 -87 -75 -70 -61.5 -27 -279.454
4949 -6552 -103 -92 -75 -70 -59 -26 -247.884
4959 -7037 -112 -98 -75 -70 -56 -26 -247.35
4969 -6293 -88 -82 -75 -70 -64 -26 -261.096
4979 -8827 -109 -96 -75 -70 -57 -27 -256.768
4989 -6957 -86.5 -81 -75 -70 -64.5 -26 -236.466
4999 -6862 -103 -92 -75 -70 -59 -26 -234.393
