9 -60.71 -706 -31 -140.055 18.6349
19 -44.94 -67 -28 -52.2055 -37.6745
29 -60.67 -1626 -31 -218.179 96.8394
39 -48.79 -76 -31 -58.0421 -39.5379
49 -45.82 -93 -31 -53.9486 -37.6914
59 -66.93 -568 -31 -158.26 24.4003
69 -45.09 -66 -27 -51.5926 -38.5874
79 -55.87 -712 -27 -128.866 17.1256
89 -103.28 -4271 -27 -531.888 325.328
99 -86.23 -1446 -31 -169.091 -3.36871
109 -80.18 -565 -31 -170.605 10.2454
119 -64.53 -395 -31 -131.409 2.34902
129 -61.66 -483 -32 -121.963 -1.35659
139 -138.16 -1988 -28 -393.135 116.815
149 -82.68 -820 -31 -201.341 35.9805
159 -72.45 -728 -31 -167.268 22.3677
169 -76.67 -505 -31 -160.152 6.81206
179 -58.63 -311 -31 -111.267 -5.99277
189 -76.37 -710 -31 -184.14 31.3998
199 -93.76 -690 -35 -203.235 15.7146
209 -116.84 -982 -31 -279.134 45.4537
219 -83.06 -945 -31 -202.923 36.8028
229 -102.68 -1120 -31 -249.119 43.7589
239 -117.29 -555 -31 -233.625 -0.955477
249 -159.91 -1419 -31 -370.465 50.645
259 -86.7 -590 -31 -183.481 10.0809
269 -96.47 -1412 -31 -248.761 55.8212
279 -120.31 -1065 -31 -279.325 38.7052
289 -80.21 -663 -32 -186.471 26.0512
299 -92.5 -655 -31 -196.871 11.8712
309 -178.75 -3568 -31 -659.767 302.267
319 -96.65 -1086 -31 -237.119 43.819
329 -135.89 -3516 -31 -504.819 233.039
339 -90.95 -857 -31 -231.496 49.5959
349 -95.32 -823 -31 -225.443 34.8028
359 -156.59 -3842 -31 -577.511 264.331
369 -228.66 -2519 -31 -710.072 252.752
379 -156.71 -1805 -31 -478.067 164.647
389 -227.26 -3706 -31 -677.648 223.128
399 -129.11 -1290 -31 -329.026 70.8064
409 -230.8 -2246 -31 -629.63 168.03
419 -232.44 -1844 -31 -639.869 174.989
429 -290.68 -4152 -31 -950.069 368.709
439 -180.72 -1761 -31 -472.392 110.952
449 -210.67 -3732 -31 -730.315 308.975
459 -204.75 -2460 -31 -545.219 135.719
469 -99.82 -675 -31 -211.63 11.9901
479 -91.05 -525 -31 -193.884 11.7836
489 -159.1 -1683 -31 -399.996 81.7956
499 -256.04 -1817 -31 -598.784 86.7044
509 -102.84 -709 -31 -227.401 21.721
519 -121.52 -1058 -31 -293.07 50.0304
529 -119.1 -1113 -31 -312.812 74.6115
539 -178.88 -1417 -31 -472.019 114.259
549 -279.64 -3510 -31 -858.269 298.989
559 -128.97 -1905 -31 -352.57 94.6297
569 -114.05 -1051 -31 -265.829 37.7294
579 -99.51 -921 -35 -232.5 33.4801
589 -109.73 -1337 -31 -290.574 71.1143
599 -74.98 -740 -31 -165.853 15.8928
609 -89.89 -598 -31 -197.637 17.8568
619 -76.44 -596 -31 -160.481 7.60084
629 -102.33 -765 -31 -226.45 21.7902
639 -100.28 -601 -31 -217.829 17.2685
649 -141.69 -1194 -31 -336.72 53.3398
659 -126.57 -1184 -31 -322.755 69.6151
669 -119.22 -1813 -31 -328.647 90.207
679 -88.96 -696 -31 -189.096 11.1765
689 -140.27 -987 -31 -303.389 22.8487
699 -142.14 -831 -31 -306.747 22.4675
709 -86.14 -489 -31 -163.986 -8.29361
719 -118.79 -1111 -31 -286.131 48.5512
729 -130.31 -957 -31 -284.191 23.5711
739 -128.17 -1150 -31 -299.146 42.8062
749 -119.26 -462 -31 -236.707 -1.81276
759 -132 -879 -31 -299.773 35.7728
769 -113.62 -557 -31 -240.591 13.3508
779 -142.37 -2586 -32 -466.706 181.966
789 -132.22 -1816 -32 -369.598 105.158
799 -198 -4111 -32 -665.482 269.482
809 -137.85 -1386 -32 -340.066 64.3661
819 -265.27 -3751 -32 -870.531 339.991
829 -158.37 -1716 -32 -432.402 115.662
839 -142.21 -1656 -32 -400.383 115.963
849 -136.17 -2726 -31 -428.895 156.555
859 -155.98 -4686 -32 -629.349 317.389
869 -196.3 -2092 -32 -579.134 186.534
879 -336.14 -3612 -36 -1062.17 389.889
889 -125.34 -1526 -32 -313.939 63.2589
899 -143.51 -1811 -32 -410.433 123.413
909 -230.82 -7431 -32 -1002.23 540.588
919 -231.92 -1941 -32 -595.589 131.749
929 -124.7 -1112 -32 -280.106 30.7064
939 -145.48 -3481 -32 -501.85 210.89
949 -190.96 -4171 -32 -650.132 268.212
959 -191.92 -2546 -37 -513.343 129.503
969 -208.13 -2816 -36 -647.145 230.885
979 -112.68 -1161 -40 -270.543 45.1834
989 -131.5 -1059 -36 -325.416 62.4158
999 -188.75 -3161 -39 -619.027 241.527
1009 -131.54 -2351 -40 -382.028 118.948
1019 -155.22 -836 -40 -337.054 26.6144
1029 -115.25 -1486 -35 -301.977 71.477
1039 -191.95 -1866 -32 -468.503 84.6027
1049 -139.51 -1353 -35 -372.304 93.2843
1059 -148.69 -2646 -32 -464.002 166.622
1069 -118.52 -1356 -35 -302.5 65.4599
1079 -139.26 -1431 -40 -379.117 100.597
1089 -162.79 -2456 -40 -497.39 171.81
1099 -388.4 -4606 -36 -1231.19 454.392
1109 -318.08 -5301 -39 -1023.31 387.145
1119 -291.23 -5031 -40 -921.063 338.603
1129 -277.1 -5701 -31 -992.342 438.142
1139 -97.46 -584 -31 -203.073 8.15281
1149 -115.79 -779 -31 -257.434 25.8544
1159 -120.35 -2458 -31 -375.846 135.146
1169 -412.03 -6226 -31 -1305.89 481.829
1179 -299.49 -4241 -31 -1004.23 405.251
1189 -359.24 -4782 -31 -1177.74 459.257
1199 -320.95 -6751 -31 -1134.45 492.547
1209 -240.8 -3821 -31 -726.598 244.998
1219 -244.25 -5206 -31 -905.132 416.632
1229 -211.08 -4191 -31 -698.295 276.135
1239 -201 -3621 -31 -628.907 226.907
1249 -139.65 -920 -31 -325.244 45.9437
1259 -271.71 -3536 -31 -872.739 329.319
1269 -153.24 -1581 -31 -413.31 106.83
1279 -205.56 -3376 -31 -743.334 332.214
1289 -243.63 -3741 -31 -798.881 311.621
1299 -199.02 -2001 -31 -534.385 136.345
1309 -234.91 -3771 -31 -803.176 333.356
1319 -203.39 -3996 -31 -758.297 351.517
1329 -236.89 -5676 -31 -838.683 364.903
1339 -283.76 -4656 -31 -931.587 364.067
1349 -295.86 -4671 -31 -1064.64 472.918
1359 -223.2 -8061 -31 -1056.39 609.986
1369 -314.58 -8996 -31 -1277.97 648.808
1379 -265.27 -7376 -31 -1250.19 719.647
1389 -209.11 -3071 -31 -689.36 271.14
1399 -147.72 -3366 -31 -501.487 206.047
1409 -210.89 -3871 -31 -752.677 330.897
1419 -253.08 -5116 -31 -857.726 351.566
1429 -192.53 -4466 -32 -768.536 383.476
1439 -128.93 -1926 -31 -400.232 142.372
1449 -365.13 -5331 -31 -1319.81 589.55
1459 -271.77 -8881 -31 -1296.07 752.525
1469 -176.18 -2791 -31 -574.511 222.151
1479 -279.45 -7751 -31 -1247.26 688.357
1489 -241.19 -3351 -31 -748.121 265.741
1499 -221.05 -4511 -31 -858.504 416.404
1509 -209.7 -2651 -35 -673.815 254.415
1519 -123.5 -1306 -31 -330.765 83.7645
1529 -199.99 -3231 -31 -671.754 271.774
1539 -143.33 -1876 -31 -427.922 141.262
1549 -217.91 -4411 -31 -651.371 215.551
1559 -192.52 -3471 -31 -653.678 268.638
1569 -231.15 -6561 -31 -938.805 476.505
1579 -292.71 -5896 -31 -1077.76 492.34
1589 -263.27 -4131 -31 -909.39 382.85
1599 -279.44 -2826 -31 -877.525 318.645
1609 -202.6 -4776 -31 -879.351 474.151
1619 -137.36 -2301 -31 -428.006 153.286
1629 -229.06 -3691 -31 -797.162 339.042
1639 -297.68 -4821 -31 -1084.56 489.201
1649 -158.07 -2386 -31 -486.808 170.668
1659 -207.16 -6381 -31 -879.012 464.692
1669 -242.02 -6596 -31 -1069.83 585.79
1679 -118.89 -1921 -31 -371.552 133.772
1689 -208.99 -2736 -31 -714.472 296.492
1699 -163.42 -2766 -31 -576.993 250.153
1709 -187.1 -7076 -31 -916.426 542.226
1719 -141.23 -2696 -31 -483.533 201.073
1729 -327.71 -4081 -31 -1092.51 437.091
1739 -136.45 -2241 -31 -482.49 209.59
1749 -208.15 -3736 -31 -754.425 338.125
1759 -145.34 -3681 -31 -547.118 256.438
1769 -193.5 -4386 -31 -760.252 373.252
1779 -180.72 -3571 -31 -681.723 320.283
1789 -198.94 -3031 -31 -656.862 258.982
1799 -185.72 -2311 -31 -542.049 170.609
1809 -250.03 -5581 -31 -974.298 474.238
1819 -210.94 -7176 -35 -967.628 545.748
1829 -125.7 -2391 -31 -449.517 198.117
1839 -92.2 -2006 -32 -294.708 110.308
1849 -190.09 -3966 -35 -716.607 336.427
1859 -209.54 -2551 -31 -644.017 224.937
1869 -179.49 -2721 -35 -583.124 224.144
1879 -134.07 -1686 -32 -394.404 126.264
1889 -185.6 -2496 -32 -582.18 210.98
1899 -258.63 -6931 -32 -1163.49 646.231
1909 -264.48 -4171 -32 -968.768 439.808
1919 -201.95 -2806 -32 -672.81 268.91
1929 -269.85 -5981 -32 -1073.04 533.344
1939 -171.81 -4291 -32 -698.18 354.56
1949 -258.49 -5506 -32 -931.499 414.519
1959 -162.78 -2251 -32 -493.854 168.294
1969 -245.69 -4831 -32 -904.151 412.771
1979 -198.07 -2646 -32 -637.456 241.316
1989 -171.32 -3786 -32 -664.006 321.366
1999 -171.08 -3976 -32 -660.741 318.581
2009 -185.78 -2861 -32 -623.076 251.516
2019 -228.56 -2571 -32 -701.287 244.167
2029 -297.8 -7791 -32 -1215.14 619.536
2039 -312.5 -5751 -32 -884.015 259.015
2049 -171.88 -3101 -32 -580.759 236.999
2059 -76.39 -802 -32 -187.964 35.184
2069 -76.35 -460 -32 -160.635 7.9349
2079 -59.57 -489 -32 -117.181 -1.95935
2089 -88.32 -919 -32 -208.049 31.409
2099 -71.13 -478 -32 -151.07 8.81009
2109 -84.28 -1275 -32 -226.388 57.8283
2119 -63.08 -368 -32 -123.534 -2.62594
2129 -75.71 -713 -32 -186.067 34.6472
2139 -94.23 -1122 -32 -246.122 57.6617
2149 -66.3 -384 -32 -131.186 -1.41354
2159 -230.96 -3151 -32 -777.665 315.745
2169 -176.55 -4771 -32 -698.332 345.232
2179 -207.03 -4136 -32 -733.133 319.073
2189 -291.82 -6491 -32 -1188.74 605.104
2199 -183.01 -2756 -32 -593.545 227.525
2209 -257.86 -9561 -32 -1262.12 746.402
2219 -287.13 -6991 -32 -1266.14 691.884
2229 -160.29 -1931 -32 -448.434 127.854
2239 -276.48 -7041 -32 -1278.68 725.723
2249 -411.87 -7431 -32 -1615.86 792.116
2259 -249.36 -6656 -32 -1074.03 575.314
2269 -203.23 -5866 -32 -846.389 439.929
2279 -151.09 -2241 -32 -512.368 210.188
2289 -344.51 -8026 -32 -1400.94 711.918
2299 -182.24 -3611 -32 -620.544 256.064
2309 -222.92 -4656 -32 -874.827 428.987
2319 -169.11 -3761 -32 -654.52 316.3
2329 -329.1 -5926 -32 -1270.16 611.963
2339 -225.27 -4751 -32 -832.713 382.173
2349 -173.81 -4881 -32 -710.943 363.323
2359 -302.84 -7376 -32 -1229.15 623.47
2369 -153.39 -2771 -32 -480.276 173.496
2379 -300.86 -3986 -32 -915.343 313.623
2389 -218.38 -1871 -32 -601.497 164.737
2399 -226.15 -4951 -32 -932.768 480.468
2409 -183.71 -2796 -32 -592.482 225.062
2419 -215.61 -4021 -32 -767.361 336.141
2429 -177.16 -2191 -32 -525.68 171.36
2439 -228.11 -8746 -32 -1200.61 744.39
2449 -137.55 -1461 -32 -364.304 89.2038
2459 -165.37 -1871 -32 -514.59 183.85
2469 -334.38 -4641 -32 -1128.46 459.699
2479 -175.34 -3336 -32 -624.464 273.784
2489 -207.9 -3651 -32 -737.308 321.508
2499 -216.36 -3216 -40 -698.74 266.02
2509 -356.14 -4292 -40 -1142.94 430.66
2519 -370.35 -5821 -40 -1352.02 611.32
2529 -261.1 -3156 -40 -854.885 332.685
2539 -370.68 -3846 -40 -1208.76 467.404
2549 -171.42 -3276 -39 -586.78 243.94
2559 -316.02 -5971 -40 -1185.06 553.016
2569 -219.54 -4866 -36 -843.175 404.095
2579 -340.23 -6171 -39 -1107.93 427.467
2589 -536.1 -10666 -37 -1970.96 898.763
2599 -203.66 -5406 -38 -796.519 389.199
2609 -293.15 -4681 -40 -1035.9 449.603
2619 -346.8 -7281 -40 -1254.2 560.597
2629 -444.8 -6671 -40 -1625.56 735.963
2639 -347.97 -6726 -39 -1285.85 589.911
2649 -167.07 -2701 -40 -598.038 263.898
2659 -281.56 -3451 -40 -892.637 329.517
2669 -350.91 -10216 -32 -1495.23 793.407
2679 -350.4 -9981 -39 -1594.05 893.25
2689 -215.08 -6396 -37 -899.662 469.502
2699 -272.82 -2786 -40 -809.513 263.873
2709 -347.79 -3746 -40 -1088.43 392.849
2719 -469.69 -6266 -40 -1508.73 569.354
2729 -202.3 -3521 -40 -680.642 276.042
2739 -219.58 -2491 -37 -615.428 176.268
2749 -456.52 -4981 -40 -1546.52 633.475
2759 -254.13 -5471 -40 -688.747 180.487
2769 -294.33 -4056 -36 -964.098 375.438
2779 -256.17 -3751 -31 -854.706 342.366
2789 -222.27 -3651 -40 -738.714 294.174
2799 -335.7 -7501 -40 -1255.91 584.513
2809 -360.46 -5536 -40 -1274.9 553.978
2819 -314.76 -4606 -39 -1072.92 443.4
2829 -248.14 -4731 -36 -945.547 449.267
2839 -383.76 -4451 -40 -1227.82 460.296
2849 -233.28 -3626 -40 -751.045 284.485
2859 -284.25 -2496 -37 -841.958 273.458
2869 -254.69 -4436 -36 -975.802 466.422
2879 -417.07 -7016 -31 -1593.71 759.573
2889 -183.14 -3111 -36 -688.092 321.812
2899 -221.73 -3866 -40 -869.39 425.93
2909 -277.61 -6016 -40 -1008.96 453.739
2919 -191.85 -3191 -40 -647.053 263.353
2929 -259.96 -3426 -40 -864.344 344.424
2939 -304.72 -10201 -39 -1466.41 856.967
2949 -196.17 -4291 -40 -815.123 422.783
2959 -239.06 -3786 -36 -835.879 357.759
2969 -199.71 -2961 -32 -668.888 269.468
2979 -206.15 -2836 -37 -682.04 269.74
2989 -163.16 -4211 -36 -606.766 280.446
2999 -162.96 -2271 -40 -466.188 140.268
3009 -206.23 -2666 -40 -647.314 234.854
3019 -189.67 -2511 -40 -633.137 253.797
3029 -167.35 -2081 -40 -520.599 185.899
3039 -195.71 -2351 -40 -572.761 181.341
3049 -160.74 -2226 -36 -486.766 165.286
3059 -283.21 -11866 -36 -1501.52 935.101
3069 -147.05 -2811 -36 -468.272 174.172
3079 -130.49 -1636 -36 -388.452 127.472
3089 -231.85 -4116 -36 -859.303 395.603
3099 -342.04 -5211 -40 -1194.54 510.465
3109 -291.03 -6161 -40 -1116.62 534.558
3119 -210.85 -6176 -39 -911.24 489.54
3129 -363.37 -4716 -37 -1330.58 603.843
3139 -356.5 -6181 -36 -1347.3 634.296
3149 -211.82 -3601 -40 -750.057 326.417
3159 -287.28 -3216 -36 -913.366 338.806
3169 -166.39 -3452 -39 -644.914 312.134
3179 -117.18 -1661 -39 -356.126 121.766
3189 -293.38 -5041 -40 -999.391 412.631
3199 -260.38 -3531 -40 -891.285 370.525
3209 -204.81 -2481 -40 -650.212 240.592
3219 -217.57 -5136 -39 -876.331 441.191
3229 -137.82 -2691 -37 -477.933 202.293
3239 -221.35 -5396 -39 -898.05 455.35
3249 -226.27 -3701 -38 -789.092 336.552
3259 -168.29 -2116 -39 -508.13 171.55
3269 -229.18 -2866 -33 -771.713 313.353
3279 -222.94 -5556 -36 -826.958 381.078
3289 -174.29 -4141 -39 -629.024 280.444
3299 -229.76 -4361 -39 -879.914 420.394
3309 -258.1 -6286 -39 -1116.87 600.672
3319 -236.33 -4541 -36 -858.553 385.893
3329 -243.79 -5901 -38 -977.456 489.876
3339 -185.14 -2876 -37 -649.058 278.778
3349 -228.43 -6176 -39 -945.007 488.147
3359 -182.41 -2926 -37 -607.882 243.062
3369 -293.76 -5846 -39 -1200.47 612.946
3379 -218.83 -5571 -39 -908.817 471.157
3389 -200.39 -3936 -31 -741.147 340.367
3399 -205.15 -3011 -39 -774.903 364.603
3409 -157.01 -4021 -39 -598.149 284.129
3419 -250.83 -2556 -39 -752.248 250.588
3429 -270.22 -5306 -39 -1147.11 606.669
3439 -147.81 -2781 -31 -519.276 223.656
3449 -146.48 -2606 -39 -477.356 184.396
3459 -329 -5851 -38 -1200.14 542.138
3469 -263.83 -5399 -39 -998.578 470.918
3479 -252.03 -5411 -39 -927.173 423.113
3489 -149.97 -3231 -31 -527.1 227.16
3499 -283.22 -6391 -39 -1070.61 504.169
3509 -156.65 -2456 -39 -491.796 178.496
3519 -244.15 -2951 -39 -730.886 242.586
3529 -393.39 -5306 -36 -1220.87 434.086
3539 -340.63 -3651 -39 -1025.17 343.906
3549 -188.94 -2421 -35 -576.26 198.38
3559 -259.62 -4911 -39 -965.309 446.069
3569 -135.77 -1816 -39 -400.107 128.567
3579 -180.01 -3621 -33 -710.538 350.518
3589 -471.2 -5331 -36 -1435.22 492.822
3599 -265.46 -5096 -39 -933.393 402.473
3609 -351.21 -5086 -39 -1079.6 377.177
3619 -200.79 -1671 -39 -561.343 159.763
3629 -209.15 -5751 -39 -867.113 448.813
3639 -187.02 -2071 -39 -549.51 175.47
3649 -180.32 -4271 -39 -697.779 337.139
3659 -250.92 -3811 -39 -862.345 360.505
3669 -213.5 -6856 -39 -974.966 547.966
3679 -75.74 -852 -31 -190.301 38.8206
3689 -72.04 -822 -32 -179.654 35.5744
3699 -59.28 -543 -32 -121.907 3.34699
3709 -68.03 -413 -32 -139.562 3.50246
3719 -81.73 -762 -32 -198.52 35.0602
3729 -71.15 -481 -32 -144.078 1.77815
3739 -76.35 -783 -32 -193.046 40.3458
3749 -99.15 -1501 -32 -288.712 90.4123
3759 -51.62 -356 -32 -92.6623 -10.5777
3769 -66.31 -527 -32 -155.952 23.3322
3779 -76.91 -584 -32 -170.216 16.3963
3789 -72.61 -477 -32 -151.053 5.8326
3799 -68.73 -662 -32 -155.178 17.7181
3809 -65.3 -322 -32 -127.689 -2.91137
3819 -84.05 -1616 -32 -260.183 92.0828
3829 -115.47 -1830 -31 -367.164 136.224
3839 -76.39 -706 -31 -182.589 29.8091
3849 -58.8 -482 -31 -123.371 5.77114
3859 -79.38 -626 -31 -185.577 26.8166
3869 -80.14 -657 -31 -189.083 28.8028
3879 -84.97 -846 -31 -205.966 36.0263
3889 -69.19 -790 -31 -158.016 19.6358
3899 -70.44 -886 -31 -165.454 24.5735
3909 -70.13 -791 -31 -162.84 22.5799
3919 -78.46 -1090 -31 -213.422 56.5021
3929 -75.43 -675 -31 -166.023 15.1631
3939 -71.72 -478 -31 -156.476 13.0362
3949 -78.95 -992 -31 -212.684 54.7835
3959 -65.73 -353 -31 -131.156 -0.304083
3969 -82.25 -1174 -31 -221.362 56.8616
3979 -65.1 -406 -31 -134.319 4.11883
3989 -75.98 -882 -31 -186.779 34.8185
3999 -57.95 -376 -31 -109.39 -6.51016
4009 -95.33 -720 -31 -225.187 34.5273
4019 -81.51 -696 -31 -194.762 31.7418
4029 -141.84 -4265 -31 -582.414 298.734
4039 -69.43 -536 -31 -150.229 11.3689
4049 -71.92 -730 -31 -163.825 19.9855
4059 -85.66 -1025 -31 -210.413 39.0933
4069 -81.16 -994 -31 -209.97 47.6499
4079 -68.03 -518 -31 -147.216 11.1555
4089 -75.45 -761 -31 -166.474 15.5737
4099 -73.84 -735 -31 -179.255 31.5755
4109 -70.18 -857 -31 -171.489 31.1295
4119 -70.12 -371 -31 -135.369 -4.87116
4129 -83.04 -748 -31 -205.702 39.6219
4139 -84.3 -863 -31 -213.046 44.4458
4149 -85.2 -736 -31 -206.992 36.5923
4159 -73.27 -591 -31 -167.209 20.6692
4169 -71.48 -506 -31 -159.71 16.7496
4179 -78.21 -514 -31 -171.978 15.5582
4189 -98.96 -1151 -31 -260.866 62.9457
4199 -85.87 -651 -31 -206.357 34.6171
4209 -80.88 -635 -31 -183.237 21.4769
4219 -80.87 -719 -31 -184.14 22.3997
4229 -69.35 -465 -31 -153.394 14.6939
4239 -81.16 -816 -31 -161.406 -0.914401
4249 -70.76 -748 -31 -170.059 28.5394
4259 -108.53 -1031 -31 -264.947 47.8866
4269 -100.02 -741 -31 -253.643 53.6029
4279 -126.6 -3711 -31 -512.566 259.366
4289 -65.38 -589 -31 -145.997 15.237
4299 -101.64 -1927 -31 -319.478 116.198
4309 -76.13 -631 -31 -178.578 26.3178
4319 -68.12 -515 -31 -155.8 19.5598
4329 -71.07 -691 -31 -171.56 29.4195
4339 -110.74 -3058 -31 -425.44 203.96
4349 -101.5 -1193 -31 -259.55 56.5497
4359 -67.52 -474 -31 -143.21 8.17032
4369 -111.46 -2531 -31 -412.566 189.646
4379 -73.37 -633 -31 -169.656 22.9158
4389 -66.49 -460 -31 -142.04 9.06006
4399 -96.76 -863 -31 -231.231 37.7112
4409 -68.71 -829 -31 -170.767 33.3473
4419 -67.16 -519 -31 -134.788 0.468253
4429 -102.39 -1231 -31 -287.687 82.9072
4439 -228.62 -4741 -31 -917.978 460.738
4449 -251.24 -5861 -31 -982.657 480.177
4459 -228.42 -3391 -31 -818.852 362.012
4469 -166.42 -4786 -31 -760.252 427.412
4479 -233.18 -8571 -31 -1148.7 682.345
4489 -262.5 -4336 -31 -873.824 348.824
4499 -218.06 -2301 -31 -659.083 222.963
4509 -300.83 -3466 -31 -906.786 305.126
4519 -186.92 -3986 -31 -665.005 291.165
4529 -124.57 -2771 -31 -450.673 201.533
4539 -196.15 -2471 -31 -603.28 210.98
4549 -192.01 -3146 -31 -632.49 248.47
4559 -206.09 -3261 -31 -715.106 302.926
4569 -264.16 -5741 -31 -1011.24 482.922
4579 -164.69 -3516 -31 -593.243 263.863
4589 -156.51 -2706 -31 -544.252 231.232
4599 -84.15 -1481 -31 -244.057 75.7572
4609 -182.25 -3906 -31 -702.147 337.647
4619 -167.92 -4071 -31 -656.668 320.828
4629 -194.55 -3811 -31 -757.566 368.466
4639 -223.21 -3141 -31 -762.262 315.842
4649 -241.39 -6411 -31 -963.071 480.291
4659 -189.85 -2631 -31 -632.999 253.299
4669 -264.46 -4996 -31 -1025.86 496.942
4679 -220.23 -5471 -31 -827.116 386.656
4689 -161.93 -2851 -31 -601.986 278.126
4699 -177.74 -2611 -31 -599.711 244.231
4709 -127.03 -1906 -31 -375.53 121.47
4719 -248.6 -7081 -31 -1133.78 636.579
4729 -193.13 -2296 -31 -581.862 195.602
4739 -370.34 -4456 -31 -1250.91 510.229
4749 -362.69 -4211 -31 -1201.37 475.993
4759 -201.72 -2496 -31 -586.658 183.218
4769 -294.33 -4286 -31 -959.983 371.323
4779 -140.86 -2606 -31 -492.078 210.358
4789 -168.41 -3896 -31 -644.76 307.94
4799 -231.28 -3766 -31 -740.273 277.713
4809 -178.44 -2706 -31 -608.06 251.18
4819 -192.12 -3986 -31 -703.993 319.753
4829 -293.63 -4836 -31 -1004.77 417.509
4839 -223.7 -2716 -31 -672.526 225.126
4849 -131.66 -2221 -31 -424.948 161.628
4859 -154.68 -2186 -31 -450.87 141.51
4869 -253.42 -3971 -31 -896.92 390.08
4879 -248.65 -3296 -31 -844.497 347.197
4889 -260.76 -3831 -31 -922.162 400.642
4899 -244.08 -4011 -31 -893.379 405.219
4909 -197.39 -5316 -31 -787.868 393.088
4919 -232.43 -3966 -31 -824.216 359.356
4929 -114.21 -2126 -31 -411.673 183.253
4939 -217.04 -4776 -31 -840.97 406.89
4949 -300.83 -3566 -31 -1000.28 398.616
4959 -117.27 -1646 -31 -359.897 125.357
4969 -274.4 -4051 -31 -896.198 347.398
4979 -224.53 -6416 -31 -951.966 502.906
4989 -280.47 -5261 -31 -1085.1 524.16
4999 -182.12 -2716 -31 -584.253 220.013
5009 -326.08 -10691 -31 -1492.9 840.743
5019 -240.04 -3306 -31 -757.284 277.204
5029 -314.7 -6701 -31 -1260.72 631.325
5039 -173.29 -2126 -31 -576.831 230.251
5049 -187.2 -4106 -31 -756.884 382.484
5059 -101.45 -1746 -31 -303.406 100.506
5069 -197.81 -3191 -31 -711.781 316.161
5079 -232.61 -3016 -31 -797.798 332.578
5089 -132.73 -1846 -31 -439.76 174.3
5099 -222.83 -3276 -31 -755.001 309.341
5109 -381.51 -10566 -31 -1649.58 886.559
5119 -183.8 -5011 -31 -828.773 461.173
5129 -202.24 -3581 -31 -673.112 268.632
5139 -245.73 -4406 -31 -944.224 452.764
5149 -132.03 -1936 -31 -397.954 133.894
5159 -182.96 -1811 -31 -429.34 63.4202
5169 -128.65 -1931 -31 -390.914 133.614
5179 -281.82 -4011 -31 -940.175 376.535
5189 -183.93 -1791 -31 -568.44 200.58
5199 -107.39 -1296 -31 -287.339 72.5588
5209 -218.12 -2286 -31 -644.742 208.502
5219 -243.74 -3506 -31 -827.573 340.093
5229 -162.51 -3661 -31 -590.613 265.593
5239 -322.4 -4341 -31 -1116.38 471.584
5249 -162.24 -2291 -31 -519.418 194.938
5259 -153.3 -3931 -31 -599.682 293.082
5269 -247.75 -4306 -31 -879.561 384.061
5279 -184.88 -4386 -31 -689.573 319.813
5289 -151.55 -6261 -31 -789.79 486.69
5299 -305.56 -7641 -31 -1257.63 646.506
5309 -211.99 -5526 -31 -867.186 443.206
5319 -126.87 -1841 -31 -361.855 108.115
5329 -161.04 -2386 -31 -542.376 220.296
5339 -264.78 -5261 -31 -1025.22 495.662
5349 -274.48 -4146 -31 -917.15 368.19
5359 -314.17 -7226 -31 -1208.03 579.693
5369 -142.84 -2051 -31 -447.598 161.918
5379 -120.07 -1031 -31 -318.973 78.8325
5389 -227.34 -4071 -31 -868.31 413.63
5399 -134.91 -3831 -31 -532.292 262.472
5409 -145.35 -1761 -31 -446.526 155.826
5419 -137.58 -2886 -31 -492.168 217.008
5429 -240.38 -3316 -31 -816.658 335.898
5439 -224.12 -3306 -31 -812.047 363.807
5449 -157.35 -2531 -31 -552.757 238.057
5459 -167.77 -4916 -31 -700.451 364.911
5469 -201.84 -3191 -31 -665.146 261.466
5479 -173.64 -3301 -31 -605.868 258.588
5489 -187.27 -2096 -31 -570.827 196.287
5499 -146.06 -2696 -31 -509.63 217.51
5509 -151.19 -3366 -31 -655.504 353.124
5519 -223.32 -3851 -31 -808.732 362.092
5529 -327.73 -5986 -31 -1261.16 605.697
5539 -211.97 -4601 -31 -806.799 382.859
5549 -199.29 -5121 -31 -821.536 422.956
5559 -158.26 -3336 -31 -593.046 276.526
5569 -146.61 -4461 -31 -656.362 363.142
5579 -161.21 -5741 -31 -752.315 429.895
5589 -128.35 -2041 -31 -415.549 158.849
5599 -131.51 -1891 -31 -384.996 121.976
5609 -107.18 -946 -31 -278.887 64.5267
5619 -214.53 -3141 -31 -698.523 269.463
5629 -158.58 -2921 -31 -516.897 199.737
5639 -118.87 -2776 -31 -433.865 196.125
5649 -209.52 -5396 -31 -884.637 465.597
5659 -274.7 -8066 -31 -1227.03 677.63
5669 -186.58 -2286 -31 -572.724 199.564
5679 -207.13 -4676 -31 -817.493 403.233
5689 -157.86 -2196 -31 -515.203 199.483
5699 -138.21 -2591 -31 -460.59 184.17
5709 -146 -2256 -31 -449.559 157.559
5719 -200.73 -4141 -31 -681.498 280.038
5729 -258.73 -3671 -31 -937.629 420.169
5739 -253.14 -6121 -31 -1049.68 543.399
5749 -165.34 -2521 -31 -555.713 225.033
5759 -162.78 -1781 -31 -498.242 172.682
5769 -216.51 -3431 -31 -687.521 254.501
5779 -152.59 -2586 -31 -489.91 184.73
5789 -271.66 -7096 -31 -1122.24 578.917
5799 -145 -4306 -31 -623.959 333.959
5809 -259.71 -4411 -31 -951.545 432.125
5819 -187.82 -5506 -31 -787.855 412.215
5829 -208.7 -5406 -31 -947.894 530.494
5839 -196.3 -2636 -31 -634.08 241.48
5849 -155.43 -3693 -31 -576.187 265.327
5859 -216.79 -4731 -31 -868.18 434.6
5869 -146.87 -2946 -31 -566.41 272.67
5879 -130.17 -2781 -31 -474.103 213.763
5889 -187.6 -3586 -31 -692.203 317.003
5899 -201 -2741 -31 -642.449 240.449
5909 -198.45 -3481 -31 -699.336 302.436
5919 -171 -2121 -31 -500.049 158.049
5929 -352.46 -8366 -31 -1469.72 764.803
5939 -193.42 -2561 -31 -615.111 228.271
5949 -225.36 -3796 -31 -769.185 318.465
5959 -234.1 -3986 -31 -824.583 356.383
5969 -286.87 -4801 -31 -959.8 386.06
5979 -183.65 -2851 -31 -633.972 266.672
5989 -191.8 -2846 -31 -686.245 302.645
5999 -297.99 -4981 -31 -1174.06 578.077
6009 -186.46 -4541 -31 -563.785 190.865
6019 -292.41 -5566 -31 -1143.31 558.492
6029 -137.55 -2326 -31 -500.66 225.56
6039 -264.36 -5691 -31 -1031.15 502.429
6049 -221.21 -8963 -31 -1137.44 695.025
6059 -168.49 -4501 -31 -676.429 339.449
6069 -127.95 -1736 -31 -407.2 151.3
6079 -200.28 -4716 -31 -601.927 201.367
6089 -201.74 -3221 -31 -692.477 288.997
6099 -350.7 -6656 -31 -1334.48 633.082
6109 -338.28 -6521 -31 -1277.83 601.268
6119 -234.93 -3876 -31 -837.028 367.168
6129 -189.83 -2091 -31 -582.12 202.46
6139 -211.45 -4261 -31 -762.203 339.303
6149 -185.77 -3171 -31 -631.738 260.198
6159 -144.29 -2426 -31 -466.909 178.329
6169 -226.04 -6021 -31 -874.023 421.943
6179 -205.44 -5426 -31 -821.229 410.349
6189 -290.11 -7446 -31 -1214.23 634.009
6199 -231.87 -3981 -31 -898.462 434.722
6209 -165.2 -3046 -31 -567.352 236.952
6219 -140.74 -3011 -31 -328.666 47.1855
6229 -197.83 -5026 -31 -771.613 375.953
6239 -207.53 -4311 -31 -767.877 352.817
6249 -194.63 -3031 -31 -683.913 294.653
6259 -131.43 -2226 -31 -395.807 132.947
6269 -279.28 -6681 -31 -1147.33 588.774
6279 -304.47 -6206 -31 -1210.12 601.181
6289 -223.69 -5976 -31 -903.62 456.24
6299 -363.68 -5386 -31 -1354.5 627.143
6309 -250.58 -4306 -31 -878.604 377.444
6319 -208.57 -6696 -31 -915.203 498.063
6329 -262.74 -7146 -31 -1096.49 571.007
6339 -259.98 -4766 -31 -926.163 406.203
6349 -181.74 -3026 -31 -641.812 278.332
6359 -191.1 -3091 -31 -647.719 265.519
6369 -226.9 -3021 -31 -753.835 300.035
6379 -314.03 -5961 -31 -1222.07 594.005
6389 -188.64 -3091 -31 -642.402 265.122
6399 -229.35 -6391 -31 -981.327 522.627
6409 -206.79 -4191 -31 -833.289 419.709
6419 -269.03 -4111 -31 -878.969 340.909
6429 -265.36 -3741 -31 -910.808 380.088
6439 -397.99 -6866 -31 -1394.36 598.382
6449 -172.68 -4021 -31 -674.647 329.287
6459 -214.78 -5011 -31 -881.865 452.305
6469 -242.66 -4161 -31 -845.312 359.992
6479 -322.79 -9371 -31 -1558.82 913.239
6489 -133.09 -3161 -31 -526.041 259.861
6499 -365.4 -14436 -31 -1917.36 1186.56
6509 -147.04 -3566 -31 -549.256 255.176
6519 -238.05 -2901 -31 -754.754 278.654
6529 -209.32 -4006 -31 -785.237 366.597
6539 -117.81 -1761 -31 -371.37 135.75
6549 -168.14 -3271 -31 -594.338 258.058
6559 -227.85 -7041 -31 -1009.11 553.406
6569 -312.96 -6456 -31 -1215.39 589.473
6579 -234.12 -4236 -31 -807.213 338.973
6589 -222.61 -3906 -31 -765.202 319.982
6599 -148.24 -3801 -31 -565.682 269.202
6609 -163.16 -6141 -31 -819.4 493.08
6619 -244.22 -4061 -31 -932.013 443.573
6629 -131.2 -1611 -31 -413.164 150.764
6639 -232.67 -3496 -31 -690.907 225.567
6649 -149.38 -3136 -31 -541.927 243.167
6659 -228.39 -10426 -31 -1283.7 826.925
6669 -179.65 -2126 -31 -576.018 216.718
6679 -166.98 -4591 -31 -677.829 343.869
6689 -178.93 -5466 -31 -793.776 435.916
6699 -94.67 -1706 -31 -322.326 132.986
6709 -165.91 -2366 -31 -596.621 264.801
6719 -272.2 -3786 -31 -865.121 320.721
6729 -82.93 -871 -31 -208.245 42.3854
6739 -193.18 -4356 -31 -709.894 323.534
6749 -280.09 -5091 -31 -1072.84 512.663
6759 -226.72 -6506 -31 -946.011 492.571
6769 -133.09 -1561 -31 -303.412 37.2318
6779 -263.52 -6216 -31 -1135.25 608.211
6789 -205.97 -3771 -31 -678.96 267.02
6799 -214.91 -3611 -31 -783.373 353.553
6809 -189.5 -7846 -31 -1026.5 647.497
6819 -255.39 -8341 -31 -1209.63 698.849
6829 -225.43 -5981 -31 -1019.29 568.426
6839 -160.4 -2466 -31 -586.882 266.082
6849 -387.11 -4856 -31 -1294.18 519.964
6859 -151.75 -2026 -31 -436.863 133.363
6869 -214.71 -2661 -31 -691.375 261.955
6879 -245.15 -4261 -31 -866.796 376.496
6889 -271.52 -6871 -31 -1133.22 590.177
6899 -210.71 -7316 -31 -999.982 578.562
6909 -183.68 -2376 -31 -579.394 212.034
6919 -108.11 -1571 -31 -314.429 98.2094
6929 -143.57 -3956 -31 -572.6 285.46
6939 -342.6 -7176 -31 -1287.96 602.763
6949 -184.68 -3011 -31 -672.777 303.417
6959 -150.28 -3281 -31 -545.154 244.594
6969 -224.33 -3951 -31 -751.348 302.688
6979 -162.47 -3406 -31 -572.367 247.427
6989 -299.51 -4136 -31 -1074.37 475.355
6999 -146.58 -2306 -31 -483.218 190.058
7009 -149.8 -2681 -31 -467.326 167.726
7019 -209.83 -4281 -31 -822.163 402.503
7029 -197.86 -3451 -31 -715.143 319.423
7039 -255.04 -7036 -31 -1226.79 716.715
7049 -113.03 -2191 -31 -352.948 126.888
7059 -290.47 -6126 -31 -1103.23 522.287
7069 -211.71 -6131 -31 -926.558 503.138
7079 -295.44 -8361 -31 -1249.99 659.111
7089 -188.2 -2966 -31 -676.039 299.639
7099 -265.24 -4676 -31 -985.844 455.364
7109 -286.09 -7911 -31 -1258.92 686.74
7119 -145.35 -2456 -31 -477.265 186.565
7129 -281.54 -3161 -31 -867.465 304.385
7139 -179.5 -4341 -31 -736.86 377.86
7149 -236.06 -7661 -31 -1131.71 659.594
7159 -156.57 -1906 -31 -463.371 150.231
7169 -136.49 -3061 -31 -508.989 236.009
7179 -182.47 -3771 -31 -670.455 305.515
7189 -237.38 -5426 -31 -934.848 460.088
7199 -205.53 -3646 -31 -736.827 325.767
7209 -239.98 -4986 -31 -849.212 369.252
7219 -216.28 -8491 -31 -1113.69 681.129
7229 -319.02 -7336 -31 -1330.98 692.944
7239 -232.46 -3136 -31 -790.132 325.212
7249 -200.37 -3356 -31 -701.488 300.748
7259 -211.27 -2911 -31 -710.978 288.438
7269 -245 -5231 -31 -989.731 499.731
7279 -188.99 -3611 -31 -695.611 317.631
7289 -253.81 -3841 -31 -899.173 391.553
7299 -268.74 -5636 -31 -1013.76 476.277
7309 -239.58 -4681 -31 -957.162 478.002
7319 -226.61 -7471 -31 -1077.6 624.381
7329 -347.38 -4596 -31 -1146.44 451.684
7339 -133.63 -1606 -31 -405.354 138.094
7349 -228.27 -6066 -31 -993.648 537.108
7359 -414.23 -7006 -31 -1676.15 847.695
7369 -173.38 -4876 -31 -791.911 445.151
7379 -181.68 -3411 -31 -680.405 317.045
7389 -381.52 -8561 -31 -1528 764.963
7399 -119.25 -1416 -31 -348.232 109.732
7409 -166.37 -3346 -31 -621.94 289.2
7419 -148.52 -1291 -31 -394.256 97.216
7429 -328.06 -4281 -31 -1087.28 431.161
7439 -304.84 -4871 -31 -1049.07 439.392
7449 -215.08 -3721 -31 -805.157 374.997
7459 -132.35 -1831 -31 -404.536 139.836
7469 -179.29 -5286 -31 -751.138 392.558
7479 -209.14 -4551 -31 -805.12 386.84
7489 -169.5 -3981 -31 -646.162 307.162
7499 -215.52 -3951 -31 -818.295 387.255
7509 -135.3 -2276 -31 -403.091 132.491
7519 -312.66 -8021 -31 -1254.07 628.747
7529 -123.83 -2581 -31 -435.632 187.972
7539 -168.37 -2946 -31 -544.144 207.404
7549 -150.39 -3001 -31 -499.768 198.988
7559 -220.8 -4631 -31 -819.361 377.761
7569 -140.28 -4021 -31 -561.212 280.652
7579 -196.13 -3941 -31 -709.829 317.569
7589 -217.39 -3801 -31 -802.943 368.163
7599 -197 -3671 -31 -677.88 283.88
7609 -169.58 -3216 -31 -649.711 310.551
7619 -158.59 -1566 -31 -438.416 121.236
7629 -217.7 -3951 -31 -763.512 328.112
7639 -354.6 -10621 -31 -1638.76 929.561
7649 -205.22 -4196 -31 -759.171 348.731
7659 -178.4 -2541 -31 -575.788 218.988
7669 -202.79 -4486 -31 -773.946 368.366
7679 -202.98 -1996 -31 -612.408 206.448
7689 -163.55 -5946 -31 -774.387 447.287
7699 -276.49 -5966 -31 -1106.35 553.374
7709 -137.25 -2561 -31 -448.174 173.674
7719 -187.06 -4896 -31 -751.819 377.699
7729 -242.57 -3226 -31 -797.801 312.661
7739 -192.25 -4566 -31 -780.278 395.778
7749 -132.92 -2676 -31 -544.636 278.796
7759 -193.84 -3966 -31 -652.647 264.967
7769 -162.26 -2416 -31 -520.474 195.954
7779 -258.02 -5746 -31 -973.804 457.764
7789 -162.71 -3321 -31 -573.514 248.094
7799 -208.77 -5077 -31 -809.414 391.874
7809 -170.01 -2746 -31 -534.07 194.05
7819 -224.44 -4946 -31 -854.875 405.995
7829 -168.82 -4226 -31 -664.415 326.775
7839 -125.7 -1961 -31 -425.402 174.002
7849 -205.99 -4826 -31 -829.804 417.824
7859 -189.42 -3156 -31 -636.241 257.401
7869 -238.73 -4926 -31 -889.096 411.636
7879 -305.17 -4706 -31 -1100.51 490.172
7889 -192.8 -2976 -31 -576.898 191.298
7899 -219.17 -7801 -31 -1042.99 604.651
7909 -188.11 -2931 -31 -655.973 279.753
7919 -282.35 -7531 -31 -1166.32 601.62
7929 -132.93 -1640 -31 -399.288 133.428
7939 -363.14 -9776 -31 -1532.33 806.053
7949 -152.51 -2081 -31 -476.395 171.375
7959 -175.33 -2251 -31 -535.781 185.121
7969 -122.09 -1486 -31 -329.12 84.9403
7979 -297 -7836 -31 -1228.88 634.879
7989 -193.47 -3636 -31 -752.141 365.201
7999 -181.29 -4111 -31 -665.371 302.791
8009 -133.17 -2386 -31 -463.11 196.77
8019 -158.16 -2611 -31 -534.47 218.15
8029 -159.41 -2286 -31 -528.503 209.683
8039 -126.9 -2026 -31 -422.238 168.438
8049 -216.89 -2646 -31 -636.793 203.013
8059 -145.48 -1901 -31 -416.476 125.516
8069 -151.25 -3376 -31 -610.2 307.7
8079 -123.74 -2391 -31 -393.89 146.41
8089 -117.03 -2121 -31 -348.559 114.499
8099 -117.17 -1626 -31 -349.881 115.541
8109 -112.57 -1556 -31 -324.478 99.3376
8119 -151.34 -3546 -31 -567.842 265.162
8129 -224.32 -3161 -31 -715.079 266.439
8139 -172.09 -2501 -31 -567.721 223.541
8149 -145.69 -1856 -31 -393.234 101.854
8159 -144.94 -3676 -31 -551.707 261.827
8169 -131.82 -1836 -31 -367.884 104.244
8179 -209.73 -1786 -31 -599.961 180.501
8189 -142.13 -2266 -31 -409.451 125.191
8199 -194.3 -4396 -31 -600.866 212.266
8209 -101.12 -2681 -31 -376.106 173.866
8219 -129.55 -1046 -31 -328.623 69.5233
8229 -135.92 -1216 -31 -369.032 97.1921
8239 -125.88 -1106 -31 -316.646 64.8865
8249 -110.27 -1170 -31 -286.173 65.6333
8259 -117.43 -2141 -31 -373.363 138.503
8269 -176.16 -1891 -31 -525.93 173.61
8279 -168.06 -2591 -31 -539.827 203.707
8289 -152.11 -1956 -31 -443.684 139.464
8299 -151.01 -3371 -31 -538.344 236.324
8309 -179.99 -4276 -31 -700.076 340.096
8319 -212.48 -2991 -31 -616.441 191.481
8329 -171.06 -1971 -31 -535.064 192.944
8339 -222.99 -3811 -31 -821.829 375.849
8349 -160.2 -3941 -31 -617.777 297.377
8359 -138.42 -1121 -31 -346.695 69.8555
8369 -150.48 -1591 -31 -445.989 145.029
8379 -143.55 -2201 -31 -435.745 148.645
8389 -106.55 -950 -31 -268.253 55.1526
8399 -107.05 -1351 -31 -302.199 88.0987
8409 -123.48 -1886 -31 -399.175 152.215
8419 -178.13 -3196 -31 -598.29 242.03
8429 -137.91 -1651 -31 -417.404 141.584
8439 -141.64 -2856 -31 -478.017 194.737
8449 -138.11 -1731 -31 -418.796 142.576
8459 -169.61 -2191 -31 -489.026 149.806
8469 -156.5 -2086 -31 -500.812 187.812
8479 -103.17 -1271 -31 -283.115 76.7752
8489 -225.44 -4791 -31 -842.128 391.248
8499 -237.03 -3516 -31 -830.214 356.154
8509 -149.11 -2316 -31 -479.646 181.426
8519 -138.15 -2016 -31 -442.069 165.769
8529 -146.98 -1806 -31 -467.553 173.593
8539 -248.16 -2791 -31 -765.796 269.476
8549 -144.03 -2536 -31 -468.829 180.769
8559 -204.03 -3306 -31 -730.944 322.884
8569 -131.09 -1977 -31 -410.889 148.709
8579 -184.61 -2466 -31 -610.702 241.482
8589 -165.61 -2286 -31 -491.174 159.954
8599 -167.94 -3841 -31 -603.89 268.01
8609 -269.09 -7386 -31 -1135.32 597.143
8619 -194.17 -2126 -31 -577.383 189.043
8629 -157.69 -2476 -31 -554.656 239.276
8639 -166.94 -2261 -31 -521.356 187.476
8649 -113.75 -1191 -31 -297.181 69.6814
8659 -200.22 -3651 -31 -663.19 262.75
8669 -100.73 -2331 -31 -346.621 145.161
8679 -150.03 -1971 -31 -442.883 142.823
8689 -181.61 -6106 -31 -832.087 468.867
8699 -207.37 -3876 -31 -703.943 289.203
8709 -138.22 -1811 -31 -450.083 173.643
8719 -182.38 -2331 -31 -554.188 189.428
8729 -134.54 -2161 -31 -461.888 192.808
8739 -179.29 -4116 -31 -659.922 301.342
8749 -133.88 -1166 -31 -339.645 71.8853
8759 -171.03 -2831 -31 -537.947 195.887
8769 -145.56 -2311 -31 -467.835 176.715
8779 -125.01 -1556 -31 -344.716 94.6962
8789 -108.68 -1061 -31 -283.729 66.3694
8799 -99.58 -1321 -31 -261.09 61.9304
8809 -162.87 -1746 -31 -452.25 126.51
8819 -200.57 -2311 -31 -640.675 239.535
8829 -204.4 -2871 -31 -681.156 272.356
8839 -177.01 -2981 -31 -615.604 261.584
8849 -142.88 -1593 -31 -433.164 147.404
8859 -135.46 -3286 -31 -491.58 220.66
8869 -143.61 -2376 -31 -467.552 180.332
8879 -125.44 -1386 -31 -347.453 96.5729
8889 -130.62 -2486 -31 -422.652 161.412
8899 -130.23 -1896 -31 -405.509 145.049
8909 -204.57 -2286 -31 -634.064 224.924
8919 -173.87 -2526 -31 -574.737 226.997
8929 -136.76 -1691 -31 -392.318 118.798
8939 -178.55 -2441 -31 -578.184 221.084
8949 -112.74 -1156 -31 -317.923 92.4426
8959 -213.81 -2526 -31 -736.661 309.041
8969 -160.8 -1411 -31 -436.1 114.5
8979 -160.5 -2736 -31 -467.696 146.696
8989 -110.3 -1756 -31 -346.346 125.746
8999 -243.72 -7671 -31 -1106.01 618.567
9009 -167.16 -5426 -31 -750.704 416.384
9019 -151.23 -1921 -31 -444.54 142.08
9029 -126.63 -1521 -31 -355.689 102.429
9039 -134.35 -1826 -31 -397.717 129.017
9049 -155.17 -2041 -31 -495.975 185.635
9059 -194.85 -2066 -31 -576.27 186.57
9069 -135.15 -1706 -31 -401.243 130.943
9079 -144.39 -2916 -31 -472.027 183.247
9089 -150.91 -1420 -31 -409.783 107.963
9099 -184.54 -3936 -31 -641.6 272.52
9109 -140.66 -1651 -31 -433.527 152.207
9119 -154.61 -2256 -31 -498.671 189.451
9129 -140.55 -1181 -31 -345.6 64.4996
9139 -159.63 -2151 -31 -491.268 172.008
9149 -106.77 -1316 -31 -282.611 69.0707
9159 -158.78 -1476 -31 -400.535 82.9751
9169 -137.26 -1971 -31 -427.735 153.215
9179 -85.44 -1561 -31 -256.638 85.7583
9189 -193.21 -4921 -31 -714.177 327.757
9199 -231.16 -2646 -31 -708.125 245.805
9209 -124.48 -2446 -31 -398.082 149.122
9219 -80.97 -615 -31 -173.552 11.6115
9229 -207.6 -4676 -31 -745.724 330.524
9239 -235.59 -3586 -31 -832.838 361.658
9249 -163.95 -2221 -31 -512.881 184.981
9259 -194.9 -3231 -31 -720.846 331.046
9269 -142.02 -3771 -31 -578.188 294.148
9279 -115.85 -2271 -31 -416.616 184.916
9289 -117.34 -1366 -31 -326.578 91.8984
9299 -137.82 -2336 -31 -429.146 153.506
9309 -152.69 -1806 -31 -447.044 141.664
9319 -269.8 -3356 -31 -826.666 287.066
9329 -161.63 -3291 -31 -547.51 224.25
9339 -175.06 -2021 -31 -520.897 170.777
9349 -130.44 -1906 -31 -422.91 162.03
9359 -115.96 -931 -31 -286.457 54.537
9369 -218.72 -3541 -31 -717.624 280.184
9379 -162.23 -2881 -31 -565.768 241.308
9389 -133.59 -1846 -31 -376.645 109.465
9399 -158.22 -2116 -31 -458.737 142.297
9409 -163.82 -1471 -31 -470.193 142.553
9419 -115.86 -1201 -31 -313.011 81.2915
9429 -137.14 -2516 -31 -455.154 180.874
9439 -154.34 -3696 -31 -582.014 273.334
9449 -102.95 -926 -31 -265.401 59.5009
9459 -200.27 -2217 -31 -596.22 195.68
9469 -182.48 -2621 -31 -618.186 253.226
9479 -137.19 -2601 -31 -447.953 173.573
9489 -108.74 -1876 -31 -348.581 131.101
9499 -131.59 -1311 -31 -380.553 117.373
9509 -205.17 -3041 -31 -696.897 286.557
9519 -84.19 -1929 -31 -279.501 111.121
9529 -99.12 -906 -31 -249.285 51.0454
9539 -157.53 -1676 -31 -467.475 152.415
9549 -173.4 -2791 -31 -559.256 212.456
9559 -169.51 -2251 -31 -528.213 189.193
9569 -91.81 -1199 -31 -259.419 75.7991
9579 -181.11 -2146 -31 -524.527 162.307
9589 -149.75 -1516 -31 -417.992 118.492
9599 -173.93 -2856 -31 -549.205 201.345
9609 -180.57 -2496 -31 -575.043 213.903
9619 -179.86 -3126 -31 -626.305 266.585
9629 -156.13 -5576 -31 -727.502 415.242
9639 -183.27 -2631 -31 -607.859 241.319
9649 -222.77 -3731 -31 -788.151 342.611
9659 -102.79 -1571 -31 -291.859 86.2794
9669 -156.85 -4851 -31 -679.161 365.461
9679 -111.6 -866 -31 -271.71 48.5103
9689 -161.21 -2456 -31 -527.692 205.272
9699 -190.31 -3176 -31 -626.511 245.891
9709 -151.01 -2326 -31 -481.205 179.185
9719 -183 -3511 -31 -620.962 254.962
9729 -153.74 -3056 -31 -548.278 240.798
9739 -167.39 -2256 -31 -543.211 208.431
9749 -153.37 -2886 -31 -496.102 189.362
9759 -173.46 -2051 -31 -525.438 178.518
9769 -195.9 -3671 -31 -668.604 276.804
9779 -281.21 -7701 -31 -1165.85 603.428
9789 -124.72 -2026 -31 -393.528 144.088
9799 -142.74 -1966 -31 -403.556 118.076
9809 -268.09 -4941 -31 -1009.18 473.003
9819 -154.14 -3151 -31 -561.633 253.353
9829 -81.95 -461 -31 -184.072 20.1725
9839 -167.21 -3561 -31 -639.023 304.603
9849 -148.08 -2201 -31 -459.327 163.167
9859 -176.48 -1631 -31 -500.736 147.776
9869 -180.31 -2551 -31 -641.55 280.93
9879 -143.16 -2431 -31 -453.318 166.998
9889 -192.07 -3451 -31 -679.884 295.744
9899 -183.93 -2541 -31 -561.676 193.816
9909 -216.38 -2979 -31 -665.925 233.165
9919 -95.84 -2121 -31 -343.514 151.834
9929 -209.5 -3711 -31 -734.994 315.994
9939 -156.38 -2406 -31 -530.475 217.715
9949 -44.28 -57 -31 -50.9392 -37.6208
9959 -45.88 -63 -31 -52.9489 -38.8111
9969 -44.61 -57 -31 -52.0746 -37.1454
9979 -45.18 -57 -31 -51.7258 -38.6342
9989 -51.89 -711 -31 -118.514 14.7337
9999 -45.13 -57 -31 -52.0587 -38.2013
