9 -48.07 -88 -31 -58.6265 -37.5135
19 -48.14 -112 -31 -60.7458 -35.5342
29 -62.75 -303 -31 -111.795 -13.7046
39 -51.06 -107 -31 -66.0962 -36.0238
49 -306.6 -4429 -31 -1105.64 492.444
59 -81.94 -642 -31 -189.856 25.9763
69 -79.25 -871 -31 -182.159 23.6594
79 -88.63 -565 -32 -199.551 22.2908
89 -109.93 -932 -31 -243.935 24.0752
99 -91.31 -491 -32 -193.929 11.3093
109 -92.31 -751 -31 -200.715 16.095
119 -70.66 -1012 -31 -178.026 36.706
129 -100.96 -958 -33 -258.089 56.1687
139 -83.72 -756 -31 -200.496 33.0563
149 -60.13 -438 -31 -121.805 1.54504
159 -88.86 -475 -31 -182.604 4.88431
169 -82.07 -728 -31 -180.833 16.6929
179 -107.54 -661 -32 -235.879 20.7988
189 -95.78 -729 -31 -227.091 35.5308
199 -99.29 -729 -31 -218.901 20.321
209 -79.97 -434 -32 -160.586 0.646143
219 -94.82 -1453 -31 -254.447 64.807
229 -116.23 -717 -31 -270.098 37.6378
239 -115.84 -1182 -33 -284.337 52.6569
249 -84.49 -535 -31 -175.934 6.95427
259 -88.35 -818 -32 -205.234 28.5343
269 -89.62 -654 -31 -200.852 21.6121
279 -114.01 -1003 -36 -280.585 52.5652
289 -96.66 -673 -31 -219.055 25.7355
299 -99.83 -1105 -31 -233.309 33.6494
309 -85.45 -653 -31 -186.202 15.3015
319 -95.49 -579 -28 -186.703 -4.27697
329 -74.16 -298 -34 -134.068 -14.2525
339 -81.91 -1065 -33 -200.891 37.0714
349 -68.91 -561 -31 -136.606 -1.21359
359 -101.66 -616 -31 -202.68 -0.640259
369 -84.86 -1159 -32 -219.346 49.6264
379 -83.83 -513 -31 -181.251 13.5914
389 -75.53 -546 -28 -160.603 9.54299
399 -90.47 -673 -31 -184.419 3.47853
409 -98.45 -762 -32 -229.165 32.2652
419 -97.17 -721 -32 -223.136 28.7956
429 -84.1 -1136 -31 -216.829 48.6289
439 -117.03 -682 -31 -249.72 15.6603
449 -85.42 -522 -31 -180.996 10.1562
459 -95 -502 -31 -195.31 5.31002
469 -79.48 -529 -28 -159.445 0.485261
479 -119.78 -2556 -31 -389.647 150.087
489 -97.83 -560 -31 -208.784 13.1242
499 -114.69 -674 -32 -249.629 20.2488
509 -122.17 -1527 -31 -314.259 69.9186
519 -89.05 -916 -31 -223.973 45.8726
529 -88.49 -598 -31 -186.486 9.50622
539 -91.14 -815 -31 -209.713 27.4331
549 -92.58 -1061 -31 -228.916 43.7561
559 -95.35 -670 -32 -209.838 19.1376
569 -79.14 -532 -32 -165.585 7.3049
579 -96.79 -799 -31 -213.981 20.4014
589 -90.9 -484 -31 -185.917 4.11712
599 -90.08 -752 -32 -187.973 7.81281
609 -104.37 -1749 -31 -297.626 88.8863
619 -81.15 -639 -28 -170.774 8.47398
629 -101.28 -773 -31 -232.533 29.9729
639 -106.42 -955 -31 -266.567 53.7269
649 -80.38 -902 -31 -204.817 44.057
659 -100.66 -875 -31 -237.963 36.6428
669 -96.35 -662 -31 -206.356 13.6557
679 -88.23 -452 -28 -174.26 -2.19985
689 -93.65 -558 -34 -194.593 7.29268
699 -86.96 -636 -32 -200.508 26.5879
709 -106.88 -931 -31 -243.308 29.5476
719 -108.56 -820 -35 -248.636 31.5157
729 -106.52 -1077 -31 -251.775 38.7353
739 -103.01 -661 -31 -231.764 25.7441
749 -79.83 -418 -31 -150.447 -9.21273
759 -93.22 -870 -31 -197.032 10.5923
769 -123.47 -1433 -31 -297.451 50.5113
779 -87.21 -636 -31 -194.945 20.5247
789 -94.55 -730 -31 -207.044 17.9443
799 -108.99 -1370 -32 -284.129 66.1493
809 -85.09 -670 -28 -183.705 13.5253
819 -78.48 -474 -32 -159.759 2.79901
829 -89.35 -516 -31 -183.992 5.29166
839 -106.99 -804 -35 -239.687 25.7065
849 -84.18 -738 -34 -176.925 8.56501
859 -94.28 -873 -31 -218.657 30.0969
869 -83.38 -608 -31 -173.195 6.43463
879 -109.83 -813 -32 -256.32 36.6603
889 -98.18 -604 -31 -209.893 13.5326
899 -75.39 -660 -31 -163.263 12.4827
909 -91.25 -1037 -32 -219.756 37.2557
919 -103.45 -808 -31 -245.104 38.2036
929 -70.31 -875 -31 -172.402 31.7821
939 -94.95 -1087 -28 -248.486 58.5863
949 -99.58 -945 -32 -232.859 33.6989
959 -73.8 -402 -31 -146.9 -0.700413
969 -116.83 -739 -31 -265.612 31.952
979 -102.91 -804 -32 -233.174 27.3544
989 -115.45 -1004 -34 -262.889 31.9885
999 -121.82 -957 -28 -292.718 49.0775
1009 -81.24 -493 -31 -174.715 12.2347
1019 -101.2 -780 -31 -233.92 31.5202
1029 -106.41 -661 -32 -237.198 24.3785
1039 -102.27 -615 -31 -232.617 28.0768
1049 -106.84 -1338 -31 -273.448 59.7679
1059 -80.02 -447 -31 -167.3 7.26038
1069 -72.33 -785 -31 -171.187 26.5265
1079 -87.01 -793 -28 -204.891 30.871
1089 -66.53 -564 -31 -150.268 17.2082
1099 -60.98 -420 -31 -111.555 -10.4045
1109 -66.37 -681 -31 -147.88 15.1397
1119 -89.73 -748 -31 -210.926 31.4658
1129 -83.09 -516 -31 -171.564 5.38383
1139 -86.38 -640 -31 -186.511 13.7508
1149 -73.95 -529 -32 -157.838 9.93759
1159 -101.42 -830 -31 -245.168 42.3275
1169 -67.63 -511 -31 -142.173 6.9134
1179 -73.5 -530 -31 -161.161 14.1611
1189 -91.1 -726 -32 -213.941 31.7406
1199 -92.39 -592 -32 -201.396 16.6159
1209 -84.16 -1438 -31 -235.138 66.8184
1219 -80.46 -639 -32 -180.222 19.3016
1229 -85.49 -1065 -28 -216.384 45.4036
1239 -84.44 -524 -31 -187.755 18.8746
1249 -83.01 -821 -33 -189.82 23.8
1259 -79.24 -532 -31 -175.56 17.0804
1269 -69.93 -398 -31 -130.829 -9.03108
1279 -67.88 -387 -31 -136.863 1.10295
1289 -71.09 -644 -33 -146.201 4.02091
1299 -115.13 -3537 -31 -473.736 243.476
1309 -87.06 -671 -31 -194.297 20.1768
1319 -71.66 -525 -28 -151.988 8.66789
1329 -77.3 -487 -31 -162.87 8.26972
1339 -103.64 -1050 -31 -271.409 64.1293
1349 -92.13 -699 -31 -221.308 37.0476
1359 -65.26 -660 -32 -146.308 15.7883
1369 -74.97 -621 -31 -183.213 33.2727
1379 -65.2 -745 -28 -156.532 26.1323
1389 -62.1 -452 -32 -123.578 -0.622184
1399 -62.89 -592 -31 -132.824 7.04389
1409 -87.68 -2327 -31 -326.922 151.562
1419 -61.17 -384 -33 -112.824 -9.51614
1429 -70.35 -766 -34 -158.305 17.6053
1439 -79.03 -1606 -31 -241.437 83.3769
1449 -61.54 -547 -31 -126.078 2.99843
1459 -71.39 -394 -31 -143.815 1.03544
1469 -82.96 -1434 -28 -245.514 79.5936
1479 -88.99 -2272 -31 -320.891 142.911
1489 -62.14 -358 -28 -119.787 -4.49314
1499 -94.98 -1434 -31 -298.964 109.004
1509 -87.56 -1740 -35 -275.626 100.506
1519 -68.33 -722 -31 -151.239 14.5786
1529 -58.73 -392 -31 -115.253 -2.20671
1539 -67.46 -538 -31 -145.438 10.5184
1549 -70.37 -492 -31 -152.899 12.1591
1559 -66.34 -684 -31 -161.851 29.1714
1569 -49.14 -221 -31 -70.1627 -28.1173
1579 -80.23 -557 -31 -178.309 17.8488
1589 -87.11 -832 -28 -203.003 28.783
1599 -93.8 -703 -31 -211.33 23.7297
1609 -110.09 -1116 -33 -280.838 60.6579
1619 -112.08 -1102 -32 -266.121 41.9614
1629 -88.91 -763 -28 -189.707 11.8871
1639 -95.34 -963 -33 -234.795 44.1151
1649 -118.91 -1217 -31 -301.527 63.7074
1659 -109.15 -716 -32 -258.609 40.3087
1669 -81.18 -521 -31 -168.144 5.78386
1679 -96.13 -679 -31 -221.545 29.2851
1689 -83.89 -650 -31 -185.947 18.167
1699 -82.37 -624 -31 -180.217 15.4765
1709 -106.04 -550 -28 -232.728 20.6482
1719 -102.45 -619 -31 -211.796 6.89624
1729 -79.37 -506 -28 -169.65 10.9102
1739 -89.81 -710 -31 -209.911 30.2906
1749 -121.51 -1575 -32 -309.316 66.296
1759 -95.53 -617 -31 -197.86 6.79992
1769 -92.05 -864 -31 -230.858 46.7576
1779 -92.95 -593 -31 -209.024 23.1245
1789 -102.37 -1067 -31 -259.059 54.3194
1799 -103.41 -667 -32 -219.694 12.8743
1809 -133.97 -2190 -31 -384.349 116.409
1819 -98.75 -774 -31 -226.996 29.4963
1829 -99.17 -552 -31 -214.979 16.6392
1839 -95.6 -928 -31 -224.953 33.7532
1849 -81.09 -432 -31 -168.332 6.15162
1859 -93.51 -686 -31 -209.268 22.2478
1869 -90.61 -480 -32 -184.038 2.81815
1879 -100.67 -639 -31 -224.955 23.6155
1889 -56.14 -428 -31 -109.612 -2.66818
1899 -58.82 -450 -31 -111.816 -5.82367
1909 -77.28 -399 -31 -152.222 -2.338
1919 -107.76 -601 -28 -229.515 13.995
1929 -68.55 -675 -31 -149.78 12.6797
1939 -126.4 -2063 -31 -374.363 121.563
1949 -75.92 -513 -32 -152.282 0.442077
1959 -103.1 -1139 -31 -249.132 42.9319
1969 -136.99 -1386 -31 -352.134 78.1538
1979 -84.38 -664 -32 -196.599 27.8386
1989 -143.85 -3971 -31 -562.682 274.982
1999 -112.82 -1191 -32 -287.641 62.0007
2009 -82.83 -630 -31 -172.365 6.70508
2019 -92.35 -822 -31 -201.951 17.2509
2029 -112.49 -781 -32 -266.045 41.0651
2039 -113.82 -865 -31 -260.487 32.847
2049 -89.39 -604 -32 -192.318 13.5379
2059 -84.17 -639 -31 -190.548 22.2079
2069 -83.92 -867 -31 -197.267 29.427
2079 -93.94 -863 -32 -217.888 30.0081
2089 -96.27 -596 -28 -204.529 11.9893
2099 -107.26 -607 -28 -228.142 13.6222
2109 -90.81 -502 -31 -185.627 4.00699
2119 -88.99 -527 -28 -193.207 15.2268
2129 -79.5 -680 -31 -180.228 21.2281
2139 -88.13 -787 -31 -211.947 35.6871
2149 -76.21 -1204 -31 -224.188 71.7677
2159 -117.19 -2315 -31 -383.174 148.794
2169 -67.82 -759 -31 -161.489 25.8494
2179 -72.61 -612 -31 -171.335 26.1146
2189 -70.37 -471 -31 -143.926 3.18628
2199 -68 -354 -31 -138.816 2.81645
2209 -80.01 -521 -31 -166.458 6.43821
2219 -108.47 -938 -28 -278.901 61.9609
2229 -78.21 -843 -31 -182.119 25.6994
2239 -105.43 -675 -31 -241.773 30.9132
2249 -77.78 -726 -31 -185.254 29.6942
2259 -104.88 -1668 -31 -317.377 107.617
2269 -70.54 -1009 -28 -176.372 35.2925
2279 -69.44 -424 -32 -142.53 3.64959
2289 -76.95 -693 -32 -178.429 24.5288
2299 -76.23 -779 -32 -179.466 27.0058
2309 -80.06 -481 -32 -172.392 12.2722
2319 -71.26 -448 -32 -146.509 3.98862
2329 -91.64 -497 -31 -196.404 13.1236
2339 -101.68 -1271 -31 -255.633 52.2733
2349 -78.32 -729 -32 -181.148 24.5083
2359 -84.45 -731 -32 -205.959 37.0589
2369 -79.01 -1379 -32 -223.867 65.8472
2379 -91.6 -969 -32 -253.029 69.8293
2389 -68.21 -449 -32 -138.45 2.03035
2399 -81.83 -511 -32 -177.676 14.0165
2409 -77.53 -848 -31 -192.665 37.6047
2419 -91.35 -597 -32 -209.285 26.5851
2429 -77.92 -793 -31 -180.458 24.6184
2439 -81.28 -906 -32 -198.851 36.2905
2449 -78.59 -555 -31 -173.907 16.7273
2459 -89.26 -396 -31 -181.963 3.44321
2469 -90.71 -636 -31 -218.287 36.8668
2479 -101.11 -1089 -31 -266.505 64.2855
2489 -86.79 -619 -31 -164.047 -9.53321
2499 -80.62 -490 -31 -161.748 0.507843
2509 -120.39 -2018 -32 -364.261 123.481
2519 -88.63 -631 -31 -188.185 10.9251
2529 -119 -1190 -31 -301.28 63.2804
2539 -99.09 -935 -31 -233.132 34.9519
2549 -122.69 -1028 -31 -308.087 62.7065
2559 -118.23 -789 -31 -276.171 39.7112
2569 -82.63 -781 -32 -189.735 24.4753
2579 -101.47 -699 -31 -230.159 27.2185
2589 -58.89 -502 -31 -129.578 11.7983
2599 -54.05 -295 -31 -93.0375 -15.0625
2609 -57.87 -378 -31 -115.527 -0.212573
2619 -74.92 -864 -31 -190.244 40.4042
2629 -62.25 -450 -31 -127.812 3.31197
2639 -76.46 -2221 -31 -297.378 144.458
2649 -68.38 -472 -31 -149.225 12.4647
2659 -64.94 -736 -31 -154.121 24.2408
2669 -69.4 -1214 -31 -196.029 57.229
2679 -71.3 -678 -31 -185.021 42.4207
2689 -78.88 -702 -31 -186.203 28.4429
2699 -52.32 -229 -31 -85.3277 -19.3123
2709 -72.87 -920 -31 -181.058 35.3175
2719 -71.48 -607 -31 -176.451 33.4913
2729 -55.87 -290 -31 -100.841 -10.899
2739 -62.58 -672 -31 -141.127 15.967
2749 -58.65 -598 -31 -138.732 21.4315
2759 -59.06 -399 -31 -113.512 -4.6077
2769 -69.6 -954 -31 -177.8 38.5999
2779 -68.41 -491 -31 -149.282 12.4624
2789 -59.76 -747 -31 -138.678 19.1578
2799 -67.16 -536 -31 -149.288 14.9679
2809 -50.69 -263 -31 -79.1897 -22.1903
2819 -61.21 -491 -31 -131.535 9.11543
2829 -51.88 -408 -31 -100.131 -3.62904
2839 -62.62 -611 -31 -145.163 19.9226
2849 -71.22 -590 -31 -155.398 12.9583
2859 -71.84 -1207 -31 -191.483 47.803
2869 -88.92 -859 -31 -227.163 49.3228
2879 -75.31 -1360 -31 -216.538 65.9182
2889 -76.56 -1032 -31 -196.644 43.5241
2899 -49.83 -186 -31 -74.8387 -24.8213
2909 -64.76 -684 -31 -146.872 17.3519
2919 -58.44 -362 -31 -110.856 -6.02386
2929 -58.66 -438 -31 -112.784 -4.53615
2939 -61.59 -903 -31 -159.678 36.4977
2949 -62.69 -426 -31 -129.56 4.18007
2959 -69.26 -1142 -31 -193.627 55.107
2969 -77.98 -1379 -31 -226.712 70.7524
2979 -68.68 -1938 -31 -258.639 121.279
2989 -67.63 -742 -31 -166.263 31.0033
2999 -61.22 -577 -31 -132.21 9.77032
3009 -103.89 -2654 -31 -389.938 182.158
3019 -80.93 -1499 -31 -275.967 114.107
3029 -63.93 -504 -31 -134.799 6.93941
3039 -56.87 -497 -31 -109.987 -3.75282
3049 -71.46 -1697 -31 -244.185 101.265
3059 -56.97 -325 -31 -103.157 -10.7827
3069 -82.97 -910 -31 -199.463 33.5228
3079 -54.11 -468 -28 -101.473 -6.74656
3089 -83.11 -1682 -31 -258.35 92.1303
3099 -52.24 -466 -31 -97.8602 -6.61979
3109 -72.87 -679 -31 -178.527 32.7869
3119 -53.25 -252 -31 -87.5346 -18.9654
3129 -68.64 -767 -31 -166.886 29.6056
3139 -59.62 -348 -31 -112.275 -6.96547
3149 -64.69 -687 -31 -155.344 25.964
3159 -61.48 -603 -31 -125.387 2.42708
3169 -99.82 -3568 -31 -456.293 256.653
3179 -60.42 -458 -31 -127.245 6.40536
3189 -76.75 -1006 -31 -191.592 38.0925
3199 -91.52 -2942 -31 -390.005 206.965
3209 -55.46 -512 -31 -112.323 1.40257
3219 -92.34 -2847 -31 -378.508 193.828
3229 -69.97 -769 -31 -175.505 35.5648
3239 -62.43 -768 -31 -170.014 45.1537
3249 -65.92 -693 -31 -154.254 22.414
3259 -60.34 -335 -31 -114.355 -6.32536
3269 -72.68 -2430 -31 -311.239 165.879
3279 -91.15 -2646 -31 -360.511 178.211
3289 -52.53 -405 -31 -99.081 -5.97896
3299 -69.14 -2015 -31 -267.112 128.832
3309 -63.73 -575 -31 -146.634 19.1743
3319 -70.79 -408 -31 -149.149 7.56852
3329 -60.07 -426 -31 -116.913 -3.22661
3339 -63.42 -875 -31 -168.866 42.0256
3349 -54.19 -587 -31 -111.448 3.06758
3359 -58.82 -616 -31 -131.009 13.3688
3369 -51.06 -201 -31 -76.4865 -25.6335
3379 -64.93 -953 -31 -172.534 42.6737
3389 -60.67 -413 -31 -120.833 -0.50693
3399 -61.57 -547 -31 -129.17 6.02974
3409 -107.16 -2622 -28 -394.558 180.238
3419 -58.43 -411 -31 -117.793 0.933041
3429 -76.93 -655 -31 -180.847 26.9873
3439 -63.64 -514 -31 -127.642 0.361999
3449 -73.39 -780 -31 -176.947 30.1667
3459 -63.41 -546 -31 -136.948 10.1279
3469 -59.44 -623 -31 -135.738 16.8581
3479 -62.66 -352 -31 -122.999 -2.32051
3489 -62.21 -351 -31 -120.132 -4.28793
3499 -57.36 -410 -31 -105.972 -8.74797
3509 -61.49 -408 -31 -125.237 2.25694
3519 -57.03 -594 -31 -120.669 6.60933
3529 -59.99 -501 -31 -123.558 3.57823
3539 -57.28 -426 -31 -110.669 -3.89072
3549 -78.9 -1046 -31 -222.693 64.893
3559 -57.72 -416 -31 -109.567 -5.87347
3569 -62.49 -568 -31 -134.396 9.41642
3579 -56.88 -373 -31 -106.176 -7.58388
3589 -55.32 -297 -31 -96.6445 -13.9955
3599 -73.91 -605 -31 -172.448 24.6279
3609 -60.38 -634 -31 -144.308 23.5475
3619 -61.84 -529 -31 -137.449 13.7687
3629 -60.64 -464 -31 -119.965 -1.31539
3639 -63.72 -676 -31 -151.346 23.9062
3649 -78.17 -1006 -31 -216.175 59.8349
3659 -59.93 -531 -31 -134.224 14.3638
3669 -79.61 -1048 -31 -231.152 71.9322
3679 -87.78 -2435 -31 -336.515 160.955
3689 -53.06 -298 -31 -86.9 -19.22
3699 -62.25 -486 -31 -126.943 2.44314
3709 -64.38 -380 -31 -124.861 -3.89918
3719 -60.67 -534 -31 -133.251 11.9114
3729 -71.9 -669 -31 -160.541 16.7411
3739 -51.38 -402 -31 -94.326 -8.43396
3749 -58.06 -660 -31 -129.485 13.3655
3759 -52.44 -340 -31 -91.5118 -13.3682
3769 -71.64 -938 -31 -201.914 58.6341
3779 -62.26 -295 -31 -116.987 -7.53287
3789 -56.22 -374 -31 -105.942 -6.49827
3799 -56.17 -366 -31 -105.927 -6.4128
3809 -65.61 -692 -31 -148.537 17.3168
3819 -62.23 -397 -31 -126.351 1.89051
3829 -58.74 -467 -31 -114.639 -2.84095
3839 -70.61 -1026 -31 -186.587 45.3672
3849 -62.45 -813 -31 -148.85 23.9505
3859 -63.13 -644 -31 -136.391 10.1309
3869 -58.81 -477 -31 -113.486 -4.13402
3879 -62.58 -659 -31 -141.164 16.0036
3889 -62.06 -633 -31 -137.606 13.4863
3899 -62.81 -484 -31 -125.582 -0.0379828
3909 -67.05 -467 -31 -145.562 11.462
3919 -133.84 -6833 -31 -811.403 543.723
3929 -57.79 -352 -31 -105.771 -9.80915
3939 -71.16 -539 -31 -159.514 17.1939
3949 -50.84 -383 -32 -86.9195 -14.7605
3959 -66.71 -750 -31 -155.62 22.1999
3969 -58.82 -335 -31 -102.456 -15.1838
3979 -62.72 -815 -31 -154.146 28.7059
3989 -54.53 -730 -31 -125.533 16.4731
3999 -64.35 -579 -31 -137.702 9.00218
4009 -58 -608 -31 -126.183 10.1831
4019 -61.58 -788 -31 -145.514 22.3543
4029 -44.74 -101 -31 -54.0356 -35.4444
4039 -65.48 -1158 -31 -184.705 53.7448
4049 -58.65 -673 -31 -132.535 15.235
4059 -79.55 -1190 -31 -228.891 69.7907
4069 -63.95 -696 -31 -148.696 20.7959
4079 -54.85 -485 -31 -107.697 -2.0026
4089 -60.83 -365 -31 -112.067 -9.59275
4099 -50.5 -229 -31 -79.5418 -21.4582
4109 -65.51 -800 -31 -154.29 23.2695
4119 -58.32 -531 -31 -118.731 2.09143
4129 -89.37 -3163 -31 -405.651 226.911
4139 -56.19 -334 -31 -101.945 -10.4355
4149 -64.12 -1079 -31 -176.153 47.9127
4159 -70.81 -631 -31 -165.873 24.2526
4169 -57.36 -397 -31 -109.227 -5.49265
4179 -56.43 -411 -31 -112.973 0.112827
4189 -62.97 -538 -31 -139.454 13.5142
4199 -61.11 -411 -31 -123.537 1.31659
4209 -55.57 -526 -31 -119.619 8.47895
4219 -51.71 -359 -31 -88.1883 -15.2317
4229 -69.29 -831 -31 -175.667 37.0872
4239 -64.97 -607 -31 -148.605 18.6653
4249 -56.5 -427 -31 -106.896 -6.10449
4259 -47.92 -193 -31 -72.7243 -23.1157
4269 -71.33 -1892 -31 -258.4 115.74
4279 -69.94 -781 -31 -157.307 17.4273
4289 -81.84 -1794 -31 -273.239 109.559
4299 -77.12 -2421 -31 -314.617 160.377
4309 -119.53 -3470 -31 -530.752 291.692
4319 -64.81 -609 -31 -151.574 21.9543
4329 -75.85 -1095 -31 -236.209 84.5093
4339 -62.57 -486 -31 -126.86 1.72045
4349 -79.05 -893 -31 -212.668 54.5681
4359 -63.97 -566 -31 -142.586 14.6461
4369 -65.04 -575 -31 -148.877 18.7971
4379 -77.59 -974 -31 -200.741 45.5612
4389 -62.83 -427 -31 -126.151 0.490673
4399 -50.72 -440 -31 -95.4071 -6.03292
4409 -70.3 -1222 -31 -208.857 68.2568
4419 -50.65 -190 -31 -78.6688 -22.6312
4429 -50.34 -349 -31 -86.3335 -14.3465
4439 -86.51 -2415 -31 -334.765 161.745
4449 -68.45 -934 -31 -175.546 38.6458
4459 -69.46 -649 -31 -164.746 25.8264
4469 -52.48 -384 -31 -92.7241 -12.2359
4479 -71 -1128 -31 -206.275 64.2749
4489 -47.39 -318 -31 -81.4596 -13.3204
4499 -66.53 -353 -31 -116.953 -16.1068
4509 -53.91 -713 -31 -123.619 15.7995
4519 -59.9 -516 -31 -130.118 10.3175
4529 -69.92 -693 -31 -168.062 28.2219
4539 -73.37 -772 -31 -175.068 28.3282
4549 -61.59 -715 -32 -155.596 32.4156
4559 -58.11 -408 -31 -110.177 -6.04324
4569 -71.96 -1168 -31 -198.057 54.1374
4579 -53.2 -238 -31 -88.2953 -18.1047
4589 -56.08 -408 -31 -113.51 1.34998
4599 -60.72 -355 -31 -119.444 -1.99634
4609 -70.21 -516 -31 -151.683 11.2628
4619 -55.95 -359 -31 -102.767 -9.13272
4629 -63.13 -570 -31 -135.195 8.9347
4639 -52.4 -287 -31 -90.1057 -14.6943
4649 -61.9 -546 -31 -118.965 -4.83511
4659 -58.27 -507 -31 -123.844 7.30375
4669 -71.27 -945 -31 -184.891 42.3508
4679 -52.34 -399 -31 -102.781 -1.89947
4689 -73.27 -508 -31 -160.477 13.9374
4699 -54.14 -393 -31 -103.238 -5.04229
4709 -85.1 -3195 -31 -399.792 229.592
4719 -72.62 -869 -31 -172.863 27.623
4729 -60.24 -560 -31 -130.93 10.4501
4739 -54.39 -331 -31 -96.9478 -11.8322
4749 -70.63 -1034 -31 -180.487 39.2266
4759 -69.22 -631 -31 -154.05 15.61
4769 -50.01 -547 -31 -101.175 1.15521
4779 -61.99 -707 -31 -139.864 15.8843
4789 -48.64 -220 -31 -76.676 -20.604
4799 -57.63 -462 -31 -115.618 0.35771
4809 -60.64 -625 -31 -139.997 18.7175
4819 -57.09 -834 -31 -143.79 29.6099
4829 -52.2 -348 -31 -90.5793 -13.8207
4839 -46.65 -139 -31 -60.921 -32.379
4849 -52.58 -339 -31 -94.2264 -10.9336
4859 -61 -750 -31 -147.962 25.9617
4869 -95.36 -2190 -31 -363.787 173.067
4879 -66.01 -525 -31 -146.47 14.4504
4889 -60.42 -443 -31 -121.171 0.33085
4899 -71.15 -1085 -31 -192.811 50.5108
4909 -57.69 -474 -31 -116.121 0.74144
4919 -53.09 -421 -31 -105.467 -0.713261
4929 -48.86 -219 -31 -74.8407 -22.8793
4939 -71.29 -657 -31 -172.896 30.3157
4949 -54.58 -531 -31 -110.609 1.44897
4959 -69.77 -892 -31 -165.483 25.9429
4969 -56.26 -517 -32 -114.299 1.77874
4979 -73.52 -1035 -31 -204.877 57.8371
4989 -64.07 -519 -31 -145.688 17.5484
4999 -66.68 -769 -31 -165.366 32.006
5009 -57.43 -277 -31 -104.516 -10.3444
5019 -64.32 -621 -31 -153.011 24.3713
5029 -49.46 -314 -31 -82.2426 -16.6774
5039 -49.41 -272 -31 -81.8239 -16.9961
5049 -49.19 -308 -31 -81.7279 -16.6521
5059 -57.69 -545 -31 -128.255 12.8753
5069 -57.75 -424 -31 -97.6233 -17.8767
5079 -63.11 -420 -31 -130.567 4.34692
5089 -98.64 -2992 -31 -406.146 208.866
5099 -62.4 -423 -31 -133.481 8.68132
5109 -79.13 -589 -31 -183.78 25.52
5119 -56.12 -369 -31 -112.313 0.0728595
5129 -53.43 -449 -31 -105.814 -1.04648
5139 -56.97 -415 -31 -118.183 4.2427
5149 -62.23 -449 -31 -132.265 7.80502
5159 -85.2 -545 -31 -193.366 22.9656
5169 -77.07 -2273 -31 -304.226 150.086
5179 -53.89 -256 -31 -94.2715 -13.5085
5189 -57.09 -490 -31 -119.103 4.9228
5199 -57.33 -433 -31 -116.614 1.95385
5209 -53.71 -354 -31 -99.976 -7.44399
5219 -64.69 -406 -31 -139.484 10.1041
5229 -58.22 -622 -31 -134.7 18.2604
5239 -51.47 -301 -31 -88.9946 -13.9454
5249 -48.79 -257 -31 -78.0581 -19.5219
5259 -65.83 -1811 -31 -242.92 111.26
5269 -61.56 -415 -31 -133.63 10.5104
5279 -52.51 -304 -31 -91.4271 -13.5929
5289 -62.03 -737 -31 -155.805 31.7449
5299 -58.2 -317 -31 -117.795 1.39468
5309 -65.32 -562 -31 -148.96 18.3198
5319 -87.91 -3249 -31 -416.643 240.823
5329 -47.26 -294 -31 -77.9065 -16.6135
5339 -52.01 -540 -31 -107.739 3.71907
5349 -72.35 -624 -31 -165.853 21.1535
5359 -51.68 -291 -31 -91.7143 -11.6457
5369 -57.29 -439 -31 -121.183 6.60259
5379 -63.37 -608 -31 -143.327 16.5869
5389 -71.02 -1669 -31 -237.041 95.001
5399 -47.56 -207 -31 -72.5488 -22.5712
5409 -54.83 -316 -31 -104.758 -4.90243
5419 -56.86 -277 -31 -105.631 -8.08935
5429 -62.21 -431 -31 -136.722 12.3017
5439 -72.53 -747 -31 -177.088 32.0278
5449 -59.7 -800 -31 -142.438 23.038
5459 -57.48 -475 -31 -115.472 0.51169
5469 -52.78 -467 -31 -103.253 -2.30708
5479 -60.04 -418 -31 -122.555 2.47478
5489 -82.29 -749 -31 -203.341 38.7615
5499 -112.69 -5733 -31 -679.385 454.005
5509 -51.05 -353 -31 -90.0711 -12.0289
5519 -63.55 -1047 -31 -181.537 54.4369
5529 -51.15 -471 -31 -98.6521 -3.64791
5539 -63.99 -618 -31 -156.102 28.1218
5549 -61.79 -449 -31 -123.69 0.109792
5559 -64.93 -513 -31 -142.096 12.2358
5569 -58.01 -506 -31 -127.91 11.8899
5579 -65.94 -797 -31 -164.1 32.2199
5589 -52.53 -435 -31 -101.392 -3.66759
5599 -53.32 -553 -31 -113.256 6.61599
5609 -85.66 -1894 -31 -283.892 112.572
5619 -90.63 -2260 -31 -328.823 147.563
5629 -56.84 -611 -31 -123.614 9.93434
5639 -62.06 -501 -31 -130.124 6.00416
5649 -66.73 -891 -31 -178.504 45.0443
5659 -53.82 -272 -31 -90.9785 -16.6615
5669 -69.34 -601 -31 -147.93 9.25015
5679 -68.93 -1090 -31 -195.781 57.9206
5689 -50.8 -416 -31 -95.8066 -5.79345
5699 -61.56 -502 -31 -131.191 8.0706
5709 -82.42 -764 -32 -200.529 35.6886
5719 -52.9 -296 -31 -95.8695 -9.93055
5729 -68.2 -805 -31 -177.919 41.5186
5739 -59.01 -765 -31 -143.983 25.9631
5749 -52.54 -238 -31 -87.6509 -17.4291
5759 -55.5 -447 -31 -111.74 0.740444
5769 -77.26 -779 -31 -187.548 33.0281
5779 -56.32 -564 -31 -116.722 4.0817
5789 -56.82 -535 -31 -123.285 9.6454
5799 -85.84 -1594 -31 -258.985 87.3048
5809 -84.54 -1028 -31 -227.959 58.8789
5819 -48.5 -180 -31 -69.8646 -27.1354
5829 -86.19 -1058 -31 -234.218 61.8375
5839 -57.72 -605 -31 -136.062 20.6222
5849 -58.76 -373 -31 -111.415 -6.10507
5859 -51.87 -599 -31 -110.88 7.14033
5869 -68.26 -933 -31 -196.547 60.027
5879 -50.02 -576 -31 -110.355 10.3148
5889 -65.93 -1321 -31 -199.688 67.8277
5899 -45.66 -211 -31 -68.2628 -23.0572
5909 -57.91 -415 -31 -110.984 -4.83564
5919 -57.25 -631 -31 -124.013 9.51295
5929 -47.59 -333 -31 -83.6016 -11.5784
5939 -63.04 -514 -31 -136.192 10.1121
5949 -57.54 -652 -31 -133.786 18.7065
5959 -55.44 -382 -31 -105.151 -5.729
5969 -61.88 -359 -31 -124.112 0.351978
5979 -57.61 -685 -31 -131.682 16.4619
5989 -62.89 -521 -31 -139.747 13.9669
5999 -51.14 -361 -31 -95.3042 -6.97577
6009 -72.57 -1253 -32 -209.748 64.6077
6019 -94.37 -2572 -31 -363.03 174.29
6029 -66.1 -989 -31 -182.724 50.5241
6039 -61.03 -1306 -31 -190.772 68.7124
6049 -60.15 -747 -31 -155.897 35.5967
6059 -70 -715 -31 -175.634 35.634
6069 -58.23 -454 -31 -126.85 10.3899
6079 -62.57 -631 -31 -145.928 20.7883
6089 -56.73 -484 -31 -127.596 14.1364
6099 -59.18 -733 -31 -146.81 28.4504
6109 -54.86 -368 -31 -109.212 -0.508255
6119 -51.21 -389 -31 -94.3164 -8.10364
6129 -61.37 -896 -31 -156.719 33.9791
6139 -55.45 -351 -31 -105.441 -5.45911
6149 -44.9 -194 -31 -66.7444 -23.0556
6159 -61.68 -575 -31 -139.629 16.2686
6169 -54.35 -397 -31 -95.5885 -13.1115
6179 -54.02 -480 -31 -108.423 0.383496
6189 -58.56 -605 -31 -137.014 19.8942
6199 -46.64 -301 -31 -82.9028 -10.3772
6209 -57.36 -585 -31 -128.768 14.0476
6219 -55.68 -629 -31 -127.301 15.9409
6229 -59.17 -394 -31 -120.121 1.7814
6239 -60.83 -599 -31 -136.994 15.3344
6249 -75.44 -951 -31 -200.281 49.4009
6259 -61.31 -538 -31 -140.954 18.3341
6269 -59.69 -648 -31 -136.809 17.4294
6279 -48.18 -305 -31 -82.9156 -13.4444
6289 -73.66 -1375 -31 -238.893 91.573
6299 -52.09 -460 -31 -98.2464 -5.93364
6309 -51.1 -404 -31 -103.547 1.34706
6319 -56.95 -418 -32 -113.954 0.0538988
6329 -45.99 -228 -31 -72.4129 -19.5671
6339 -58.1 -442 -31 -126.441 10.2407
6349 -63.68 -574 -31 -144.379 17.019
6359 -68.52 -1146 -31 -198.726 61.6857
6369 -63.5 -580 -31 -145.47 18.4699
6379 -64.01 -803 -31 -157.041 29.021
6389 -81.81 -1039 -31 -228.521 64.9011
6399 -57.6 -832 -31 -146.027 30.8265
6409 -64.19 -985 -31 -165.069 36.689
6419 -59.73 -494 -31 -125.788 6.32848
6429 -59.4 -942 -31 -154.62 35.8203
6439 -63.44 -572 -31 -151.706 24.8265
6449 -56.45 -433 -31 -113.016 0.115656
6459 -72.39 -982 -31 -202.716 57.9359
6469 -64.35 -565 -31 -145.103 16.4032
6479 -47.7 -443 -31 -90.4476 -4.9524
6489 -51.95 -555 -31 -111.598 7.69775
6499 -56.95 -950 -31 -151.792 37.8923
6509 -60.35 -501 -31 -123.895 3.19503
6519 -59.22 -932 -31 -161.243 42.8028
6529 -54.79 -578 -31 -123.131 13.5508
6539 -58.26 -501 -31 -127.289 10.7691
6549 -54.61 -324 -31 -102.326 -6.89416
6559 -55.85 -404 -31 -112.53 0.829523
6569 -57.3 -576 -31 -128.774 14.1744
6579 -45.61 -227 -31 -70.5568 -20.6632
6589 -57.51 -530 -31 -123.152 8.13225
6599 -53.64 -646 -31 -121.292 14.0119
6609 -77.31 -1016 -31 -202.708 48.0875
6619 -58.46 -472 -31 -121.127 4.20693
6629 -60.5 -946 -31 -165.489 44.4893
6639 -66.49 -477 -31 -145.542 12.562
6649 -74.28 -727 -31 -196.33 47.7704
6659 -62.78 -588 -31 -146.475 20.9153
6669 -59.65 -466 -31 -125.864 6.56364
6679 -70.13 -1273 -31 -203.324 63.0643
6689 -61.67 -543 -31 -146.756 23.4165
6699 -63.64 -632 -31 -147.662 20.3824
6709 -54.67 -495 -31 -129.715 20.3752
6719 -64.76 -1230 -31 -187.194 57.6739
6729 -56.2 -366 -31 -112.047 -0.353177
6739 -63.54 -666 -31 -146.357 19.2771
6749 -60.38 -449 -31 -131.632 10.8716
6759 -55.63 -509 -31 -118.867 7.60654
6769 -43.31 -147 -31 -58.1459 -28.4741
6779 -55.69 -872 -31 -141.847 30.4673
6789 -60.91 -620 -31 -142.033 20.2131
6799 -61.55 -720 -31 -150.112 27.0119
6809 -54.15 -317 -31 -102.378 -5.92153
6819 -53.09 -383 -31 -104.976 -1.20386
6829 -64.61 -546 -31 -146.005 16.7846
6839 -87.4 -1158 -31 -249.597 74.7974
6849 -56.65 -588 -31 -124.354 11.0544
6859 -66.36 -804 -31 -172.912 40.1918
6869 -57.8 -337 -31 -108.478 -7.1218
6879 -58.19 -415 -31 -117.986 1.60645
6889 -54.84 -539 -31 -116.308 6.62826
6899 -60.24 -876 -31 -158.14 37.6604
6909 -66.17 -573 -31 -139.787 7.44704
6919 -81.25 -1019 -31 -221.83 59.3303
6929 -66.38 -633 -31 -149.153 16.3928
6939 -71.04 -564 -31 -154.052 11.9717
6949 -87.48 -1542 -31 -271.642 96.6816
6959 -50.3 -386 -31 -91.1631 -9.4369
6969 -54 -347 -31 -99.9339 -8.06613
6979 -62.37 -775 -31 -151.786 27.0459
6989 -61.34 -581 -31 -136.947 14.2669
6999 -56.59 -341 -31 -108.638 -4.54248
7009 -52.48 -333 -31 -99.3395 -5.62049
7019 -79.08 -1130 -31 -224.329 66.1693
7029 -54.07 -626 -31 -121.649 13.5088
7039 -65.09 -727 -31 -153.942 23.7619
7049 -59.67 -478 -31 -128.088 8.74769
7059 -62.29 -638 -31 -149.765 25.1853
7069 -50.84 -408 -31 -96.7599 -4.92014
7079 -46.77 -178 -31 -69.3293 -24.2107
7089 -54.7 -548 -31 -113.417 4.01679
7099 -55.04 -350 -31 -108.966 -1.11391
7109 -48.32 -355 -31 -84.1316 -12.5084
7119 -50.78 -409 -31 -99.6478 -1.9122
7129 -72.28 -926 -31 -188.277 43.7173
7139 -57.1 -483 -31 -123.017 8.81711
7149 -66.02 -849 -31 -181.117 49.0767
7159 -61.26 -632 -31 -144.664 22.1439
7169 -57.96 -444 -31 -117.375 1.45526
7179 -49.75 -260 -31 -85.341 -14.159
7189 -61.85 -795 -31 -151.024 27.3239
7199 -62.34 -518 -31 -137.183 12.5025
7209 -61.89 -1190 -31 -180.58 56.7995
7219 -47.44 -443 -31 -88.6786 -6.20139
7229 -75.6 -1216 -31 -220.945 69.7445
7239 -58.66 -436 -31 -122.559 5.23881
7249 -66.31 -508 -31 -152.014 19.3936
7259 -63.76 -798 -31 -156.422 28.9022
7269 -63.62 -690 -31 -157.328 30.0876
7279 -51.14 -533 -31 -103.429 1.14945
7289 -62.4 -359 -31 -123.463 -1.33719
7299 -48.13 -443 -31 -93.0402 -3.21981
7309 -57.87 -593 -31 -126.144 10.4042
7319 -63.05 -372 -31 -126.69 0.589881
7329 -49.54 -386 -31 -89.3859 -9.69411
7339 -59.64 -589 -31 -135.719 16.4391
7349 -48.5 -342 -31 -85.8779 -11.1221
7359 -63.41 -525 -32 -142.845 16.0253
7369 -70.59 -1714 -31 -246.006 104.826
7379 -49.78 -370 -31 -96.4945 -3.06551
7389 -62.96 -441 -31 -133.625 7.70485
7399 -53.73 -414 -31 -104.298 -3.16249
7409 -53.61 -317 -32 -98.1758 -9.04423
7419 -115.9 -5886 -31 -700.511 468.711
7429 -69.8 -1677 -31 -236.438 96.8377
7439 -56.69 -481 -32 -116.673 3.29252
7449 -61.7 -893 -31 -121.501 -1.89922
7459 -48.1 -238 -31 -76.9705 -19.2295
7469 -47.22 -183 -32 -67.7994 -26.6406
7479 -66.2 -719 -31 -160.771 28.3714
7489 -53.46 -641 -32 -119.703 12.7834
7499 -56.22 -374 -32 -108.723 -3.71652
7509 -52.41 -455 -31 -97.5902 -7.22984
7519 -72.13 -949 -32 -183.057 38.7972
7529 -76.73 -851 -31 -202.501 49.0405
7539 -64.3 -527 -31 -145.3 16.7001
7549 -53.12 -413 -31 -104.807 -1.43292
7559 -66.77 -967 -32 -181.495 47.9548
7569 -98.66 -1938 -32 -364.437 167.117
7579 -62.98 -930 -31 -165.628 39.6682
7589 -85.74 -2167 -31 -304.087 132.607
7599 -95.32 -2713 -31 -377.092 186.452
7609 -52.46 -367 -31 -95.9003 -9.01971
7619 -57.25 -573 -32 -123.663 9.16319
7629 -60.9 -716 -31 -149.738 27.9383
7639 -53.28 -273 -32 -98.1908 -8.3692
7649 -61.17 -891 -31 -164.884 42.5444
7659 -54.25 -303 -31 -99.7602 -8.73982
7669 -57.22 -407 -32 -114.189 -0.25116
7679 -60.25 -542 -32 -142.51 22.0095
7689 -70.76 -682 -32 -179.524 38.0038
7699 -62.98 -1274 -31 -198.359 72.3994
7709 -62.31 -847 -32 -159.715 35.0951
7719 -58.07 -770 -32 -146.43 30.2901
7729 -54.47 -363 -31 -108.732 -0.208086
7739 -70.93 -1016 -31 -194.161 52.3006
7749 -61.45 -603 -31 -141.071 18.1711
7759 -61.36 -800 -32 -156.757 34.0367
7769 -53.36 -304 -31 -89.744 -16.976
7779 -53.51 -455 -32 -106.169 -0.851053
7789 -73.34 -865 -32 -188.977 42.2971
7799 -63.08 -384 -31 -127.535 1.37522
7809 -87.24 -1866 -32 -287.437 112.957
7819 -67.2 -946 -31 -182.588 48.1875
7829 -52.71 -219 -31 -82.3903 -23.0297
7839 -59.6 -650 -31 -133.369 14.1688
7849 -71.57 -537 -32 -163.915 20.7749
7859 -79.73 -895 -31 -210.833 51.3726
7869 -56.24 -428 -31 -115.713 3.23329
7879 -64.41 -375 -32 -127.853 -0.966598
7889 -53.64 -375 -31 -99.7957 -7.4843
7899 -68.55 -634 -31 -161.498 24.3983
7909 -71.67 -641 -31 -172.202 28.8625
7919 -70.11 -1077 -31 -198.819 58.5986
7929 -83.32 -988 -31 -224.431 57.7911
7939 -59.02 -402 -31 -116.252 -1.78829
7949 -82.69 -1120 -32 -243.241 77.8612
7959 -55.78 -406 -32 -89.2137 -22.3463
7969 -52.88 -272 -32 -90.0826 -15.6774
7979 -66.79 -686 -32 -150.311 16.7309
7989 -64.45 -623 -31 -161.46 32.56
7999 -63.08 -633 -31 -144.623 18.4628
8009 -62.78 -584 -32 -138.16 12.6003
8019 -61.93 -418 -32 -120.544 -3.31631
8029 -93.02 -3205 -31 -413.532 227.492
8039 -56.11 -683 -31 -126.642 14.4221
8049 -67.86 -645 -32 -151.956 16.2356
8059 -78.46 -2084 -31 -291.416 134.496
8069 -57.82 -515 -31 -120.146 4.50645
8079 -61.84 -550 -31 -132.68 8.99958
8089 -56.96 -449 -31 -117.112 3.19219
8099 -60.92 -415 -31 -126.985 5.14475
8109 -55.58 -320 -32 -106.638 -4.52243
8119 -56.47 -553 -32 -122.17 9.22974
8129 -54.67 -337 -31 -105.025 -4.31484
8139 -62.8 -508 -32 -138.54 12.9397
8149 -58.06 -636 -31 -131.399 15.2793
8159 -55.5 -349 -32 -109.197 -1.80319
8169 -55.78 -416 -32 -114.966 3.40603
8179 -61.62 -576 -31 -135.881 12.6414
8189 -64 -1508 -31 -211.686 83.6856
8199 -59.19 -624 -31 -132.722 14.3425
8209 -54.6 -395 -31 -112.452 3.25237
8219 -64.66 -1041 -31 -175.735 46.4151
8229 -61.85 -435 -32 -122.097 -1.6026
8239 -54.37 -416 -31 -102.638 -6.10234
8249 -59.03 -424 -31 -115.259 -2.80117
8259 -57.22 -364 -31 -109.313 -5.12665
8269 -52.32 -376 -31 -94.8609 -9.77912
8279 -66.22 -1362 -32 -207.747 75.307
8289 -57.71 -358 -31 -107.594 -7.82638
8299 -87.2 -1934 -32 -292.824 118.424
8309 -66.74 -610 -32 -150.763 17.2825
8319 -90.77 -2982 -31 -394.108 212.568
8329 -68.86 -957 -31 -177.567 39.8472
8339 -55.07 -322 -31 -99.0822 -11.0578
8349 -71.32 -363 -32 -143.378 0.738069
8359 -55.88 -359 -31 -109.101 -2.65864
8369 -153.77 -9022 -32 -1048.76 741.222
8379 -56.56 -449 -31 -111.842 -1.27846
8389 -56.37 -305 -31 -102.121 -10.6191
8399 -67.69 -480 -31 -143.513 8.13276
8409 -69.77 -630 -31 -161.779 22.2392
8419 -49.21 -296 -31 -81.2189 -17.2011
8429 -72.57 -524 -31 -163.166 18.0262
8439 -102.48 -1934 -31 -356.372 151.412
8449 -57.34 -816 -31 -140.713 26.0329
8459 -54.49 -324 -32 -93.1644 -15.8156
8469 -47.45 -230 -31 -76.4328 -18.4672
8479 -56.32 -604 -31 -117.343 4.70305
8489 -106.09 -2390 -32 -392.208 180.028
8499 -58.36 -466 -31 -115.698 -1.02197
8509 -58.02 -288 -31 -104.28 -11.7602
8519 -63.58 -686 -31 -145.377 18.2173
8529 -49.73 -282 -31 -85.2468 -14.2132
8539 -71.73 -871 -31 -184.14 40.6796
8549 -65.53 -391 -32 -127.914 -3.14582
8559 -55.43 -392 -31 -113.38 2.52037
8569 -64.47 -525 -31 -138.477 9.53744
8579 -50.44 -297 -31 -80.7573 -20.1227
8589 -54.22 -414 -31 -108.668 0.228412
8599 -49.91 -462 -32 -94.5608 -5.25921
8609 -55.22 -402 -32 -109.62 -0.819626
8619 -56.87 -497 -32 -116.37 2.63031
8629 -53.75 -272 -31 -94.3716 -13.1284
8639 -70.93 -559 -31 -160.363 18.5031
8649 -78.56 -2094 -31 -288.123 131.003
8659 -48.67 -462 -31 -93.2318 -4.10818
8669 -59.95 -403 -31 -118.184 -1.71593
8679 -81.37 -833 -32 -202.812 40.0718
8689 -54.43 -544 -31 -114.642 5.78203
8699 -60.04 -619 -31 -137.988 17.9078
8709 -60.39 -644 -32 -137.778 16.998
8719 -61.74 -490 -31 -129.105 5.62462
8729 -75.35 -2132 -31 -290.818 140.118
8739 -58.22 -601 -31 -131.469 15.0291
8749 -54.43 -680 -31 -126.712 17.8516
8759 -48.55 -227 -31 -76.649 -20.451
8769 -58.49 -1278 -31 -183.057 66.0774
8779 -62.48 -502 -32 -136.801 11.841
8789 -73.9 -883 -31 -181.665 33.8651
8799 -85.09 -718 -31 -197.752 27.5725
8809 -70.03 -865 -31 -166.98 26.9202
8819 -59.25 -466 -32 -120.492 1.9915
8829 -96.7 -2288 -31 -350.732 157.332
8839 -59.94 -381 -31 -123.256 3.37599
8849 -57.78 -725 -32 -138.519 22.9588
8859 -61.75 -752 -32 -152.766 29.2657
8869 -58.34 -471 -32 -118.646 1.96609
8879 -64.95 -685 -31 -149.825 19.9252
8889 -58.13 -696 -31 -134.386 18.1261
8899 -52.1 -477 -31 -107.878 3.67818
8909 -70.87 -807 -31 -180.269 38.5286
8919 -55.74 -423 -31 -107.311 -4.16897
8929 -69.55 -1343 -31 -213.379 74.2788
8939 -62.24 -601 -31 -143.998 19.5183
8949 -57 -625 -31 -124.924 10.924
8959 -56.19 -415 -31 -113.103 0.722991
8969 -57.1 -597 -31 -121.041 6.84086
8979 -56.77 -823 -31 -139.577 26.0366
8989 -66.36 -579 -31 -153.203 20.483
8999 -50.54 -254 -31 -82.6569 -18.4231
9009 -55.76 -508 -31 -122.393 10.8731
9019 -49.43 -323 -31 -95.627 -3.23301
9029 -58.28 -400 -31 -115.156 -1.40378
9039 -68.07 -756 -31 -161.074 24.9343
9049 -70.54 -731 -31 -177.633 36.5529
9059 -70.54 -706 -31 -173.271 32.1905
9069 -50.78 -426 -31 -99.2569 -2.30305
9079 -60.58 -544 -31 -137.643 16.4835
9089 -52.73 -449 -31 -102.578 -2.88204
9099 -55.84 -510 -31 -114.464 2.78422
9109 -69.05 -554 -31 -157.022 18.9222
9119 -54.4 -257 -31 -90.7427 -18.0573
9129 -53.51 -455 -31 -105.324 -1.69604
9139 -55.38 -457 -32 -112.391 1.63125
9149 -77.54 -1756 -32 -258.24 103.16
9159 -50.9 -297 -31 -88.3205 -13.4795
9169 -75.51 -974 -31 -199.455 48.4347
9179 -54.35 -478 -32 -103.018 -5.68176
9189 -66.16 -747 -31 -158.307 25.9872
9199 -59.09 -478 -31 -123.026 4.84619
9209 -51.16 -385 -31 -92.7885 -9.53147
9219 -57.17 -573 -31 -121.223 6.88304
9229 -58.98 -587 -31 -126.948 8.98848
9239 -67.72 -782 -31 -162.582 27.1421
9249 -63.25 -510 -35 -130.632 4.13247
9259 -55.5 -501 -31 -112.506 1.50585
9269 -65.08 -1425 -31 -212.535 82.3748
9279 -72.95 -730 -31 -176.452 30.552
9289 -56.09 -371 -31 -103.45 -8.73045
9299 -78.32 -1476 -31 -250.65 94.0097
9309 -73.32 -696 -32 -183.61 36.9705
9319 -67.52 -755 -31 -169.061 34.0213
9329 -77.25 -871 -31 -194.132 39.6323
9339 -74.31 -601 -31 -168.294 19.6737
9349 -77.35 -812 -31 -174.022 19.3221
9359 -49.21 -433 -31 -92.4001 -6.01991
9369 -59.85 -450 -31 -120.998 1.29791
9379 -60.67 -572 -31 -135.37 14.0302
9389 -53.1 -340 -32 -96.9412 -9.25876
9399 -68.41 -557 -32 -153.927 17.1073
9409 -53.9 -459 -31 -105.32 -2.47964
9419 -53.33 -415 -32 -99.1091 -7.55093
9429 -62.69 -353 -32 -123.368 -2.01241
9439 -65.06 -713 -32 -155.101 24.9807
9449 -55.73 -617 -31 -118.882 7.42236
9459 -53.6 -390 -32 -99.0927 -8.10734
9469 -68.8 -580 -31 -161.073 23.4726
9479 -50.61 -269 -31 -84.882 -16.338
9489 -46.5 -157 -31 -61.8619 -31.1381
9499 -57.68 -391 -31 -113.445 -1.91545
9509 -63.3 -477 -31 -134.066 7.46624
9519 -50.48 -320 -31 -89.8235 -11.1365
9529 -65.35 -642 -31 -162.581 31.8815
9539 -56 -569 -31 -129.971 17.9705
9549 -54.45 -389 -31 -105.02 -3.87994
9559 -108.46 -4639 -31 -574.081 357.161
9569 -69.53 -905 -31 -190.348 51.2878
9579 -68.55 -651 -32 -148.615 11.5146
9589 -73.84 -1056 -32 -209.934 62.2541
9599 -63.97 -564 -32 -143.604 15.6638
9609 -76.36 -934 -32 -190.06 37.3398
9619 -69.34 -664 -32 -164.065 25.3846
9629 -49.53 -197 -32 -75.1528 -23.9072
9639 -53.58 -288 -36 -91.2862 -15.8738
9649 -57.11 -261 -32 -98.5425 -15.6775
9659 -71.33 -844 -32 -185.27 42.6104
9669 -61.17 -429 -32 -130.427 8.0872
9679 -56.27 -470 -32 -113.124 0.583883
9689 -51.29 -292 -32 -84.4344 -18.1456
9699 -63.61 -536 -32 -146.018 18.7981
9709 -98.03 -3153 -32 -414.282 218.222
9719 -64.96 -549 -32 -142.247 12.3267
9729 -52.33 -238 -32 -85.0547 -19.6053
9739 -52.75 -500 -32 -99.8901 -5.60987
9749 -73.01 -1545 -32 -227.269 81.2493
9759 -51.94 -218 -32 -80.9509 -22.9291
9769 -51.53 -416 -32 -91.8839 -11.1761
9779 -63.84 -524 -32 -144.437 16.7569
9789 -59.9 -479 -32 -125.301 5.50115
9799 -63.55 -579 -32 -144.974 17.8739
9809 -68.52 -695 -32 -161.454 24.4139
9819 -78.29 -814 -32 -192.518 35.9378
9829 -77.06 -2445 -32 -320.602 166.482
9839 -73.02 -636 -32 -171.585 25.5452
9849 -60.09 -527 -32 -119.802 -0.378097
9859 -75.3 -834 -32 -195.55 44.9501
9869 -59.41 -465 -32 -122.973 4.15347
9879 -61.77 -465 -32 -126.759 3.2195
9889 -68.44 -1130 -32 -196.54 59.6598
9899 -59.08 -901 -32 -146.536 28.3761
9909 -161.4 -6741 -32 -877.451 554.651
9919 -61.31 -474 -32 -119.888 -2.73162
9929 -104.11 -1814 -32 -335.977 127.757
9939 -119.06 -5151 -32 -629.524 391.404
9949 -67.03 -659 -32 -155.975 21.9154
9959 -53.6 -417 -32 -101.202 -5.99783
9969 -65.66 -524 -32 -145.551 14.2308
9979 -55.45 -415 -31 -102.472 -8.42821
9989 -67.9 -636 -31 -158.436 22.6356
9999 -57.2 -627 -31 -122.874 8.47441
