9 -51 -253 -31 -79.8896 -22.1104
19 -63.41 -441 -31 -128.492 1.67245
29 -63.36 -555 -31 -130.683 3.96271
39 -96.48 -543 -31 -209.91 16.9504
49 -92.72 -978 -32 -244.871 59.4308
59 -131.04 -4636 -32 -597.411 335.331
69 -137.78 -2186 -32 -464.808 189.248
79 -92.69 -1689 -31 -282.496 97.116
89 -78.36 -933 -31 -194.588 37.8678
99 -57.71 -637 -31 -129.715 14.2946
109 -215.96 -4688 -32 -763.298 331.378
119 -179.85 -2278 -31 -530.863 171.163
129 -115.79 -999 -31 -255.988 24.4076
139 -52.95 -398 -35 -98.6933 -7.20668
149 -101.04 -1710 -31 -321.358 119.278
159 -175.79 -2285 -35 -493.052 141.472
169 -150.95 -1506 -36 -376.493 74.5933
179 -111.26 -783 -36 -240.049 17.5287
189 -133.59 -2003 -32 -354.734 87.5544
199 -149.43 -1756 -32 -383.696 84.8358
209 -129.16 -1423 -36 -322.517 64.197
219 -139.41 -1312 -32 -364.087 85.2665
229 -158.09 -2853 -33 -496.433 180.253
239 -134.75 -2079 -36 -362.075 92.5753
249 -118.03 -2096 -31 -389.334 153.274
259 -108.56 -1799 -31 -349.311 132.191
269 -100.87 -874 -36 -241.829 40.0889
279 -100.38 -1261 -31 -268.514 67.7542
289 -88.17 -1865 -33 -284.686 108.346
299 -155.8 -3688 -36 -558.312 246.712
309 -92.32 -882 -36 -235.655 51.0154
319 -124.96 -1416 -42 -324.621 74.7015
329 -140.53 -1128 -32 -347.534 66.4737
339 -91.77 -471 -35 -195.774 12.2339
349 -131.27 -1478 -32 -387.477 124.937
359 -158.35 -2887 -32 -560.437 243.737
369 -130.28 -1853 -32 -392.654 132.094
379 -65.23 -324 -36 -122.017 -8.44283
389 -80.06 -418 -35 -160.16 0.0395503
399 -89.79 -591 -36 -197.473 17.8925
409 -81.48 -505 -36 -167.053 4.09291
419 -85.95 -804 -36 -202.049 30.1488
429 -89.01 -556 -36 -199.044 21.0239
439 -71.9 -460 -36 -145.128 1.32823
449 -80.12 -546 -36 -165.523 5.2833
459 -88.19 -625 -36 -195.218 18.8378
469 -89.87 -1202 -32 -247.871 68.1315
479 -71.32 -488 -36 -137.096 -5.54401
489 -74.48 -750 -36 -165.352 16.3917
499 -102.28 -798 -32 -243.46 38.8999
509 -94.5 -950 -32 -253.398 64.3977
519 -86.48 -871 -32 -213.98 41.0196
529 -63.98 -417 -32 -125.455 -2.50474
539 -83.95 -1177 -31 -230.42 62.52
549 -63.9 -625 -31 -135.441 7.64119
559 -76.78 -403 -32 -155.889 2.32948
569 -66.16 -447 -32 -131.384 -0.935687
579 -66.89 -861 -31 -158.658 24.8779
589 -81.95 -573 -32 -183.587 19.6865
599 -73.04 -527 -32 -152.056 5.97592
609 -79.02 -549 -32 -161.36 3.31986
619 -72.9 -602 -32 -150.274 4.4737
629 -91.69 -448 -36 -192.512 9.13204
639 -50.26 -217 -36 -74.7787 -25.7413
649 -73.34 -750 -36 -177.141 30.4612
659 -59.6 -355 -36 -114.985 -4.21453
669 -58.13 -320 -32 -106.419 -9.8405
679 -56.13 -635 -36 -116.75 4.49012
689 -89.85 -755 -36 -208.292 28.5918
699 -68.35 -749 -36 -154.167 17.467
709 -63.94 -636 -36 -133.728 5.84765
719 -102.73 -1188 -36 -274.297 68.8375
729 -67.46 -617 -36 -147.926 13.0063
739 -64.3 -414 -36 -128.417 -0.18341
749 -49.1 -212 -36 -69.8613 -28.3387
759 -60.48 -415 -36 -120.067 -0.893487
769 -55.15 -525 -31 -111.271 0.970542
779 -71.32 -726 -31 -164.209 21.5688
789 -60.94 -484 -31 -124.181 2.30055
799 -56.9 -359 -31 -101.705 -12.0946
809 -51.88 -314 -31 -90.5186 -13.2414
819 -72.82 -678 -31 -183.548 37.9076
829 -58.86 -719 -31 -132.579 14.8592
839 -63.24 -681 -31 -142.362 15.8816
849 -68.2 -1085 -31 -185.866 49.4659
859 -61.24 -485 -31 -127.312 4.83174
869 -58.51 -483 -31 -116.22 -0.799837
879 -82.31 -2772 -31 -357.277 192.657
889 -57.48 -515 -31 -115.453 0.493084
899 -71.79 -568 -31 -171.47 27.8901
909 -107.02 -2278 -31 -405.699 191.659
919 -198.35 -5258 -31 -913.574 516.874
929 -88.95 -698 -31 -216.389 38.489
939 -178.58 -5578 -31 -888.276 531.116
949 -110.96 -1323 -31 -328.076 106.156
959 -200.34 -6243 -36 -941.163 540.483
969 -70.95 -653 -35 -161.317 19.4167
979 -238.18 -3713 -36 -880.629 404.269
989 -197.16 -6123 -36 -945.177 550.857
999 -146.66 -5183 -36 -701.711 408.391
1009 -61.93 -385 -36 -123.818 -0.0423465
1019 -168.3 -4968 -36 -755.648 419.048
1029 -105.19 -3353 -36 -446.017 235.637
1039 -101.95 -1808 -36 -366.362 162.462
1049 -152.15 -2698 -36 -538.906 234.606
1059 -85.09 -2064 -36 -311.173 140.993
1069 -219.5 -5853 -36 -977.641 538.641
1079 -64.06 -1098 -36 -176.908 48.7876
1089 -247.17 -5913 -36 -1010.05 515.713
1099 -129.9 -2508 -36 -496.059 236.259
1109 -161.69 -3818 -36 -699.452 376.072
1119 -63.7 -373 -36 -125.828 -1.57177
1129 -172.6 -3683 -36 -712.143 366.943
1139 -99.48 -1020 -36 -267.17 68.2105
1149 -192.71 -5998 -36 -946.902 561.482
1159 -88.16 -913 -36 -221.233 44.913
1169 -165.75 -3648 -36 -670.421 338.921
1179 -179.4 -3583 -36 -705.624 346.824
1189 -77.75 -953 -35 -217.636 62.1363
1199 -198.68 -7038 -36 -958.786 561.426
1209 -76.32 -1169 -36 -212.668 60.0275
1219 -114.86 -2563 -36 -429.647 199.927
1229 -161.5 -5968 -36 -779.352 456.352
1239 -79.48 -864 -36 -206.768 47.8083
1249 -194.09 -6553 -36 -869.888 481.708
1259 -234.82 -4478 -36 -860.553 390.913
1269 -54.06 -453 -35 -101.054 -7.06641
1279 -131.9 -4958 -36 -647.931 384.131
1289 -165.63 -5243 -36 -755.794 424.534
1299 -109.5 -3303 -36 -467.962 248.962
1309 -171.32 -10833 -36 -1246.12 903.479
1319 -147.29 -2728 -36 -564.162 269.582
1329 -76.39 -1399 -36 -237.059 84.2793
1339 -158.28 -6558 -36 -831.225 514.665
1349 -85.81 -2878 -36 -373.22 201.6
1359 -133.63 -3258 -36 -553.99 286.73
1369 -143.49 -3539 -36 -581.69 294.71
1379 -228.29 -4203 -36 -904.004 447.424
1389 -182.87 -2289 -36 -608.495 242.755
1399 -220.01 -6868 -36 -1062.53 622.513
1409 -250.48 -11217 -36 -1404.25 903.288
1419 -178.29 -4093 -36 -656.12 299.54
1429 -232.36 -3698 -36 -804.922 340.202
1439 -354.71 -6618 -36 -1385.93 676.511
1449 -247.5 -4466 -36 -889.689 394.689
1459 -221.54 -4043 -36 -845.89 402.81
1469 -387.93 -6489 -36 -1486.53 710.67
1479 -272.43 -5273 -36 -1101.71 556.85
1489 -333.74 -5513 -36 -1164.34 496.86
1499 -180.49 -3318 -36 -722.34 361.36
1509 -299.33 -8113 -36 -1274.54 675.879
1519 -157.4 -2539 -36 -568.892 254.092
1529 -345.22 -8868 -36 -1503.65 813.207
1539 -196.26 -6043 -36 -920.765 528.245
1549 -290.41 -4313 -36 -1036.26 455.443
1559 -284.03 -7573 -36 -1192.78 624.723
1569 -153.84 -4048 -36 -645.345 337.665
1579 -208.77 -4558 -36 -806.316 388.776
1589 -363.64 -6528 -36 -1396.72 669.444
1599 -182.19 -1988 -36 -606.359 241.979
1609 -182.42 -3078 -36 -680.485 315.645
1619 -136.91 -2228 -36 -448.331 174.511
1629 -192.47 -3903 -36 -719.228 334.288
1639 -264.35 -5403 -36 -1018.01 489.31
1649 -235.96 -3453 -36 -823.656 351.736
1659 -170.69 -6643 -36 -858.172 516.792
1669 -48.4 -193 -36 -68.6753 -28.1247
1679 -59.3 -596 -36 -124.711 6.11126
1689 -56.39 -399 -36 -103.658 -9.12178
1699 -155.25 -3458 -36 -607.839 297.339
1709 -145.26 -1589 -36 -416.936 126.416
1719 -201.57 -6238 -39 -879.38 476.24
1729 -222.43 -4533 -36 -876.286 431.426
1739 -109.86 -1468 -39 -338.857 119.137
1749 -193.29 -3733 -36 -693.028 306.448
1759 -172.73 -3509 -39 -676.254 330.794
1769 -169.42 -2758 -39 -646.719 307.879
1779 -184.11 -3403 -39 -753.383 385.163
1789 -277.64 -6003 -39 -1147.22 591.944
1799 -178.33 -3093 -39 -650.977 294.317
1809 -160.72 -1769 -39 -495.488 174.048
1819 -137.25 -2813 -39 -465.799 191.299
1829 -126.5 -2358 -39 -461.05 208.05
1839 -177.12 -3738 -39 -708.879 354.639
1849 -218.57 -6329 -38 -1062.87 625.733
1859 -164.91 -2633 -39 -576.288 246.468
1869 -350.73 -8519 -32 -1391.88 690.415
1879 -313.08 -7394 -39 -1515.38 889.218
1889 -165.23 -2969 -39 -619.321 288.861
1899 -124.11 -1869 -41 -393.116 144.896
1909 -169.08 -2253 -38 -583.002 244.842
1919 -389.78 -7254 -37 -1428.95 649.388
1929 -368.78 -8918 -36 -1459.35 721.79
1939 -225.46 -3038 -32 -770.454 319.534
1949 -194 -2203 -35 -574.598 186.598
1959 -302.09 -4408 -39 -1020.8 416.618
1969 -426.83 -7359 -41 -1488.87 635.212
1979 -393.42 -7373 -43 -1425.18 638.344
1989 -402.22 -3419 -42 -1243.69 439.253
1999 -193.72 -3343 -43 -658.146 270.706
2009 -299.37 -6018 -43 -1069.05 470.309
2019 -214.36 -2479 -41 -639.347 210.627
2029 -381.06 -10479 -41 -1600.71 838.587
2039 -356.63 -5923 -40 -1253.26 540.001
2049 -343.63 -5283 -40 -1208.18 520.922
2059 -517.83 -4594 -41 -1462.41 426.751
2069 -251.95 -3614 -37 -825.888 321.988
2079 -252.33 -3903 -41 -867.009 362.349
2089 -257.85 -3629 -39 -878.967 363.267
2099 -341.19 -5049 -41 -1149.94 467.56
2109 -303.2 -4098 -41 -1141.98 535.584
2119 -335.91 -7244 -39 -1372.84 701.018
2129 -402.24 -6339 -41 -1486.88 682.399
2139 -260.42 -5604 -39 -990.172 469.332
2149 -201.97 -5014 -36 -782.219 378.279
2159 -367.36 -7938 -37 -1437.82 703.099
2169 -257.95 -3459 -36 -818.109 302.209
2179 -290.93 -3708 -36 -918.371 336.511
2189 -507.41 -9888 -32 -1754.99 740.172
2199 -473.34 -4903 -37 -1438.23 491.545
2209 -188.31 -3753 -41 -665.565 288.945
2219 -542.41 -12778 -40 -2101.27 1016.45
2229 -299.49 -6203 -41 -1171.92 572.938
2239 -376.85 -5913 -41 -1351.91 598.207
2249 -372.23 -3848 -39 -1137.2 392.744
2259 -431.2 -6608 -40 -1485.24 622.841
2269 -446.34 -5168 -37 -1487.09 594.412
2279 -524.06 -4564 -41 -1553.98 505.863
2289 -359.08 -5644 -40 -1286.65 568.492
2299 -322.21 -7833 -41 -1360.27 715.848
2309 -237.24 -4653 -41 -948.826 474.346
2319 -110.01 -1943 -32 -397.498 177.478
2329 -356.18 -6158 -41 -1330.29 617.931
2339 -217.12 -3949 -41 -830.392 396.152
2349 -165 -4533 -41 -721.907 391.907
2359 -226.15 -7573 -41 -1061.71 609.405
2369 -256.7 -4489 -41 -975.917 462.517
2379 -185.34 -2923 -36 -667.96 297.28
2389 -95.24 -1288 -40 -288.667 98.1875
2399 -211.56 -7109 -41 -991.07 567.95
2409 -294.28 -12264 -41 -1602.22 1013.66
2419 -257.23 -3788 -39 -883.945 369.485
2429 -182.31 -2309 -37 -608.717 244.097
2439 -218.18 -3799 -36 -872.03 435.67
2449 -165.52 -5244 -39 -752.859 421.819
2459 -275.96 -6224 -40 -1072.24 520.317
2469 -327.72 -7753 -41 -1361.41 705.975
2479 -126.42 -2314 -41 -424.045 171.205
2489 -335.6 -4938 -41 -1177.7 506.496
2499 -274.43 -6965 -39 -1264 715.142
2509 -215.74 -5584 -41 -877.613 446.133
2519 -95.14 -1694 -41 -299.88 109.6
2529 -191.07 -3598 -41 -687.679 305.539
2539 -154.07 -4539 -36 -654.433 346.293
2549 -178.87 -4793 -41 -780.987 423.247
2559 -236.82 -3799 -41 -853.756 380.116
2569 -127.71 -2738 -41 -460.158 204.738
2579 -244.13 -4599 -41 -958.538 470.278
2589 -106.39 -1279 -41 -316.443 103.663
2599 -164.38 -2794 -41 -577.012 248.252
2609 -175.09 -4789 -41 -778.381 428.201
2619 -275.8 -5794 -39 -1217.85 666.253
2629 -173.97 -3249 -35 -608.205 260.265
2639 -259.57 -6519 -41 -1018.49 499.353
2649 -226.43 -5543 -39 -878.135 425.275
2659 -203.52 -3443 -41 -704.639 297.599
2669 -179.86 -2604 -41 -601.579 241.859
2679 -184.99 -3688 -41 -667.249 297.269
2689 -184.91 -3643 -41 -760.413 390.593
2699 -211.84 -3789 -41 -761.746 338.066
2709 -127.84 -3174 -41 -515.075 259.395
2719 -247.44 -5163 -41 -1002.23 507.349
2729 -232.72 -3263 -41 -782.587 317.147
2739 -237.16 -5273 -41 -900.235 425.915
2749 -264.29 -5343 -37 -994.299 465.719
2759 -59.7 -566 -41 -129.408 10.0083
2769 -221.74 -8258 -41 -1146.32 702.841
2779 -158.73 -3055 -40 -575.043 257.583
2789 -53.55 -271 -41 -85.5652 -21.5348
2799 -68.35 -851 -41 -169.186 32.4858
2809 -60.15 -606 -31 -125.625 5.32488
2819 -65.58 -483 -41 -130.632 -0.527527
2829 -77.77 -1381 -41 -226.388 70.8479
2839 -83.97 -1485 -40 -242.225 74.285
2849 -63.09 -613 -41 -143.659 17.4793
2859 -66.64 -897 -39 -171.56 38.2799
2869 -69.1 -1017 -41 -186.818 48.6184
2879 -63.67 -345 -37 -122.432 -4.90781
2889 -63.58 -537 -38 -134.384 7.22446
2899 -71.18 -964 -41 -180.476 38.1158
2909 -63.26 -603 -40 -138.756 12.2355
2919 -68.14 -838 -39 -170.47 34.1903
2929 -98.61 -4065 -40 -501.003 303.783
2939 -63.46 -766 -40 -152.668 25.748
2949 -58.3 -392 -39 -113.924 -2.67582
2959 -52.23 -305 -41 -86.7114 -17.7486
2969 -61.03 -763 -35 -145.816 23.7564
2979 -58.96 -606 -41 -127.997 10.077
2989 -191.32 -3566 -38 -708.459 325.819
2999 -126.28 -1491 -37 -352.411 99.8508
3009 -212.84 -3486 -39 -772.907 347.227
3019 -156.74 -1661 -35 -469.168 155.688
3029 -196.96 -3846 -38 -770.017 376.097
3039 -185.5 -6081 -37 -858.684 487.684
3049 -164.11 -3096 -43 -588.805 260.585
3059 -227.54 -4261 -42 -865.787 410.707
3069 -226.68 -4856 -32 -943.29 489.93
3079 -177.07 -3101 -43 -508.086 153.946
3089 -249.36 -7491 -39 -1094.65 595.932
3099 -182.93 -5126 -43 -840.097 474.237
3109 -265.55 -9896 -43 -1342.83 811.729
3119 -205.77 -7291 -43 -979.52 567.98
3129 -248.59 -5001 -40 -910.095 412.915
3139 -219.42 -3246 -34 -744.104 305.264
3149 -327.94 -5881 -43 -1228.79 572.909
3159 -213.64 -6731 -43 -956.41 529.13
3169 -218.57 -5191 -31 -975.313 538.173
3179 -241.08 -5186 -43 -965.795 483.635
3189 -186.14 -3916 -37 -715.253 342.973
3199 -201.85 -2906 -43 -536.22 132.52
3209 -302.62 -8531 -40 -1225.16 619.916
3219 -168.2 -6221 -36 -828.808 492.408
3229 -130.68 -2301 -43 -493.273 231.913
3239 -184.11 -4061 -43 -705.62 337.4
3249 -239.52 -7586 -39 -1075.72 596.682
3259 -182.8 -4776 -41 -857.493 491.893
3269 -419.24 -10296 -40 -1733.33 894.851
3279 -257.47 -4071 -31 -984.541 469.601
3289 -171.99 -2826 -43 -546.277 202.297
3299 -313.62 -7836 -35 -1373.79 746.555
3309 -213.51 -3406 -39 -852.71 425.69
3319 -112.69 -4266 -42 -550.934 325.554
3329 -59.72 -373 -41 -113.306 -6.13367
3339 -64.63 -474 -39 -143.232 13.9716
3349 -61.84 -1079 -40 -175.524 51.8439
3359 -72.83 -2052 -41 -275.561 129.901
3369 -60.31 -506 -41 -124.827 4.20653
3379 -110.77 -5127 -39 -618.626 397.086
3389 -69.02 -683 -41 -169.707 31.6672
3399 -62.36 -1130 -39 -174.232 49.5118
3409 -81.76 -1901 -37 -274.964 111.444
3419 -57.09 -341 -37 -105.597 -8.58348
3429 -59.93 -796 -38 -141.162 21.3023
3439 -49.81 -184 -39 -72.6321 -26.9879
3449 -105.03 -3787 -37 -484.268 274.208
3459 -56.34 -321 -41 -94.5815 -18.0985
3469 -85.83 -951 -41 -230.346 58.6864
3479 -57.98 -456 -41 -110.616 -5.34395
3489 -56.42 -478 -39 -112.767 -0.0730867
3499 -79.98 -1100 -41 -213.37 53.4102
3509 -73.7 -676 -41 -176.98 29.5795
3519 -67.55 -659 -41 -146.016 10.9165
3529 -54.23 -247 -40 -87.5522 -20.9078
3539 -59.32 -781 -40 -137.142 18.5021
3549 -66.24 -805 -37 -160.564 28.0843
3559 -69.47 -719 -41 -156.127 17.1875
3569 -56.72 -330 -39 -100.071 -13.3687
3579 -52.44 -236 -36 -80.7676 -24.1124
3589 -76.45 -934 -38 -203.383 50.4827
3599 -66.63 -706 -32 -151.834 18.5744
3609 -80.2 -1053 -41 -230.928 70.5284
3619 -59.85 -273 -41 -106.163 -13.5365
3629 -57.28 -515 -40 -115.664 1.10392
3639 -56.02 -394 -41 -105.543 -6.49711
3649 -62.44 -475 -39 -132.941 8.06136
3659 -80.27 -1713 -39 -257.478 96.9378
3669 -52.6 -301 -41 -86.7842 -18.4158
3679 -56.93 -322 -41 -97.6064 -16.2536
3689 -64.17 -867 -36 -168 39.6602
3699 -56.04 -357 -32 -104.205 -7.87516
3709 -70.75 -414 -38 -151.377 9.87749
3719 -61.23 -578 -31 -134.061 11.6007
3729 -65.28 -834 -40 -156.481 25.9213
3739 -72.87 -489 -41 -153.513 7.77311
3749 -53.39 -375 -39 -93.8314 -12.9486
3759 -66.2 -816 -39 -159.949 27.5487
3769 -69.4 -822 -41 -161.716 22.9162
3779 -56.39 -254 -38 -93.4515 -19.3285
3789 -80.18 -858 -41 -209.562 49.202
3799 -53.85 -427 -41 -98.6425 -9.05753
3809 -52.25 -307 -41 -85.4347 -19.0653
3819 -68.53 -1275 -37 -200.589 63.5291
3829 -97.27 -3081 -41 -415.726 221.186
3839 -57.57 -579 -40 -119.057 3.91714
3849 -68.23 -633 -36 -150.258 13.7985
3859 -66.54 -828 -41 -167.991 34.911
3869 -52.8 -481 -40 -102.16 -3.44028
3879 -65.49 -608 -41 -147.75 16.7703
3889 -59.78 -426 -41 -120.703 1.14261
3899 -61 -747 -39 -140.51 18.5104
3909 -56.99 -345 -41 -104.79 -9.19019
3919 -79.36 -761 -38 -199.78 41.0605
3929 -59.79 -493 -41 -116.394 -3.18633
3939 -49.93 -242 -37 -74.3035 -25.5565
3949 -67.25 -1426 -41 -207.412 72.9122
3959 -64.88 -482 -41 -133.942 4.18212
3969 -49.62 -156 -41 -66.3325 -32.9075
3979 -55.06 -409 -39 -98.73 -11.39
3989 -64.53 -615 -36 -137.836 8.77563
3999 -53.64 -364 -41 -90.9724 -16.3076
4009 -62.74 -523 -41 -133.755 8.27535
4019 -69.28 -549 -41 -146.449 7.88876
4029 -62.73 -675 -40 -141.313 15.8533
4039 -59.15 -501 -39 -113.844 -4.45627
4049 -57.02 -347 -39 -104.012 -10.0281
4059 -64.4 -662 -41 -147.041 18.2415
4069 -59.73 -421 -41 -117.387 -2.07258
4079 -61.53 -724 -31 -138.424 15.3643
4089 -71.66 -1261 -41 -204.902 61.5823
4099 -62.39 -440 -41 -127.815 3.03528
4109 -68.22 -547 -41 -143.585 7.14499
4119 -68.44 -504 -41 -140.251 3.37123
4129 -55.44 -406 -40 -103.883 -6.99707
4139 -63.9 -469 -36 -127.917 0.117356
4149 -61.11 -573 -41 -132.048 9.82807
4159 -80.09 -1540 -41 -244.964 84.7841
4169 -59.55 -383 -40 -114.102 -4.99789
4179 -57.97 -387 -36 -110.206 -5.7341
4189 -59.02 -405 -41 -109.287 -8.75343
4199 -66.53 -1276 -41 -198.416 65.3558
4209 -83.18 -1906 -37 -279.86 113.5
4219 -69.09 -548 -40 -148.992 10.8115
4229 -58.12 -402 -39 -104.842 -11.3981
4239 -60.51 -280 -41 -105.887 -15.1328
4249 -57.84 -346 -41 -105.444 -10.2357
4259 -54.61 -537 -36 -109.24 0.0203229
4269 -56.35 -414 -39 -111.294 -1.4063
4279 -78.29 -767 -41 -187.735 31.1551
4289 -53.78 -420 -41 -94.6609 -12.8991
4299 -69.32 -494 -40 -144.396 5.75563
4309 -62.15 -722 -35 -138.864 14.564
4319 -48.92 -257 -40 -70.71 -27.13
4329 -62.36 -742 -35 -155.152 30.432
4339 -132.71 -7016 -35 -829.041 563.621
4349 -60.85 -431 -41 -120.642 -1.05845
4359 -60.7 -418 -41 -119.337 -2.06284
4369 -74.83 -964 -41 -198.441 48.7814
4379 -74.05 -774 -41 -174.342 26.2423
4389 -53.87 -430 -41 -96.0458 -11.6942
4399 -65.28 -599 -41 -143.167 12.6073
4409 -65.73 -987 -41 -172.345 40.885
4419 -69.79 -590 -41 -147.665 8.085
4429 -62.69 -421 -41 -117.582 -7.79759
4439 -103.15 -3656 -41 -467.693 261.393
4449 -60.78 -502 -38 -118.946 -2.61441
4459 -71.83 -547 -35 -158.919 15.2589
4469 -49.05 -216 -40 -66.8896 -31.2104
4479 -64.61 -473 -41 -134.593 5.37264
4489 -108.54 -4238 -36 -529.592 312.512
4499 -71.38 -734 -37 -171.814 29.0538
4509 -83.88 -671 -41 -187.348 19.588
4519 -63.25 -569 -39 -134.865 8.36478
4529 -53 -313 -36 -85.9032 -20.0968
4539 -65.83 -798 -41 -163.506 31.8463
4549 -67.24 -697 -41 -148.997 14.5167
4559 -67.18 -756 -41 -164.339 29.9793
4569 -60.6 -427 -41 -115.575 -5.62453
4579 -72.38 -606 -39 -155.426 10.6663
4589 -71.83 -480 -41 -148.137 4.47738
4599 -73.58 -1052 -41 -186.518 39.3583
4609 -61.52 -603 -35 -131.639 8.59862
4619 -68.82 -771 -41 -178.036 40.3958
4629 -58.93 -242 -31 -100.784 -17.0764
4639 -64.72 -464 -37 -141.124 11.684
4649 -68.5 -842 -41 -170.437 33.4368
4659 -57.14 -559 -35 -117.535 3.25497
4669 -57.45 -337 -35 -95.1253 -19.7747
4679 -56.77 -477 -35 -113.478 -0.0619056
4689 -71.97 -1118 -35 -194.008 50.0682
4699 -48.07 -239 -35 -69.1104 -27.0296
4709 -61.91 -523 -35 -128.531 4.71054
4719 -73.55 -749 -35 -177.752 30.6521
4729 -92.39 -3502 -35 -439.554 254.774
4739 -64.03 -534 -35 -136.011 7.95098
4749 -64.37 -716 -32 -148.31 19.5696
4759 -59.37 -525 -35 -120.163 1.42269
4769 -61.18 -434 -35 -128.507 6.1466
4779 -68.42 -671 -31 -168.163 31.3228
4789 -59.25 -345 -35 -115.13 -3.37025
4799 -92.06 -3296 -35 -418.468 234.348
4809 -51.38 -234 -35 -76.9419 -25.8181
4819 -167.62 -2973 -35 -676.587 341.347
4829 -168.65 -3968 -35 -639.788 302.488
4839 -150.24 -4268 -35 -621.349 320.869
4849 -348.74 -4329 -35 -1171.9 474.42
4859 -134.89 -3353 -35 -567.138 297.358
4869 -154.53 -2509 -35 -535.485 226.425
4879 -365.66 -5413 -35 -1319.61 588.288
4889 -138.71 -3523 -35 -535.314 257.894
4899 -147.08 -2284 -35 -523.455 229.295
4909 -152.35 -3748 -35 -599.016 294.316
4919 -221.84 -11363 -41 -1374.27 930.591
4929 -161.63 -2483 -39 -528.697 205.437
4939 -331.05 -5878 -40 -1261.9 599.799
4949 -161.65 -1873 -39 -536.9 213.6
4959 -195.85 -4489 -41 -790.578 398.878
4969 -254.2 -5238 -41 -976.119 467.719
4979 -214.27 -3954 -41 -792.65 364.11
4989 -194.12 -3698 -41 -758.36 370.12
4999 -174.4 -2523 -41 -571.169 222.369
5009 -165.51 -3738 -41 -683.434 352.414
5019 -249.33 -6003 -41 -1044.62 545.956
5029 -367.84 -7044 -31 -1361.73 626.046
5039 -178.76 -4808 -41 -770.382 412.862
5049 -105.15 -1449 -37 -317.423 107.123
5059 -166.36 -4448 -39 -739.774 407.054
5069 -226.99 -8178 -33 -1124.32 670.344
5079 -221.76 -4178 -41 -810.835 367.315
5089 -134.32 -1858 -39 -433.818 165.178
5099 -211.63 -6988 -35 -976.46 553.2
5109 -135.46 -2719 -37 -521.096 250.176
5119 -135.16 -2838 -35 -506.058 235.738
5129 -168.29 -5379 -41 -792.631 456.051
5139 -101.62 -1088 -41 -275.606 72.3656
5149 -155.46 -3073 -39 -562.981 252.061
5159 -104.4 -1624 -40 -344.873 136.073
5169 -219.24 -3993 -36 -819.779 381.299
5179 -158.36 -2004 -41 -497.779 181.059
5189 -131.08 -4238 -41 -578.897 316.737
5199 -201.42 -5153 -39 -846.27 443.43
5209 -141.14 -2064 -38 -467.3 185.02
5219 -240.57 -6293 -35 -960.049 478.909
5229 -221.89 -7348 -41 -1049.19 605.409
5239 -145.33 -2338 -34 -548.289 257.629
5249 -123.07 -2118 -41 -433.572 187.432
5259 -238.94 -5358 -35 -910.239 432.359
5269 -158.2 -7331 -34 -903.88 587.48
5279 -270.5 -7404 -41 -1154.95 613.946
5289 -178.5 -2908 -41 -740.08 383.08
5299 -127.84 -2314 -38 -472.813 217.133
5309 -286.85 -3784 -35 -1046.39 472.688
5319 -377.29 -13964 -35 -1905.1 1150.52
5329 -215.97 -4583 -35 -874.191 442.251
5339 -232.11 -5133 -41 -915.613 451.393
5349 -105.67 -1308 -38 -306.686 95.3463
5359 -329.78 -8363 -40 -1402.56 743.004
5369 -119.08 -2474 -41 -403.277 165.117
5379 -171.51 -3964 -35 -745.298 402.278
5389 -159.44 -4719 -41 -728.908 410.028
5399 -234.27 -6123 -34 -1028.18 559.639
5409 -191.85 -3663 -39 -766.234 382.534
5419 -90.55 -2788 -39 -368.456 187.356
5429 -101.18 -1129 -41 -271.749 69.3893
5439 -149.68 -3239 -35 -530.76 231.4
5449 -165 -4993 -39 -723.127 393.127
5459 -169.33 -3893 -39 -657.108 318.448
5469 -241.58 -4433 -41 -916.135 432.975
5479 -211.83 -4913 -41 -874.008 450.348
5489 -152.68 -3134 -40 -573.222 267.862
5499 -123.97 -3568 -39 -521.102 273.162
5509 -334.8 -4646 -41 -1184.52 514.921
5519 -169.47 -2598 -32 -619.851 280.911
5529 -279.86 -8384 -32 -1240.59 680.867
5539 -159.04 -3816 -41 -643.159 325.079
5549 -161.58 -4768 -41 -700.315 377.155
5559 -158.41 -2769 -40 -559.661 242.841
5569 -333.16 -7278 -40 -1283.51 617.193
5579 -202.48 -7303 -39 -996.087 591.127
5589 -188.77 -3539 -41 -737.154 359.614
5599 -242.38 -3434 -41 -792.338 307.578
5609 -201.89 -3333 -41 -725.232 321.452
5619 -173.54 -2308 -41 -567.109 220.029
5629 -159.44 -2198 -37 -577.708 258.828
5639 -104.75 -1933 -33 -351.078 141.578
5649 -117.66 -3424 -41 -471.692 236.372
5659 -217.59 -9024 -32 -1169.81 734.632
5669 -164.87 -4438 -36 -712.987 383.247
5679 -151 -2363 -35 -512.866 210.866
5689 -221.66 -5023 -35 -884.478 441.158
5699 -196.9 -5413 -35 -845.127 451.327
5709 -239.68 -4568 -41 -854.473 375.113
5719 -160.6 -4378 -41 -639.643 318.443
5729 -344.22 -5698 -41 -1256.75 568.306
5739 -177.42 -3993 -39 -739.403 384.563
5749 -254.07 -6973 -41 -1104.86 596.719
5759 -283.33 -4539 -41 -996.265 429.605
5769 -140.39 -4508 -41 -618.205 337.425
5779 -243 -5254 -41 -966.201 480.201
5789 -259.28 -7344 -31 -1102.14 583.58
5799 -169.05 -5158 -31 -733.02 394.92
5809 -203.81 -3083 -41 -722.7 315.08
5819 -64.33 -843 -41 -153.908 25.2476
5829 -188.11 -5168 -41 -793.625 417.405
5839 -186.66 -5469 -41 -934.561 561.241
5849 -212.14 -3224 -35 -815 390.72
5859 -225.51 -4283 -39 -926.374 475.354
5869 -227.15 -4503 -31 -907.925 453.625
5879 -225.89 -5833 -41 -922.232 470.452
5889 -167.78 -4303 -41 -741.007 405.447
5899 -225.77 -3883 -32 -859.578 408.038
5909 -129.06 -2186 -40 -439.276 181.156
5919 -168.58 -4853 -41 -769.028 431.868
5929 -215.54 -4428 -41 -854.723 423.643
5939 -136.22 -2779 -34 -528.313 255.873
5949 -235.03 -3299 -38 -775.355 305.295
5959 -220.73 -5213 -31 -990.391 548.931
5969 -277.09 -4508 -37 -1020.03 465.847
5979 -295.39 -6413 -41 -1185.03 594.248
5989 -221.31 -3898 -31 -837.9 395.28
5999 -166.12 -2623 -41 -555.875 223.635
6009 -125.41 -1029 -41 -336.133 85.3132
6019 -148.62 -1583 -37 -446.082 148.842
6029 -149.52 -2193 -37 -530.789 231.749
6039 -129.53 -2363 -41 -486.251 227.191
6049 -97.1 -1164 -35 -271.396 77.1963
6059 -143.33 -6398 -37 -784.325 497.665
6069 -159.51 -2758 -31 -563.786 244.766
6079 -194.35 -6034 -39 -924.47 535.77
6089 -90.31 -1624 -36 -302.047 121.427
6099 -118.78 -1853 -37 -388.732 151.172
6109 -199.99 -4733 -33 -937.399 537.419
6119 -156.23 -2028 -35 -501.026 188.566
6129 -244.32 -8658 -35 -1175.72 687.084
6139 -169.24 -4858 -39 -723.865 385.385
6149 -163.87 -2919 -41 -566.372 238.632
6159 -246.05 -3004 -41 -845.56 353.46
6169 -159.73 -2664 -41 -548.956 229.496
6179 -196.56 -3608 -41 -720.734 327.614
6189 -185.09 -6353 -41 -894.869 524.689
6199 -158.15 -2764 -41 -554.546 238.246
6209 -339.13 -7483 -39 -1300.42 622.161
6219 -162 -2054 -41 -521.664 197.664
6229 -215.06 -4394 -38 -861.672 431.552
6239 -327.67 -8084 -38 -1344.41 689.068
6249 -160.9 -3843 -41 -659.268 337.468
6259 -153.19 -3403 -41 -553.893 247.513
6269 -209.56 -4884 -41 -823.939 404.819
6279 -222.87 -4483 -41 -939.008 493.268
6289 -87.86 -1129 -32 -256.068 80.3477
6299 -216.18 -5709 -41 -867.704 435.344
6309 -177.55 -4643 -36 -764.165 409.065
6319 -128.9 -2333 -39 -438.765 180.965
6329 -172.79 -2289 -31 -568.478 222.898
6339 -177.56 -6413 -41 -828.577 473.457
6349 -116.62 -1343 -39 -344.948 111.708
6359 -400.07 -10968 -35 -1803.07 1002.93
6369 -137.83 -4098 -35 -587.573 311.913
6379 -134.04 -3189 -40 -568.983 300.903
6389 -191.57 -4088 -37 -768.876 385.736
6399 -109.26 -3083 -41 -430.871 212.351
6409 -257.84 -6298 -41 -1059.61 543.925
6419 -216.32 -4058 -41 -822.493 389.853
6429 -394.59 -11088 -41 -1819.41 1030.23
6439 -122.58 -1788 -41 -393.963 148.803
6449 -150.79 -4373 -35 -666.049 364.469
6459 -326.57 -5283 -41 -1223.41 570.266
6469 -191.81 -3643 -36 -726.589 342.969
6479 -196.43 -3608 -41 -774.209 381.349
6489 -132.87 -3223 -41 -525.53 259.79
6499 -122.63 -2138 -32 -437.234 191.974
6509 -258.73 -5224 -37 -1080.82 563.36
6519 -231.74 -6959 -41 -1079.72 616.244
6529 -177.66 -2978 -39 -658.576 303.256
6539 -124.8 -1689 -35 -395.828 146.228
6549 -149.14 -2978 -41 -601.842 303.562
6559 -136.53 -1973 -41 -464.697 191.637
6569 -121.92 -3043 -41 -464.502 220.662
6579 -265.19 -5369 -41 -986.145 455.765
6589 -169.94 -4303 -40 -715.73 375.85
6599 -163.54 -2734 -39 -530.839 203.759
6609 -221.12 -6143 -41 -974.034 531.794
6619 -263.37 -6443 -41 -1125.46 598.722
6629 -293.34 -4758 -39 -1089 502.315
6639 -151.8 -3798 -39 -606.334 302.734
6649 -135.64 -4279 -37 -573.351 302.071
6659 -202.01 -4423 -41 -822.607 418.587
6669 -120.1 -2618 -37 -454.345 214.145
6679 -276.84 -5263 -41 -1135.44 581.755
6689 -262.42 -4484 -39 -1013.17 488.331
6699 -158.9 -2749 -41 -554.772 236.972
6709 -283.84 -5098 -39 -1077.59 509.914
6719 -226.52 -4904 -41 -944.523 491.483
6729 -205.83 -5543 -36 -883.303 471.643
6739 -285.26 -4514 -41 -1003.01 432.494
6749 -137.61 -2108 -40 -431.534 156.314
6759 -237.64 -5343 -41 -939.585 464.305
6769 -335.95 -7653 -39 -1424.79 752.893
6779 -341.19 -4854 -39 -1206.24 523.856
6789 -210.05 -4488 -35 -856.009 435.909
6799 -157.67 -2263 -31 -517.219 201.879
6809 -290.42 -5363 -40 -1105.41 524.567
6819 -189.59 -7113 -37 -930.717 551.537
6829 -166.41 -2168 -40 -560.817 227.997
6839 -276.64 -7969 -38 -1248.39 695.112
6849 -184.68 -5718 -36 -817.801 448.441
6859 -209.75 -5819 -41 -943.279 523.779
6869 -147.68 -2089 -39 -482.63 187.27
6879 -337.52 -5148 -41 -1254.14 579.096
6889 -140.26 -1783 -33 -445.831 165.311
6899 -270.97 -5939 -41 -1066.95 525.014
6909 -237.56 -6509 -41 -986.424 511.304
6919 -168.8 -1873 -40 -541.367 203.767
6929 -154.55 -3649 -41 -627.055 317.955
6939 -133.24 -2474 -34 -477.346 210.866
6949 -116.22 -1788 -41 -364.664 132.224
6959 -209.72 -6574 -35 -1127.72 708.277
6969 -310.36 -8188 -41 -1336.32 715.602
6979 -203.17 -5063 -41 -820.232 413.892
6989 -101.64 -928 -41 -269.566 66.2859
6999 -196.33 -3023 -39 -708.715 316.055
7009 -248.02 -4741 -40 -935.656 439.616
7019 -178.1 -4383 -40 -713.678 357.478
7029 -275.6 -5768 -40 -1055.63 504.434
7039 -213.62 -3419 -41 -738.687 311.447
7049 -122.47 -1169 -32 -335.473 90.5332
7059 -353.36 -7335 -41 -1523.29 816.567
7069 -217.6 -4278 -38 -843.259 408.059
7079 -219.95 -4478 -41 -851.905 412.005
7089 -257.97 -6116 -39 -1043.77 527.828
7099 -194.16 -1672 -39 -560.952 172.632
7109 -166.28 -3513 -36 -631.123 298.563
7119 -207.81 -4183 -41 -875.794 460.174
7129 -175.67 -2633 -35 -604.344 253.004
7139 -173.88 -3448 -39 -618.587 270.827
7149 -288.78 -5583 -41 -1104.9 527.339
7159 -139.82 -3463 -34 -584.158 304.518
7169 -247.11 -5749 -31 -949.031 454.811
7179 -226.7 -8533 -39 -1215.16 761.76
7189 -168.91 -6578 -41 -864.735 526.915
7199 -121.8 -3303 -41 -493.21 249.61
7209 -283.51 -5968 -39 -1167.04 600.016
7219 -80.17 -649 -41 -197.286 36.9464
7229 -162.67 -3058 -39 -578.752 253.412
7239 -403.82 -6174 -37 -1419.23 611.593
7249 -182.82 -2833 -37 -693.812 328.172
7259 -125.27 -1908 -31 -391.702 141.162
7269 -202.8 -3189 -40 -756.439 350.839
7279 -310.32 -5053 -39 -1142.66 522.024
7289 -189.96 -4028 -39 -757.71 377.79
7299 -199.78 -4064 -40 -797.658 398.098
7309 -157.91 -2698 -37 -613.003 297.183
7319 -112.15 -3144 -41 -448.922 224.622
7329 -159.21 -2251 -41 -446.114 127.694
7339 -189.92 -3613 -41 -693.848 314.008
7349 -282.49 -7013 -41 -787.481 222.501
7359 -359.97 -7543 -33 -1456.64 736.703
7369 -176.41 -4198 -39 -742.545 389.725
7379 -86.99 -1408 -34 -269.162 95.1818
7389 -180.31 -3908 -34 -757.907 397.287
7399 -191.21 -4993 -41 -795.161 412.741
7409 -249.78 -5729 -41 -1005.83 506.265
7419 -227.88 -7188 -40 -1052.34 596.583
7429 -241.26 -4318 -38 -918.442 435.922
7439 -225.43 -4933 -40 -920.913 470.053
7449 -473.58 -11568 -41 -1847.33 900.166
7459 -105.23 -1339 -41 -278.691 68.2314
7469 -234.57 -4093 -41 -806.548 337.408
7479 -192.31 -5549 -36 -812.059 427.439
7489 -201.92 -3638 -41 -786.943 383.103
7499 -134.79 -1813 -41 -451.073 181.493
7509 -159.51 -3353 -36 -558.339 239.319
7519 -166.8 -3918 -41 -651.699 318.099
7529 -224.37 -3919 -41 -841.664 392.924
7539 -76.55 -1119 -40 -202.603 49.5034
7549 -182.58 -2964 -41 -680.595 315.435
7559 -193.34 -6054 -41 -852.431 465.751
7569 -188.09 -4334 -35 -802.244 426.064
7579 -169.19 -4308 -39 -645.217 306.837
7589 -251.04 -4583 -39 -959.846 457.766
7599 -128.51 -2794 -33 -497.381 240.361
7609 -213.58 -3268 -39 -702.974 275.814
7619 -125.34 -2958 -36 -507.943 257.263
7629 -207.74 -4768 -39 -841.784 426.304
7639 -161.48 -3644 -38 -593.961 271.001
7649 -144.48 -2469 -34 -541.674 252.714
7659 -233.67 -4729 -36 -898.85 431.51
7669 -248.29 -3478 -39 -902.199 405.619
7679 -175.63 -2231 -37 -568.319 217.059
7689 -256.19 -3143 -39 -873.878 361.498
7699 -173.22 -4254 -39 -691.559 345.119
7709 -153.09 -4474 -39 -654.663 348.483
7719 -80.7 -1209 -35 -232.029 70.6292
7729 -350.23 -6603 -39 -1309.59 609.132
7739 -105.38 -2169 -39 -356.567 145.807
7749 -306.88 -9513 -39 -1462.55 848.79
7759 -162.55 -5368 -35 -764.316 439.216
7769 -252.59 -4944 -39 -933.238 428.058
7779 -183.32 -4568 -35 -739.483 372.843
7789 -244.11 -4378 -39 -922.453 434.233
7799 -135.17 -3078 -39 -505.685 235.345
7809 -189.6 -2643 -31 -574.314 195.114
7819 -219.1 -3664 -37 -815.626 377.426
7829 -224.75 -6039 -39 -975.739 526.239
7839 -244.07 -6933 -35 -1111.43 623.289
7849 -250.2 -5113 -39 -1004.75 504.346
7859 -179.87 -2998 -39 -677.808 318.068
7869 -231.48 -4763 -36 -873.232 410.272
7879 -83.66 -778 -39 -218.333 51.0131
7889 -163.56 -4049 -39 -672.216 345.096
7899 -281.14 -6004 -39 -1147.62 585.337
7909 -293.17 -4289 -39 -1043.55 457.214
7919 -443.42 -5203 -39 -1533.22 646.377
7929 -157.58 -2258 -39 -487.543 172.383
7939 -226.71 -6743 -39 -1106.74 653.324
7949 -68.1 -515 -39 -142.714 6.51355
7959 -61.72 -452 -39 -125.613 2.17319
7969 -70.57 -667 -39 -157.859 16.7193
7979 -72.26 -776 -39 -169.674 25.1544
7989 -48.68 -229 -39 -67.7466 -29.6134
7999 -113.54 -3221 -39 -488.087 261.007
8009 -70.26 -522 -37 -154.656 14.1357
8019 -62.22 -489 -39 -136.212 11.7724
8029 -58.16 -437 -39 -106.167 -10.153
8039 -71.78 -515 -39 -130.91 -12.65
8049 -62.49 -293 -39 -116.61 -8.36967
8059 -80.25 -1600 -39 -249.419 88.919
8069 -59.26 -593 -39 -126.566 8.04572
8079 -52.54 -309 -37 -90.7863 -14.2937
8089 -53.57 -533 -39 -104.764 -2.37612
8099 -63.65 -1051 -39 -173.308 46.0078
8109 -71.5 -522 -39 -163.85 20.8502
8119 -56.4 -371 -39 -100.67 -12.1295
8129 -71.05 -706 -39 -167.71 25.6104
8139 -53.96 -289 -35 -87.9064 -20.0136
8149 -63.09 -399 -39 -128.83 2.64967
8159 -67.6 -704 -32 -157.549 22.3489
8169 -56.93 -279 -35 -92.6852 -21.1748
8179 -64.94 -577 -39 -144.187 14.3073
8189 -73.47 -633 -39 -179.136 32.1957
8199 -72.98 -1451 -39 -224.909 78.9486
8209 -71.12 -541 -37 -146.298 4.058
8219 -57.31 -327 -39 -104.11 -10.5095
8229 -54.09 -295 -39 -91.9503 -16.2297
8239 -61.21 -837 -39 -148.809 26.3885
8249 -55.48 -325 -39 -92.2035 -18.7565
8259 -85.86 -1436 -39 -244.271 72.5509
8269 -67.79 -1072 -39 -187.35 51.7705
8279 -67.82 -566 -39 -150.963 15.3231
8289 -79.8 -966 -39 -201.53 41.9301
8299 -59.74 -772 -35 -137.273 17.7926
8309 -57.23 -426 -39 -111.436 -3.02362
8319 -70.58 -554 -39 -154.255 13.0947
8329 -62.97 -348 -39 -121.3 -4.6399
8339 -56.61 -519 -39 -110.569 -2.65136
8349 -58.11 -589 -39 -116.639 0.419035
8359 -56.87 -373 -39 -100.641 -13.0988
8369 -75.6 -1266 -39 -220.209 69.0088
8379 -66.42 -563 -39 -141.851 9.01084
8389 -54.21 -571 -39 -109.208 0.787902
8399 -52.64 -330 -39 -90.139 -15.141
8409 -91.57 -3458 -36 -434.595 251.455
8419 -59.09 -405 -39 -106.408 -11.7721
8429 -69.56 -533 -39 -147.281 8.16147
8439 -60.73 -388 -39 -116.27 -5.18982
8449 -71.2 -963 -39 -191.743 49.3431
8459 -62.97 -692 -39 -114.595 -11.3446
8469 -64.42 -501 -39 -133.172 4.3325
8479 -143.66 -8610 -39 -997.378 710.058
8489 -53.4 -335 -39 -88.9779 -17.8221
8499 -59.09 -303 -39 -102.341 -15.8386
8509 -77.23 -744 -39 -175.295 20.8353
8519 -58.63 -411 -36 -115.385 -1.87491
8529 -64.22 -569 -39 -142.047 13.6069
8539 -61.67 -436 -39 -125.554 2.21405
8549 -58.05 -316 -39 -105.931 -10.1689
8559 -49.97 -232 -39 -76.2908 -23.6492
8569 -55.78 -359 -39 -95.8013 -15.7587
8579 -70.9 -658 -39 -159.847 18.0466
8589 -75 -762 -39 -182.926 32.9259
8599 -45.8 -58 -39 -50.2346 -41.3654
8609 -56.84 -321 -39 -107.145 -6.535
8619 -69.39 -839 -39 -177.395 38.6145
8629 -71.05 -462 -39 -150.219 8.11934
8639 -65.87 -614 -39 -146.215 14.4755
8649 -87.42 -3161 -39 -401.018 226.178
8659 -55.64 -323 -39 -102.309 -8.97109
8669 -64.26 -963 -39 -162.734 34.2142
8679 -64.73 -687 -39 -150.305 20.8455
8689 -74.28 -2066 -39 -277.305 128.745
8699 -70.76 -767 -35 -181.489 39.9692
8709 -64.74 -499 -38 -133.136 3.65613
8719 -79.51 -1340 -39 -228.436 69.4162
8729 -58.8 -509 -36 -115.992 -1.60759
8739 -71.25 -709 -39 -177.884 35.3841
8749 -54.8 -394 -39 -95.0465 -14.5535
8759 -63.17 -374 -35 -120.173 -6.16684
8769 -65.07 -744 -39 -152.837 22.6974
8779 -53.73 -397 -39 -93.5541 -13.9059
8789 -71.07 -862 -39 -177.852 35.7124
8799 -68.19 -612 -39 -152.699 16.3193
8809 -65.78 -841 -39 -159.188 27.6283
8819 -56.47 -463 -39 -111.308 -1.63156
8829 -46.69 -78 -39 -52.2611 -41.1189
8839 -97.92 -3818 -39 -480.955 285.115
8849 -75.21 -660 -39 -184.907 34.4869
8859 -69.06 -511 -36 -146.383 8.26319
8869 -61.64 -537 -39 -135.266 11.986
8879 -69.95 -1061 -39 -181.744 41.8435
8889 -69.77 -764 -35 -169.841 30.3014
8899 -67.56 -1021 -39 -180.558 45.4376
8909 -57.5 -441 -31 -110.681 -4.31892
8919 -51.79 -306 -35 -83.6488 -19.9312
8929 -61.06 -968 -38 -155.795 33.6745
8939 -81.62 -1501 -34 -242.05 78.8097
8949 -55.22 -444 -39 -100.746 -9.69407
8959 -100.77 -3821 -39 -479.649 278.109
8969 -70.45 -835 -39 -181.889 40.9892
8979 -62.93 -511 -39 -130.517 4.65725
8989 -64.09 -911 -39 -166.849 38.6689
8999 -56.28 -437 -39 -104.431 -8.12901
9009 -58.01 -592 -35 -122.768 6.74761
9019 -50.47 -199 -39 -74.3511 -26.5889
9029 -66.67 -512 -37 -139.604 6.26425
9039 -67.6 -777 -39 -156.269 21.0691
9049 -77.84 -1983 -36 -282.069 126.389
9059 -70.48 -724 -39 -160.867 19.9074
9069 -55.41 -642 -39 -117.653 6.8335
9079 -66.79 -969 -39 -180.183 46.6033
9089 -264.59 -7138 -39 -1214.78 685.601
9099 -181.34 -2768 -39 -644.603 281.923
9109 -249.98 -4233 -39 -911.599 411.639
9119 -56.04 -344 -32 -100.624 -11.4565
9129 -51.84 -305 -39 -84.7577 -18.9223
9139 -59.94 -473 -39 -122.07 2.19027
9149 -52.9 -388 -35 -93.5038 -12.2962
9159 -55.58 -349 -39 -101.685 -9.4747
9169 -57.57 -826 -39 -137.485 22.3448
9179 -57.26 -483 -39 -109.518 -5.00174
9189 -147.18 -2833 -39 -538.573 244.213
9199 -67.65 -446 -39 -148.207 12.9072
9209 -50.29 -221 -39 -73.5402 -27.0398
9219 -55.64 -270 -36 -92.0733 -19.2067
9229 -178.73 -3339 -36 -664.863 307.403
9239 -57.39 -911 -39 -145.829 31.0492
9249 -61.3 -531 -31 -121.208 -1.39176
9259 -61.77 -524 -35 -132.209 8.66929
9269 -144.42 -2328 -31 -501.501 212.661
9279 -239.13 -9613 -38 -1282.43 804.173
9289 -64.38 -833 -39 -157.086 28.3256
9299 -61.15 -365 -39 -108.375 -13.925
9309 -57.48 -439 -34 -117.156 2.19556
9319 -108.75 -1923 -39 -367.914 150.414
9329 -61.29 -364 -39 -115.179 -7.40067
9339 -54.84 -259 -36 -89.2572 -20.4228
9349 -58.11 -283 -39 -101.257 -14.963
9359 -46.49 -60 -39 -50.5455 -42.4345
9369 -69.54 -483 -39 -151.577 12.497
9379 -64.66 -572 -39 -151.301 21.9811
9389 -58.95 -596 -39 -135.938 18.0375
9399 -64.66 -583 -39 -137.398 8.07822
9409 -63.74 -673 -39 -147.905 20.4255
9419 -62.8 -753 -39 -147.925 22.325
9429 -166.04 -2634 -39 -566.951 234.871
9439 -54.66 -265 -39 -90.2435 -19.0765
9449 -283.9 -6873 -32 -1154.03 586.226
9459 -310.81 -5548 -38 -1174.51 552.885
9469 -163.5 -2993 -35 -612.648 285.648
9479 -61.85 -406 -39 -126.412 2.71183
9489 -56.47 -346 -39 -97.8462 -15.0938
9499 -218.31 -3573 -39 -803.893 367.273
9509 -176.61 -3574 -39 -725.965 372.745
9519 -170.03 -3874 -35 -655.586 315.526
9529 -96.23 -1548 -39 -295.484 103.024
9539 -74.74 -1186 -39 -207.141 57.6607
9549 -173.13 -2803 -39 -641.836 295.576
9559 -173.08 -2538 -39 -563.704 217.544
9569 -275.12 -5849 -39 -1177.66 627.423
9579 -110.42 -2483 -31 -390.95 170.11
9589 -63.16 -379 -37 -122.414 -3.90645
9599 -60.67 -633 -33 -125.646 4.30629
9609 -61.17 -616 -39 -132.601 10.2609
9619 -99.08 -3126 -39 -421.463 223.303
9629 -58.93 -456 -37 -116.757 -1.10258
9639 -62.25 -771 -35 -149.371 24.8711
9649 -65.58 -501 -38 -140.961 9.80059
9659 -65.36 -873 -39 -163.133 32.4132
9669 -66.41 -473 -39 -135.195 2.37475
9679 -67.97 -1283 -39 -196.98 61.04
9689 -63.57 -408 -37 -128.094 0.953945
9699 -70.74 -581 -39 -160.729 19.2495
9709 -72.13 -597 -39 -174.762 30.5022
9719 -49.52 -245 -39 -71.177 -27.863
9729 -222.55 -4729 -39 -827.934 382.834
9739 -130.65 -3114 -39 -489.916 228.616
9749 -71.8 -820 -39 -181.247 37.6468
9759 -59.72 -704 -39 -134.961 15.5215
9769 -67.72 -387 -39 -128.79 -6.65026
9779 -56.9 -649 -39 -119.653 5.85337
9789 -71.38 -2043 -39 -271.199 128.439
9799 -69.07 -864 -32 -165.181 27.0407
9809 -80.93 -595 -39 -194.194 32.334
9819 -216.59 -5628 -39 -916.4 483.22
9829 -203.01 -4763 -39 -847.634 441.614
9839 -59.25 -344 -39 -111.113 -7.38747
9849 -53.61 -629 -39 -112.78 5.56044
9859 -62.33 -377 -39 -120.889 -3.77073
9869 -66.84 -1567 -39 -222.581 88.9014
9879 -53.77 -258 -32 -87.8846 -19.6554
9889 -49.95 -268 -39 -76.5842 -23.3158
9899 -74.73 -1327 -39 -252.169 102.709
9909 -66.32 -759 -36 -153.294 20.6537
9919 -82.86 -1045 -39 -220.652 54.9319
9929 -72.46 -1648 -39 -237.018 92.0979
9939 -53.39 -419 -35 -98.3481 -8.43191
9949 -79.84 -1923 -37 -272.808 113.128
9959 -66.66 -706 -39 -158.386 25.0663
9969 -66.08 -683 -39 -156.154 23.9942
9979 -67.27 -499 -39 -143.074 8.5338
9989 -50.02 -167 -39 -69.3065 -30.7335
9999 -66.8 -425 -34 -136.505 2.90519
