9 -48.03 -81 -31 -58.4117 -37.6483
19 -72.92 -1102 -31 -193.424 47.584
29 -99.44 -1135 -31 -252.142 53.2624
39 -47.85 -114 -27 -59.4898 -36.2102
49 -48.25 -88 -31 -57.5815 -38.9185
59 -49.36 -85 -31 -60.5991 -38.1209
69 -49.15 -109 -31 -61.9354 -36.3646
79 -47.88 -98 -31 -59.9162 -35.8438
89 -48.46 -104 -31 -59.9274 -36.9926
99 -46.63 -93 -31 -57.8927 -35.3673
109 -47.48 -78 -31 -56.7682 -38.1918
119 -50.03 -100 -31 -61.5991 -38.4609
129 -56.16 -254 -31 -86.0072 -26.3128
139 -65.18 -653 -32 -147.63 17.2699
149 -90.49 -861 -31 -227.531 46.5512
159 -73.88 -462 -31 -146.786 -0.973872
169 -65.33 -565 -31 -134.399 3.73854
179 -68.39 -1317 -31 -200.234 63.454
189 -88.36 -660 -31 -198.678 21.9583
199 -75.1 -474 -31 -149.724 -0.475728
209 -69.01 -616 -31 -148.786 10.766
219 -90.55 -742 -31 -198.269 17.1687
229 -73.62 -736 -31 -173.675 26.4346
239 -80.83 -581 -31 -163.885 2.22463
249 -60.61 -486 -31 -122.079 0.858631
259 -68.14 -367 -31 -127.669 -8.61124
269 -91.97 -1129 -31 -232.704 48.7637
279 -114.31 -734 -32 -264.62 35.9998
289 -81.04 -704 -36 -185.068 22.9883
299 -64.16 -466 -31 -120.417 -7.90282
309 -76.93 -840 -31 -174.554 20.6945
319 -62.52 -461 -33 -106.853 -18.1871
329 -83.27 -3021 -31 -378.84 212.3
339 -78.01 -1319 -31 -214.179 58.1591
349 -85.12 -3304 -31 -408.894 238.654
359 -52.1 -88 -31 -65.0788 -39.1212
369 -51.24 -89 -32 -63.6428 -38.8372
379 -50.59 -105 -32 -63.7709 -37.4091
389 -97.7 -914 -31 -228.959 33.5587
399 -115.81 -941 -31 -283.913 52.2932
409 -64.31 -717 -31 -104.222 -24.398
419 -71.26 -466 -31 -148.917 6.39711
429 -45.06 -90 -31 -56.9347 -33.1853
439 -77.53 -973 -31 -209.047 53.9871
449 -47.17 -95 -31 -58.2576 -36.0824
459 -75.36 -567 -31 -169.247 18.5267
469 -50.64 -270 -31 -81.4244 -19.8556
479 -47.38 -97 -31 -58.9743 -35.7857
489 -75.94 -792 -31 -204.768 52.888
499 -68.28 -788 -31 -170.068 33.5084
509 -73.37 -783 -31 -184.401 37.6615
519 -66.32 -658 -31 -157.259 24.6194
529 -91.79 -3803 -31 -466.159 282.579
539 -74.52 -518 -31 -154.156 5.11598
549 -65.6 -648 -28 -153.203 22.0031
559 -62.51 -867 -31 -155.523 30.5026
569 -92.37 -1379 -32 -273.663 88.9233
579 -85.96 -2223 -31 -313.812 141.892
589 -73.23 -1042 -31 -195.722 49.2625
599 -79.96 -1966 -31 -276.334 116.414
609 -57.68 -407 -31 -108.257 -7.10307
619 -55.13 -285 -31 -97.5631 -12.6969
629 -72.53 -693 -31 -166.287 21.2272
639 -57.5 -432 -28 -108.68 -6.31985
649 -93.62 -1454 -28 -288.864 101.624
659 -59.47 -343 -28 -107.683 -11.2568
669 -54.91 -367 -28 -103.964 -5.85595
679 -106.33 -1611 -31 -303.34 90.6796
689 -82.22 -2453 -31 -333.491 169.051
699 -65.51 -908 -28 -165.41 34.3904
709 -52.83 -187 -31 -74.7456 -30.9144
719 -72.31 -520 -31 -161.798 17.1778
729 -53.06 -364 -31 -96.1757 -9.94432
739 -65.73 -655 -31 -145.466 14.0063
749 -61.57 -443 -31 -118.582 -4.55771
759 -58.15 -265 -31 -100.981 -15.3195
769 -64.81 -688 -31 -138.094 8.47434
779 -74.69 -719 -31 -179.55 30.1698
789 -63.68 -666 -31 -150.042 22.6818
799 -51.59 -248 -31 -83.7377 -19.4423
809 -106.53 -1656 -31 -342.069 129.009
819 -76.93 -1528 -31 -237.286 83.4256
829 -53.41 -313 -28 -87.5755 -19.2445
839 -58.98 -586 -28 -122.982 5.02173
849 -138.61 -5103 -31 -695.591 418.371
859 -72.93 -861 -31 -182.85 36.9902
869 -110.17 -4118 -31 -520.447 300.107
879 -83.32 -1607 -31 -253.885 87.2447
889 -94.15 -3087 -31 -403.279 214.979
899 -88.4 -1944 -31 -289.506 112.706
909 -71.91 -671 -31 -162.172 18.3519
919 -72.13 -1148 -31 -192.048 47.7885
929 -104.06 -4554 -32 -554.774 346.654
939 -66.94 -484 -31 -135.901 2.02055
949 -67.07 -386 -31 -125.558 -8.58197
959 -108.29 -2577 -32 -383.514 166.934
969 -86.81 -1890 -31 -277.659 104.039
979 -68.99 -628 -31 -151.901 13.9211
989 -79.54 -1066 -36 -209.067 49.9866
999 -127.15 -4900 -31 -619.272 364.972
1009 -84.19 -578 -31 -187.069 18.6888
1019 -89.8 -628 -31 -177.992 -1.60848
1029 -98.1 -2257 -31 -342.921 146.721
1039 -74.51 -752 -31 -173.329 24.3091
1049 -51.01 -197 -31 -70.0933 -31.9267
1059 -48.42 -91 -31 -58.7904 -38.0496
1069 -60.11 -413 -31 -111.867 -8.35288
1079 -71.1 -475 -31 -140.518 -1.68218
1089 -79.76 -515 -31 -165.239 5.71932
1099 -114.14 -673 -36 -253.005 24.725
1109 -111.25 -715 -31 -249.579 27.0793
1119 -49.65 -74 -31 -57.894 -41.406
1129 -101.46 -769 -36 -221.864 18.9438
1139 -105.81 -635 -31 -227.987 16.3671
1149 -95.91 -837 -31 -217.504 25.6844
1159 -86.68 -1059 -32 -215.027 41.6669
1169 -78.3 -592 -31 -159.045 2.44533
1179 -50.31 -99 -31 -60.7667 -39.8533
1189 -76.84 -641 -31 -166.748 13.0679
1199 -99.59 -769 -31 -225.094 25.9144
1209 -75.07 -1116 -31 -197.823 47.6827
1219 -81.89 -872 -31 -195.105 31.3254
1229 -110.74 -1685 -31 -344.326 122.846
1239 -49.82 -88 -31 -60.2204 -39.4196
1249 -70.15 -620 -31 -143.412 3.11216
1259 -66.55 -566 -31 -142.816 9.71552
1269 -55.51 -240 -32 -87.9375 -23.0825
1279 -98.01 -793 -32 -238.834 42.8136
1289 -86.99 -538 -33 -183.043 9.06269
1299 -98.63 -1113 -33 -264.801 67.5411
1309 -107.03 -1225 -35 -261.235 47.1752
1319 -88.57 -1040 -31 -219.774 42.634
1329 -73.36 -707 -31 -163.624 16.9043
1339 -87.69 -756 -35 -194.294 18.9137
1349 -78.54 -1161 -31 -227.252 70.1724
1359 -135.1 -4511 -32 -609.385 339.185
1369 -113.79 -2859 -32 -409.815 182.235
1379 -60.81 -695 -31 -137.154 15.5336
1389 -109.94 -2951 -31 -425.774 205.894
1399 -86.47 -800 -32 -194.128 21.1877
1409 -99.67 -856 -31 -231.661 32.3205
1419 -67.81 -626 -32 -148.198 12.5783
1429 -49.77 -99 -31 -62.1072 -37.4328
1439 -49.29 -128 -31 -63.0428 -35.5372
1449 -111.16 -1363 -31 -293.705 71.3852
1459 -74.96 -748 -33 -173.701 23.7808
1469 -77.05 -1078 -32 -201.064 46.9644
1479 -75.92 -784 -31 -176.917 25.0772
1489 -84.41 -562 -31 -175.124 6.30375
1499 -124.52 -2811 -31 -426.283 177.243
1509 -48.31 -80 -31 -57.0795 -39.5405
1519 -49.04 -78 -32 -57.8771 -40.2029
1529 -66.73 -457 -31 -121.763 -11.6968
1539 -74.32 -891 -32 -188.675 40.0346
1549 -52.99 -293 -31 -79.3842 -26.5958
1559 -60.14 -544 -32 -118.279 -2.0013
1569 -65.31 -865 -31 -163.787 33.1668
1579 -64.45 -380 -31 -129.731 0.831157
1589 -49.39 -102 -31 -61.1278 -37.6522
1599 -49.32 -88 -32 -59.1973 -39.4427
1609 -52.47 -203 -31 -78.221 -26.719
1619 -83.91 -1682 -31 -258.153 90.3326
1629 -91.34 -1483 -33 -266.306 83.6258
1639 -63.68 -534 -31 -131.342 3.98153
1649 -64.18 -574 -31 -137.293 8.93339
1659 -78.43 -1107 -31 -161.679 4.81868
1669 -63.19 -526 -31 -105.572 -20.8081
1679 -49.96 -77 -32 -59.337 -40.583
1689 -70.53 -1059 -33 -184.621 43.5606
1699 -97.49 -2059 -33 -337.505 142.525
1709 -83.55 -464 -31 -165.333 -1.76745
1719 -93.29 -1787 -32 -294.602 108.022
1729 -77.97 -1203 -32 -207.781 51.8407
1739 -50.12 -100 -31 -62.033 -38.207
1749 -63.27 -394 -31 -121.928 -4.61178
1759 -59.03 -266 -31 -96.461 -21.599
1769 -54.45 -342 -32 -73.4631 -35.4369
1779 -81.66 -1145 -32 -214.946 51.6259
1789 -63.29 -472 -31 -126.736 0.156137
1799 -64.04 -663 -31 -141.023 12.9429
1809 -63.58 -915 -31 -164.532 37.3723
1819 -63.56 -519 -31 -136.512 9.39204
1829 -66.72 -575 -31 -143.376 9.93644
1839 -56.22 -472 -31 -111.336 -1.10383
1849 -58.2 -480 -31 -116.654 0.254423
1859 -49.91 -170 -31 -71.6617 -28.1583
1869 -92.04 -1212 -32 -253.976 69.8959
1879 -57.92 -578 -31 -116.788 0.947872
1889 -78.29 -2862 -28 -359.509 202.929
1899 -64.37 -905 -31 -163.178 34.438
1909 -62.55 -698 -31 -138.176 13.0765
1919 -68.15 -923 -31 -169.14 32.8396
1929 -57.46 -1144 -31 -167.072 52.1516
1939 -46.95 -75 -31 -55.9449 -37.9551
1949 -46.89 -73 -31 -56.6203 -37.1597
1959 -48.68 -118 -31 -60.5537 -36.8063
1969 -57.23 -343 -31 -97.1972 -17.2628
1979 -77.12 -642 -28 -175.395 21.1554
1989 -76.5 -586 -31 -173.239 20.2389
1999 -63.07 -661 -31 -138.121 11.9806
2009 -63 -401 -31 -117.133 -8.86665
2019 -62.14 -740 -31 -138.185 13.9049
2029 -50.67 -206 -31 -73.6618 -27.6782
2039 -60.38 -426 -31 -101.817 -18.9434
2049 -75.04 -639 -32 -163.545 13.4648
2059 -77.47 -990 -32 -188.73 33.7904
2069 -67.79 -637 -31 -148.847 13.2672
2079 -87.51 -588 -32 -198.875 23.8548
2089 -60.22 -428 -31 -116.19 -4.25049
2099 -74.85 -594 -31 -165.804 16.1039
2109 -63.41 -566 -31 -130.629 3.80896
2119 -70.1 -761 -32 -169.37 29.1702
2129 -57.85 -530 -31 -114.385 -1.31458
2139 -60.38 -486 -31 -116.758 -4.00206
2149 -57.99 -676 -31 -125.162 9.18234
2159 -57.31 -531 -31 -125.807 11.1869
2169 -60.67 -257 -31 -103.215 -18.125
2179 -68.65 -441 -31 -135.543 -1.75665
2189 -62.09 -395 -31 -120.102 -4.07843
2199 -71.26 -536 -31 -156.145 13.6245
2209 -64.46 -614 -31 -143.602 14.6817
2219 -60.53 -801 -31 -152.569 31.5095
2229 -48.26 -173 -31 -64.9677 -31.5523
2239 -73.45 -1158 -32 -201.551 54.6514
2249 -67.24 -534 -31 -141.368 6.8877
2259 -65.61 -427 -31 -135.756 4.53629
2269 -65.03 -618 -31 -141.38 11.32
2279 -65.69 -442 -31 -121.786 -9.59429
2289 -73.82 -978 -31 -196.16 48.5205
2299 -80.05 -568 -31 -174.233 14.1332
2309 -67.55 -393 -31 -130.372 -4.72754
2319 -62.47 -573 -31 -130.14 5.20023
2329 -77.25 -823 -31 -184.662 30.1617
2339 -68.34 -752 -32 -161.971 25.2905
2349 -65.45 -805 -31 -154.054 23.1544
2359 -70.84 -674 -31 -159.359 17.6786
2369 -57.57 -333 -31 -101.452 -13.6876
2379 -61.23 -601 -31 -127.442 4.98178
2389 -66.37 -441 -31 -131.119 -1.62139
2399 -67.72 -528 -31 -140.694 5.25386
2409 -63.15 -615 -31 -132.84 6.54037
2419 -63.49 -358 -32 -120.656 -6.32422
2429 -53.12 -538 -31 -107.068 0.827599
2439 -51.26 -239 -31 -78.0844 -24.4356
2449 -87.19 -1023 -31 -231.165 56.785
2459 -62.9 -444 -32 -122.083 -3.71657
2469 -71.71 -839 -31 -177.742 34.3221
2479 -75.3 -1027 -31 -197.63 47.0303
2489 -72.22 -518 -31 -152.599 8.15935
2499 -61.87 -465 -31 -115.983 -7.75667
2509 -66.84 -505 -32 -140.718 7.03826
2519 -56.18 -484 -31 -101.334 -11.0259
2529 -74.45 -985 -31 -185.509 36.6088
2539 -59.33 -288 -31 -103.472 -15.1881
2549 -69.25 -637 -31 -163.879 25.3789
2559 -85.36 -791 -31 -213.11 42.3895
2569 -70.94 -452 -31 -142.736 0.855885
2579 -82.03 -806 -31 -208.872 44.8116
2589 -64.56 -711 -31 -146.285 17.1647
2599 -57.17 -408 -31 -102.399 -11.9412
2609 -63.97 -500 -31 -121.061 -6.8786
2619 -65.34 -643 -31 -145.841 15.1611
2629 -72.5 -461 -31 -152.971 7.97104
2639 -69.55 -774 -31 -157.739 18.6394
2649 -57.95 -301 -31 -99.4411 -16.4589
2659 -71.8 -995 -31 -176.522 32.9219
2669 -98.22 -1032 -31 -240.432 43.9917
2679 -85.63 -2416 -31 -328.594 157.334
2689 -59.3 -240 -31 -97.6689 -20.9311
2699 -78.83 -1240 -31 -210.759 53.0995
2709 -85.15 -979 -31 -207.506 37.2059
2719 -66.44 -724 -31 -150.677 17.7974
2729 -73.94 -706 -31 -179.021 31.1414
2739 -46.64 -77 -32 -54.4234 -38.8566
2749 -63.53 -726 -32 -144.706 17.6457
2759 -64.41 -589 -31 -139.088 10.2684
2769 -62.39 -427 -32 -118.748 -6.03204
2779 -65.56 -767 -31 -149.922 18.8017
2789 -63.62 -1124 -32 -173.498 46.2578
2799 -59.54 -355 -31 -105.307 -13.7732
2809 -60.61 -360 -32 -109.798 -11.4219
2819 -54.4 -359 -32 -90.4533 -18.3467
2829 -60.23 -287 -31 -108.174 -12.2862
2839 -60.44 -612 -31 -128.05 7.17049
2849 -61.9 -362 -31 -116.908 -6.89202
2859 -66.39 -404 -32 -132.444 -0.336248
2869 -65.79 -271 -31 -117.042 -14.5378
2879 -64.15 -477 -31 -129.749 1.44853
2889 -103.29 -1062 -31 -279.278 72.6977
2899 -57.09 -293 -31 -93.0926 -21.0874
2909 -68.67 -472 -31 -143.694 6.35406
2919 -59.8 -400 -32 -107.054 -12.5456
2929 -84.71 -725 -31 -200.039 30.6192
2939 -65 -334 -32 -118.125 -11.8748
2949 -63.63 -400 -31 -121.066 -6.19353
2959 -93.36 -2026 -31 -327.368 140.648
2969 -77.09 -1163 -31 -205.51 51.3297
2979 -55.85 -248 -31 -89.8595 -21.8405
2989 -69.2 -517 -31 -134.203 -4.1972
2999 -72.43 -529 -31 -153.762 8.90173
3009 -71.96 -1319 -32 -202.818 58.8981
3019 -106.4 -4288 -31 -532.555 319.755
3029 -77.25 -688 -33 -179.178 24.6782
3039 -64.21 -437 -31 -121.922 -6.49796
3049 -77.76 -678 -31 -183.874 28.3543
3059 -67.13 -751 -31 -149.988 15.7275
3069 -71.93 -575 -33 -148.189 4.32867
3079 -68.57 -480 -31 -137.516 0.376039
3089 -58.7 -362 -31 -99.7205 -17.6795
3099 -72.03 -461 -31 -142.621 -1.43863
3109 -60.14 -314 -32 -96.1417 -24.1383
3119 -87.46 -2630 -31 -355.356 180.436
3129 -87.5 -1504 -32 -246.035 71.0349
3139 -78.13 -595 -31 -172.332 16.0717
3149 -52.19 -194 -31 -71.4267 -32.9533
3159 -62.46 -430 -31 -119.86 -5.05983
3169 -64.07 -304 -31 -119.583 -8.55727
3179 -53.69 -219 -31 -81.5149 -25.8651
3189 -68.65 -541 -31 -144.169 6.86876
3199 -69.95 -585 -31 -150.457 10.5572
3209 -68.06 -654 -31 -143.094 6.97401
3219 -64.09 -482 -31 -128.591 0.411248
3229 -59.78 -624 -31 -123.302 3.74206
3239 -91.53 -1173 -31 -277.793 94.7333
3249 -74.59 -588 -31 -162.911 13.7315
3259 -63.8 -404 -32 -121.29 -6.3098
3269 -78.4 -758 -35 -188.218 31.4176
3279 -60.26 -836 -31 -144.346 23.8258
3289 -95.53 -687 -36 -210.468 19.408
3299 -64.17 -551 -33 -143.045 14.7049
3309 -61.53 -599 -35 -135.367 12.3074
3319 -66.4 -852 -36 -155.716 22.916
3329 -51.93 -696 -31 -116.942 13.0819
3339 -58.1 -1091 -31 -162.116 45.9155
3349 -60.31 -876 -31 -159.955 39.3346
3359 -51.27 -516 -35 -98.3306 -4.20939
3369 -67.67 -2061 -31 -268.123 132.783
3379 -116.16 -4209 -31 -542.064 309.744
3389 -87.05 -808 -32 -218.768 44.6679
3399 -73 -864 -32 -186.939 40.9388
3409 -45.79 -64 -31 -53.0467 -38.5333
3419 -116.67 -5383 -31 -652.959 419.619
3429 -66.57 -878 -32 -162.829 29.6888
3439 -73.74 -1259 -35 -206.221 58.7408
3449 -49.42 -422 -31 -87.443 -11.397
3459 -68.43 -1386 -31 -212.473 75.613
3469 -68.7 -1451 -31 -213.922 76.5221
3479 -55.2 -261 -31 -91.95 -18.45
3489 -69.6 -1007 -31 -178.583 39.383
3499 -71.95 -634 -31 -169.582 25.6823
3509 -77.19 -1991 -31 -280.395 126.015
3519 -90.62 -816 -33 -215.548 34.3084
3529 -71.52 -656 -32 -173.437 30.3974
3539 -63.51 -719 -31 -149.405 22.3853
3549 -47.18 -70 -31 -54.3331 -40.0269
3559 -53.26 -421 -33 -92.2294 -14.2906
3569 -81.17 -1023 -32 -210.452 48.1123
3579 -67.22 -699 -32 -146.793 12.3532
3589 -75.28 -639 -32 -176.717 26.157
3599 -69.6 -719 -36 -161.547 22.3467
3609 -91.65 -2588 -36 -357.43 174.13
3619 -56.27 -325 -31 -96.1244 -16.4156
3629 -90.93 -584 -36 -196.179 14.3192
3639 -110.46 -1163 -36 -264.35 43.4298
3649 -116.03 -1540 -36 -316.28 84.2198
3659 -103.69 -2885 -31 -391.87 184.49
3669 -71.94 -426 -35 -145.663 1.78274
3679 -102.61 -1825 -35 -310.931 105.711
3689 -57.7 -846 -35 -138.209 22.8095
3699 -56.97 -483 -33 -105.581 -8.35891
3709 -66.23 -641 -32 -148.739 16.2792
3719 -69.8 -541 -31 -163.685 24.0853
3729 -97.95 -3846 -33 -480.74 284.84
3739 -53.77 -310 -38 -85.0016 -22.5384
3749 -74.99 -2301 -32 -302.647 152.667
3759 -89.46 -1295 -36 -260.246 81.3264
3769 -66.89 -424 -33 -127.713 -6.06731
3779 -62.38 -471 -31 -128.361 3.60126
3789 -53.79 -428 -33 -98.7727 -8.80725
3799 -75 -1092 -31 -206.386 56.3863
3809 -57.65 -310 -32 -99.1719 -16.1281
3819 -123.02 -3662 -33 -523.809 277.769
3829 -51.11 -164 -32 -70.7531 -31.4669
3839 -48.19 -82 -31 -56.2217 -40.1583
3849 -49.28 -131 -31 -60.5175 -38.0425
3859 -73 -1016 -31 -183.101 37.1015
3869 -80.2 -793 -32 -188.463 28.0634
3879 -61.79 -463 -32 -123.302 -0.277905
3889 -103.03 -3235 -36 -426.81 220.75
3899 -58.89 -363 -33 -96.7992 -20.9808
3909 -111.15 -4786 -33 -201.163 -21.1371
3919 -50.59 -218 -33 -75.5345 -25.6455
3929 -62.2 -360 -38 -121.316 -3.08412
3939 -54.32 -516 -31 -103.934 -4.70556
3949 -63.7 -523 -32 -119.804 -7.59637
3959 -68.4 -481 -32 -140.476 3.6757
3969 -55.04 -292 -32 -86.8907 -23.1893
3979 -59.26 -448 -32 -111.295 -7.22516
3989 -60.79 -305 -32 -102.878 -18.702
3999 -65.2 -698 -36 -141.93 11.5304
4009 -73.67 -1217 -31 -206.788 59.4476
4019 -119.6 -3548 -35 -497.944 258.744
4029 -100.92 -3366 -32 -446.656 244.816
4039 -65.07 -373 -31 -128.023 -2.11712
4049 -71.15 -536 -32 -155.68 13.3804
4059 -53.81 -339 -36 -83.4213 -24.1987
4069 -90.64 -2844 -36 -374.35 193.07
4079 -65.57 -1246 -32 -186.011 54.8709
4089 -63.29 -721 -36 -138.585 12.0049
4099 -65.84 -335 -32 -122.966 -8.71418
4109 -64.39 -681 -31 -145.178 16.3984
4119 -80.7 -2066 -36 -289.542 128.142
4129 -58.01 -603 -32 -118.193 2.17305
4139 -91.01 -1539 -32 -285.805 103.785
4149 -60.78 -758 -33 -144.066 22.5063
4159 -79.32 -748 -33 -188.769 30.1285
4169 -64.11 -753 -33 -156.134 27.9143
4179 -68.54 -780 -31 -168.804 31.7235
4189 -66.4 -1165 -33 -185.394 52.5944
4199 -54.39 -473 -33 -105.515 -3.2652
4209 -68.13 -673 -31 -158.716 22.4562
4219 -55.63 -284 -33 -95.5515 -15.7085
4229 -64.67 -537 -33 -142.339 12.9985
4239 -92.59 -3576 -32 -453.565 268.385
4249 -59.78 -416 -38 -116.741 -2.81945
4259 -70.35 -591 -35 -155.268 14.5683
4269 -57.65 -547 -33 -115.027 -0.272816
4279 -58.29 -388 -33 -115.171 -1.40929
4289 -61.49 -1106 -33 -170.88 47.9001
4299 -124.98 -2345 -36 -439.266 189.306
4309 -91.65 -1631 -31 -300.146 116.846
4319 -77.15 -581 -33 -184.621 30.3211
4329 -76.76 -1601 -31 -245.999 92.4792
4339 -85.16 -924 -32 -216.682 46.3624
4349 -90.87 -2549 -33 -345.408 163.668
4359 -84.12 -1183 -33 -225.131 56.8911
4369 -75.15 -527 -31 -160.634 10.3344
4379 -74.09 -961 -33 -193.738 45.558
4389 -73.35 -855 -35 -176.099 29.3989
4399 -66.05 -395 -36 -127.641 -4.45903
4409 -69.02 -1088 -33 -192.614 54.5738
4419 -63.29 -648 -32 -152.301 25.7206
4429 -63.33 -560 -33 -136.548 9.88766
4439 -129.53 -6870 -32 -809.655 550.595
4449 -77.74 -952 -33 -195.467 39.9872
4459 -120.36 -2841 -32 -452.396 211.676
4469 -89.17 -1023 -33 -246.292 67.9521
4479 -113.55 -1559 -33 -270.939 43.8395
4489 -93.45 -3078 -33 -401.497 214.597
4499 -75.25 -688 -32 -190.597 40.0974
4509 -75.97 -693 -33 -173.713 21.7735
4519 -69.7 -686 -33 -160.024 20.6241
4529 -68.93 -810 -35 -165.482 27.6219
4539 -72.47 -769 -33 -167.553 22.613
4549 -83.05 -1880 -33 -273.563 107.463
4559 -68.14 -671 -33 -164.559 28.2788
4569 -53.9 -251 -31 -85.0843 -22.7157
4579 -66.87 -659 -33 -157.364 23.6241
4589 -130.55 -3511 -35 -545.044 283.944
4599 -60.11 -551 -33 -122.738 2.51757
4609 -47.4 -137 -31 -58.5947 -36.2053
4619 -62.5 -449 -33 -120.431 -4.56877
4629 -60.12 -417 -32 -119.676 -0.564316
4639 -83.7 -1641 -33 -267.472 100.072
4649 -54.27 -220 -33 -85.7065 -22.8335
4659 -162.73 -3820 -33 -624.726 299.266
4669 -64.46 -424 -31 -131.625 2.70495
4679 -73.6 -1191 -33 -199.085 51.885
4689 -82.08 -999 -33 -214.473 50.3135
4699 -77.14 -922 -33 -203.793 49.5134
4709 -157.84 -5968 -33 -423.548 107.868
4719 -52.77 -252 -31 -79.554 -25.986
4729 -84.06 -2005 -35 -312.147 144.027
4739 -91.6 -1596 -33 -282.852 99.6518
4749 -86.26 -1056 -33 -233.241 60.7212
4759 -53.45 -289 -33 -90.1689 -16.7311
4769 -114.96 -1850 -31 -395.662 165.742
4779 -93.66 -1597 -31 -271.277 83.9567
4789 -104.07 -1492 -32 -330.53 122.39
4799 -112.08 -1904 -31 -390.388 166.228
4809 -96.86 -816 -31 -227.902 34.182
4819 -93.08 -1002 -32 -241.709 55.5494
4829 -146.11 -2193 -31 -431.717 139.497
4839 -168.59 -1932 -32 -483.763 146.583
4849 -180.22 -1792 -31 -483.095 122.655
4859 -144.48 -3455 -31 -519.508 230.548
4869 -156.56 -1996 -32 -467.883 154.763
4879 -177.09 -1717 -31 -472.629 118.449
4889 -164.31 -1683 -31 -397.634 69.0137
4899 -145.16 -1532 -32 -369.729 79.4087
4909 -220.92 -3142 -32 -617.14 175.3
4919 -183.95 -1388 -32 -427.098 59.1979
4929 -233.26 -2566 -31 -602.017 135.497
4939 -175.97 -2576 -32 -570.307 218.367
4949 -176.02 -1461 -31 -441.756 89.7159
4959 -175.69 -2696 -31 -562.196 210.816
4969 -134.05 -1868 -32 -425.08 156.98
4979 -130.95 -2800 -31 -480.198 218.298
4989 -99.74 -1417 -31 -272.601 73.1211
4999 -183.96 -2206 -31 -544.222 176.302
5009 -112.4 -1181 -31 -289.848 65.0477
5019 -170.32 -3188 -31 -610.875 270.235
5029 -235.16 -2934 -32 -732.496 262.176
5039 -157.93 -2562 -31 -515.225 199.365
5049 -163.02 -2144 -31 -491.847 165.807
5059 -156.46 -2042 -31 -466.939 154.019
5069 -199.23 -3810 -32 -683.78 285.32
5079 -109.83 -1541 -28 -338.444 118.784
5089 -171.06 -5472 -28 -769.234 427.114
5099 -135.65 -1403 -31 -360.243 88.9432
5109 -143.59 -1434 -31 -422.439 135.259
5119 -162.41 -2002 -32 -457.939 133.119
5129 -160.07 -1639 -29 -475.236 155.096
5139 -151.15 -2678 -28 -539.42 237.12
5149 -137.32 -2610 -32 -458.307 183.667
5159 -237.47 -3430 -31 -829.77 354.83
5169 -146.55 -2087 -31 -491.493 198.393
5179 -120.36 -2114 -31 -411.709 170.989
5189 -149.54 -4723 -31 -653.996 354.916
5199 -164.31 -2473 -31 -550.166 221.546
5209 -81.25 -757 -31 -190.125 27.6254
5219 -167.38 -3224 -31 -600.527 265.767
5229 -136.56 -1863 -31 -422.966 149.846
5239 -137.25 -3296 -31 -546.255 271.755
5249 -155.86 -2025 -31 -467.368 155.648
5259 -116.86 -2081 -28 -374.822 141.102
5269 -175.37 -4135 -31 -701.175 350.435
5279 -121.63 -1292 -31 -332.893 89.633
5289 -114.64 -1512 -28 -362.566 133.286
5299 -124.95 -1812 -31 -393.032 143.132
5309 -204.66 -3967 -31 -726.004 316.684
5319 -114.04 -1471 -31 -352.399 124.319
5329 -92.54 -1183 -31 -244.734 59.6539
5339 -89.49 -2049 -31 -310.649 131.669
5349 -154.31 -2075 -31 -465.731 157.111
5359 -149.36 -2699 -31 -544.82 246.1
5369 -107.55 -1259 -31 -285.46 70.3604
5379 -139.07 -2649 -28 -511.748 233.608
5389 -143.53 -1444 -31 -414.279 127.219
5399 -204.36 -3803 -31 -726.239 317.519
5409 -135.63 -2632 -28 -474.188 202.928
5419 -108.79 -1635 -31 -330.374 112.794
5429 -179.28 -2776 -31 -648.602 290.042
5439 -180.79 -2990 -31 -630.554 268.974
5449 -106.91 -990 -31 -288.751 74.9307
5459 -180.38 -4942 -31 -739.051 378.291
5469 -131.8 -1188 -28 -330.461 66.8614
5479 -147.17 -1896 -28 -444.541 150.201
5489 -132.8 -2173 -32 -426.655 161.055
5499 -191.98 -4078 -31 -649.362 265.402
5509 -131.96 -2182 -31 -425.379 161.459
5519 -203.35 -3405 -31 -662.518 255.818
5529 -112.17 -1168 -31 -303.58 79.2404
5539 -131.08 -3743 -28 -524.217 262.057
5549 -108.91 -2373 -31 -354.799 136.979
5559 -73.31 -404 -32 -147.076 0.455996
5569 -109.97 -2734 -32 -401.485 181.545
5579 -104.85 -1293 -31 -275.699 65.9986
5589 -191.04 -3762 -31 -764.353 382.273
5599 -102.65 -1568 -28 -290.551 85.2511
5609 -127.59 -3717 -31 -508.652 253.472
5619 -163.04 -1356 -31 -450.876 124.796
5629 -138.81 -2201 -31 -450.513 172.893
5639 -99.01 -1047 -31 -259.383 61.3628
5649 -154.9 -3915 -31 -603.957 294.157
5659 -95.84 -1424 -31 -272.938 81.2581
5669 -124.53 -1694 -31 -375.574 126.514
5679 -117.41 -1764 -31 -383.898 149.078
5689 -91.35 -964 -31 -258.882 76.182
5699 -140.18 -3564 -31 -537.111 256.751
5709 -94.39 -555 -32 -209.314 20.5337
5719 -103.36 -940 -31 -273.66 66.9395
5729 -82.79 -971 -31 -241.014 75.434
5739 -57.75 -642 -31 -126.582 11.0815
5749 -103.74 -1493 -31 -324.757 117.277
5759 -78.54 -1326 -31 -258.936 101.856
5769 -106.59 -3473 -31 -458.022 244.842
5779 -133.78 -3175 -31 -560.197 292.637
5789 -80.61 -1804 -31 -282.766 121.546
5799 -78.5 -1477 -31 -245.537 88.5371
5809 -103.36 -1630 -31 -323.883 117.163
5819 -89.18 -1332 -31 -274.989 96.6285
5829 -99.03 -1064 -31 -264.979 66.9191
5839 -91.48 -1751 -31 -306.487 123.527
5849 -98.57 -1703 -31 -298.861 101.721
5859 -77.36 -1843 -31 -269.476 114.756
5869 -138.31 -2714 -29 -483.943 207.323
5879 -108.94 -903 -32 -286.216 68.3364
5889 -100.57 -1683 -31 -325.252 124.112
5899 -138.22 -3389 -32 -526.545 250.105
5909 -141.21 -2457 -31 -501.194 218.774
5919 -163.57 -2383 -28 -512.26 185.12
5929 -133.57 -2250 -31 -499.084 231.944
5939 -98.69 -875 -31 -244.523 47.1434
5949 -67.92 -864 -31 -179.206 43.3657
5959 -107.7 -1920 -33 -338.575 123.175
5969 -86.5 -819 -31 -204.218 31.218
5979 -116.42 -1972 -31 -359.704 126.864
5989 -111.46 -3960 -31 -512.582 289.662
5999 -73.3 -503 -31 -161.666 15.0659
6009 -119.66 -1345 -31 -355.171 115.851
6019 -119.84 -1644 -32 -356.227 116.547
6029 -150.94 -4973 -32 -666.497 364.617
6039 -83.41 -1349 -31 -234.913 68.0928
6049 -127.4 -2597 -31 -501.329 246.529
6059 -89.2 -876 -32 -238.989 60.5887
6069 -89.03 -1177 -31 -260.313 82.253
6079 -103.63 -1495 -32 -312.025 104.765
6089 -78.06 -713 -31 -183.025 26.9051
6099 -111.74 -1517 -31 -353.145 129.665
6109 -94.02 -735 -31 -218.217 30.1769
6119 -190.79 -6467 -31 -857.854 476.274
6129 -167.11 -3838 -30 -630.195 295.975
6139 -91.15 -1226 -31 -242.473 60.1726
6149 -94.94 -1432 -31 -272.067 82.1866
6159 -115.43 -2039 -31 -421.638 190.778
6169 -89.76 -1349 -31 -266.63 87.1096
6179 -93.07 -891 -31 -232.138 45.9977
6189 -86.23 -1224 -32 -240.327 67.8671
6199 -98.64 -970 -31 -272.733 75.4528
6209 -114.41 -1345 -32 -311.216 82.3961
6219 -84.78 -1180 -31 -234.844 65.2837
6229 -85.4 -1734 -31 -268.068 97.268
6239 -117.21 -1755 -32 -346.852 112.432
6249 -100.26 -997 -32 -263.968 63.4477
6259 -167.65 -2334 -32 -527.017 191.717
6269 -83.59 -1449 -32 -240.524 73.3443
6279 -111.32 -2138 -32 -345.618 122.978
6289 -116.19 -1515 -31 -330.108 97.7281
6299 -74.28 -716 -32 -168.741 20.1807
6309 -126.83 -2218 -32 -448.757 195.097
6319 -118.27 -1481 -31 -358.863 122.323
6329 -161.99 -3534 -31 -660.89 336.91
6339 -134.32 -1827 -33 -419.165 150.525
6349 -125.02 -1526 -32 -364.892 114.852
6359 -182.43 -4583 -32 -797.992 433.132
6369 -128.35 -1979 -31 -389.728 133.028
6379 -142.99 -1721 -31 -467.876 181.896
6389 -125.62 -1772 -31 -333.317 82.0767
6399 -129.05 -3593 -33 -556.781 298.681
6409 -119.8 -2279 -31 -417.054 177.454
6419 -73.41 -1169 -32 -200.082 53.2615
6429 -129.77 -2204 -33 -430.288 170.748
6439 -107.86 -1083 -32 -278.658 62.9382
6449 -121.85 -1920 -32 -358.01 114.31
6459 -119.63 -2204 -31 -448.479 209.219
6469 -83.5 -506 -32 -191.146 24.1458
6479 -70.85 -1436 -32 -223.735 82.0349
6489 -64.93 -531 -32 -131.327 1.46719
6499 -101.04 -2799 -31 -386.111 184.031
6509 -85.13 -1686 -32 -263.791 93.531
6519 -148.55 -2885 -35 -518.662 221.562
6529 -98.95 -1645 -31 -292.504 94.6039
6539 -83.96 -726 -33 -203.501 35.5807
6549 -95.73 -1097 -31 -259.222 67.7621
6559 -96.17 -1667 -32 -306.119 113.779
6569 -101.25 -1561 -32 -290.97 88.4705
6579 -95.33 -1577 -31 -291.684 101.024
6589 -115.29 -2733 -31 -412.47 181.89
6599 -90.67 -2365 -35 -341.199 159.859
6609 -85.15 -611 -31 -194.721 24.4211
6619 -85.16 -840 -31 -214.828 44.5083
6629 -123.81 -2760 -33 -429.304 181.684
6639 -103.64 -1926 -33 -341.503 134.223
6649 -95.55 -1266 -32 -272.289 81.1886
6659 -119.02 -1435 -31 -359.497 121.457
6669 -65.98 -915 -31 -167.959 35.9986
6679 -124.76 -7117 -31 -830.231 580.711
6689 -110.66 -2668 -31 -391.815 170.495
6699 -137.35 -1544 -31 -411.991 137.291
6709 -112.78 -1869 -31 -357.625 132.065
6719 -118.4 -1190 -31 -320.237 83.4372
6729 -96.67 -2014 -32 -364.172 170.832
6739 -117.09 -1501 -31 -345.636 111.456
6749 -106.48 -1451 -31 -317.213 104.253
6759 -132.78 -1689 -31 -394.687 129.127
6769 -114.26 -1736 -31 -347.531 119.011
6779 -134.4 -4310 -31 -597.401 328.601
6789 -99.4 -1740 -31 -312.574 113.774
6799 -104.83 -2004 -31 -352.654 142.994
6809 -64.76 -684 -31 -148.72 19.2004
6819 -110.87 -2253 -31 -382.809 161.069
6829 -111.74 -2519 -31 -386.158 162.678
6839 -71.32 -1466 -31 -228.889 86.249
6849 -162.13 -3251 -31 -613.64 289.38
6859 -166.9 -2332 -31 -543.429 209.629
6869 -114.55 -2080 -28 -386.181 157.081
6879 -123.35 -2079 -31 -409.998 163.298
6889 -89.04 -1503 -31 -264.494 86.4137
6899 -102.64 -2018 -31 -369.539 164.259
6909 -76.16 -1525 -31 -251.808 99.4877
6919 -118.53 -1699 -31 -345.757 108.697
6929 -66.2 -848 -31 -181.947 49.5472
6939 -111.78 -1290 -28 -321.045 97.4854
6949 -86.39 -912 -31 -218.556 45.7764
6959 -90.74 -1266 -28 -251.493 70.0131
6969 -154.86 -2111 -31 -496.669 186.949
6979 -109.56 -1683 -31 -361.696 142.576
6989 -71.03 -633 -31 -161.812 19.752
6999 -116.73 -1152 -28 -310.513 77.0526
7009 -107.32 -1793 -31 -338.045 123.405
7019 -187.73 -4302 -33 -774.633 399.173
7029 -96.6 -1707 -31 -287.758 94.5579
7039 -114.19 -3894 -31 -505.441 277.061
7049 -126.47 -2954 -31 -506.521 253.581
7059 -106.78 -2018 -28 -358.761 145.201
7069 -127.29 -3810 -31 -574.709 320.129
7079 -118.79 -1936 -31 -399.157 161.577
7089 -112.93 -2263 -31 -360.687 134.827
7099 -125.71 -1965 -31 -417.65 166.23
7109 -95.63 -1678 -31 -321.281 130.021
7119 -107.23 -1876 -28 -321.248 106.788
7129 -122.1 -2144 -31 -389.213 145.013
7139 -104.86 -2347 -32 -357.135 147.415
7149 -80.45 -1125 -31 -219.483 58.5831
7159 -114.68 -4073 -31 -523.896 294.536
7169 -92.56 -856 -32 -223.088 37.9675
7179 -122.19 -1461 -32 -384.488 140.108
7189 -136.88 -3770 -31 -541.295 267.535
7199 -90.62 -1002 -31 -226.272 45.0322
7209 -126.13 -1753 -31 -390.139 137.879
7219 -136.86 -3044 -31 -563.877 290.157
7229 -128.01 -2885 -30 -474.36 218.34
7239 -109.57 -3264 -31 -445.108 225.968
7249 -65.46 -450 -31 -130.159 -0.761308
7259 -82.49 -770 -28 -207.602 42.6223
7269 -119.36 -2127 -31 -385.51 146.79
7279 -99.44 -1665 -28 -331.543 132.663
7289 -111.03 -1851 -31 -352.641 130.581
7299 -135.84 -5269 -28 -671.607 399.927
7309 -111.17 -2726 -31 -404.062 181.722
7319 -129.35 -3014 -28 -492.49 233.79
7329 -107.96 -2847 -31 -439.782 223.862
7339 -90.19 -900 -31 -236.927 56.5474
7349 -103.59 -1651 -28 -337.272 130.092
7359 -92.67 -866 -28 -234.301 48.9611
7369 -87.1 -1121 -31 -218.153 43.9531
7379 -99.17 -854 -28 -239.486 41.1457
7389 -83.62 -855 -28 -202.756 35.5165
7399 -65.88 -776 -28 -167.928 36.1683
7409 -136 -2149 -28 -443.239 171.239
7419 -84.93 -2324 -31 -323.756 153.896
7429 -99.19 -2247 -28 -337.696 139.316
7439 -98.04 -1624 -28 -280.275 84.1946
7449 -130.02 -2660 -31 -428.072 168.032
7459 -129.51 -2170 -31 -428.478 169.458
7469 -68.95 -494 -31 -140.884 2.98351
7479 -150.31 -3248 -31 -505.443 204.823
7489 -105.29 -1158 -31 -279.366 68.7855
7499 -153.73 -2604 -40 -456.386 148.926
7509 -130.64 -4035 -40 -534.555 273.275
7519 -156.93 -2706 -31 -472.754 158.894
7529 -153.37 -1614 -33 -423.389 116.649
7539 -199.55 -3704 -31 -697.24 298.14
7549 -134.67 -1072 -35 -337.143 67.8032
7559 -94.74 -485 -31 -202.733 13.2529
7569 -96.72 -835 -31 -216.627 23.1871
7579 -98.78 -716 -31 -222.701 25.1409
7589 -109.49 -755 -35 -237.88 18.9003
7599 -132.04 -850 -31 -287.53 23.4499
7609 -113.83 -895 -31 -266 38.3396
7619 -91.63 -692 -31 -200.238 16.9784
7629 -138.96 -1487 -35 -344.734 66.814
7639 -91.54 -550 -35 -190.081 7.0008
7649 -136.61 -1386 -31 -336.106 62.8864
7659 -105.27 -698 -35 -229.746 19.2057
7669 -95.11 -787 -35 -218.115 27.8946
7679 -82.21 -655 -35 -170.595 6.17464
7689 -91.36 -571 -31 -196.184 13.4639
7699 -125.17 -568 -35 -262.839 12.4986
7709 -97.46 -504 -31 -205.664 10.7438
7719 -114.39 -762 -31 -249.275 20.4955
7729 -99.14 -485 -31 -202.654 4.37411
7739 -84.96 -405 -31 -173.413 3.49317
7749 -118.01 -1015 -36 -275.934 39.9142
7759 -106.73 -801 -35 -239.582 26.1225
7769 -84.01 -809 -35 -184.141 16.1208
7779 -86.28 -1104 -35 -221.006 48.4463
7789 -114.9 -2499 -35 -378.095 148.295
7799 -119.2 -1524 -35 -299.324 60.9243
7809 -103.19 -860 -35 -248.729 42.3487
7819 -100.3 -612 -32 -210.967 10.3672
7829 -95.95 -669 -35 -214.998 23.0984
7839 -97.27 -670 -35 -206.676 12.1364
7849 -107.58 -1729 -35 -311.624 96.4639
7859 -94.1 -689 -35 -197.843 9.64333
7869 -66.81 -409 -31 -131.263 -2.35684
7879 -79.61 -823 -35 -197.168 37.9475
7889 -88.64 -1322 -31 -236.786 59.506
7899 -81.36 -701 -35 -178.922 16.2018
7909 -88.95 -857 -31 -204.79 26.8898
7919 -66.16 -813 -32 -164.883 32.5632
7929 -76.61 -1088 -32 -204.42 51.2003
7939 -61.46 -526 -32 -123.214 0.294137
7949 -105.39 -885 -35 -265.811 55.0311
7959 -84.62 -598 -35 -189.048 19.8077
7969 -107.68 -1167 -31 -278.666 63.3064
7979 -85.51 -495 -35 -172.436 1.41617
7989 -90.52 -927 -35 -221.955 40.9148
7999 -81.25 -483 -31 -169.408 6.90802
8009 -104.46 -609 -35 -214.129 5.20859
8019 -102.43 -866 -35 -250.955 46.0951
8029 -129.98 -1877 -35 -374.177 114.217
8039 -95.07 -1403 -35 -261.558 71.4182
8049 -91.55 -611 -35 -191.135 8.03469
8059 -104.41 -558 -35 -224.479 15.6593
8069 -107.34 -2190 -35 -338.082 123.402
8079 -109.93 -1484 -35 -237.882 18.0217
8089 -109.89 -699 -31 -248.838 29.0581
8099 -81.02 -632 -35 -176.912 14.872
8109 -91.3 -609 -31 -202.259 19.6587
8119 -111.79 -757 -35 -247.742 24.1619
8129 -71.79 -455 -31 -137.733 -5.84676
8139 -74.34 -490 -35 -148.555 -0.124875
8149 -99.47 -587 -35 -211.354 12.4136
8159 -78.49 -643 -31 -165.3 8.31976
8169 -92.22 -577 -36 -195.976 11.5363
8179 -91.56 -700 -35 -209.532 26.4115
8189 -77.16 -563 -35 -156.238 1.91767
8199 -79.69 -878 -32 -177.979 18.5988
8209 -80.65 -657 -35 -185.427 24.1274
8219 -128.03 -1812 -31 -358.667 102.607
8229 -85.32 -606 -35 -184.504 13.8642
8239 -85.12 -556 -35 -183.683 13.4432
8249 -84.28 -499 -31 -171.785 3.22461
8259 -65.79 -380 -35 -121.628 -9.95247
8269 -100.11 -673 -35 -220.041 19.8208
8279 -79.32 -466 -35 -158.185 -0.454747
8289 -103.57 -1385 -35 -266.707 59.5667
8299 -92.2 -588 -31 -196.648 12.2477
8309 -99.92 -872 -35 -237.359 37.519
8319 -86.18 -589 -31 -181.454 9.09353
8329 -115.86 -1135 -35 -303.056 71.3364
8339 -107.46 -863 -35 -252.099 37.1793
8349 -81.45 -749 -31 -180.29 17.3902
8359 -80.05 -578 -31 -176.169 16.069
8369 -80.76 -773 -31 -184.417 22.897
8379 -129.25 -709 -35 -282.878 24.3776
8389 -119.39 -1580 -35 -327.507 88.7275
8399 -88.47 -864 -35 -207.542 30.6024
8409 -107.36 -1147 -35 -247.585 32.8646
8419 -91.59 -906 -35 -211.837 28.6574
8429 -102.1 -801 -35 -226.346 22.1461
8439 -77.03 -726 -31 -149.8 -4.26044
8449 -135.12 -4321 -31 -569.583 299.343
8459 -47.33 -61 -28 -53.2167 -41.4433
8469 -48.1 -58 -32 -54.2863 -41.9137
8479 -105.11 -1873 -35 -317.302 107.082
8489 -93.6 -680 -35 -201.082 13.8825
8499 -78.61 -502 -31 -167.455 10.2354
8509 -104.91 -674 -35 -223.573 13.7535
8519 -105.44 -794 -35 -256.196 45.3164
8529 -46.86 -58 -32 -53.1616 -40.5584
8539 -102.71 -697 -36 -232.906 27.4864
8549 -105.52 -948 -35 -256.105 45.0651
8559 -94.51 -753 -35 -220.131 31.1114
8569 -94.17 -591 -31 -199.677 11.3371
8579 -110.69 -822 -35 -260.075 38.6946
8589 -64.53 -447 -33 -134.394 5.3337
8599 -61.94 -338 -32 -115.689 -8.19068
8609 -46.97 -68 -31 -53.5049 -40.4351
8619 -61.92 -381 -32 -115.841 -7.99863
8629 -56.61 -498 -32 -109.418 -3.8017
8639 -60.17 -446 -35 -119.499 -0.840864
8649 -74.43 -486 -32 -156.787 7.9275
8659 -80.95 -932 -35 -206.645 44.7454
8669 -61.78 -487 -35 -125.092 1.53199
8679 -95.39 -1110 -31 -234.622 43.8424
8689 -115.55 -710 -35 -267.452 36.352
8699 -54.57 -811 -31 -130.87 21.7296
8709 -95.98 -770 -35 -230.428 38.4675
8719 -89.87 -463 -31 -180.714 0.974154
8729 -123.17 -1170 -35 -300.471 54.1308
8739 -141.23 -3736 -35 -579.617 297.157
8749 -89.21 -1716 -31 -273.317 94.8974
8759 -98.17 -756 -35 -225.879 29.539
8769 -57.79 -1222 -28 -174.929 59.3487
8779 -77.19 -477 -35 -160.609 6.22947
8789 -95.22 -2986 -31 -395.296 204.856
8799 -127.85 -1828 -35 -408.08 152.38
8809 -105.45 -630 -35 -228.137 17.237
8819 -103.23 -1841 -35 -295.775 89.3149
8829 -90 -795 -31 -202.208 22.2082
8839 -91.52 -1033 -31 -221.424 38.3838
8849 -133.38 -1604 -31 -371.461 104.701
8859 -85.1 -807 -31 -192.287 22.0868
8869 -85.46 -556 -35 -182.718 11.7977
8879 -79.93 -928 -35 -196.641 36.7806
8889 -100.79 -636 -35 -223.741 22.1609
8899 -47.05 -58 -31 -53.1788 -40.9212
8909 -91.73 -632 -35 -213.303 29.8429
8919 -100.41 -684 -35 -237.259 36.4392
8929 -93.59 -648 -35 -205.968 18.7882
8939 -109.46 -763 -31 -231.747 12.8273
8949 -82.73 -716 -35 -178.585 13.1251
8959 -109 -2239 -32 -350.474 132.474
8969 -94.84 -582 -36 -194.102 4.42184
8979 -71.31 -686 -35 -160.89 18.2697
8989 -114.69 -2019 -35 -336.776 107.396
8999 -96.16 -644 -35 -197.307 4.98686
9009 -108.6 -1242 -31 -274.628 57.4285
9019 -128.35 -1014 -31 -303.473 46.773
9029 -100.93 -825 -31 -237.273 35.4132
9039 -86.35 -454 -31 -184.458 11.7579
9049 -171.68 -5444 -35 -720.447 377.087
9059 -95.64 -807 -35 -217.005 25.7254
9069 -79.81 -503 -35 -163.551 3.93073
9079 -73.3 -585 -35 -156.79 10.1902
9089 -87.87 -627 -35 -199.593 23.8533
9099 -104.7 -834 -35 -253.652 44.2518
9109 -79.57 -447 -36 -161.521 2.38104
9119 -111.08 -598 -35 -243.09 20.9301
9129 -72.36 -498 -31 -145.214 0.494391
9139 -103.99 -874 -35 -229.676 21.6963
9149 -95.59 -531 -35 -200.029 8.84942
9159 -93.36 -904 -35 -221.052 34.3325
9169 -80.66 -456 -35 -160.998 -0.32163
9179 -87.02 -709 -31 -208.039 33.9988
9189 -88.24 -953 -35 -221.617 45.1375
9199 -99.88 -1177 -35 -262.352 62.5917
9209 -119.07 -1940 -35 -332.91 94.7704
9219 -84.83 -686 -31 -168.631 -1.029
9229 -79.12 -570 -35 -171.476 13.2361
9239 -91.41 -488 -35 -196.761 13.9414
9249 -105.87 -1291 -31 -282.794 71.0538
9259 -111.26 -916 -31 -254.996 32.476
9269 -92.91 -454 -31 -185.671 -0.149314
9279 -94.43 -949 -31 -228.038 39.1775
9289 -113.96 -1142 -36 -289.221 61.3011
9299 -86.76 -491 -35 -178.413 4.8934
9309 -114.01 -1239 -35 -286.807 58.7866
9319 -81.73 -857 -35 -195.585 32.1251
9329 -85.92 -687 -36 -186.906 15.0662
9339 -46.3 -56 -31 -51.556 -41.044
9349 -79.98 -1118 -31 -203.061 43.1008
9359 -100.47 -604 -35 -207.411 6.4708
9369 -104.24 -680 -31 -235.179 26.6986
9379 -111.39 -882 -31 -255.237 32.4572
9389 -89.92 -1432 -35 -255.672 75.8317
9399 -62.75 -330 -35 -115.882 -9.61765
9409 -102.47 -713 -35 -234.089 29.1494
9419 -83.59 -1079 -35 -211.731 44.5513
9429 -110.59 -691 -35 -249.439 28.2594
9439 -118.33 -893 -35 -291.197 54.5369
9449 -87.54 -647 -31 -194.709 19.6286
9459 -101.37 -640 -35 -219.386 16.6455
9469 -91.22 -543 -35 -188.557 6.11695
9479 -84.09 -486 -31 -169.013 0.833049
9489 -110.81 -714 -35 -248.508 26.8884
9499 -109.42 -1468 -35 -292.621 73.7811
9509 -112.09 -617 -35 -242.786 18.606
9519 -94.34 -624 -35 -209.372 20.6916
9529 -103.91 -1297 -35 -278.225 70.4052
9539 -85.16 -823 -35 -200.039 29.7195
9549 -103.01 -793 -35 -223.526 17.5055
9559 -97.63 -529 -35 -205.925 10.6655
9569 -81.54 -558 -35 -168.199 5.11861
9579 -74.82 -375 -35 -141.261 -8.37903
9589 -77.41 -1166 -31 -198.398 43.5784
9599 -119.73 -1143 -35 -273.662 34.2023
9609 -135.33 -2806 -35 -444.125 173.465
9619 -102.36 -1127 -31 -269.16 64.4401
9629 -84.63 -715 -31 -184.319 15.0593
9639 -76.59 -559 -31 -164.103 10.9232
9649 -74.35 -443 -35 -144.595 -4.10463
9659 -93.29 -1127 -31 -238.489 51.9094
9669 -92.94 -749 -35 -206.484 20.6042
9679 -120.65 -3974 -35 -518.793 277.493
9689 -127.12 -916 -35 -294.834 40.5945
9699 -101.81 -1074 -35 -247.472 43.8515
9709 -86.88 -863 -35 -204.133 30.3727
9719 -100.33 -708 -31 -223.178 22.518
9729 -90.55 -475 -35 -185.156 4.05564
9739 -89.84 -548 -35 -190.577 10.8975
9749 -122.39 -2157 -31 -383.679 138.899
9759 -108.77 -1820 -31 -308.436 90.8964
9769 -100.46 -586 -35 -219.742 18.8219
9779 -118.04 -1416 -31 -309.318 73.2377
9789 -85.52 -1014 -35 -200.976 29.9365
9799 -88.24 -609 -35 -185.821 9.34089
9809 -112.86 -664 -31 -247.482 21.7615
9819 -112.83 -1211 -33 -279.098 53.438
9829 -107.46 -1067 -31 -263.023 48.1029
9839 -98.03 -697 -35 -218.785 22.7255
9849 -87.2 -1061 -31 -224.899 50.4985
9859 -79.13 -368 -35 -157.279 -0.981347
9869 -90.61 -584 -35 -192.646 11.4259
9879 -110.02 -798 -31 -256.794 36.7537
9889 -127.68 -621 -35 -267.23 11.8697
9899 -100.71 -927 -35 -219.512 18.0916
9909 -94.58 -758 -35 -212.19 23.0303
9919 -102.29 -1221 -35 -259.685 55.1048
9929 -132.01 -906 -35 -301.533 37.5134
9939 -157.85 -2754 -35 -484.471 168.771
9949 -82.3 -480 -31 -157.485 -7.11529
9959 -103.22 -693 -31 -238.444 32.004
9969 -99.39 -512 -35 -202.12 3.34046
9979 -94.31 -494 -34 -195.047 6.4273
9989 -82.59 -612 -31 -185.073 19.8927
9999 -83.86 -454 -35 -171.563 3.84294
