9 -56.97 -300 -31 -94.5665 -19.3735
19 -86.35 -570 -35 -185.63 12.9298
29 -59.52 -474 -31 -114.825 -4.215
39 -73.81 -608 -31 -170.284 22.6639
49 -51.04 -316 -31 -83.8628 -18.2172
59 -147.7 -3192 -31 -502.669 207.269
69 -110.34 -1287 -31 -309.914 89.2339
79 -99.26 -967 -31 -258.43 59.9096
89 -92.73 -2142 -31 -354.185 168.725
99 -61.91 -347 -31 -117.315 -6.5047
109 -215.81 -4537 -31 -881.902 450.282
119 -426.48 -5572 -31 -1365.73 512.774
129 -241.89 -4027 -31 -812.611 328.831
139 -344.89 -6032 -31 -1217.98 528.203
149 -94.65 -882 -31 -237.712 48.4121
159 -120.27 -1727 -31 -353.715 113.175
169 -184.08 -2937 -31 -595.326 227.166
179 -135.75 -2301 -31 -423.382 151.882
189 -135.55 -1728 -31 -406.719 135.619
199 -257.55 -3342 -31 -808.084 292.984
209 -230.07 -2583 -31 -610.993 150.853
219 -167.43 -2578 -31 -538.09 203.23
229 -126.64 -2623 -31 -420.912 167.632
239 -199.53 -3098 -39 -603.811 204.751
249 -185.65 -1984 -33 -457.191 85.8915
259 -193.48 -1833 -35 -497.552 110.592
269 -131.67 -1096 -36 -295.039 31.6993
279 -182.65 -1683 -32 -451.183 85.8834
289 -161.31 -2156 -31 -546.47 223.85
299 -133.92 -2319 -31 -431.913 164.073
309 -196.25 -3679 -31 -710.568 318.068
319 -108.34 -1515 -31 -305.766 89.0858
329 -150.09 -2472 -31 -463.099 162.919
339 -134.92 -1881 -31 -404.436 134.596
349 -101.58 -1156 -31 -260.317 57.1572
359 -123.86 -2093 -31 -357.115 109.395
369 -66.85 -802 -31 -166.118 32.4178
379 -77.41 -503 -31 -166.775 11.9554
389 -119.81 -2436 -31 -410.693 171.073
399 -145.34 -1566 -31 -417.851 127.171
409 -133.17 -1620 -31 -368.229 101.889
419 -113.59 -1074 -31 -310.995 83.815
429 -98.97 -759 -31 -235.854 37.9137
439 -63.27 -395 -31 -123.125 -3.41529
449 -125.05 -3238 -31 -462.212 212.112
459 -86.43 -583 -31 -206.266 33.4064
469 -68.53 -747 -31 -178.787 41.7267
479 -84.27 -659 -31 -178.547 10.0066
489 -120.49 -1300 -31 -312.787 71.8067
499 -94.08 -1260 -31 -264.198 76.0375
509 -95.83 -670 -31 -221.03 29.3698
519 -93.11 -703 -31 -219.209 32.9892
529 -106.5 -583 -31 -227.156 14.1558
539 -82.79 -396 -31 -170.5 4.92015
549 -109.22 -783 -31 -260.795 42.3552
559 -100.49 -766 -31 -252.245 51.2652
569 -87.57 -714 -31 -211.091 35.9506
579 -90.6 -1007 -31 -223.811 42.6108
589 -110.41 -998 -31 -262.771 41.9512
599 -74.42 -672 -31 -179.25 30.4097
609 -107.33 -730 -31 -260.174 45.5139
619 -93.86 -586 -31 -202.779 15.0594
629 -83.6 -654 -36 -178.601 11.4014
639 -111.17 -1102 -36 -262.913 40.573
649 -115.98 -915 -35 -284.013 52.053
659 -91.12 -594 -32 -195.716 13.4761
669 -88.55 -522 -33 -183.435 6.33538
679 -97.2 -582 -36 -214.837 20.4369
689 -105.76 -1074 -31 -275.1 63.5805
699 -111.44 -1001 -31 -267.544 44.6637
709 -87.27 -513 -31 -191.91 17.3704
719 -99.94 -3549 -32 -454.098 254.218
729 -90.04 -710 -36 -223.953 43.8726
739 -143.52 -4362 -36 -625.298 338.258
749 -114.68 -1815 -32 -346.588 117.228
759 -68.84 -519 -36 -151.096 13.4162
769 -139.04 -2226 -32 -406.055 127.975
779 -104.08 -762 -35 -241.843 33.6831
789 -120.15 -1392 -35 -334.682 94.382
799 -118.37 -1429 -35 -309.371 72.6307
809 -124.92 -1643 -34 -361.777 111.937
819 -111.62 -2775 -35 -397.271 174.031
829 -113.36 -1268 -31 -296.921 70.201
839 -143.88 -3927 -36 -550.697 262.937
849 -118.58 -1478 -36 -319.677 82.5166
859 -95.84 -1011 -31 -227.099 35.4186
869 -94 -1285 -35 -247.358 59.358
879 -93.95 -1823 -31 -282.385 94.4851
889 -118.79 -1316 -32 -321.667 84.0875
899 -81.34 -633 -36 -169.707 7.02695
909 -108.05 -771 -36 -235.784 19.6839
919 -80.86 -738 -36 -190.415 28.6954
929 -109.49 -1822 -36 -354.174 135.194
939 -91.8 -1209 -32 -228.07 44.4698
949 -118.97 -1382 -32 -330.531 92.5913
959 -83.61 -1066 -35 -203.79 36.5697
969 -297.03 -5256 -31 -1055.86 461.805
979 -289.44 -9021 -31 -818.512 239.632
989 -200.34 -3576 -31 -645.096 244.416
999 -86.3 -574 -31 -181.346 8.74642
1009 -121.32 -2777 -31 -438.647 196.007
1019 -81.35 -669 -31 -179.09 16.3904
1029 -82.27 -688 -31 -190.248 25.7076
1039 -118.12 -834 -31 -276.463 40.2227
1049 -89.36 -594 -31 -193.311 14.5907
1059 -73.2 -501 -31 -151.566 5.16551
1069 -96.98 -769 -27 -237.071 43.1114
1079 -108.86 -850 -31 -245.363 27.6429
1089 -73.57 -497 -31 -151.286 4.14565
1099 -102.6 -801 -31 -241.084 35.8842
1109 -118.46 -1262 -31 -300.333 63.4129
1119 -112.39 -3086 -31 -425.682 200.902
1129 -110.07 -647 -31 -240.34 20.2005
1139 -100.81 -512 -31 -214.686 13.0656
1149 -68.88 -553 -31 -141.624 3.86444
1159 -103.99 -812 -31 -251.038 43.058
1169 -104.6 -645 -31 -227.311 18.1108
1179 -93.69 -583 -31 -209.806 22.4264
1189 -92.37 -801 -31 -205.649 20.9094
1199 -98.78 -672 -31 -221.838 24.2776
1209 -106.03 -616 -31 -230.408 18.3478
1219 -85.86 -694 -31 -187.11 15.39
1229 -91.43 -459 -31 -190.413 7.55329
1239 -105.92 -1160 -36 -255.413 43.5732
1249 -119.19 -838 -31 -285.508 47.128
1259 -115.23 -1067 -31 -278.201 47.7407
1269 -103.32 -855 -31 -254.978 48.3384
1279 -102.06 -868 -31 -248.591 44.4709
1289 -65.95 -629 -31 -141.908 10.0076
1299 -81.01 -635 -31 -189.957 27.9374
1309 -89.79 -568 -31 -208.904 29.3239
1319 -99.44 -1838 -31 -309.797 110.917
1329 -80.35 -762 -31 -193.883 33.1825
1339 -89.18 -571 -31 -189.467 11.1071
1349 -99.22 -1125 -31 -248.028 49.5881
1359 -115.73 -973 -31 -274.324 42.8636
1369 -82.98 -669 -31 -181.216 15.2557
1379 -103.62 -1015 -31 -263.859 56.6188
1389 -82.53 -661 -31 -184.734 19.6741
1399 -121.99 -1160 -35 -302.317 58.3368
1409 -76.45 -725 -36 -166.323 13.4231
1419 -99.63 -782 -36 -235.908 36.648
1429 -76.4 -674 -36 -178.251 25.4511
1439 -102.67 -859 -34 -241.992 36.6517
1449 -166.69 -2061 -31 -460.19 126.81
1459 -141.79 -1406 -31 -367.765 84.1852
1469 -67.93 -663 -31 -152.293 16.4327
1479 -84.15 -650 -31 -190.052 21.7523
1489 -114.88 -2630 -31 -384.423 154.663
1499 -159.07 -1801 -31 -446.954 128.814
1509 -132.59 -1917 -31 -392.537 127.357
1519 -119.21 -1356 -31 -342.199 103.779
1529 -171.05 -1961 -31 -479.527 137.427
1539 -98.43 -1176 -31 -249.582 52.7217
1549 -157.76 -2551 -31 -512.612 197.092
1559 -158.92 -2921 -31 -499.113 181.273
1569 -174.34 -5071 -31 -702.439 353.759
1579 -140.21 -1516 -31 -359.169 78.7489
1589 -234.52 -3241 -31 -753.486 284.446
1599 -218.73 -3876 -31 -810.175 372.715
1609 -203.72 -2401 -31 -626.101 218.661
1619 -82.65 -852 -31 -203.562 38.2618
1629 -121.48 -1055 -31 -290.193 47.2325
1639 -100.82 -928 -31 -242.641 41.0013
1649 -90.78 -887 -31 -210.701 29.1405
1659 -93 -552 -31 -201.874 15.8743
1669 -97.1 -885 -31 -227.413 33.2128
1679 -79.08 -967 -31 -193.38 35.2197
1689 -92.29 -870 -31 -230.725 46.1449
1699 -97.49 -712 -36 -222.094 27.1139
1709 -84.21 -650 -35 -185.016 16.5956
1719 -106.02 -940 -36 -264.663 52.623
1729 -86.09 -689 -31 -199.664 27.4844
1739 -134.59 -4561 -36 -598.051 328.871
1749 -84.85 -745 -36 -195.597 25.897
1759 -103.31 -883 -32 -234.678 28.0582
1769 -92.4 -552 -36 -194.89 10.0905
1779 -95.15 -680 -36 -222.37 32.0698
1789 -91.3 -625 -36 -205.677 23.0769
1799 -92.75 -1095 -36 -222.689 37.1894
1809 -101.99 -595 -31 -217.533 13.5526
1819 -98.1 -679 -32 -230.319 34.1186
1829 -109.34 -1646 -32 -306.801 88.1206
1839 -88.2 -621 -32 -204.578 28.1784
1849 -128.76 -1282 -32 -339.802 82.2816
1859 -95.68 -800 -32 -229.058 37.6983
1869 -113.13 -635 -32 -252.909 26.6489
1879 -107.39 -710 -32 -247.569 32.789
1889 -93.62 -765 -32 -230.391 43.1512
1899 -91.89 -853 -31 -224.027 40.2474
1909 -88.87 -913 -32 -216.045 38.3049
1919 -86.37 -964 -32 -219.618 46.8781
1929 -88.45 -856 -32 -214.107 37.207
1939 -99.74 -842 -31 -219.379 19.8991
1949 -80.93 -432 -32 -160.043 -1.81746
1959 -83.21 -590 -32 -180.791 14.3712
1969 -76.13 -447 -32 -162.507 10.2471
1979 -86.15 -948 -32 -214.501 42.2006
1989 -173.68 -6963 -32 -871.623 524.263
1999 -94.84 -879 -32 -231.289 41.6093
2009 -85.64 -1194 -31 -228.424 57.1441
2019 -98.91 -1956 -32 -307.846 110.026
2029 -79.65 -655 -31 -170.544 11.2442
2039 -77.62 -657 -32 -178.258 23.0184
2049 -89.39 -722 -32 -214.301 35.5214
2059 -81.99 -586 -32 -181.588 17.6081
2069 -121.49 -2251 -32 -362.006 119.026
2079 -86.9 -624 -32 -188.208 14.4078
2089 -86.23 -785 -32 -207.568 35.1081
2099 -84.33 -882 -31 -202.347 33.6869
2109 -130.42 -1841 -32 -369.883 109.043
2119 -85.66 -609 -32 -182.366 11.0462
2129 -103.61 -1991 -32 -321.884 114.664
2139 -94.51 -758 -31 -215.201 26.1808
2149 -83.59 -552 -32 -193.758 26.5783
2159 -91.51 -798 -32 -213.208 30.1878
2169 -99.5 -1131 -32 -246.678 47.6777
2179 -95.02 -778 -32 -229.029 38.9888
2189 -103.77 -676 -32 -227.44 19.9003
2199 -151.06 -6696 -32 -815.442 513.322
2209 -81.13 -764 -32 -191.191 28.9312
2219 -88.51 -635 -32 -203.028 26.0082
2229 -99.23 -771 -32 -227.324 28.864
2239 -122.21 -1142 -31 -312.485 68.0653
2249 -81.66 -626 -32 -187.942 24.6219
2259 -78.41 -457 -31 -157.347 0.527209
2269 -86.25 -499 -32 -181.095 8.59502
2279 -85.48 -570 -32 -185.837 14.8769
2289 -123.44 -1356 -32 -321.687 74.8075
2299 -85.48 -739 -31 -169.188 -1.77202
2309 -128.88 -1881 -31 -357.863 100.103
2319 -80.69 -522 -32 -174.298 12.9177
2329 -98.67 -1013 -31 -236.591 39.2514
2339 -88.22 -612 -32 -197.549 21.1089
2349 -105.95 -1209 -32 -271.589 59.6894
2359 -154.05 -5816 -32 -738.985 430.885
2369 -86.58 -1017 -32 -233.447 60.2872
2379 -72.47 -517 -32 -155.967 11.027
2389 -74.28 -462 -31 -145.706 -2.8542
2399 -77.99 -956 -32 -202.466 46.4855
2409 -94.76 -717 -36 -218.459 28.9386
2419 -80.26 -710 -32 -186.553 26.0328
2429 -78.66 -549 -32 -178.604 21.2843
2439 -135 -2269 -32 -401.049 131.049
2449 -70.05 -504 -36 -151.94 11.8401
2459 -83.97 -382 -33 -168.318 0.378389
2469 -80.31 -568 -36 -176.471 15.8507
2479 -95.53 -526 -31 -209.817 18.7574
2489 -116.08 -2149 -36 -346.146 113.986
2499 -95.38 -822 -31 -219.447 28.6867
2509 -81.31 -582 -33 -181.677 19.0573
2519 -87.59 -1289 -36 -260.361 85.181
2529 -91.3 -809 -32 -222.06 39.46
2539 -129.55 -1586 -36 -359.334 100.234
2549 -68.69 -602 -36 -147.002 9.62212
2559 -94.1 -490 -36 -188.708 0.508213
2569 -98.35 -1144 -33 -238.46 41.7601
2579 -89.86 -705 -32 -211.558 31.8381
2589 -96.15 -595 -36 -201.658 9.35795
2599 -95.32 -845 -36 -225.98 35.3403
2609 -104.81 -1019 -31 -251.877 42.2569
2619 -93.74 -726 -36 -215.632 28.1522
2629 -130.89 -3696 -36 -249.149 -12.6307
2639 -86.29 -575 -35 -187.143 14.5631
2649 -72.13 -520 -36 -158.797 14.5372
2659 -75.15 -717 -36 -172.311 22.011
2669 -80.08 -1103 -31 -201.013 40.8531
2679 -90.42 -760 -35 -216.719 35.8793
2689 -85.42 -933 -36 -207.34 36.5004
2699 -94.25 -791 -36 -234.906 46.4059
2709 -102.75 -1027 -36 -273.787 68.287
2719 -94.67 -622 -36 -205.115 15.7753
2729 -76.56 -1060 -35 -195.089 41.9694
2739 -128.48 -2281 -31 -378.856 121.896
2749 -101.24 -716 -36 -234.81 32.3302
2759 -104.47 -628 -35 -222.127 13.1874
2769 -87.62 -580 -36 -196.48 21.24
2779 -92.88 -744 -36 -203.272 17.5117
2789 -97.75 -833 -36 -226.398 30.8983
2799 -114.21 -787 -36 -263.018 34.5976
2809 -90.17 -760 -36 -209.357 29.0167
2819 -108.65 -605 -36 -233.129 15.8291
2829 -97.71 -1273 -35 -256.753 61.3329
2839 -88.4 -1486 -36 -251.179 74.3786
2849 -73.98 -778 -34 -172.819 24.8595
2859 -100.61 -1085 -36 -268.084 66.8639
2869 -103.38 -2076 -36 -323.592 116.832
2879 -103.14 -606 -36 -225.826 19.5461
2889 -106.85 -683 -36 -241.757 28.0575
2899 -88.22 -848 -36 -203.867 27.4268
2909 -85.02 -489 -36 -183.568 13.5277
2919 -85.03 -1541 -32 -257.343 87.2827
2929 -79.38 -667 -36 -176.809 18.0487
2939 -77.63 -745 -31 -195.117 39.8569
2949 -78.06 -576 -36 -165.346 9.2264
2959 -90.03 -556 -36 -192.301 12.2405
2969 -85.75 -650 -36 -200.543 29.0426
2979 -90.21 -1141 -36 -232.817 52.3972
2989 -93.42 -912 -36 -225.584 38.7435
2999 -121.81 -923 -33 -277.074 33.454
3009 -72.66 -632 -35 -159.269 13.9488
3019 -97.97 -783 -36 -217.854 21.9144
3029 -87.13 -503 -36 -177.833 3.57321
3039 -105.85 -1225 -32 -287.707 76.0071
3049 -125.48 -2026 -36 -373.906 122.946
3059 -81.65 -563 -36 -186.773 23.4729
3069 -81.76 -651 -36 -183.703 20.1829
3079 -89.44 -695 -31 -199.684 20.8044
3089 -118.87 -615 -36 -242.064 4.32395
3099 -95.25 -778 -36 -228.093 37.5929
3109 -96.32 -861 -35 -229.075 36.4349
3119 -96.24 -726 -36 -218.579 26.0994
3129 -99.25 -647 -31 -229.242 30.7422
3139 -95.63 -754 -36 -230.694 39.4344
3149 -72.05 -309 -36 -137.645 -6.45488
3159 -98.52 -1238 -32 -257.595 60.5551
3169 -80.92 -536 -36 -181.176 19.3356
3179 -115.53 -824 -36 -268.07 37.0101
3189 -74.43 -652 -36 -175.778 26.9181
3199 -81.28 -488 -32 -170.684 8.12433
3209 -95.52 -849 -31 -220.26 29.2199
3219 -109.28 -933 -36 -260.853 42.2931
3229 -161.81 -6051 -36 -768.794 445.174
3239 -90.27 -732 -34 -206.522 25.9816
3249 -104.9 -692 -36 -239.876 30.0764
3259 -88.28 -822 -36 -206.567 30.007
3269 -125.44 -774 -35 -282.682 31.8025
3279 -82.85 -908 -33 -202.455 36.7548
3289 -109.48 -937 -36 -244.608 25.6482
3299 -77.83 -648 -36 -167.44 11.7796
3309 -118.37 -832 -36 -277.959 41.2193
3319 -108.46 -850 -36 -263.793 46.8727
3329 -135.83 -5386 -36 -671.954 400.294
3339 -114.9 -1785 -36 -322.411 92.6107
3349 -89.27 -562 -31 -200.494 21.9541
3359 -89.59 -633 -36 -192.771 13.5912
3369 -87.11 -831 -36 -210.814 36.5943
3379 -93.73 -1170 -35 -235.675 48.2151
3389 -89.06 -635 -36 -192.737 14.6171
3399 -103.85 -611 -36 -224.354 16.6541
3409 -103.34 -854 -36 -251.161 44.4806
3419 -101.98 -809 -36 -232.705 28.7446
3429 -85.45 -534 -36 -196.013 25.1134
3439 -109.98 -937 -31 -266.912 46.9516
3449 -90.95 -565 -31 -203.592 21.6921
3459 -101.1 -746 -31 -239.534 37.3341
3469 -100.83 -1194 -31 -259.942 58.2818
3479 -81.01 -542 -31 -175.273 13.2531
3489 -131.7 -1218 -31 -344.552 81.1524
3499 -103.7 -1126 -36 -261.142 53.7425
3509 -71.97 -366 -31 -145.034 1.09443
3519 -82.52 -492 -31 -172.905 7.86503
3529 -135.36 -2827 -31 -454.087 183.367
3539 -87.05 -593 -31 -194.028 19.9279
3549 -90.19 -1010 -31 -227.871 47.491
3559 -78.15 -816 -31 -175.714 19.4143
3569 -120.07 -3126 -31 -435.587 195.447
3579 -76.64 -789 -31 -187.761 34.4813
3589 -106.78 -985 -31 -247.431 33.8707
3599 -81.75 -748 -36 -195.693 32.1927
3609 -98.37 -730 -36 -220.248 23.5083
3619 -89.92 -535 -31 -202.528 22.6877
3629 -82.83 -480 -36 -174.763 9.10318
3639 -83.24 -633 -36 -176.777 10.2973
3649 -86.12 -702 -35 -191.848 19.6085
3659 -122.93 -2926 -36 -431.045 185.185
3669 -126.54 -3491 -31 -493.263 240.183
3679 -118.88 -1266 -32 -294.732 56.972
3689 -83.09 -653 -33 -178.235 12.0554
3699 -108.95 -858 -34 -250.924 33.0235
3709 -107.56 -2096 -27 -338.92 123.8
3719 -77.68 -663 -31 -180.076 24.7157
3729 -77.17 -758 -31 -184.898 30.5576
3739 -79.12 -526 -31 -178.426 20.1857
3749 -83.41 -479 -31 -188.24 21.4201
3759 -108.71 -1364 -36 -279.164 61.7444
3769 -112.83 -1211 -31 -283.181 57.5206
3779 -90.44 -594 -31 -208.959 28.0787
3789 -126.09 -1926 -31 -371.37 119.19
3799 -104.79 -1336 -31 -285.445 75.8647
3809 -97.53 -1120 -31 -237.065 42.0048
3819 -104.11 -911 -31 -243.275 35.055
3829 -101.02 -1162 -31 -251.663 49.6233
3839 -89.56 -845 -31 -223.856 44.7363
3849 -118.34 -746 -31 -266.343 29.6633
3859 -90.95 -642 -31 -205.385 23.4849
3869 -92.62 -761 -31 -225.496 40.256
3879 -91.64 -708 -31 -193.987 10.7072
3889 -71.04 -781 -31 -165.508 23.4276
3899 -133.77 -3441 -31 -500.086 232.546
3909 -105.63 -738 -31 -225.351 14.0908
3919 -93.36 -1306 -31 -243.469 56.749
3929 -111.55 -1102 -31 -292.828 69.7284
3939 -128.28 -2216 -31 -381.515 124.955
3949 -91.93 -729 -32 -219.576 35.7163
3959 -88.68 -590 -36 -198.515 21.1553
3969 -74.4 -573 -32 -164.267 15.4669
3979 -121.55 -1699 -36 -337.009 93.9091
3989 -79.35 -714 -36 -177.351 18.651
3999 -104.05 -875 -36 -248.466 40.3656
4009 -87 -568 -36 -194.926 20.926
4019 -87.98 -811 -27 -210.625 34.6651
4029 -68.33 -896 -31 -171.073 34.4134
4039 -93.08 -825 -36 -211.48 25.3195
4049 -86.62 -527 -36 -187.431 14.1906
4059 -82.64 -615 -36 -183.592 18.3122
4069 -82.03 -698 -36 -190.947 26.8871
4079 -115.57 -2966 -32 -426.908 195.768
4089 -89.17 -602 -31 -192.895 14.5547
4099 -96.75 -1461 -36 -274.788 81.2885
4109 -80.26 -464 -36 -162.489 1.96928
4119 -120.78 -1431 -31 -343.205 101.645
4129 -88.88 -897 -32 -208.481 30.7209
4139 -90.18 -871 -36 -223.094 42.7337
4149 -138.66 -6526 -31 -784.597 507.277
4159 -71.51 -439 -33 -142.065 -0.955328
4169 -154.82 -6521 -36 -802.387 492.747
4179 -91.48 -689 -36 -202.752 19.792
4189 -79.29 -853 -31 -193.842 35.2623
4199 -110.24 -771 -36 -257.377 36.8968
4209 -63.03 -327 -31 -126.587 0.526502
4219 -80.44 -728 -31 -199.079 38.1995
4229 -97.37 -515 -31 -208.177 13.4373
4239 -63.85 -523 -31 -132.389 4.68938
4249 -90.25 -605 -31 -195.127 14.6265
4259 -84.64 -509 -31 -177.112 7.83155
4269 -83.53 -629 -31 -172.739 5.67903
4279 -93.93 -527 -31 -200.598 12.7381
4289 -88.19 -936 -31 -214.126 37.7457
4299 -107.82 -563 -31 -233.58 17.94
4309 -110.24 -930 -31 -261.807 41.3273
4319 -104.21 -768 -31 -236.285 27.8651
4329 -103.05 -860 -31 -243.718 37.6176
4339 -123.74 -2296 -31 -396.231 148.751
4349 -94.4 -664 -31 -210.369 21.569
4359 -111.83 -992 -31 -276.465 52.8046
4369 -82.78 -655 -31 -183.867 18.3066
4379 -95.83 -577 -31 -198.548 6.88763
4389 -88.9 -666 -31 -203.885 26.0847
4399 -113.02 -1689 -31 -324.18 98.1395
4409 -82.47 -496 -31 -172.975 8.03496
4419 -76.46 -496 -31 -166.56 13.6402
4429 -72.03 -744 -31 -177.31 33.2501
4439 -113.66 -1399 -31 -304.928 77.6082
4449 -56.69 -414 -31 -113.342 -0.037629
4459 -68.62 -714 -31 -167.072 29.8323
4469 -74.54 -780 -31 -171.127 22.0474
4479 -86.71 -719 -31 -207.816 34.396
4489 -81.23 -890 -31 -200.154 37.6937
4499 -90.97 -741 -31 -211.197 29.2571
4509 -103.48 -816 -31 -260.307 53.3465
4519 -105.81 -930 -31 -247.066 35.4455
4529 -110.49 -647 -31 -235.013 14.0328
4539 -99.96 -1836 -31 -296.945 97.0254
4549 -87.41 -461 -31 -186.048 11.2277
4559 -128.84 -3776 -31 -514.827 257.147
4569 -114.53 -3046 -27 -430.202 201.142
4579 -102.15 -844 -27 -243.595 39.2949
4589 -87.23 -673 -31 -188.747 14.2871
4599 -88.56 -770 -31 -205.443 28.323
4609 -63.85 -373 -31 -120.843 -6.85723
4619 -111.37 -4696 -31 -581.284 358.544
4629 -95.16 -1032 -31 -241.004 50.6844
4639 -98.35 -643 -31 -217.149 20.4491
4649 -86.37 -931 -31 -209.528 36.7878
4659 -166.34 -5549 -31 -723.657 390.977
4669 -53.8 -332 -31 -96.3364 -11.2636
4679 -63.29 -683 -31 -144.416 17.836
4689 -57.95 -471 -31 -113.702 -2.19789
4699 -61.36 -425 -31 -132.075 9.355
4709 -48.93 -168 -31 -72.207 -25.653
4719 -65.35 -675 -31 -153.181 22.4814
4729 -55.33 -475 -31 -108.689 -1.97137
4739 -67.14 -802 -31 -165.59 31.3095
4749 -60.01 -420 -31 -116.473 -3.5472
4759 -57.81 -627 -31 -126.613 10.9927
4769 -68.31 -441 -31 -144.746 8.12626
4779 -68.62 -1067 -31 -208.559 71.3187
4789 -71.73 -907 -31 -177.514 34.054
4799 -52.37 -433 -31 -95.2164 -9.52359
4809 -49.8 -169 -31 -71.9539 -27.6461
4819 -65.66 -626 -31 -154.601 23.2814
4829 -52.55 -289 -31 -87.678 -17.422
4839 -71.94 -575 -31 -159.708 15.8279
4849 -61.27 -508 -31 -130.729 8.18875
4859 -66.52 -824 -31 -171.013 37.9732
4869 -52.8 -344 -31 -100.565 -5.03487
4879 -58.63 -624 -31 -129.382 12.1215
4889 -53.68 -211 -31 -82.9415 -24.4185
4899 -65.4 -390 -31 -127.933 -2.86657
4909 -51.23 -226 -31 -80.9793 -21.4807
4919 -55.97 -705 -31 -130.946 19.0055
4929 -43.49 -55 -31 -49.5552 -37.4248
4939 -56.84 -1296 -31 -181.499 67.8188
4949 -55.52 -664 -31 -125.507 14.4667
4959 -56.58 -336 -31 -107.725 -5.43543
4969 -62.55 -611 -31 -139.388 14.288
4979 -43.96 -66 -31 -50.6067 -37.3133
4989 -51.49 -831 -31 -130.061 27.0813
4999 -44.66 -55 -31 -50.8681 -38.4519
5009 -65.22 -644 -31 -152.665 22.2247
5019 -54.46 -1166 -31 -166.326 57.4058
5029 -75.83 -759 -31 -184.639 32.9794
5039 -44.75 -61 -31 -50.4825 -39.0175
5049 -66.73 -558 -27 -153.024 19.5639
5059 -44.14 -55 -31 -51.1295 -37.1505
5069 -53.55 -893 -31 -138.097 30.997
5079 -44.78 -60 -31 -50.8403 -38.7197
5089 -44.25 -61 -31 -49.9886 -38.5114
5099 -62.93 -1250 -31 -184.74 58.8803
5109 -54 -287 -31 -99.6645 -8.33546
5119 -57.59 -606 -31 -126.714 11.5342
5129 -63.62 -628 -31 -140.633 13.3928
5139 -52.81 -469 -31 -105.904 0.28428
5149 -66.11 -455 -31 -134.326 2.10611
5159 -79.53 -702 -31 -178.474 19.4136
5169 -43.5 -55 -31 -49.2955 -37.7045
5179 -44.1 -55 -31 -50.503 -37.697
5189 -43.68 -55 -31 -48.6837 -38.6763
5199 -118.1 -5241 -31 -644.821 408.621
5209 -51.63 -753 -36 -122.295 19.0345
5219 -50.37 -633 -35 -109.096 8.35621
5229 -43.31 -59 -35 -48.2275 -38.3925
5239 -307.85 -4114 -36 -911.339 295.639
5249 -168.52 -2512 -36 -513.962 176.922
5259 -148.73 -1180 -35 -426.096 128.636
5269 -44.67 -62 -36 -52.7194 -36.6206
5279 -45.08 -62 -36 -52.9596 -37.2004
5289 -44.16 -63 -36 -52.2626 -36.0574
5299 -45.86 -67 -36 -54.9561 -36.7639
5309 -44.39 -62 -36 -51.9145 -36.8655
5319 -72.13 -2838 -31 -350.181 205.921
5329 -45.18 -62 -36 -53.4261 -36.9339
5339 -43.69 -62 -31 -51.4094 -35.9706
5349 -44.71 -62 -36 -52.7137 -36.7063
5359 -44.35 -62 -36 -52.2286 -36.4714
5369 -44.66 -72 -35 -52.5224 -36.7976
5379 -45.32 -62 -36 -53.7169 -36.9231
5389 -43.74 -62 -32 -51.7709 -35.7091
5399 -44.94 -62 -36 -52.8144 -37.0656
5409 -226.54 -2397 -31 -714.074 260.994
5419 -45.11 -62 -36 -53.3555 -36.8645
5429 -45.72 -63 -36 -53.9951 -37.4449
5439 -43.64 -62 -36 -50.9495 -36.3305
5449 -96 -5123 -36 -601.301 409.301
5459 -47.25 -284 -36 -72.3541 -22.1459
5469 -44.18 -62 -31 -50.916 -37.444
5479 -231.6 -2881 -31 -717.219 254.019
5489 -44.24 -62 -36 -51.9826 -36.4974
5499 -44.35 -62 -36 -51.9836 -36.7164
5509 -42.82 -62 -31 -50.7384 -34.9016
5519 -136.02 -3292 -31 -495.819 223.779
5529 -180.38 -4518 -31 -711.931 351.171
5539 -69.47 -548 -36 -160.377 21.4374
5549 -94.75 -4911 -31 -578.837 389.337
5559 -43.35 -64 -31 -51.5457 -35.1543
5569 -60.56 -781 -34 -144.48 23.3597
5579 -46.71 -62 -36 -54.139 -39.281
5589 -66.53 -1993 -36 -260.274 127.214
5599 -45.94 -62 -36 -54.2471 -37.6329
5609 -74.9 -1644 -36 -245.931 96.1313
5619 -45.49 -62 -36 -54.0871 -36.8929
5629 -44.21 -62 -36 -52.6666 -35.7534
5639 -72.96 -801 -37 -164.159 18.2388
5649 -56.68 -499 -37 -105.639 -7.72111
5659 -78.32 -1627 -37 -246.196 89.5559
5669 -79.37 -1680 -37 -256.125 97.3851
5679 -58.21 -502 -36 -108.591 -7.82938
5689 -57.65 -623 -36 -124.638 9.33801
5699 -71.04 -811 -37 -161.258 19.1775
5709 -82.58 -3137 -37 -391.926 226.766
5719 -78.84 -3029 -37 -375.441 217.761
5729 -59.39 -360 -37 -107.525 -11.2553
5739 -47.8 -67 -37 -56.6564 -38.9436
5749 -48.79 -68 -37 -58.9057 -38.6743
5759 -81.76 -3394 -37 -414.753 251.233
5769 -48.47 -67 -35 -57.4594 -39.4806
5779 -52.92 -514 -37 -100.062 -5.77811
5789 -45.8 -67 -37 -54.083 -37.517
5799 -51.45 -360 -37 -83.674 -19.226
5809 -48.59 -67 -37 -57.7275 -39.4525
5819 -46.55 -77 -36 -55.5007 -37.5993
5829 -46.98 -72 -37 -54.722 -39.238
5839 -47.95 -102 -37 -58.0044 -37.8956
5849 -48.42 -67 -37 -57.4293 -39.4107
5859 -66.22 -1803 -37 -240.976 108.536
5869 -48.6 -67 -32 -58.4192 -38.7808
5879 -48.62 -68 -37 -57.6984 -39.5416
5889 -46.11 -67 -37 -54.0136 -38.2064
5899 -87.01 -3974 -37 -477.756 303.736
5909 -48.21 -73 -37 -57.5029 -38.9171
5919 -47.3 -69 -37 -55.7549 -38.8451
5929 -48.55 -68 -37 -58.2011 -38.8989
5939 -48.7 -67 -37 -57.7962 -39.6038
5949 -48.7 -67 -37 -57.7603 -39.6397
5959 -48.72 -67 -37 -57.9139 -39.5261
5969 -57.22 -1053 -36 -157.709 43.2686
5979 -73.89 -2664 -36 -334.326 186.546
5989 -48.35 -67 -37 -56.9964 -39.7036
5999 -73.63 -2529 -37 -320.598 173.338
6009 -46.99 -67 -36 -55.2925 -38.6875
6019 -52.25 -542 -37 -102.164 -2.33606
6029 -51.04 -377 -37 -84.756 -17.324
6039 -51.91 -447 -37 -92.5272 -11.2928
6049 -61.74 -1447 -37 -201.22 77.7397
6059 -48.87 -67 -37 -57.9305 -39.8095
6069 -48.63 -72 -37 -57.8397 -39.4203
6079 -54.28 -770 -37 -126.739 18.1787
6089 -48.13 -67 -36 -56.9663 -39.2937
6099 -48.98 -72 -31 -58.2054 -39.7546
6109 -49.12 -67 -37 -57.6911 -40.5489
6119 -60.03 -1152 -32 -170.163 50.103
6129 -50.7 -294 -37 -76.3714 -25.0286
6139 -47.82 -67 -37 -56.092 -39.548
6149 -70.53 -588 -36 -150.232 9.1723
6159 -48.71 -67 -36 -56.8613 -40.5587
6169 -48.77 -67 -35 -56.6585 -40.8815
6179 -48.29 -197 -37 -65.2983 -31.2817
6189 -91.9 -644 -37 -210.637 26.8374
6199 -48.79 -97 -36 -58.7858 -38.7942
6209 -47.39 -67 -37 -55.6854 -39.0946
6219 -47.23 -67 -37 -55.3667 -39.0933
6229 -49.46 -67 -37 -58.3017 -40.6183
6239 -46.38 -67 -37 -54.9875 -37.7725
6249 -66.98 -1947 -27 -256.162 122.202
6259 -55.54 -894 -36 -140.252 29.1723
6269 -48.36 -67 -37 -57.731 -38.989
6279 -53.01 -352 -37 -84.3886 -21.6314
6289 -51.94 -270 -36 -82.9158 -20.9642
6299 -59.9 -1083 -37 -163.154 43.3538
6309 -61.82 -1008 -37 -160.327 36.6874
6319 -50.17 -69 -37 -59.7936 -40.5464
6329 -49.12 -73 -37 -58.8672 -39.3728
6339 -65.7 -1832 -37 -243.441 112.041
6349 -54.21 -742 -37 -123.815 15.3953
6359 -47.41 -73 -37 -56.0517 -38.7683
6369 -48.95 -77 -37 -57.7168 -40.1832
6379 -50.81 -360 -37 -83.1448 -18.4752
6389 -46.74 -67 -37 -55.5169 -37.9631
6399 -48.97 -67 -37 -58.4619 -39.4781
6409 -49.95 -180 -37 -65.9879 -33.9121
6419 -48.93 -67 -37 -58.5705 -39.2895
6429 -73.24 -1622 -37 -234.759 88.2794
6439 -67.44 -435 -37 -133.825 -1.0549
6449 -149.3 -5432 -31 -699.426 400.826
6459 -46.91 -141 -31 -59.6621 -34.1579
6469 -80.41 -615 -36 -188.17 27.3499
6479 -47.91 -67 -37 -56.6897 -39.1303
6489 -89.92 -687 -35 -205.255 25.4145
6499 -46.6 -72 -37 -55.5027 -37.6973
6509 -45.75 -67 -37 -54.2883 -37.2117
6519 -45.96 -67 -37 -53.1532 -38.7668
6529 -64.16 -572 -37 -136.66 8.33982
6539 -77.22 -439 -37 -158.805 4.36485
6549 -47.08 -68 -35 -56.3277 -37.8323
6559 -74.52 -2684 -37 -336.883 187.843
6569 -88.67 -4142 -37 -496.13 318.79
6579 -48.15 -67 -37 -56.8151 -39.4849
6589 -46.93 -67 -37 -55.6618 -38.1982
6599 -49.07 -67 -37 -58.4555 -39.6845
6609 -48.19 -67 -37 -56.9692 -39.4108
6619 -49.23 -67 -37 -58.5692 -39.8908
6629 -88.87 -850 -37 -204.174 26.4336
6639 -44.17 -63 -36 -52.0016 -36.3384
6649 -45.38 -63 -36 -53.3435 -37.4165
6659 -46.21 -63 -36 -53.4936 -38.9264
6669 -45.25 -77 -36 -53.1225 -37.3775
6679 -47.5 -64 -36 -55.9728 -39.0272
6689 -45.59 -63 -36 -53.7588 -37.4212
6699 -47.54 -68 -31 -56.4775 -38.6025
6709 -48.03 -72 -36 -58.909 -37.151
6719 -48.4 -68 -36 -58.2244 -38.5756
6729 -46.65 -72 -32 -56.8593 -36.4407
6739 -47.03 -67 -36 -55.8517 -38.2083
6749 -56.41 -1053 -36 -156.925 44.1046
6759 -46.78 -69 -33 -55.7859 -37.7741
6769 -47.63 -68 -37 -56.7421 -38.5179
6779 -58.79 -1123 -36 -166.19 48.6098
6789 -48.47 -73 -36 -59.4759 -37.4641
6799 -47.17 -67 -35 -56.7995 -37.5405
6809 -47.17 -68 -37 -56.5477 -37.7923
6819 -46.37 -67 -32 -55.0823 -37.6577
6829 -47.32 -67 -36 -55.7169 -38.9231
6839 -64.05 -1608 -36 -219.512 91.4122
6849 -49.3 -67 -37 -58.6204 -39.9796
6859 -50.41 -333 -37 -80.049 -20.771
6869 -47.47 -67 -36 -57.2698 -37.6702
6879 -63.86 -1693 -36 -227.897 100.177
6889 -61.07 -1673 -36 -223.35 101.21
6899 -47.41 -122 -36 -60.0163 -34.8037
6909 -45.52 -69 -36 -53.4922 -37.5478
6919 -49 -134 -36 -61.99 -36.01
6929 -48.1 -67 -36 -58.2095 -37.9905
6939 -62.99 -1178 -36 -182.786 56.8056
6949 -47.28 -67 -36 -56.5068 -38.0532
6959 -66.36 -1845 -36 -245.324 112.604
6969 -46.71 -72 -35 -56.9829 -36.4371
6979 -44.85 -63 -36 -53.1132 -36.5868
6989 -43.1 -63 -36 -50.1525 -36.0475
6999 -69.67 -2503 -36 -314.346 175.006
7009 -47.2 -67 -36 -56.8692 -37.5308
7019 -45.36 -67 -31 -54.4866 -36.2334
7029 -47.59 -68 -36 -57.3673 -37.8127
7039 -48.04 -73 -36 -58.8335 -37.2465
7049 -46.94 -67 -36 -57.2258 -36.6542
7059 -50.56 -494 -36 -95.8567 -5.26331
7069 -46.85 -67 -36 -56.1985 -37.5015
7079 -48.62 -72 -36 -58.7028 -38.5372
7089 -47.8 -72 -37 -56.9463 -38.6537
7099 -46.85 -67 -36 -55.5896 -38.1104
7109 -45.76 -67 -36 -54.3306 -37.1894
7119 -46.76 -67 -27 -56.3856 -37.1344
7129 -46.67 -67 -36 -55.6094 -37.7306
7139 -61.88 -1502 -36 -206.876 83.1162
7149 -47.54 -67 -36 -57.3614 -37.7186
7159 -47.09 -67 -36 -54.9116 -39.2684
7169 -57.5 -992 -36 -151.927 36.9269
7179 -47.14 -67 -36 -56.4497 -37.8303
7189 -44.56 -67 -36 -51.8095 -37.3105
7199 -46.56 -72 -36 -55.1827 -37.9373
7209 -51.07 -430 -36 -90.244 -11.896
7219 -47.54 -67 -36 -56.1564 -38.9236
7229 -45.06 -73 -31 -54.4419 -35.6781
7239 -44.09 -64 -32 -52.9669 -35.2131
7249 -50.4 -503 -31 -96.7616 -4.03837
7259 -120.29 -6450 -36 -766.944 526.364
7269 -43.68 -64 -35 -50.5707 -36.7893
7279 -44.91 -63 -36 -53.4417 -36.3783
7289 -65.72 -2213 -36 -281.656 150.216
7299 -44.47 -63 -35 -52.2306 -36.7094
7309 -44.75 -63 -36 -53.2011 -36.2989
7319 -59.19 -1523 -36 -206.546 88.166
7329 -45.25 -63 -36 -54.0427 -36.4573
7339 -45.81 -63 -32 -54.4322 -37.1878
7349 -46.35 -67 -36 -57.3503 -35.3497
7359 -44.81 -72 -31 -55 -34.62
7369 -64.52 -1977 -36 -256.954 127.914
7379 -53.56 -633 -36 -112.752 5.63188
7389 -45.14 -68 -36 -54.6979 -35.5821
7399 -47.18 -67 -36 -57.3632 -36.9968
7409 -46.4 -67 -36 -55.7945 -37.0055
7419 -47.05 -67 -36 -56.5334 -37.5666
7429 -48.59 -83 -35 -59.5469 -37.6331
7439 -70.09 -2414 -36 -305.806 165.626
7449 -45.93 -67 -36 -55.2268 -36.6332
7459 -44.87 -67 -36 -52.9489 -36.7911
7469 -58.7 -1292 -36 -183.043 65.6434
7479 -46.95 -73 -36 -56.5177 -37.3823
7489 -49.31 -120 -36 -61.7906 -36.8294
7499 -87.78 -4234 -36 -504.55 328.99
7509 -45.38 -67 -35 -53.6775 -37.0825
7519 -44.52 -63 -36 -52.1702 -36.8698
7529 -45.51 -67 -36 -54.5292 -36.4908
7539 -44.71 -73 -36 -53.6252 -35.7948
7549 -66.92 -2188 -36 -280.281 146.441
7559 -45.84 -67 -36 -55.3114 -36.3686
7569 -50.49 -461 -36 -92.9584 -8.02158
7579 -47.86 -72 -36 -57.8908 -37.8292
7589 -58.17 -1258 -36 -179.227 62.8873
7599 -45.86 -67 -36 -55.6482 -36.0718
7609 -46.57 -67 -35 -56.6602 -36.4798
7619 -46.65 -72 -36 -55.7541 -37.5459
7629 -47.14 -67 -36 -56.1254 -38.1546
7639 -47.02 -67 -36 -57.1589 -36.8811
7649 -61.91 -1663 -36 -223.061 99.2408
7659 -46.46 -73 -36 -55.2845 -37.6355
7669 -48.76 -69 -36 -59.1285 -38.3915
7679 -49.2 -67 -36 -59.312 -39.088
7689 -92.5 -4674 -36 -553.024 368.024
7699 -48.53 -185 -36 -65.3758 -31.6842
7709 -47.37 -68 -36 -56.1233 -38.6167
7719 -45.76 -58 -36 -52.557 -38.963
7729 -53.4 -774 -31 -126.195 19.3951
7739 -46.46 -85 -37 -54.5644 -38.3556
7749 -47.45 -62 -36 -54.8641 -40.0359
7759 -60.18 -1377 -37 -192.696 72.3358
7769 -46.95 -67 -36 -54.1981 -39.7019
7779 -56.31 -797 -39 -131.343 18.7225
7789 -112.88 -6544 -39 -759.273 533.513
7799 -61.17 -1288 -36 -184.807 62.4671
7809 -48.38 -67 -36 -57.8654 -38.8946
7819 -48.45 -67 -36 -57.8028 -39.0972
7829 -48.77 -72 -36 -58.2411 -39.2989
7839 -48.71 -68 -39 -56.9187 -40.5013
7849 -47.06 -67 -39 -54.544 -39.576
7859 -63.83 -1658 -39 -224.234 96.574
7869 -46.69 -67 -36 -55.158 -38.222
7879 -48.06 -68 -36 -56.3297 -39.7903
7889 -46.17 -63 -36 -53.7353 -38.6047
7899 -45.69 -63 -36 -52.4388 -38.9412
7909 -49 -67 -36 -56.4337 -41.5663
7919 -47.71 -67 -31 -56.3496 -39.0704
7929 -49.1 -335 -36 -78.9973 -19.2027
7939 -48.78 -67 -36 -58.2154 -39.3446
7949 -137.13 -6301 -36 -811.486 537.226
7959 -45.98 -67 -36 -53.5795 -38.3805
7969 -46.62 -73 -36 -53.5348 -39.7052
7979 -47.05 -63 -37 -53.8775 -40.2225
7989 -73.48 -1371 -36 -258.413 111.453
7999 -49.1 -365 -39 -81.8962 -16.3038
8009 -47.72 -68 -36 -55.7477 -39.6923
8019 -105.6 -5957 -36 -693.698 482.498
8029 -46.45 -62 -37 -53.1472 -39.7528
8039 -46.7 -58 -36 -53.3185 -40.0815
8049 -46.61 -74 -27 -53.331 -39.889
8059 -45.74 -58 -32 -52.5868 -38.8932
8069 -45.51 -62 -36 -52.241 -38.779
8079 -88.14 -1997 -36 -353.143 176.863
8089 -78.23 -3192 -36 -391.215 234.755
8099 -45.89 -68 -36 -52.7894 -38.9906
8109 -45.19 -62 -36 -51.6868 -38.6932
8119 -45.52 -62 -36 -51.8718 -39.1682
8129 -46.15 -62 -36 -52.2832 -40.0168
8139 -45.11 -71 -36 -51.7315 -38.4885
8149 -46.64 -68 -36 -53.9403 -39.3397
8159 -51.68 -513 -36 -98.5872 -4.7728
8169 -45.73 -67 -35 -52.9428 -38.5172
8179 -91.77 -2384 -39 -335.108 151.568
8189 -46.59 -68 -36 -53.6657 -39.5143
8199 -46.53 -58 -39 -53.1909 -39.8691
8209 -59.75 -1350 -37 -189.607 70.1071
8219 -53.05 -586 -36 -107.132 1.0321
8229 -62.9 -435 -39 -128.56 2.76002
8239 -96.59 -3571 -36 -476.405 283.225
8249 -61.02 -1553 -31 -211.141 89.1013
8259 -46.64 -67 -36 -53.853 -39.427
8269 -90.01 -2921 -36 -394.431 214.411
8279 -134.89 -8891 -36 -1014.89 745.108
8289 -46.69 -58 -36 -53.3931 -39.9869
8299 -48.28 -299 -36 -74.2661 -22.2939
8309 -61.26 -1405 -39 -196.462 73.9417
8319 -51.59 -572 -36 -104.331 1.15143
8329 -55.35 -462 -27 -104.553 -6.14745
8339 -56.28 -293 -35 -97.6437 -14.9163
8349 -56.97 -839 -39 -138.341 24.4011
8359 -68.81 -673 -31 -168.856 31.2356
8369 -46.66 -82 -36 -54.4538 -38.8662
8379 -47.16 -62 -36 -53.7227 -40.5973
8389 -63.15 -375 -36 -119.015 -7.28476
8399 -46.62 -62 -27 -53.6085 -39.6315
8409 -58.01 -1261 -36 -179.126 63.1056
8419 -60.68 -405 -39 -114.263 -7.09677
8429 -78.02 -826 -39 -196.701 40.6609
8439 -60.58 -658 -36 -133.752 12.5922
8449 -47.01 -62 -39 -53.448 -40.572
8459 -46.63 -62 -36 -53.4077 -39.8523
8469 -46.71 -58 -36 -53.6275 -39.7925
8479 -46.86 -67 -36 -54.1704 -39.5496
8489 -46.8 -62 -36 -53.2855 -40.3145
8499 -78.34 -2206 -37 -302.54 145.86
8509 -59.68 -735 -36 -136.007 16.6472
8519 -71.47 -1135 -39 -191.516 48.576
8529 -47.1 -58 -36 -53.7053 -40.4947
8539 -45.03 -58 -36 -50.5042 -39.5558
8549 -75.42 -1965 -36 -286.885 136.045
8559 -46.08 -59 -35 -52.3139 -39.8461
8569 -47.37 -68 -39 -54.4557 -40.2843
8579 -45.14 -58 -36 -51.2155 -39.0645
8589 -46.11 -58 -36 -52.9769 -39.2431
8599 -87.44 -4185 -36 -499.297 324.417
8609 -47.12 -58 -31 -53.9996 -40.2404
8619 -63.23 -400 -37 -124.651 -1.80857
8629 -47.17 -58 -36 -54.1534 -40.1866
8639 -46.36 -67 -36 -53.417 -39.303
8649 -46.18 -58 -31 -52.8401 -39.5199
8659 -46.09 -62 -36 -52.8574 -39.3226
8669 -58.63 -1301 -36 -183.672 66.412
8679 -56.85 -693 -39 -124.388 10.6884
8689 -45.6 -58 -36 -52.0783 -39.1217
8699 -46.21 -58 -39 -52.5713 -39.8487
8709 -49.5 -324 -36 -77.8466 -21.1534
8719 -46.83 -58 -36 -53.6251 -40.0349
8729 -47.41 -62 -39 -54.1484 -40.6716
8739 -46.91 -62 -36 -54.0443 -39.7757
8749 -46.44 -58 -32 -53.2636 -39.6164
8759 -45.55 -62 -36 -52.0249 -39.0751
8769 -58.38 -1111 -39 -164.37 47.6102
8779 -60.55 -1489 -36 -204.25 83.1503
8789 -45.84 -62 -39 -52.4778 -39.2022
8799 -46.42 -58 -36 -52.7812 -40.0588
8809 -45.74 -62 -36 -52.384 -39.096
8819 -46.28 -62 -36 -52.9592 -39.6008
8829 -46.32 -58 -36 -53.3002 -39.3398
8839 -45.1 -58 -36 -51.0948 -39.1052
8849 -74.01 -635 -35 -169.754 21.7338
8859 -75.74 -607 -39 -166.294 14.8137
8869 -55.81 -461 -35 -111.434 -0.186031
8879 -60.14 -426 -36 -119.366 -0.9142
8889 -46.28 -62 -31 -53.1708 -39.3892
8899 -70.7 -521 -39 -159.629 18.2289
8909 -59.94 -402 -39 -120.802 0.921939
8919 -64.84 -852 -39 -157.571 27.891
8929 -74.29 -2106 -36 -293.823 145.243
8939 -45.17 -58 -37 -51.4549 -38.8851
8949 -45.32 -63 -36 -52.1096 -38.5304
8959 -45.67 -58 -36 -51.8872 -39.4528
8969 -65.19 -881 -39 -164.216 33.8358
8979 -55.57 -321 -36 -97.1334 -14.0066
8989 -72 -583 -39 -165.545 21.5455
8999 -72.03 -877 -39 -181.679 37.6191
9009 -89.74 -2281 -36 -335.528 156.048
9019 -70.79 -2104 -39 -278.197 136.617
9029 -45.02 -58 -31 -51.5587 -38.4813
9039 -47.54 -58 -36 -54.1768 -40.9032
9049 -52.28 -603 -39 -107.944 3.38372
9059 -81.04 -3545 -36 -429.232 267.152
9069 -47.68 -62 -36 -55.0597 -40.3003
9079 -45.85 -62 -39 -52.229 -39.471
9089 -46.23 -62 -36 -53.0254 -39.4346
9099 -45.98 -58 -36 -52.2957 -39.6643
9109 -45.44 -62 -36 -52.0221 -38.8579
9119 -46.65 -63 -39 -53.6126 -39.6874
9129 -63.71 -1861 -35 -244.446 117.026
9139 -50.32 -475 -39 -93.477 -7.16303
9149 -44.87 -59 -32 -51.2811 -38.4589
9159 -52.26 -721 -36 -119.793 15.2727
9169 -70.4 -1790 -37 -244.203 103.403
9179 -86.04 -2283 -39 -316.178 144.098
9189 -58.88 -592 -36 -118.895 1.13494
9199 -69.48 -678 -36 -158.476 19.5159
9209 -99.88 -2097 -36 -340.401 140.641
9219 -70.87 -581 -32 -164.994 23.2542
9229 -65.33 -1105 -36 -175.782 45.1217
9239 -65.26 -439 -36 -136.498 5.97845
9249 -64.14 -1548 -36 -216.095 87.8147
9259 -45.8 -58 -36 -52.5544 -39.0456
9269 -60.51 -501 -36 -119.695 -1.32534
9279 -63.94 -1286 -36 -191.27 63.3895
9289 -43.65 -57 -35 -49.9591 -37.3409
9299 -79.58 -3578 -36 -431.213 272.053
9309 -45.54 -58 -36 -52.3259 -38.7541
9319 -44.27 -57 -36 -50.8928 -37.6472
9329 -44.24 -63 -36 -50.7636 -37.7164
9339 -44.58 -57 -36 -51.1571 -38.0029
9349 -45.42 -58 -36 -52.1021 -38.7379
9359 -46.26 -57 -36 -52.7393 -39.7807
9369 -46.7 -67 -36 -55.6751 -37.7249
9379 -56.18 -456 -31 -115.84 3.48012
9389 -63.57 -562 -36 -143.101 15.9612
9399 -45.57 -58 -35 -52.2779 -38.8621
9409 -58.43 -1285 -36 -181.882 65.022
9419 -46.61 -67 -36 -56.4641 -36.7559
9429 -59.7 -328 -36 -110.399 -9.00084
9439 -58.31 -362 -36 -115.478 -1.14226
9449 -45.37 -57 -36 -52.3066 -38.4334
9459 -45.18 -63 -36 -52.0491 -38.3109
9469 -46 -67 -36 -53.0207 -38.9793
9479 -56.41 -653 -36 -117.536 4.71609
9489 -45.31 -57 -36 -51.9091 -38.7109
9499 -51.68 -454 -35 -98.1629 -5.19705
9509 -48.12 -67 -36 -57.3845 -38.8555
9519 -55.42 -570 -36 -115.823 4.98336
9529 -71.63 -647 -36 -171.834 28.5741
9539 -60.39 -934 -36 -156.005 35.2249
9549 -81.82 -566 -36 -195.732 32.0919
9559 -63.36 -600 -32 -144.403 17.6834
9569 -46.36 -72 -36 -55.5446 -37.1754
9579 -46.76 -101 -36 -55.3635 -38.1565
9589 -45.74 -57 -36 -52.0823 -39.3977
9599 -70.57 -1487 -36 -238.183 97.0434
9609 -98.92 -2898 -36 -408.099 210.259
9619 -58.32 -403 -36 -110.529 -6.11074
9629 -65.15 -669 -36 -149.585 19.2848
9639 -68.42 -736 -32 -180.298 43.4575
9649 -67.07 -720 -36 -164.738 30.5979
9659 -63.6 -543 -36 -136.959 9.75943
9669 -45.94 -67 -31 -55.0805 -36.7995
9679 -47.97 -121 -36 -60.1968 -35.7432
9689 -54.54 -546 -36 -113.531 4.4506
9699 -52.92 -793 -36 -127.559 21.7185
9709 -46.29 -67 -31 -55.558 -37.022
9719 -112.13 -5410 -36 -647.724 423.464
9729 -58.77 -487 -36 -118.642 1.10219
9739 -59.7 -467 -36 -123.93 4.52994
9749 -53.82 -353 -36 -100.167 -7.47336
9759 -63.73 -556 -36 -144.447 16.9872
9769 -73.91 -1514 -36 -229.708 81.8882
9779 -44.19 -64 -31 -52.777 -35.603
9789 -73.04 -2778 -31 -345.054 198.974
9799 -45.92 -69 -31 -55.6293 -36.2107
9809 -45.83 -73 -36 -53.7379 -37.9221
9819 -43.47 -63 -36 -50.1471 -36.7929
9829 -45.39 -59 -36 -52.0345 -38.7455
9839 -44.43 -58 -31 -51.2736 -37.5864
9849 -44.53 -62 -36 -51.1829 -37.8771
9859 -52.77 -733 -36 -121.496 15.9557
9869 -65.89 -2123 -36 -272.745 140.965
9879 -46.72 -67 -36 -54.905 -38.535
9889 -47.43 -122 -33 -57.779 -37.081
9899 -45.78 -57 -36 -52.7537 -38.8063
9909 -52.41 -652 -36 -113.103 8.28298
9919 -47.23 -63 -36 -54.8202 -39.6398
9929 -54.78 -888 -36 -138.863 29.3028
9939 -46.21 -58 -36 -53.5135 -38.9065
9949 -45.91 -57 -36 -53.3098 -38.5102
9959 -47.8 -57 -36 -54.8285 -40.7715
9969 -45.81 -58 -36 -52.8917 -38.7283
9979 -45.57 -58 -36 -52.7628 -38.3772
9989 -48.13 -113 -31 -58.7114 -37.5486
9999 -45.84 -57 -36 -52.6185 -39.0615
