9 -45.19 -72 -31 -53.6275 -36.7525
19 -69.94 -655 -31 -167.719 27.8394
29 -65.45 -493 -31 -142.784 11.8842
39 -66.11 -355 -31 -131.936 -0.283861
49 -68.75 -491 -31 -146.189 8.68899
59 -74.36 -693 -27 -175.916 27.1958
69 -134.25 -1128 -31 -353.136 84.6359
79 -116.3 -1479 -31 -302.456 69.8562
89 -126.39 -812 -31 -288.127 35.3465
99 -184.63 -2973 -28 -627.976 258.716
109 -86.47 -1415 -31 -259.644 86.7045
119 -100.94 -858 -31 -233.606 31.7259
129 -111.42 -2440 -31 -413.508 190.668
139 -103.56 -1071 -31 -263.974 56.8544
149 -99.19 -1244 -31 -327.938 129.558
159 -44.16 -256 -31 -66.8031 -21.5169
169 -79.8 -1052 -31 -204.082 44.4824
179 -71.81 -905 -31 -174.899 31.2795
189 -61.03 -309 -31 -114.053 -8.00659
199 -74.19 -471 -31 -157.369 8.98939
209 -60.57 -612 -31 -131.213 10.0727
219 -171.26 -2276 -31 -550.534 208.014
229 -180.42 -3321 -31 -584.137 223.297
239 -95.63 -2073 -32 -337.272 146.012
249 -123.07 -4806 -31 -600.935 354.795
259 -51.59 -321 -31 -88.0407 -15.1393
269 -65.1 -523 -31 -142.348 12.148
279 -75.68 -780 -31 -166.607 15.2469
289 -72.36 -2301 -31 -303.409 158.689
299 -93.94 -2111 -31 -319.405 131.525
309 -83.65 -2736 -31 -358.991 191.691
319 -74.76 -608 -31 -176.201 26.6808
329 -42.3 -59 -31 -49.1186 -35.4814
339 -104.04 -3431 -31 -515.561 307.481
349 -43.22 -90 -31 -51.1398 -35.3002
359 -105.38 -1744 -31 -316.266 105.506
369 -250.76 -3463 -31 -813.224 311.704
379 -229.99 -2665 -31 -653.483 193.503
389 -273.55 -4439 -31 -655.709 108.609
399 -69.26 -529 -35 -156.381 17.8614
409 -114.85 -771 -31 -269.708 40.0076
419 -139.14 -1735 -27 -409.972 131.692
429 -73.49 -463 -31 -159.006 12.0258
439 -201.39 -2947 -31 -622.116 219.336
449 -209.75 -3366 -31 -723.335 303.835
459 -314.36 -3089 -31 -899.925 271.205
469 -175.53 -2305 -31 -549.052 197.992
479 -207.3 -3436 -31 -651.762 237.162
489 -208.51 -3560 -31 -738.388 321.368
499 -284.35 -5605 -31 -994.454 425.754
509 -247.68 -3238 -31 -736.027 240.667
519 -284.62 -2641 -31 -743.831 174.591
529 -205.38 -1341 -31 -502.597 91.8368
539 -254.65 -2472 -31 -736.615 227.315
549 -268.25 -4276 -31 -854.591 318.091
559 -176.81 -1999 -31 -520.303 166.683
569 -185.74 -4880 -31 -708.407 336.927
579 -162.78 -2407 -31 -458.625 133.065
589 -201.64 -2039 -31 -582.018 178.738
599 -222.51 -1735 -31 -603.614 158.594
609 -156.97 -1374 -31 -412.27 98.3297
619 -199.28 -2815 -31 -594.255 195.695
629 -236.84 -4844 -31 -911.636 437.956
639 -157.1 -3331 -31 -571.995 257.795
649 -233.73 -2604 -31 -692.152 224.692
659 -230.39 -3135 -31 -724.811 264.031
669 -254.12 -3358 -31 -763.698 255.458
679 -113.31 -1089 -31 -284.07 57.4504
689 -128.58 -3440 -31 -518.833 261.673
699 -188.24 -2156 -31 -563.547 187.067
709 -158.85 -2599 -31 -490.021 172.321
719 -200.57 -2786 -31 -596.415 195.275
729 -162.1 -3666 -31 -604.733 280.533
739 -253.99 -2795 -31 -756.531 248.551
749 -182.59 -2022 -31 -523.613 158.433
759 -197.91 -3308 -31 -634.324 238.504
769 -198.92 -3699 -31 -664.821 266.981
779 -86.84 -624 -31 -201.203 27.523
789 -203.11 -1903 -31 -564.462 158.242
799 -174.92 -2467 -31 -548.725 198.885
809 -207.27 -3459 -31 -626.673 212.133
819 -227.53 -3255 -31 -660.669 205.609
829 -255.52 -3828 -31 -832.613 321.573
839 -176.34 -1920 -31 -527.178 174.498
849 -251.72 -3334 -31 -745.895 242.455
859 -219.66 -1683 -31 -529.172 89.8518
869 -231.59 -2360 -31 -653.814 190.634
879 -207.18 -2495 -31 -581.665 167.305
889 -133.7 -1263 -31 -337.681 70.2805
899 -194.05 -3503 -31 -670.537 282.437
909 -127.53 -1263 -31 -309.548 54.4879
919 -189.8 -2881 -31 -612.939 233.339
929 -176.07 -2916 -31 -556.9 204.76
939 -173.87 -2585 -31 -549.306 201.566
949 -76.1 -535 -35 -170.697 18.4967
959 -42.5 -54 -31 -48.3264 -36.6736
969 -42.09 -57 -31 -48.2599 -35.9201
979 -51.22 -270 -31 -85.4382 -17.0018
989 -128.53 -2091 -31 -446.804 189.744
999 -237.02 -3374 -31 -746.339 272.299
1009 -185.41 -1663 -31 -520.904 150.084
1019 -215.68 -1501 -31 -546.549 115.189
1029 -221.25 -3594 -31 -701.389 258.889
1039 -114.33 -1547 -31 -348.355 119.695
1049 -196.05 -3732 -31 -669.372 277.272
1059 -276.93 -3686 -31 -919.509 365.649
1069 -295.13 -2988 -31 -868.367 278.107
1079 -292.32 -6406 -36 -1051.53 466.894
1089 -379.63 -4806 -36 -1162.7 403.441
1099 -247.02 -2475 -31 -747.52 253.48
1109 -276.66 -5129 -36 -953.802 400.482
1119 -206.96 -2501 -35 -615.64 201.72
1129 -324.59 -4252 -31 -1007.87 358.693
1139 -367.75 -3918 -31 -1065.22 329.719
1149 -292.2 -3286 -36 -889.664 305.264
1159 -336.62 -6036 -31 -1164.31 491.073
1169 -165.97 -2771 -31 -513.756 181.816
1179 -168.42 -1659 -31 -484.956 148.116
1189 -191.96 -2294 -31 -612.34 228.42
1199 -231.16 -2556 -31 -687.964 225.644
1209 -194.53 -1859 -36 -522.505 133.445
1219 -219.54 -2170 -31 -569.497 130.417
1229 -167.07 -3120 -31 -593.85 259.71
1239 -256.92 -2527 -31 -728.467 214.627
1249 -212.89 -2848 -31 -630.814 205.034
1259 -225.7 -2638 -31 -618.731 167.331
1269 -143.26 -982 -36 -345.867 59.3469
1279 -221.37 -2081 -35 -622.826 180.086
1289 -175.38 -2346 -36 -524.089 173.329
1299 -200.19 -1915 -31 -518.721 118.341
1309 -244.16 -3064 -31 -707.896 219.576
1319 -143.92 -1689 -31 -398.775 110.935
1329 -207.68 -3576 -31 -717.881 302.521
1339 -178.87 -1705 -31 -468.785 111.045
1349 -156.3 -2488 -31 -458.803 146.203
1359 -197.28 -1922 -40 -581.364 186.804
1369 -161.69 -2234 -31 -495.031 171.651
1379 -190.21 -2062 -31 -546.744 166.324
1389 -196.1 -2371 -31 -532.165 139.965
1399 -193.4 -4922 -31 -734.615 347.815
1409 -201.88 -2989 -31 -582.711 178.951
1419 -162.21 -3992 -31 -627.162 302.742
1429 -168.67 -2188 -31 -495.122 157.782
1439 -153.94 -2108 -31 -503.917 196.037
1449 -239.73 -3793 -31 -778.378 298.918
1459 -257.2 -3459 -31 -791.919 277.519
1469 -161.34 -2357 -31 -497.137 174.457
1479 -155.22 -1874 -31 -474.95 164.51
1489 -155.03 -2361 -31 -467.388 157.328
1499 -220.55 -2012 -36 -609.83 168.73
1509 -168.61 -1852 -31 -460.497 123.277
1519 -186.7 -1556 -31 -502.2 128.8
1529 -169.27 -2190 -31 -500.656 162.116
1539 -219.08 -1661 -31 -595.925 157.765
1549 -227.77 -2280 -31 -644.682 189.142
1559 -334.17 -6609 -31 -1300.82 632.477
1569 -445.95 -6475 -31 -1427.71 535.814
1579 -205.62 -4781 -31 -742.388 331.148
1589 -352.3 -5477 -36 -1143.09 438.488
1599 -187.84 -2494 -31 -593.793 218.113
1609 -148.82 -1525 -31 -396.709 99.0689
1619 -131.98 -1913 -31 -386.578 122.618
1629 -228.14 -3760 -40 -694.558 238.278
1639 -213.13 -1991 -36 -610.672 184.412
1649 -204.03 -4278 -31 -754.061 346.001
1659 -206.68 -2839 -32 -604.664 191.304
1669 -202.11 -1893 -36 -550.073 145.853
1679 -279.98 -3238 -36 -807.928 247.968
1689 -193.56 -1397 -36 -506.939 119.819
1699 -147.37 -1672 -36 -408.835 114.095
1709 -204.84 -3305 -36 -699.441 289.761
1719 -129.37 -1268 -36 -352.132 93.3923
1729 -181.45 -1434 -35 -461.063 98.1627
1739 -239.65 -2296 -36 -670.464 191.164
1749 -186.68 -2016 -36 -514.16 140.8
1759 -133.37 -2104 -36 -382.483 115.743
1769 -167.45 -2007 -35 -469.221 134.321
1779 -183.86 -1739 -36 -503.301 135.581
1789 -182.93 -2045 -36 -551.237 185.377
1799 -200.23 -3198 -36 -605.799 205.339
1809 -227.45 -3287 -36 -694.28 239.38
1819 -215.42 -3267 -36 -759.162 328.322
1829 -131.13 -1327 -40 -348.755 86.4953
1839 -268.53 -3829 -40 -868.337 331.277
1849 -178.85 -2073 -39 -495.744 138.044
1859 -241.8 -3626 -39 -773.154 289.554
1869 -265.84 -6025 -40 -937.915 406.235
1879 -208.93 -3666 -40 -685.405 267.545
1889 -183.05 -3229 -40 -580.359 214.259
1899 -141.41 -1602 -34 -387.254 104.434
1909 -179.63 -2341 -38 -598.204 238.944
1919 -238.91 -2126 -40 -637.302 159.482
1929 -195.84 -2762 -36 -591.43 199.75
1939 -167.45 -1541 -36 -437.785 102.885
1949 -145.29 -1977 -40 -402.545 111.965
1959 -228.1 -3014 -37 -686.148 229.948
1969 -262.43 -5093 -36 -945.274 420.414
1979 -261.22 -3362 -40 -760.744 238.304
1989 -211.62 -3230 -34 -773.904 350.664
1999 -172.21 -2765 -40 -605.28 260.86
2009 -239.36 -2936 -40 -666.174 187.454
2019 -170.23 -1837 -40 -482.926 142.466
2029 -126.94 -1314 -40 -350.021 96.1415
2039 -233.65 -1976 -39 -617.613 150.313
2049 -248.79 -3076 -40 -760.031 262.451
2059 -197.52 -1751 -40 -519.775 124.735
2069 -185.87 -2960 -40 -562.308 190.568
2079 -151.35 -1463 -40 -385.938 83.2376
2089 -165.31 -1602 -40 -443.271 112.651
2099 -181.28 -2011 -40 -520.778 158.218
2109 -169.6 -2098 -40 -466.415 127.215
2119 -216.45 -2288 -40 -657.367 224.467
2129 -130.07 -956 -40 -324.329 64.1889
2139 -250.13 -2685 -40 -740.16 239.9
2149 -176.25 -2867 -40 -532.182 179.682
2159 -215.63 -2180 -35 -637.465 206.205
2169 -230.19 -4563 -31 -799.151 338.771
2179 -211.73 -2620 -36 -650.457 226.997
2189 -155.6 -1719 -36 -448.131 136.931
2199 -218.97 -3308 -36 -648.357 210.417
2209 -195.5 -1486 -36 -517.978 126.978
2219 -155.47 -1962 -36 -429.841 118.901
2229 -176.46 -1630 -36 -453.609 100.689
2239 -256.7 -3870 -31 -777.985 264.585
2249 -183.57 -1782 -36 -517.296 150.156
2259 -222.27 -4397 -36 -757.496 312.956
2269 -142.84 -1280 -36 -374.273 88.5925
2279 -158.12 -1126 -36 -382.648 66.4082
2289 -134.87 -2136 -36 -392.93 123.19
2299 -292.01 -3187 -36 -787.864 203.844
2309 -228.99 -3107 -35 -780.899 322.919
2319 -124.37 -1097 -36 -346.324 97.5841
2329 -154.65 -1851 -36 -467.377 158.077
2339 -195.89 -1911 -36 -555.587 163.807
2349 -265.77 -2460 -40 -725.322 193.782
2359 -245.64 -2605 -36 -709.619 218.339
2369 -163.73 -3610 -36 -567.629 240.169
2379 -246.87 -2433 -36 -715.681 221.941
2389 -167.61 -2143 -32 -470.814 135.594
2399 -181.86 -1846 -36 -513.554 149.834
2409 -223.66 -4423 -36 -749.469 302.149
2419 -230.95 -3263 -35 -694.96 233.06
2429 -180.7 -2322 -40 -520.59 159.19
2439 -203.77 -3527 -31 -641.237 233.697
2449 -175.88 -3491 -31 -557.448 205.688
2459 -172.88 -3729 -31 -594.624 248.864
2469 -193.25 -2437 -31 -543.38 156.88
2479 -137.63 -2663 -31 -425.816 150.556
2489 -180.84 -3361 -31 -568.815 207.135
2499 -212.66 -2648 -31 -587.647 162.327
2509 -321.07 -4721 -31 -1055.5 413.361
2519 -268.93 -3330 -31 -801.003 263.143
2529 -279.32 -8513 -31 -1191.4 632.759
2539 -170.77 -2756 -31 -552.539 210.999
2549 -140.7 -1091 -31 -377.91 96.5101
2559 -225.72 -2303 -31 -611.064 159.624
2569 -341.59 -3552 -31 -1002.9 319.723
2579 -204.44 -2837 -31 -588.264 179.384
2589 -141.31 -1966 -31 -371.894 89.2739
2599 -232.78 -2159 -31 -611.799 146.239
2609 -207.58 -2005 -31 -581.387 166.227
2619 -204.72 -4443 -31 -688.423 278.983
2629 -169.18 -1798 -31 -432.057 93.6971
2639 -127.14 -1939 -31 -375.027 120.747
2649 -174.86 -1907 -31 -460.986 111.266
2659 -113.09 -1582 -31 -307.721 81.5414
2669 -220.43 -3245 -31 -670.244 229.384
2679 -142.43 -1258 -31 -346.157 61.2969
2689 -145.31 -2721 -27 -486.113 195.493
2699 -186.98 -2000 -32 -543.14 169.18
2709 -162.93 -3944 -32 -596.442 270.582
2719 -240.54 -5686 -32 -882.059 400.979
2729 -202.12 -3893 -31 -676.412 272.172
2739 -154.41 -2325 -32 -460.189 151.369
2749 -184.52 -1749 -31 -492.583 123.543
2759 -162.35 -3475 -32 -568.42 243.72
2769 -194.78 -5108 -31 -730.559 340.999
2779 -229.91 -2185 -32 -642.098 182.278
2789 -252.37 -5259 -32 -858.993 354.253
2799 -214.85 -2922 -32 -674.38 244.68
2809 -164.87 -3264 -32 -550.503 220.763
2819 -312.21 -4664 -32 -922.86 298.44
2829 -149.39 -4012 -32 -610.688 311.908
2839 -192.55 -2561 -32 -534.878 149.778
2849 -163.95 -1903 -32 -459.393 131.493
2859 -201.33 -2811 -32 -591.529 188.869
2869 -215.55 -3401 -32 -660.639 229.539
2879 -187.21 -1895 -32 -464.566 90.1462
2889 -254.36 -2430 -32 -745.897 237.177
2899 -246.57 -6295 -32 -919.054 425.914
2909 -155.8 -1945 -32 -448.076 136.476
2919 -154.72 -2510 -37 -467.42 157.98
2929 -187.06 -1905 -37 -495.818 121.698
2939 -188.42 -2022 -37 -517.716 140.876
2949 -205.65 -2853 -37 -686.092 274.792
2959 -266.14 -3262 -37 -769.066 236.786
2969 -211.27 -2510 -37 -643.284 220.744
2979 -206.47 -1880 -34 -548.513 135.573
2989 -170.17 -2108 -36 -552.428 212.088
2999 -274.96 -4036 -36 -909.849 359.929
3009 -208.43 -1827 -36 -560.251 143.391
3019 -241.07 -1994 -36 -655.035 172.895
3029 -162.3 -2614 -36 -557.89 233.29
3039 -216.42 -2339 -36 -616.162 183.322
3049 -203.6 -2808 -36 -620.099 212.899
3059 -225.09 -5082 -36 -777.197 327.017
3069 -197.97 -1792 -36 -559.941 164.001
3079 -174.58 -1870 -36 -507.049 157.889
3089 -157.46 -2291 -36 -502.558 187.638
3099 -245.81 -3029 -36 -742.295 250.675
3109 -203.37 -3588 -36 -670.284 263.544
3119 -226.49 -2977 -31 -676.07 223.09
3129 -150.48 -2397 -36 -454.067 153.107
3139 -244.2 -2839 -31 -705.669 217.269
3149 -164.48 -2117 -31 -517.889 188.929
3159 -125.85 -1879 -31 -406.263 154.563
3169 -155.56 -1477 -31 -440.265 129.145
3179 -134.75 -1708 -31 -400.24 130.74
3189 -175.48 -1537 -36 -469.966 119.006
3199 -139.04 -1367 -36 -365.122 87.042
3209 -179.23 -1329 -36 -445.971 87.5109
3219 -143.73 -2381 -36 -451.064 163.604
3229 -199.05 -3149 -36 -638.669 240.569
3239 -184.45 -4883 -36 -691.88 322.98
3249 -177.05 -2792 -31 -566.116 212.016
3259 -89.98 -1922 -31 -299.908 119.948
3269 -61.93 -604 -31 -133.11 9.25017
3279 -192.69 -2822 -31 -629.978 244.598
3289 -54.4 -253 -31 -91.2674 -17.5326
3299 -119.06 -2472 -31 -421.805 183.685
3309 -122.87 -2398 -31 -427.805 182.065
3319 -45.42 -58 -31 -53.8597 -36.9803
3329 -44.53 -58 -31 -52.5632 -36.4968
3339 -43.92 -67 -31 -51.9305 -35.9095
3349 -52.7 -318 -31 -86.0359 -19.3641
3359 -63.17 -446 -31 -125.56 -0.779568
3369 -149.34 -2721 -31 -499.895 201.215
3379 -51.07 -353 -31 -84.4084 -17.7316
3389 -134.91 -2119 -36 -420.01 150.19
3399 -141.38 -2178 -32 -454.214 171.454
3409 -175.18 -1417 -35 -496.677 146.317
3419 -168.19 -1892 -36 -506.253 169.873
3429 -180.2 -2407 -36 -574.375 213.975
3439 -228.75 -2002 -36 -635.611 178.111
3449 -181.16 -2497 -36 -600.269 237.949
3459 -201.77 -3354 -35 -635.149 231.609
3469 -148.3 -1914 -31 -441.365 144.765
3479 -211.08 -1870 -36 -579.476 157.316
3489 -237.71 -3439 -36 -778.065 302.645
3499 -45.39 -67 -31 -52.2595 -38.5205
3509 -159.43 -2286 -36 -497.206 178.346
3519 -182.22 -1493 -36 -451.757 87.317
3529 -231.01 -2540 -36 -665.108 203.088
3539 -138.48 -2242 -36 -487.918 210.958
3549 -198.06 -2272 -31 -542.504 146.384
3559 -137.41 -1562 -36 -401.795 126.975
3569 -154.91 -2388 -36 -477.522 167.702
3579 -204.44 -2162 -36 -576.242 167.362
3589 -185.9 -1587 -31 -483.484 111.684
3599 -147.68 -1645 -36 -436.619 141.259
3609 -158.38 -3310 -36 -558.103 241.343
3619 -285.8 -4252 -31 -1023.63 452.035
3629 -225.59 -2773 -36 -719.648 268.468
3639 -160.48 -2036 -31 -463.799 142.839
3649 -183.39 -1909 -31 -499.511 132.731
3659 -231.12 -2665 -31 -667.023 204.783
3669 -278.05 -4167 -31 -920.841 364.741
3679 -214.97 -2389 -31 -632.796 202.856
3689 -247.64 -2365 -31 -705.315 210.035
3699 -150.16 -2077 -31 -423.412 123.092
3709 -182.6 -1892 -36 -522.743 157.543
3719 -228.5 -2367 -36 -616.825 159.825
3729 -154.84 -3769 -31 -559.592 249.912
3739 -198.6 -2488 -31 -580.192 182.992
3749 -257.03 -4454 -31 -799.809 285.749
3759 -196.79 -2917 -31 -604.219 210.639
3769 -227.1 -3896 -31 -729.226 275.026
3779 -132.24 -2302 -31 -411.574 147.094
3789 -186.32 -3013 -31 -577.871 205.231
3799 -232.94 -3393 -31 -691.089 225.209
3809 -256.21 -4308 -31 -878.947 366.527
3819 -166.45 -2547 -31 -522.453 189.553
3829 -154.83 -2801 -31 -521.681 212.021
3839 -147.05 -3051 -31 -313.004 18.9036
3849 -192.41 -1963 -31 -527.23 142.41
3859 -240.66 -3093 -31 -747.342 266.022
3869 -148.85 -3255 -31 -494.938 197.238
3879 -226.38 -1953 -31 -569.383 116.623
3889 -158.75 -2735 -31 -534.465 216.965
3899 -205.89 -2557 -31 -616.95 205.17
3909 -194.14 -3315 -31 -660.02 271.74
3919 -145.08 -1972 -31 -406.625 116.465
3929 -216.15 -2517 -31 -639.967 207.667
3939 -170.05 -1992 -31 -458.278 118.178
3949 -160.57 -2714 -32 -536.42 215.28
3959 -252.49 -3832 -31 -873.959 368.979
3969 -253.39 -3000 -31 -695.801 189.021
3979 -184.27 -2864 -32 -596.95 228.41
3989 -114.19 -1684 -31 -334.645 106.265
3999 -157.38 -1822 -35 -455.42 140.66
4009 -134.06 -984 -35 -319.471 51.351
4019 -236.39 -2283 -36 -624.378 151.598
4029 -152.81 -3027 -35 -511.793 206.173
4039 -207.96 -2068 -34 -608.457 192.537
4049 -228.15 -2141 -35 -630.014 173.714
4059 -176.07 -2756 -36 -577.941 225.801
4069 -174.17 -1912 -35 -450.975 102.635
4079 -163.49 -1502 -36 -421.171 94.1911
4089 -175.55 -2192 -34 -515.034 163.934
4099 -165.93 -5150 -36 -705.498 373.638
4109 -87.38 -953 -36 -223.036 48.2762
4119 -89.79 -1421 -36 -250.567 70.9868
4129 -68.63 -364 -36 -131.985 -5.27485
4139 -106.98 -702 -36 -245.018 31.0581
4149 -89.01 -627 -36 -192.102 14.0817
4159 -76.58 -738 -36 -164.657 11.4969
4169 -72.75 -414 -36 -145.703 0.203148
4179 -97.46 -1991 -36 -311.359 116.439
4189 -181.43 -2602 -36 -586.527 223.667
4199 -159.35 -1953 -36 -486.81 168.11
4209 -121.1 -1267 -36 -329.238 87.0381
4219 -96.07 -573 -36 -208.661 16.5209
4229 -212.31 -3482 -36 -655.949 231.329
4239 -61.48 -513 -36 -121.608 -1.35222
4249 -76.89 -451 -31 -159.537 5.75719
4259 -69.95 -712 -36 -153.997 14.0973
4269 -307.35 -4622 -36 -1000.88 386.183
4279 -83.08 -675 -36 -183.625 17.4647
4289 -116.47 -1465 -36 -320.967 88.0265
4299 -61.49 -654 -36 -139.435 16.4549
4309 -44.58 -53 -36 -50.5364 -38.6236
4319 -59.72 -542 -36 -129.288 9.84842
4329 -75.87 -502 -36 -155.433 3.69347
4339 -110.68 -1151 -36 -279.339 57.9786
4349 -76.68 -476 -36 -154.998 1.63799
4359 -58.27 -446 -36 -113.887 -2.65343
4369 -78.45 -442 -36 -160.269 3.3691
4379 -89.87 -347 -36 -175.21 -4.52967
4389 -80.01 -914 -36 -200.981 40.9605
4399 -230.4 -2687 -31 -732.186 271.386
4409 -237.57 -2338 -36 -674.234 199.094
4419 -200.95 -3783 -36 -705.101 303.201
4429 -69.11 -919 -36 -177.831 39.6112
4439 -221.55 -4249 -36 -785.482 342.382
4449 -66.65 -541 -36 -137.104 3.80362
4459 -185.65 -2208 -35 -550.661 179.361
4469 -79.36 -794 -36 -186.637 27.9165
4479 -75.25 -758 -36 -173.153 22.6525
4489 -117.17 -2931 -36 -432.355 198.015
4499 -212.59 -2292 -35 -619.887 194.707
4509 -96.03 -815 -36 -218.132 26.0716
4519 -61.5 -664 -36 -142.821 19.821
4529 -46.63 -142 -31 -62.8991 -30.3609
4539 -43.75 -53 -35 -49.5811 -37.9189
4549 -44.3 -57 -36 -49.924 -38.676
4559 -59.43 -561 -36 -126.305 7.44466
4569 -61.25 -634 -36 -131.106 8.6064
4579 -66.84 -782 -36 -155.564 21.8837
4589 -60.81 -734 -37 -142.052 20.4315
4599 -108.24 -3611 -39 -469.202 252.722
4609 -42.82 -53 -36 -47.6877 -37.9523
4619 -49.54 -460 -36 -91.1819 -7.89815
4629 -43.64 -58 -36 -49.0178 -38.2622
4639 -82.23 -3846 -36 -460.519 296.059
4649 -107.72 -5091 -36 -613.497 398.057
4659 -63.76 -530 -35 -134.488 6.96823
4669 -82.99 -2476 -35 -343.472 177.492
4679 -115.25 -1055 -35 -273.607 43.1074
4689 -106.71 -853 -34 -242.598 29.1776
4699 -104.69 -1134 -35 -255.334 45.9543
4709 -102.5 -645 -35 -217.36 12.3597
4719 -82.86 -1647 -35 -264.757 99.037
4729 -74.76 -842 -35 -171.443 21.9234
4739 -74.5 -1207 -35 -206.721 57.7208
4749 -62.85 -486 -35 -128.447 2.74736
4759 -95.47 -4191 -35 -508.698 317.758
4769 -51.2 -190 -35 -75.7131 -26.6869
4779 -64.55 -311 -35 -118.561 -10.5391
4789 -77.73 -1053 -36 -225.784 70.3238
4799 -61.14 -416 -36 -120.503 -1.77712
4809 -58.52 -436 -32 -117.945 0.904598
4819 -49.04 -256 -35 -72.5638 -25.5162
4829 -44.86 -57 -36 -51.3819 -38.3381
4839 -42.01 -53 -31 -48.4808 -35.5392
4849 -45.36 -251 -35 -66.822 -23.898
4859 -75.85 -487 -36 -162.176 10.4757
4869 -58.23 -452 -35 -114.717 -1.74311
4879 -93.44 -741 -35 -213.511 26.6312
4889 -62.76 -333 -35 -115.68 -9.8398
4899 -116.86 -536 -35 -237.751 4.03108
4909 -105.64 -2452 -35 -366.57 155.29
4919 -68.01 -397 -35 -130.381 -5.63939
4929 -110.57 -874 -35 -249.292 28.1522
4939 -100.31 -954 -35 -243.999 43.3792
4949 -96.03 -707 -34 -221.688 29.6278
4959 -44.78 -58 -35 -50.3088 -39.2512
4969 -76.11 -2816 -35 -353.336 201.116
4979 -64.2 -470 -35 -141.835 13.4349
4989 -66.5 -480 -35 -148.452 15.4516
4999 -44.27 -55 -35 -49.9496 -38.5904
5009 -44.9 -52 -35 -49.4635 -40.3365
5019 -51.83 -720 -31 -119.174 15.5135
5029 -158.73 -5292 -36 -754.805 437.345
5039 -160.17 -3755 -35 -681.457 361.117
5049 -143.21 -1872 -35 -481.14 194.72
5059 -116.02 -2407 -36 -489.513 257.473
5069 -130.91 -2504 -35 -489.436 227.616
5079 -108.94 -2814 -32 -451.398 233.518
5089 -188.76 -6639 -31 -927.507 549.987
5099 -130.04 -3450 -35 -516.958 256.878
5109 -147.47 -2685 -35 -528.02 233.08
5119 -142.89 -3149 -32 -526.852 241.072
5129 -47.97 -64 -32 -58.1678 -37.7722
5139 -51.43 -599 -32 -107.155 4.29473
5149 -47.52 -74 -32 -57.774 -37.266
5159 -47.72 -65 -32 -57.192 -38.248
5169 -47.74 -74 -32 -57.6262 -37.8538
5179 -48.82 -75 -35 -57.7734 -39.8666
5189 -47.81 -64 -35 -56.9006 -38.7194
5199 -55.79 -862 -35 -137.221 25.6415
5209 -49.28 -78 -32 -58.9311 -39.6289
5219 -46.64 -64 -35 -53.6036 -39.6764
5229 -155.44 -3829 -35 -677.1 366.22
5239 -205.42 -5454 -35 -867.694 456.854
5249 -46.77 -64 -32 -55.2602 -38.2798
5259 -56.02 -829 -35 -134.156 22.1157
5269 -48.27 -64 -35 -57.0316 -39.5084
5279 -46.64 -74 -32 -55.9758 -37.3042
5289 -46.85 -64 -32 -54.6763 -39.0237
5299 -51.56 -419 -32 -89.6132 -13.5068
5309 -46.02 -64 -32 -54.6163 -37.4237
5319 -48.93 -68 -32 -58.0811 -39.7789
5329 -61.26 -403 -32 -113.231 -9.28864
5339 -47.56 -64 -32 -57.2249 -37.8951
5349 -48.09 -64 -32 -57.605 -38.575
5359 -64.6 -627 -32 -133.436 4.23648
5369 -59.11 -337 -32 -106.705 -11.5149
5379 -59.61 -449 -32 -117.36 -1.86044
5389 -61.14 -655 -36 -126.694 4.4139
5399 -69.29 -947 -36 -185.45 46.8705
5409 -63.71 -356 -36 -121.382 -6.03828
5419 -67.4 -634 -32 -161.335 26.5351
5429 -57.76 -296 -32 -96.2631 -19.2569
5439 -46.05 -64 -32 -55.3202 -36.7798
5449 -58.86 -396 -32 -105.007 -12.713
5459 -57.44 -306 -32 -94.9782 -19.9018
5469 -120.27 -2959 -36 -482.732 242.192
5479 -49.42 -83 -32 -59.9374 -38.9026
5489 -50.31 -483 -31 -94.5905 -6.02946
5499 -48.49 -359 -31 -80.8487 -16.1313
5509 -47.05 -126 -31 -58.6117 -35.4883
5519 -47.44 -63 -31 -56.4949 -38.3851
5529 -72.7 -2151 -31 -292.199 146.799
5539 -44.22 -63 -31 -52.2199 -36.2201
5549 -45.03 -63 -31 -54.0451 -36.0149
5559 -45.1 -63 -31 -53.3725 -36.8275
5569 -46.63 -75 -36 -53.563 -39.697
5579 -45.13 -63 -32 -51.8353 -38.4247
5589 -47.38 -84 -32 -55.6587 -39.1013
5599 -50.7 -486 -32 -95.0633 -6.33671
5609 -45.72 -63 -32 -53.5788 -37.8612
5619 -47.54 -89 -32 -56.1248 -38.9552
5629 -47.96 -63 -32 -55.6372 -40.2828
5639 -73.41 -1627 -36 -237.306 90.4864
5649 -106.39 -1628 -36 -277.968 65.1883
5659 -124.32 -5163 -36 -652.08 403.44
5669 -48.29 -83 -31 -61.8141 -34.7659
5679 -53.64 -91 -31 -69.2858 -37.9942
5689 -49.7 -83 -31 -63.2626 -36.1374
5699 -48.74 -96 -31 -62.4814 -34.9986
5709 -48.99 -83 -31 -62.6006 -35.3794
5719 -47.35 -84 -31 -60.4255 -34.2745
5729 -50 -92 -31 -64.1255 -35.8745
5739 -53.44 -346 -31 -85.3707 -21.5093
5749 -51.74 -113 -31 -69.2172 -34.2628
5759 -50.36 -83 -31 -64.9642 -35.7558
5769 -55.66 -513 -31 -104.951 -6.36866
5779 -47.59 -83 -31 -59.7045 -35.4755
5789 -48.36 -88 -31 -61.0986 -35.6214
5799 -50.54 -83 -31 -62.8742 -38.2058
5809 -48.61 -87 -31 -59.5821 -37.6379
5819 -49.91 -83 -35 -61.7607 -38.0593
5829 -51.64 -82 -31 -65.9236 -37.3564
5839 -73.7 -2577 -31 -325.528 178.128
5849 -48.71 -82 -31 -59.6809 -37.7391
5859 -50.3 -83 -31 -61.4221 -39.1779
5869 -50.6 -97 -31 -62.2021 -38.9979
5879 -49.6 -72 -31 -59.6108 -39.5892
5889 -46.8 -82 -31 -55.888 -37.712
5899 -49.12 -114 -32 -61.768 -36.472
5909 -48.3 -72 -32 -58.4375 -38.1625
5919 -49.66 -82 -32 -59.8559 -39.4641
5929 -48.84 -72 -32 -58.4543 -39.2257
5939 -48.17 -72 -32 -57.8537 -38.4863
5949 -49.26 -72 -31 -60.2591 -38.2609
5959 -49.01 -119 -32 -60.8337 -37.1863
5969 -48.55 -72 -35 -59.2995 -37.8005
5979 -48.07 -73 -35 -58.381 -37.759
5989 -54.86 -611 -35 -111.577 1.85736
5999 -59.19 -1132 -35 -167.527 49.1468
6009 -48.5 -72 -32 -58.7023 -38.2977
6019 -49.06 -87 -35 -60.5318 -37.5882
6029 -81.08 -3253 -35 -400.048 237.888
6039 -84.28 -3460 -35 -423.746 255.186
6049 -58.38 -1121 -35 -165.661 48.9013
6059 -47.23 -63 -35 -54.5867 -39.8733
6069 -45.1 -63 -35 -51.8957 -38.3043
6079 -51.48 -524 -35 -99.5473 -3.41268
6089 -46.22 -59 -35 -52.3685 -40.0715
6099 -52.97 -780 -35 -126.326 20.3858
6109 -46.58 -63 -35 -53.2121 -39.9479
6119 -44.99 -78 -35 -50.9026 -39.0774
6129 -44.61 -69 -31 -50.2779 -38.9421
6139 -47.3 -362 -31 -79.4161 -15.1839
6149 -44.41 -54 -35 -49.0449 -39.7751
6159 -62.78 -984 -35 -165.539 39.9791
6169 -45.22 -63 -35 -51.6606 -38.7794
6179 -48.81 -72 -35 -59.6808 -37.9392
6189 -45.7 -63 -35 -53.151 -38.249
6199 -46.21 -63 -35 -53.2108 -39.2092
6209 -54 -905 -35 -139.875 31.875
6219 -46.5 -63 -35 -53.7875 -39.2125
6229 -46.18 -73 -35 -52.8279 -39.5321
6239 -45.3 -58 -35 -52.0309 -38.5691
6249 -44.27 -57 -35 -49.4421 -39.0979
6259 -44.92 -53 -35 -49.6374 -40.2026
6269 -44.21 -57 -35 -49.1851 -39.2349
6279 -44.19 -57 -35 -49.5325 -38.8475
6289 -44.97 -60 -35 -49.7801 -40.1599
6299 -44.69 -66 -35 -50.4743 -38.9057
6309 -61.12 -621 -35 -140.472 18.2324
6319 -79.63 -2524 -31 -348.694 189.434
6329 -44.1 -55 -32 -49.9431 -38.2569
6339 -44.48 -53 -35 -49.337 -39.623
6349 -44.13 -55 -35 -49.124 -39.136
6359 -45.11 -55 -31 -50.1049 -40.1151
6369 -129.99 -2738 -32 -537.012 277.032
6379 -106.03 -3115 -36 -424.656 212.596
6389 -121.53 -5640 -35 -687.308 444.248
6399 -127.8 -1601 -36 -373.299 117.699
6409 -44.38 -55 -35 -49.4175 -39.3425
6419 -44.85 -55 -35 -49.6374 -40.0626
6429 -70.81 -2111 -35 -277.772 136.152
6439 -46.07 -63 -35 -54.3355 -37.8045
6449 -45.44 -63 -35 -53.5359 -37.3441
6459 -46.11 -204 -31 -63.804 -28.416
6469 -57.46 -1128 -35 -165.475 50.5549
6479 -45.37 -64 -31 -53.1135 -37.6265
6489 -45.73 -58 -35 -52.7193 -38.7407
6499 -46.36 -58 -35 -52.3132 -40.4068
6509 -44.67 -50 -35 -49.2406 -40.0994
6519 -44.82 -63 -32 -50.9574 -38.6826
6529 -44.27 -74 -36 -49.9015 -38.6385
6539 -45.59 -63 -36 -52.8867 -38.2933
6549 -46.21 -63 -36 -52.8318 -39.5882
6559 -45.09 -63 -35 -50.208 -39.972
6569 -47.58 -64 -36 -54.3798 -40.7802
6579 -47.05 -63 -36 -53.2504 -40.8496
6589 -44.38 -63 -35 -50.9042 -37.8558
6599 -45.41 -63 -35 -54.0373 -36.7827
6609 -46.14 -68 -35 -54.9512 -37.3288
6619 -43.91 -63 -35 -51.6829 -36.1371
6629 -89.91 -4426 -35 -525.766 345.946
6639 -69.95 -2275 -35 -291.747 151.847
6649 -45.54 -64 -35 -52.8399 -38.2401
6659 -44.57 -60 -35 -50.6304 -38.5096
6669 -44.85 -69 -35 -50.6551 -39.0449
6679 -44.74 -56 -35 -49.3283 -40.1517
6689 -43.51 -54 -35 -48.4848 -38.5352
6699 -43.66 -61 -35 -49.0409 -38.2791
6709 -44.57 -56 -35 -49.4955 -39.6445
6719 -44.12 -55 -35 -49.8531 -38.3869
6729 -44.12 -58 -31 -50.1722 -38.0678
6739 -44.41 -55 -35 -49.7329 -39.0871
6749 -44.55 -59 -33 -50.5369 -38.5631
6759 -47.19 -358 -35 -78.9081 -15.4719
6769 -148.95 -4996 -36 -776.338 478.438
6779 -96.68 -1686 -36 -326.325 132.965
6789 -44.9 -57 -35 -49.6098 -40.1902
6799 -198.98 -9247 -35 -1213.57 815.613
6809 -94.71 -1137 -36 -250.388 60.9675
6819 -119.12 -1622 -36 -354.543 116.303
6829 -147.47 -3158 -36 -580.485 285.545
6839 -129.77 -2038 -36 -388.883 129.343
6849 -85.97 -2120 -36 -301.864 129.924
6859 -246.8 -5237 -36 -968.306 474.706
6869 -91.66 -1349 -36 -187.155 3.83506
6879 -136.91 -3389 -32 -569.731 295.911
6889 -44.43 -64 -31 -50.8125 -38.0475
6899 -45.04 -55 -35 -50.4117 -39.6683
6909 -44.84 -55 -35 -50.5731 -39.1069
6919 -45.99 -63 -35 -53.4116 -38.5684
6929 -43.34 -63 -31 -50.766 -35.914
6939 -47.59 -64 -35 -56.9157 -38.2643
6949 -50.66 -426 -35 -89.5161 -11.8039
6959 -45.99 -78 -35 -54.3078 -37.6722
6969 -46.7 -65 -35 -55.9642 -37.4358
6979 -52.92 -885 -35 -137.416 31.576
6989 -44.43 -55 -35 -50.2297 -38.6303
6999 -45.39 -56 -35 -50.58 -40.2
7009 -45.82 -55 -31 -51.6984 -39.9416
7019 -44.91 -55 -35 -50.375 -39.445
7029 -45.27 -57 -31 -52.1608 -38.3792
7039 -45.39 -55 -31 -50.9045 -39.8755
7049 -44.12 -58 -35 -49.8531 -38.3869
7059 -44 -58 -32 -49.1769 -38.8231
7069 -44.09 -57 -35 -49.9215 -38.2585
7079 -44.01 -66 -35 -49.5669 -38.4531
7089 -43.2 -56 -35 -48.4469 -37.9531
7099 -43.22 -63 -35 -48.3797 -38.0603
7109 -60.78 -469 -36 -125.68 4.12037
7119 -164.63 -3590 -36 -626.75 297.49
7129 -149.89 -3195 -36 -551.271 251.491
7139 -43.25 -54 -35 -47.6451 -38.8549
7149 -42.82 -54 -35 -47.7164 -37.9236
7159 -43.15 -54 -35 -47.723 -38.577
7169 -75.02 -1515 -35 -231.348 81.3076
7179 -42.65 -53 -35 -47.4527 -37.8473
7189 -61.63 -746 -35 -143.525 20.2655
7199 -54.47 -1251 -31 -174.816 65.8764
7209 -101.82 -1966 -36 -324.86 121.22
7219 -44.25 -63 -35 -49.5535 -38.9465
7229 -44.4 -63 -35 -51.0215 -37.7785
7239 -44.34 -63 -35 -50.2363 -38.4437
7249 -44.95 -63 -35 -52.6565 -37.2435
7259 -45.7 -68 -32 -55.3057 -36.0943
7269 -46.69 -64 -35 -55.0507 -38.3293
7279 -45.63 -64 -35 -53.6386 -37.6214
7289 -90.4 -4625 -35 -546.174 365.374
7299 -45.24 -60 -35 -50.85 -39.63
7309 -44.55 -64 -35 -50.8223 -38.2777
7319 -46.01 -63 -35 -53.0683 -38.9517
7329 -45.11 -63 -35 -52.6382 -37.5818
7339 -45.63 -87 -36 -53.4759 -37.7841
7349 -44.97 -63 -35 -52.763 -37.177
7359 -46.1 -88 -36 -54.7087 -37.4913
7369 -43.9 -63 -35 -51.0765 -36.7235
7379 -47.86 -73 -35 -57.8221 -37.8979
7389 -45.33 -69 -35 -54.3861 -36.2739
7399 -50.22 -631 -31 -109.271 8.8311
7409 -46.86 -64 -35 -55.798 -37.922
7419 -45.04 -74 -31 -53.9863 -36.0937
7429 -44.55 -55 -32 -50.7302 -38.3698
7439 -44.75 -55 -35 -50.6514 -38.8486
7449 -48.96 -355 -35 -80.332 -17.588
7459 -45.49 -59 -35 -51.2421 -39.7379
7469 -45.73 -60 -31 -51.6216 -39.8384
7479 -46.57 -58 -35 -52.0019 -41.1381
7489 -43.78 -57 -35 -49.1824 -38.3776
7499 -45.67 -143 -31 -56.8338 -34.5062
7509 -43.63 -55 -35 -49.0878 -38.1722
7519 -45.11 -55 -35 -49.857 -40.363
7529 -44.35 -58 -35 -49.7975 -38.9025
7539 -42.42 -63 -31 -47.5632 -37.2768
7549 -44.13 -53 -35 -50.135 -38.125
7559 -68.92 -2526 -35 -315.92 178.08
7569 -42.89 -53 -28 -48.842 -36.938
7579 -43.59 -57 -35 -49.5395 -37.6405
7589 -42.97 -58 -35 -48.9207 -37.0193
7599 -41.72 -66 -31 -47.4793 -35.9607
7609 -45.33 -56 -35 -51.3425 -39.3175
7619 -45.32 -57 -35 -50.6569 -39.9831
7629 -43.92 -55 -35 -49.1089 -38.7311
7639 -43.91 -55 -35 -48.8453 -38.9747
7649 -44.22 -55 -31 -48.8823 -39.5577
7659 -43.27 -63 -35 -48.8439 -37.6961
7669 -42.85 -54 -35 -47.7533 -37.9467
7679 -43.24 -53 -31 -49.0122 -37.4678
7689 -43.4 -64 -35 -49.8259 -36.9741
7699 -42.6 -54 -35 -48.6099 -36.5901
7709 -44.04 -54 -32 -50.217 -37.863
7719 -43.1 -53 -35 -48.5927 -37.6073
7729 -43.18 -53 -35 -49.2661 -37.0939
7739 -115.67 -4321 -35 -577.352 346.012
7749 -100.9 -3452 -35 -479.844 278.044
7759 -68.49 -2380 -32 -300.836 163.856
7769 -57.61 -1463 -35 -198.96 83.7396
7779 -42.41 -53 -35 -47.2671 -37.5529
7789 -43.08 -53 -32 -48.1516 -38.0084
7799 -43.75 -53 -35 -49.2036 -38.2964
7809 -43.1 -57 -32 -49.3339 -36.8661
7819 -42.81 -53 -35 -48.5872 -37.0328
7829 -42.76 -53 -35 -48.9609 -36.5591
7839 -54.58 -1188 -35 -168.632 59.4724
7849 -43.26 -53 -35 -48.8393 -37.6807
7859 -42.81 -53 -35 -48.1546 -37.4654
7869 -49.52 -744 -32 -119.521 20.4813
7879 -42.69 -53 -35 -47.6521 -37.7279
7889 -123.58 -4425 -36 -572.15 324.99
7899 -42.83 -53 -35 -48.6793 -36.9807
7909 -42.51 -63 -35 -47.5326 -37.4874
7919 -246.75 -5388 -36 -1097.13 603.628
7929 -43.8 -57 -35 -49.2974 -38.3026
7939 -42.96 -58 -31 -48.4257 -37.4943
7949 -97.54 -890 -36 -255.719 60.6391
7959 -108.88 -3753 -35 -553.627 335.867
7969 -116.78 -3002 -36 -454.697 221.137
7979 -168.62 -6025 -36 -843.668 506.428
7989 -122.31 -3887 -36 -524.627 280.007
7999 -102.47 -2176 -36 -339.841 134.901
8009 -82.94 -910 -36 -213.031 47.1508
8019 -116.43 -2042 -31 -362.244 129.384
8029 -55.52 -1300 -35 -180.699 69.6588
8039 -44.16 -154 -32 -56.5304 -31.7896
8049 -45.56 -55 -36 -50.7894 -40.3306
8059 -44.49 -59 -35 -50.673 -38.307
8069 -42.06 -55 -35 -47.9891 -36.1309
8079 -43.65 -55 -35 -49.804 -37.496
8089 -43.03 -53 -35 -48.4926 -37.5674
8099 -42.7 -53 -35 -48.4073 -36.9927
8109 -43.67 -57 -35 -48.9703 -38.3697
8119 -44.37 -54 -35 -49.1805 -39.5595
8129 -43.07 -59 -35 -48.3975 -37.7425
8139 -43.45 -49 -35 -48.1298 -38.7702
8149 -42.37 -53 -31 -48.1816 -36.5584
8159 -43.57 -53 -35 -49.591 -37.549
8169 -42.78 -53 -31 -48.2935 -37.2665
8179 -43.58 -53 -35 -49.2904 -37.8696
8189 -43.61 -53 -32 -49.9278 -37.2922
8199 -89.9 -4702 -35 -553.452 373.652
8209 -42.62 -53 -35 -47.4521 -37.7879
8219 -42.81 -53 -35 -47.418 -38.202
8229 -42.92 -53 -35 -47.9257 -37.9143
8239 -43.59 -58 -35 -48.6196 -38.5604
8249 -115.65 -1818 -36 -354.704 123.404
8259 -55.19 -354 -36 -97.376 -13.004
8269 -73.66 -817 -35 -174.593 27.2727
8279 -43.59 -53 -31 -49.6246 -37.5554
8289 -43.36 -53 -35 -49.389 -37.331
8299 -41.68 -53 -35 -46.5986 -36.7614
8309 -42.66 -55 -35 -47.9279 -37.3921
8319 -43.55 -58 -35 -49.1132 -37.9868
8329 -42.2 -53 -35 -47.8573 -36.5427
8339 -61.24 -1787 -35 -234.752 112.272
8349 -42.18 -63 -28 -47.689 -36.671
8359 -42.02 -53 -31 -46.5873 -37.4527
8369 -52.97 -314 -36 -95.1727 -10.7673
8379 -43.33 -53 -35 -48.2571 -38.4029
8389 -106.61 -2211 -35 -342.892 129.672
8399 -42.89 -63 -35 -48.6033 -37.1767
8409 -170.13 -3726 -36 -709.82 369.56
8419 -46.59 -556 -35 -98.0579 4.87791
8429 -43.35 -54 -35 -48.8832 -37.8168
8439 -42.45 -53 -35 -47.6256 -37.2744
8449 -52.04 -881 -35 -135.537 31.4569
8459 -53.7 -1303 -35 -179.351 71.9506
8469 -43 -53 -35 -48.4323 -37.5677
8479 -42.48 -62 -35 -47.8713 -37.0887
8489 -72.47 -3076 -35 -374.367 229.427
8499 -43.21 -58 -35 -48.6195 -37.8005
8509 -79.19 -1713 -36 -253.331 94.9506
8519 -107.63 -2048 -36 -367.799 152.539
8529 -42.97 -63 -35 -48.8149 -37.1251
8539 -154.8 -5651 -36 -742.854 433.254
8549 -42.58 -53 -35 -47.454 -37.706
8559 -43.21 -53 -35 -49.4938 -36.9262
8569 -42.91 -53 -35 -48.155 -37.665
8579 -73.74 -3203 -31 -388.255 240.775
8589 -42.79 -80 -32 -49.1614 -36.4186
8599 -43.09 -53 -35 -48.3999 -37.7801
8609 -66.02 -2395 -35 -300.127 168.087
8619 -42.42 -53 -35 -48.0092 -36.8308
8629 -42.73 -53 -35 -47.7276 -37.7324
8639 -141.38 -2481 -36 -476.173 193.413
8649 -43.56 -59 -35 -49.9903 -37.1297
8659 -44.89 -54 -35 -51.1351 -38.6449
8669 -44.32 -61 -35 -50.5556 -38.0844
8679 -42.97 -57 -35 -49.1541 -36.7859
8689 -43.23 -62 -35 -49.3156 -37.1444
8699 -42.64 -54 -35 -48.6501 -36.6299
8709 -42.67 -53 -35 -47.6372 -37.7028
8719 -45.34 -218 -35 -63.476 -27.204
8729 -42.3 -57 -34 -47.5457 -37.0543
8739 -41.46 -53 -35 -45.8811 -37.0389
8749 -43.04 -63 -35 -48.2827 -37.7973
8759 -41.85 -53 -35 -46.8309 -36.8691
8769 -56.68 -1416 -35 -193.407 80.0472
8779 -71.75 -1398 -36 -214.154 70.6542
8789 -42.11 -53 -35 -47.0769 -37.1431
8799 -43.1 -68 -35 -49.1832 -37.0168
8809 -139.17 -4944 -36 -675.92 397.58
8819 -200.52 -8319 -36 -1054.1 653.065
8829 -45.25 -55 -36 -50.4053 -40.0947
8839 -45.65 -58 -36 -50.3728 -40.9272
8849 -46.2 -55 -36 -51.3458 -41.0542
8859 -46.18 -55 -35 -51.0333 -41.3267
8869 -45.36 -55 -35 -50.0684 -40.6516
8879 -44.55 -59 -35 -48.8265 -40.2735
8889 -44.99 -58 -35 -48.7515 -41.2285
8899 -43.72 -56 -35 -48.5991 -38.8409
8909 -43.89 -53 -35 -48.4416 -39.3384
8919 -42.64 -57 -35 -48.4415 -36.8385
8929 -43.07 -53 -35 -48.0939 -38.0461
8939 -43.21 -56 -35 -48.4964 -37.9236
8949 -42.9 -53 -35 -48.373 -37.427
8959 -42.39 -53 -35 -48.34 -36.44
8969 -43.45 -53 -31 -49.3988 -37.5012
8979 -42.88 -53 -35 -49.0808 -36.6792
8989 -44.16 -62 -35 -50.7378 -37.5822
8999 -43.45 -58 -31 -49.6452 -37.2548
9009 -44.05 -53 -35 -50.074 -38.026
9019 -44.42 -54 -35 -50.2488 -38.5912
9029 -43.24 -53 -35 -49.1506 -37.3294
9039 -43.7 -53 -35 -49.3186 -38.0814
9049 -43.68 -53 -35 -49.4266 -37.9334
9059 -43.62 -63 -35 -49.5357 -37.7043
9069 -43.96 -53 -35 -49.2228 -38.6972
9079 -44.01 -64 -32 -50.6446 -37.3754
9089 -43.4 -53 -35 -48.4114 -38.3886
9099 -43.18 -54 -35 -49.408 -36.952
9109 -43.22 -53 -35 -49.2711 -37.1689
9119 -43.6 -54 -35 -49.623 -37.577
9129 -44.08 -54 -35 -49.5872 -38.5728
9139 -55.59 -1193 -35 -170.038 58.8585
9149 -98.34 -2951 -31 -401.928 205.248
9159 -84.23 -591 -31 -192.686 24.2261
9169 -42.5 -53 -35 -47.6388 -37.3612
9179 -42.64 -63 -35 -47.5901 -37.6899
9189 -43.93 -53 -35 -49.824 -38.036
9199 -43.72 -53 -32 -49.2462 -38.1938
9209 -66.31 -585 -36 -147.662 15.0422
9219 -44.6 -66 -31 -51.1254 -38.0746
9229 -60.71 -572 -32 -129.23 7.80973
9239 -61.06 -481 -36 -116.214 -5.9063
9249 -43.11 -57 -35 -48.7952 -37.4248
9259 -43.54 -53 -35 -49.155 -37.925
9269 -68.79 -1303 -35 -205.257 67.6775
9279 -85.18 -1726 -36 -285.368 115.008
9289 -57.42 -512 -36 -114.268 -0.571892
9299 -66.07 -554 -32 -135.525 3.38514
9309 -42.74 -53 -35 -47.8644 -37.6156
9319 -42.51 -53 -31 -47.0649 -37.9551
9329 -43.45 -54 -31 -49.3702 -37.5298
9339 -70.1 -501 -36 -150.442 10.2416
9349 -72.61 -761 -36 -173.699 28.4785
9359 -98.39 -2255 -35 -341.177 144.397
9369 -51.09 -251 -36 -82.3186 -19.8614
9379 -124.07 -2503 -36 -421.04 172.9
9389 -87.34 -671 -36 -166.33 -8.34978
9399 -42.56 -53 -32 -47.7736 -37.3464
9409 -43.47 -53 -35 -49.7764 -37.1636
9419 -58.56 -360 -36 -108.01 -9.1102
9429 -67.75 -537 -36 -144.96 9.45999
9439 -41.99 -58 -31 -47.1173 -36.8627
9449 -49.49 -696 -35 -114.686 15.7058
9459 -42.37 -61 -35 -48.279 -36.461
9469 -44.62 -59 -35 -50.8338 -38.4062
9479 -41.81 -53 -35 -46.6357 -36.9843
9489 -43.64 -56 -31 -48.8582 -38.4218
9499 -59.14 -322 -36 -107.249 -11.031
9509 -58.07 -600 -31 -124.282 8.14249
9519 -43.46 -53 -35 -49.1334 -37.7866
9529 -43.74 -55 -35 -49.5637 -37.9163
9539 -60.56 -527 -36 -128.111 6.99068
9549 -43.74 -54 -35 -49.6971 -37.7829
9559 -63.18 -540 -36 -140.177 13.8167
9569 -95.35 -2811 -36 -389.535 198.835
9579 -113.52 -2666 -36 -428.557 201.517
9589 -44.06 -54 -31 -49.9741 -38.1459
9599 -60.44 -587 -36 -131.097 10.2166
9609 -44.01 -53 -35 -49.5851 -38.4349
9619 -43.62 -54 -35 -49.8199 -37.4201
9629 -56.65 -262 -36 -94.8591 -18.4409
9639 -42.72 -53 -35 -48.0763 -37.3637
9649 -57.41 -464 -36 -117.907 3.08715
9659 -43.3 -53 -35 -48.8423 -37.7577
9669 -92.6 -4877 -35 -573.474 388.274
9679 -47.59 -85 -36 -54.6163 -40.5637
9689 -75.33 -557 -36 -177.021 26.3611
9699 -66.9 -579 -36 -149.073 15.2729
9709 -42.17 -53 -35 -47.5186 -36.8214
9719 -42.62 -53 -35 -47.9388 -37.3012
9729 -42.62 -53 -35 -47.9834 -37.2566
9739 -42.78 -53 -35 -48.3091 -37.2509
9749 -44.11 -62 -35 -50.2842 -37.9358
9759 -43.96 -53 -35 -49.7047 -38.2153
9769 -65.2 -628 -35 -145.1 14.6998
9779 -64.03 -577 -36 -144.319 16.2588
9789 -43 -54 -35 -49.3222 -36.6778
9799 -75.48 -2301 -32 -302.226 151.266
9809 -42.91 -53 -35 -48.8808 -36.9392
9819 -42.88 -63 -35 -49.1515 -36.6085
9829 -57.95 -324 -36 -110.27 -5.62966
9839 -41.78 -58 -35 -47.2479 -36.3121
9849 -44.11 -66 -35 -50.4014 -37.8186
9859 -72.33 -2921 -35 -358.693 214.033
9869 -53.97 -372 -36 -94.5217 -13.4183
9879 -59.07 -559 -36 -122.119 3.97921
9889 -43.99 -53 -35 -49.5712 -38.4088
9899 -44.56 -54 -35 -50.5943 -38.5257
9909 -74.83 -635 -36 -167.727 18.0672
9919 -82.92 -578 -36 -202.297 36.4574
9929 -41.66 -53 -35 -47.2784 -36.0416
9939 -42.63 -53 -35 -48.1158 -37.1442
9949 -43.23 -53 -35 -49.1865 -37.2735
9959 -43.3 -53 -35 -49.1008 -37.4992
9969 -44 -63 -35 -50.5322 -37.4678
9979 -63.37 -1070 -36 -175.196 48.4562
9989 -56.24 -372 -36 -104.692 -7.78751
9999 -62.81 -536 -36 -132.548 6.92758
