0 -79 -51 -39 -27 -15 -6 -6 -28.574
9 -87 -50.5 -39 -27 -16 -6 -6 -28.566
19 -76 -48 -37 -25 -15 -6 -6 -26.818
29 -72 -51 -39 -26 -15 -6 -6 -28.176
39 -74 -39.5 -30 -19 -11 -6 -6 -22.236
49 -73 -42.5 -32 -22 -11 -6 -6 -23.526
59 -67 -35.5 -27 -18 -10 -6 -6 -19.132
69 -74 -31.5 -24 -14.5 -9 -6 -6 -17.813
79 -77 -35.5 -26 -14 -7 -6 -6 -18.383
89 -72 -44.5 -32 -11 -7 -6 -6 -19.732
99 -50 -20.5 -16 -11 -7 -6 -6 -13.848
109 -50 -20.5 -16 -11 -7 -6 -6 -13.905
119 -54 -28 -21 -20 -7 -6 -6 -17.212
129 -51 -19 -15 -11 -7 -6 -6 -13.615
139 -59 -20.5 -16 -15 -7 -6 -6 -16.338
149 -51 -19 -15 -15 -7 -6 -6 -15.344
159 -59 -16 -13 -13 -7 -6 -6 -14.757
169 -54 -19 -15 -15 -7 -6 -6 -16.197
179 -59 -16.5 -13 -9 -6 -6 -6 -12.359
189 -53 -19.5 -15 -8 -6 -6 -6 -13.224
199 -55 -19.5 -15 -15 -6 -6 -6 -16.54
209 -45 -16.5 -13 -13 -6 -6 -6 -13.945
219 -43 -16 -13 -12 -7 -6 -6 -11.32
229 -45 -16.5 -13 -12 -6 -6 -6 -13.773
239 -65 -16.5 -13 -12 -6 -6 -6 -14.388
249 -65 -16.5 -13 -12 -6 -6 -6 -14.881
259 -55 -16.5 -13 -12 -6 -6 -6 -15.684
269 -38 -16.5 -13 -8 -6 -6 -6 -10.509
279 -50 -16.5 -13 -9 -6 -6 -6 -13.286
289 -35 -16.5 -13 -13 -6 -6 -6 -10.879
299 -43 -16.5 -13 -12 -6 -6 -6 -10.605
309 -42 -16.5 -13 -13 -6 -6 -6 -10.459
319 -44 -16 -13 -13 -7 -6 -6 -10.641
329 -47 -16.5 -13 -10 -6 -6 -6 -10.628
339 -43 -16.5 -13 -10 -6 -6 -6 -10.545
349 -47 -16.5 -13 -11 -6 -6 -6 -10.41
359 -41 -18 -14 -13 -6 -6 -6 -10.709
369 -44 -16.5 -13 -10 -6 -6 -6 -10
379 -41 -16.5 -13 -8 -6 -6 -6 -9.599
389 -41 -16.5 -13 -8 -6 -6 -6 -10.076
399 -44 -16.5 -13 -8 -6 -6 -6 -9.971
409 -44 -16.5 -13 -8 -6 -6 -6 -10.027
419 -42 -16.5 -13 -8 -6 -6 -6 -9.813
429 -47 -16.5 -13 -8 -6 -6 -6 -9.746
439 -44 -16.5 -13 -8 -6 -6 -6 -9.893
449 -48 -16.5 -13 -8 -6 -6 -6 -9.841
459 -47 -16.5 -13 -8 -6 -6 -6 -9.84
469 -43 -16 -13 -8 -7 -6 -6 -10.113
479 -44 -16.5 -13 -8 -6 -6 -6 -9.957
489 -44 -16.5 -13 -8 -6 -6 -6 -10.029
499 -43 -16.5 -13 -8 -6 -6 -6 -9.908
509 -43 -16.5 -13 -8 -6 -6 -6 -9.734
519 -42 -16.5 -13 -8 -6 -6 -6 -10.144
529 -54 -16.5 -13 -10 -6 -6 -6 -10.488
539 -47 -16.5 -13 -8 -6 -6 -6 -9.774
549 -42 -16.5 -13 -10 -6 -6 -6 -10.031
559 -39 -16.5 -13 -8 -6 -6 -6 -9.754
569 -43 -16.5 -13 -8 -6 -6 -6 -9.615
579 -48 -16.5 -13 -9 -6 -6 -6 -9.758
589 -43 -16.5 -13 -9 -6 -6 -6 -9.852
599 -41 -16.5 -13 -10 -6 -6 -6 -10.007
609 -42 -16.5 -13 -10 -6 -6 -6 -10.048
619 -47 -16.5 -13 -10 -6 -6 -6 -9.97
629 -48 -16.5 -13 -9 -6 -6 -6 -9.689
639 -47 -16.5 -13 -10 -6 -6 -6 -10.131
649 -44 -16.5 -13 -10 -6 -6 -6 -9.949
659 -48 -16.5 -13 -11 -6 -6 -6 -10.679
669 -42 -16.5 -13 -11 -6 -6 -6 -10.033
679 -43 -16.5 -13 -11 -6 -6 -6 -10.036
689 -43 -16.5 -13 -11 -6 -6 -6 -10.064
699 -38 -16.5 -13 -10 -6 -6 -6 -9.847
709 -43 -16.5 -13 -11 -6 -6 -6 -9.969
719 -43 -16.5 -13 -11 -6 -6 -6 -10.047
729 -47 -16.5 -13 -10 -6 -6 -6 -9.97
739 -47 -16.5 -13 -10 -6 -6 -6 -10.051
749 -48 -16.5 -13 -8 -6 -6 -6 -9.767
759 -43 -16.5 -13 -10 -6 -6 -6 -10.251
769 -42 -16.5 -13 -10 -6 -6 -6 -9.939
779 -44 -16.5 -13 -10 -6 -6 -6 -9.913
789 -44 -16.5 -13 -10 -6 -6 -6 -9.929
799 -44 -16.5 -13 -10 -6 -6 -6 -10.021
809 -42 -16.5 -13 -10 -6 -6 -6 -9.963
819 -43 -16.5 -13 -10 -6 -6 -6 -10.031
829 -43 -16.5 -13 -11 -6 -6 -6 -10.175
839 -42 -16.5 -13 -9 -6 -6 -6 -9.766
849 -36 -16.5 -13 -9 -6 -6 -6 -9.762
859 -48 -16.5 -13 -11 -6 -6 -6 -10.234
869 -47 -16.5 -13 -9 -6 -6 -6 -10.002
879 -43 -16.5 -13 -10 -6 -6 -6 -9.809
889 -39 -16.5 -13 -10 -6 -6 -6 -9.856
899 -43 -16.5 -13 -10 -6 -6 -6 -9.918
909 -44 -16.5 -13 -10 -6 -6 -6 -10.015
919 -47 -16.5 -13 -10 -6 -6 -6 -10.01
929 -43 -16.5 -13 -10 -6 -6 -6 -9.825
939 -47 -16.5 -13 -10 -6 -6 -6 -10.023
949 -39 -16.5 -13 -9 -6 -6 -6 -9.774
959 -47 -16.5 -13 -10 -6 -6 -6 -9.803
969 -47 -16.5 -13 -10 -6 -6 -6 -9.829
979 -44 -16.5 -13 -10 -6 -6 -6 -9.875
989 -43 -16.5 -13 -10 -6 -6 -6 -10.265
999 -48 -16.5 -13 -10 -6 -6 -6 -10.071
1009 -43 -16.5 -13 -10 -6 -6 -6 -9.976
1019 -44 -16.5 -13 -10 -6 -6 -6 -9.936
1029 -47 -16.5 -13 -10 -6 -6 -6 -10.099
1039 -48 -16.5 -13 -10 -6 -6 -6 -9.89
1049 -44 -16.5 -13 -10 -6 -6 -6 -10.114
1059 -43 -16.5 -13 -9 -6 -6 -6 -9.931
1069 -43 -16.5 -13 -9 -6 -6 -6 -9.904
1079 -43 -16.5 -13 -10 -6 -6 -6 -9.712
1089 -43 -16.5 -13 -9 -6 -6 -6 -10.037
1099 -36 -16.5 -13 -9 -6 -6 -6 -9.95
1109 -43 -16.5 -13 -11 -6 -6 -6 -9.993
1119 -43 -16.5 -13 -11 -6 -6 -6 -10.108
1129 -48 -16.5 -13 -11 -6 -6 -6 -10.085
1139 -39 -16.5 -13 -9 -6 -6 -6 -9.701
1149 -47 -16.5 -13 -11 -6 -6 -6 -10.091
1159 -42 -16.5 -13 -11 -6 -6 -6 -10.001
1169 -30 -16.5 -13 -11 -6 -6 -6 -10.157
1179 -47 -16.5 -13 -11 -6 -6 -6 -10.196
1189 -43 -16.5 -13 -11 -6 -6 -6 -10.134
1199 -40 -16.5 -13 -11 -6 -6 -6 -10.064
1209 -47 -16.5 -13 -10 -6 -6 -6 -10.071
1219 -39 -16.5 -13 -10 -6 -6 -6 -9.925
1229 -48 -16.5 -13 -10 -6 -6 -6 -9.919
1239 -48 -16.5 -13 -10 -6 -6 -6 -10.256
1249 -44 -16.5 -13 -10 -6 -6 -6 -9.875
1259 -39 -16.5 -13 -10 -6 -6 -6 -9.865
1269 -43 -16.5 -13 -10 -6 -6 -6 -10.003
1279 -43 -16.5 -13 -10 -6 -6 -6 -10.063
1289 -43 -16.5 -13 -10 -6 -6 -6 -9.998
1299 -39 -16.5 -13 -10 -6 -6 -6 -9.934
1309 -44 -16.5 -13 -10 -6 -6 -6 -9.956
1319 -44 -16.5 -13 -10 -6 -6 -6 -10.244
1329 -44 -16.5 -13 -10 -6 -6 -6 -10.165
1339 -44 -16.5 -13 -10 -6 -6 -6 -9.979
1349 -47 -16.5 -13 -10 -6 -6 -6 -10.222
1359 -39 -16.5 -13 -10 -6 -6 -6 -9.811
1369 -47 -16.5 -13 -10 -6 -6 -6 -10.35
1379 -43 -16.5 -13 -10 -6 -6 -6 -9.959
1389 -38 -16.5 -13 -10 -6 -6 -6 -9.941
1399 -42 -16.5 -13 -10 -6 -6 -6 -9.793
1409 -40 -16.5 -13 -10 -6 -6 -6 -9.987
1419 -47 -16.5 -13 -10 -6 -6 -6 -9.991
1429 -47 -16.5 -13 -10 -6 -6 -6 -9.987
1439 -43 -16.5 -13 -10 -6 -6 -6 -9.997
1449 -43 -16.5 -13 -10 -6 -6 -6 -10.128
1459 -44 -16.5 -13 -10 -6 -6 -6 -10.118
1469 -48 -16.5 -13 -10 -6 -6 -6 -9.896
1479 -44 -16.5 -13 -10 -6 -6 -6 -10.067
1489 -39 -16.5 -13 -10 -6 -6 -6 -10.198
1499 -44 -16.5 -13 -10 -6 -6 -6 -9.849
1509 -38 -16.5 -13 -10 -6 -6 -6 -9.871
1519 -43 -16.5 -13 -10 -6 -6 -6 -10.113
1529 -42 -16.5 -13 -10 -6 -6 -6 -9.903
1539 -43 -16.5 -13 -10 -6 -6 -6 -9.872
1549 -47 -16.5 -13 -10 -6 -6 -6 -10.109
1559 -38 -16.5 -13 -10 -6 -6 -6 -9.911
1569 -43 -16.5 -13 -11 -6 -6 -6 -10.163
1579 -43 -16.5 -13 -11 -6 -6 -6 -10.097
1589 -43 -16.5 -13 -10 -6 -6 -6 -9.656
1599 -53 -16.5 -13 -10 -6 -6 -6 -9.998
1609 -43 -16.5 -13 -11 -6 -6 -6 -10.234
1619 -48 -16.5 -13 -11 -6 -6 -6 -10.29
1629 -48 -16.5 -13 -10 -6 -6 -6 -10.036
1639 -44 -16.5 -13 -10 -6 -6 -6 -9.985
1649 -40 -16.5 -13 -10 -6 -6 -6 -10.039
1659 -37 -16.5 -13 -10 -6 -6 -6 -9.888
1669 -47 -16.5 -13 -10 -6 -6 -6 -10.023
1679 -47 -16.5 -13 -10 -6 -6 -6 -10.192
1689 -38 -16.5 -13 -10 -6 -6 -6 -9.909
1699 -35 -16.5 -13 -10 -6 -6 -6 -10.063
1709 -47 -16.5 -13 -10 -6 -6 -6 -10.04
1719 -44 -16.5 -13 -10 -6 -6 -6 -10.062
1729 -43 -16.5 -13 -10 -6 -6 -6 -9.961
1739 -44 -16.5 -13 -10 -6 -6 -6 -9.957
1749 -48 -16.5 -13 -10 -6 -6 -6 -9.805
1759 -31 -16.5 -13 -10 -6 -6 -6 -10.06
1769 -43 -16.5 -13 -10 -6 -6 -6 -10.031
1779 -44 -16.5 -13 -10 -6 -6 -6 -9.957
1789 -44 -16.5 -13 -10 -6 -6 -6 -10.255
1799 -47 -16.5 -13 -10 -6 -6 -6 -10.258
1809 -26 -16.5 -13 -10 -6 -6 -6 -10.061
1819 -44 -16.5 -13 -10 -6 -6 -6 -9.987
1829 -44 -16.5 -13 -11 -6 -6 -6 -10.175
1839 -47 -16.5 -13 -11 -6 -6 -6 -10.134
1849 -43 -16.5 -13 -10 -6 -6 -6 -10.089
1859 -42 -16.5 -13 -11 -6 -6 -6 -9.894
1869 -32 -16.5 -13 -11 -6 -6 -6 -10.083
1879 -43 -16.5 -13 -10 -6 -6 -6 -9.869
1889 -43 -16.5 -13 -10 -6 -6 -6 -9.884
1899 -39 -16.5 -13 -10 -6 -6 -6 -9.881
1909 -40 -16.5 -13 -10 -6 -6 -6 -10.029
1919 -43 -16.5 -13 -10 -6 -6 -6 -10.256
1929 -48 -16.5 -13 -10 -6 -6 -6 -10.11
1939 -34 -16.5 -13 -10 -6 -6 -6 -10.042
1949 -40 -16.5 -13 -10 -6 -6 -6 -10.071
1959 -43 -16.5 -13 -10 -6 -6 -6 -9.908
1969 -43 -16.5 -13 -10 -6 -6 -6 -9.936
1979 -44 -16.5 -13 -10 -6 -6 -6 -10.199
1989 -38 -16.5 -13 -10 -6 -6 -6 -9.804
1999 -44 -16.5 -13 -10 -6 -6 -6 -9.977
2009 -43 -16.5 -13 -10 -6 -6 -6 -9.993
2019 -48 -16.5 -13 -10 -6 -6 -6 -10.102
2029 -43 -16.5 -13 -10 -6 -6 -6 -10.04
2039 -48 -16.5 -13 -10 -6 -6 -6 -10.234
2049 -48 -16.5 -13 -10 -6 -6 -6 -10.136
2059 -47 -16.5 -13 -10 -6 -6 -6 -10.069
2069 -48 -16.5 -13 -10 -6 -6 -6 -9.875
2079 -48 -16.5 -13 -10 -6 -6 -6 -10.266
2089 -48 -16.5 -13 -10 -6 -6 -6 -10.213
2099 -43 -16.5 -13 -10 -6 -6 -6 -9.911
2109 -47 -16.5 -13 -10 -6 -6 -6 -9.982
2119 -39 -16.5 -13 -10 -6 -6 -6 -9.903
2129 -44 -16.5 -13 -10 -6 -6 -6 -10.097
2139 -39 -16.5 -13 -10 -6 -6 -6 -9.985
2149 -39 -16.5 -13 -10 -6 -6 -6 -10.007
2159 -42 -16.5 -13 -10 -6 -6 -6 -9.968
2169 -44 -16.5 -13 -10 -6 -6 -6 -10.09
2179 -44 -16.5 -13 -10 -6 -6 -6 -9.961
2189 -43 -16.5 -13 -10 -6 -6 -6 -9.994
2199 -48 -16.5 -13 -10 -6 -6 -6 -10.192
2209 -47 -16.5 -13 -10 -6 -6 -6 -9.806
2219 -43 -16.5 -13 -10 -6 -6 -6 -10.018
2229 -48 -16.5 -13 -10 -6 -6 -6 -10.197
2239 -40 -16.5 -13 -10 -6 -6 -6 -9.869
2249 -44 -16.5 -13 -10 -6 -6 -6 -9.775
2259 -44 -16.5 -13 -10 -6 -6 -6 -10.047
2269 -44 -16.5 -13 -10 -6 -6 -6 -10.083
2279 -43 -16.5 -13 -10 -6 -6 -6 -9.706
2289 -63 -16.5 -13 -8 -6 -6 -6 -10.233
2299 -54 -16.5 -13 -8 -6 -6 -6 -10.013
2309 -53 -16.5 -13 -8 -6 -6 -6 -10.184
2319 -43 -16.5 -13 -8 -6 -6 -6 -10.115
2329 -39 -15.5 -13 -8 -8 -6 -6 -10.206
2339 -41 -16.5 -13 -8 -6 -6 -6 -9.742
2349 -45 -16.5 -13 -8 -6 -6 -6 -10.049
2359 -46 -16.5 -13 -8 -6 -6 -6 -9.877
2369 -57 -16.5 -13 -8 -6 -6 -6 -10.008
2379 -47 -16.5 -13 -8 -6 -6 -6 -9.758
2389 -48 -16.5 -13 -8 -6 -6 -6 -9.76
2399 -48 -16.5 -13 -8 -6 -6 -6 -9.929
2409 -47 -16.5 -13 -8 -6 -6 -6 -9.944
2419 -48 -16.5 -13 -8 -6 -6 -6 -10.06
2429 -47 -16.5 -13 -8 -6 -6 -6 -9.772
2439 -44 -16.5 -13 -8 -6 -6 -6 -9.679
2449 -44 -16.5 -13 -8 -6 -6 -6 -9.827
2459 -43 -15.5 -13 -8 -8 -6 -6 -10.194
2469 -51 -16.5 -13 -8 -6 -6 -6 -10.138
2479 -44 -16.5 -13 -8 -6 -6 -6 -9.983
2489 -53 -16.5 -13 -8 -6 -6 -6 -9.903
2499 -59 -16.5 -13 -8 -6 -6 -6 -9.886
2509 -44 -16.5 -13 -8 -6 -6 -6 -9.836
2519 -43 -16.5 -13 -8 -6 -6 -6 -10.061
2529 -43 -16.5 -13 -8 -6 -6 -6 -9.933
2539 -47 -16.5 -13 -8 -6 -6 -6 -10.148
2549 -44 -16.5 -13 -8 -6 -6 -6 -10.03
2559 -43 -16.5 -13 -8 -6 -6 -6 -10.104
2569 -44 -16.5 -13 -8 -6 -6 -6 -9.858
2579 -44 -16.5 -13 -8 -6 -6 -6 -10.16
2589 -43 -16.5 -13 -8 -6 -6 -6 -10.03
2599 -47 -16.5 -13 -8 -6 -6 -6 -10.062
2609 -44 -16.5 -13 -8 -6 -6 -6 -10.343
2619 -40 -16.5 -13 -8 -6 -6 -6 -9.751
2629 -55 -16.5 -13 -8 -6 -6 -6 -9.894
2639 -38 -16.5 -13 -8 -6 -6 -6 -9.599
2649 -48 -16.5 -13 -8 -6 -6 -6 -10.096
2659 -47 -16.5 -13 -8 -6 -6 -6 -10.01
2669 -44 -16.5 -13 -8 -6 -6 -6 -9.808
2679 -44 -16.5 -13 -8 -6 -6 -6 -9.99
2689 -59 -16.5 -13 -8 -6 -6 -6 -10.254
2699 -58 -16.5 -13 -8 -6 -6 -6 -10.109
2709 -59 -16.5 -13 -8 -6 -6 -6 -10.091
2719 -53 -16.5 -13 -8 -6 -6 -6 -10.015
2729 -53 -16.5 -13 -8 -6 -6 -6 -10.039
2739 -46 -16.5 -13 -8 -6 -6 -6 -9.991
2749 -53 -16.5 -13 -8 -6 -6 -6 -10.073
2759 -53 -16.5 -13 -8 -6 -6 -6 -9.904
2769 -53 -16.5 -13 -8 -6 -6 -6 -10.15
2779 -54 -16.5 -13 -8 -6 -6 -6 -9.988
2789 -58 -16.5 -13 -8 -6 -6 -6 -9.891
2799 -59 -16.5 -13 -8 -6 -6 -6 -10.255
2809 -54 -16.5 -13 -8 -6 -6 -6 -10.12
2819 -63 -16.5 -13 -8 -6 -6 -6 -9.882
2829 -62 -16.5 -13 -8 -6 -6 -6 -9.935
2839 -58 -16.5 -13 -8 -6 -6 -6 -10.01
2849 -53 -16.5 -13 -8 -6 -6 -6 -10.051
2859 -57 -16.5 -13 -8 -6 -6 -6 -10.249
2869 -54 -16.5 -13 -8 -6 -6 -6 -9.995
2879 -53 -16.5 -13 -8 -6 -6 -6 -9.939
2889 -54 -16.5 -13 -8 -6 -6 -6 -10.055
2899 -45 -16.5 -13 -8 -6 -6 -6 -10.129
2909 -52 -16.5 -13 -8 -6 -6 -6 -10.048
2919 -49 -16.5 -13 -8 -6 -6 -6 -9.949
2929 -48 -16.5 -13 -8 -6 -6 -6 -10.068
2939 -49 -16.5 -13 -8 -6 -6 -6 -9.722
2949 -62 -16.5 -13 -8 -6 -6 -6 -10.038
2959 -48 -16.5 -13 -8 -6 -6 -6 -9.831
2969 -58 -16.5 -13 -8 -6 -6 -6 -9.94
2979 -63 -16.5 -13 -8 -6 -6 -6 -9.983
2989 -48 -16.5 -13 -8 -6 -6 -6 -10.158
2999 -26 -16.5 -13 -8 -6 -6 -6 -9.878
3009 -48 -16.5 -13 -8 -6 -6 -6 -9.837
3019 -48 -16.5 -13 -8 -6 -6 -6 -9.994
3029 -62 -16.5 -13 -8 -6 -6 -6 -10.187
3039 -63 -16.5 -13 -8 -6 -6 -6 -10.155
3049 -58 -16.5 -13 -8 -6 -6 -6 -10.052
3059 -48 -16.5 -13 -8 -6 -6 -6 -9.601
3069 -58 -16.5 -13 -8 -6 -6 -6 -9.759
3079 -63 -16.5 -13 -8 -6 -6 -6 -10.073
3089 -35 -16.5 -13 -9 -6 -6 -6 -9.896
3099 -44 -16.5 -13 -10 -6 -6 -6 -10.272
3109 -39 -16.5 -13 -9 -6 -6 -6 -10.153
3119 -42 -16.5 -13 -8 -6 -6 -6 -9.732
3129 -44 -16.5 -13 -8 -6 -6 -6 -9.951
3139 -44 -16.5 -13 -9 -6 -6 -6 -9.827
3149 -40 -16.5 -13 -9 -6 -6 -6 -9.883
3159 -35 -16.5 -13 -9 -6 -6 -6 -9.83
3169 -48 -16.5 -13 -8 -6 -6 -6 -9.749
3179 -43 -16.5 -13 -9 -6 -6 -6 -9.765
3189 -44 -16.5 -13 -8 -6 -6 -6 -9.661
3199 -52 -16.5 -13 -8 -6 -6 -6 -9.857
3209 -48 -16.5 -13 -8 -6 -6 -6 -9.558
3219 -48 -16.5 -13 -8 -6 -6 -6 -9.877
3229 -49 -16.5 -13 -8 -6 -6 -6 -9.672
3239 -59 -16.5 -13 -8 -6 -6 -6 -9.892
3249 -58 -16.5 -13 -8 -6 -6 -6 -10.235
3259 -54 -16.5 -13 -8 -6 -6 -6 -9.998
3269 -44 -16.5 -13 -8 -6 -6 -6 -10.132
3279 -32 -16.5 -13 -8 -6 -6 -6 -9.991
3289 -55 -16.5 -13 -8 -6 -6 -6 -10.055
3299 -49 -16 -13 -8 -7 -6 -6 -10.24
3309 -62 -16.5 -13 -8 -6 -6 -6 -9.967
3319 -59 -16.5 -13 -8 -6 -6 -6 -10.223
3329 -59 -16.5 -13 -8 -6 -6 -6 -10.091
3339 -59 -16.5 -13 -8 -6 -6 -6 -9.834
3349 -44 -16.5 -13 -8 -6 -6 -6 -9.9
3359 -58 -16.5 -13 -13 -6 -6 -6 -10.515
3369 -62 -16.5 -13 -8 -6 -6 -6 -9.92
3379 -59 -16.5 -13 -9 -6 -6 -6 -10.305
3389 -62 -16.5 -13 -9 -6 -6 -6 -9.826
3399 -58 -16.5 -13 -9 -6 -6 -6 -9.526
3409 -62 -16.5 -13 -8 -6 -6 -6 -9.801
3419 -58 -16.5 -13 -8 -6 -6 -6 -9.721
3429 -59 -16.5 -13 -8 -6 -6 -6 -9.577
3439 -54 -16.5 -13 -8 -6 -6 -6 -9.73
3449 -59 -16.5 -13 -8 -6 -6 -6 -9.989
3459 -57 -16.5 -13 -8 -6 -6 -6 -10.167
3469 -29 -16.5 -13 -8 -6 -6 -6 -9.546
3479 -59 -16.5 -13 -8 -6 -6 -6 -9.893
3489 -58 -16.5 -13 -8 -6 -6 -6 -9.953
3499 -59 -16.5 -13 -8 -6 -6 -6 -10.148
3509 -47 -16.5 -13 -8 -6 -6 -6 -9.675
3519 -43 -16.5 -13 -8 -6 -6 -6 -9.519
3529 -58 -16.5 -13 -9 -6 -6 -6 -9.896
3539 -57 -16.5 -13 -9 -6 -6 -6 -10.234
3549 -58 -16.5 -13 -9 -6 -6 -6 -10.006
3559 -54 -16.5 -13 -9 -6 -6 -6 -9.829
3569 -57 -16.5 -13 -9 -6 -6 -6 -9.675
3579 -47 -16.5 -13 -9 -6 -6 -6 -9.833
3589 -47 -16.5 -13 -8 -6 -6 -6 -9.723
3599 -42 -16.5 -13 -8 -6 -6 -6 -9.689
3609 -42 -16.5 -13 -9 -6 -6 -6 -9.897
3619 -43 -16.5 -13 -8 -6 -6 -6 -9.924
3629 -53 -16.5 -13 -8 -6 -6 -6 -9.544
3639 -55 -16.5 -13 -9 -6 -6 -6 -9.922
3649 -58 -16.5 -13 -9 -6 -6 -6 -10.022
3659 -63 -16.5 -13 -9 -6 -6 -6 -10.118
3669 -59 -16.5 -13 -9 -6 -6 -6 -9.825
3679 -62 -16.5 -13 -9 -6 -6 -6 -10.054
3689 -59 -16.5 -13 -9 -6 -6 -6 -10.253
3699 -62 -16.5 -13 -9 -6 -6 -6 -9.888
3709 -58 -16.5 -13 -9 -6 -6 -6 -10.125
3719 -63 -16.5 -13 -9 -6 -6 -6 -9.991
3729 -63 -16.5 -13 -9 -6 -6 -6 -9.881
3739 -62 -16.5 -13 -9 -6 -6 -6 -10.525
3749 -55 -16.5 -13 -9 -6 -6 -6 -9.787
3759 -63 -16.5 -13 -9 -6 -6 -6 -10.363
3769 -62 -16.5 -13 -9 -6 -6 -6 -10.147
3779 -63 -16.5 -13 -9 -6 -6 -6 -10.388
3789 -55 -16.5 -13 -9 -6 -6 -6 -9.979
3799 -63 -16.5 -13 -8 -6 -6 -6 -9.939
3809 -58 -16.5 -13 -8 -6 -6 -6 -10.158
3819 -57 -16.5 -13 -8 -6 -6 -6 -10.053
3829 -58 -16.5 -13 -8 -6 -6 -6 -9.854
3839 -59 -16.5 -13 -8 -6 -6 -6 -10.224
3849 -59 -16.5 -13 -8 -6 -6 -6 -9.747
3859 -63 -16.5 -13 -8 -6 -6 -6 -9.842
3869 -58 -16.5 -13 -8 -6 -6 -6 -9.935
3879 -59 -16.5 -13 -8 -6 -6 -6 -10.043
3889 -63 -16.5 -13 -8 -6 -6 -6 -9.946
3899 -59 -16.5 -13 -8 -6 -6 -6 -10.052
3909 -55 -16.5 -13 -8 -6 -6 -6 -9.787
3919 -53 -16.5 -13 -8 -6 -6 -6 -9.828
3929 -63 -16.5 -13 -8 -6 -6 -6 -10.239
3939 -55 -16.5 -13 -8 -6 -6 -6 -9.7
3949 -63 -16.5 -13 -8 -6 -6 -6 -9.839
3959 -58 -16.5 -13 -8 -6 -6 -6 -9.819
3969 -55 -16.5 -13 -8 -6 -6 -6 -9.651
3979 -59 -16.5 -13 -8 -6 -6 -6 -9.702
3989 -45 -16.5 -13 -8 -6 -6 -6 -9.59
3999 -53 -16.5 -13 -8 -6 -6 -6 -9.616
4009 -58 -16.5 -13 -8 -6 -6 -6 -9.654
4019 -63 -16.5 -13 -8 -6 -6 -6 -10.154
4029 -58 -16.5 -13 -13 -6 -6 -6 -10.642
4039 -58 -16.5 -13 -8 -6 -6 -6 -10.029
4049 -58 -16.5 -13 -8 -6 -6 -6 -9.483
4059 -59 -16.5 -13 -8 -6 -6 -6 -9.881
4069 -63 -16.5 -13 -9 -6 -6 -6 -9.911
4079 -63 -16.5 -13 -9 -6 -6 -6 -10.024
4089 -58 -16.5 -13 -8 -6 -6 -6 -9.752
4099 -54 -16.5 -13 -9 -6 -6 -6 -9.915
4109 -55 -16 -13 -9 -7 -6 -6 -10.243
4119 -62 -16.5 -13 -9 -6 -6 -6 -9.955
4129 -26 -16.5 -13 -9 -6 -6 -6 -10.09
4139 -59 -16.5 -13 -9 -6 -6 -6 -9.956
4149 -62 -16.5 -13 -9 -6 -6 -6 -10.091
4159 -63 -16.5 -13 -9 -6 -6 -6 -9.909
4169 -59 -16.5 -13 -9 -6 -6 -6 -9.921
4179 -58 -16.5 -13 -8 -6 -6 -6 -10.011
4189 -57 -16.5 -13 -8 -6 -6 -6 -9.622
4199 -54 -16.5 -13 -8 -6 -6 -6 -9.97
4209 -54 -16.5 -13 -8 -6 -6 -6 -9.956
4219 -58 -16.5 -13 -8 -6 -6 -6 -9.775
4229 -45 -16.5 -13 -8 -6 -6 -6 -9.909
4239 -58 -16.5 -13 -8 -6 -6 -6 -10.183
4249 -58 -16.5 -13 -8 -6 -6 -6 -9.969
4259 -58 -16.5 -13 -8 -6 -6 -6 -9.71
4269 -59 -16.5 -13 -8 -6 -6 -6 -9.918
4279 -63 -16.5 -13 -8 -6 -6 -6 -9.824
4289 -63 -16.5 -13 -8 -6 -6 -6 -9.959
4299 -62 -16.5 -13 -8 -6 -6 -6 -9.819
4309 -59 -16.5 -13 -8 -6 -6 -6 -9.653
4319 -53 -16.5 -13 -9 -6 -6 -6 -10
4329 -58 -16.5 -13 -9 -6 -6 -6 -10.225
4339 -43 -16.5 -13 -9 -6 -6 -6 -10.062
4349 -63 -16 -13 -9 -7 -6 -6 -10.097
4359 -58 -16.5 -13 -8 -6 -6 -6 -10.098
4369 -44 -16.5 -13 -8 -6 -6 -6 -9.848
4379 -62 -16.5 -13 -9 -6 -6 -6 -10.076
4389 -54 -16.5 -13 -8 -6 -6 -6 -10.053
4399 -63 -16.5 -13 -8 -6 -6 -6 -9.878
4409 -58 -16.5 -13 -8 -6 -6 -6 -10.042
4419 -63 -16.5 -13 -9 -6 -6 -6 -10.188
4429 -24 -16.5 -13 -8 -6 -6 -6 -9.785
4439 -63 -16.5 -13 -8 -6 -6 -6 -10.126
4449 -27 -16.5 -13 -8 -6 -6 -6 -9.909
4459 -57 -16.5 -13 -8 -6 -6 -6 -9.778
4469 -55 -16.5 -13 -8 -6 -6 -6 -9.712
4479 -63 -16.5 -13 -9 -6 -6 -6 -9.97
4489 -58 -16.5 -13 -9 -6 -6 -6 -9.901
4499 -53 -16.5 -13 -8 -6 -6 -6 -9.915
4509 -59 -16 -13 -8 -7 -6 -6 -10.026
4519 -58 -16.5 -13 -9 -6 -6 -6 -10.226
4529 -63 -16.5 -13 -8 -6 -6 -6 -9.882
4539 -58 -16.5 -13 -8 -6 -6 -6 -9.814
4549 -58 -16.5 -13 -9 -6 -6 -6 -9.931
4559 -58 -16.5 -13 -8 -6 -6 -6 -9.916
4569 -58 -16.5 -13 -8 -6 -6 -6 -9.947
4579 -62 -16.5 -13 -8 -6 -6 -6 -9.753
4589 -65 -16.5 -13 -8 -6 -6 -6 -9.809
4599 -63 -16.5 -13 -8 -6 -6 -6 -9.984
4609 -58 -16.5 -13 -8 -6 -6 -6 -9.822
4619 -63 -16.5 -13 -8 -6 -6 -6 -9.881
4629 -57 -16.5 -13 -8 -6 -6 -6 -10.128
4639 -58 -16.5 -13 -8 -6 -6 -6 -9.948
4649 -58 -16.5 -13 -8 -6 -6 -6 -9.936
4659 -59 -16.5 -13 -8 -6 -6 -6 -9.555
4669 -63 -16.5 -13 -8 -6 -6 -6 -9.906
4679 -59 -16.5 -13 -8 -6 -6 -6 -9.88
4689 -62 -16.5 -13 -8 -6 -6 -6 -10.021
4699 -26 -16.5 -13 -8 -6 -6 -6 -9.632
4709 -54 -16.5 -13 -8 -6 -6 -6 -9.828
4719 -58 -16.5 -13 -8 -6 -6 -6 -9.93
4729 -63 -16.5 -13 -8 -6 -6 -6 -10.093
4739 -63 -16.5 -13 -8 -6 -6 -6 -9.934
4749 -45 -16.5 -13 -8 -6 -6 -6 -9.777
4759 -54 -16.5 -13 -8 -6 -6 -6 -9.84
4769 -45 -16.5 -13 -8 -6 -6 -6 -9.903
4779 -55 -16.5 -13 -8 -6 -6 -6 -9.996
4789 -57 -16.5 -13 -8 -6 -6 -6 -10.046
4799 -26 -16.5 -13 -8 -6 -6 -6 -10.034
4809 -52 -16.5 -13 -8 -6 -6 -6 -9.681
4819 -58 -16.5 -13 -8 -6 -6 -6 -9.895
4829 -58 -16.5 -13 -8 -6 -6 -6 -9.923
4839 -58 -16.5 -13 -8 -6 -6 -6 -9.867
4849 -62 -16.5 -13 -8 -6 -6 -6 -10.167
4859 -53 -16.5 -13 -8 -6 -6 -6 -9.867
4869 -49 -16.5 -13 -8 -6 -6 -6 -9.672
4879 -57 -16.5 -13 -8 -6 -6 -6 -9.979
4889 -53 -16.5 -13 -8 -6 -6 -6 -9.875
4899 -63 -16.5 -13 -8 -6 -6 -6 -9.996
4909 -53 -16.5 -13 -8 -6 -6 -6 -9.759
4919 -54 -16.5 -13 -8 -6 -6 -6 -9.865
4929 -49 -16.5 -13 -8 -6 -6 -6 -9.676
4939 -53 -16.5 -13 -8 -6 -6 -6 -9.636
4949 -49 -16.5 -13 -8 -6 -6 -6 -9.659
4959 -58 -16.5 -13 -8 -6 -6 -6 -9.825
4969 -58 -16 -13 -8 -7 -6 -6 -10.011
4979 -53 -16.5 -13 -8 -6 -6 -6 -9.658
4989 -58 -16.5 -13 -8 -6 -6 -6 -9.72
4999 -58 -16.5 -13 -8 -6 -6 -6 -10.123
